[UEDRS] [00:00:19] Mode: ABSOLUTE STRATIFIED_USER
[UEDRS] [00:00:19] Tag:  LENSKIT:IMPLICIT_MF
[UEDRS] [00:00:19] Tool: LENSKIT
[UEDRS] [00:00:19] Algorithm: IMPLICIT_MF
[UEDRS] [00:00:19] Datasets: MOVIELENS, MUSIC4ALL, NETFLIX, YAHOO, GOODREADS, LASTFM
[UEDRS] [00:00:19] Sizes: [25000000, 50000000, 75000000, 100000000]

[UEDRS] [00:00:19] Desired size: 25000000
[UEDRS] [00:00:19] Dataset: MOVIELENS
[UEDRS] [00:00:19] Loading
[UEDRS] [00:00:22] Loading done
[UEDRS] [00:00:22] Memory Usage: RSS = 1927.00 MB, VMS = 7787.13 MB
[UEDRS] [00:00:02] Elapsed
[UEDRS] [00:00:22] Sampling
[UEDRS] [00:00:34] Sampling done, obtained size: 25000000
[UEDRS] [00:00:34] Memory Usage: RSS = 2300.64 MB, VMS = 8158.73 MB
[UEDRS] [00:00:11] Elapsed
[UEDRS] [00:00:34] Checking [LENSKIT][IMPLICIT_MF][MOVIELENS][25m]
[UEDRS] [00:00:34] Skipping (0.14)
[UEDRS] [00:00:34] Memory Usage: RSS = 2300.64 MB, VMS = 8158.73 MB
[UEDRS] [00:00:34] Releasing dataframe from memory
[UEDRS] [00:00:34] Memory Usage: RSS = 1919.16 MB, VMS = 7777.25 MB
[UEDRS] [00:00:34] Dataset: MUSIC4ALL
[UEDRS] [00:00:34] Loading
[UEDRS] [00:00:39] Loading done
[UEDRS] [00:00:39] Memory Usage: RSS = 3551.02 MB, VMS = 10382.44 MB
[UEDRS] [00:00:05] Elapsed
[UEDRS] [00:00:39] Sampling
[UEDRS] [00:00:52] Sampling done, obtained size: 25000000
[UEDRS] [00:00:52] Memory Usage: RSS = 3191.72 MB, VMS = 10022.47 MB
[UEDRS] [00:00:13] Elapsed
[UEDRS] [00:00:52] Checking [LENSKIT][IMPLICIT_MF][MUSIC4ALL][25m]
[UEDRS] [00:00:52] Skipping (0.014)
[UEDRS] [00:00:52] Memory Usage: RSS = 3191.72 MB, VMS = 10022.47 MB
[UEDRS] [00:00:52] Releasing dataframe from memory
[UEDRS] [00:00:52] Memory Usage: RSS = 2807.29 MB, VMS = 9638.00 MB
[UEDRS] [00:00:52] Dataset: NETFLIX
[UEDRS] [00:00:52] Loading
[UEDRS] [00:00:57] Loading done
[UEDRS] [00:00:57] Memory Usage: RSS = 3998.63 MB, VMS = 13864.61 MB
[UEDRS] [00:00:04] Elapsed
[UEDRS] [00:00:57] Sampling
[UEDRS] [00:01:31] Sampling done, obtained size: 25000000
[UEDRS] [00:01:31] Memory Usage: RSS = 3446.50 MB, VMS = 13312.79 MB
[UEDRS] [00:00:34] Elapsed
[UEDRS] [00:01:31] Checking [LENSKIT][IMPLICIT_MF][NETFLIX][25m]
[UEDRS] [00:01:31] Skipping (0.029)
[UEDRS] [00:01:31] Memory Usage: RSS = 3446.50 MB, VMS = 13312.79 MB
[UEDRS] [00:01:31] Releasing dataframe from memory
[UEDRS] [00:01:31] Memory Usage: RSS = 3255.77 MB, VMS = 13122.05 MB
[UEDRS] [00:01:31] Dataset: YAHOO
[UEDRS] [00:01:31] Loading
[UEDRS] [00:01:35] Loading done
[UEDRS] [00:01:35] Memory Usage: RSS = 3900.06 MB, VMS = 14486.05 MB
[UEDRS] [00:00:04] Elapsed
[UEDRS] [00:01:35] Sampling
[UEDRS] [00:02:41] Sampling done, obtained size: 25000000
[UEDRS] [00:02:41] Memory Usage: RSS = 4266.86 MB, VMS = 14853.95 MB
[UEDRS] [00:01:05] Elapsed
[UEDRS] [00:02:41] Checking [LENSKIT][IMPLICIT_MF][YAHOO][25m]
[UEDRS] [00:02:41] Skipping (0.021)
[UEDRS] [00:02:41] Memory Usage: RSS = 4266.86 MB, VMS = 14853.95 MB
[UEDRS] [00:02:41] Releasing dataframe from memory
[UEDRS] [00:02:41] Memory Usage: RSS = 4075.13 MB, VMS = 14662.21 MB
[UEDRS] [00:02:41] Dataset: GOODREADS
[UEDRS] [00:02:41] Loading
[UEDRS] [00:02:43] Loading done
[UEDRS] [00:02:43] Memory Usage: RSS = 6272.33 MB, VMS = 15558.21 MB
[UEDRS] [00:00:01] Elapsed
[UEDRS] [00:02:43] Sampling
[UEDRS] [00:03:24] Sampling done, obtained size: 25000000
[UEDRS] [00:03:24] Memory Usage: RSS = 6464.06 MB, VMS = 15749.95 MB
[UEDRS] [00:00:41] Elapsed
[UEDRS] [00:03:24] Checking [LENSKIT][IMPLICIT_MF][GOODREADS][25m]
[UEDRS] [00:03:24] Starting
[UEDRS] [02:59:56] Finished (0.0074)
[UEDRS] [02:59:56] Memory Usage: RSS = 4233.73 MB, VMS = 20210.39 MB
[UEDRS] [02:56:31] Elapsed

[UEDRS] [02:59:56] Memory Usage: RSS = 4233.73 MB, VMS = 20210.39 MB
[UEDRS] [02:59:56] Releasing dataframe from memory
[UEDRS] [02:59:56] Memory Usage: RSS = 3989.84 MB, VMS = 19965.66 MB
[UEDRS] [02:59:56] Dataset: LASTFM
[UEDRS] [02:59:56] Loading
[UEDRS] [02:59:59] Loading done
[UEDRS] [02:59:59] Memory Usage: RSS = 12116.05 MB, VMS = 24593.66 MB
[UEDRS] [00:00:03] Elapsed
[UEDRS] [02:59:59] Sampling
[UEDRS] [03:00:24] Sampling done, obtained size: 25000000
[UEDRS] [03:00:24] Memory Usage: RSS = 12413.72 MB, VMS = 24879.76 MB
[UEDRS] [00:00:24] Elapsed
[UEDRS] [03:00:24] Checking [LENSKIT][IMPLICIT_MF][LASTFM][25m]
[UEDRS] [03:00:24] Starting
[UEDRS] [05:09:09] Finished (0.001)
[UEDRS] [05:09:09] Memory Usage: RSS = 7212.53 MB, VMS = 22148.76 MB
[UEDRS] [02:08:44] Elapsed

[UEDRS] [05:09:09] Memory Usage: RSS = 7212.53 MB, VMS = 22148.76 MB
[UEDRS] [05:09:09] Releasing dataframe from memory
[UEDRS] [05:09:09] Memory Usage: RSS = 6909.53 MB, VMS = 21845.66 MB
[UEDRS] [05:09:09] Desired size: 50000000
[UEDRS] [05:09:09] Dataset: MOVIELENS
[UEDRS] [05:09:09] Loading
[UEDRS] [05:09:10] Loading done
[UEDRS] [05:09:10] Memory Usage: RSS = 7517.22 MB, VMS = 22087.80 MB
[UEDRS] [00:00:01] Elapsed
[UEDRS] [05:09:10] Sampling
[UEDRS] [05:09:10] Sampling done, obtained size: 32000204
[UEDRS] [05:09:10] Memory Usage: RSS = 7761.54 MB, VMS = 22331.95 MB
[UEDRS] [00:00:00] Elapsed
[UEDRS] [05:09:10] Checking [LENSKIT][IMPLICIT_MF][MOVIELENS][32m]
[UEDRS] [05:09:10] Starting
[UEDRS] [05:20:20] Finished (0.22)
[UEDRS] [05:20:20] Memory Usage: RSS = 9048.19 MB, VMS = 22234.94 MB
[UEDRS] [00:11:09] Elapsed

[UEDRS] [05:20:20] Memory Usage: RSS = 9048.19 MB, VMS = 22234.94 MB
[UEDRS] [05:20:20] Releasing dataframe from memory
[UEDRS] [05:20:20] Memory Usage: RSS = 8532.76 MB, VMS = 21718.65 MB
[UEDRS] [05:20:20] Dataset: MUSIC4ALL
[UEDRS] [05:20:20] Loading
[UEDRS] [05:20:26] Loading done
[UEDRS] [05:20:26] Memory Usage: RSS = 10357.62 MB, VMS = 22481.84 MB
[UEDRS] [00:00:06] Elapsed
[UEDRS] [05:20:26] Sampling
[UEDRS] [05:20:45] Sampling done, obtained size: 50000000
[UEDRS] [05:20:45] Memory Usage: RSS = 10354.71 MB, VMS = 22478.60 MB
[UEDRS] [00:00:18] Elapsed
[UEDRS] [05:20:45] Checking [LENSKIT][IMPLICIT_MF][MUSIC4ALL][50m]
[UEDRS] [05:20:45] Starting
[UEDRS] [05:29:54] Finished (0.034)
[UEDRS] [05:29:54] Memory Usage: RSS = 11785.08 MB, VMS = 24258.60 MB
[UEDRS] [00:09:09] Elapsed

[UEDRS] [05:29:54] Memory Usage: RSS = 11785.08 MB, VMS = 24258.60 MB
[UEDRS] [05:29:54] Releasing dataframe from memory
[UEDRS] [05:29:54] Memory Usage: RSS = 11007.34 MB, VMS = 23480.65 MB
[UEDRS] [05:29:54] Dataset: NETFLIX
[UEDRS] [05:29:54] Loading
[UEDRS] [05:29:59] Loading done
[UEDRS] [05:29:59] Memory Usage: RSS = 11848.14 MB, VMS = 24246.26 MB
[UEDRS] [00:00:04] Elapsed
[UEDRS] [05:29:59] Sampling
[UEDRS] [05:30:41] Sampling done, obtained size: 50000000
[UEDRS] [05:30:41] Memory Usage: RSS = 11461.01 MB, VMS = 23859.12 MB
[UEDRS] [00:00:42] Elapsed
[UEDRS] [05:30:41] Checking [LENSKIT][IMPLICIT_MF][NETFLIX][50m]
[UEDRS] [05:30:41] Starting
[UEDRS] [05:51:11] Finished (0.063)
[UEDRS] [05:51:11] Memory Usage: RSS = 11582.66 MB, VMS = 23954.25 MB
[UEDRS] [00:20:29] Elapsed

[UEDRS] [05:51:11] Memory Usage: RSS = 11582.66 MB, VMS = 23954.25 MB
[UEDRS] [05:51:11] Releasing dataframe from memory
[UEDRS] [05:51:11] Memory Usage: RSS = 11171.61 MB, VMS = 23542.78 MB
[UEDRS] [05:51:11] Dataset: YAHOO
[UEDRS] [05:51:11] Loading
[UEDRS] [05:51:15] Loading done
[UEDRS] [05:51:15] Memory Usage: RSS = 11368.03 MB, VMS = 23541.78 MB
[UEDRS] [00:00:04] Elapsed
[UEDRS] [05:51:15] Sampling
[UEDRS] [05:53:47] Sampling done, obtained size: 50000000
[UEDRS] [05:53:47] Memory Usage: RSS = 11751.29 MB, VMS = 23922.25 MB
[UEDRS] [00:02:31] Elapsed
[UEDRS] [05:53:47] Checking [LENSKIT][IMPLICIT_MF][YAHOO][50m]
[UEDRS] [05:53:47] Starting
[UEDRS] [08:15:41] Finished (0.057)
[UEDRS] [08:15:41] Memory Usage: RSS = 12233.40 MB, VMS = 24497.54 MB
[UEDRS] [02:21:54] Elapsed

[UEDRS] [08:15:41] Memory Usage: RSS = 12233.40 MB, VMS = 24497.54 MB
[UEDRS] [08:15:41] Releasing dataframe from memory
[UEDRS] [08:15:42] Memory Usage: RSS = 11789.43 MB, VMS = 24053.06 MB
[UEDRS] [08:15:42] Dataset: GOODREADS
[UEDRS] [08:15:42] Loading
[UEDRS] [08:15:52] Loading done
[UEDRS] [08:15:52] Memory Usage: RSS = 12203.71 MB, VMS = 24051.06 MB
[UEDRS] [00:00:10] Elapsed
[UEDRS] [08:15:52] Sampling
[UEDRS] [08:16:36] Sampling done, obtained size: 50000000
[UEDRS] [08:16:36] Memory Usage: RSS = 12326.66 MB, VMS = 24174.14 MB
[UEDRS] [00:00:44] Elapsed
[UEDRS] [08:16:36] Checking [LENSKIT][IMPLICIT_MF][GOODREADS][50m]
[UEDRS] [08:16:36] Starting
[UEDRS] [11:48:56] Finished (0.015)
[UEDRS] [11:48:56] Memory Usage: RSS = 12558.86 MB, VMS = 24315.14 MB
[UEDRS] [03:32:19] Elapsed

[UEDRS] [11:48:56] Memory Usage: RSS = 12558.86 MB, VMS = 24315.14 MB
[UEDRS] [11:48:56] Releasing dataframe from memory
[UEDRS] [11:48:56] Memory Usage: RSS = 12117.12 MB, VMS = 23871.67 MB
[UEDRS] [11:48:56] Dataset: LASTFM
[UEDRS] [11:48:56] Loading
[UEDRS] [11:49:11] Loading done
[UEDRS] [11:49:11] Memory Usage: RSS = 17686.72 MB, VMS = 27539.67 MB
[UEDRS] [00:00:14] Elapsed
[UEDRS] [11:49:11] Sampling
[UEDRS] [11:49:37] Sampling done, obtained size: 50000000
[UEDRS] [11:49:37] Memory Usage: RSS = 18257.95 MB, VMS = 28110.88 MB
[UEDRS] [00:00:26] Elapsed
[UEDRS] [11:49:37] Checking [LENSKIT][IMPLICIT_MF][LASTFM][50m]
[UEDRS] [11:49:37] Starting
