[UEDRS] [00:00:04] starting
[UEDRS] [00:00:04] cpus: 64
[UEDRS] [00:00:04] env variables:
[UEDRS] [00:00:04] OMP_NUM_THREADS: 32
[UEDRS] [00:00:04] MKL_NUM_THREADS: 32
[UEDRS] [00:00:04] OPENBLAS_NUM_THREADS: 32
[UEDRS] [00:00:04] NUMBA_NUM_THREADS: 32


[UEDRS] [00:00:11] loaded
[UEDRS] [00:00:07] elapsed

[UEDRS] [00:00:11] starting with 1 gpus with 4 workers
[UEDRS] [00:15:48] finished
[UEDRS] [00:15:37] elapsed

[UEDRS] [00:15:48] starting with 1 gpus with 8 workers
[UEDRS] [00:31:57] finished
[UEDRS] [00:16:08] elapsed

[UEDRS] [00:31:57] starting with 1 gpus with 16 workers
[UEDRS] [00:48:18] finished
[UEDRS] [00:16:20] elapsed

[UEDRS] [00:48:18] starting with 1 gpus with 32 workers
[UEDRS] [01:04:52] finished
[UEDRS] [00:16:34] elapsed

