[UEDRS] [00:00:08] Mode: ABSOLUTE STRATIFIED_USER
[UEDRS] [00:00:08] Tag:  LENSKIT:IMPLICIT_MF
[UEDRS] [00:00:08] Tool: LENSKIT
[UEDRS] [00:00:08] Algorithm: IMPLICIT_MF
[UEDRS] [00:00:08] Datasets: TMALL, MOVIELENS, MUSIC4ALL, NETFLIX, YAHOO, GOODREADS, LASTFM
[UEDRS] [00:00:08] Sizes: [100000, 250000, 500000, 750000, 1000000, 25000000, 50000000, 75000000, 100000000]

[UEDRS] [00:00:08] Current dataset [TMALL]
[UEDRS] [00:00:08] Loading full dataset
[UEDRS] [00:00:10] Loading done
[UEDRS] [00:00:10] Memory Usage: RSS = 1862.48 MB, VMS = 6578.00 MB
[UEDRS] [00:00:01] Elapsed
[UEDRS] [00:00:10] Sampling for [100000]
[UEDRS] [00:00:27] Sampling done
[UEDRS] [00:00:27] Memory Usage: RSS = 1977.96 MB, VMS = 6690.55 MB
[UEDRS] [00:00:17] Elapsed
[UEDRS] [00:00:27] Checking [LENSKIT][IMPLICIT_MF][TMALL][0m]
[UEDRS] [00:00:27] Starting
2025-12-03 11:47:29 [warning  ] loaded pipeline does not match hash
[UEDRS] [00:05:17] Finished (0.0)
[UEDRS] [00:05:17] Memory Usage: RSS = 2064.66 MB, VMS = 7947.02 MB
[UEDRS] [00:04:50] Elapsed

[UEDRS] [00:05:17] Memory Usage: RSS = 2064.66 MB, VMS = 7947.02 MB
[UEDRS] [00:05:17] Releasing dataframe from memory
[UEDRS] [00:05:17] Memory Usage: RSS = 2051.66 MB, VMS = 7934.02 MB
[UEDRS] [00:05:17] Loading full dataset
[UEDRS] [00:05:18] Loading done
[UEDRS] [00:05:18] Memory Usage: RSS = 2170.83 MB, VMS = 9021.02 MB
[UEDRS] [00:00:00] Elapsed
[UEDRS] [00:05:18] Sampling for [250000]
[UEDRS] [00:05:36] Sampling done
[UEDRS] [00:05:36] Memory Usage: RSS = 2195.80 MB, VMS = 9045.80 MB
[UEDRS] [00:00:17] Elapsed
[UEDRS] [00:05:36] Checking [LENSKIT][IMPLICIT_MF][TMALL][0m]
[UEDRS] [00:05:36] Starting
2025-12-03 11:53:29 [warning  ] loaded pipeline does not match hash
[UEDRS] [00:13:59] Finished (3e-05)
[UEDRS] [00:13:59] Memory Usage: RSS = 1633.77 MB, VMS = 8566.21 MB
[UEDRS] [00:08:22] Elapsed

[UEDRS] [00:13:59] Memory Usage: RSS = 1633.77 MB, VMS = 8566.21 MB
[UEDRS] [00:13:59] Releasing dataframe from memory
[UEDRS] [00:13:59] Memory Usage: RSS = 1618.84 MB, VMS = 8551.21 MB
[UEDRS] [00:13:59] Loading full dataset
[UEDRS] [00:14:00] Loading done
[UEDRS] [00:14:00] Memory Usage: RSS = 2323.64 MB, VMS = 10138.21 MB
[UEDRS] [00:00:00] Elapsed
[UEDRS] [00:14:00] Sampling for [500000]
[UEDRS] [00:14:18] Sampling done
[UEDRS] [00:14:18] Memory Usage: RSS = 2342.69 MB, VMS = 10156.80 MB
[UEDRS] [00:00:18] Elapsed
[UEDRS] [00:14:18] Checking [LENSKIT][IMPLICIT_MF][TMALL][0m]
[UEDRS] [00:14:18] Starting
2025-12-03 12:03:24 [warning  ] loaded pipeline does not match hash
[UEDRS] [00:29:22] Finished (0.00011)
[UEDRS] [00:29:22] Memory Usage: RSS = 2021.96 MB, VMS = 9758.30 MB
[UEDRS] [00:15:03] Elapsed

[UEDRS] [00:29:22] Memory Usage: RSS = 2021.96 MB, VMS = 9758.30 MB
[UEDRS] [00:29:22] Releasing dataframe from memory
[UEDRS] [00:29:22] Memory Usage: RSS = 1994.18 MB, VMS = 9730.30 MB
[UEDRS] [00:29:22] Loading full dataset
[UEDRS] [00:29:22] Loading done
[UEDRS] [00:29:22] Memory Usage: RSS = 2587.30 MB, VMS = 11318.30 MB
[UEDRS] [00:00:00] Elapsed
[UEDRS] [00:29:22] Sampling for [750000]
[UEDRS] [00:29:41] Sampling done
[UEDRS] [00:29:41] Memory Usage: RSS = 2587.09 MB, VMS = 11317.30 MB
[UEDRS] [00:00:18] Elapsed
[UEDRS] [00:29:41] Checking [LENSKIT][IMPLICIT_MF][TMALL][1m]
[UEDRS] [00:29:41] Starting
2025-12-03 12:19:45 [warning  ] loaded pipeline does not match hash
[UEDRS] [00:50:52] Finished (0.00017)
[UEDRS] [00:50:52] Memory Usage: RSS = 2127.36 MB, VMS = 10846.97 MB
[UEDRS] [00:21:11] Elapsed

[UEDRS] [00:50:52] Memory Usage: RSS = 2127.36 MB, VMS = 10846.97 MB
[UEDRS] [00:50:52] Releasing dataframe from memory
[UEDRS] [00:50:52] Memory Usage: RSS = 2099.38 MB, VMS = 10818.97 MB
[UEDRS] [00:50:52] Loading full dataset
[UEDRS] [00:50:53] Loading done
[UEDRS] [00:50:53] Memory Usage: RSS = 2730.09 MB, VMS = 12406.97 MB
[UEDRS] [00:00:00] Elapsed
[UEDRS] [00:50:53] Sampling for [1000000]
[UEDRS] [00:51:11] Sampling done
[UEDRS] [00:51:11] Memory Usage: RSS = 2731.97 MB, VMS = 12408.30 MB
[UEDRS] [00:00:18] Elapsed
[UEDRS] [00:51:11] Checking [LENSKIT][IMPLICIT_MF][TMALL][1m]
[UEDRS] [00:51:11] Starting
2025-12-03 12:42:03 [warning  ] loaded pipeline does not match hash
[UEDRS] [01:18:38] Finished (0.0002)
[UEDRS] [01:18:38] Memory Usage: RSS = 2251.49 MB, VMS = 11957.07 MB
[UEDRS] [00:27:26] Elapsed

[UEDRS] [01:18:38] Memory Usage: RSS = 2251.49 MB, VMS = 11957.07 MB
[UEDRS] [01:18:38] Releasing dataframe from memory
[UEDRS] [01:18:38] Memory Usage: RSS = 2216.50 MB, VMS = 11922.07 MB
[UEDRS] [01:18:38] Loading full dataset
[UEDRS] [01:18:39] Loading done
[UEDRS] [01:18:39] Memory Usage: RSS = 2850.99 MB, VMS = 13510.07 MB
[UEDRS] [00:00:00] Elapsed
[UEDRS] [01:18:39] Sampling for [25000000]
[UEDRS] [01:18:59] Sampling done
[UEDRS] [01:18:59] Memory Usage: RSS = 3407.68 MB, VMS = 14067.26 MB
[UEDRS] [00:00:19] Elapsed
[UEDRS] [01:18:59] Checking [LENSKIT][IMPLICIT_MF][TMALL][24m]
[UEDRS] [01:18:59] Starting
2025-12-03 13:18:51 [warning  ] loaded pipeline does not match hash
[UEDRS] [04:31:36] Finished (0.01316)
[UEDRS] [04:31:36] Memory Usage: RSS = 5752.54 MB, VMS = 19558.91 MB
[UEDRS] [03:12:36] Elapsed

[UEDRS] [04:31:36] Memory Usage: RSS = 5752.54 MB, VMS = 19558.91 MB
[UEDRS] [04:31:36] Releasing dataframe from memory
[UEDRS] [04:31:36] Memory Usage: RSS = 5138.34 MB, VMS = 18944.27 MB
[UEDRS] [04:31:36] Loading full dataset
[UEDRS] [04:31:36] Loading done
[UEDRS] [04:31:36] Memory Usage: RSS = 5181.60 MB, VMS = 18944.27 MB
[UEDRS] [00:00:00] Elapsed
[UEDRS] [04:31:36] Sampling for [50000000]
[UEDRS] [04:31:56] Sampling done
[UEDRS] [04:31:56] Memory Usage: RSS = 5739.30 MB, VMS = 19501.91 MB
[UEDRS] [00:00:19] Elapsed
[UEDRS] [04:31:56] Checking [LENSKIT][IMPLICIT_MF][TMALL][24m]
[UEDRS] [04:31:56] Skipping (0.01316)
[UEDRS] [04:31:56] Memory Usage: RSS = 5739.30 MB, VMS = 19501.91 MB
[UEDRS] [04:31:56] Releasing dataframe from memory
[UEDRS] [04:31:56] Memory Usage: RSS = 5180.66 MB, VMS = 18943.27 MB
[UEDRS] [04:31:56] Loading full dataset
[UEDRS] [04:31:56] Loading done
[UEDRS] [04:31:56] Memory Usage: RSS = 5253.38 MB, VMS = 18943.27 MB
[UEDRS] [00:00:00] Elapsed
[UEDRS] [04:31:56] Sampling for [75000000]
[UEDRS] [04:32:15] Sampling done
[UEDRS] [04:32:15] Memory Usage: RSS = 5810.97 MB, VMS = 19500.91 MB
[UEDRS] [00:00:19] Elapsed
[UEDRS] [04:32:15] Checking [LENSKIT][IMPLICIT_MF][TMALL][24m]
[UEDRS] [04:32:15] Skipping (0.01316)
[UEDRS] [04:32:15] Memory Usage: RSS = 5810.97 MB, VMS = 19500.91 MB
[UEDRS] [04:32:15] Releasing dataframe from memory
[UEDRS] [04:32:15] Memory Usage: RSS = 5253.33 MB, VMS = 18943.27 MB
[UEDRS] [04:32:15] Loading full dataset
[UEDRS] [04:32:16] Loading done
[UEDRS] [04:32:16] Memory Usage: RSS = 5236.40 MB, VMS = 18943.27 MB
[UEDRS] [00:00:00] Elapsed
[UEDRS] [04:32:16] Sampling for [100000000]
[UEDRS] [04:32:35] Sampling done
[UEDRS] [04:32:35] Memory Usage: RSS = 5794.06 MB, VMS = 19500.91 MB
[UEDRS] [00:00:19] Elapsed
[UEDRS] [04:32:35] Checking [LENSKIT][IMPLICIT_MF][TMALL][24m]
[UEDRS] [04:32:35] Skipping (0.01316)
[UEDRS] [04:32:35] Memory Usage: RSS = 5794.06 MB, VMS = 19500.91 MB
[UEDRS] [04:32:35] Releasing dataframe from memory
[UEDRS] [04:32:35] Memory Usage: RSS = 5236.42 MB, VMS = 18943.27 MB
[UEDRS] [04:32:35] Current dataset [MOVIELENS]
[UEDRS] [04:32:35] Loading full dataset
[UEDRS] [04:32:37] Loading done
[UEDRS] [04:32:37] Memory Usage: RSS = 5398.13 MB, VMS = 18943.27 MB
[UEDRS] [00:00:01] Elapsed
[UEDRS] [04:32:37] Sampling for [100000]
[UEDRS] [04:32:43] Sampling done
[UEDRS] [04:32:43] Memory Usage: RSS = 5397.20 MB, VMS = 18942.27 MB
[UEDRS] [00:00:06] Elapsed
[UEDRS] [04:32:43] Checking [LENSKIT][IMPLICIT_MF][MOVIELENS][0m]
[UEDRS] [04:32:43] Starting
2025-12-03 16:19:49 [warning  ] loaded pipeline does not match hash
[UEDRS] [04:37:42] Finished (0.0003)
[UEDRS] [04:37:42] Memory Usage: RSS = 5315.16 MB, VMS = 18900.27 MB
[UEDRS] [00:04:59] Elapsed

[UEDRS] [04:37:42] Memory Usage: RSS = 5315.16 MB, VMS = 18900.27 MB
[UEDRS] [04:37:42] Releasing dataframe from memory
[UEDRS] [04:37:43] Memory Usage: RSS = 5306.22 MB, VMS = 18891.27 MB
[UEDRS] [04:37:43] Loading full dataset
[UEDRS] [04:37:43] Loading done
[UEDRS] [04:37:43] Memory Usage: RSS = 5360.86 MB, VMS = 18891.27 MB
[UEDRS] [00:00:00] Elapsed
[UEDRS] [04:37:43] Sampling for [250000]
[UEDRS] [04:37:50] Sampling done
[UEDRS] [04:37:50] Memory Usage: RSS = 5360.87 MB, VMS = 18891.27 MB
[UEDRS] [00:00:06] Elapsed
[UEDRS] [04:37:50] Checking [LENSKIT][IMPLICIT_MF][MOVIELENS][0m]
[UEDRS] [04:37:50] Starting
2025-12-03 16:25:28 [warning  ] loaded pipeline does not match hash
[UEDRS] [04:43:56] Finished (0.00105)
[UEDRS] [04:43:56] Memory Usage: RSS = 2576.57 MB, VMS = 18850.27 MB
[UEDRS] [00:06:05] Elapsed

[UEDRS] [04:43:56] Memory Usage: RSS = 2576.57 MB, VMS = 18850.27 MB
[UEDRS] [04:43:56] Releasing dataframe from memory
[UEDRS] [04:43:56] Memory Usage: RSS = 2558.67 MB, VMS = 18832.27 MB
[UEDRS] [04:43:56] Loading full dataset
[UEDRS] [04:43:56] Loading done
[UEDRS] [04:43:56] Memory Usage: RSS = 3926.55 MB, VMS = 18832.27 MB
[UEDRS] [00:00:00] Elapsed
[UEDRS] [04:43:56] Sampling for [500000]
[UEDRS] [04:44:03] Sampling done
[UEDRS] [04:44:03] Memory Usage: RSS = 3926.55 MB, VMS = 18832.27 MB
[UEDRS] [00:00:07] Elapsed
[UEDRS] [04:44:03] Checking [LENSKIT][IMPLICIT_MF][MOVIELENS][0m]
[UEDRS] [04:44:03] Starting
2025-12-03 16:32:21 [warning  ] loaded pipeline does not match hash
[UEDRS] [04:51:28] Finished (0.00234)
[UEDRS] [04:51:28] Memory Usage: RSS = 3847.40 MB, VMS = 18874.27 MB
[UEDRS] [00:07:24] Elapsed

[UEDRS] [04:51:28] Memory Usage: RSS = 3847.40 MB, VMS = 18874.27 MB
[UEDRS] [04:51:28] Releasing dataframe from memory
[UEDRS] [04:51:28] Memory Usage: RSS = 3822.46 MB, VMS = 18849.27 MB
[UEDRS] [04:51:28] Loading full dataset
[UEDRS] [04:51:28] Loading done
[UEDRS] [04:51:28] Memory Usage: RSS = 3923.02 MB, VMS = 18849.27 MB
[UEDRS] [00:00:00] Elapsed
[UEDRS] [04:51:28] Sampling for [750000]
[UEDRS] [04:51:35] Sampling done
[UEDRS] [04:51:35] Memory Usage: RSS = 3921.02 MB, VMS = 18847.27 MB
[UEDRS] [00:00:06] Elapsed
[UEDRS] [04:51:35] Checking [LENSKIT][IMPLICIT_MF][MOVIELENS][1m]
[UEDRS] [04:51:35] Starting
2025-12-03 16:40:19 [warning  ] loaded pipeline does not match hash
[UEDRS] [05:00:06] Finished (0.00312)
[UEDRS] [05:00:06] Memory Usage: RSS = 3863.01 MB, VMS = 18887.27 MB
[UEDRS] [00:08:31] Elapsed

[UEDRS] [05:00:06] Memory Usage: RSS = 3863.01 MB, VMS = 18887.27 MB
[UEDRS] [05:00:06] Releasing dataframe from memory
[UEDRS] [05:00:06] Memory Usage: RSS = 3831.10 MB, VMS = 18855.27 MB
[UEDRS] [05:00:06] Loading full dataset
[UEDRS] [05:00:07] Loading done
[UEDRS] [05:00:07] Memory Usage: RSS = 3944.11 MB, VMS = 18855.27 MB
[UEDRS] [00:00:00] Elapsed
[UEDRS] [05:00:07] Sampling for [1000000]
[UEDRS] [05:00:14] Sampling done
[UEDRS] [05:00:14] Memory Usage: RSS = 3942.11 MB, VMS = 18853.27 MB
[UEDRS] [00:00:07] Elapsed
[UEDRS] [05:00:14] Checking [LENSKIT][IMPLICIT_MF][MOVIELENS][1m]
[UEDRS] [05:00:14] Skipping (0.00406)
[UEDRS] [05:00:14] Memory Usage: RSS = 3942.11 MB, VMS = 18853.27 MB
[UEDRS] [05:00:14] Releasing dataframe from memory
[UEDRS] [05:00:14] Memory Usage: RSS = 3940.11 MB, VMS = 18851.27 MB
[UEDRS] [05:00:14] Loading full dataset
[UEDRS] [05:00:14] Loading done
[UEDRS] [05:00:14] Memory Usage: RSS = 4061.25 MB, VMS = 18851.27 MB
[UEDRS] [00:00:00] Elapsed
[UEDRS] [05:00:14] Sampling for [25000000]
[UEDRS] [05:00:22] Sampling done
[UEDRS] [05:00:22] Memory Usage: RSS = 4633.43 MB, VMS = 19423.45 MB
[UEDRS] [00:00:07] Elapsed
[UEDRS] [05:00:22] Checking [LENSKIT][IMPLICIT_MF][MOVIELENS][25m]
[UEDRS] [05:00:22] Skipping (0.14225)
[UEDRS] [05:00:22] Memory Usage: RSS = 4633.43 MB, VMS = 19423.45 MB
[UEDRS] [05:00:22] Releasing dataframe from memory
[UEDRS] [05:00:22] Memory Usage: RSS = 4060.25 MB, VMS = 18850.27 MB
[UEDRS] [05:00:22] Loading full dataset
[UEDRS] [05:00:22] Loading done
[UEDRS] [05:00:22] Memory Usage: RSS = 4056.23 MB, VMS = 18850.27 MB
[UEDRS] [00:00:00] Elapsed
[UEDRS] [05:00:22] Sampling for [50000000]
[UEDRS] [05:00:30] Sampling done
[UEDRS] [05:00:30] Memory Usage: RSS = 4788.66 MB, VMS = 19582.70 MB
[UEDRS] [00:00:07] Elapsed
[UEDRS] [05:00:30] Checking [LENSKIT][IMPLICIT_MF][MOVIELENS][32m]
[UEDRS] [05:00:30] Skipping (0.22143)
[UEDRS] [05:00:30] Memory Usage: RSS = 4788.66 MB, VMS = 19582.70 MB
[UEDRS] [05:00:30] Releasing dataframe from memory
[UEDRS] [05:00:30] Memory Usage: RSS = 4056.23 MB, VMS = 18850.27 MB
[UEDRS] [05:00:30] Loading full dataset
[UEDRS] [05:00:31] Loading done
[UEDRS] [05:00:31] Memory Usage: RSS = 3978.62 MB, VMS = 18850.27 MB
[UEDRS] [00:00:00] Elapsed
[UEDRS] [05:00:31] Sampling for [75000000]
[UEDRS] [05:00:38] Sampling done
[UEDRS] [05:00:38] Memory Usage: RSS = 4711.05 MB, VMS = 19582.70 MB
[UEDRS] [00:00:07] Elapsed
[UEDRS] [05:00:38] Checking [LENSKIT][IMPLICIT_MF][MOVIELENS][32m]
[UEDRS] [05:00:38] Skipping (0.22143)
[UEDRS] [05:00:38] Memory Usage: RSS = 4711.05 MB, VMS = 19582.70 MB
[UEDRS] [05:00:38] Releasing dataframe from memory
[UEDRS] [05:00:39] Memory Usage: RSS = 3978.62 MB, VMS = 18850.27 MB
[UEDRS] [05:00:39] Loading full dataset
[UEDRS] [05:00:39] Loading done
[UEDRS] [05:00:39] Memory Usage: RSS = 3995.98 MB, VMS = 18850.27 MB
[UEDRS] [00:00:00] Elapsed
[UEDRS] [05:00:39] Sampling for [100000000]
[UEDRS] [05:00:47] Sampling done
[UEDRS] [05:00:47] Memory Usage: RSS = 4728.41 MB, VMS = 19582.70 MB
[UEDRS] [00:00:07] Elapsed
[UEDRS] [05:00:47] Checking [LENSKIT][IMPLICIT_MF][MOVIELENS][32m]
[UEDRS] [05:00:47] Skipping (0.22143)
[UEDRS] [05:00:47] Memory Usage: RSS = 4728.41 MB, VMS = 19582.70 MB
[UEDRS] [05:00:47] Releasing dataframe from memory
[UEDRS] [05:00:47] Memory Usage: RSS = 3995.98 MB, VMS = 18850.27 MB
[UEDRS] [05:00:47] Current dataset [MUSIC4ALL]
[UEDRS] [05:00:47] Loading full dataset
[UEDRS] [05:00:52] Loading done
[UEDRS] [05:00:52] Memory Usage: RSS = 5862.59 MB, VMS = 19231.86 MB
[UEDRS] [00:00:05] Elapsed
[UEDRS] [05:00:52] Sampling for [100000]
[UEDRS] [05:00:59] Sampling done
[UEDRS] [05:00:59] Memory Usage: RSS = 5481.05 MB, VMS = 18850.27 MB
[UEDRS] [00:00:06] Elapsed
[UEDRS] [05:00:59] Checking [LENSKIT][IMPLICIT_MF][MUSIC4ALL][0m]
[UEDRS] [05:00:59] Starting
2025-12-03 16:48:05 [warning  ] loaded pipeline does not match hash
[UEDRS] [05:05:58] Finished (0.0001)
[UEDRS] [05:05:58] Memory Usage: RSS = 4822.71 MB, VMS = 18678.27 MB
[UEDRS] [00:04:58] Elapsed

[UEDRS] [05:05:58] Memory Usage: RSS = 4822.71 MB, VMS = 18678.27 MB
[UEDRS] [05:05:58] Releasing dataframe from memory
[UEDRS] [05:05:58] Memory Usage: RSS = 4810.20 MB, VMS = 18665.27 MB
[UEDRS] [05:05:58] Loading full dataset
[UEDRS] [05:06:01] Loading done
[UEDRS] [05:06:01] Memory Usage: RSS = 5713.04 MB, VMS = 19046.86 MB
[UEDRS] [00:00:03] Elapsed
[UEDRS] [05:06:01] Sampling for [250000]
[UEDRS] [05:06:08] Sampling done
[UEDRS] [05:06:08] Memory Usage: RSS = 5330.45 MB, VMS = 18664.27 MB
[UEDRS] [00:00:06] Elapsed
[UEDRS] [05:06:08] Checking [LENSKIT][IMPLICIT_MF][MUSIC4ALL][0m]
[UEDRS] [05:06:08] Starting
2025-12-03 16:53:26 [warning  ] loaded pipeline does not match hash
[UEDRS] [05:11:56] Finished (0.0003)
[UEDRS] [05:11:56] Memory Usage: RSS = 4934.18 MB, VMS = 18701.27 MB
[UEDRS] [00:05:48] Elapsed

[UEDRS] [05:11:56] Memory Usage: RSS = 4934.18 MB, VMS = 18701.27 MB
[UEDRS] [05:11:56] Releasing dataframe from memory
[UEDRS] [05:11:56] Memory Usage: RSS = 4900.31 MB, VMS = 18667.27 MB
[UEDRS] [05:11:56] Loading full dataset
[UEDRS] [05:12:00] Loading done
[UEDRS] [05:12:00] Memory Usage: RSS = 5956.80 MB, VMS = 19047.86 MB
[UEDRS] [00:00:03] Elapsed
[UEDRS] [05:12:00] Sampling for [500000]
[UEDRS] [05:12:06] Sampling done
[UEDRS] [05:12:06] Memory Usage: RSS = 5577.46 MB, VMS = 18666.27 MB
[UEDRS] [00:00:06] Elapsed
[UEDRS] [05:12:06] Checking [LENSKIT][IMPLICIT_MF][MUSIC4ALL][0m]
[UEDRS] [05:12:06] Starting
2025-12-03 16:59:35 [warning  ] loaded pipeline does not match hash
[UEDRS] [05:18:18] Finished (0.00068)
[UEDRS] [05:18:18] Memory Usage: RSS = 5098.13 MB, VMS = 18710.27 MB
[UEDRS] [00:06:11] Elapsed

[UEDRS] [05:18:18] Memory Usage: RSS = 5098.13 MB, VMS = 18710.27 MB
[UEDRS] [05:18:18] Releasing dataframe from memory
[UEDRS] [05:18:19] Memory Usage: RSS = 5061.52 MB, VMS = 18673.27 MB
[UEDRS] [05:18:19] Loading full dataset
[UEDRS] [05:18:22] Loading done
[UEDRS] [05:18:22] Memory Usage: RSS = 5727.44 MB, VMS = 19054.86 MB
[UEDRS] [00:00:03] Elapsed
[UEDRS] [05:18:22] Sampling for [750000]
[UEDRS] [05:18:29] Sampling done
[UEDRS] [05:18:29] Memory Usage: RSS = 5345.85 MB, VMS = 18673.27 MB
[UEDRS] [00:00:06] Elapsed
[UEDRS] [05:18:29] Checking [LENSKIT][IMPLICIT_MF][MUSIC4ALL][1m]
[UEDRS] [05:18:29] Starting
2025-12-03 17:06:05 [warning  ] loaded pipeline does not match hash
[UEDRS] [05:25:15] Finished (0.00084)
[UEDRS] [05:25:15] Memory Usage: RSS = 4865.87 MB, VMS = 18713.27 MB
[UEDRS] [00:06:45] Elapsed

[UEDRS] [05:25:15] Memory Usage: RSS = 4865.87 MB, VMS = 18713.27 MB
[UEDRS] [05:25:15] Releasing dataframe from memory
[UEDRS] [05:25:15] Memory Usage: RSS = 4832.05 MB, VMS = 18679.27 MB
[UEDRS] [05:25:15] Loading full dataset
[UEDRS] [05:25:19] Loading done
[UEDRS] [05:25:19] Memory Usage: RSS = 5692.54 MB, VMS = 19059.86 MB
[UEDRS] [00:00:03] Elapsed
[UEDRS] [05:25:19] Sampling for [1000000]
[UEDRS] [05:25:25] Sampling done
[UEDRS] [05:25:25] Memory Usage: RSS = 5309.96 MB, VMS = 18677.27 MB
[UEDRS] [00:00:06] Elapsed
[UEDRS] [05:25:25] Checking [LENSKIT][IMPLICIT_MF][MUSIC4ALL][1m]
[UEDRS] [05:25:25] Skipping (0.00091)
[UEDRS] [05:25:25] Memory Usage: RSS = 5309.96 MB, VMS = 18677.27 MB
[UEDRS] [05:25:25] Releasing dataframe from memory
[UEDRS] [05:25:26] Memory Usage: RSS = 5307.96 MB, VMS = 18675.27 MB
[UEDRS] [05:25:26] Loading full dataset
[UEDRS] [05:25:29] Loading done
[UEDRS] [05:25:29] Memory Usage: RSS = 5958.55 MB, VMS = 19056.86 MB
[UEDRS] [00:00:03] Elapsed
[UEDRS] [05:25:29] Sampling for [25000000]
[UEDRS] [05:25:37] Sampling done
[UEDRS] [05:25:37] Memory Usage: RSS = 6148.65 MB, VMS = 19246.96 MB
[UEDRS] [00:00:07] Elapsed
[UEDRS] [05:25:37] Checking [LENSKIT][IMPLICIT_MF][MUSIC4ALL][25m]
[UEDRS] [05:25:37] Skipping (0.01274)
[UEDRS] [05:25:37] Memory Usage: RSS = 6148.65 MB, VMS = 19246.96 MB
[UEDRS] [05:25:37] Releasing dataframe from memory
[UEDRS] [05:25:38] Memory Usage: RSS = 5575.97 MB, VMS = 18674.27 MB
[UEDRS] [05:25:38] Loading full dataset
[UEDRS] [05:25:41] Loading done
[UEDRS] [05:25:41] Memory Usage: RSS = 6070.04 MB, VMS = 19055.86 MB
[UEDRS] [00:00:03] Elapsed
[UEDRS] [05:25:41] Sampling for [50000000]
[UEDRS] [05:25:58] Sampling done
[UEDRS] [05:25:58] Memory Usage: RSS = 6832.86 MB, VMS = 19818.68 MB
[UEDRS] [00:00:16] Elapsed
[UEDRS] [05:25:58] Checking [LENSKIT][IMPLICIT_MF][MUSIC4ALL][50m]
[UEDRS] [05:25:58] Skipping (0.03448)
[UEDRS] [05:25:58] Memory Usage: RSS = 6832.86 MB, VMS = 19818.68 MB
[UEDRS] [05:25:58] Releasing dataframe from memory
[UEDRS] [05:25:58] Memory Usage: RSS = 5688.45 MB, VMS = 18674.27 MB
[UEDRS] [05:25:58] Loading full dataset
[UEDRS] [05:26:02] Loading done
[UEDRS] [05:26:02] Memory Usage: RSS = 6065.31 MB, VMS = 19055.86 MB
[UEDRS] [00:00:03] Elapsed
[UEDRS] [05:26:02] Sampling for [75000000]
[UEDRS] [05:26:11] Sampling done
[UEDRS] [05:26:11] Memory Usage: RSS = 6828.50 MB, VMS = 19819.05 MB
[UEDRS] [00:00:08] Elapsed
[UEDRS] [05:26:11] Checking [LENSKIT][IMPLICIT_MF][MUSIC4ALL][50m]
[UEDRS] [05:26:11] Skipping (0.03471)
[UEDRS] [05:26:11] Memory Usage: RSS = 6828.50 MB, VMS = 19819.05 MB
[UEDRS] [05:26:11] Releasing dataframe from memory
[UEDRS] [05:26:11] Memory Usage: RSS = 5683.71 MB, VMS = 18674.27 MB
[UEDRS] [05:26:11] Loading full dataset
[UEDRS] [05:26:15] Loading done
[UEDRS] [05:26:15] Memory Usage: RSS = 5667.81 MB, VMS = 19054.86 MB
[UEDRS] [00:00:03] Elapsed
[UEDRS] [05:26:15] Sampling for [100000000]
[UEDRS] [05:26:23] Sampling done
[UEDRS] [05:26:23] Memory Usage: RSS = 6431.00 MB, VMS = 19818.05 MB
[UEDRS] [00:00:08] Elapsed
[UEDRS] [05:26:23] Checking [LENSKIT][IMPLICIT_MF][MUSIC4ALL][50m]
[UEDRS] [05:26:23] Skipping (0.03471)
[UEDRS] [05:26:23] Memory Usage: RSS = 6431.00 MB, VMS = 19818.05 MB
[UEDRS] [05:26:23] Releasing dataframe from memory
[UEDRS] [05:26:24] Memory Usage: RSS = 5286.21 MB, VMS = 18673.27 MB
[UEDRS] [05:26:24] Current dataset [NETFLIX]
[UEDRS] [05:26:24] Loading full dataset
[UEDRS] [05:26:31] Loading done
[UEDRS] [05:26:31] Memory Usage: RSS = 8302.29 MB, VMS = 21425.27 MB
[UEDRS] [00:00:07] Elapsed
[UEDRS] [05:26:31] Sampling for [100000]
[UEDRS] [05:27:00] Sampling done
[UEDRS] [05:27:00] Memory Usage: RSS = 8302.30 MB, VMS = 21425.27 MB
[UEDRS] [00:00:28] Elapsed
[UEDRS] [05:27:00] Checking [LENSKIT][IMPLICIT_MF][NETFLIX][0m]
[UEDRS] [05:27:00] Starting
2025-12-03 17:14:06 [warning  ] loaded pipeline does not match hash
[UEDRS] [05:32:03] Finished (1e-05)
[UEDRS] [05:32:03] Memory Usage: RSS = 5818.38 MB, VMS = 19123.27 MB
[UEDRS] [00:05:03] Elapsed

[UEDRS] [05:32:03] Memory Usage: RSS = 5818.38 MB, VMS = 19123.27 MB
[UEDRS] [05:32:03] Releasing dataframe from memory
[UEDRS] [05:32:03] Memory Usage: RSS = 5812.41 MB, VMS = 19117.27 MB
[UEDRS] [05:32:03] Loading full dataset
[UEDRS] [05:32:06] Loading done
[UEDRS] [05:32:06] Memory Usage: RSS = 8273.20 MB, VMS = 21420.27 MB
[UEDRS] [00:00:02] Elapsed
[UEDRS] [05:32:06] Sampling for [250000]
[UEDRS] [05:32:33] Sampling done
[UEDRS] [05:32:33] Memory Usage: RSS = 8273.52 MB, VMS = 21420.27 MB
[UEDRS] [00:00:27] Elapsed
[UEDRS] [05:32:33] Checking [LENSKIT][IMPLICIT_MF][NETFLIX][0m]
[UEDRS] [05:32:33] Starting
2025-12-03 17:20:40 [warning  ] loaded pipeline does not match hash
[UEDRS] [05:39:31] Finished (0.00032)
[UEDRS] [05:39:31] Memory Usage: RSS = 5861.46 MB, VMS = 19163.27 MB
[UEDRS] [00:06:57] Elapsed

[UEDRS] [05:39:31] Memory Usage: RSS = 5861.46 MB, VMS = 19163.27 MB
[UEDRS] [05:39:31] Releasing dataframe from memory
[UEDRS] [05:39:31] Memory Usage: RSS = 5841.49 MB, VMS = 19143.27 MB
[UEDRS] [05:39:31] Loading full dataset
[UEDRS] [05:39:33] Loading done
[UEDRS] [05:39:33] Memory Usage: RSS = 8296.32 MB, VMS = 21446.27 MB
[UEDRS] [00:00:02] Elapsed
[UEDRS] [05:39:33] Sampling for [500000]
[UEDRS] [05:40:00] Sampling done
[UEDRS] [05:40:00] Memory Usage: RSS = 8297.10 MB, VMS = 21446.27 MB
[UEDRS] [00:00:27] Elapsed
[UEDRS] [05:40:00] Checking [LENSKIT][IMPLICIT_MF][NETFLIX][0m]
[UEDRS] [05:40:00] Starting
2025-12-03 17:29:21 [warning  ] loaded pipeline does not match hash
[UEDRS] [05:49:13] Finished (0.00106)
[UEDRS] [05:49:13] Memory Usage: RSS = 5863.90 MB, VMS = 19240.27 MB
[UEDRS] [00:09:13] Elapsed

[UEDRS] [05:49:13] Memory Usage: RSS = 5863.90 MB, VMS = 19240.27 MB
[UEDRS] [05:49:13] Releasing dataframe from memory
[UEDRS] [05:49:14] Memory Usage: RSS = 5835.91 MB, VMS = 19212.27 MB
[UEDRS] [05:49:14] Loading full dataset
[UEDRS] [05:49:16] Loading done
[UEDRS] [05:49:16] Memory Usage: RSS = 8280.57 MB, VMS = 21514.27 MB
[UEDRS] [00:00:02] Elapsed
[UEDRS] [05:49:16] Sampling for [750000]
[UEDRS] [05:49:43] Sampling done
[UEDRS] [05:49:43] Memory Usage: RSS = 8281.18 MB, VMS = 21514.27 MB
[UEDRS] [00:00:27] Elapsed
[UEDRS] [05:49:43] Checking [LENSKIT][IMPLICIT_MF][NETFLIX][1m]
[UEDRS] [05:49:43] Starting
2025-12-03 17:40:00 [warning  ] loaded pipeline does not match hash
[UEDRS] [06:00:39] Finished (0.00172)
[UEDRS] [06:00:39] Memory Usage: RSS = 5914.65 MB, VMS = 19240.27 MB
[UEDRS] [00:10:56] Elapsed

[UEDRS] [06:00:39] Memory Usage: RSS = 5914.65 MB, VMS = 19240.27 MB
[UEDRS] [06:00:39] Releasing dataframe from memory
[UEDRS] [06:00:40] Memory Usage: RSS = 5895.53 MB, VMS = 19220.27 MB
[UEDRS] [06:00:40] Loading full dataset
[UEDRS] [06:00:42] Loading done
[UEDRS] [06:00:42] Memory Usage: RSS = 8344.39 MB, VMS = 21523.27 MB
[UEDRS] [00:00:02] Elapsed
[UEDRS] [06:00:42] Sampling for [1000000]
[UEDRS] [06:01:09] Sampling done
[UEDRS] [06:01:09] Memory Usage: RSS = 8343.42 MB, VMS = 21522.27 MB
[UEDRS] [00:00:27] Elapsed
[UEDRS] [06:01:09] Checking [LENSKIT][IMPLICIT_MF][NETFLIX][1m]
[UEDRS] [06:01:09] Skipping (0.00229)
[UEDRS] [06:01:09] Memory Usage: RSS = 8343.42 MB, VMS = 21522.27 MB
[UEDRS] [06:01:09] Releasing dataframe from memory
[UEDRS] [06:01:09] Memory Usage: RSS = 8342.42 MB, VMS = 21521.27 MB
[UEDRS] [06:01:09] Loading full dataset
[UEDRS] [06:01:12] Loading done
[UEDRS] [06:01:12] Memory Usage: RSS = 8365.18 MB, VMS = 21521.27 MB
[UEDRS] [00:00:02] Elapsed
[UEDRS] [06:01:12] Sampling for [25000000]
[UEDRS] [06:01:40] Sampling done
[UEDRS] [06:01:40] Memory Usage: RSS = 8937.02 MB, VMS = 22093.10 MB
[UEDRS] [00:00:28] Elapsed
[UEDRS] [06:01:40] Checking [LENSKIT][IMPLICIT_MF][NETFLIX][25m]
[UEDRS] [06:01:40] Skipping (0.02919)
[UEDRS] [06:01:40] Memory Usage: RSS = 8937.02 MB, VMS = 22093.10 MB
[UEDRS] [06:01:40] Releasing dataframe from memory
[UEDRS] [06:01:40] Memory Usage: RSS = 8365.18 MB, VMS = 21521.27 MB
[UEDRS] [06:01:40] Loading full dataset
[UEDRS] [06:01:43] Loading done
[UEDRS] [06:01:43] Memory Usage: RSS = 8386.68 MB, VMS = 21521.27 MB
[UEDRS] [00:00:02] Elapsed
[UEDRS] [06:01:43] Sampling for [50000000]
[UEDRS] [06:02:12] Sampling done
[UEDRS] [06:02:12] Memory Usage: RSS = 9530.38 MB, VMS = 22664.96 MB
[UEDRS] [00:00:29] Elapsed
[UEDRS] [06:02:12] Checking [LENSKIT][IMPLICIT_MF][NETFLIX][50m]
[UEDRS] [06:02:12] Skipping (0.06276)
[UEDRS] [06:02:12] Memory Usage: RSS = 9530.38 MB, VMS = 22664.96 MB
[UEDRS] [06:02:12] Releasing dataframe from memory
[UEDRS] [06:02:12] Memory Usage: RSS = 8386.68 MB, VMS = 21521.27 MB
[UEDRS] [06:02:12] Loading full dataset
[UEDRS] [06:02:15] Loading done
[UEDRS] [06:02:15] Memory Usage: RSS = 8377.85 MB, VMS = 21521.27 MB
[UEDRS] [00:00:02] Elapsed
[UEDRS] [06:02:15] Sampling for [75000000]
[UEDRS] [06:02:45] Sampling done
[UEDRS] [06:02:45] Memory Usage: RSS = 10094.39 MB, VMS = 23237.81 MB
[UEDRS] [00:00:30] Elapsed
[UEDRS] [06:02:45] Checking [LENSKIT][IMPLICIT_MF][NETFLIX][75m]
[UEDRS] [06:02:45] Skipping (0.11013)
[UEDRS] [06:02:45] Memory Usage: RSS = 10094.39 MB, VMS = 23237.81 MB
[UEDRS] [06:02:45] Releasing dataframe from memory
[UEDRS] [06:02:45] Memory Usage: RSS = 8377.85 MB, VMS = 21521.27 MB
[UEDRS] [06:02:45] Loading full dataset
[UEDRS] [06:02:48] Loading done
[UEDRS] [06:02:48] Memory Usage: RSS = 8360.68 MB, VMS = 21521.27 MB
[UEDRS] [00:00:02] Elapsed
[UEDRS] [06:02:48] Sampling for [100000000]
[UEDRS] [06:03:27] Sampling done
[UEDRS] [06:03:27] Memory Usage: RSS = 10649.50 MB, VMS = 23810.09 MB
[UEDRS] [00:00:39] Elapsed
[UEDRS] [06:03:27] Checking [LENSKIT][IMPLICIT_MF][NETFLIX][100m]
[UEDRS] [06:03:27] Skipping (0.18541)
[UEDRS] [06:03:27] Memory Usage: RSS = 10649.50 MB, VMS = 23810.09 MB
[UEDRS] [06:03:27] Releasing dataframe from memory
[UEDRS] [06:03:27] Memory Usage: RSS = 8360.68 MB, VMS = 21521.27 MB
[UEDRS] [06:03:27] Current dataset [YAHOO]
[UEDRS] [06:03:27] Loading full dataset
[UEDRS] [06:03:32] Loading done
[UEDRS] [06:03:32] Memory Usage: RSS = 8985.04 MB, VMS = 21869.27 MB
[UEDRS] [00:00:04] Elapsed
[UEDRS] [06:03:32] Sampling for [100000]
[UEDRS] [06:04:24] Sampling done
[UEDRS] [06:04:24] Memory Usage: RSS = 8985.66 MB, VMS = 21870.27 MB
[UEDRS] [00:00:52] Elapsed
[UEDRS] [06:04:24] Checking [LENSKIT][IMPLICIT_MF][YAHOO][0m]
[UEDRS] [06:04:24] Starting
2025-12-03 17:51:13 [warning  ] loaded pipeline does not match hash
[UEDRS] [06:08:29] Finished (0.0)
[UEDRS] [06:08:29] Memory Usage: RSS = 8965.30 MB, VMS = 21853.27 MB
[UEDRS] [00:04:05] Elapsed

[UEDRS] [06:08:29] Memory Usage: RSS = 8965.30 MB, VMS = 21853.27 MB
[UEDRS] [06:08:29] Releasing dataframe from memory
[UEDRS] [06:08:29] Memory Usage: RSS = 8959.30 MB, VMS = 21847.27 MB
[UEDRS] [06:08:29] Loading full dataset
[UEDRS] [06:08:31] Loading done
[UEDRS] [06:08:31] Memory Usage: RSS = 8981.92 MB, VMS = 21847.27 MB
[UEDRS] [00:00:01] Elapsed
[UEDRS] [06:08:31] Sampling for [250000]
[UEDRS] [06:09:23] Sampling done
[UEDRS] [06:09:23] Memory Usage: RSS = 8980.48 MB, VMS = 21846.27 MB
[UEDRS] [00:00:51] Elapsed
[UEDRS] [06:09:23] Checking [LENSKIT][IMPLICIT_MF][YAHOO][0m]
[UEDRS] [06:09:23] Starting
2025-12-03 17:56:46 [warning  ] loaded pipeline does not match hash
[UEDRS] [06:14:47] Finished (4e-05)
[UEDRS] [06:14:47] Memory Usage: RSS = 5554.84 MB, VMS = 19233.27 MB
[UEDRS] [00:05:24] Elapsed

[UEDRS] [06:14:47] Memory Usage: RSS = 5554.84 MB, VMS = 19233.27 MB
[UEDRS] [06:14:47] Releasing dataframe from memory
[UEDRS] [06:14:47] Memory Usage: RSS = 5551.44 MB, VMS = 19229.27 MB
[UEDRS] [06:14:47] Loading full dataset
[UEDRS] [06:14:49] Loading done
[UEDRS] [06:14:49] Memory Usage: RSS = 9021.16 MB, VMS = 21880.27 MB
[UEDRS] [00:00:01] Elapsed
[UEDRS] [06:14:49] Sampling for [500000]
[UEDRS] [06:15:41] Sampling done
[UEDRS] [06:15:41] Memory Usage: RSS = 9020.79 MB, VMS = 21880.27 MB
[UEDRS] [00:00:52] Elapsed
[UEDRS] [06:15:41] Checking [LENSKIT][IMPLICIT_MF][YAHOO][0m]
[UEDRS] [06:15:41] Starting
2025-12-03 18:05:04 [warning  ] loaded pipeline does not match hash
[UEDRS] [06:24:59] Finished (0.00015)
[UEDRS] [06:24:59] Memory Usage: RSS = 6272.04 MB, VMS = 19265.27 MB
[UEDRS] [00:09:17] Elapsed

[UEDRS] [06:24:59] Memory Usage: RSS = 6272.04 MB, VMS = 19265.27 MB
[UEDRS] [06:24:59] Releasing dataframe from memory
[UEDRS] [06:24:59] Memory Usage: RSS = 6240.05 MB, VMS = 19233.27 MB
[UEDRS] [06:24:59] Loading full dataset
[UEDRS] [06:25:00] Loading done
[UEDRS] [06:25:00] Memory Usage: RSS = 9009.48 MB, VMS = 21885.27 MB
[UEDRS] [00:00:01] Elapsed
[UEDRS] [06:25:00] Sampling for [750000]
[UEDRS] [06:25:52] Sampling done
[UEDRS] [06:25:52] Memory Usage: RSS = 9008.64 MB, VMS = 21884.27 MB
[UEDRS] [00:00:51] Elapsed
[UEDRS] [06:25:52] Checking [LENSKIT][IMPLICIT_MF][YAHOO][1m]
[UEDRS] [06:25:52] Starting
2025-12-03 18:18:15 [warning  ] loaded pipeline does not match hash
[UEDRS] [06:40:01] Finished (0.00022)
[UEDRS] [06:40:01] Memory Usage: RSS = 6347.44 MB, VMS = 19288.27 MB
[UEDRS] [00:14:08] Elapsed

[UEDRS] [06:40:01] Memory Usage: RSS = 6346.44 MB, VMS = 19287.27 MB
[UEDRS] [06:40:01] Releasing dataframe from memory
[UEDRS] [06:40:01] Memory Usage: RSS = 6306.69 MB, VMS = 19247.27 MB
[UEDRS] [06:40:01] Loading full dataset
[UEDRS] [06:40:03] Loading done
[UEDRS] [06:40:03] Memory Usage: RSS = 9089.74 MB, VMS = 21898.27 MB
[UEDRS] [00:00:01] Elapsed
[UEDRS] [06:40:03] Sampling for [1000000]
[UEDRS] [06:40:54] Sampling done
[UEDRS] [06:40:54] Memory Usage: RSS = 9099.59 MB, VMS = 21897.27 MB
[UEDRS] [00:00:51] Elapsed
[UEDRS] [06:40:54] Checking [LENSKIT][IMPLICIT_MF][YAHOO][1m]
[UEDRS] [06:40:54] Starting
2025-12-03 18:37:01 [warning  ] loaded pipeline does not match hash
[UEDRS] [07:00:33] Finished (0.00028)
[UEDRS] [07:00:33] Memory Usage: RSS = 5724.15 MB, VMS = 19362.27 MB
[UEDRS] [00:19:38] Elapsed

[UEDRS] [07:00:33] Memory Usage: RSS = 5724.15 MB, VMS = 19362.27 MB
[UEDRS] [07:00:33] Releasing dataframe from memory
[UEDRS] [07:00:33] Memory Usage: RSS = 5679.15 MB, VMS = 19317.27 MB
[UEDRS] [07:00:33] Loading full dataset
[UEDRS] [07:00:34] Loading done
[UEDRS] [07:00:34] Memory Usage: RSS = 9261.96 MB, VMS = 21968.27 MB
[UEDRS] [00:00:01] Elapsed
[UEDRS] [07:00:34] Sampling for [25000000]
[UEDRS] [07:01:27] Sampling done
[UEDRS] [07:01:27] Memory Usage: RSS = 9833.15 MB, VMS = 22539.26 MB
[UEDRS] [00:00:52] Elapsed
[UEDRS] [07:01:27] Checking [LENSKIT][IMPLICIT_MF][YAHOO][25m]
[UEDRS] [07:01:27] Starting
2025-12-03 20:18:17 [warning  ] loaded pipeline does not match hash
[UEDRS] [09:06:38] Finished (0.01994)
[UEDRS] [09:06:38] Memory Usage: RSS = 9543.82 MB, VMS = 20831.41 MB
[UEDRS] [02:05:11] Elapsed

[UEDRS] [09:06:38] Memory Usage: RSS = 9543.82 MB, VMS = 20831.41 MB
[UEDRS] [09:06:38] Releasing dataframe from memory
[UEDRS] [09:06:39] Memory Usage: RSS = 8909.38 MB, VMS = 20196.41 MB
[UEDRS] [09:06:39] Loading full dataset
[UEDRS] [09:06:40] Loading done
[UEDRS] [09:06:40] Memory Usage: RSS = 11720.89 MB, VMS = 22848.41 MB
[UEDRS] [00:00:01] Elapsed
[UEDRS] [09:06:40] Sampling for [50000000]
[UEDRS] [09:07:34] Sampling done
[UEDRS] [09:07:34] Memory Usage: RSS = 12861.23 MB, VMS = 23988.77 MB
[UEDRS] [00:00:53] Elapsed
[UEDRS] [09:07:34] Checking [LENSKIT][IMPLICIT_MF][YAHOO][50m]
[UEDRS] [09:07:34] Starting
2025-12-03 22:55:59 [warning  ] loaded pipeline does not match hash
[UEDRS] [11:49:30] Finished (0.05265)
[UEDRS] [11:49:30] Memory Usage: RSS = 13600.74 MB, VMS = 23743.93 MB
[UEDRS] [02:41:56] Elapsed

[UEDRS] [11:49:30] Memory Usage: RSS = 13600.74 MB, VMS = 23743.93 MB
[UEDRS] [11:49:30] Releasing dataframe from memory
[UEDRS] [11:49:30] Memory Usage: RSS = 12412.46 MB, VMS = 22555.57 MB
[UEDRS] [11:49:30] Loading full dataset
[UEDRS] [11:49:32] Loading done
[UEDRS] [11:49:32] Memory Usage: RSS = 15284.46 MB, VMS = 25207.57 MB
[UEDRS] [00:00:01] Elapsed
[UEDRS] [11:49:32] Sampling for [75000000]
[UEDRS] [11:50:32] Sampling done
[UEDRS] [11:50:32] Memory Usage: RSS = 17000.30 MB, VMS = 26922.18 MB
[UEDRS] [00:01:00] Elapsed
[UEDRS] [11:50:32] Checking [LENSKIT][IMPLICIT_MF][YAHOO][75m]
[UEDRS] [11:50:32] Starting
2025-12-04 02:03:07 [warning  ] loaded pipeline does not match hash
