[UEDRS] [00:00:10] Mode: ABSOLUTE STRATIFIED_USER
[UEDRS] [00:00:10] Tag:  RECBOLE:ITEM_KNN
[UEDRS] [00:00:10] Tool: RECBOLE
[UEDRS] [00:00:10] Algorithm: ITEM_KNN
[UEDRS] [00:00:10] Datasets: MUSIC4ALL, NETFLIX, YAHOO, GOODREADS, LASTFM
[UEDRS] [00:00:10] Sizes: [50000000, 75000000, 100000000]

[UEDRS] [00:00:10] Desired size: 50000000
[UEDRS] [00:00:10] Dataset: MUSIC4ALL
[UEDRS] [00:00:10] Loading
[UEDRS] [00:00:14] Loading done
[UEDRS] [00:00:14] Memory Usage: RSS = 3254.23 MB, VMS = 10150.19 MB
[UEDRS] [00:00:03] Elapsed
[UEDRS] [00:00:14] Sampling
[UEDRS] [00:00:32] Sampling done, obtained size: 50000000
[UEDRS] [00:00:32] Memory Usage: RSS = 3656.28 MB, VMS = 10550.54 MB
[UEDRS] [00:00:18] Elapsed
[UEDRS] [00:00:32] Checking [RECBOLE][ITEM_KNN][MUSIC4ALL][50m]
[UEDRS] [00:00:32] Starting
[UEDRS] [00:32:54] Finished (0.4)
[UEDRS] [00:32:54] Memory Usage: RSS = 23862.46 MB, VMS = 37314.43 MB
[UEDRS] [00:32:21] Elapsed

[UEDRS] [00:32:54] Memory Usage: RSS = 23862.46 MB, VMS = 37314.43 MB
[UEDRS] [00:32:54] Releasing dataframe from memory
[UEDRS] [00:33:04] Memory Usage: RSS = 18971.98 MB, VMS = 32388.67 MB
[UEDRS] [00:33:04] Dataset: NETFLIX
[UEDRS] [00:33:04] Loading
[UEDRS] [00:33:09] Loading done
[UEDRS] [00:33:09] Memory Usage: RSS = 19889.34 MB, VMS = 35912.67 MB
[UEDRS] [00:00:04] Elapsed
[UEDRS] [00:33:09] Sampling
[UEDRS] [00:33:52] Sampling done, obtained size: 50000000
[UEDRS] [00:33:52] Memory Usage: RSS = 19900.18 MB, VMS = 35912.67 MB
[UEDRS] [00:00:43] Elapsed
[UEDRS] [00:33:52] Checking [RECBOLE][ITEM_KNN][NETFLIX][50m]
[UEDRS] [00:33:52] Starting
[UEDRS] [01:56:58] Finished (0.063)
[UEDRS] [01:56:58] Memory Usage: RSS = 32212.68 MB, VMS = 49387.50 MB
[UEDRS] [01:23:05] Elapsed

[UEDRS] [01:56:58] Memory Usage: RSS = 32212.77 MB, VMS = 49387.50 MB
[UEDRS] [01:56:58] Releasing dataframe from memory
[UEDRS] [01:57:13] Memory Usage: RSS = 28905.82 MB, VMS = 46018.50 MB
[UEDRS] [01:57:13] Dataset: YAHOO
[UEDRS] [01:57:13] Loading
[UEDRS] [01:57:15] Loading done
[UEDRS] [01:57:15] Memory Usage: RSS = 30066.57 MB, VMS = 47382.50 MB
[UEDRS] [00:00:02] Elapsed
[UEDRS] [01:57:15] Sampling
[UEDRS] [01:58:23] Sampling done, obtained size: 50000000
[UEDRS] [01:58:23] Memory Usage: RSS = 28516.56 MB, VMS = 45829.89 MB
[UEDRS] [00:01:07] Elapsed
[UEDRS] [01:58:23] Checking [RECBOLE][ITEM_KNN][YAHOO][50m]
[UEDRS] [01:58:23] Starting
[UEDRS] [04:43:45] Finished (0.1)
[UEDRS] [04:43:45] Memory Usage: RSS = 41002.60 MB, VMS = 68941.66 MB
[UEDRS] [02:45:22] Elapsed

[UEDRS] [04:43:45] Memory Usage: RSS = 41002.60 MB, VMS = 68941.66 MB
[UEDRS] [04:43:45] Releasing dataframe from memory
[UEDRS] [04:44:06] Memory Usage: RSS = 35572.72 MB, VMS = 63475.66 MB
[UEDRS] [04:44:06] Dataset: GOODREADS
[UEDRS] [04:44:06] Loading
[UEDRS] [04:44:17] Loading done
[UEDRS] [04:44:17] Memory Usage: RSS = 38775.37 MB, VMS = 64304.66 MB
[UEDRS] [00:00:11] Elapsed
[UEDRS] [04:44:17] Sampling
[UEDRS] [04:45:02] Sampling done, obtained size: 50000000
[UEDRS] [04:45:02] Memory Usage: RSS = 33008.02 MB, VMS = 58536.13 MB
[UEDRS] [00:00:45] Elapsed
[UEDRS] [04:45:02] Checking [RECBOLE][ITEM_KNN][GOODREADS][50m]
[UEDRS] [04:45:02] Starting
