[UEDRS] [00:00:04] starting
[UEDRS] [00:00:04] cpus: 32
[UEDRS] [00:00:04] env variables:
[UEDRS] [00:00:04] OMP_NUM_THREADS: 16
[UEDRS] [00:00:04] MKL_NUM_THREADS: 16
[UEDRS] [00:00:04] OPENBLAS_NUM_THREADS: 16
[UEDRS] [00:00:04] NUMBA_NUM_THREADS: 16


[UEDRS] [00:00:11] loaded
[UEDRS] [00:00:07] elapsed

[UEDRS] [00:00:11] starting with 1 gpus with 2 workers
[UEDRS] [00:15:33] finished
[UEDRS] [00:15:21] elapsed

[UEDRS] [00:15:33] starting with 1 gpus with 4 workers
[UEDRS] [00:31:12] finished
[UEDRS] [00:15:38] elapsed

[UEDRS] [00:31:12] starting with 1 gpus with 8 workers
[UEDRS] [00:47:15] finished
[UEDRS] [00:16:02] elapsed

[UEDRS] [00:47:15] starting with 2 gpus with 2 workers
[UEDRS] [01:03:17] finished
[UEDRS] [00:16:02] elapsed

[UEDRS] [01:03:17] starting with 2 gpus with 4 workers
[UEDRS] [01:19:40] finished
[UEDRS] [00:16:22] elapsed

[UEDRS] [01:19:40] starting with 2 gpus with 8 workers
[UEDRS] [01:36:04] finished
[UEDRS] [00:16:24] elapsed

