[UEDRS] [00:00:14] Mode: ABSOLUTE STRATIFIED_USER
[UEDRS] [00:00:14] Tag:  LENSKIT:IMPLICIT_MF
[UEDRS] [00:00:14] Tool: LENSKIT
[UEDRS] [00:00:14] Algorithm: IMPLICIT_MF
[UEDRS] [00:00:14] Datasets: MUSIC4ALL, NETFLIX, YAHOO, GOODREADS, LASTFM
[UEDRS] [00:00:14] Sizes: [50000000, 75000000, 100000000]

[UEDRS] [00:00:14] Desired size: 50000000
[UEDRS] [00:00:14] Dataset: MUSIC4ALL
[UEDRS] [00:00:14] Loading
[UEDRS] [00:00:21] Loading done
[UEDRS] [00:00:21] Memory Usage: RSS = 3250.96 MB, VMS = 10150.28 MB
[UEDRS] [00:00:07] Elapsed
[UEDRS] [00:00:21] Sampling
[UEDRS] [00:00:48] Sampling done, obtained size: 50000000
[UEDRS] [00:00:48] Memory Usage: RSS = 3653.23 MB, VMS = 10550.54 MB
[UEDRS] [00:00:26] Elapsed
[UEDRS] [00:00:48] Checking [LENSKIT][IMPLICIT_MF][MUSIC4ALL][50m]
[UEDRS] [00:00:48] Skipping (0.034)
[UEDRS] [00:00:48] Memory Usage: RSS = 3653.23 MB, VMS = 10550.54 MB
[UEDRS] [00:00:48] Releasing dataframe from memory
[UEDRS] [00:00:48] Memory Usage: RSS = 2887.33 MB, VMS = 9784.59 MB
[UEDRS] [00:00:48] Dataset: NETFLIX
[UEDRS] [00:00:48] Loading
[UEDRS] [00:00:53] Loading done
[UEDRS] [00:00:53] Memory Usage: RSS = 4248.00 MB, VMS = 14075.20 MB
[UEDRS] [00:00:04] Elapsed
[UEDRS] [00:00:53] Sampling
[UEDRS] [00:01:45] Sampling done, obtained size: 50000000
[UEDRS] [00:01:45] Memory Usage: RSS = 4037.24 MB, VMS = 13864.68 MB
[UEDRS] [00:00:52] Elapsed
[UEDRS] [00:01:45] Checking [LENSKIT][IMPLICIT_MF][NETFLIX][50m]
[UEDRS] [00:01:45] Skipping (0.063)
[UEDRS] [00:01:45] Memory Usage: RSS = 4037.24 MB, VMS = 13864.68 MB
[UEDRS] [00:01:45] Releasing dataframe from memory
[UEDRS] [00:01:45] Memory Usage: RSS = 3655.77 MB, VMS = 13483.21 MB
[UEDRS] [00:01:45] Dataset: YAHOO
[UEDRS] [00:01:45] Loading
[UEDRS] [00:01:49] Loading done
[UEDRS] [00:01:49] Memory Usage: RSS = 4279.04 MB, VMS = 14847.21 MB
[UEDRS] [00:00:03] Elapsed
[UEDRS] [00:01:49] Sampling
[UEDRS] [00:05:02] Sampling done, obtained size: 50000000
[UEDRS] [00:05:02] Memory Usage: RSS = 5034.46 MB, VMS = 15603.54 MB
[UEDRS] [00:03:12] Elapsed
[UEDRS] [00:05:02] Checking [LENSKIT][IMPLICIT_MF][YAHOO][50m]
[UEDRS] [00:05:02] Skipping (0.057)
[UEDRS] [00:05:02] Memory Usage: RSS = 5034.46 MB, VMS = 15603.54 MB
[UEDRS] [00:05:02] Releasing dataframe from memory
[UEDRS] [00:05:02] Memory Usage: RSS = 4652.00 MB, VMS = 15221.06 MB
[UEDRS] [00:05:02] Dataset: GOODREADS
[UEDRS] [00:05:02] Loading
[UEDRS] [00:05:07] Loading done
[UEDRS] [00:05:07] Memory Usage: RSS = 6767.02 MB, VMS = 16053.06 MB
[UEDRS] [00:00:05] Elapsed
[UEDRS] [00:05:07] Sampling
[UEDRS] [00:19:49] Sampling done, obtained size: 50000000
[UEDRS] [00:19:49] Memory Usage: RSS = 7077.38 MB, VMS = 16361.90 MB
[UEDRS] [00:14:41] Elapsed
[UEDRS] [00:19:49] Checking [LENSKIT][IMPLICIT_MF][GOODREADS][50m]
[UEDRS] [00:19:49] Skipping (0.015)
[UEDRS] [00:19:49] Memory Usage: RSS = 7077.38 MB, VMS = 16361.90 MB
[UEDRS] [00:19:49] Releasing dataframe from memory
[UEDRS] [00:19:49] Memory Usage: RSS = 6694.90 MB, VMS = 15979.43 MB
[UEDRS] [00:19:49] Dataset: LASTFM
[UEDRS] [00:19:49] Loading
[UEDRS] [00:19:58] Loading done
[UEDRS] [00:19:58] Memory Usage: RSS = 10678.75 MB, VMS = 20031.43 MB
[UEDRS] [00:00:09] Elapsed
[UEDRS] [00:19:58] Sampling
[UEDRS] [00:51:40] Sampling done, obtained size: 50000000
[UEDRS] [00:51:40] Memory Usage: RSS = 11254.36 MB, VMS = 20603.63 MB
[UEDRS] [00:31:41] Elapsed
[UEDRS] [00:51:40] Checking [LENSKIT][IMPLICIT_MF][LASTFM][50m]
[UEDRS] [00:51:40] Starting
[UEDRS] [04:29:11] Finished (0.0016)
[UEDRS] [04:29:11] Memory Usage: RSS = 5428.86 MB, VMS = 22572.20 MB
[UEDRS] [03:37:30] Elapsed

[UEDRS] [04:29:11] Memory Usage: RSS = 5428.86 MB, VMS = 22572.20 MB
[UEDRS] [04:29:11] Releasing dataframe from memory
[UEDRS] [04:29:11] Memory Usage: RSS = 5383.79 MB, VMS = 21982.99 MB
[UEDRS] [04:29:11] Desired size: 75000000
[UEDRS] [04:29:11] Dataset: MUSIC4ALL
[UEDRS] [04:29:11] Loading
[UEDRS] [04:29:30] Loading done
[UEDRS] [04:29:30] Memory Usage: RSS = 6961.46 MB, VMS = 22746.18 MB
[UEDRS] [00:00:19] Elapsed
[UEDRS] [04:29:30] Sampling
[UEDRS] [04:29:31] Sampling done, obtained size: 50016042
[UEDRS] [04:29:31] Memory Usage: RSS = 6961.46 MB, VMS = 22746.18 MB
[UEDRS] [00:00:00] Elapsed
[UEDRS] [04:29:31] Checking [LENSKIT][IMPLICIT_MF][MUSIC4ALL][50m]
[UEDRS] [04:29:31] Starting
[UEDRS] [04:38:31] Finished (0.035)
[UEDRS] [04:38:31] Memory Usage: RSS = 10153.93 MB, VMS = 24856.18 MB
[UEDRS] [00:09:00] Elapsed

[UEDRS] [04:38:31] Memory Usage: RSS = 10153.93 MB, VMS = 24856.18 MB
[UEDRS] [04:38:31] Releasing dataframe from memory
[UEDRS] [04:38:31] Memory Usage: RSS = 9371.10 MB, VMS = 24072.99 MB
[UEDRS] [04:38:31] Dataset: NETFLIX
[UEDRS] [04:38:31] Loading
[UEDRS] [04:38:39] Loading done
[UEDRS] [04:38:39] Memory Usage: RSS = 10264.72 MB, VMS = 24838.60 MB
[UEDRS] [00:00:07] Elapsed
[UEDRS] [04:38:39] Sampling
[UEDRS] [04:39:27] Sampling done, obtained size: 75000000
[UEDRS] [04:39:27] Memory Usage: RSS = 10073.15 MB, VMS = 24642.20 MB
[UEDRS] [00:00:47] Elapsed
[UEDRS] [04:39:27] Checking [LENSKIT][IMPLICIT_MF][NETFLIX][75m]
[UEDRS] [04:39:27] Starting
[UEDRS] [05:00:45] Finished (0.11)
[UEDRS] [05:00:45] Memory Usage: RSS = 10572.83 MB, VMS = 24738.28 MB
[UEDRS] [00:21:18] Elapsed

[UEDRS] [05:00:45] Memory Usage: RSS = 10572.83 MB, VMS = 24738.28 MB
[UEDRS] [05:00:45] Releasing dataframe from memory
[UEDRS] [05:00:45] Memory Usage: RSS = 9970.64 MB, VMS = 24136.07 MB
[UEDRS] [05:00:45] Dataset: YAHOO
[UEDRS] [05:00:45] Loading
[UEDRS] [05:00:49] Loading done
[UEDRS] [05:00:49] Memory Usage: RSS = 10116.00 MB, VMS = 24135.07 MB
[UEDRS] [00:00:04] Elapsed
[UEDRS] [05:00:49] Sampling
[UEDRS] [05:07:46] Sampling done, obtained size: 75000000
[UEDRS] [05:07:46] Memory Usage: RSS = 10865.58 MB, VMS = 24885.07 MB
[UEDRS] [00:06:56] Elapsed
[UEDRS] [05:07:46] Checking [LENSKIT][IMPLICIT_MF][YAHOO][75m]
[UEDRS] [05:07:46] Starting
[UEDRS] [08:07:46] Finished (0.081)
[UEDRS] [08:07:46] Memory Usage: RSS = 14351.92 MB, VMS = 28377.38 MB
[UEDRS] [02:59:59] Elapsed

[UEDRS] [08:07:46] Memory Usage: RSS = 14351.92 MB, VMS = 28377.38 MB
[UEDRS] [08:07:46] Releasing dataframe from memory
[UEDRS] [08:07:46] Memory Usage: RSS = 13601.20 MB, VMS = 27626.11 MB
[UEDRS] [08:07:46] Dataset: GOODREADS
[UEDRS] [08:07:46] Loading
[UEDRS] [08:07:59] Loading done
[UEDRS] [08:07:59] Memory Usage: RSS = 14198.94 MB, VMS = 27625.11 MB
[UEDRS] [00:00:12] Elapsed
[UEDRS] [08:07:59] Sampling
[UEDRS] [08:08:47] Sampling done, obtained size: 75000000
[UEDRS] [08:08:47] Memory Usage: RSS = 14520.14 MB, VMS = 27947.14 MB
[UEDRS] [00:00:48] Elapsed
[UEDRS] [08:08:47] Checking [LENSKIT][IMPLICIT_MF][GOODREADS][75m]
[UEDRS] [08:08:47] Starting
[UEDRS] [12:35:08] Finished (0.023)
[UEDRS] [12:35:08] Memory Usage: RSS = 14322.94 MB, VMS = 28042.14 MB
[UEDRS] [04:26:20] Elapsed

[UEDRS] [12:35:08] Memory Usage: RSS = 14322.94 MB, VMS = 28042.14 MB
[UEDRS] [12:35:08] Releasing dataframe from memory
[UEDRS] [12:35:08] Memory Usage: RSS = 13714.89 MB, VMS = 27433.94 MB
[UEDRS] [12:35:08] Dataset: LASTFM
[UEDRS] [12:35:08] Loading
[UEDRS] [12:35:45] Loading done
[UEDRS] [12:35:45] Memory Usage: RSS = 19277.86 MB, VMS = 31164.94 MB
[UEDRS] [00:00:36] Elapsed
[UEDRS] [12:35:45] Sampling
[UEDRS] [13:24:57] Sampling done, obtained size: 75000000
[UEDRS] [13:24:57] Memory Usage: RSS = 20137.44 MB, VMS = 32023.25 MB
[UEDRS] [00:49:12] Elapsed
[UEDRS] [13:24:57] Checking [LENSKIT][IMPLICIT_MF][LASTFM][75m]
[UEDRS] [13:24:57] Starting
[UEDRS] [20:56:05] Finished (0.0025)
[UEDRS] [20:56:05] Memory Usage: RSS = 5753.75 MB, VMS = 29177.25 MB
[UEDRS] [07:31:07] Elapsed

[UEDRS] [20:56:05] Memory Usage: RSS = 5753.75 MB, VMS = 29177.25 MB
[UEDRS] [20:56:05] Releasing dataframe from memory
[UEDRS] [20:56:05] Memory Usage: RSS = 5718.09 MB, VMS = 28281.94 MB
[UEDRS] [20:56:05] Desired size: 100000000
[UEDRS] [20:56:05] Dataset: MUSIC4ALL
[UEDRS] [20:56:05] Loading
[UEDRS] [20:56:44] Loading done
[UEDRS] [20:56:44] Memory Usage: RSS = 7881.99 MB, VMS = 29045.12 MB
[UEDRS] [00:00:39] Elapsed
[UEDRS] [20:56:44] Sampling
[UEDRS] [20:56:45] Sampling done, obtained size: 50016042
[UEDRS] [20:56:45] Memory Usage: RSS = 7882.02 MB, VMS = 29045.12 MB
[UEDRS] [00:00:00] Elapsed
[UEDRS] [20:56:45] Checking [LENSKIT][IMPLICIT_MF][MUSIC4ALL][50m]
[UEDRS] [20:56:45] Skipping (0.035)
[UEDRS] [20:56:45] Memory Usage: RSS = 7882.02 MB, VMS = 29045.12 MB
[UEDRS] [20:56:45] Releasing dataframe from memory
[UEDRS] [20:56:45] Memory Usage: RSS = 7118.89 MB, VMS = 28281.94 MB
[UEDRS] [20:56:45] Dataset: NETFLIX
[UEDRS] [20:56:45] Loading
[UEDRS] [20:57:23] Loading done
[UEDRS] [20:57:23] Memory Usage: RSS = 8346.04 MB, VMS = 29048.55 MB
[UEDRS] [00:00:38] Elapsed
[UEDRS] [20:57:23] Sampling
[UEDRS] [20:58:24] Sampling done, obtained size: 100000000
[UEDRS] [20:58:24] Memory Usage: RSS = 8569.18 MB, VMS = 29044.88 MB
[UEDRS] [00:01:00] Elapsed
[UEDRS] [20:58:24] Checking [LENSKIT][IMPLICIT_MF][NETFLIX][100m]
[UEDRS] [20:58:24] Starting
[UEDRS] [21:23:59] Finished (0.19)
[UEDRS] [21:23:59] Memory Usage: RSS = 13505.69 MB, VMS = 28317.88 MB
[UEDRS] [00:25:34] Elapsed

[UEDRS] [21:23:59] Memory Usage: RSS = 13505.69 MB, VMS = 28317.88 MB
[UEDRS] [21:23:59] Releasing dataframe from memory
[UEDRS] [21:23:59] Memory Usage: RSS = 12711.77 MB, VMS = 27523.93 MB
[UEDRS] [21:23:59] Dataset: YAHOO
[UEDRS] [21:23:59] Loading
[UEDRS] [21:24:09] Loading done
[UEDRS] [21:24:09] Memory Usage: RSS = 12943.65 MB, VMS = 27522.93 MB
[UEDRS] [00:00:09] Elapsed
[UEDRS] [21:24:09] Sampling
[UEDRS] [21:25:23] Sampling done, obtained size: 100000000
[UEDRS] [21:25:23] Memory Usage: RSS = 13937.61 MB, VMS = 28475.61 MB
[UEDRS] [00:01:14] Elapsed
[UEDRS] [21:25:23] Checking [LENSKIT][IMPLICIT_MF][YAHOO][100m]
[UEDRS] [21:25:23] Starting
