[UEDRS] [00:00:12] Mode: ABSOLUTE STRATIFIED_USER
[UEDRS] [00:00:12] Tag:  RECBOLE:SimpleX
[UEDRS] [00:00:12] Tool: RECBOLE
[UEDRS] [00:00:12] Algorithm: SimpleX
[UEDRS] [00:00:12] Datasets: AMAZON
[UEDRS] [00:00:12] Sizes: [75000000, 100000000]

[UEDRS] [00:00:12] Desired size: 75000000
[UEDRS] [00:00:12] Dataset: AMAZON
[UEDRS] [00:00:12] Loading
[UEDRS] [00:04:17] Loading done
[UEDRS] [00:04:17] Memory Usage: RSS = 60810.34 MB, VMS = 106667.32 MB
[UEDRS] [00:04:04] Elapsed
[UEDRS] [00:04:17] Sampling
[UEDRS] [07:43:34] Sampling done, obtained size: 75000000
[UEDRS] [07:43:34] Memory Usage: RSS = 47762.04 MB, VMS = 97002.36 MB
[UEDRS] [07:39:17] Elapsed
[UEDRS] [07:43:34] Checking [RECBOLE][SimpleX][AMAZON][75m]
[UEDRS] [07:43:34] Starting
[UEDRS]
[08:36:53]
Exception handled:
CUDA out of memory. Tried to allocate 1.98 GiB. GPU 0 has a total capacity of 15.77 GiB of which 240.19 MiB is free. Including non-PyTorch memory, this process has 15.53 GiB memory in use. Of the allocated memory 15.17 GiB is allocated by PyTorch, and 2.00 MiB is reserved by PyTorch but unallocated. If reserved but unallocated memory is large try setting PYTORCH_CUDA_ALLOC_CONF=expandable_segments:True to avoid fragmentation.  See documentation for Memory Management  (https://pytorch.org/docs/stable/notes/cuda.html#environment-variables)
[UEDRS] [08:36:53] Finished (-1)
[UEDRS] [08:36:53] Memory Usage: RSS = 112640.15 MB, VMS = 189960.54 MB
[UEDRS] [00:53:18] Elapsed

[UEDRS] [08:36:53] Memory Usage: RSS = 112640.15 MB, VMS = 189960.54 MB
[UEDRS] [08:36:53] Releasing dataframe from memory
[UEDRS] [08:38:56] Memory Usage: RSS = 60015.92 MB, VMS = 135574.98 MB
[UEDRS] [08:38:56] Desired size: 100000000
[UEDRS] [08:38:56] Dataset: AMAZON
[UEDRS] [08:38:56] Loading
[UEDRS] [08:42:45] Loading done
[UEDRS] [08:42:45] Memory Usage: RSS = 100409.32 MB, VMS = 164754.21 MB
[UEDRS] [00:03:49] Elapsed
[UEDRS] [08:42:45] Sampling
[UEDRS] [09:26:25] Sampling done, obtained size: 100000000
[UEDRS] [09:26:25] Memory Usage: RSS = 92835.15 MB, VMS = 155693.00 MB
[UEDRS] [00:43:39] Elapsed
[UEDRS] [09:26:25] Checking [RECBOLE][SimpleX][AMAZON][100m]
[UEDRS] [09:26:25] Starting
[UEDRS]
[10:12:21]
Exception handled:
CUDA out of memory. Tried to allocate 4.27 GiB. GPU 0 has a total capacity of 15.77 GiB of which 1.80 GiB is free. Including non-PyTorch memory, this process has 13.96 GiB memory in use. Of the allocated memory 13.60 GiB is allocated by PyTorch, and 3.97 MiB is reserved by PyTorch but unallocated. If reserved but unallocated memory is large try setting PYTORCH_CUDA_ALLOC_CONF=expandable_segments:True to avoid fragmentation.  See documentation for Memory Management  (https://pytorch.org/docs/stable/notes/cuda.html#environment-variables)
[UEDRS] [10:12:22] Finished (-1)
[UEDRS] [10:12:22] Memory Usage: RSS = 159309.23 MB, VMS = 221282.25 MB
[UEDRS] [00:45:56] Elapsed

[UEDRS] [10:12:22] Memory Usage: RSS = 159309.23 MB, VMS = 221282.25 MB
[UEDRS] [10:12:22] Releasing dataframe from memory
[UEDRS] [10:14:37] Memory Usage: RSS = 104572.65 MB, VMS = 166284.90 MB
[UEDRS] [10:14:37] Work complete
