[UEDRS] [00:00:12] Mode: ABSOLUTE STRATIFIED_USER
[UEDRS] [00:00:12] Tag:  LENSKIT:BIASED_SVD
[UEDRS] [00:00:12] Tool: LENSKIT
[UEDRS] [00:00:12] Algorithm: BIASED_SVD
[UEDRS] [00:00:12] Datasets: MYANIMELIST, IPINYOU, TMALL, MOVIELENS, MUSIC4ALL, NETFLIX, YAHOO, ALIBABA, GOODREADS, LASTFM, AMAZON
[UEDRS] [00:00:12] Sizes: [100000, 250000, 500000, 750000, 1000000, 25000000, 50000000, 75000000, 100000000]

[UEDRS] [00:00:12] Desired size: 100000
[UEDRS] [00:00:12] Dataset: MYANIMELIST
[UEDRS] [00:00:12] Loading
[UEDRS] [00:00:13] Loading done
[UEDRS] [00:00:13] Memory Usage: RSS = 950.80 MB, VMS = 5080.05 MB
[UEDRS] [00:00:00] Elapsed
[UEDRS] [00:00:13] Sampling
[UEDRS] [00:00:15] Sampling done, obtained size: 100000
[UEDRS] [00:00:15] Memory Usage: RSS = 925.34 MB, VMS = 5052.25 MB
[UEDRS] [00:00:02] Elapsed
[UEDRS] [00:00:15] Checking [LENSKIT][BIASED_SVD][MYANIMELIST][100k]
[UEDRS] [00:00:15] Starting
2025-12-29 00:36:21 [warning  ] loaded pipeline does not match hash
[UEDRS] [00:04:19] Finished (0.0016)
[UEDRS] [00:04:19] Memory Usage: RSS = 1011.11 MB, VMS = 5582.74 MB
[UEDRS] [00:04:03] Elapsed

[UEDRS] [00:04:19] Memory Usage: RSS = 1011.11 MB, VMS = 5582.74 MB
[UEDRS] [00:04:19] Releasing dataframe from memory
[UEDRS] [00:04:19] Memory Usage: RSS = 1004.17 MB, VMS = 5575.74 MB
[UEDRS] [00:04:19] Dataset: IPINYOU
[UEDRS] [00:04:19] Loading
[UEDRS] [00:04:20] Loading done
[UEDRS] [00:04:20] Memory Usage: RSS = 1244.57 MB, VMS = 6775.70 MB
[UEDRS] [00:00:01] Elapsed
[UEDRS] [00:04:20] Sampling
[UEDRS] [00:13:53] Sampling done, obtained size: 100000
[UEDRS] [00:13:53] Memory Usage: RSS = 2932.92 MB, VMS = 8463.14 MB
[UEDRS] [00:09:32] Elapsed
[UEDRS] [00:13:53] Checking [LENSKIT][BIASED_SVD][IPINYOU][100k]
[UEDRS] [00:13:53] Starting
2025-12-29 00:50:29 [warning  ] loaded pipeline does not match hash
[UEDRS] [00:15:56] Finished (0)
[UEDRS] [00:15:56] Memory Usage: RSS = 3042.75 MB, VMS = 8638.57 MB
[UEDRS] [00:02:03] Elapsed

[UEDRS] [00:15:56] Memory Usage: RSS = 3042.75 MB, VMS = 8638.57 MB
[UEDRS] [00:15:56] Releasing dataframe from memory
[UEDRS] [00:15:57] Memory Usage: RSS = 3032.75 MB, VMS = 8628.57 MB
[UEDRS] [00:15:57] Dataset: TMALL
[UEDRS] [00:15:57] Loading
[UEDRS] [00:15:58] Loading done
[UEDRS] [00:15:58] Memory Usage: RSS = 3227.02 MB, VMS = 9752.57 MB
[UEDRS] [00:00:01] Elapsed
[UEDRS] [00:15:58] Sampling
[UEDRS] [00:16:22] Sampling done, obtained size: 100000
[UEDRS] [00:16:22] Memory Usage: RSS = 3225.55 MB, VMS = 9750.57 MB
[UEDRS] [00:00:24] Elapsed
[UEDRS] [00:16:22] Checking [LENSKIT][BIASED_SVD][TMALL][100k]
[UEDRS] [00:16:22] Starting
2025-12-29 00:52:44 [warning  ] loaded pipeline does not match hash
[UEDRS] [00:21:17] Finished (4.1e-06)
[UEDRS] [00:21:17] Memory Usage: RSS = 3290.91 MB, VMS = 9779.57 MB
[UEDRS] [00:04:54] Elapsed

[UEDRS] [00:21:17] Memory Usage: RSS = 3290.91 MB, VMS = 9779.57 MB
[UEDRS] [00:21:17] Releasing dataframe from memory
[UEDRS] [00:21:17] Memory Usage: RSS = 3275.00 MB, VMS = 9763.57 MB
[UEDRS] [00:21:17] Dataset: MOVIELENS
[UEDRS] [00:21:17] Loading
[UEDRS] [00:21:18] Loading done
[UEDRS] [00:21:18] Memory Usage: RSS = 3822.78 MB, VMS = 12123.57 MB
[UEDRS] [00:00:01] Elapsed
[UEDRS] [00:21:18] Sampling
[UEDRS] [00:21:26] Sampling done, obtained size: 100000
[UEDRS] [00:21:26] Memory Usage: RSS = 3822.08 MB, VMS = 12122.57 MB
[UEDRS] [00:00:08] Elapsed
[UEDRS] [00:21:26] Checking [LENSKIT][BIASED_SVD][MOVIELENS][100k]
[UEDRS] [00:21:26] Starting
2025-12-29 00:57:41 [warning  ] loaded pipeline does not match hash
[UEDRS] [00:25:55] Finished (0.00047)
[UEDRS] [00:25:55] Memory Usage: RSS = 3269.38 MB, VMS = 11621.57 MB
[UEDRS] [00:04:29] Elapsed

[UEDRS] [00:25:55] Memory Usage: RSS = 3269.38 MB, VMS = 11621.57 MB
[UEDRS] [00:25:55] Releasing dataframe from memory
[UEDRS] [00:25:55] Memory Usage: RSS = 3268.40 MB, VMS = 11620.57 MB
[UEDRS] [00:25:55] Dataset: MUSIC4ALL
[UEDRS] [00:25:55] Loading
[UEDRS] [00:26:01] Loading done
[UEDRS] [00:26:01] Memory Usage: RSS = 5128.30 MB, VMS = 14345.16 MB
[UEDRS] [00:00:05] Elapsed
[UEDRS] [00:26:01] Sampling
[UEDRS] [00:26:08] Sampling done, obtained size: 100000
[UEDRS] [00:26:08] Memory Usage: RSS = 4745.78 MB, VMS = 13962.57 MB
[UEDRS] [00:00:07] Elapsed
[UEDRS] [00:26:08] Checking [LENSKIT][BIASED_SVD][MUSIC4ALL][100k]
[UEDRS] [00:26:08] Starting
2025-12-29 01:02:18 [warning  ] loaded pipeline does not match hash
[UEDRS] [00:30:23] Finished (4.9e-05)
[UEDRS] [00:30:23] Memory Usage: RSS = 4313.38 MB, VMS = 13698.57 MB
[UEDRS] [00:04:14] Elapsed

[UEDRS] [00:30:23] Memory Usage: RSS = 4313.38 MB, VMS = 13698.57 MB
[UEDRS] [00:30:23] Releasing dataframe from memory
[UEDRS] [00:30:23] Memory Usage: RSS = 4299.47 MB, VMS = 13684.57 MB
[UEDRS] [00:30:23] Dataset: NETFLIX
[UEDRS] [00:30:23] Loading
[UEDRS] [00:30:28] Loading done
[UEDRS] [00:30:28] Memory Usage: RSS = 5127.86 MB, VMS = 17144.57 MB
[UEDRS] [00:00:04] Elapsed
[UEDRS] [00:30:28] Sampling
[UEDRS] [00:31:03] Sampling done, obtained size: 100000
[UEDRS] [00:31:03] Memory Usage: RSS = 5129.61 MB, VMS = 17143.57 MB
[UEDRS] [00:00:35] Elapsed
[UEDRS] [00:31:03] Checking [LENSKIT][BIASED_SVD][NETFLIX][100k]
[UEDRS] [00:31:03] Starting
2025-12-29 01:07:31 [warning  ] loaded pipeline does not match hash
[UEDRS] [00:36:00] Finished (3.9e-05)
[UEDRS] [00:36:00] Memory Usage: RSS = 5156.67 MB, VMS = 17168.57 MB
[UEDRS] [00:04:56] Elapsed

[UEDRS] [00:36:00] Memory Usage: RSS = 5156.67 MB, VMS = 17168.57 MB
[UEDRS] [00:36:00] Releasing dataframe from memory
[UEDRS] [00:36:00] Memory Usage: RSS = 5143.95 MB, VMS = 17155.57 MB
[UEDRS] [00:36:00] Dataset: YAHOO
[UEDRS] [00:36:00] Loading
[UEDRS] [00:36:04] Loading done
[UEDRS] [00:36:04] Memory Usage: RSS = 5405.29 MB, VMS = 17207.47 MB
[UEDRS] [00:00:04] Elapsed
[UEDRS] [00:36:04] Sampling
[UEDRS] [00:37:09] Sampling done, obtained size: 100000
[UEDRS] [00:37:09] Memory Usage: RSS = 4967.63 MB, VMS = 16766.57 MB
[UEDRS] [00:01:04] Elapsed
[UEDRS] [00:37:09] Checking [LENSKIT][BIASED_SVD][YAHOO][100k]
[UEDRS] [00:37:09] Starting
2025-12-29 01:13:34 [warning  ] loaded pipeline does not match hash
[UEDRS] [00:41:58] Finished (5.9e-05)
[UEDRS] [00:41:58] Memory Usage: RSS = 3969.95 MB, VMS = 16789.57 MB
[UEDRS] [00:04:49] Elapsed

[UEDRS] [00:41:58] Memory Usage: RSS = 3969.95 MB, VMS = 16789.57 MB
[UEDRS] [00:41:58] Releasing dataframe from memory
[UEDRS] [00:41:59] Memory Usage: RSS = 3959.09 MB, VMS = 16778.57 MB
[UEDRS] [00:41:59] Dataset: ALIBABA
[UEDRS] [00:41:59] Loading
[UEDRS] [00:42:08] Loading done
[UEDRS] [00:42:08] Memory Usage: RSS = 7581.95 MB, VMS = 18429.80 MB
[UEDRS] [00:00:09] Elapsed
[UEDRS] [00:42:08] Sampling
[UEDRS] [00:44:11] Sampling done, obtained size: 100000
[UEDRS] [00:44:11] Memory Usage: RSS = 6127.51 MB, VMS = 16970.57 MB
[UEDRS] [00:02:02] Elapsed
[UEDRS] [00:44:11] Checking [LENSKIT][BIASED_SVD][ALIBABA][100k]
[UEDRS] [00:44:11] Starting
2025-12-29 01:20:40 [warning  ] loaded pipeline does not match hash
[UEDRS]
[00:44:53]
Exception handled:
'Field "rating" does not exist in schema'
[UEDRS] [00:44:53] Finished (-1)
[UEDRS] [00:44:53] Memory Usage: RSS = 6141.10 MB, VMS = 16980.57 MB
[UEDRS] [00:00:42] Elapsed

[UEDRS] [00:44:53] Memory Usage: RSS = 6141.10 MB, VMS = 16980.57 MB
[UEDRS] [00:44:53] Releasing dataframe from memory
[UEDRS] [00:44:53] Memory Usage: RSS = 6134.10 MB, VMS = 16973.57 MB
[UEDRS] [00:44:53] Dataset: GOODREADS
[UEDRS] [00:44:53] Loading
[UEDRS] [00:45:04] Loading done
[UEDRS] [00:45:04] Memory Usage: RSS = 9588.15 MB, VMS = 19356.02 MB
[UEDRS] [00:00:10] Elapsed
[UEDRS] [00:45:04] Sampling
[UEDRS] [00:45:43] Sampling done, obtained size: 100000
[UEDRS] [00:45:43] Memory Usage: RSS = 7843.93 MB, VMS = 17611.57 MB
[UEDRS] [00:00:39] Elapsed
[UEDRS] [00:45:43] Checking [LENSKIT][BIASED_SVD][GOODREADS][100k]
[UEDRS] [00:45:43] Starting
2025-12-29 01:22:07 [warning  ] loaded pipeline does not match hash
[UEDRS] [00:50:32] Finished (1.9e-05)
[UEDRS] [00:50:32] Memory Usage: RSS = 5793.41 MB, VMS = 17628.57 MB
[UEDRS] [00:04:48] Elapsed

[UEDRS] [00:50:32] Memory Usage: RSS = 5793.41 MB, VMS = 17628.57 MB
[UEDRS] [00:50:32] Releasing dataframe from memory
[UEDRS] [00:50:32] Memory Usage: RSS = 5787.44 MB, VMS = 17622.57 MB
[UEDRS] [00:50:32] Dataset: LASTFM
[UEDRS] [00:50:32] Loading
[UEDRS] [00:50:50] Loading done
[UEDRS] [00:50:50] Memory Usage: RSS = 14451.27 MB, VMS = 24308.13 MB
[UEDRS] [00:00:18] Elapsed
[UEDRS] [00:50:50] Sampling
[UEDRS] [00:51:14] Sampling done, obtained size: 100000
[UEDRS] [00:51:14] Memory Usage: RSS = 10789.34 MB, VMS = 20645.57 MB
[UEDRS] [00:00:23] Elapsed
[UEDRS] [00:51:14] Checking [LENSKIT][BIASED_SVD][LASTFM][100k]
[UEDRS] [00:51:14] Starting
2025-12-29 01:27:26 [warning  ] loaded pipeline does not match hash
[UEDRS] [00:55:49] Finished (0)
[UEDRS] [00:55:49] Memory Usage: RSS = 8326.31 MB, VMS = 18199.57 MB
[UEDRS] [00:04:35] Elapsed

[UEDRS] [00:55:49] Memory Usage: RSS = 8326.31 MB, VMS = 18199.57 MB
[UEDRS] [00:55:49] Releasing dataframe from memory
[UEDRS] [00:55:49] Memory Usage: RSS = 8319.50 MB, VMS = 18192.57 MB
[UEDRS] [00:55:49] Dataset: AMAZON
[UEDRS] [00:55:49] Loading
[UEDRS] [00:56:33] Loading done
[UEDRS] [00:56:33] Memory Usage: RSS = 21544.43 MB, VMS = 29435.68 MB
[UEDRS] [00:00:43] Elapsed
[UEDRS] [00:56:33] Sampling
[UEDRS] [01:26:52] Sampling done, obtained size: 100000
[UEDRS] [01:26:52] Memory Usage: RSS = 21461.75 MB, VMS = 29329.16 MB
[UEDRS] [00:30:19] Elapsed
[UEDRS] [01:26:52] Checking [LENSKIT][BIASED_SVD][AMAZON][100k]
[UEDRS] [01:26:52] Starting
2025-12-29 02:03:25 [warning  ] loaded pipeline does not match hash
[UEDRS] [01:32:14] Finished (0)
[UEDRS] [01:32:14] Memory Usage: RSS = 16224.10 MB, VMS = 25033.16 MB
[UEDRS] [00:05:21] Elapsed

[UEDRS] [01:32:14] Memory Usage: RSS = 16224.10 MB, VMS = 25033.16 MB
[UEDRS] [01:32:14] Releasing dataframe from memory
[UEDRS] [01:32:14] Memory Usage: RSS = 16218.12 MB, VMS = 25027.16 MB
[UEDRS] [01:32:14] Desired size: 250000
[UEDRS] [01:32:14] Dataset: MYANIMELIST
[UEDRS] [01:32:14] Loading
[UEDRS] [01:32:14] Loading done
[UEDRS] [01:32:14] Memory Usage: RSS = 16236.41 MB, VMS = 25026.16 MB
[UEDRS] [00:00:00] Elapsed
[UEDRS] [01:32:14] Sampling
[UEDRS] [01:32:17] Sampling done, obtained size: 250000
[UEDRS] [01:32:17] Memory Usage: RSS = 16236.41 MB, VMS = 25026.16 MB
[UEDRS] [00:00:02] Elapsed
[UEDRS] [01:32:17] Checking [LENSKIT][BIASED_SVD][MYANIMELIST][250k]
[UEDRS] [01:32:17] Starting
2025-12-29 02:08:29 [warning  ] loaded pipeline does not match hash
[UEDRS] [01:36:32] Finished (0.0052)
[UEDRS] [01:36:32] Memory Usage: RSS = 16231.29 MB, VMS = 25027.16 MB
[UEDRS] [00:04:15] Elapsed

[UEDRS] [01:36:32] Memory Usage: RSS = 16231.29 MB, VMS = 25027.16 MB
[UEDRS] [01:36:32] Releasing dataframe from memory
[UEDRS] [01:36:32] Memory Usage: RSS = 16227.94 MB, VMS = 25023.16 MB
[UEDRS] [01:36:32] Dataset: IPINYOU
[UEDRS] [01:36:32] Loading
[UEDRS] [01:36:33] Loading done
[UEDRS] [01:36:33] Memory Usage: RSS = 16319.59 MB, VMS = 25023.16 MB
[UEDRS] [00:00:00] Elapsed
[UEDRS] [01:36:33] Sampling
[UEDRS] [01:45:51] Sampling done, obtained size: 250000
[UEDRS] [01:45:51] Memory Usage: RSS = 16318.95 MB, VMS = 25023.16 MB
[UEDRS] [00:09:18] Elapsed
[UEDRS] [01:45:51] Checking [LENSKIT][BIASED_SVD][IPINYOU][250k]
[UEDRS] [01:45:51] Starting
2025-12-29 02:24:29 [warning  ] loaded pipeline does not match hash
[UEDRS] [01:51:32] Finished (0)
[UEDRS] [01:51:32] Memory Usage: RSS = 16397.38 MB, VMS = 25070.16 MB
[UEDRS] [00:05:40] Elapsed

[UEDRS] [01:51:32] Memory Usage: RSS = 16397.38 MB, VMS = 25070.16 MB
[UEDRS] [01:51:32] Releasing dataframe from memory
[UEDRS] [01:51:32] Memory Usage: RSS = 16374.45 MB, VMS = 25047.16 MB
[UEDRS] [01:51:32] Dataset: TMALL
[UEDRS] [01:51:32] Loading
[UEDRS] [01:51:33] Loading done
[UEDRS] [01:51:33] Memory Usage: RSS = 12981.00 MB, VMS = 25045.16 MB
[UEDRS] [00:00:00] Elapsed
[UEDRS] [01:51:33] Sampling
[UEDRS] [01:51:56] Sampling done, obtained size: 250000
[UEDRS] [01:51:56] Memory Usage: RSS = 12981.00 MB, VMS = 25045.16 MB
[UEDRS] [00:00:23] Elapsed
[UEDRS] [01:51:56] Checking [LENSKIT][BIASED_SVD][TMALL][250k]
[UEDRS] [01:51:56] Starting
2025-12-29 02:29:10 [warning  ] loaded pipeline does not match hash
[UEDRS] [01:59:29] Finished (1.6e-05)
[UEDRS] [01:59:29] Memory Usage: RSS = 13004.25 MB, VMS = 25071.16 MB
[UEDRS] [00:07:33] Elapsed

[UEDRS] [01:59:29] Memory Usage: RSS = 13004.25 MB, VMS = 25071.16 MB
[UEDRS] [01:59:29] Releasing dataframe from memory
[UEDRS] [01:59:30] Memory Usage: RSS = 12984.32 MB, VMS = 25051.16 MB
[UEDRS] [01:59:30] Dataset: MOVIELENS
[UEDRS] [01:59:30] Loading
[UEDRS] [01:59:30] Loading done
[UEDRS] [01:59:30] Memory Usage: RSS = 13609.55 MB, VMS = 25049.16 MB
[UEDRS] [00:00:00] Elapsed
[UEDRS] [01:59:30] Sampling
[UEDRS] [01:59:38] Sampling done, obtained size: 250000
[UEDRS] [01:59:38] Memory Usage: RSS = 13608.55 MB, VMS = 25048.16 MB
[UEDRS] [00:00:08] Elapsed
[UEDRS] [01:59:38] Checking [LENSKIT][BIASED_SVD][MOVIELENS][250k]
[UEDRS] [01:59:38] Starting
2025-12-29 02:36:28 [warning  ] loaded pipeline does not match hash
[UEDRS] [02:05:14] Finished (0.0013)
[UEDRS] [02:05:14] Memory Usage: RSS = 13587.83 MB, VMS = 25075.16 MB
[UEDRS] [00:05:35] Elapsed

[UEDRS] [02:05:14] Memory Usage: RSS = 13587.83 MB, VMS = 25075.16 MB
[UEDRS] [02:05:14] Releasing dataframe from memory
[UEDRS] [02:05:14] Memory Usage: RSS = 13569.53 MB, VMS = 25056.16 MB
[UEDRS] [02:05:14] Dataset: MUSIC4ALL
[UEDRS] [02:05:14] Loading
[UEDRS] [02:05:18] Loading done
[UEDRS] [02:05:18] Memory Usage: RSS = 15034.16 MB, VMS = 25436.75 MB
[UEDRS] [00:00:03] Elapsed
[UEDRS] [02:05:18] Sampling
[UEDRS] [02:05:26] Sampling done, obtained size: 250000
[UEDRS] [02:05:26] Memory Usage: RSS = 14652.57 MB, VMS = 25055.16 MB
[UEDRS] [00:00:08] Elapsed
[UEDRS] [02:05:26] Checking [LENSKIT][BIASED_SVD][MUSIC4ALL][250k]
[UEDRS] [02:05:26] Starting
2025-12-29 02:41:49 [warning  ] loaded pipeline does not match hash
[UEDRS] [02:10:18] Finished (8.7e-05)
[UEDRS] [02:10:18] Memory Usage: RSS = 14607.57 MB, VMS = 25080.16 MB
[UEDRS] [00:04:51] Elapsed

[UEDRS] [02:10:18] Memory Usage: RSS = 14607.57 MB, VMS = 25080.16 MB
[UEDRS] [02:10:18] Releasing dataframe from memory
[UEDRS] [02:10:18] Memory Usage: RSS = 14591.69 MB, VMS = 25064.16 MB
[UEDRS] [02:10:18] Dataset: NETFLIX
[UEDRS] [02:10:18] Loading
[UEDRS] [02:10:19] Loading done
[UEDRS] [02:10:19] Memory Usage: RSS = 14933.92 MB, VMS = 25063.16 MB
[UEDRS] [00:00:01] Elapsed
[UEDRS] [02:10:19] Sampling
[UEDRS] [02:10:52] Sampling done, obtained size: 250000
[UEDRS] [02:10:52] Memory Usage: RSS = 14932.92 MB, VMS = 25062.16 MB
[UEDRS] [00:00:32] Elapsed
[UEDRS] [02:10:52] Checking [LENSKIT][BIASED_SVD][NETFLIX][250k]
[UEDRS] [02:10:52] Starting
2025-12-29 02:48:19 [warning  ] loaded pipeline does not match hash
[UEDRS] [02:17:30] Finished (0.00039)
[UEDRS] [02:17:30] Memory Usage: RSS = 14888.44 MB, VMS = 25088.16 MB
[UEDRS] [00:06:38] Elapsed

[UEDRS] [02:17:30] Memory Usage: RSS = 14888.44 MB, VMS = 25088.16 MB
[UEDRS] [02:17:30] Releasing dataframe from memory
[UEDRS] [02:17:30] Memory Usage: RSS = 14866.48 MB, VMS = 25066.16 MB
[UEDRS] [02:17:30] Dataset: YAHOO
[UEDRS] [02:17:30] Loading
[UEDRS] [02:17:32] Loading done
[UEDRS] [02:17:32] Memory Usage: RSS = 15342.62 MB, VMS = 25066.16 MB
[UEDRS] [00:00:01] Elapsed
[UEDRS] [02:17:32] Sampling
[UEDRS] [02:18:36] Sampling done, obtained size: 250000
[UEDRS] [02:18:36] Memory Usage: RSS = 15342.62 MB, VMS = 25066.16 MB
[UEDRS] [00:01:04] Elapsed
[UEDRS] [02:18:36] Checking [LENSKIT][BIASED_SVD][YAHOO][250k]
[UEDRS] [02:18:36] Starting
2025-12-29 02:56:18 [warning  ] loaded pipeline does not match hash
[UEDRS] [02:25:50] Finished (2.1e-05)
[UEDRS] [02:25:50] Memory Usage: RSS = 15358.96 MB, VMS = 25093.16 MB
[UEDRS] [00:07:13] Elapsed

[UEDRS] [02:25:50] Memory Usage: RSS = 15358.96 MB, VMS = 25093.16 MB
[UEDRS] [02:25:50] Releasing dataframe from memory
[UEDRS] [02:25:50] Memory Usage: RSS = 15339.01 MB, VMS = 25072.16 MB
[UEDRS] [02:25:50] Dataset: ALIBABA
[UEDRS] [02:25:50] Loading
[UEDRS] [02:25:52] Loading done
[UEDRS] [02:25:52] Memory Usage: RSS = 16015.73 MB, VMS = 25072.16 MB
[UEDRS] [00:00:02] Elapsed
[UEDRS] [02:25:52] Sampling
[UEDRS] [02:27:57] Sampling done, obtained size: 250000
[UEDRS] [02:27:57] Memory Usage: RSS = 16013.74 MB, VMS = 25070.16 MB
[UEDRS] [00:02:04] Elapsed
[UEDRS] [02:27:57] Checking [LENSKIT][BIASED_SVD][ALIBABA][250k]
[UEDRS] [02:27:57] Starting
2025-12-29 03:06:15 [warning  ] loaded pipeline does not match hash
[UEDRS]
[02:30:28]
Exception handled:
'Field "rating" does not exist in schema'
[UEDRS] [02:30:28] Finished (-1)
[UEDRS] [02:30:28] Memory Usage: RSS = 16027.17 MB, VMS = 25082.16 MB
[UEDRS] [00:02:31] Elapsed

[UEDRS] [02:30:28] Memory Usage: RSS = 16027.17 MB, VMS = 25082.16 MB
[UEDRS] [02:30:28] Releasing dataframe from memory
[UEDRS] [02:30:28] Memory Usage: RSS = 16021.17 MB, VMS = 25076.16 MB
[UEDRS] [02:30:28] Dataset: GOODREADS
[UEDRS] [02:30:28] Loading
[UEDRS] [02:30:31] Loading done
[UEDRS] [02:30:31] Memory Usage: RSS = 18542.92 MB, VMS = 26819.61 MB
[UEDRS] [00:00:02] Elapsed
[UEDRS] [02:30:31] Sampling
[UEDRS] [02:31:10] Sampling done, obtained size: 250000
[UEDRS] [02:31:10] Memory Usage: RSS = 16797.63 MB, VMS = 25074.16 MB
[UEDRS] [00:00:39] Elapsed
[UEDRS] [02:31:10] Checking [LENSKIT][BIASED_SVD][GOODREADS][250k]
[UEDRS] [02:31:10] Starting
2025-12-29 03:08:36 [warning  ] loaded pipeline does not match hash
[UEDRS] [02:38:44] Finished (8.6e-05)
[UEDRS] [02:38:44] Memory Usage: RSS = 16710.68 MB, VMS = 25109.16 MB
[UEDRS] [00:07:34] Elapsed

[UEDRS] [02:38:44] Memory Usage: RSS = 16710.68 MB, VMS = 25109.16 MB
[UEDRS] [02:38:44] Releasing dataframe from memory
[UEDRS] [02:38:44] Memory Usage: RSS = 16691.71 MB, VMS = 25089.16 MB
[UEDRS] [02:38:44] Dataset: LASTFM
[UEDRS] [02:38:44] Loading
[UEDRS] [02:38:49] Loading done
[UEDRS] [02:38:49] Memory Usage: RSS = 24211.25 MB, VMS = 31193.72 MB
[UEDRS] [00:00:05] Elapsed
[UEDRS] [02:38:49] Sampling
[UEDRS] [02:39:17] Sampling done, obtained size: 250000
[UEDRS] [02:39:17] Memory Usage: RSS = 20549.72 MB, VMS = 27532.16 MB
[UEDRS] [00:00:27] Elapsed
[UEDRS] [02:39:17] Checking [LENSKIT][BIASED_SVD][LASTFM][250k]
[UEDRS] [02:39:17] Starting
2025-12-29 03:15:43 [warning  ] loaded pipeline does not match hash
[UEDRS] [02:45:10] Finished (0)
[UEDRS] [02:45:10] Memory Usage: RSS = 18099.61 MB, VMS = 25090.16 MB
[UEDRS] [00:05:53] Elapsed

[UEDRS] [02:45:10] Memory Usage: RSS = 18099.61 MB, VMS = 25090.16 MB
[UEDRS] [02:45:10] Releasing dataframe from memory
[UEDRS] [02:45:10] Memory Usage: RSS = 18095.61 MB, VMS = 25086.16 MB
[UEDRS] [02:45:10] Dataset: AMAZON
[UEDRS] [02:45:10] Loading
[UEDRS] [02:45:53] Loading done
[UEDRS] [02:45:53] Memory Usage: RSS = 27544.46 MB, VMS = 34152.27 MB
[UEDRS] [00:00:42] Elapsed
[UEDRS] [02:45:53] Sampling
[UEDRS] [03:16:16] Sampling done, obtained size: 250000
[UEDRS] [03:16:16] Memory Usage: RSS = 24191.52 MB, VMS = 30798.96 MB
[UEDRS] [00:30:23] Elapsed
[UEDRS] [03:16:16] Checking [LENSKIT][BIASED_SVD][AMAZON][250k]
[UEDRS] [03:16:16] Starting
2025-12-29 03:54:40 [warning  ] loaded pipeline does not match hash
[UEDRS] [03:27:11] Finished (2.8e-06)
[UEDRS] [03:27:11] Memory Usage: RSS = 19666.08 MB, VMS = 26524.96 MB
[UEDRS] [00:10:55] Elapsed

[UEDRS] [03:27:11] Memory Usage: RSS = 19666.08 MB, VMS = 26524.96 MB
[UEDRS] [03:27:11] Releasing dataframe from memory
[UEDRS] [03:27:11] Memory Usage: RSS = 19637.19 MB, VMS = 26495.96 MB
[UEDRS] [03:27:11] Desired size: 500000
[UEDRS] [03:27:11] Dataset: MYANIMELIST
[UEDRS] [03:27:11] Loading
[UEDRS] [03:27:12] Loading done
[UEDRS] [03:27:12] Memory Usage: RSS = 19530.86 MB, VMS = 26495.96 MB
[UEDRS] [00:00:00] Elapsed
[UEDRS] [03:27:12] Sampling
[UEDRS] [03:27:15] Sampling done, obtained size: 500000
[UEDRS] [03:27:15] Memory Usage: RSS = 19530.86 MB, VMS = 26495.96 MB
[UEDRS] [00:00:02] Elapsed
[UEDRS] [03:27:15] Checking [LENSKIT][BIASED_SVD][MYANIMELIST][500k]
[UEDRS] [03:27:15] Starting
2025-12-29 04:03:33 [warning  ] loaded pipeline does not match hash
[UEDRS] [03:31:42] Finished (0.007)
[UEDRS] [03:31:42] Memory Usage: RSS = 19515.35 MB, VMS = 26490.96 MB
[UEDRS] [00:04:27] Elapsed

[UEDRS] [03:31:42] Memory Usage: RSS = 19515.35 MB, VMS = 26490.96 MB
[UEDRS] [03:31:42] Releasing dataframe from memory
[UEDRS] [03:31:42] Memory Usage: RSS = 19509.96 MB, VMS = 26484.96 MB
[UEDRS] [03:31:42] Dataset: IPINYOU
[UEDRS] [03:31:42] Loading
[UEDRS] [03:31:43] Loading done
[UEDRS] [03:31:43] Memory Usage: RSS = 19523.06 MB, VMS = 26484.96 MB
[UEDRS] [00:00:01] Elapsed
[UEDRS] [03:31:43] Sampling
[UEDRS] [03:41:00] Sampling done, obtained size: 500000
[UEDRS] [03:41:00] Memory Usage: RSS = 19522.80 MB, VMS = 26484.96 MB
[UEDRS] [00:09:16] Elapsed
[UEDRS] [03:41:00] Checking [LENSKIT][BIASED_SVD][IPINYOU][500k]
[UEDRS] [03:41:00] Starting
2025-12-29 04:25:27 [warning  ] loaded pipeline does not match hash
[UEDRS] [03:55:09] Finished (0)
[UEDRS] [03:55:09] Memory Usage: RSS = 19632.71 MB, VMS = 26604.96 MB
[UEDRS] [00:14:08] Elapsed

[UEDRS] [03:55:09] Memory Usage: RSS = 19632.71 MB, VMS = 26604.96 MB
[UEDRS] [03:55:09] Releasing dataframe from memory
[UEDRS] [03:55:09] Memory Usage: RSS = 19592.72 MB, VMS = 26564.96 MB
[UEDRS] [03:55:09] Dataset: TMALL
[UEDRS] [03:55:09] Loading
[UEDRS] [03:55:10] Loading done
[UEDRS] [03:55:10] Memory Usage: RSS = 19598.99 MB, VMS = 26564.96 MB
[UEDRS] [00:00:01] Elapsed
[UEDRS] [03:55:10] Sampling
[UEDRS] [03:55:35] Sampling done, obtained size: 500000
[UEDRS] [03:55:35] Memory Usage: RSS = 19599.09 MB, VMS = 26564.96 MB
[UEDRS] [00:00:24] Elapsed
[UEDRS] [03:55:35] Checking [LENSKIT][BIASED_SVD][TMALL][500k]
[UEDRS] [03:55:35] Starting
2025-12-29 04:33:55 [warning  ] loaded pipeline does not match hash
[UEDRS] [04:07:18] Finished (1.6e-05)
[UEDRS] [04:07:18] Memory Usage: RSS = 19619.80 MB, VMS = 26594.96 MB
[UEDRS] [00:11:42] Elapsed

[UEDRS] [04:07:18] Memory Usage: RSS = 19619.80 MB, VMS = 26594.96 MB
[UEDRS] [04:07:18] Releasing dataframe from memory
[UEDRS] [04:07:18] Memory Usage: RSS = 19590.98 MB, VMS = 26565.96 MB
[UEDRS] [04:07:18] Dataset: MOVIELENS
[UEDRS] [04:07:18] Loading
[UEDRS] [04:07:20] Loading done
[UEDRS] [04:07:20] Memory Usage: RSS = 19613.61 MB, VMS = 26564.96 MB
[UEDRS] [00:00:01] Elapsed
[UEDRS] [04:07:20] Sampling
[UEDRS] [04:07:28] Sampling done, obtained size: 500000
[UEDRS] [04:07:28] Memory Usage: RSS = 19612.61 MB, VMS = 26563.96 MB
[UEDRS] [00:00:08] Elapsed
[UEDRS] [04:07:28] Checking [LENSKIT][BIASED_SVD][MOVIELENS][500k]
[UEDRS] [04:07:28] Starting
2025-12-29 04:44:51 [warning  ] loaded pipeline does not match hash
[UEDRS] [04:14:11] Finished (0.0026)
[UEDRS] [04:14:11] Memory Usage: RSS = 19570.34 MB, VMS = 26589.96 MB
[UEDRS] [00:06:43] Elapsed

[UEDRS] [04:14:11] Memory Usage: RSS = 19570.34 MB, VMS = 26589.96 MB
[UEDRS] [04:14:11] Releasing dataframe from memory
[UEDRS] [04:14:12] Memory Usage: RSS = 19558.39 MB, VMS = 26577.96 MB
[UEDRS] [04:14:12] Dataset: MUSIC4ALL
[UEDRS] [04:14:12] Loading
[UEDRS] [04:14:17] Loading done
[UEDRS] [04:14:17] Memory Usage: RSS = 19968.83 MB, VMS = 26958.55 MB
[UEDRS] [00:00:05] Elapsed
[UEDRS] [04:14:17] Sampling
[UEDRS] [04:14:25] Sampling done, obtained size: 500000
[UEDRS] [04:14:25] Memory Usage: RSS = 19586.23 MB, VMS = 26575.96 MB
[UEDRS] [00:00:08] Elapsed
[UEDRS] [04:14:25] Checking [LENSKIT][BIASED_SVD][MUSIC4ALL][500k]
[UEDRS] [04:14:25] Starting
2025-12-29 04:50:58 [warning  ] loaded pipeline does not match hash
[UEDRS] [04:19:38] Finished (0.00011)
[UEDRS] [04:19:38] Memory Usage: RSS = 19547.73 MB, VMS = 26598.96 MB
[UEDRS] [00:05:12] Elapsed

[UEDRS] [04:19:38] Memory Usage: RSS = 19547.73 MB, VMS = 26598.96 MB
[UEDRS] [04:19:38] Releasing dataframe from memory
[UEDRS] [04:19:38] Memory Usage: RSS = 19528.90 MB, VMS = 26579.96 MB
[UEDRS] [04:19:38] Dataset: NETFLIX
[UEDRS] [04:19:38] Loading
[UEDRS] [04:19:43] Loading done
[UEDRS] [04:19:43] Memory Usage: RSS = 19601.86 MB, VMS = 26578.96 MB
[UEDRS] [00:00:04] Elapsed
[UEDRS] [04:19:43] Sampling
[UEDRS] [04:20:21] Sampling done, obtained size: 500000
[UEDRS] [04:20:21] Memory Usage: RSS = 19600.86 MB, VMS = 26577.96 MB
[UEDRS] [00:00:38] Elapsed
[UEDRS] [04:20:21] Checking [LENSKIT][BIASED_SVD][NETFLIX][500k]
[UEDRS] [04:20:21] Starting
2025-12-29 04:59:01 [warning  ] loaded pipeline does not match hash
[UEDRS] [04:29:16] Finished (0.00095)
[UEDRS] [04:29:16] Memory Usage: RSS = 19151.85 MB, VMS = 26257.13 MB
[UEDRS] [00:08:55] Elapsed

[UEDRS] [04:29:16] Memory Usage: RSS = 19151.85 MB, VMS = 26257.13 MB
[UEDRS] [04:29:16] Releasing dataframe from memory
[UEDRS] [04:29:16] Memory Usage: RSS = 19119.75 MB, VMS = 26224.13 MB
[UEDRS] [04:29:16] Dataset: YAHOO
[UEDRS] [04:29:16] Loading
[UEDRS] [04:29:21] Loading done
[UEDRS] [04:29:21] Memory Usage: RSS = 19223.40 MB, VMS = 26223.13 MB
[UEDRS] [00:00:04] Elapsed
[UEDRS] [04:29:21] Sampling
[UEDRS] [04:30:26] Sampling done, obtained size: 500000
[UEDRS] [04:30:26] Memory Usage: RSS = 19222.12 MB, VMS = 26222.13 MB
[UEDRS] [00:01:04] Elapsed
[UEDRS] [04:30:26] Checking [LENSKIT][BIASED_SVD][YAHOO][500k]
[UEDRS] [04:30:26] Starting
2025-12-29 05:11:00 [warning  ] loaded pipeline does not match hash
[UEDRS] [04:42:05] Finished (6.7e-05)
[UEDRS] [04:42:05] Memory Usage: RSS = 19267.03 MB, VMS = 26273.42 MB
[UEDRS] [00:11:39] Elapsed

[UEDRS] [04:42:05] Memory Usage: RSS = 19267.03 MB, VMS = 26273.42 MB
[UEDRS] [04:42:05] Releasing dataframe from memory
[UEDRS] [04:42:05] Memory Usage: RSS = 19241.08 MB, VMS = 26247.42 MB
[UEDRS] [04:42:05] Dataset: ALIBABA
[UEDRS] [04:42:05] Loading
[UEDRS] [04:42:15] Loading done
[UEDRS] [04:42:15] Memory Usage: RSS = 19303.07 MB, VMS = 26246.42 MB
[UEDRS] [00:00:10] Elapsed
[UEDRS] [04:42:15] Sampling
[UEDRS] [04:44:19] Sampling done, obtained size: 500000
[UEDRS] [04:44:19] Memory Usage: RSS = 19301.10 MB, VMS = 26244.42 MB
[UEDRS] [00:02:04] Elapsed
[UEDRS] [04:44:19] Checking [LENSKIT][BIASED_SVD][ALIBABA][500k]
[UEDRS] [04:44:19] Starting
2025-12-29 05:27:45 [warning  ] loaded pipeline does not match hash
[UEDRS]
[04:51:58]
Exception handled:
'Field "rating" does not exist in schema'
[UEDRS] [04:51:59] Finished (-1)
[UEDRS] [04:51:59] Memory Usage: RSS = 19229.70 MB, VMS = 26275.57 MB
[UEDRS] [00:07:39] Elapsed

[UEDRS] [04:51:59] Memory Usage: RSS = 19229.70 MB, VMS = 26275.57 MB
[UEDRS] [04:51:59] Releasing dataframe from memory
[UEDRS] [04:51:59] Memory Usage: RSS = 19221.82 MB, VMS = 26267.57 MB
[UEDRS] [04:51:59] Dataset: GOODREADS
[UEDRS] [04:51:59] Loading
[UEDRS] [04:52:02] Loading done
[UEDRS] [04:52:02] Memory Usage: RSS = 19349.43 MB, VMS = 26266.57 MB
[UEDRS] [00:00:03] Elapsed
[UEDRS] [04:52:02] Sampling
[UEDRS] [04:52:41] Sampling done, obtained size: 500000
[UEDRS] [04:52:41] Memory Usage: RSS = 19348.43 MB, VMS = 26265.57 MB
[UEDRS] [00:00:39] Elapsed
[UEDRS] [04:52:41] Checking [LENSKIT][BIASED_SVD][GOODREADS][500k]
[UEDRS] [04:52:41] Starting
2025-12-29 05:31:56 [warning  ] loaded pipeline does not match hash
[UEDRS] [05:05:04] Finished (0.0002)
[UEDRS] [05:05:04] Memory Usage: RSS = 19302.79 MB, VMS = 26297.57 MB
[UEDRS] [00:12:22] Elapsed

[UEDRS] [05:05:04] Memory Usage: RSS = 19302.79 MB, VMS = 26297.57 MB
[UEDRS] [05:05:04] Releasing dataframe from memory
[UEDRS] [05:05:04] Memory Usage: RSS = 19273.64 MB, VMS = 26267.57 MB
[UEDRS] [05:05:04] Dataset: LASTFM
[UEDRS] [05:05:04] Loading
[UEDRS] [05:05:09] Loading done
[UEDRS] [05:05:09] Memory Usage: RSS = 24215.98 MB, VMS = 31155.61 MB
[UEDRS] [00:00:05] Elapsed
[UEDRS] [05:05:09] Sampling
[UEDRS] [05:05:33] Sampling done, obtained size: 500000
[UEDRS] [05:05:33] Memory Usage: RSS = 21774.04 MB, VMS = 28713.57 MB
[UEDRS] [00:00:23] Elapsed
[UEDRS] [05:05:33] Checking [LENSKIT][BIASED_SVD][LASTFM][500k]
[UEDRS] [05:05:33] Starting
2025-12-29 05:42:09 [warning  ] loaded pipeline does not match hash
[UEDRS] [05:12:34] Finished (4.2e-06)
[UEDRS] [05:12:34] Memory Usage: RSS = 19322.17 MB, VMS = 26268.57 MB
[UEDRS] [00:07:01] Elapsed

[UEDRS] [05:12:34] Memory Usage: RSS = 19322.17 MB, VMS = 26268.57 MB
[UEDRS] [05:12:34] Releasing dataframe from memory
[UEDRS] [05:12:34] Memory Usage: RSS = 19311.46 MB, VMS = 26257.57 MB
[UEDRS] [05:12:34] Dataset: AMAZON
[UEDRS] [05:12:34] Loading
[UEDRS] [05:12:42] Loading done
[UEDRS] [05:12:42] Memory Usage: RSS = 28255.61 MB, VMS = 34875.68 MB
[UEDRS] [00:00:08] Elapsed
[UEDRS] [05:12:42] Sampling
[UEDRS] [05:43:05] Sampling done, obtained size: 500000
[UEDRS] [05:43:05] Memory Usage: RSS = 26354.16 MB, VMS = 33052.50 MB
[UEDRS] [00:30:22] Elapsed
[UEDRS] [05:43:05] Checking [LENSKIT][BIASED_SVD][AMAZON][500k]
[UEDRS] [05:43:05] Starting
2025-12-29 06:26:14 [warning  ] loaded pipeline does not match hash
[UEDRS] [06:09:22] Finished (5.2e-06)
[UEDRS] [06:09:22] Memory Usage: RSS = 21921.54 MB, VMS = 28794.50 MB
[UEDRS] [00:26:17] Elapsed

[UEDRS] [06:09:22] Memory Usage: RSS = 21921.54 MB, VMS = 28794.50 MB
[UEDRS] [06:09:22] Releasing dataframe from memory
[UEDRS] [06:09:22] Memory Usage: RSS = 21877.69 MB, VMS = 28750.50 MB
[UEDRS] [06:09:22] Desired size: 750000
[UEDRS] [06:09:22] Dataset: MYANIMELIST
[UEDRS] [06:09:22] Loading
[UEDRS] [06:09:22] Loading done
[UEDRS] [06:09:22] Memory Usage: RSS = 21917.68 MB, VMS = 28750.50 MB
[UEDRS] [00:00:00] Elapsed
[UEDRS] [06:09:22] Sampling
[UEDRS] [06:09:25] Sampling done, obtained size: 750000
[UEDRS] [06:09:25] Memory Usage: RSS = 21916.68 MB, VMS = 28749.50 MB
[UEDRS] [00:00:02] Elapsed
[UEDRS] [06:09:25] Checking [LENSKIT][BIASED_SVD][MYANIMELIST][750k]
[UEDRS] [06:09:25] Starting
2025-12-29 06:45:46 [warning  ] loaded pipeline does not match hash
[UEDRS] [06:13:56] Finished (0.01)
[UEDRS] [06:13:56] Memory Usage: RSS = 21859.36 MB, VMS = 28746.50 MB
[UEDRS] [00:04:31] Elapsed

[UEDRS] [06:13:56] Memory Usage: RSS = 21859.36 MB, VMS = 28746.50 MB
[UEDRS] [06:13:56] Releasing dataframe from memory
[UEDRS] [06:13:57] Memory Usage: RSS = 21853.44 MB, VMS = 28740.50 MB
[UEDRS] [06:13:57] Dataset: IPINYOU
[UEDRS] [06:13:57] Loading
[UEDRS] [06:13:57] Loading done
[UEDRS] [06:13:57] Memory Usage: RSS = 21882.09 MB, VMS = 28740.50 MB
[UEDRS] [00:00:00] Elapsed
[UEDRS] [06:13:57] Sampling
[UEDRS] [06:23:22] Sampling done, obtained size: 750000
[UEDRS] [06:23:22] Memory Usage: RSS = 21882.96 MB, VMS = 28741.50 MB
[UEDRS] [00:09:24] Elapsed
[UEDRS] [06:23:22] Checking [LENSKIT][BIASED_SVD][IPINYOU][750k]
[UEDRS] [06:23:22] Starting
2025-12-29 07:17:06 [warning  ] loaded pipeline does not match hash
[UEDRS] [06:49:22] Finished (4.5e-07)
[UEDRS] [06:49:22] Memory Usage: RSS = 21954.18 MB, VMS = 28855.50 MB
[UEDRS] [00:26:00] Elapsed

[UEDRS] [06:49:22] Memory Usage: RSS = 21954.18 MB, VMS = 28855.50 MB
[UEDRS] [06:49:22] Releasing dataframe from memory
[UEDRS] [06:49:22] Memory Usage: RSS = 21924.68 MB, VMS = 28825.50 MB
[UEDRS] [06:49:22] Dataset: TMALL
[UEDRS] [06:49:22] Loading
[UEDRS] [06:49:22] Loading done
[UEDRS] [06:49:22] Memory Usage: RSS = 21975.50 MB, VMS = 28825.50 MB
[UEDRS] [00:00:00] Elapsed
[UEDRS] [06:49:22] Sampling
[UEDRS] [06:49:47] Sampling done, obtained size: 750000
[UEDRS] [06:49:47] Memory Usage: RSS = 21974.51 MB, VMS = 28824.50 MB
[UEDRS] [00:00:24] Elapsed
[UEDRS] [06:49:47] Checking [LENSKIT][BIASED_SVD][TMALL][750k]
[UEDRS] [06:49:47] Starting
2025-12-29 07:29:09 [warning  ] loaded pipeline does not match hash
[UEDRS] [07:05:52] Finished (2.6e-05)
[UEDRS] [07:05:52] Memory Usage: RSS = 21966.87 MB, VMS = 28858.50 MB
[UEDRS] [00:16:05] Elapsed

[UEDRS] [07:05:52] Memory Usage: RSS = 21966.87 MB, VMS = 28858.50 MB
[UEDRS] [07:05:52] Releasing dataframe from memory
[UEDRS] [07:05:52] Memory Usage: RSS = 21934.98 MB, VMS = 28826.50 MB
[UEDRS] [07:05:52] Dataset: MOVIELENS
[UEDRS] [07:05:52] Loading
[UEDRS] [07:05:53] Loading done
[UEDRS] [07:05:53] Memory Usage: RSS = 21984.80 MB, VMS = 28825.50 MB
[UEDRS] [00:00:00] Elapsed
[UEDRS] [07:05:53] Sampling
[UEDRS] [07:06:01] Sampling done, obtained size: 750000
[UEDRS] [07:06:01] Memory Usage: RSS = 21983.82 MB, VMS = 28824.50 MB
[UEDRS] [00:00:08] Elapsed
[UEDRS] [07:06:01] Checking [LENSKIT][BIASED_SVD][MOVIELENS][750k]
[UEDRS] [07:06:01] Starting
2025-12-29 07:43:51 [warning  ] loaded pipeline does not match hash
[UEDRS] [07:13:25] Finished (0.0037)
[UEDRS] [07:13:25] Memory Usage: RSS = 21955.36 MB, VMS = 28849.50 MB
[UEDRS] [00:07:24] Elapsed

[UEDRS] [07:13:25] Memory Usage: RSS = 21955.36 MB, VMS = 28849.50 MB
[UEDRS] [07:13:25] Releasing dataframe from memory
[UEDRS] [07:13:25] Memory Usage: RSS = 21936.59 MB, VMS = 28830.50 MB
[UEDRS] [07:13:25] Dataset: MUSIC4ALL
[UEDRS] [07:13:25] Loading
[UEDRS] [07:13:29] Loading done
[UEDRS] [07:13:29] Memory Usage: RSS = 22341.24 MB, VMS = 29211.10 MB
[UEDRS] [00:00:03] Elapsed
[UEDRS] [07:13:29] Sampling
[UEDRS] [07:13:37] Sampling done, obtained size: 750000
[UEDRS] [07:13:37] Memory Usage: RSS = 21959.64 MB, VMS = 28829.50 MB
[UEDRS] [00:00:08] Elapsed
[UEDRS] [07:13:37] Checking [LENSKIT][BIASED_SVD][MUSIC4ALL][750k]
[UEDRS] [07:13:37] Starting
2025-12-29 07:50:15 [warning  ] loaded pipeline does not match hash
[UEDRS] [07:19:04] Finished (0.00011)
[UEDRS] [07:19:04] Memory Usage: RSS = 21867.68 MB, VMS = 28844.50 MB
[UEDRS] [00:05:27] Elapsed

[UEDRS] [07:19:04] Memory Usage: RSS = 21867.68 MB, VMS = 28844.50 MB
[UEDRS] [07:19:04] Releasing dataframe from memory
[UEDRS] [07:19:04] Memory Usage: RSS = 21852.80 MB, VMS = 28829.50 MB
[UEDRS] [07:19:04] Dataset: NETFLIX
[UEDRS] [07:19:04] Loading
[UEDRS] [07:19:06] Loading done
[UEDRS] [07:19:06] Memory Usage: RSS = 21935.56 MB, VMS = 28829.50 MB
[UEDRS] [00:00:01] Elapsed
[UEDRS] [07:19:06] Sampling
[UEDRS] [07:19:46] Sampling done, obtained size: 750000
[UEDRS] [07:19:46] Memory Usage: RSS = 21935.56 MB, VMS = 28829.50 MB
[UEDRS] [00:00:40] Elapsed
[UEDRS] [07:19:46] Checking [LENSKIT][BIASED_SVD][NETFLIX][750k]
[UEDRS] [07:19:46] Starting
2025-12-29 07:59:19 [warning  ] loaded pipeline does not match hash
[UEDRS] [07:30:04] Finished (0.0015)
[UEDRS] [07:30:04] Memory Usage: RSS = 21877.24 MB, VMS = 28858.50 MB
[UEDRS] [00:10:17] Elapsed

[UEDRS] [07:30:04] Memory Usage: RSS = 21877.24 MB, VMS = 28858.50 MB
[UEDRS] [07:30:04] Releasing dataframe from memory
[UEDRS] [07:30:04] Memory Usage: RSS = 21846.41 MB, VMS = 28827.50 MB
[UEDRS] [07:30:04] Dataset: YAHOO
[UEDRS] [07:30:04] Loading
[UEDRS] [07:30:06] Loading done
[UEDRS] [07:30:06] Memory Usage: RSS = 21943.55 MB, VMS = 28826.50 MB
[UEDRS] [00:00:01] Elapsed
[UEDRS] [07:30:06] Sampling
[UEDRS] [07:31:11] Sampling done, obtained size: 750000
[UEDRS] [07:31:11] Memory Usage: RSS = 21942.69 MB, VMS = 28826.50 MB
[UEDRS] [00:01:05] Elapsed
[UEDRS] [07:31:11] Checking [LENSKIT][BIASED_SVD][YAHOO][750k]
[UEDRS] [07:31:11] Starting
2025-12-29 08:15:06 [warning  ] loaded pipeline does not match hash
[UEDRS] [07:47:40] Finished (6.4e-05)
[UEDRS] [07:47:40] Memory Usage: RSS = 21907.12 MB, VMS = 28867.50 MB
[UEDRS] [00:16:29] Elapsed

[UEDRS] [07:47:40] Memory Usage: RSS = 21907.12 MB, VMS = 28867.50 MB
[UEDRS] [07:47:40] Releasing dataframe from memory
[UEDRS] [07:47:40] Memory Usage: RSS = 21872.20 MB, VMS = 28832.50 MB
[UEDRS] [07:47:40] Dataset: ALIBABA
[UEDRS] [07:47:40] Loading
[UEDRS] [07:47:42] Loading done
[UEDRS] [07:47:42] Memory Usage: RSS = 21994.78 MB, VMS = 28831.50 MB
[UEDRS] [00:00:02] Elapsed
[UEDRS] [07:47:42] Sampling
[UEDRS] [07:49:48] Sampling done, obtained size: 750000
[UEDRS] [07:49:48] Memory Usage: RSS = 21994.79 MB, VMS = 28831.50 MB
[UEDRS] [00:02:06] Elapsed
[UEDRS] [07:49:48] Checking [LENSKIT][BIASED_SVD][ALIBABA][750k]
[UEDRS] [07:49:48] Starting
2025-12-29 08:40:57 [warning  ] loaded pipeline does not match hash
[UEDRS]
[08:05:10]
Exception handled:
'Field "rating" does not exist in schema'
[UEDRS] [08:05:11] Finished (-1)
[UEDRS] [08:05:11] Memory Usage: RSS = 21819.29 MB, VMS = 28820.97 MB
[UEDRS] [00:15:22] Elapsed

[UEDRS] [08:05:11] Memory Usage: RSS = 21819.29 MB, VMS = 28820.97 MB
[UEDRS] [08:05:11] Releasing dataframe from memory
[UEDRS] [08:05:11] Memory Usage: RSS = 21806.32 MB, VMS = 28807.97 MB
[UEDRS] [08:05:11] Dataset: GOODREADS
[UEDRS] [08:05:11] Loading
[UEDRS] [08:05:14] Loading done
[UEDRS] [08:05:14] Memory Usage: RSS = 22016.56 MB, VMS = 28806.97 MB
[UEDRS] [00:00:02] Elapsed
[UEDRS] [08:05:14] Sampling
[UEDRS] [08:05:53] Sampling done, obtained size: 750000
[UEDRS] [08:05:53] Memory Usage: RSS = 22017.20 MB, VMS = 28806.97 MB
[UEDRS] [00:00:39] Elapsed
[UEDRS] [08:05:53] Checking [LENSKIT][BIASED_SVD][GOODREADS][750k]
[UEDRS] [08:05:53] Starting
2025-12-29 08:46:55 [warning  ] loaded pipeline does not match hash
[UEDRS] [08:22:53] Finished (0.00043)
[UEDRS] [08:22:53] Memory Usage: RSS = 21908.53 MB, VMS = 28854.97 MB
[UEDRS] [00:16:59] Elapsed

[UEDRS] [08:22:53] Memory Usage: RSS = 21908.53 MB, VMS = 28854.97 MB
[UEDRS] [08:22:53] Releasing dataframe from memory
[UEDRS] [08:22:53] Memory Usage: RSS = 21869.07 MB, VMS = 28814.97 MB
[UEDRS] [08:22:53] Dataset: LASTFM
[UEDRS] [08:22:53] Loading
[UEDRS] [08:22:58] Loading done
[UEDRS] [08:22:58] Memory Usage: RSS = 25721.46 MB, VMS = 32482.49 MB
[UEDRS] [00:00:04] Elapsed
[UEDRS] [08:22:58] Sampling
[UEDRS] [08:38:18] Sampling done, obtained size: 750000
[UEDRS] [08:38:18] Memory Usage: RSS = 24499.96 MB, VMS = 31260.97 MB
[UEDRS] [00:15:20] Elapsed
[UEDRS] [08:38:18] Checking [LENSKIT][BIASED_SVD][LASTFM][750k]
[UEDRS] [08:38:18] Starting
2025-12-29 09:15:00 [warning  ] loaded pipeline does not match hash
[UEDRS] [08:47:10] Finished (1.1e-05)
[UEDRS] [08:47:10] Memory Usage: RSS = 21719.69 MB, VMS = 28819.97 MB
[UEDRS] [00:08:51] Elapsed

[UEDRS] [08:47:10] Memory Usage: RSS = 21719.69 MB, VMS = 28819.97 MB
[UEDRS] [08:47:10] Releasing dataframe from memory
[UEDRS] [08:47:10] Memory Usage: RSS = 21707.09 MB, VMS = 28806.97 MB
[UEDRS] [08:47:10] Dataset: AMAZON
[UEDRS] [08:47:10] Loading
[UEDRS] [08:47:18] Loading done
[UEDRS] [08:47:18] Memory Usage: RSS = 30801.05 MB, VMS = 37426.08 MB
[UEDRS] [00:00:08] Elapsed
[UEDRS] [08:47:18] Sampling
[UEDRS] [09:18:03] Sampling done, obtained size: 750000
[UEDRS] [09:18:03] Memory Usage: RSS = 26515.18 MB, VMS = 33140.25 MB
[UEDRS] [00:30:45] Elapsed
[UEDRS] [09:18:03] Checking [LENSKIT][BIASED_SVD][AMAZON][750k]
[UEDRS] [09:18:03] Starting
2025-12-29 10:07:53 [warning  ] loaded pipeline does not match hash
[UEDRS] [10:04:49] Finished (2.5e-06)
[UEDRS] [10:04:49] Memory Usage: RSS = 21981.47 MB, VMS = 28895.25 MB
[UEDRS] [00:46:45] Elapsed

[UEDRS] [10:04:49] Memory Usage: RSS = 21981.47 MB, VMS = 28895.25 MB
[UEDRS] [10:04:49] Releasing dataframe from memory
[UEDRS] [10:04:49] Memory Usage: RSS = 21916.98 MB, VMS = 28830.25 MB
[UEDRS] [10:04:49] Desired size: 1000000
[UEDRS] [10:04:49] Dataset: MYANIMELIST
[UEDRS] [10:04:49] Loading
[UEDRS] [10:04:49] Loading done
[UEDRS] [10:04:49] Memory Usage: RSS = 21974.62 MB, VMS = 28830.25 MB
[UEDRS] [00:00:00] Elapsed
[UEDRS] [10:04:49] Sampling
[UEDRS] [10:04:52] Sampling done, obtained size: 1000000
[UEDRS] [10:04:52] Memory Usage: RSS = 21972.62 MB, VMS = 28828.25 MB
[UEDRS] [00:00:02] Elapsed
[UEDRS] [10:04:52] Checking [LENSKIT][BIASED_SVD][MYANIMELIST][1m]
[UEDRS] [10:04:52] Starting
2025-12-29 10:41:14 [warning  ] loaded pipeline does not match hash
[UEDRS] [10:09:26] Finished (-1)
[UEDRS] [10:09:26] Memory Usage: RSS = 21847.17 MB, VMS = 28828.25 MB
[UEDRS] [00:04:34] Elapsed

[UEDRS] [10:09:26] Memory Usage: RSS = 21847.17 MB, VMS = 28828.25 MB
[UEDRS] [10:09:26] Releasing dataframe from memory
[UEDRS] [10:09:26] Memory Usage: RSS = 21843.53 MB, VMS = 28824.25 MB
[UEDRS] [10:09:26] Dataset: IPINYOU
[UEDRS] [10:09:26] Loading
[UEDRS] [10:09:27] Loading done
[UEDRS] [10:09:27] Memory Usage: RSS = 21918.36 MB, VMS = 28824.25 MB
[UEDRS] [00:00:00] Elapsed
[UEDRS] [10:09:27] Sampling
[UEDRS] [10:18:50] Sampling done, obtained size: 1000000
[UEDRS] [10:18:50] Memory Usage: RSS = 21925.03 MB, VMS = 28825.25 MB
[UEDRS] [00:09:23] Elapsed
[UEDRS] [10:18:50] Checking [LENSKIT][BIASED_SVD][IPINYOU][1m]
[UEDRS] [10:18:50] Starting
2025-12-29 11:25:54 [warning  ] loaded pipeline does not match hash
[UEDRS] [11:01:00] Finished (1.3e-06)
[UEDRS] [11:01:00] Memory Usage: RSS = 22028.47 MB, VMS = 28970.25 MB
[UEDRS] [00:42:10] Elapsed

[UEDRS] [11:01:00] Memory Usage: RSS = 22028.47 MB, VMS = 28970.25 MB
[UEDRS] [11:01:00] Releasing dataframe from memory
[UEDRS] [11:01:01] Memory Usage: RSS = 21975.22 MB, VMS = 28916.25 MB
[UEDRS] [11:01:01] Dataset: TMALL
[UEDRS] [11:01:01] Loading
[UEDRS] [11:01:01] Loading done
[UEDRS] [11:01:01] Memory Usage: RSS = 21969.31 MB, VMS = 28915.25 MB
[UEDRS] [00:00:00] Elapsed
[UEDRS] [11:01:01] Sampling
[UEDRS] [11:01:25] Sampling done, obtained size: 1000000
[UEDRS] [11:01:25] Memory Usage: RSS = 21967.31 MB, VMS = 28913.25 MB
[UEDRS] [00:00:24] Elapsed
[UEDRS] [11:01:25] Checking [LENSKIT][BIASED_SVD][TMALL][1m]
[UEDRS] [11:01:25] Starting
2025-12-29 11:41:32 [warning  ] loaded pipeline does not match hash
[UEDRS] [11:20:26] Finished (3.8e-05)
[UEDRS] [11:20:26] Memory Usage: RSS = 21952.38 MB, VMS = 28942.25 MB
[UEDRS] [00:19:01] Elapsed

[UEDRS] [11:20:26] Memory Usage: RSS = 21952.38 MB, VMS = 28942.25 MB
[UEDRS] [11:20:26] Releasing dataframe from memory
[UEDRS] [11:20:27] Memory Usage: RSS = 21918.52 MB, VMS = 28908.25 MB
[UEDRS] [11:20:27] Dataset: MOVIELENS
[UEDRS] [11:20:27] Loading
[UEDRS] [11:20:27] Loading done
[UEDRS] [11:20:27] Memory Usage: RSS = 21974.96 MB, VMS = 28907.25 MB
[UEDRS] [00:00:00] Elapsed
[UEDRS] [11:20:27] Sampling
[UEDRS] [11:20:35] Sampling done, obtained size: 1000000
[UEDRS] [11:20:35] Memory Usage: RSS = 21973.96 MB, VMS = 28906.25 MB
[UEDRS] [00:00:08] Elapsed
[UEDRS] [11:20:35] Checking [LENSKIT][BIASED_SVD][MOVIELENS][1m]
[UEDRS] [11:20:35] Starting
2025-12-29 11:58:36 [warning  ] loaded pipeline does not match hash
[UEDRS] [11:28:24] Finished (0.0039)
[UEDRS] [11:28:24] Memory Usage: RSS = 21832.95 MB, VMS = 28914.25 MB
[UEDRS] [00:07:48] Elapsed

[UEDRS] [11:28:24] Memory Usage: RSS = 21832.95 MB, VMS = 28914.25 MB
[UEDRS] [11:28:24] Releasing dataframe from memory
[UEDRS] [11:28:24] Memory Usage: RSS = 21815.52 MB, VMS = 28896.25 MB
[UEDRS] [11:28:24] Dataset: MUSIC4ALL
[UEDRS] [11:28:24] Loading
[UEDRS] [11:28:28] Loading done
[UEDRS] [11:28:28] Memory Usage: RSS = 22317.67 MB, VMS = 29276.84 MB
[UEDRS] [00:00:03] Elapsed
[UEDRS] [11:28:28] Sampling
[UEDRS] [11:28:36] Sampling done, obtained size: 1000000
[UEDRS] [11:28:36] Memory Usage: RSS = 21936.07 MB, VMS = 28895.25 MB
[UEDRS] [00:00:07] Elapsed
[UEDRS] [11:28:36] Checking [LENSKIT][BIASED_SVD][MUSIC4ALL][1m]
[UEDRS] [11:28:36] Starting
2025-12-29 12:05:21 [warning  ] loaded pipeline does not match hash
[UEDRS] [11:34:15] Finished (8.5e-05)
[UEDRS] [11:34:15] Memory Usage: RSS = 21828.02 MB, VMS = 28920.25 MB
[UEDRS] [00:05:38] Elapsed

[UEDRS] [11:34:15] Memory Usage: RSS = 21828.02 MB, VMS = 28920.25 MB
[UEDRS] [11:34:15] Releasing dataframe from memory
[UEDRS] [11:34:15] Memory Usage: RSS = 21809.59 MB, VMS = 28901.25 MB
[UEDRS] [11:34:15] Dataset: NETFLIX
[UEDRS] [11:34:15] Loading
[UEDRS] [11:34:16] Loading done
[UEDRS] [11:34:16] Memory Usage: RSS = 21904.62 MB, VMS = 28900.25 MB
[UEDRS] [00:00:01] Elapsed
[UEDRS] [11:34:16] Sampling
[UEDRS] [11:34:51] Sampling done, obtained size: 1000000
[UEDRS] [11:34:51] Memory Usage: RSS = 21902.63 MB, VMS = 28898.25 MB
[UEDRS] [00:00:34] Elapsed
[UEDRS] [11:34:51] Checking [LENSKIT][BIASED_SVD][NETFLIX][1m]
[UEDRS] [11:34:51] Starting
2025-12-29 12:15:17 [warning  ] loaded pipeline does not match hash
[UEDRS] [11:46:17] Finished (0.002)
[UEDRS] [11:46:17] Memory Usage: RSS = 21815.34 MB, VMS = 28931.25 MB
[UEDRS] [00:11:26] Elapsed

[UEDRS] [11:46:17] Memory Usage: RSS = 21815.34 MB, VMS = 28931.25 MB
[UEDRS] [11:46:17] Releasing dataframe from memory
[UEDRS] [11:46:17] Memory Usage: RSS = 21783.45 MB, VMS = 28899.25 MB
[UEDRS] [11:46:17] Dataset: YAHOO
[UEDRS] [11:46:17] Loading
[UEDRS] [11:46:19] Loading done
[UEDRS] [11:46:19] Memory Usage: RSS = 21933.18 MB, VMS = 28899.25 MB
[UEDRS] [00:00:01] Elapsed
[UEDRS] [11:46:19] Sampling
[UEDRS] [11:47:23] Sampling done, obtained size: 1000000
[UEDRS] [11:47:23] Memory Usage: RSS = 21932.18 MB, VMS = 28898.25 MB
[UEDRS] [00:01:04] Elapsed
[UEDRS] [11:47:23] Checking [LENSKIT][BIASED_SVD][YAHOO][1m]
[UEDRS] [11:47:23] Starting
2025-12-29 12:34:55 [warning  ] loaded pipeline does not match hash
[UEDRS] [12:08:45] Finished (0.00012)
[UEDRS] [12:08:45] Memory Usage: RSS = 21976.12 MB, VMS = 28967.44 MB
[UEDRS] [00:21:21] Elapsed

[UEDRS] [12:08:45] Memory Usage: RSS = 21976.12 MB, VMS = 28967.44 MB
[UEDRS] [12:08:45] Releasing dataframe from memory
[UEDRS] [12:08:45] Memory Usage: RSS = 21917.71 MB, VMS = 28908.44 MB
[UEDRS] [12:08:45] Dataset: ALIBABA
[UEDRS] [12:08:45] Loading
[UEDRS] [12:08:47] Loading done
[UEDRS] [12:08:47] Memory Usage: RSS = 21994.16 MB, VMS = 28907.44 MB
[UEDRS] [00:00:01] Elapsed
[UEDRS] [12:08:47] Sampling
[UEDRS] [12:10:49] Sampling done, obtained size: 1000000
[UEDRS] [12:10:49] Memory Usage: RSS = 21992.61 MB, VMS = 28906.44 MB
[UEDRS] [00:02:02] Elapsed
[UEDRS] [12:10:49] Checking [LENSKIT][BIASED_SVD][ALIBABA][1m]
[UEDRS] [12:10:49] Starting
2025-12-29 13:12:25 [warning  ] loaded pipeline does not match hash
[UEDRS]
[12:36:38]
Exception handled:
'Field "rating" does not exist in schema'
[UEDRS] [12:36:38] Finished (-1)
[UEDRS] [12:36:38] Memory Usage: RSS = 21814.09 MB, VMS = 28900.33 MB
[UEDRS] [00:25:49] Elapsed

[UEDRS] [12:36:38] Memory Usage: RSS = 21814.09 MB, VMS = 28900.33 MB
[UEDRS] [12:36:38] Releasing dataframe from memory
[UEDRS] [12:36:39] Memory Usage: RSS = 21804.11 MB, VMS = 28890.33 MB
[UEDRS] [12:36:39] Dataset: GOODREADS
[UEDRS] [12:36:39] Loading
[UEDRS] [12:36:41] Loading done
[UEDRS] [12:36:41] Memory Usage: RSS = 22016.86 MB, VMS = 28889.33 MB
[UEDRS] [00:00:02] Elapsed
[UEDRS] [12:36:41] Sampling
[UEDRS] [12:39:44] Sampling done, obtained size: 1000000
[UEDRS] [12:39:44] Memory Usage: RSS = 22017.37 MB, VMS = 28889.33 MB
[UEDRS] [00:03:02] Elapsed
[UEDRS] [12:39:44] Checking [LENSKIT][BIASED_SVD][GOODREADS][1m]
[UEDRS] [12:39:44] Starting
2025-12-29 13:22:13 [warning  ] loaded pipeline does not match hash
[UEDRS] [13:00:46] Finished (0.0006)
[UEDRS] [13:00:46] Memory Usage: RSS = 22009.42 MB, VMS = 28939.33 MB
[UEDRS] [00:21:02] Elapsed

[UEDRS] [13:00:46] Memory Usage: RSS = 22009.42 MB, VMS = 28939.33 MB
[UEDRS] [13:00:46] Releasing dataframe from memory
[UEDRS] [13:00:46] Memory Usage: RSS = 21967.22 MB, VMS = 28896.33 MB
[UEDRS] [13:00:46] Dataset: LASTFM
[UEDRS] [13:00:46] Loading
[UEDRS] [13:00:51] Loading done
[UEDRS] [13:00:51] Memory Usage: RSS = 25688.63 MB, VMS = 32562.85 MB
[UEDRS] [00:00:04] Elapsed
[UEDRS] [13:00:51] Sampling
[UEDRS] [13:01:19] Sampling done, obtained size: 1000000
[UEDRS] [13:01:19] Memory Usage: RSS = 24467.13 MB, VMS = 31341.33 MB
[UEDRS] [00:00:28] Elapsed
[UEDRS] [13:01:19] Checking [LENSKIT][BIASED_SVD][LASTFM][1m]
[UEDRS] [13:01:19] Starting
2025-12-29 13:38:02 [warning  ] loaded pipeline does not match hash
[UEDRS] [13:10:39] Finished (0)
[UEDRS] [13:10:39] Memory Usage: RSS = 22034.20 MB, VMS = 28905.33 MB
[UEDRS] [00:09:20] Elapsed

[UEDRS] [13:10:39] Memory Usage: RSS = 22034.20 MB, VMS = 28905.33 MB
[UEDRS] [13:10:39] Releasing dataframe from memory
[UEDRS] [13:10:39] Memory Usage: RSS = 22023.19 MB, VMS = 28893.33 MB
[UEDRS] [13:10:39] Dataset: AMAZON
[UEDRS] [13:10:39] Loading
[UEDRS] [13:11:20] Loading done
[UEDRS] [13:11:20] Memory Usage: RSS = 30828.58 MB, VMS = 37511.44 MB
[UEDRS] [00:00:41] Elapsed
[UEDRS] [13:11:20] Sampling
[UEDRS] [13:41:46] Sampling done, obtained size: 1000000
[UEDRS] [13:41:46] Memory Usage: RSS = 26538.57 MB, VMS = 33221.36 MB
[UEDRS] [00:30:26] Elapsed
[UEDRS] [13:41:46] Checking [LENSKIT][BIASED_SVD][AMAZON][1m]
[UEDRS] [13:41:46] Starting
2025-12-29 14:40:39 [warning  ] loaded pipeline does not match hash
[UEDRS] [14:53:00] Finished (1.3e-06)
[UEDRS] [14:53:00] Memory Usage: RSS = 22123.59 MB, VMS = 28972.36 MB
[UEDRS] [01:11:14] Elapsed

[UEDRS] [14:53:00] Memory Usage: RSS = 22123.59 MB, VMS = 28972.36 MB
[UEDRS] [14:53:00] Releasing dataframe from memory
[UEDRS] [14:53:01] Memory Usage: RSS = 22060.38 MB, VMS = 28908.36 MB
[UEDRS] [14:53:01] Desired size: 25000000
[UEDRS] [14:53:01] Dataset: MYANIMELIST
[UEDRS] [14:53:01] Loading
[UEDRS] [14:53:01] Loading done
[UEDRS] [14:53:01] Memory Usage: RSS = 22074.65 MB, VMS = 28908.36 MB
[UEDRS] [00:00:00] Elapsed
[UEDRS] [14:53:01] Sampling
[UEDRS] [14:53:01] Sampling done, obtained size: 7813730
[UEDRS] [14:53:01] Memory Usage: RSS = 22074.65 MB, VMS = 28908.36 MB
[UEDRS] [00:00:00] Elapsed
[UEDRS] [14:53:01] Checking [LENSKIT][BIASED_SVD][MYANIMELIST][8m]
[UEDRS] [14:53:01] Starting
2025-12-29 15:29:29 [warning  ] loaded pipeline does not match hash
[UEDRS] [14:57:56] Finished (0.066)
[UEDRS] [14:57:56] Memory Usage: RSS = 22083.07 MB, VMS = 28911.36 MB
[UEDRS] [00:04:54] Elapsed

[UEDRS] [14:57:56] Memory Usage: RSS = 22083.07 MB, VMS = 28911.36 MB
[UEDRS] [14:57:56] Releasing dataframe from memory
[UEDRS] [14:57:56] Memory Usage: RSS = 22078.14 MB, VMS = 28906.36 MB
[UEDRS] [14:57:56] Dataset: IPINYOU
[UEDRS] [14:57:56] Loading
[UEDRS] [14:57:56] Loading done
[UEDRS] [14:57:56] Memory Usage: RSS = 22084.39 MB, VMS = 28906.36 MB
[UEDRS] [00:00:00] Elapsed
[UEDRS] [14:57:56] Sampling
[UEDRS] [14:57:56] Sampling done, obtained size: 22269879
[UEDRS] [14:57:56] Memory Usage: RSS = 22084.39 MB, VMS = 28906.36 MB
[UEDRS] [00:00:00] Elapsed
[UEDRS] [14:57:56] Checking [LENSKIT][BIASED_SVD][IPINYOU][22m]
[UEDRS] [14:57:56] Starting
