05 Dec 10:16    INFO  ['/mnt/source/run.py']
05 Dec 10:16    INFO  
General Hyper Parameters:
gpu_id = 0
use_gpu = True
seed = 42
state = INFO
reproducibility = True
data_path = /mnt/artifacts/recbole/datasets/myanimelist-0m-STRATIFIED_USER
checkpoint_dir = /mnt/artifacts/recbole/checkpoints
show_progress = False
save_dataset = False
dataset_save_path = None
save_dataloaders = False
dataloaders_save_path = None
log_wandb = False

Training Hyper Parameters:
epochs = 1
train_batch_size = 8192
learner = sgd
learning_rate = 1.0
train_neg_sample_args = {'distribution': 'uniform', 'sample_num': 1, 'alpha': 1.0, 'dynamic': False, 'candidate_num': 0}
eval_step = 4
stopping_step = 2
clip_grad_norm = None
weight_decay = 0.0
loss_decimal_place = 4

Evaluation Hyper Parameters:
eval_args = {'split': {'RS': [0.8, 0.1, 0.1]}, 'order': 'RO', 'group_by': 'user', 'mode': {'valid': 'full', 'test': 'full'}}
repeatable = False
metrics = ['NDCG']
topk = [10]
valid_metric = NDCG@10
valid_metric_bigger = True
eval_batch_size = 8192
metric_decimal_place = 5

Dataset Hyper Parameters:
field_separator = ,
seq_separator = 

USER_ID_FIELD = user_id
ITEM_ID_FIELD = item_id
RATING_FIELD = rating
TIME_FIELD = None
seq_len = None
LABEL_FIELD = label
threshold = None
NEG_PREFIX = neg_
load_col = None
unload_col = None
unused_col = None
additional_feat_suffix = None
rm_dup_inter = None
val_interval = None
filter_inter_by_user_or_item = True
user_inter_num_interval = [0,inf)
item_inter_num_interval = [0,inf)
alias_of_user_id = None
alias_of_item_id = None
alias_of_entity_id = None
alias_of_relation_id = None
preload_weight = None
normalize_field = None
normalize_all = None
ITEM_LIST_LENGTH_FIELD = item_length
LIST_SUFFIX = _list
MAX_ITEM_LIST_LENGTH = 50
POSITION_FIELD = position_id
HEAD_ENTITY_ID_FIELD = head_id
TAIL_ENTITY_ID_FIELD = tail_id
RELATION_ID_FIELD = relation_id
ENTITY_ID_FIELD = entity_id
benchmark_filename = None

Other Hyper Parameters: 
worker = 4
wandb_project = recbole
shuffle = True
require_pow = False
enable_amp = False
enable_scaler = False
transform = None
mf_embedding_size = 32
mlp_embedding_size = 32
mlp_hidden_size = [128, 64]
dropout_prob = 0.1
mf_train = True
mlp_train = True
use_pretrain = False
mf_pretrain_path = None
mlp_pretrain_path = None
numerical_features = []
discretization = None
kg_reverse_r = False
entity_kg_num_interval = [0,inf)
relation_kg_num_interval = [0,inf)
MODEL_TYPE = ModelType.GENERAL
MODEL_INPUT_TYPE = InputType.POINTWISE
eval_type = EvaluatorType.RANKING
single_spec = True
local_rank = 0
device = cuda
valid_neg_sample_args = {'distribution': 'uniform', 'sample_num': 'none'}
test_neg_sample_args = {'distribution': 'uniform', 'sample_num': 'none'}


/home/g064474/.local/lib/python3.11/site-packages/recbole/data/dataset/dataset.py:648: FutureWarning: A value is trying to be set on a copy of a DataFrame or Series through chained assignment using an inplace method.
The behavior will change in pandas 3.0. This inplace method will never work because the intermediate object on which we are setting values always behaves as a copy.

For example, when doing 'df[col].method(value, inplace=True)', try using 'df.method({col: value}, inplace=True)' or df[col] = df[col].method(value) instead, to perform the operation inplace on the original object.


  feat[field].fillna(value=0, inplace=True)
/home/g064474/.local/lib/python3.11/site-packages/recbole/data/dataset/dataset.py:650: FutureWarning: A value is trying to be set on a copy of a DataFrame or Series through chained assignment using an inplace method.
The behavior will change in pandas 3.0. This inplace method will never work because the intermediate object on which we are setting values always behaves as a copy.

For example, when doing 'df[col].method(value, inplace=True)', try using 'df.method({col: value}, inplace=True)' or df[col] = df[col].method(value) instead, to perform the operation inplace on the original object.


  feat[field].fillna(value=feat[field].mean(), inplace=True)
05 Dec 10:17    INFO  myanimelist-0m-STRATIFIED_USER
The number of users: 43607
Average actions of users: 2.21680502683117
The number of items: 5662
Average actions of items: 17.075781664016958
The number of inters: 96666
The sparsity of the dataset: 99.96084856603954%
Remain Fields: ['user_id', 'item_id', 'rating']
05 Dec 10:17    INFO  [Training]: train_batch_size = [8192] train_neg_sample_args: [{'distribution': 'uniform', 'sample_num': 1, 'alpha': 1.0, 'dynamic': False, 'candidate_num': 0}]
05 Dec 10:17    INFO  [Evaluation]: eval_batch_size = [8192] eval_args: [{'split': {'RS': [0.8, 0.1, 0.1]}, 'order': 'RO', 'group_by': 'user', 'mode': {'valid': 'full', 'test': 'full'}}]
05 Dec 10:17    INFO  NeuMF(
  (user_mf_embedding): Embedding(43607, 32)
  (item_mf_embedding): Embedding(5662, 32)
  (user_mlp_embedding): Embedding(43607, 32)
  (item_mlp_embedding): Embedding(5662, 32)
  (mlp_layers): MLPLayers(
    (mlp_layers): Sequential(
      (0): Dropout(p=0.1, inplace=False)
      (1): Linear(in_features=64, out_features=128, bias=True)
      (2): ReLU()
      (3): Dropout(p=0.1, inplace=False)
      (4): Linear(in_features=128, out_features=64, bias=True)
      (5): ReLU()
    )
  )
  (predict_layer): Linear(in_features=96, out_features=1, bias=True)
  (sigmoid): Sigmoid()
  (loss): BCEWithLogitsLoss()
)
Trainable parameters: 3169889
05 Dec 10:17    INFO  FLOPs: 16608.0
/home/g064474/.local/lib/python3.11/site-packages/recbole/trainer/trainer.py:235: FutureWarning: `torch.cuda.amp.GradScaler(args...)` is deprecated. Please use `torch.amp.GradScaler('cuda', args...)` instead.
  scaler = amp.GradScaler(enabled=self.enable_scaler)
05 Dec 10:17    INFO  epoch 0 training [time: 0.99s, train loss: 11.0903]
05 Dec 10:17    INFO  epoch 0 evaluating [time: 20.62s, valid_score: 0.000240]
05 Dec 10:17    INFO  valid result: 
ndcg@10 : 0.00024
05 Dec 10:18    INFO  The running environment of this training is as follows:
+-------------+-----------------+
| Environment |      Usage      |
+=============+=================+
| CPU         |     0.00 %      |
+-------------+-----------------+
| GPU         | 0.09 G/15.77 G  |
+-------------+-----------------+
| Memory      | 1.84 G/251.74 G |
+-------------+-----------------+
05 Dec 10:18    INFO  best valid : OrderedDict([('ndcg@10', 0.00024)])
05 Dec 10:18    INFO  test result: OrderedDict([('ndcg@10', 0.00025)])
05 Dec 10:18    INFO  ['/mnt/source/run.py']
05 Dec 10:18    INFO  
General Hyper Parameters:
gpu_id = 0
use_gpu = True
seed = 42
state = INFO
reproducibility = True
data_path = /mnt/artifacts/recbole/datasets/myanimelist-0m-STRATIFIED_USER
checkpoint_dir = /mnt/artifacts/recbole/checkpoints
show_progress = False
save_dataset = False
dataset_save_path = None
save_dataloaders = False
dataloaders_save_path = None
log_wandb = False

Training Hyper Parameters:
epochs = 1
train_batch_size = 8192
learner = sgd
learning_rate = 1.0
train_neg_sample_args = {'distribution': 'uniform', 'sample_num': 1, 'alpha': 1.0, 'dynamic': False, 'candidate_num': 0}
eval_step = 4
stopping_step = 2
clip_grad_norm = None
weight_decay = 0.0
loss_decimal_place = 4

Evaluation Hyper Parameters:
eval_args = {'split': {'RS': [0.8, 0.1, 0.1]}, 'order': 'RO', 'group_by': 'user', 'mode': {'valid': 'full', 'test': 'full'}}
repeatable = False
metrics = ['NDCG']
topk = [10]
valid_metric = NDCG@10
valid_metric_bigger = True
eval_batch_size = 8192
metric_decimal_place = 5

Dataset Hyper Parameters:
field_separator = ,
seq_separator = 

USER_ID_FIELD = user_id
ITEM_ID_FIELD = item_id
RATING_FIELD = rating
TIME_FIELD = None
seq_len = None
LABEL_FIELD = label
threshold = None
NEG_PREFIX = neg_
load_col = None
unload_col = None
unused_col = None
additional_feat_suffix = None
rm_dup_inter = None
val_interval = None
filter_inter_by_user_or_item = True
user_inter_num_interval = [0,inf)
item_inter_num_interval = [0,inf)
alias_of_user_id = None
alias_of_item_id = None
alias_of_entity_id = None
alias_of_relation_id = None
preload_weight = None
normalize_field = None
normalize_all = None
ITEM_LIST_LENGTH_FIELD = item_length
LIST_SUFFIX = _list
MAX_ITEM_LIST_LENGTH = 50
POSITION_FIELD = position_id
HEAD_ENTITY_ID_FIELD = head_id
TAIL_ENTITY_ID_FIELD = tail_id
RELATION_ID_FIELD = relation_id
ENTITY_ID_FIELD = entity_id
benchmark_filename = None

Other Hyper Parameters: 
worker = 4
wandb_project = recbole
shuffle = True
require_pow = False
enable_amp = False
enable_scaler = False
transform = None
mf_embedding_size = 32
mlp_embedding_size = 32
mlp_hidden_size = [128, 64]
dropout_prob = 0.1
mf_train = True
mlp_train = True
use_pretrain = False
mf_pretrain_path = None
mlp_pretrain_path = None
numerical_features = []
discretization = None
kg_reverse_r = False
entity_kg_num_interval = [0,inf)
relation_kg_num_interval = [0,inf)
MODEL_TYPE = ModelType.GENERAL
MODEL_INPUT_TYPE = InputType.POINTWISE
eval_type = EvaluatorType.RANKING
single_spec = True
local_rank = 0
device = cuda
valid_neg_sample_args = {'distribution': 'uniform', 'sample_num': 'none'}
test_neg_sample_args = {'distribution': 'uniform', 'sample_num': 'none'}


/home/g064474/.local/lib/python3.11/site-packages/recbole/data/dataset/dataset.py:648: FutureWarning: A value is trying to be set on a copy of a DataFrame or Series through chained assignment using an inplace method.
The behavior will change in pandas 3.0. This inplace method will never work because the intermediate object on which we are setting values always behaves as a copy.

For example, when doing 'df[col].method(value, inplace=True)', try using 'df.method({col: value}, inplace=True)' or df[col] = df[col].method(value) instead, to perform the operation inplace on the original object.


  feat[field].fillna(value=0, inplace=True)
/home/g064474/.local/lib/python3.11/site-packages/recbole/data/dataset/dataset.py:650: FutureWarning: A value is trying to be set on a copy of a DataFrame or Series through chained assignment using an inplace method.
The behavior will change in pandas 3.0. This inplace method will never work because the intermediate object on which we are setting values always behaves as a copy.

For example, when doing 'df[col].method(value, inplace=True)', try using 'df.method({col: value}, inplace=True)' or df[col] = df[col].method(value) instead, to perform the operation inplace on the original object.


  feat[field].fillna(value=feat[field].mean(), inplace=True)
05 Dec 10:18    INFO  myanimelist-0m-STRATIFIED_USER
The number of users: 43607
Average actions of users: 2.21680502683117
The number of items: 5662
Average actions of items: 17.075781664016958
The number of inters: 96666
The sparsity of the dataset: 99.96084856603954%
Remain Fields: ['user_id', 'item_id', 'rating']
05 Dec 10:18    INFO  [Training]: train_batch_size = [8192] train_neg_sample_args: [{'distribution': 'uniform', 'sample_num': 1, 'alpha': 1.0, 'dynamic': False, 'candidate_num': 0}]
05 Dec 10:18    INFO  [Evaluation]: eval_batch_size = [8192] eval_args: [{'split': {'RS': [0.8, 0.1, 0.1]}, 'order': 'RO', 'group_by': 'user', 'mode': {'valid': 'full', 'test': 'full'}}]
05 Dec 10:18    INFO  NeuMF(
  (user_mf_embedding): Embedding(43607, 32)
  (item_mf_embedding): Embedding(5662, 32)
  (user_mlp_embedding): Embedding(43607, 32)
  (item_mlp_embedding): Embedding(5662, 32)
  (mlp_layers): MLPLayers(
    (mlp_layers): Sequential(
      (0): Dropout(p=0.1, inplace=False)
      (1): Linear(in_features=64, out_features=128, bias=True)
      (2): ReLU()
      (3): Dropout(p=0.1, inplace=False)
      (4): Linear(in_features=128, out_features=64, bias=True)
      (5): ReLU()
    )
  )
  (predict_layer): Linear(in_features=96, out_features=1, bias=True)
  (sigmoid): Sigmoid()
  (loss): BCEWithLogitsLoss()
)
Trainable parameters: 3169889
05 Dec 10:18    INFO  FLOPs: 16608.0
/home/g064474/.local/lib/python3.11/site-packages/recbole/trainer/trainer.py:235: FutureWarning: `torch.cuda.amp.GradScaler(args...)` is deprecated. Please use `torch.amp.GradScaler('cuda', args...)` instead.
  scaler = amp.GradScaler(enabled=self.enable_scaler)
05 Dec 10:18    INFO  epoch 0 training [time: 0.26s, train loss: 11.0903]
05 Dec 10:18    INFO  epoch 0 evaluating [time: 20.77s, valid_score: 0.000240]
05 Dec 10:18    INFO  valid result: 
ndcg@10 : 0.00024
05 Dec 10:19    INFO  The running environment of this training is as follows:
+-------------+-----------------+
| Environment |      Usage      |
+=============+=================+
| CPU         |     0.10 %      |
+-------------+-----------------+
| GPU         | 0.09 G/15.77 G  |
+-------------+-----------------+
| Memory      | 2.27 G/251.74 G |
+-------------+-----------------+
05 Dec 10:19    INFO  best valid : OrderedDict([('ndcg@10', 0.00024)])
05 Dec 10:19    INFO  test result: OrderedDict([('ndcg@10', 0.00025)])
05 Dec 10:19    INFO  ['/mnt/source/run.py']
05 Dec 10:19    INFO  
General Hyper Parameters:
gpu_id = 0
use_gpu = True
seed = 42
state = INFO
reproducibility = True
data_path = /mnt/artifacts/recbole/datasets/myanimelist-0m-STRATIFIED_USER
checkpoint_dir = /mnt/artifacts/recbole/checkpoints
show_progress = False
save_dataset = False
dataset_save_path = None
save_dataloaders = False
dataloaders_save_path = None
log_wandb = False

Training Hyper Parameters:
epochs = 1
train_batch_size = 8192
learner = sgd
learning_rate = 1.0
train_neg_sample_args = {'distribution': 'uniform', 'sample_num': 1, 'alpha': 1.0, 'dynamic': False, 'candidate_num': 0}
eval_step = 4
stopping_step = 2
clip_grad_norm = None
weight_decay = 0.0
loss_decimal_place = 4

Evaluation Hyper Parameters:
eval_args = {'split': {'RS': [0.8, 0.1, 0.1]}, 'order': 'RO', 'group_by': 'user', 'mode': {'valid': 'full', 'test': 'full'}}
repeatable = False
metrics = ['NDCG']
topk = [10]
valid_metric = NDCG@10
valid_metric_bigger = True
eval_batch_size = 8192
metric_decimal_place = 5

Dataset Hyper Parameters:
field_separator = ,
seq_separator = 

USER_ID_FIELD = user_id
ITEM_ID_FIELD = item_id
RATING_FIELD = rating
TIME_FIELD = None
seq_len = None
LABEL_FIELD = label
threshold = None
NEG_PREFIX = neg_
load_col = None
unload_col = None
unused_col = None
additional_feat_suffix = None
rm_dup_inter = None
val_interval = None
filter_inter_by_user_or_item = True
user_inter_num_interval = [0,inf)
item_inter_num_interval = [0,inf)
alias_of_user_id = None
alias_of_item_id = None
alias_of_entity_id = None
alias_of_relation_id = None
preload_weight = None
normalize_field = None
normalize_all = None
ITEM_LIST_LENGTH_FIELD = item_length
LIST_SUFFIX = _list
MAX_ITEM_LIST_LENGTH = 50
POSITION_FIELD = position_id
HEAD_ENTITY_ID_FIELD = head_id
TAIL_ENTITY_ID_FIELD = tail_id
RELATION_ID_FIELD = relation_id
ENTITY_ID_FIELD = entity_id
benchmark_filename = None

Other Hyper Parameters: 
worker = 4
wandb_project = recbole
shuffle = True
require_pow = False
enable_amp = False
enable_scaler = False
transform = None
mf_embedding_size = 32
mlp_embedding_size = 32
mlp_hidden_size = [128, 64]
dropout_prob = 0.1
mf_train = True
mlp_train = True
use_pretrain = False
mf_pretrain_path = None
mlp_pretrain_path = None
numerical_features = []
discretization = None
kg_reverse_r = False
entity_kg_num_interval = [0,inf)
relation_kg_num_interval = [0,inf)
MODEL_TYPE = ModelType.GENERAL
MODEL_INPUT_TYPE = InputType.POINTWISE
eval_type = EvaluatorType.RANKING
single_spec = True
local_rank = 0
device = cuda
valid_neg_sample_args = {'distribution': 'uniform', 'sample_num': 'none'}
test_neg_sample_args = {'distribution': 'uniform', 'sample_num': 'none'}


/home/g064474/.local/lib/python3.11/site-packages/recbole/data/dataset/dataset.py:648: FutureWarning: A value is trying to be set on a copy of a DataFrame or Series through chained assignment using an inplace method.
The behavior will change in pandas 3.0. This inplace method will never work because the intermediate object on which we are setting values always behaves as a copy.

For example, when doing 'df[col].method(value, inplace=True)', try using 'df.method({col: value}, inplace=True)' or df[col] = df[col].method(value) instead, to perform the operation inplace on the original object.


  feat[field].fillna(value=0, inplace=True)
/home/g064474/.local/lib/python3.11/site-packages/recbole/data/dataset/dataset.py:650: FutureWarning: A value is trying to be set on a copy of a DataFrame or Series through chained assignment using an inplace method.
The behavior will change in pandas 3.0. This inplace method will never work because the intermediate object on which we are setting values always behaves as a copy.

For example, when doing 'df[col].method(value, inplace=True)', try using 'df.method({col: value}, inplace=True)' or df[col] = df[col].method(value) instead, to perform the operation inplace on the original object.


  feat[field].fillna(value=feat[field].mean(), inplace=True)
05 Dec 10:19    INFO  myanimelist-0m-STRATIFIED_USER
The number of users: 43607
Average actions of users: 2.21680502683117
The number of items: 5662
Average actions of items: 17.075781664016958
The number of inters: 96666
The sparsity of the dataset: 99.96084856603954%
Remain Fields: ['user_id', 'item_id', 'rating']
05 Dec 10:19    INFO  [Training]: train_batch_size = [8192] train_neg_sample_args: [{'distribution': 'uniform', 'sample_num': 1, 'alpha': 1.0, 'dynamic': False, 'candidate_num': 0}]
05 Dec 10:19    INFO  [Evaluation]: eval_batch_size = [8192] eval_args: [{'split': {'RS': [0.8, 0.1, 0.1]}, 'order': 'RO', 'group_by': 'user', 'mode': {'valid': 'full', 'test': 'full'}}]
05 Dec 10:19    INFO  NeuMF(
  (user_mf_embedding): Embedding(43607, 32)
  (item_mf_embedding): Embedding(5662, 32)
  (user_mlp_embedding): Embedding(43607, 32)
  (item_mlp_embedding): Embedding(5662, 32)
  (mlp_layers): MLPLayers(
    (mlp_layers): Sequential(
      (0): Dropout(p=0.1, inplace=False)
      (1): Linear(in_features=64, out_features=128, bias=True)
      (2): ReLU()
      (3): Dropout(p=0.1, inplace=False)
      (4): Linear(in_features=128, out_features=64, bias=True)
      (5): ReLU()
    )
  )
  (predict_layer): Linear(in_features=96, out_features=1, bias=True)
  (sigmoid): Sigmoid()
  (loss): BCEWithLogitsLoss()
)
Trainable parameters: 3169889
05 Dec 10:19    INFO  FLOPs: 16608.0
/home/g064474/.local/lib/python3.11/site-packages/recbole/trainer/trainer.py:235: FutureWarning: `torch.cuda.amp.GradScaler(args...)` is deprecated. Please use `torch.amp.GradScaler('cuda', args...)` instead.
  scaler = amp.GradScaler(enabled=self.enable_scaler)
05 Dec 10:19    INFO  epoch 0 training [time: 0.26s, train loss: 11.0903]
05 Dec 10:19    INFO  epoch 0 evaluating [time: 20.73s, valid_score: 0.000240]
05 Dec 10:19    INFO  valid result: 
ndcg@10 : 0.00024
05 Dec 10:20    INFO  The running environment of this training is as follows:
+-------------+-----------------+
| Environment |      Usage      |
+=============+=================+
| CPU         |     0.10 %      |
+-------------+-----------------+
| GPU         | 0.09 G/15.77 G  |
+-------------+-----------------+
| Memory      | 2.66 G/251.74 G |
+-------------+-----------------+
05 Dec 10:20    INFO  best valid : OrderedDict([('ndcg@10', 0.00024)])
05 Dec 10:20    INFO  test result: OrderedDict([('ndcg@10', 0.00025)])
05 Dec 10:20    INFO  ['/mnt/source/run.py']
05 Dec 10:20    INFO  
General Hyper Parameters:
gpu_id = 0
use_gpu = True
seed = 42
state = INFO
reproducibility = True
data_path = /mnt/artifacts/recbole/datasets/myanimelist-1m-STRATIFIED_USER
checkpoint_dir = /mnt/artifacts/recbole/checkpoints
show_progress = False
save_dataset = False
dataset_save_path = None
save_dataloaders = False
dataloaders_save_path = None
log_wandb = False

Training Hyper Parameters:
epochs = 1
train_batch_size = 8192
learner = sgd
learning_rate = 1.0
train_neg_sample_args = {'distribution': 'uniform', 'sample_num': 1, 'alpha': 1.0, 'dynamic': False, 'candidate_num': 0}
eval_step = 4
stopping_step = 2
clip_grad_norm = None
weight_decay = 0.0
loss_decimal_place = 4

Evaluation Hyper Parameters:
eval_args = {'split': {'RS': [0.8, 0.1, 0.1]}, 'order': 'RO', 'group_by': 'user', 'mode': {'valid': 'full', 'test': 'full'}}
repeatable = False
metrics = ['NDCG']
topk = [10]
valid_metric = NDCG@10
valid_metric_bigger = True
eval_batch_size = 8192
metric_decimal_place = 5

Dataset Hyper Parameters:
field_separator = ,
seq_separator = 

USER_ID_FIELD = user_id
ITEM_ID_FIELD = item_id
RATING_FIELD = rating
TIME_FIELD = None
seq_len = None
LABEL_FIELD = label
threshold = None
NEG_PREFIX = neg_
load_col = None
unload_col = None
unused_col = None
additional_feat_suffix = None
rm_dup_inter = None
val_interval = None
filter_inter_by_user_or_item = True
user_inter_num_interval = [0,inf)
item_inter_num_interval = [0,inf)
alias_of_user_id = None
alias_of_item_id = None
alias_of_entity_id = None
alias_of_relation_id = None
preload_weight = None
normalize_field = None
normalize_all = None
ITEM_LIST_LENGTH_FIELD = item_length
LIST_SUFFIX = _list
MAX_ITEM_LIST_LENGTH = 50
POSITION_FIELD = position_id
HEAD_ENTITY_ID_FIELD = head_id
TAIL_ENTITY_ID_FIELD = tail_id
RELATION_ID_FIELD = relation_id
ENTITY_ID_FIELD = entity_id
benchmark_filename = None

Other Hyper Parameters: 
worker = 4
wandb_project = recbole
shuffle = True
require_pow = False
enable_amp = False
enable_scaler = False
transform = None
mf_embedding_size = 32
mlp_embedding_size = 32
mlp_hidden_size = [128, 64]
dropout_prob = 0.1
mf_train = True
mlp_train = True
use_pretrain = False
mf_pretrain_path = None
mlp_pretrain_path = None
numerical_features = []
discretization = None
kg_reverse_r = False
entity_kg_num_interval = [0,inf)
relation_kg_num_interval = [0,inf)
MODEL_TYPE = ModelType.GENERAL
MODEL_INPUT_TYPE = InputType.POINTWISE
eval_type = EvaluatorType.RANKING
single_spec = True
local_rank = 0
device = cuda
valid_neg_sample_args = {'distribution': 'uniform', 'sample_num': 'none'}
test_neg_sample_args = {'distribution': 'uniform', 'sample_num': 'none'}


/home/g064474/.local/lib/python3.11/site-packages/recbole/data/dataset/dataset.py:648: FutureWarning: A value is trying to be set on a copy of a DataFrame or Series through chained assignment using an inplace method.
The behavior will change in pandas 3.0. This inplace method will never work because the intermediate object on which we are setting values always behaves as a copy.

For example, when doing 'df[col].method(value, inplace=True)', try using 'df.method({col: value}, inplace=True)' or df[col] = df[col].method(value) instead, to perform the operation inplace on the original object.


  feat[field].fillna(value=0, inplace=True)
/home/g064474/.local/lib/python3.11/site-packages/recbole/data/dataset/dataset.py:650: FutureWarning: A value is trying to be set on a copy of a DataFrame or Series through chained assignment using an inplace method.
The behavior will change in pandas 3.0. This inplace method will never work because the intermediate object on which we are setting values always behaves as a copy.

For example, when doing 'df[col].method(value, inplace=True)', try using 'df.method({col: value}, inplace=True)' or df[col] = df[col].method(value) instead, to perform the operation inplace on the original object.


  feat[field].fillna(value=feat[field].mean(), inplace=True)
05 Dec 10:20    INFO  myanimelist-1m-STRATIFIED_USER
The number of users: 65742
Average actions of users: 11.390137052980636
The number of items: 8291
Average actions of items: 90.32557297949336
The number of inters: 748799
The sparsity of the dataset: 99.86262255701511%
Remain Fields: ['user_id', 'item_id', 'rating']
05 Dec 10:20    INFO  [Training]: train_batch_size = [8192] train_neg_sample_args: [{'distribution': 'uniform', 'sample_num': 1, 'alpha': 1.0, 'dynamic': False, 'candidate_num': 0}]
05 Dec 10:20    INFO  [Evaluation]: eval_batch_size = [8192] eval_args: [{'split': {'RS': [0.8, 0.1, 0.1]}, 'order': 'RO', 'group_by': 'user', 'mode': {'valid': 'full', 'test': 'full'}}]
05 Dec 10:20    INFO  NeuMF(
  (user_mf_embedding): Embedding(65742, 32)
  (item_mf_embedding): Embedding(8291, 32)
  (user_mlp_embedding): Embedding(65742, 32)
  (item_mlp_embedding): Embedding(8291, 32)
  (mlp_layers): MLPLayers(
    (mlp_layers): Sequential(
      (0): Dropout(p=0.1, inplace=False)
      (1): Linear(in_features=64, out_features=128, bias=True)
      (2): ReLU()
      (3): Dropout(p=0.1, inplace=False)
      (4): Linear(in_features=128, out_features=64, bias=True)
      (5): ReLU()
    )
  )
  (predict_layer): Linear(in_features=96, out_features=1, bias=True)
  (sigmoid): Sigmoid()
  (loss): BCEWithLogitsLoss()
)
Trainable parameters: 4754785
05 Dec 10:20    INFO  FLOPs: 16608.0
/home/g064474/.local/lib/python3.11/site-packages/recbole/trainer/trainer.py:235: FutureWarning: `torch.cuda.amp.GradScaler(args...)` is deprecated. Please use `torch.amp.GradScaler('cuda', args...)` instead.
  scaler = amp.GradScaler(enabled=self.enable_scaler)
05 Dec 10:20    INFO  epoch 0 training [time: 0.80s, train loss: 100.5031]
05 Dec 10:22    INFO  epoch 0 evaluating [time: 106.75s, valid_score: 0.002520]
05 Dec 10:22    INFO  valid result: 
ndcg@10 : 0.00252
05 Dec 10:24    INFO  The running environment of this training is as follows:
+-------------+-----------------+
| Environment |      Usage      |
+=============+=================+
| CPU         |     0.20 %      |
+-------------+-----------------+
| GPU         | 0.11 G/15.77 G  |
+-------------+-----------------+
| Memory      | 3.33 G/251.74 G |
+-------------+-----------------+
05 Dec 10:24    INFO  best valid : OrderedDict([('ndcg@10', 0.00252)])
05 Dec 10:24    INFO  test result: OrderedDict([('ndcg@10', 0.00256)])
05 Dec 10:24    INFO  ['/mnt/source/run.py']
05 Dec 10:24    INFO  
General Hyper Parameters:
gpu_id = 0
use_gpu = True
seed = 42
state = INFO
reproducibility = True
data_path = /mnt/artifacts/recbole/datasets/myanimelist-1m-STRATIFIED_USER
checkpoint_dir = /mnt/artifacts/recbole/checkpoints
show_progress = False
save_dataset = False
dataset_save_path = None
save_dataloaders = False
dataloaders_save_path = None
log_wandb = False

Training Hyper Parameters:
epochs = 1
train_batch_size = 8192
learner = sgd
learning_rate = 1.0
train_neg_sample_args = {'distribution': 'uniform', 'sample_num': 1, 'alpha': 1.0, 'dynamic': False, 'candidate_num': 0}
eval_step = 4
stopping_step = 2
clip_grad_norm = None
weight_decay = 0.0
loss_decimal_place = 4

Evaluation Hyper Parameters:
eval_args = {'split': {'RS': [0.8, 0.1, 0.1]}, 'order': 'RO', 'group_by': 'user', 'mode': {'valid': 'full', 'test': 'full'}}
repeatable = False
metrics = ['NDCG']
topk = [10]
valid_metric = NDCG@10
valid_metric_bigger = True
eval_batch_size = 8192
metric_decimal_place = 5

Dataset Hyper Parameters:
field_separator = ,
seq_separator = 

USER_ID_FIELD = user_id
ITEM_ID_FIELD = item_id
RATING_FIELD = rating
TIME_FIELD = None
seq_len = None
LABEL_FIELD = label
threshold = None
NEG_PREFIX = neg_
load_col = None
unload_col = None
unused_col = None
additional_feat_suffix = None
rm_dup_inter = None
val_interval = None
filter_inter_by_user_or_item = True
user_inter_num_interval = [0,inf)
item_inter_num_interval = [0,inf)
alias_of_user_id = None
alias_of_item_id = None
alias_of_entity_id = None
alias_of_relation_id = None
preload_weight = None
normalize_field = None
normalize_all = None
ITEM_LIST_LENGTH_FIELD = item_length
LIST_SUFFIX = _list
MAX_ITEM_LIST_LENGTH = 50
POSITION_FIELD = position_id
HEAD_ENTITY_ID_FIELD = head_id
TAIL_ENTITY_ID_FIELD = tail_id
RELATION_ID_FIELD = relation_id
ENTITY_ID_FIELD = entity_id
benchmark_filename = None

Other Hyper Parameters: 
worker = 4
wandb_project = recbole
shuffle = True
require_pow = False
enable_amp = False
enable_scaler = False
transform = None
mf_embedding_size = 32
mlp_embedding_size = 32
mlp_hidden_size = [128, 64]
dropout_prob = 0.1
mf_train = True
mlp_train = True
use_pretrain = False
mf_pretrain_path = None
mlp_pretrain_path = None
numerical_features = []
discretization = None
kg_reverse_r = False
entity_kg_num_interval = [0,inf)
relation_kg_num_interval = [0,inf)
MODEL_TYPE = ModelType.GENERAL
MODEL_INPUT_TYPE = InputType.POINTWISE
eval_type = EvaluatorType.RANKING
single_spec = True
local_rank = 0
device = cuda
valid_neg_sample_args = {'distribution': 'uniform', 'sample_num': 'none'}
test_neg_sample_args = {'distribution': 'uniform', 'sample_num': 'none'}


/home/g064474/.local/lib/python3.11/site-packages/recbole/data/dataset/dataset.py:648: FutureWarning: A value is trying to be set on a copy of a DataFrame or Series through chained assignment using an inplace method.
The behavior will change in pandas 3.0. This inplace method will never work because the intermediate object on which we are setting values always behaves as a copy.

For example, when doing 'df[col].method(value, inplace=True)', try using 'df.method({col: value}, inplace=True)' or df[col] = df[col].method(value) instead, to perform the operation inplace on the original object.


  feat[field].fillna(value=0, inplace=True)
/home/g064474/.local/lib/python3.11/site-packages/recbole/data/dataset/dataset.py:650: FutureWarning: A value is trying to be set on a copy of a DataFrame or Series through chained assignment using an inplace method.
The behavior will change in pandas 3.0. This inplace method will never work because the intermediate object on which we are setting values always behaves as a copy.

For example, when doing 'df[col].method(value, inplace=True)', try using 'df.method({col: value}, inplace=True)' or df[col] = df[col].method(value) instead, to perform the operation inplace on the original object.


  feat[field].fillna(value=feat[field].mean(), inplace=True)
05 Dec 10:24    INFO  myanimelist-1m-STRATIFIED_USER
The number of users: 65742
Average actions of users: 11.390137052980636
The number of items: 8291
Average actions of items: 90.32557297949336
The number of inters: 748799
The sparsity of the dataset: 99.86262255701511%
Remain Fields: ['user_id', 'item_id', 'rating']
05 Dec 10:24    INFO  [Training]: train_batch_size = [8192] train_neg_sample_args: [{'distribution': 'uniform', 'sample_num': 1, 'alpha': 1.0, 'dynamic': False, 'candidate_num': 0}]
05 Dec 10:24    INFO  [Evaluation]: eval_batch_size = [8192] eval_args: [{'split': {'RS': [0.8, 0.1, 0.1]}, 'order': 'RO', 'group_by': 'user', 'mode': {'valid': 'full', 'test': 'full'}}]
05 Dec 10:24    INFO  NeuMF(
  (user_mf_embedding): Embedding(65742, 32)
  (item_mf_embedding): Embedding(8291, 32)
  (user_mlp_embedding): Embedding(65742, 32)
  (item_mlp_embedding): Embedding(8291, 32)
  (mlp_layers): MLPLayers(
    (mlp_layers): Sequential(
      (0): Dropout(p=0.1, inplace=False)
      (1): Linear(in_features=64, out_features=128, bias=True)
      (2): ReLU()
      (3): Dropout(p=0.1, inplace=False)
      (4): Linear(in_features=128, out_features=64, bias=True)
      (5): ReLU()
    )
  )
  (predict_layer): Linear(in_features=96, out_features=1, bias=True)
  (sigmoid): Sigmoid()
  (loss): BCEWithLogitsLoss()
)
Trainable parameters: 4754785
05 Dec 10:24    INFO  FLOPs: 16608.0
/home/g064474/.local/lib/python3.11/site-packages/recbole/trainer/trainer.py:235: FutureWarning: `torch.cuda.amp.GradScaler(args...)` is deprecated. Please use `torch.amp.GradScaler('cuda', args...)` instead.
  scaler = amp.GradScaler(enabled=self.enable_scaler)
05 Dec 10:24    INFO  epoch 0 training [time: 0.85s, train loss: 100.5031]
05 Dec 10:26    INFO  epoch 0 evaluating [time: 107.97s, valid_score: 0.002520]
05 Dec 10:26    INFO  valid result: 
ndcg@10 : 0.00252
05 Dec 10:28    INFO  The running environment of this training is as follows:
+-------------+-----------------+
| Environment |      Usage      |
+=============+=================+
| CPU         |     0.10 %      |
+-------------+-----------------+
| GPU         | 0.11 G/15.77 G  |
+-------------+-----------------+
| Memory      | 3.73 G/251.74 G |
+-------------+-----------------+
05 Dec 10:28    INFO  best valid : OrderedDict([('ndcg@10', 0.00252)])
05 Dec 10:28    INFO  test result: OrderedDict([('ndcg@10', 0.00256)])
05 Dec 10:28    INFO  ['/mnt/source/run.py']
05 Dec 10:28    INFO  
General Hyper Parameters:
gpu_id = 0
use_gpu = True
seed = 42
state = INFO
reproducibility = True
data_path = /mnt/artifacts/recbole/datasets/myanimelist-8m-STRATIFIED_USER
checkpoint_dir = /mnt/artifacts/recbole/checkpoints
show_progress = False
save_dataset = False
dataset_save_path = None
save_dataloaders = False
dataloaders_save_path = None
log_wandb = False

Training Hyper Parameters:
epochs = 1
train_batch_size = 8192
learner = sgd
learning_rate = 1.0
train_neg_sample_args = {'distribution': 'uniform', 'sample_num': 1, 'alpha': 1.0, 'dynamic': False, 'candidate_num': 0}
eval_step = 4
stopping_step = 2
clip_grad_norm = None
weight_decay = 0.0
loss_decimal_place = 4

Evaluation Hyper Parameters:
eval_args = {'split': {'RS': [0.8, 0.1, 0.1]}, 'order': 'RO', 'group_by': 'user', 'mode': {'valid': 'full', 'test': 'full'}}
repeatable = False
metrics = ['NDCG']
topk = [10]
valid_metric = NDCG@10
valid_metric_bigger = True
eval_batch_size = 8192
metric_decimal_place = 5

Dataset Hyper Parameters:
field_separator = ,
seq_separator = 

USER_ID_FIELD = user_id
ITEM_ID_FIELD = item_id
RATING_FIELD = rating
TIME_FIELD = None
seq_len = None
LABEL_FIELD = label
threshold = None
NEG_PREFIX = neg_
load_col = None
unload_col = None
unused_col = None
additional_feat_suffix = None
rm_dup_inter = None
val_interval = None
filter_inter_by_user_or_item = True
user_inter_num_interval = [0,inf)
item_inter_num_interval = [0,inf)
alias_of_user_id = None
alias_of_item_id = None
alias_of_entity_id = None
alias_of_relation_id = None
preload_weight = None
normalize_field = None
normalize_all = None
ITEM_LIST_LENGTH_FIELD = item_length
LIST_SUFFIX = _list
MAX_ITEM_LIST_LENGTH = 50
POSITION_FIELD = position_id
HEAD_ENTITY_ID_FIELD = head_id
TAIL_ENTITY_ID_FIELD = tail_id
RELATION_ID_FIELD = relation_id
ENTITY_ID_FIELD = entity_id
benchmark_filename = None

Other Hyper Parameters: 
worker = 4
wandb_project = recbole
shuffle = True
require_pow = False
enable_amp = False
enable_scaler = False
transform = None
mf_embedding_size = 32
mlp_embedding_size = 32
mlp_hidden_size = [128, 64]
dropout_prob = 0.1
mf_train = True
mlp_train = True
use_pretrain = False
mf_pretrain_path = None
mlp_pretrain_path = None
numerical_features = []
discretization = None
kg_reverse_r = False
entity_kg_num_interval = [0,inf)
relation_kg_num_interval = [0,inf)
MODEL_TYPE = ModelType.GENERAL
MODEL_INPUT_TYPE = InputType.POINTWISE
eval_type = EvaluatorType.RANKING
single_spec = True
local_rank = 0
device = cuda
valid_neg_sample_args = {'distribution': 'uniform', 'sample_num': 'none'}
test_neg_sample_args = {'distribution': 'uniform', 'sample_num': 'none'}


/home/g064474/.local/lib/python3.11/site-packages/recbole/data/dataset/dataset.py:648: FutureWarning: A value is trying to be set on a copy of a DataFrame or Series through chained assignment using an inplace method.
The behavior will change in pandas 3.0. This inplace method will never work because the intermediate object on which we are setting values always behaves as a copy.

For example, when doing 'df[col].method(value, inplace=True)', try using 'df.method({col: value}, inplace=True)' or df[col] = df[col].method(value) instead, to perform the operation inplace on the original object.


  feat[field].fillna(value=0, inplace=True)
/home/g064474/.local/lib/python3.11/site-packages/recbole/data/dataset/dataset.py:650: FutureWarning: A value is trying to be set on a copy of a DataFrame or Series through chained assignment using an inplace method.
The behavior will change in pandas 3.0. This inplace method will never work because the intermediate object on which we are setting values always behaves as a copy.

For example, when doing 'df[col].method(value, inplace=True)', try using 'df.method({col: value}, inplace=True)' or df[col] = df[col].method(value) instead, to perform the operation inplace on the original object.


  feat[field].fillna(value=feat[field].mean(), inplace=True)
05 Dec 10:28    INFO  myanimelist-8m-STRATIFIED_USER
The number of users: 73516
Average actions of users: 106.28756036183091
The number of items: 11201
Average actions of items: 697.6544642857143
The number of inters: 7813730
The sparsity of the dataset: 99.05110155711722%
Remain Fields: ['user_id', 'item_id', 'rating']
05 Dec 10:29    INFO  [Training]: train_batch_size = [8192] train_neg_sample_args: [{'distribution': 'uniform', 'sample_num': 1, 'alpha': 1.0, 'dynamic': False, 'candidate_num': 0}]
05 Dec 10:29    INFO  [Evaluation]: eval_batch_size = [8192] eval_args: [{'split': {'RS': [0.8, 0.1, 0.1]}, 'order': 'RO', 'group_by': 'user', 'mode': {'valid': 'full', 'test': 'full'}}]
05 Dec 10:29    INFO  NeuMF(
  (user_mf_embedding): Embedding(73516, 32)
  (item_mf_embedding): Embedding(11201, 32)
  (user_mlp_embedding): Embedding(73516, 32)
  (item_mlp_embedding): Embedding(11201, 32)
  (mlp_layers): MLPLayers(
    (mlp_layers): Sequential(
      (0): Dropout(p=0.1, inplace=False)
      (1): Linear(in_features=64, out_features=128, bias=True)
      (2): ReLU()
      (3): Dropout(p=0.1, inplace=False)
      (4): Linear(in_features=128, out_features=64, bias=True)
      (5): ReLU()
    )
  )
  (predict_layer): Linear(in_features=96, out_features=1, bias=True)
  (sigmoid): Sigmoid()
  (loss): BCEWithLogitsLoss()
)
Trainable parameters: 5438561
05 Dec 10:29    INFO  FLOPs: 16608.0
/home/g064474/.local/lib/python3.11/site-packages/recbole/trainer/trainer.py:235: FutureWarning: `torch.cuda.amp.GradScaler(args...)` is deprecated. Please use `torch.amp.GradScaler('cuda', args...)` instead.
  scaler = amp.GradScaler(enabled=self.enable_scaler)
05 Dec 10:29    INFO  epoch 0 training [time: 6.77s, train loss: 819.7227]
05 Dec 10:31    INFO  epoch 0 evaluating [time: 148.65s, valid_score: 0.099640]
05 Dec 10:31    INFO  valid result: 
ndcg@10 : 0.09964
05 Dec 10:34    INFO  The running environment of this training is as follows:
+-------------+-----------------+
| Environment |      Usage      |
+=============+=================+
| CPU         |     0.10 %      |
+-------------+-----------------+
| GPU         | 0.11 G/15.77 G  |
+-------------+-----------------+
| Memory      | 5.94 G/251.74 G |
+-------------+-----------------+
05 Dec 10:34    INFO  best valid : OrderedDict([('ndcg@10', 0.09964)])
05 Dec 10:34    INFO  test result: OrderedDict([('ndcg@10', 0.10906)])
05 Dec 10:34    INFO  ['/mnt/source/run.py']
05 Dec 10:34    INFO  
General Hyper Parameters:
gpu_id = 0
use_gpu = True
seed = 42
state = INFO
reproducibility = True
data_path = /mnt/artifacts/recbole/datasets/tmall-0m-STRATIFIED_USER
checkpoint_dir = /mnt/artifacts/recbole/checkpoints
show_progress = False
save_dataset = False
dataset_save_path = None
save_dataloaders = False
dataloaders_save_path = None
log_wandb = False

Training Hyper Parameters:
epochs = 1
train_batch_size = 8192
learner = sgd
learning_rate = 1.0
train_neg_sample_args = {'distribution': 'uniform', 'sample_num': 1, 'alpha': 1.0, 'dynamic': False, 'candidate_num': 0}
eval_step = 4
stopping_step = 2
clip_grad_norm = None
weight_decay = 0.0
loss_decimal_place = 4

Evaluation Hyper Parameters:
eval_args = {'split': {'RS': [0.8, 0.1, 0.1]}, 'order': 'RO', 'group_by': 'user', 'mode': {'valid': 'full', 'test': 'full'}}
repeatable = False
metrics = ['NDCG']
topk = [10]
valid_metric = NDCG@10
valid_metric_bigger = True
eval_batch_size = 8192
metric_decimal_place = 5

Dataset Hyper Parameters:
field_separator = ,
seq_separator = 

USER_ID_FIELD = user_id
ITEM_ID_FIELD = item_id
RATING_FIELD = rating
TIME_FIELD = None
seq_len = None
LABEL_FIELD = label
threshold = None
NEG_PREFIX = neg_
load_col = None
unload_col = None
unused_col = None
additional_feat_suffix = None
rm_dup_inter = None
val_interval = None
filter_inter_by_user_or_item = True
user_inter_num_interval = [0,inf)
item_inter_num_interval = [0,inf)
alias_of_user_id = None
alias_of_item_id = None
alias_of_entity_id = None
alias_of_relation_id = None
preload_weight = None
normalize_field = None
normalize_all = None
ITEM_LIST_LENGTH_FIELD = item_length
LIST_SUFFIX = _list
MAX_ITEM_LIST_LENGTH = 50
POSITION_FIELD = position_id
HEAD_ENTITY_ID_FIELD = head_id
TAIL_ENTITY_ID_FIELD = tail_id
RELATION_ID_FIELD = relation_id
ENTITY_ID_FIELD = entity_id
benchmark_filename = None

Other Hyper Parameters: 
worker = 4
wandb_project = recbole
shuffle = True
require_pow = False
enable_amp = False
enable_scaler = False
transform = None
mf_embedding_size = 32
mlp_embedding_size = 32
mlp_hidden_size = [128, 64]
dropout_prob = 0.1
mf_train = True
mlp_train = True
use_pretrain = False
mf_pretrain_path = None
mlp_pretrain_path = None
numerical_features = []
discretization = None
kg_reverse_r = False
entity_kg_num_interval = [0,inf)
relation_kg_num_interval = [0,inf)
MODEL_TYPE = ModelType.GENERAL
MODEL_INPUT_TYPE = InputType.POINTWISE
eval_type = EvaluatorType.RANKING
single_spec = True
local_rank = 0
device = cuda
valid_neg_sample_args = {'distribution': 'uniform', 'sample_num': 'none'}
test_neg_sample_args = {'distribution': 'uniform', 'sample_num': 'none'}


/home/g064474/.local/lib/python3.11/site-packages/recbole/data/dataset/dataset.py:648: FutureWarning: A value is trying to be set on a copy of a DataFrame or Series through chained assignment using an inplace method.
The behavior will change in pandas 3.0. This inplace method will never work because the intermediate object on which we are setting values always behaves as a copy.

For example, when doing 'df[col].method(value, inplace=True)', try using 'df.method({col: value}, inplace=True)' or df[col] = df[col].method(value) instead, to perform the operation inplace on the original object.


  feat[field].fillna(value=0, inplace=True)
/home/g064474/.local/lib/python3.11/site-packages/recbole/data/dataset/dataset.py:650: FutureWarning: A value is trying to be set on a copy of a DataFrame or Series through chained assignment using an inplace method.
The behavior will change in pandas 3.0. This inplace method will never work because the intermediate object on which we are setting values always behaves as a copy.

For example, when doing 'df[col].method(value, inplace=True)', try using 'df.method({col: value}, inplace=True)' or df[col] = df[col].method(value) instead, to perform the operation inplace on the original object.


  feat[field].fillna(value=feat[field].mean(), inplace=True)
05 Dec 10:34    INFO  tmall-0m-STRATIFIED_USER
The number of users: 48485
Average actions of users: 1.1885570497483706
The number of items: 50876
Average actions of items: 1.1326977886977887
The number of inters: 57626
The sparsity of the dataset: 99.99766386403051%
Remain Fields: ['user_id', 'item_id', 'rating']
05 Dec 10:34    INFO  [Training]: train_batch_size = [8192] train_neg_sample_args: [{'distribution': 'uniform', 'sample_num': 1, 'alpha': 1.0, 'dynamic': False, 'candidate_num': 0}]
05 Dec 10:34    INFO  [Evaluation]: eval_batch_size = [8192] eval_args: [{'split': {'RS': [0.8, 0.1, 0.1]}, 'order': 'RO', 'group_by': 'user', 'mode': {'valid': 'full', 'test': 'full'}}]
05 Dec 10:34    INFO  NeuMF(
  (user_mf_embedding): Embedding(48485, 32)
  (item_mf_embedding): Embedding(50876, 32)
  (user_mlp_embedding): Embedding(48485, 32)
  (item_mlp_embedding): Embedding(50876, 32)
  (mlp_layers): MLPLayers(
    (mlp_layers): Sequential(
      (0): Dropout(p=0.1, inplace=False)
      (1): Linear(in_features=64, out_features=128, bias=True)
      (2): ReLU()
      (3): Dropout(p=0.1, inplace=False)
      (4): Linear(in_features=128, out_features=64, bias=True)
      (5): ReLU()
    )
  )
  (predict_layer): Linear(in_features=96, out_features=1, bias=True)
  (sigmoid): Sigmoid()
  (loss): BCEWithLogitsLoss()
)
Trainable parameters: 6375777
05 Dec 10:34    INFO  FLOPs: 16608.0
/home/g064474/.local/lib/python3.11/site-packages/recbole/trainer/trainer.py:235: FutureWarning: `torch.cuda.amp.GradScaler(args...)` is deprecated. Please use `torch.amp.GradScaler('cuda', args...)` instead.
  scaler = amp.GradScaler(enabled=self.enable_scaler)
05 Dec 10:34    INFO  epoch 0 training [time: 0.38s, train loss: 9.0134]
05 Dec 10:34    INFO  epoch 0 evaluating [time: 6.23s, valid_score: 0.000000]
05 Dec 10:34    INFO  valid result: 
ndcg@10 : 0.0
05 Dec 10:35    INFO  The running environment of this training is as follows:
+-------------+-----------------+
| Environment |      Usage      |
+=============+=================+
| CPU         |     0.10 %      |
+-------------+-----------------+
| GPU         | 0.13 G/15.77 G  |
+-------------+-----------------+
| Memory      | 5.61 G/251.74 G |
+-------------+-----------------+
05 Dec 10:35    INFO  best valid : OrderedDict([('ndcg@10', 0.0)])
05 Dec 10:35    INFO  test result: OrderedDict([('ndcg@10', 0.0)])
05 Dec 10:35    INFO  ['/mnt/source/run.py']
05 Dec 10:35    INFO  
General Hyper Parameters:
gpu_id = 0
use_gpu = True
seed = 42
state = INFO
reproducibility = True
data_path = /mnt/artifacts/recbole/datasets/tmall-0m-STRATIFIED_USER
checkpoint_dir = /mnt/artifacts/recbole/checkpoints
show_progress = False
save_dataset = False
dataset_save_path = None
save_dataloaders = False
dataloaders_save_path = None
log_wandb = False

Training Hyper Parameters:
epochs = 1
train_batch_size = 8192
learner = sgd
learning_rate = 1.0
train_neg_sample_args = {'distribution': 'uniform', 'sample_num': 1, 'alpha': 1.0, 'dynamic': False, 'candidate_num': 0}
eval_step = 4
stopping_step = 2
clip_grad_norm = None
weight_decay = 0.0
loss_decimal_place = 4

Evaluation Hyper Parameters:
eval_args = {'split': {'RS': [0.8, 0.1, 0.1]}, 'order': 'RO', 'group_by': 'user', 'mode': {'valid': 'full', 'test': 'full'}}
repeatable = False
metrics = ['NDCG']
topk = [10]
valid_metric = NDCG@10
valid_metric_bigger = True
eval_batch_size = 8192
metric_decimal_place = 5

Dataset Hyper Parameters:
field_separator = ,
seq_separator = 

USER_ID_FIELD = user_id
ITEM_ID_FIELD = item_id
RATING_FIELD = rating
TIME_FIELD = None
seq_len = None
LABEL_FIELD = label
threshold = None
NEG_PREFIX = neg_
load_col = None
unload_col = None
unused_col = None
additional_feat_suffix = None
rm_dup_inter = None
val_interval = None
filter_inter_by_user_or_item = True
user_inter_num_interval = [0,inf)
item_inter_num_interval = [0,inf)
alias_of_user_id = None
alias_of_item_id = None
alias_of_entity_id = None
alias_of_relation_id = None
preload_weight = None
normalize_field = None
normalize_all = None
ITEM_LIST_LENGTH_FIELD = item_length
LIST_SUFFIX = _list
MAX_ITEM_LIST_LENGTH = 50
POSITION_FIELD = position_id
HEAD_ENTITY_ID_FIELD = head_id
TAIL_ENTITY_ID_FIELD = tail_id
RELATION_ID_FIELD = relation_id
ENTITY_ID_FIELD = entity_id
benchmark_filename = None

Other Hyper Parameters: 
worker = 4
wandb_project = recbole
shuffle = True
require_pow = False
enable_amp = False
enable_scaler = False
transform = None
mf_embedding_size = 32
mlp_embedding_size = 32
mlp_hidden_size = [128, 64]
dropout_prob = 0.1
mf_train = True
mlp_train = True
use_pretrain = False
mf_pretrain_path = None
mlp_pretrain_path = None
numerical_features = []
discretization = None
kg_reverse_r = False
entity_kg_num_interval = [0,inf)
relation_kg_num_interval = [0,inf)
MODEL_TYPE = ModelType.GENERAL
MODEL_INPUT_TYPE = InputType.POINTWISE
eval_type = EvaluatorType.RANKING
single_spec = True
local_rank = 0
device = cuda
valid_neg_sample_args = {'distribution': 'uniform', 'sample_num': 'none'}
test_neg_sample_args = {'distribution': 'uniform', 'sample_num': 'none'}


/home/g064474/.local/lib/python3.11/site-packages/recbole/data/dataset/dataset.py:648: FutureWarning: A value is trying to be set on a copy of a DataFrame or Series through chained assignment using an inplace method.
The behavior will change in pandas 3.0. This inplace method will never work because the intermediate object on which we are setting values always behaves as a copy.

For example, when doing 'df[col].method(value, inplace=True)', try using 'df.method({col: value}, inplace=True)' or df[col] = df[col].method(value) instead, to perform the operation inplace on the original object.


  feat[field].fillna(value=0, inplace=True)
/home/g064474/.local/lib/python3.11/site-packages/recbole/data/dataset/dataset.py:650: FutureWarning: A value is trying to be set on a copy of a DataFrame or Series through chained assignment using an inplace method.
The behavior will change in pandas 3.0. This inplace method will never work because the intermediate object on which we are setting values always behaves as a copy.

For example, when doing 'df[col].method(value, inplace=True)', try using 'df.method({col: value}, inplace=True)' or df[col] = df[col].method(value) instead, to perform the operation inplace on the original object.


  feat[field].fillna(value=feat[field].mean(), inplace=True)
05 Dec 10:35    INFO  tmall-0m-STRATIFIED_USER
The number of users: 48485
Average actions of users: 1.1885570497483706
The number of items: 50876
Average actions of items: 1.1326977886977887
The number of inters: 57626
The sparsity of the dataset: 99.99766386403051%
Remain Fields: ['user_id', 'item_id', 'rating']
05 Dec 10:35    INFO  [Training]: train_batch_size = [8192] train_neg_sample_args: [{'distribution': 'uniform', 'sample_num': 1, 'alpha': 1.0, 'dynamic': False, 'candidate_num': 0}]
05 Dec 10:35    INFO  [Evaluation]: eval_batch_size = [8192] eval_args: [{'split': {'RS': [0.8, 0.1, 0.1]}, 'order': 'RO', 'group_by': 'user', 'mode': {'valid': 'full', 'test': 'full'}}]
05 Dec 10:35    INFO  NeuMF(
  (user_mf_embedding): Embedding(48485, 32)
  (item_mf_embedding): Embedding(50876, 32)
  (user_mlp_embedding): Embedding(48485, 32)
  (item_mlp_embedding): Embedding(50876, 32)
  (mlp_layers): MLPLayers(
    (mlp_layers): Sequential(
      (0): Dropout(p=0.1, inplace=False)
      (1): Linear(in_features=64, out_features=128, bias=True)
      (2): ReLU()
      (3): Dropout(p=0.1, inplace=False)
      (4): Linear(in_features=128, out_features=64, bias=True)
      (5): ReLU()
    )
  )
  (predict_layer): Linear(in_features=96, out_features=1, bias=True)
  (sigmoid): Sigmoid()
  (loss): BCEWithLogitsLoss()
)
Trainable parameters: 6375777
05 Dec 10:35    INFO  FLOPs: 16608.0
/home/g064474/.local/lib/python3.11/site-packages/recbole/trainer/trainer.py:235: FutureWarning: `torch.cuda.amp.GradScaler(args...)` is deprecated. Please use `torch.amp.GradScaler('cuda', args...)` instead.
  scaler = amp.GradScaler(enabled=self.enable_scaler)
05 Dec 10:35    INFO  epoch 0 training [time: 0.41s, train loss: 9.0134]
05 Dec 10:35    INFO  epoch 0 evaluating [time: 6.27s, valid_score: 0.000000]
05 Dec 10:35    INFO  valid result: 
ndcg@10 : 0.0
05 Dec 10:36    INFO  The running environment of this training is as follows:
+-------------+-----------------+
| Environment |      Usage      |
+=============+=================+
| CPU         |     0.00 %      |
+-------------+-----------------+
| GPU         | 0.13 G/15.77 G  |
+-------------+-----------------+
| Memory      | 6.42 G/251.74 G |
+-------------+-----------------+
05 Dec 10:36    INFO  best valid : OrderedDict([('ndcg@10', 0.0)])
05 Dec 10:36    INFO  test result: OrderedDict([('ndcg@10', 0.0)])
05 Dec 10:36    INFO  ['/mnt/source/run.py']
05 Dec 10:36    INFO  
General Hyper Parameters:
gpu_id = 0
use_gpu = True
seed = 42
state = INFO
reproducibility = True
data_path = /mnt/artifacts/recbole/datasets/tmall-0m-STRATIFIED_USER
checkpoint_dir = /mnt/artifacts/recbole/checkpoints
show_progress = False
save_dataset = False
dataset_save_path = None
save_dataloaders = False
dataloaders_save_path = None
log_wandb = False

Training Hyper Parameters:
epochs = 1
train_batch_size = 8192
learner = sgd
learning_rate = 1.0
train_neg_sample_args = {'distribution': 'uniform', 'sample_num': 1, 'alpha': 1.0, 'dynamic': False, 'candidate_num': 0}
eval_step = 4
stopping_step = 2
clip_grad_norm = None
weight_decay = 0.0
loss_decimal_place = 4

Evaluation Hyper Parameters:
eval_args = {'split': {'RS': [0.8, 0.1, 0.1]}, 'order': 'RO', 'group_by': 'user', 'mode': {'valid': 'full', 'test': 'full'}}
repeatable = False
metrics = ['NDCG']
topk = [10]
valid_metric = NDCG@10
valid_metric_bigger = True
eval_batch_size = 8192
metric_decimal_place = 5

Dataset Hyper Parameters:
field_separator = ,
seq_separator = 

USER_ID_FIELD = user_id
ITEM_ID_FIELD = item_id
RATING_FIELD = rating
TIME_FIELD = None
seq_len = None
LABEL_FIELD = label
threshold = None
NEG_PREFIX = neg_
load_col = None
unload_col = None
unused_col = None
additional_feat_suffix = None
rm_dup_inter = None
val_interval = None
filter_inter_by_user_or_item = True
user_inter_num_interval = [0,inf)
item_inter_num_interval = [0,inf)
alias_of_user_id = None
alias_of_item_id = None
alias_of_entity_id = None
alias_of_relation_id = None
preload_weight = None
normalize_field = None
normalize_all = None
ITEM_LIST_LENGTH_FIELD = item_length
LIST_SUFFIX = _list
MAX_ITEM_LIST_LENGTH = 50
POSITION_FIELD = position_id
HEAD_ENTITY_ID_FIELD = head_id
TAIL_ENTITY_ID_FIELD = tail_id
RELATION_ID_FIELD = relation_id
ENTITY_ID_FIELD = entity_id
benchmark_filename = None

Other Hyper Parameters: 
worker = 4
wandb_project = recbole
shuffle = True
require_pow = False
enable_amp = False
enable_scaler = False
transform = None
mf_embedding_size = 32
mlp_embedding_size = 32
mlp_hidden_size = [128, 64]
dropout_prob = 0.1
mf_train = True
mlp_train = True
use_pretrain = False
mf_pretrain_path = None
mlp_pretrain_path = None
numerical_features = []
discretization = None
kg_reverse_r = False
entity_kg_num_interval = [0,inf)
relation_kg_num_interval = [0,inf)
MODEL_TYPE = ModelType.GENERAL
MODEL_INPUT_TYPE = InputType.POINTWISE
eval_type = EvaluatorType.RANKING
single_spec = True
local_rank = 0
device = cuda
valid_neg_sample_args = {'distribution': 'uniform', 'sample_num': 'none'}
test_neg_sample_args = {'distribution': 'uniform', 'sample_num': 'none'}


/home/g064474/.local/lib/python3.11/site-packages/recbole/data/dataset/dataset.py:648: FutureWarning: A value is trying to be set on a copy of a DataFrame or Series through chained assignment using an inplace method.
The behavior will change in pandas 3.0. This inplace method will never work because the intermediate object on which we are setting values always behaves as a copy.

For example, when doing 'df[col].method(value, inplace=True)', try using 'df.method({col: value}, inplace=True)' or df[col] = df[col].method(value) instead, to perform the operation inplace on the original object.


  feat[field].fillna(value=0, inplace=True)
/home/g064474/.local/lib/python3.11/site-packages/recbole/data/dataset/dataset.py:650: FutureWarning: A value is trying to be set on a copy of a DataFrame or Series through chained assignment using an inplace method.
The behavior will change in pandas 3.0. This inplace method will never work because the intermediate object on which we are setting values always behaves as a copy.

For example, when doing 'df[col].method(value, inplace=True)', try using 'df.method({col: value}, inplace=True)' or df[col] = df[col].method(value) instead, to perform the operation inplace on the original object.


  feat[field].fillna(value=feat[field].mean(), inplace=True)
05 Dec 10:36    INFO  tmall-0m-STRATIFIED_USER
The number of users: 48485
Average actions of users: 1.1885570497483706
The number of items: 50876
Average actions of items: 1.1326977886977887
The number of inters: 57626
The sparsity of the dataset: 99.99766386403051%
Remain Fields: ['user_id', 'item_id', 'rating']
05 Dec 10:36    INFO  [Training]: train_batch_size = [8192] train_neg_sample_args: [{'distribution': 'uniform', 'sample_num': 1, 'alpha': 1.0, 'dynamic': False, 'candidate_num': 0}]
05 Dec 10:36    INFO  [Evaluation]: eval_batch_size = [8192] eval_args: [{'split': {'RS': [0.8, 0.1, 0.1]}, 'order': 'RO', 'group_by': 'user', 'mode': {'valid': 'full', 'test': 'full'}}]
05 Dec 10:36    INFO  NeuMF(
  (user_mf_embedding): Embedding(48485, 32)
  (item_mf_embedding): Embedding(50876, 32)
  (user_mlp_embedding): Embedding(48485, 32)
  (item_mlp_embedding): Embedding(50876, 32)
  (mlp_layers): MLPLayers(
    (mlp_layers): Sequential(
      (0): Dropout(p=0.1, inplace=False)
      (1): Linear(in_features=64, out_features=128, bias=True)
      (2): ReLU()
      (3): Dropout(p=0.1, inplace=False)
      (4): Linear(in_features=128, out_features=64, bias=True)
      (5): ReLU()
    )
  )
  (predict_layer): Linear(in_features=96, out_features=1, bias=True)
  (sigmoid): Sigmoid()
  (loss): BCEWithLogitsLoss()
)
Trainable parameters: 6375777
05 Dec 10:36    INFO  FLOPs: 16608.0
/home/g064474/.local/lib/python3.11/site-packages/recbole/trainer/trainer.py:235: FutureWarning: `torch.cuda.amp.GradScaler(args...)` is deprecated. Please use `torch.amp.GradScaler('cuda', args...)` instead.
  scaler = amp.GradScaler(enabled=self.enable_scaler)
05 Dec 10:36    INFO  epoch 0 training [time: 0.39s, train loss: 9.0134]
05 Dec 10:36    INFO  epoch 0 evaluating [time: 6.37s, valid_score: 0.000000]
05 Dec 10:36    INFO  valid result: 
ndcg@10 : 0.0
05 Dec 10:36    INFO  The running environment of this training is as follows:
+-------------+-----------------+
| Environment |      Usage      |
+=============+=================+
| CPU         |     0.20 %      |
+-------------+-----------------+
| GPU         | 0.13 G/15.77 G  |
+-------------+-----------------+
| Memory      | 6.91 G/251.74 G |
+-------------+-----------------+
05 Dec 10:36    INFO  best valid : OrderedDict([('ndcg@10', 0.0)])
05 Dec 10:36    INFO  test result: OrderedDict([('ndcg@10', 0.0)])
05 Dec 10:37    INFO  ['/mnt/source/run.py']
05 Dec 10:37    INFO  
General Hyper Parameters:
gpu_id = 0
use_gpu = True
seed = 42
state = INFO
reproducibility = True
data_path = /mnt/artifacts/recbole/datasets/tmall-1m-STRATIFIED_USER
checkpoint_dir = /mnt/artifacts/recbole/checkpoints
show_progress = False
save_dataset = False
dataset_save_path = None
save_dataloaders = False
dataloaders_save_path = None
log_wandb = False

Training Hyper Parameters:
epochs = 1
train_batch_size = 8192
learner = sgd
learning_rate = 1.0
train_neg_sample_args = {'distribution': 'uniform', 'sample_num': 1, 'alpha': 1.0, 'dynamic': False, 'candidate_num': 0}
eval_step = 4
stopping_step = 2
clip_grad_norm = None
weight_decay = 0.0
loss_decimal_place = 4

Evaluation Hyper Parameters:
eval_args = {'split': {'RS': [0.8, 0.1, 0.1]}, 'order': 'RO', 'group_by': 'user', 'mode': {'valid': 'full', 'test': 'full'}}
repeatable = False
metrics = ['NDCG']
topk = [10]
valid_metric = NDCG@10
valid_metric_bigger = True
eval_batch_size = 8192
metric_decimal_place = 5

Dataset Hyper Parameters:
field_separator = ,
seq_separator = 

USER_ID_FIELD = user_id
ITEM_ID_FIELD = item_id
RATING_FIELD = rating
TIME_FIELD = None
seq_len = None
LABEL_FIELD = label
threshold = None
NEG_PREFIX = neg_
load_col = None
unload_col = None
unused_col = None
additional_feat_suffix = None
rm_dup_inter = None
val_interval = None
filter_inter_by_user_or_item = True
user_inter_num_interval = [0,inf)
item_inter_num_interval = [0,inf)
alias_of_user_id = None
alias_of_item_id = None
alias_of_entity_id = None
alias_of_relation_id = None
preload_weight = None
normalize_field = None
normalize_all = None
ITEM_LIST_LENGTH_FIELD = item_length
LIST_SUFFIX = _list
MAX_ITEM_LIST_LENGTH = 50
POSITION_FIELD = position_id
HEAD_ENTITY_ID_FIELD = head_id
TAIL_ENTITY_ID_FIELD = tail_id
RELATION_ID_FIELD = relation_id
ENTITY_ID_FIELD = entity_id
benchmark_filename = None

Other Hyper Parameters: 
worker = 4
wandb_project = recbole
shuffle = True
require_pow = False
enable_amp = False
enable_scaler = False
transform = None
mf_embedding_size = 32
mlp_embedding_size = 32
mlp_hidden_size = [128, 64]
dropout_prob = 0.1
mf_train = True
mlp_train = True
use_pretrain = False
mf_pretrain_path = None
mlp_pretrain_path = None
numerical_features = []
discretization = None
kg_reverse_r = False
entity_kg_num_interval = [0,inf)
relation_kg_num_interval = [0,inf)
MODEL_TYPE = ModelType.GENERAL
MODEL_INPUT_TYPE = InputType.POINTWISE
eval_type = EvaluatorType.RANKING
single_spec = True
local_rank = 0
device = cuda
valid_neg_sample_args = {'distribution': 'uniform', 'sample_num': 'none'}
test_neg_sample_args = {'distribution': 'uniform', 'sample_num': 'none'}


/home/g064474/.local/lib/python3.11/site-packages/recbole/data/dataset/dataset.py:648: FutureWarning: A value is trying to be set on a copy of a DataFrame or Series through chained assignment using an inplace method.
The behavior will change in pandas 3.0. This inplace method will never work because the intermediate object on which we are setting values always behaves as a copy.

For example, when doing 'df[col].method(value, inplace=True)', try using 'df.method({col: value}, inplace=True)' or df[col] = df[col].method(value) instead, to perform the operation inplace on the original object.


  feat[field].fillna(value=0, inplace=True)
/home/g064474/.local/lib/python3.11/site-packages/recbole/data/dataset/dataset.py:650: FutureWarning: A value is trying to be set on a copy of a DataFrame or Series through chained assignment using an inplace method.
The behavior will change in pandas 3.0. This inplace method will never work because the intermediate object on which we are setting values always behaves as a copy.

For example, when doing 'df[col].method(value, inplace=True)', try using 'df.method({col: value}, inplace=True)' or df[col] = df[col].method(value) instead, to perform the operation inplace on the original object.


  feat[field].fillna(value=feat[field].mean(), inplace=True)
05 Dec 10:37    INFO  tmall-1m-STRATIFIED_USER
The number of users: 275123
Average actions of users: 2.5767477700801824
The number of items: 372902
Average actions of items: 1.9010943923454215
The number of inters: 708920
The sparsity of the dataset: 99.99930900386582%
Remain Fields: ['user_id', 'item_id', 'rating']
05 Dec 10:37    INFO  [Training]: train_batch_size = [8192] train_neg_sample_args: [{'distribution': 'uniform', 'sample_num': 1, 'alpha': 1.0, 'dynamic': False, 'candidate_num': 0}]
05 Dec 10:37    INFO  [Evaluation]: eval_batch_size = [8192] eval_args: [{'split': {'RS': [0.8, 0.1, 0.1]}, 'order': 'RO', 'group_by': 'user', 'mode': {'valid': 'full', 'test': 'full'}}]
05 Dec 10:37    INFO  NeuMF(
  (user_mf_embedding): Embedding(275123, 32)
  (item_mf_embedding): Embedding(372902, 32)
  (user_mlp_embedding): Embedding(275123, 32)
  (item_mlp_embedding): Embedding(372902, 32)
  (mlp_layers): MLPLayers(
    (mlp_layers): Sequential(
      (0): Dropout(p=0.1, inplace=False)
      (1): Linear(in_features=64, out_features=128, bias=True)
      (2): ReLU()
      (3): Dropout(p=0.1, inplace=False)
      (4): Linear(in_features=128, out_features=64, bias=True)
      (5): ReLU()
    )
  )
  (predict_layer): Linear(in_features=96, out_features=1, bias=True)
  (sigmoid): Sigmoid()
  (loss): BCEWithLogitsLoss()
)
Trainable parameters: 41490273
05 Dec 10:37    INFO  FLOPs: 16608.0
/home/g064474/.local/lib/python3.11/site-packages/recbole/trainer/trainer.py:235: FutureWarning: `torch.cuda.amp.GradScaler(args...)` is deprecated. Please use `torch.amp.GradScaler('cuda', args...)` instead.
  scaler = amp.GradScaler(enabled=self.enable_scaler)
05 Dec 10:37    INFO  epoch 0 training [time: 0.87s, train loss: 83.8713]
05 Dec 10:57    INFO  epoch 0 evaluating [time: 1203.81s, valid_score: 0.000000]
05 Dec 10:57    INFO  valid result: 
ndcg@10 : 0.0
05 Dec 11:31    INFO  The running environment of this training is as follows:
+-------------+-----------------+
| Environment |      Usage      |
+=============+=================+
| CPU         |     0.10 %      |
+-------------+-----------------+
| GPU         | 0.60 G/15.77 G  |
+-------------+-----------------+
| Memory      | 7.64 G/251.74 G |
+-------------+-----------------+
05 Dec 11:31    INFO  best valid : OrderedDict([('ndcg@10', 0.0)])
05 Dec 11:31    INFO  test result: OrderedDict([('ndcg@10', 1e-05)])
05 Dec 11:31    INFO  ['/mnt/source/run.py']
05 Dec 11:31    INFO  
General Hyper Parameters:
gpu_id = 0
use_gpu = True
seed = 42
state = INFO
reproducibility = True
data_path = /mnt/artifacts/recbole/datasets/tmall-1m-STRATIFIED_USER
checkpoint_dir = /mnt/artifacts/recbole/checkpoints
show_progress = False
save_dataset = False
dataset_save_path = None
save_dataloaders = False
dataloaders_save_path = None
log_wandb = False

Training Hyper Parameters:
epochs = 1
train_batch_size = 8192
learner = sgd
learning_rate = 1.0
train_neg_sample_args = {'distribution': 'uniform', 'sample_num': 1, 'alpha': 1.0, 'dynamic': False, 'candidate_num': 0}
eval_step = 4
stopping_step = 2
clip_grad_norm = None
weight_decay = 0.0
loss_decimal_place = 4

Evaluation Hyper Parameters:
eval_args = {'split': {'RS': [0.8, 0.1, 0.1]}, 'order': 'RO', 'group_by': 'user', 'mode': {'valid': 'full', 'test': 'full'}}
repeatable = False
metrics = ['NDCG']
topk = [10]
valid_metric = NDCG@10
valid_metric_bigger = True
eval_batch_size = 8192
metric_decimal_place = 5

Dataset Hyper Parameters:
field_separator = ,
seq_separator = 

USER_ID_FIELD = user_id
ITEM_ID_FIELD = item_id
RATING_FIELD = rating
TIME_FIELD = None
seq_len = None
LABEL_FIELD = label
threshold = None
NEG_PREFIX = neg_
load_col = None
unload_col = None
unused_col = None
additional_feat_suffix = None
rm_dup_inter = None
val_interval = None
filter_inter_by_user_or_item = True
user_inter_num_interval = [0,inf)
item_inter_num_interval = [0,inf)
alias_of_user_id = None
alias_of_item_id = None
alias_of_entity_id = None
alias_of_relation_id = None
preload_weight = None
normalize_field = None
normalize_all = None
ITEM_LIST_LENGTH_FIELD = item_length
LIST_SUFFIX = _list
MAX_ITEM_LIST_LENGTH = 50
POSITION_FIELD = position_id
HEAD_ENTITY_ID_FIELD = head_id
TAIL_ENTITY_ID_FIELD = tail_id
RELATION_ID_FIELD = relation_id
ENTITY_ID_FIELD = entity_id
benchmark_filename = None

Other Hyper Parameters: 
worker = 4
wandb_project = recbole
shuffle = True
require_pow = False
enable_amp = False
enable_scaler = False
transform = None
mf_embedding_size = 32
mlp_embedding_size = 32
mlp_hidden_size = [128, 64]
dropout_prob = 0.1
mf_train = True
mlp_train = True
use_pretrain = False
mf_pretrain_path = None
mlp_pretrain_path = None
numerical_features = []
discretization = None
kg_reverse_r = False
entity_kg_num_interval = [0,inf)
relation_kg_num_interval = [0,inf)
MODEL_TYPE = ModelType.GENERAL
MODEL_INPUT_TYPE = InputType.POINTWISE
eval_type = EvaluatorType.RANKING
single_spec = True
local_rank = 0
device = cuda
valid_neg_sample_args = {'distribution': 'uniform', 'sample_num': 'none'}
test_neg_sample_args = {'distribution': 'uniform', 'sample_num': 'none'}


/home/g064474/.local/lib/python3.11/site-packages/recbole/data/dataset/dataset.py:648: FutureWarning: A value is trying to be set on a copy of a DataFrame or Series through chained assignment using an inplace method.
The behavior will change in pandas 3.0. This inplace method will never work because the intermediate object on which we are setting values always behaves as a copy.

For example, when doing 'df[col].method(value, inplace=True)', try using 'df.method({col: value}, inplace=True)' or df[col] = df[col].method(value) instead, to perform the operation inplace on the original object.


  feat[field].fillna(value=0, inplace=True)
/home/g064474/.local/lib/python3.11/site-packages/recbole/data/dataset/dataset.py:650: FutureWarning: A value is trying to be set on a copy of a DataFrame or Series through chained assignment using an inplace method.
The behavior will change in pandas 3.0. This inplace method will never work because the intermediate object on which we are setting values always behaves as a copy.

For example, when doing 'df[col].method(value, inplace=True)', try using 'df.method({col: value}, inplace=True)' or df[col] = df[col].method(value) instead, to perform the operation inplace on the original object.


  feat[field].fillna(value=feat[field].mean(), inplace=True)
05 Dec 11:31    INFO  tmall-1m-STRATIFIED_USER
The number of users: 275123
Average actions of users: 2.5767477700801824
The number of items: 372902
Average actions of items: 1.9010943923454215
The number of inters: 708920
The sparsity of the dataset: 99.99930900386582%
Remain Fields: ['user_id', 'item_id', 'rating']
05 Dec 11:32    INFO  [Training]: train_batch_size = [8192] train_neg_sample_args: [{'distribution': 'uniform', 'sample_num': 1, 'alpha': 1.0, 'dynamic': False, 'candidate_num': 0}]
05 Dec 11:32    INFO  [Evaluation]: eval_batch_size = [8192] eval_args: [{'split': {'RS': [0.8, 0.1, 0.1]}, 'order': 'RO', 'group_by': 'user', 'mode': {'valid': 'full', 'test': 'full'}}]
05 Dec 11:32    INFO  NeuMF(
  (user_mf_embedding): Embedding(275123, 32)
  (item_mf_embedding): Embedding(372902, 32)
  (user_mlp_embedding): Embedding(275123, 32)
  (item_mlp_embedding): Embedding(372902, 32)
  (mlp_layers): MLPLayers(
    (mlp_layers): Sequential(
      (0): Dropout(p=0.1, inplace=False)
      (1): Linear(in_features=64, out_features=128, bias=True)
      (2): ReLU()
      (3): Dropout(p=0.1, inplace=False)
      (4): Linear(in_features=128, out_features=64, bias=True)
      (5): ReLU()
    )
  )
  (predict_layer): Linear(in_features=96, out_features=1, bias=True)
  (sigmoid): Sigmoid()
  (loss): BCEWithLogitsLoss()
)
Trainable parameters: 41490273
05 Dec 11:32    INFO  FLOPs: 16608.0
/home/g064474/.local/lib/python3.11/site-packages/recbole/trainer/trainer.py:235: FutureWarning: `torch.cuda.amp.GradScaler(args...)` is deprecated. Please use `torch.amp.GradScaler('cuda', args...)` instead.
  scaler = amp.GradScaler(enabled=self.enable_scaler)
05 Dec 11:32    INFO  epoch 0 training [time: 0.87s, train loss: 83.8713]
05 Dec 11:52    INFO  epoch 0 evaluating [time: 1224.14s, valid_score: 0.000000]
05 Dec 11:52    INFO  valid result: 
ndcg@10 : 0.0
05 Dec 12:26    INFO  The running environment of this training is as follows:
+-------------+-----------------+
| Environment |      Usage      |
+=============+=================+
| CPU         |     0.20 %      |
+-------------+-----------------+
| GPU         | 0.60 G/15.77 G  |
+-------------+-----------------+
| Memory      | 6.09 G/251.74 G |
+-------------+-----------------+
05 Dec 12:26    INFO  best valid : OrderedDict([('ndcg@10', 0.0)])
05 Dec 12:26    INFO  test result: OrderedDict([('ndcg@10', 1e-05)])
05 Dec 12:26    INFO  ['/mnt/source/run.py']
05 Dec 12:26    INFO  
General Hyper Parameters:
gpu_id = 0
use_gpu = True
seed = 42
state = INFO
reproducibility = True
data_path = /mnt/artifacts/recbole/datasets/tmall-24m-STRATIFIED_USER
checkpoint_dir = /mnt/artifacts/recbole/checkpoints
show_progress = False
save_dataset = False
dataset_save_path = None
save_dataloaders = False
dataloaders_save_path = None
log_wandb = False

Training Hyper Parameters:
epochs = 1
train_batch_size = 8192
learner = sgd
learning_rate = 1.0
train_neg_sample_args = {'distribution': 'uniform', 'sample_num': 1, 'alpha': 1.0, 'dynamic': False, 'candidate_num': 0}
eval_step = 4
stopping_step = 2
clip_grad_norm = None
weight_decay = 0.0
loss_decimal_place = 4

Evaluation Hyper Parameters:
eval_args = {'split': {'RS': [0.8, 0.1, 0.1]}, 'order': 'RO', 'group_by': 'user', 'mode': {'valid': 'full', 'test': 'full'}}
repeatable = False
metrics = ['NDCG']
topk = [10]
valid_metric = NDCG@10
valid_metric_bigger = True
eval_batch_size = 8192
metric_decimal_place = 5

Dataset Hyper Parameters:
field_separator = ,
seq_separator = 

USER_ID_FIELD = user_id
ITEM_ID_FIELD = item_id
RATING_FIELD = rating
TIME_FIELD = None
seq_len = None
LABEL_FIELD = label
threshold = None
NEG_PREFIX = neg_
load_col = None
unload_col = None
unused_col = None
additional_feat_suffix = None
rm_dup_inter = None
val_interval = None
filter_inter_by_user_or_item = True
user_inter_num_interval = [0,inf)
item_inter_num_interval = [0,inf)
alias_of_user_id = None
alias_of_item_id = None
alias_of_entity_id = None
alias_of_relation_id = None
preload_weight = None
normalize_field = None
normalize_all = None
ITEM_LIST_LENGTH_FIELD = item_length
LIST_SUFFIX = _list
MAX_ITEM_LIST_LENGTH = 50
POSITION_FIELD = position_id
HEAD_ENTITY_ID_FIELD = head_id
TAIL_ENTITY_ID_FIELD = tail_id
RELATION_ID_FIELD = relation_id
ENTITY_ID_FIELD = entity_id
benchmark_filename = None

Other Hyper Parameters: 
worker = 4
wandb_project = recbole
shuffle = True
require_pow = False
enable_amp = False
enable_scaler = False
transform = None
mf_embedding_size = 32
mlp_embedding_size = 32
mlp_hidden_size = [128, 64]
dropout_prob = 0.1
mf_train = True
mlp_train = True
use_pretrain = False
mf_pretrain_path = None
mlp_pretrain_path = None
numerical_features = []
discretization = None
kg_reverse_r = False
entity_kg_num_interval = [0,inf)
relation_kg_num_interval = [0,inf)
MODEL_TYPE = ModelType.GENERAL
MODEL_INPUT_TYPE = InputType.POINTWISE
eval_type = EvaluatorType.RANKING
single_spec = True
local_rank = 0
device = cuda
valid_neg_sample_args = {'distribution': 'uniform', 'sample_num': 'none'}
test_neg_sample_args = {'distribution': 'uniform', 'sample_num': 'none'}


/home/g064474/.local/lib/python3.11/site-packages/recbole/data/dataset/dataset.py:648: FutureWarning: A value is trying to be set on a copy of a DataFrame or Series through chained assignment using an inplace method.
The behavior will change in pandas 3.0. This inplace method will never work because the intermediate object on which we are setting values always behaves as a copy.

For example, when doing 'df[col].method(value, inplace=True)', try using 'df.method({col: value}, inplace=True)' or df[col] = df[col].method(value) instead, to perform the operation inplace on the original object.


  feat[field].fillna(value=0, inplace=True)
/home/g064474/.local/lib/python3.11/site-packages/recbole/data/dataset/dataset.py:650: FutureWarning: A value is trying to be set on a copy of a DataFrame or Series through chained assignment using an inplace method.
The behavior will change in pandas 3.0. This inplace method will never work because the intermediate object on which we are setting values always behaves as a copy.

For example, when doing 'df[col].method(value, inplace=True)', try using 'df.method({col: value}, inplace=True)' or df[col] = df[col].method(value) instead, to perform the operation inplace on the original object.


  feat[field].fillna(value=feat[field].mean(), inplace=True)
05 Dec 12:28    INFO  tmall-24m-STRATIFIED_USER
The number of users: 626042
Average actions of users: 38.916871259230625
The number of items: 2200292
Average actions of items: 11.072879450945353
The number of inters: 24363557
The sparsity of the dataset: 99.9982312888882%
Remain Fields: ['user_id', 'item_id', 'rating']
05 Dec 12:30    INFO  [Training]: train_batch_size = [8192] train_neg_sample_args: [{'distribution': 'uniform', 'sample_num': 1, 'alpha': 1.0, 'dynamic': False, 'candidate_num': 0}]
05 Dec 12:30    INFO  [Evaluation]: eval_batch_size = [8192] eval_args: [{'split': {'RS': [0.8, 0.1, 0.1]}, 'order': 'RO', 'group_by': 'user', 'mode': {'valid': 'full', 'test': 'full'}}]
05 Dec 12:30    INFO  NeuMF(
  (user_mf_embedding): Embedding(626042, 32)
  (item_mf_embedding): Embedding(2200292, 32)
  (user_mlp_embedding): Embedding(626042, 32)
  (item_mlp_embedding): Embedding(2200292, 32)
  (mlp_layers): MLPLayers(
    (mlp_layers): Sequential(
      (0): Dropout(p=0.1, inplace=False)
      (1): Linear(in_features=64, out_features=128, bias=True)
      (2): ReLU()
      (3): Dropout(p=0.1, inplace=False)
      (4): Linear(in_features=128, out_features=64, bias=True)
      (5): ReLU()
    )
  )
  (predict_layer): Linear(in_features=96, out_features=1, bias=True)
  (sigmoid): Sigmoid()
  (loss): BCEWithLogitsLoss()
)
Trainable parameters: 180902049
05 Dec 12:30    INFO  FLOPs: 16608.0
/home/g064474/.local/lib/python3.11/site-packages/recbole/trainer/trainer.py:235: FutureWarning: `torch.cuda.amp.GradScaler(args...)` is deprecated. Please use `torch.amp.GradScaler('cuda', args...)` instead.
  scaler = amp.GradScaler(enabled=self.enable_scaler)
05 Dec 12:30    INFO  epoch 0 training [time: 29.82s, train loss: 3321.5229]
06 Dec 00:14    INFO  epoch 0 evaluating [time: 42238.85s, valid_score: 0.002620]
06 Dec 00:14    INFO  valid result: 
ndcg@10 : 0.00262
slurmstepd: error: *** JOB 10954129 ON gpu-node003 CANCELLED AT 2025-12-06T02:16:49 DUE TO TIME LIMIT ***
