[UEDRS] [00:00:10] Mode: ABSOLUTE STRATIFIED_USER
[UEDRS] [00:00:10] Tag:  none
[UEDRS] [00:00:10] Tool: LENSKIT
[UEDRS] [00:00:10] Algorithm: POP
[UEDRS] [00:00:10] Excluded datasets: ALIBABA
[UEDRS] [00:00:10] Sizes: [1000000, 25000000, 50000000, 75000000, 100000000]

[UEDRS] [00:00:10] Loading dataset [MOVIELENS]
[UEDRS] [00:00:17] Sampling for [1000000]
[UEDRS] [00:00:24] Checking [LENSKIT][POP][MOVIELENS][1m]
[UEDRS] [00:00:24] Skipping (0.00858)

[UEDRS] [00:00:24] Sampling for [25000000]
[UEDRS] [00:00:31] Checking [LENSKIT][POP][MOVIELENS][25m]
[UEDRS] [00:00:31] Skipping (0.11333)

[UEDRS] [00:00:31] Sampling for [50000000]
[UEDRS] [00:00:39] Checking [LENSKIT][POP][MOVIELENS][32m]
[UEDRS] [00:00:39] Skipping (0.16701)

[UEDRS] [00:00:39] Sampling for [75000000]
[UEDRS] [00:00:46] Checking [LENSKIT][POP][MOVIELENS][32m]
[UEDRS] [00:00:46] Skipping (0.16701)

[UEDRS] [00:00:46] Sampling for [100000000]
[UEDRS] [00:00:54] Checking [LENSKIT][POP][MOVIELENS][32m]
[UEDRS] [00:00:54] Skipping (0.16701)

[UEDRS] [00:00:54] Loading dataset [NETFLIX]
[UEDRS] [00:02:15] Sampling for [1000000]
[UEDRS] [00:02:33] Checking [LENSKIT][POP][NETFLIX][1m]
[UEDRS] [00:02:33] Skipping (0.00297)

[UEDRS] [00:02:33] Sampling for [25000000]
[UEDRS] [00:02:52] Checking [LENSKIT][POP][NETFLIX][25m]
[UEDRS] [00:02:52] Skipping (0.03352)

[UEDRS] [00:02:52] Sampling for [50000000]
[UEDRS] [00:03:11] Checking [LENSKIT][POP][NETFLIX][50m]
[UEDRS] [00:03:11] Skipping (0.05555)

[UEDRS] [00:03:11] Sampling for [75000000]
[UEDRS] [00:03:30] Checking [LENSKIT][POP][NETFLIX][75m]
[UEDRS] [00:03:30] Skipping (0.08792)

[UEDRS] [00:03:30] Sampling for [100000000]
[UEDRS] [00:04:00] Checking [LENSKIT][POP][NETFLIX][100m]
[UEDRS] [00:04:00] Skipping (0.14026)

[UEDRS] [00:04:00] Loading dataset [GOODREADS]
[UEDRS] [00:07:37] Sampling for [1000000]
[UEDRS] [00:08:11] Checking [LENSKIT][POP][GOODREADS][1m]
[UEDRS] [00:08:11] Skipping (0.00062)

[UEDRS] [00:08:11] Sampling for [25000000]
[UEDRS] [00:08:47] Checking [LENSKIT][POP][GOODREADS][25m]
[UEDRS] [00:08:47] Skipping (0.01621)

[UEDRS] [00:08:47] Sampling for [50000000]
[UEDRS] [00:09:23] Checking [LENSKIT][POP][GOODREADS][50m]
[UEDRS] [00:09:23] Skipping (0.02329)

[UEDRS] [00:09:23] Sampling for [75000000]
[UEDRS] [00:10:07] Checking [LENSKIT][POP][GOODREADS][75m]
[UEDRS] [00:10:07] Skipping (0.02949)

[UEDRS] [00:10:07] Sampling for [100000000]
[UEDRS] [00:10:45] Checking [LENSKIT][POP][GOODREADS][100m]
[UEDRS] [00:10:45] Skipping (0.03652)

[UEDRS] [00:10:45] Loading dataset [MUSIC4ALL]
[UEDRS] [00:11:29] Sampling for [1000000]
[UEDRS] [00:11:36] Checking [LENSKIT][POP][MUSIC4ALL][1m]
[UEDRS] [00:11:36] Skipping (0.00204)

[UEDRS] [00:11:36] Sampling for [25000000]
[UEDRS] [00:11:43] Checking [LENSKIT][POP][MUSIC4ALL][25m]
[UEDRS] [00:11:43] Skipping (0.01007)

[UEDRS] [00:11:43] Sampling for [50000000]
[UEDRS] [00:12:01] Checking [LENSKIT][POP][MUSIC4ALL][50m]
[UEDRS] [00:12:01] Skipping (0.01755)

[UEDRS] [00:12:01] Sampling for [75000000]
[UEDRS] [00:12:09] Checking [LENSKIT][POP][MUSIC4ALL][50m]
[UEDRS] [00:12:09] Skipping (0.01763)

[UEDRS] [00:12:09] Sampling for [100000000]
[UEDRS] [00:12:18] Checking [LENSKIT][POP][MUSIC4ALL][50m]
[UEDRS] [00:12:18] Skipping (0.01763)

[UEDRS] [00:12:18] Loading dataset [AMAZON]
[UEDRS] [00:45:00] Sampling for [1000000]
[UEDRS] [01:14:15] Checking [LENSKIT][POP][AMAZON][0m]
[UEDRS] [01:14:15] Skipping (0.0)

[UEDRS] [01:14:15] Sampling for [25000000]
[UEDRS] [01:45:47] Checking [LENSKIT][POP][AMAZON][19m]
[UEDRS] [01:45:47] Starting
