[UEDRS] [00:00:00] Loading dataset: MYANIMELIST
[UEDRS] [00:00:00] Length: 7.81m
[UEDRS] [00:00:00] Size: 1000000
[UEDRS] [00:00:00] Sampling
[UEDRS] [00:00:03] Result: 1000000
[UEDRS] [00:00:03] Matches: True
[UEDRS] [00:00:03] Size: 750000
[UEDRS] [00:00:03] Sampling
[UEDRS] [00:00:05] Result: 750000
[UEDRS] [00:00:05] Matches: True
[UEDRS] [00:00:05] Size: 500000
[UEDRS] [00:00:05] Sampling
[UEDRS] [00:00:08] Result: 500000
[UEDRS] [00:00:08] Matches: True
[UEDRS] [00:00:08] Size: 250000
[UEDRS] [00:00:08] Sampling
[UEDRS] [00:00:11] Result: 250000
[UEDRS] [00:00:11] Matches: True
[UEDRS] [00:00:11] Size: 100000
[UEDRS] [00:00:11] Sampling
[UEDRS] [00:00:13] Result: 100000
[UEDRS] [00:00:13] Matches: True


[UEDRS] [00:00:13] Loading dataset: IPINYOU
[UEDRS] [00:00:13] Length: 22.27m
[UEDRS] [00:00:13] Size: 1000000
[UEDRS] [00:00:13] Sampling
[UEDRS] [00:09:49] Result: 1000000
[UEDRS] [00:09:49] Matches: True
[UEDRS] [00:09:49] Size: 750000
[UEDRS] [00:09:49] Sampling
[UEDRS] [00:18:56] Result: 750000
[UEDRS] [00:18:56] Matches: True
[UEDRS] [00:18:56] Size: 500000
[UEDRS] [00:18:56] Sampling
[UEDRS] [00:28:05] Result: 500000
[UEDRS] [00:28:05] Matches: True
[UEDRS] [00:28:05] Size: 250000
[UEDRS] [00:28:05] Sampling
[UEDRS] [00:37:09] Result: 250000
[UEDRS] [00:37:09] Matches: True
[UEDRS] [00:37:09] Size: 100000
[UEDRS] [00:37:09] Sampling
[UEDRS] [00:46:16] Result: 100000
[UEDRS] [00:46:16] Matches: True


[UEDRS] [00:46:16] Loading dataset: TMALL
[UEDRS] [00:46:18] Length: 24.36m
[UEDRS] [00:46:18] Size: 1000000
[UEDRS] [00:46:18] Sampling
[UEDRS] [00:46:39] Result: 1000000
[UEDRS] [00:46:39] Matches: True
[UEDRS] [00:46:39] Size: 750000
[UEDRS] [00:46:39] Sampling
[UEDRS] [00:46:59] Result: 750000
[UEDRS] [00:46:59] Matches: True
[UEDRS] [00:46:59] Size: 500000
[UEDRS] [00:46:59] Sampling
[UEDRS] [00:47:20] Result: 500000
[UEDRS] [00:47:20] Matches: True
[UEDRS] [00:47:20] Size: 250000
[UEDRS] [00:47:20] Sampling
[UEDRS] [00:47:41] Result: 250000
[UEDRS] [00:47:41] Matches: True
[UEDRS] [00:47:41] Size: 100000
[UEDRS] [00:47:41] Sampling
[UEDRS] [00:48:01] Result: 100000
[UEDRS] [00:48:01] Matches: True


[UEDRS] [00:48:01] Loading dataset: MOVIELENS
[UEDRS] [00:48:03] Length: 32.00m
[UEDRS] [00:48:03] Size: 25000000
[UEDRS] [00:48:03] Sampling
[UEDRS] [00:48:13] Result: 25000000
[UEDRS] [00:48:13] Matches: True
[UEDRS] [00:48:13] Size: 1000000
[UEDRS] [00:48:13] Sampling
[UEDRS] [00:48:21] Result: 1000000
[UEDRS] [00:48:21] Matches: True
[UEDRS] [00:48:21] Size: 750000
[UEDRS] [00:48:21] Sampling
[UEDRS] [00:48:28] Result: 750000
[UEDRS] [00:48:28] Matches: True
[UEDRS] [00:48:28] Size: 500000
[UEDRS] [00:48:28] Sampling
[UEDRS] [00:48:35] Result: 500000
[UEDRS] [00:48:35] Matches: True
[UEDRS] [00:48:35] Size: 250000
[UEDRS] [00:48:35] Sampling
[UEDRS] [00:48:43] Result: 250000
[UEDRS] [00:48:43] Matches: True
[UEDRS] [00:48:43] Size: 100000
[UEDRS] [00:48:43] Sampling
[UEDRS] [00:48:50] Result: 100000
[UEDRS] [00:48:50] Matches: True


[UEDRS] [00:48:50] Loading dataset: MUSIC4ALL
[UEDRS] [00:48:55] Length: 50.02m
[UEDRS] [00:48:55] Size: 50000000
[UEDRS] [00:48:55] Sampling
[UEDRS] [00:49:13] Result: 50000000
[UEDRS] [00:49:13] Matches: True
[UEDRS] [00:49:13] Size: 25000000
[UEDRS] [00:49:13] Sampling
[UEDRS] [00:49:27] Result: 25000000
[UEDRS] [00:49:27] Matches: True
[UEDRS] [00:49:27] Size: 1000000
[UEDRS] [00:49:27] Sampling
[UEDRS] [00:49:36] Result: 1000000
[UEDRS] [00:49:36] Matches: True
[UEDRS] [00:49:36] Size: 750000
[UEDRS] [00:49:36] Sampling
[UEDRS] [00:49:42] Result: 750000
[UEDRS] [00:49:42] Matches: True
[UEDRS] [00:49:42] Size: 500000
[UEDRS] [00:49:42] Sampling
[UEDRS] [00:49:49] Result: 500000
[UEDRS] [00:49:49] Matches: True
[UEDRS] [00:49:49] Size: 250000
[UEDRS] [00:49:49] Sampling
[UEDRS] [00:49:56] Result: 250000
[UEDRS] [00:49:56] Matches: True
[UEDRS] [00:49:56] Size: 100000
[UEDRS] [00:49:56] Sampling
[UEDRS] [00:50:03] Result: 100000
[UEDRS] [00:50:03] Matches: True


[UEDRS] [00:50:03] Loading dataset: NETFLIX
[UEDRS] [00:50:07] Length: 100.48m
[UEDRS] [00:50:07] Size: 100000000
[UEDRS] [00:50:07] Sampling
[UEDRS] [00:51:04] Result: 100000000
[UEDRS] [00:51:04] Matches: True
[UEDRS] [00:51:04] Size: 75000000
[UEDRS] [00:51:04] Sampling
[UEDRS] [00:51:57] Result: 75000000
[UEDRS] [00:51:57] Matches: True
[UEDRS] [00:51:57] Size: 50000000
[UEDRS] [00:51:57] Sampling
[UEDRS] [00:52:36] Result: 50000000
[UEDRS] [00:52:36] Matches: True
[UEDRS] [00:52:36] Size: 25000000
[UEDRS] [00:52:36] Sampling
[UEDRS] [00:53:10] Result: 25000000
[UEDRS] [00:53:10] Matches: True
[UEDRS] [00:53:10] Size: 1000000
[UEDRS] [00:53:10] Sampling
[UEDRS] [00:53:40] Result: 1000000
[UEDRS] [00:53:40] Matches: True
[UEDRS] [00:53:40] Size: 750000
[UEDRS] [00:53:40] Sampling
[UEDRS] [00:54:10] Result: 750000
[UEDRS] [00:54:10] Matches: True
[UEDRS] [00:54:10] Size: 500000
[UEDRS] [00:54:10] Sampling
[UEDRS] [00:54:40] Result: 500000
[UEDRS] [00:54:40] Matches: True
[UEDRS] [00:54:40] Size: 250000
[UEDRS] [00:54:40] Sampling
[UEDRS] [00:55:10] Result: 250000
[UEDRS] [00:55:10] Matches: True
[UEDRS] [00:55:10] Size: 100000
[UEDRS] [00:55:10] Sampling
[UEDRS] [00:55:40] Result: 100000
[UEDRS] [00:55:40] Matches: True


[UEDRS] [00:55:40] Loading dataset: YAHOO
[UEDRS] [00:55:44] Length: 115.58m
[UEDRS] [00:55:44] Size: 100000000
[UEDRS] [00:55:44] Sampling
[UEDRS] [00:56:56] Result: 100000000
[UEDRS] [00:56:56] Matches: True
[UEDRS] [00:56:56] Size: 75000000
[UEDRS] [00:56:56] Sampling
[UEDRS] [00:58:05] Result: 75000000
[UEDRS] [00:58:05] Matches: True
[UEDRS] [00:58:05] Size: 50000000
[UEDRS] [00:58:05] Sampling
[UEDRS] [00:59:12] Result: 50000000
[UEDRS] [00:59:12] Matches: True
[UEDRS] [00:59:12] Size: 25000000
[UEDRS] [00:59:12] Sampling
[UEDRS] [01:00:15] Result: 25000000
[UEDRS] [01:00:15] Matches: True
[UEDRS] [01:00:15] Size: 1000000
[UEDRS] [01:00:15] Sampling
[UEDRS] [01:01:16] Result: 1000000
[UEDRS] [01:01:16] Matches: True
[UEDRS] [01:01:16] Size: 750000
[UEDRS] [01:01:16] Sampling
[UEDRS] [01:02:16] Result: 750000
[UEDRS] [01:02:16] Matches: True
[UEDRS] [01:02:16] Size: 500000
[UEDRS] [01:02:16] Sampling
[UEDRS] [01:03:17] Result: 500000
[UEDRS] [01:03:17] Matches: True
[UEDRS] [01:03:17] Size: 250000
[UEDRS] [01:03:17] Sampling
[UEDRS] [01:04:17] Result: 250000
[UEDRS] [01:04:17] Matches: True
[UEDRS] [01:04:17] Size: 100000
[UEDRS] [01:04:17] Sampling
[UEDRS] [01:05:17] Result: 100000
[UEDRS] [01:05:17] Matches: True


[UEDRS] [01:05:17] Loading dataset: ALIBABA
[UEDRS] [01:05:26] Length: 191.39m
[UEDRS] [01:05:26] Size: 100000000
[UEDRS] [01:05:26] Sampling
[UEDRS] [01:07:32] Result: 100000000
[UEDRS] [01:07:32] Matches: True
[UEDRS] [01:07:32] Size: 75000000
[UEDRS] [01:07:32] Sampling
[UEDRS] [01:09:36] Result: 75000000
[UEDRS] [01:09:36] Matches: True
[UEDRS] [01:09:36] Size: 50000000
[UEDRS] [01:09:36] Sampling
[UEDRS] [01:11:36] Result: 50000000
[UEDRS] [01:11:36] Matches: True
[UEDRS] [01:11:36] Size: 25000000
[UEDRS] [01:11:36] Sampling
[UEDRS] [01:13:33] Result: 25000000
[UEDRS] [01:13:33] Matches: True
[UEDRS] [01:13:33] Size: 1000000
[UEDRS] [01:13:33] Sampling
[UEDRS] [01:15:27] Result: 1000000
[UEDRS] [01:15:27] Matches: True
[UEDRS] [01:15:27] Size: 750000
[UEDRS] [01:15:27] Sampling
[UEDRS] [01:17:20] Result: 750000
[UEDRS] [01:17:20] Matches: True
[UEDRS] [01:17:20] Size: 500000
[UEDRS] [01:17:20] Sampling
[UEDRS] [01:19:14] Result: 500000
[UEDRS] [01:19:14] Matches: True
[UEDRS] [01:19:14] Size: 250000
[UEDRS] [01:19:14] Sampling
[UEDRS] [01:21:07] Result: 250000
[UEDRS] [01:21:07] Matches: True
[UEDRS] [01:21:07] Size: 100000
[UEDRS] [01:21:07] Sampling
[UEDRS] [01:23:01] Result: 100000
[UEDRS] [01:23:01] Matches: True


[UEDRS] [01:23:01] Loading dataset: GOODREADS
[UEDRS] [01:23:11] Length: 228.65m
[UEDRS] [01:23:11] Size: 100000000
[UEDRS] [01:23:11] Sampling
[UEDRS] [01:24:01] Result: 100000000
[UEDRS] [01:24:01] Matches: True
[UEDRS] [01:24:01] Size: 75000000
[UEDRS] [01:24:01] Sampling
[UEDRS] [01:24:48] Result: 75000000
[UEDRS] [01:24:48] Matches: True
[UEDRS] [01:24:48] Size: 50000000
[UEDRS] [01:24:48] Sampling
[UEDRS] [01:25:32] Result: 50000000
[UEDRS] [01:25:32] Matches: True
[UEDRS] [01:25:32] Size: 25000000
[UEDRS] [01:25:32] Sampling
[UEDRS] [01:26:13] Result: 25000000
[UEDRS] [01:26:13] Matches: True
[UEDRS] [01:26:13] Size: 1000000
[UEDRS] [01:26:13] Sampling
[UEDRS] [01:26:51] Result: 1000000
[UEDRS] [01:26:51] Matches: True
[UEDRS] [01:26:51] Size: 750000
[UEDRS] [01:26:51] Sampling
[UEDRS] [01:27:29] Result: 750000
[UEDRS] [01:27:29] Matches: True
[UEDRS] [01:27:29] Size: 500000
[UEDRS] [01:27:29] Sampling
[UEDRS] [01:28:06] Result: 500000
[UEDRS] [01:28:06] Matches: True
[UEDRS] [01:28:06] Size: 250000
[UEDRS] [01:28:06] Sampling
[UEDRS] [01:28:44] Result: 250000
[UEDRS] [01:28:44] Matches: True
[UEDRS] [01:28:44] Size: 100000
[UEDRS] [01:28:44] Sampling
[UEDRS] [01:29:22] Result: 100000
[UEDRS] [01:29:22] Matches: True


[UEDRS] [01:29:22] Loading dataset: LASTFM
[UEDRS] [01:29:39] Length: 319.95m
[UEDRS] [01:29:39] Size: 100000000
[UEDRS] [01:29:39] Sampling
[UEDRS] [01:30:14] Result: 100000000
[UEDRS] [01:30:14] Matches: True
[UEDRS] [01:30:14] Size: 75000000
[UEDRS] [01:30:14] Sampling
[UEDRS] [01:30:46] Result: 75000000
[UEDRS] [01:30:46] Matches: True
[UEDRS] [01:30:46] Size: 50000000
[UEDRS] [01:30:46] Sampling
[UEDRS] [01:31:15] Result: 50000000
[UEDRS] [01:31:15] Matches: True
[UEDRS] [01:31:15] Size: 25000000
[UEDRS] [01:31:15] Sampling
[UEDRS] [01:31:41] Result: 25000000
[UEDRS] [01:31:41] Matches: True
[UEDRS] [01:31:41] Size: 1000000
[UEDRS] [01:31:41] Sampling
[UEDRS] [01:32:03] Result: 1000000
[UEDRS] [01:32:03] Matches: True
[UEDRS] [01:32:03] Size: 750000
[UEDRS] [01:32:03] Sampling
[UEDRS] [01:32:25] Result: 750000
[UEDRS] [01:32:25] Matches: True
[UEDRS] [01:32:25] Size: 500000
[UEDRS] [01:32:25] Sampling
[UEDRS] [01:32:47] Result: 500000
[UEDRS] [01:32:47] Matches: True
[UEDRS] [01:32:47] Size: 250000
[UEDRS] [01:32:47] Sampling
[UEDRS] [01:33:09] Result: 250000
[UEDRS] [01:33:09] Matches: True
[UEDRS] [01:33:09] Size: 100000
[UEDRS] [01:33:09] Sampling
[UEDRS] [01:33:31] Result: 100000
[UEDRS] [01:33:31] Matches: True


[UEDRS] [01:33:31] Loading dataset: AMAZON
[UEDRS] [01:34:13] Length: 564.54m
[UEDRS] [01:34:13] Size: 100000000
[UEDRS] [01:34:13] Sampling
[UEDRS] [02:04:03] Result: 100000000
[UEDRS] [02:04:03] Matches: True
[UEDRS] [02:04:03] Size: 75000000
[UEDRS] [02:04:03] Sampling
[UEDRS] [02:33:41] Result: 75000000
[UEDRS] [02:33:41] Matches: True
[UEDRS] [02:33:41] Size: 50000000
[UEDRS] [02:33:41] Sampling
[UEDRS] [03:03:28] Result: 50000000
[UEDRS] [03:03:28] Matches: True
[UEDRS] [03:03:28] Size: 25000000
[UEDRS] [03:03:28] Sampling
[UEDRS] [03:33:01] Result: 25000000
[UEDRS] [03:33:01] Matches: True
[UEDRS] [03:33:01] Size: 1000000
[UEDRS] [03:33:01] Sampling
[UEDRS] [04:02:21] Result: 1000000
[UEDRS] [04:02:21] Matches: True
[UEDRS] [04:02:21] Size: 750000
[UEDRS] [04:02:21] Sampling
[UEDRS] [04:32:16] Result: 750000
[UEDRS] [04:32:16] Matches: True
[UEDRS] [04:32:16] Size: 500000
[UEDRS] [04:32:16] Sampling
[UEDRS] [09:01:19] Factor: 5.95
[UEDRS] [09:01:19] Iterations: 8
[UEDRS] [09:01:19] Result: 500000
[UEDRS] [09:01:19] Matches: True
[UEDRS] [09:01:19] Size: 250000
[UEDRS] [09:01:19] Sampling
[UEDRS] [14:38:18] Factor: 9.30
[UEDRS] [14:38:18] Iterations: 10
[UEDRS] [14:38:18] Result: 250000
[UEDRS] [14:38:18] Matches: True
[UEDRS] [14:38:18] Size: 100000
[UEDRS] [14:38:18] Sampling
[UEDRS] [21:05:12] Factor: 14.52
[UEDRS] [21:05:12] Iterations: 12
[UEDRS] [21:05:12] Result: 100000
[UEDRS] [21:05:12] Matches: True


