[UEDRS] [00:00:13] Mode: ABSOLUTE STRATIFIED_USER
[UEDRS] [00:00:13] Tag:  RECBOLE:NEU_MF
[UEDRS] [00:00:13] Tool: RECBOLE
[UEDRS] [00:00:13] Algorithm: NEU_MF
[UEDRS] [00:00:13] Datasets: MYANIMELIST, TMALL, MOVIELENS, MUSIC4ALL, NETFLIX, YAHOO, ALIBABA, GOODREADS, LASTFM
[UEDRS] [00:00:13] Sizes: [25000000, 50000000, 75000000, 100000000]

[UEDRS] [00:00:13] Desired size: 25000000
[UEDRS] [00:00:13] Dataset: MYANIMELIST
[UEDRS] [00:00:13] Loading
[UEDRS] [00:00:13] Loading done
[UEDRS] [00:00:13] Memory Usage: RSS = 823.67 MB, VMS = 10535.79 MB
[UEDRS] [00:00:00] Elapsed
[UEDRS] [00:00:13] Sampling
[UEDRS] [00:00:13] Sampling done, obtained size: 7813730
[UEDRS] [00:00:13] Memory Usage: RSS = 890.98 MB, VMS = 10602.35 MB
[UEDRS] [00:00:00] Elapsed
[UEDRS] [00:00:13] Checking [RECBOLE][NEU_MF][MYANIMELIST][8m]
[UEDRS] [00:00:13] Skipping (0.11)
[UEDRS] [00:00:13] Memory Usage: RSS = 890.98 MB, VMS = 10602.35 MB
[UEDRS] [00:00:13] Releasing dataframe from memory
[UEDRS] [00:00:13] Memory Usage: RSS = 831.59 MB, VMS = 10542.73 MB
[UEDRS] [00:00:13] Dataset: TMALL
[UEDRS] [00:00:13] Loading
[UEDRS] [00:00:13] Loading done
[UEDRS] [00:00:13] Memory Usage: RSS = 1379.75 MB, VMS = 11758.75 MB
[UEDRS] [00:00:00] Elapsed
[UEDRS] [00:00:13] Sampling
[UEDRS] [00:00:13] Sampling done, obtained size: 24363557
[UEDRS] [00:00:13] Memory Usage: RSS = 1611.96 MB, VMS = 11991.11 MB
[UEDRS] [00:00:00] Elapsed
[UEDRS] [00:00:13] Checking [RECBOLE][NEU_MF][TMALL][24m]
[UEDRS] [00:00:13] Starting
