[UEDRS] [00:00:10] Mode: ABSOLUTE STRATIFIED_USER
[UEDRS] [00:00:10] Tag:  LENSKIT:IMPLICIT_MF
[UEDRS] [00:00:10] Tool: LENSKIT
[UEDRS] [00:00:10] Algorithm: IMPLICIT_MF
[UEDRS] [00:00:10] Datasets: LASTFM
[UEDRS] [00:00:10] Sizes: [25000000, 50000000, 75000000, 100000000]

[UEDRS] [00:00:10] Desired size: 25000000
[UEDRS] [00:00:10] Dataset: LASTFM
[UEDRS] [00:00:10] Loading
[UEDRS] [00:00:28] Loading done
[UEDRS] [00:00:28] Memory Usage: RSS = 8597.87 MB, VMS = 12755.61 MB
[UEDRS] [00:00:17] Elapsed
[UEDRS] [00:00:28] Sampling
[UEDRS] [00:00:53] Sampling done, obtained size: 25000000
[UEDRS] [00:00:53] Memory Usage: RSS = 9097.86 MB, VMS = 13250.98 MB
[UEDRS] [00:00:25] Elapsed
[UEDRS] [00:00:53] Checking [LENSKIT][IMPLICIT_MF][LASTFM][25m]
[UEDRS] [00:00:53] Skipping (0.001)
[UEDRS] [00:00:53] Memory Usage: RSS = 9097.86 MB, VMS = 13250.98 MB
[UEDRS] [00:00:53] Releasing dataframe from memory
[UEDRS] [00:00:53] Memory Usage: RSS = 8810.75 MB, VMS = 12963.87 MB
[UEDRS] [00:00:53] Desired size: 50000000
[UEDRS] [00:00:53] Dataset: LASTFM
[UEDRS] [00:00:53] Loading
[UEDRS] [00:01:08] Loading done
[UEDRS] [00:01:08] Memory Usage: RSS = 10240.91 MB, VMS = 14435.87 MB
[UEDRS] [00:00:15] Elapsed
[UEDRS] [00:01:08] Sampling
[UEDRS] [00:01:36] Sampling done, obtained size: 50000000
[UEDRS] [00:01:36] Memory Usage: RSS = 11004.84 MB, VMS = 15199.81 MB
[UEDRS] [00:00:27] Elapsed
[UEDRS] [00:01:36] Checking [LENSKIT][IMPLICIT_MF][LASTFM][50m]
[UEDRS] [00:01:36] Skipping (0.0016)
[UEDRS] [00:01:36] Memory Usage: RSS = 11004.84 MB, VMS = 15199.81 MB
[UEDRS] [00:01:36] Releasing dataframe from memory
[UEDRS] [00:01:36] Memory Usage: RSS = 10431.64 MB, VMS = 14626.61 MB
[UEDRS] [00:01:36] Desired size: 75000000
[UEDRS] [00:01:36] Dataset: LASTFM
[UEDRS] [00:01:36] Loading
[UEDRS] [00:01:49] Loading done
[UEDRS] [00:01:49] Memory Usage: RSS = 10481.80 MB, VMS = 14626.61 MB
[UEDRS] [00:00:12] Elapsed
[UEDRS] [00:01:49] Sampling
[UEDRS] [00:02:19] Sampling done, obtained size: 75000000
[UEDRS] [00:02:19] Memory Usage: RSS = 11560.52 MB, VMS = 15705.33 MB
[UEDRS] [00:00:30] Elapsed
[UEDRS] [00:02:19] Checking [LENSKIT][IMPLICIT_MF][LASTFM][75m]
[UEDRS] [00:02:19] Skipping (0.0025)
[UEDRS] [00:02:19] Memory Usage: RSS = 11560.52 MB, VMS = 15705.33 MB
[UEDRS] [00:02:19] Releasing dataframe from memory
[UEDRS] [00:02:19] Memory Usage: RSS = 10701.22 MB, VMS = 14846.02 MB
[UEDRS] [00:02:19] Desired size: 100000000
[UEDRS] [00:02:19] Dataset: LASTFM
[UEDRS] [00:02:19] Loading
[UEDRS] [00:02:32] Loading done
[UEDRS] [00:02:32] Memory Usage: RSS = 10698.47 MB, VMS = 14846.02 MB
[UEDRS] [00:00:13] Elapsed
[UEDRS] [00:02:32] Sampling
[UEDRS] [00:03:05] Sampling done, obtained size: 100000000
[UEDRS] [00:03:05] Memory Usage: RSS = 12006.05 MB, VMS = 16153.60 MB
[UEDRS] [00:00:32] Elapsed
[UEDRS] [00:03:05] Checking [LENSKIT][IMPLICIT_MF][LASTFM][100m]
[UEDRS] [00:03:05] Starting
[UEDRS] [08:00:12] Finished (0.0034)
[UEDRS] [08:00:12] Memory Usage: RSS = 806.02 MB, VMS = 26677.57 MB
[UEDRS] [07:57:07] Elapsed

[UEDRS] [08:00:12] Memory Usage: RSS = 806.02 MB, VMS = 26677.57 MB
[UEDRS] [08:00:12] Releasing dataframe from memory
[UEDRS] [08:00:13] Memory Usage: RSS = 777.39 MB, VMS = 25502.16 MB
[UEDRS] [08:00:13] Work complete
