[UEDRS] [00:00:20] Mode: ABSOLUTE STRATIFIED_USER
[UEDRS] [00:00:20] Tag:  RECBOLE:POP
[UEDRS] [00:00:20] Tool: RECBOLE
[UEDRS] [00:00:20] Algorithm: POP
[UEDRS] [00:00:20] Datasets: MOVIELENS, MUSIC4ALL, NETFLIX, YAHOO, ALIBABA, GOODREADS, LASTFM
[UEDRS] [00:00:20] Sizes: [25000000, 50000000, 75000000, 100000000]

[UEDRS] [00:00:20] Desired size: 25000000
[UEDRS] [00:00:20] Dataset: MOVIELENS
[UEDRS] [00:00:20] Loading
[UEDRS] [00:00:21] Loading done
[UEDRS] [00:00:21] Memory Usage: RSS = 2024.14 MB, VMS = 13331.91 MB
[UEDRS] [00:00:01] Elapsed
[UEDRS] [00:00:21] Sampling
[UEDRS] [00:00:33] Sampling done, obtained size: 25000000
[UEDRS] [00:00:33] Memory Usage: RSS = 2397.71 MB, VMS = 13703.39 MB
[UEDRS] [00:00:11] Elapsed
[UEDRS] [00:00:33] Checking [RECBOLE][POP][MOVIELENS][25m]
[UEDRS] [00:00:33] Skipping (0.076)
[UEDRS] [00:00:33] Memory Usage: RSS = 2397.71 MB, VMS = 13703.39 MB
[UEDRS] [00:00:33] Releasing dataframe from memory
[UEDRS] [00:00:33] Memory Usage: RSS = 2015.25 MB, VMS = 13320.92 MB
[UEDRS] [00:00:33] Dataset: MUSIC4ALL
[UEDRS] [00:00:33] Loading
[UEDRS] [00:00:36] Loading done
[UEDRS] [00:00:36] Memory Usage: RSS = 3588.26 MB, VMS = 15927.11 MB
[UEDRS] [00:00:02] Elapsed
[UEDRS] [00:00:36] Sampling
[UEDRS] [00:00:49] Sampling done, obtained size: 25000000
[UEDRS] [00:00:49] Memory Usage: RSS = 3229.86 MB, VMS = 15568.14 MB
[UEDRS] [00:00:12] Elapsed
[UEDRS] [00:00:49] Checking [RECBOLE][POP][MUSIC4ALL][25m]
[UEDRS] [00:00:49] Skipping (0.012)
[UEDRS] [00:00:49] Memory Usage: RSS = 3229.86 MB, VMS = 15568.14 MB
[UEDRS] [00:00:49] Releasing dataframe from memory
[UEDRS] [00:00:49] Memory Usage: RSS = 2844.45 MB, VMS = 15182.67 MB
[UEDRS] [00:00:49] Dataset: NETFLIX
[UEDRS] [00:00:49] Loading
[UEDRS] [00:00:50] Loading done
[UEDRS] [00:00:50] Memory Usage: RSS = 4170.14 MB, VMS = 19409.28 MB
[UEDRS] [00:00:00] Elapsed
[UEDRS] [00:00:50] Sampling
[UEDRS] [00:01:24] Sampling done, obtained size: 25000000
[UEDRS] [00:01:24] Memory Usage: RSS = 3619.68 MB, VMS = 18859.46 MB
[UEDRS] [00:00:34] Elapsed
[UEDRS] [00:01:24] Checking [RECBOLE][POP][NETFLIX][25m]
[UEDRS] [00:01:24] Skipping (0.027)
[UEDRS] [00:01:24] Memory Usage: RSS = 3618.70 MB, VMS = 18858.46 MB
[UEDRS] [00:01:24] Releasing dataframe from memory
[UEDRS] [00:01:25] Memory Usage: RSS = 3426.32 MB, VMS = 18665.72 MB
[UEDRS] [00:01:25] Dataset: YAHOO
[UEDRS] [00:01:25] Loading
[UEDRS] [00:01:28] Loading done
[UEDRS] [00:01:28] Memory Usage: RSS = 4087.52 MB, VMS = 20029.72 MB
[UEDRS] [00:00:03] Elapsed
[UEDRS] [00:01:28] Sampling
[UEDRS] [00:02:32] Sampling done, obtained size: 25000000
[UEDRS] [00:02:32] Memory Usage: RSS = 4455.35 MB, VMS = 20398.75 MB
[UEDRS] [00:01:04] Elapsed
[UEDRS] [00:02:32] Checking [RECBOLE][POP][YAHOO][25m]
[UEDRS] [00:02:32] Skipping (0.045)
[UEDRS] [00:02:32] Memory Usage: RSS = 4455.35 MB, VMS = 20398.75 MB
[UEDRS] [00:02:32] Releasing dataframe from memory
[UEDRS] [00:02:32] Memory Usage: RSS = 4262.65 MB, VMS = 20206.02 MB
[UEDRS] [00:02:32] Dataset: ALIBABA
[UEDRS] [00:02:32] Loading
[UEDRS] [00:02:43] Loading done
[UEDRS] [00:02:43] Memory Usage: RSS = 4389.36 MB, VMS = 20159.90 MB
[UEDRS] [00:00:11] Elapsed
[UEDRS] [00:02:43] Sampling
[UEDRS] [00:04:39] Sampling done, obtained size: 25000000
[UEDRS] [00:04:39] Memory Usage: RSS = 4768.70 MB, VMS = 20540.83 MB
[UEDRS] [00:01:56] Elapsed
[UEDRS] [00:04:39] Checking [RECBOLE][POP][ALIBABA][25m]
[UEDRS] [00:04:39] Skipping (0.0008)
[UEDRS] [00:04:39] Memory Usage: RSS = 4768.70 MB, VMS = 20540.83 MB
[UEDRS] [00:04:39] Releasing dataframe from memory
[UEDRS] [00:04:39] Memory Usage: RSS = 4576.00 MB, VMS = 20348.09 MB
[UEDRS] [00:04:39] Dataset: GOODREADS
[UEDRS] [00:04:39] Loading
[UEDRS] [00:04:49] Loading done
[UEDRS] [00:04:49] Memory Usage: RSS = 5670.04 MB, VMS = 20462.63 MB
[UEDRS] [00:00:09] Elapsed
[UEDRS] [00:04:49] Sampling
[UEDRS] [00:05:30] Sampling done, obtained size: 25000000
[UEDRS] [00:05:30] Memory Usage: RSS = 5861.80 MB, VMS = 20655.37 MB
[UEDRS] [00:00:40] Elapsed
[UEDRS] [00:05:30] Checking [RECBOLE][POP][GOODREADS][25m]
[UEDRS] [00:05:30] Skipping (0.015)
[UEDRS] [00:05:30] Memory Usage: RSS = 5861.80 MB, VMS = 20655.37 MB
[UEDRS] [00:05:30] Releasing dataframe from memory
[UEDRS] [00:05:30] Memory Usage: RSS = 5669.06 MB, VMS = 20462.63 MB
[UEDRS] [00:05:30] Dataset: LASTFM
[UEDRS] [00:05:30] Loading
[UEDRS] [00:05:47] Loading done
[UEDRS] [00:05:47] Memory Usage: RSS = 11236.21 MB, VMS = 24128.71 MB
[UEDRS] [00:00:16] Elapsed
[UEDRS] [00:05:47] Sampling
[UEDRS] [00:06:13] Sampling done, obtained size: 25000000
[UEDRS] [00:06:13] Memory Usage: RSS = 11524.30 MB, VMS = 24415.82 MB
[UEDRS] [00:00:26] Elapsed
[UEDRS] [00:06:13] Checking [RECBOLE][POP][LASTFM][25m]
[UEDRS] [00:06:13] Starting
[UEDRS] [00:19:39] Finished (0.0014)
[UEDRS] [00:19:39] Memory Usage: RSS = 21833.23 MB, VMS = 44166.14 MB
[UEDRS] [00:13:25] Elapsed

[UEDRS] [00:19:39] Memory Usage: RSS = 21833.23 MB, VMS = 44166.14 MB
[UEDRS] [00:19:39] Releasing dataframe from memory
[UEDRS] [00:19:49] Memory Usage: RSS = 15054.17 MB, VMS = 37355.08 MB
[UEDRS] [00:19:50] Desired size: 50000000
[UEDRS] [00:19:50] Dataset: MOVIELENS
[UEDRS] [00:19:50] Loading
[UEDRS] [00:19:50] Loading done
[UEDRS] [00:19:50] Memory Usage: RSS = 11742.24 MB, VMS = 33687.08 MB
[UEDRS] [00:00:00] Elapsed
[UEDRS] [00:19:50] Sampling
[UEDRS] [00:19:50] Sampling done, obtained size: 32000204
[UEDRS] [00:19:50] Memory Usage: RSS = 11986.38 MB, VMS = 33931.22 MB
[UEDRS] [00:00:00] Elapsed
[UEDRS] [00:19:50] Checking [RECBOLE][POP][MOVIELENS][32m]
[UEDRS] [00:19:50] Starting
[UEDRS] [00:33:19] Finished (0.12)
[UEDRS] [00:33:19] Memory Usage: RSS = 16073.57 MB, VMS = 38094.27 MB
[UEDRS] [00:13:29] Elapsed

[UEDRS] [00:33:19] Memory Usage: RSS = 16073.57 MB, VMS = 38094.27 MB
[UEDRS] [00:33:19] Releasing dataframe from memory
[UEDRS] [00:33:27] Memory Usage: RSS = 13250.86 MB, VMS = 35249.26 MB
[UEDRS] [00:33:27] Dataset: MUSIC4ALL
[UEDRS] [00:33:27] Loading
[UEDRS] [00:33:30] Loading done
[UEDRS] [00:33:30] Memory Usage: RSS = 12958.55 MB, VMS = 35630.85 MB
[UEDRS] [00:00:02] Elapsed
[UEDRS] [00:33:30] Sampling
[UEDRS] [00:33:51] Sampling done, obtained size: 50000000
[UEDRS] [00:33:51] Memory Usage: RSS = 13341.16 MB, VMS = 36012.20 MB
[UEDRS] [00:00:20] Elapsed
[UEDRS] [00:33:51] Checking [RECBOLE][POP][MUSIC4ALL][50m]
[UEDRS] [00:33:51] Starting
[UEDRS] [00:45:12] Finished (0.029)
[UEDRS] [00:45:12] Memory Usage: RSS = 19644.85 MB, VMS = 42399.83 MB
[UEDRS] [00:11:21] Elapsed

[UEDRS] [00:45:12] Memory Usage: RSS = 19644.85 MB, VMS = 42399.83 MB
[UEDRS] [00:45:12] Releasing dataframe from memory
[UEDRS] [00:45:21] Memory Usage: RSS = 15250.91 MB, VMS = 37985.93 MB
[UEDRS] [00:45:21] Dataset: NETFLIX
[UEDRS] [00:45:21] Loading
[UEDRS] [00:45:22] Loading done
[UEDRS] [00:45:22] Memory Usage: RSS = 15249.37 MB, VMS = 37985.93 MB
[UEDRS] [00:00:00] Elapsed
[UEDRS] [00:45:22] Sampling
[UEDRS] [00:46:10] Sampling done, obtained size: 50000000
[UEDRS] [00:46:10] Memory Usage: RSS = 15249.38 MB, VMS = 37985.93 MB
[UEDRS] [00:00:47] Elapsed
[UEDRS] [00:46:10] Checking [RECBOLE][POP][NETFLIX][50m]
[UEDRS] [00:46:10] Starting
[UEDRS] [01:16:48] Finished (0.043)
[UEDRS] [01:16:48] Memory Usage: RSS = 21002.81 MB, VMS = 43834.32 MB
[UEDRS] [00:30:37] Elapsed

[UEDRS] [01:16:48] Memory Usage: RSS = 21002.81 MB, VMS = 43834.32 MB
[UEDRS] [01:16:48] Releasing dataframe from memory
[UEDRS] [01:17:01] Memory Usage: RSS = 17138.29 MB, VMS = 39948.19 MB
[UEDRS] [01:17:01] Dataset: YAHOO
[UEDRS] [01:17:01] Loading
[UEDRS] [01:17:01] Loading done
[UEDRS] [01:17:01] Memory Usage: RSS = 17284.24 MB, VMS = 39948.19 MB
[UEDRS] [00:00:00] Elapsed
[UEDRS] [01:17:01] Sampling
[UEDRS] [01:18:10] Sampling done, obtained size: 50000000
[UEDRS] [01:18:10] Memory Usage: RSS = 17285.02 MB, VMS = 39948.19 MB
[UEDRS] [00:01:08] Elapsed
[UEDRS] [01:18:10] Checking [RECBOLE][POP][YAHOO][50m]
[UEDRS] [01:18:10] Starting
[UEDRS] [02:41:29] Finished (0.055)
[UEDRS] [02:41:29] Memory Usage: RSS = 25146.89 MB, VMS = 56928.57 MB
[UEDRS] [01:23:19] Elapsed

[UEDRS] [02:41:29] Memory Usage: RSS = 25147.00 MB, VMS = 56928.57 MB
[UEDRS] [02:41:29] Releasing dataframe from memory
[UEDRS] [02:42:02] Memory Usage: RSS = 19454.18 MB, VMS = 51212.76 MB
[UEDRS] [02:42:02] Dataset: ALIBABA
[UEDRS] [02:42:02] Loading
[UEDRS] [02:42:02] Loading done
[UEDRS] [02:42:02] Memory Usage: RSS = 19498.52 MB, VMS = 51211.76 MB
[UEDRS] [00:00:00] Elapsed
[UEDRS] [02:42:02] Sampling
[UEDRS] [02:44:13] Sampling done, obtained size: 50000000
[UEDRS] [02:44:13] Memory Usage: RSS = 19499.31 MB, VMS = 51211.76 MB
[UEDRS] [00:02:11] Elapsed
[UEDRS] [02:44:13] Checking [RECBOLE][POP][ALIBABA][50m]
[UEDRS] [02:44:13] Starting
[UEDRS] [06:51:02] Finished (0.00088)
[UEDRS] [06:51:02] Memory Usage: RSS = 32013.56 MB, VMS = 69307.90 MB
[UEDRS] [04:06:48] Elapsed

[UEDRS] [06:51:02] Memory Usage: RSS = 32013.56 MB, VMS = 69307.90 MB
[UEDRS] [06:51:02] Releasing dataframe from memory
[UEDRS] [06:51:53] Memory Usage: RSS = 21419.36 MB, VMS = 58684.43 MB
[UEDRS] [06:51:53] Dataset: GOODREADS
[UEDRS] [06:51:53] Loading
[UEDRS] [06:52:03] Loading done
[UEDRS] [06:52:03] Memory Usage: RSS = 21680.72 MB, VMS = 58682.43 MB
[UEDRS] [00:00:09] Elapsed
[UEDRS] [06:52:03] Sampling
[UEDRS] [06:52:51] Sampling done, obtained size: 50000000
[UEDRS] [06:52:51] Memory Usage: RSS = 21680.05 MB, VMS = 58681.43 MB
[UEDRS] [00:00:48] Elapsed
[UEDRS] [06:52:51] Checking [RECBOLE][POP][GOODREADS][50m]
[UEDRS] [06:52:51] Starting
[UEDRS] [07:46:07] Finished (0.018)
[UEDRS] [07:46:07] Memory Usage: RSS = 25846.69 MB, VMS = 62941.45 MB
[UEDRS] [00:53:15] Elapsed

[UEDRS] [07:46:07] Memory Usage: RSS = 25846.69 MB, VMS = 62941.45 MB
[UEDRS] [07:46:07] Releasing dataframe from memory
[UEDRS] [07:46:31] Memory Usage: RSS = 21689.24 MB, VMS = 58761.45 MB
[UEDRS] [07:46:31] Dataset: LASTFM
[UEDRS] [07:46:31] Loading
[UEDRS] [07:46:50] Loading done
[UEDRS] [07:46:50] Memory Usage: RSS = 25904.04 MB, VMS = 62429.45 MB
[UEDRS] [00:00:18] Elapsed
[UEDRS] [07:46:50] Sampling
[UEDRS] [07:47:20] Sampling done, obtained size: 50000000
[UEDRS] [07:47:20] Memory Usage: RSS = 25904.06 MB, VMS = 62429.45 MB
[UEDRS] [00:00:30] Elapsed
[UEDRS] [07:47:20] Checking [RECBOLE][POP][LASTFM][50m]
[UEDRS] [07:47:20] Starting
[UEDRS] [08:07:16] Finished (0.0024)
[UEDRS] [08:07:16] Memory Usage: RSS = 35707.12 MB, VMS = 72344.47 MB
[UEDRS] [00:19:56] Elapsed

[UEDRS] [08:07:16] Memory Usage: RSS = 35707.12 MB, VMS = 72344.47 MB
[UEDRS] [08:07:16] Releasing dataframe from memory
[UEDRS] [08:07:28] Memory Usage: RSS = 25904.33 MB, VMS = 62501.47 MB
[UEDRS] [08:07:28] Desired size: 75000000
[UEDRS] [08:07:28] Dataset: MOVIELENS
[UEDRS] [08:07:28] Loading
[UEDRS] [08:07:29] Loading done
[UEDRS] [08:07:29] Memory Usage: RSS = 22139.57 MB, VMS = 58832.47 MB
[UEDRS] [00:00:01] Elapsed
[UEDRS] [08:07:29] Sampling
[UEDRS] [08:07:29] Sampling done, obtained size: 32000204
[UEDRS] [08:07:29] Memory Usage: RSS = 22139.57 MB, VMS = 58832.47 MB
[UEDRS] [00:00:00] Elapsed
[UEDRS] [08:07:29] Checking [RECBOLE][POP][MOVIELENS][32m]
[UEDRS] [08:07:29] Skipping (0.12)
[UEDRS] [08:07:29] Memory Usage: RSS = 22139.57 MB, VMS = 58832.47 MB
[UEDRS] [08:07:29] Releasing dataframe from memory
[UEDRS] [08:07:30] Memory Usage: RSS = 22139.57 MB, VMS = 58832.47 MB
[UEDRS] [08:07:30] Dataset: MUSIC4ALL
[UEDRS] [08:07:30] Loading
[UEDRS] [08:07:34] Loading done
[UEDRS] [08:07:34] Memory Usage: RSS = 21860.81 MB, VMS = 59214.06 MB
[UEDRS] [00:00:04] Elapsed
[UEDRS] [08:07:34] Sampling
[UEDRS] [08:07:35] Sampling done, obtained size: 50016042
[UEDRS] [08:07:35] Memory Usage: RSS = 21479.22 MB, VMS = 58832.47 MB
[UEDRS] [00:00:00] Elapsed
[UEDRS] [08:07:35] Checking [RECBOLE][POP][MUSIC4ALL][50m]
[UEDRS] [08:07:35] Starting
[UEDRS] [08:18:56] Finished (0.029)
[UEDRS] [08:18:56] Memory Usage: RSS = 24261.49 MB, VMS = 61695.49 MB
[UEDRS] [00:11:20] Elapsed

[UEDRS] [08:18:56] Memory Usage: RSS = 24261.49 MB, VMS = 61695.49 MB
[UEDRS] [08:18:56] Releasing dataframe from memory
[UEDRS] [08:19:06] Memory Usage: RSS = 21483.31 MB, VMS = 58909.49 MB
[UEDRS] [08:19:06] Dataset: NETFLIX
[UEDRS] [08:19:06] Loading
[UEDRS] [08:19:10] Loading done
[UEDRS] [08:19:10] Memory Usage: RSS = 21612.99 MB, VMS = 58909.49 MB
[UEDRS] [00:00:04] Elapsed
[UEDRS] [08:19:10] Sampling
[UEDRS] [08:20:09] Sampling done, obtained size: 75000000
[UEDRS] [08:20:09] Memory Usage: RSS = 21612.99 MB, VMS = 58909.49 MB
[UEDRS] [00:00:58] Elapsed
[UEDRS] [08:20:09] Checking [RECBOLE][POP][NETFLIX][75m]
[UEDRS] [08:20:09] Starting
[UEDRS] [08:54:54] Finished (0.066)
[UEDRS] [08:54:54] Memory Usage: RSS = 26278.56 MB, VMS = 63671.51 MB
[UEDRS] [00:34:44] Elapsed

[UEDRS] [08:54:54] Memory Usage: RSS = 26278.56 MB, VMS = 63671.51 MB
[UEDRS] [08:54:54] Releasing dataframe from memory
[UEDRS] [08:55:17] Memory Usage: RSS = 21619.63 MB, VMS = 58990.51 MB
[UEDRS] [08:55:17] Dataset: YAHOO
[UEDRS] [08:55:17] Loading
[UEDRS] [08:55:21] Loading done
[UEDRS] [08:55:21] Memory Usage: RSS = 21732.20 MB, VMS = 58989.51 MB
[UEDRS] [00:00:03] Elapsed
[UEDRS] [08:55:21] Sampling
[UEDRS] [08:56:33] Sampling done, obtained size: 75000000
[UEDRS] [08:56:33] Memory Usage: RSS = 21733.12 MB, VMS = 58989.51 MB
[UEDRS] [00:01:11] Elapsed
[UEDRS] [08:56:33] Checking [RECBOLE][POP][YAHOO][75m]
[UEDRS] [08:56:33] Starting
[UEDRS] [10:28:45] Finished (0.067)
[UEDRS] [10:28:45] Memory Usage: RSS = 30527.63 MB, VMS = 67880.15 MB
[UEDRS] [01:32:12] Elapsed

[UEDRS] [10:28:45] Memory Usage: RSS = 30527.63 MB, VMS = 67880.15 MB
[UEDRS] [10:28:45] Releasing dataframe from memory
[UEDRS] [10:29:14] Memory Usage: RSS = 22925.00 MB, VMS = 60254.05 MB
[UEDRS] [10:29:14] Dataset: ALIBABA
[UEDRS] [10:29:14] Loading
[UEDRS] [10:29:23] Loading done
[UEDRS] [10:29:23] Memory Usage: RSS = 23073.87 MB, VMS = 60254.05 MB
[UEDRS] [00:00:09] Elapsed
[UEDRS] [10:29:23] Sampling
[UEDRS] [10:32:46] Sampling done, obtained size: 75000000
[UEDRS] [10:32:46] Memory Usage: RSS = 23073.92 MB, VMS = 60254.05 MB
[UEDRS] [00:03:23] Elapsed
[UEDRS] [10:32:46] Checking [RECBOLE][POP][ALIBABA][75m]
[UEDRS] [10:32:46] Starting
[UEDRS] [14:50:46] Finished (0.00094)
[UEDRS] [14:50:46] Memory Usage: RSS = 38211.27 MB, VMS = 75505.38 MB
[UEDRS] [04:17:59] Elapsed

[UEDRS] [14:50:46] Memory Usage: RSS = 38211.27 MB, VMS = 75505.38 MB
[UEDRS] [14:50:46] Releasing dataframe from memory
[UEDRS] [14:51:52] Memory Usage: RSS = 26804.77 MB, VMS = 64058.38 MB
[UEDRS] [14:51:52] Dataset: GOODREADS
[UEDRS] [14:51:52] Loading
[UEDRS] [14:52:02] Loading done
[UEDRS] [14:52:02] Memory Usage: RSS = 26923.84 MB, VMS = 64057.38 MB
[UEDRS] [00:00:09] Elapsed
[UEDRS] [14:52:02] Sampling
[UEDRS] [14:53:01] Sampling done, obtained size: 75000000
[UEDRS] [14:53:01] Memory Usage: RSS = 26920.87 MB, VMS = 64054.38 MB
[UEDRS] [00:00:59] Elapsed
[UEDRS] [14:53:01] Checking [RECBOLE][POP][GOODREADS][75m]
[UEDRS] [14:53:01] Starting
[UEDRS] [15:54:14] Finished (0.022)
[UEDRS] [15:54:14] Memory Usage: RSS = 32409.88 MB, VMS = 69637.39 MB
[UEDRS] [01:01:12] Elapsed

[UEDRS] [15:54:14] Memory Usage: RSS = 32409.88 MB, VMS = 69637.39 MB
[UEDRS] [15:54:14] Releasing dataframe from memory
[UEDRS] [15:54:36] Memory Usage: RSS = 26921.51 MB, VMS = 64126.39 MB
[UEDRS] [15:54:36] Dataset: LASTFM
[UEDRS] [15:54:36] Loading
[UEDRS] [15:54:53] Loading done
[UEDRS] [15:54:53] Memory Usage: RSS = 30814.68 MB, VMS = 67794.39 MB
[UEDRS] [00:00:17] Elapsed
[UEDRS] [15:54:53] Sampling
[UEDRS] [15:55:33] Sampling done, obtained size: 75000000
[UEDRS] [15:55:33] Memory Usage: RSS = 30813.70 MB, VMS = 67793.39 MB
[UEDRS] [00:00:40] Elapsed
[UEDRS] [15:55:33] Checking [RECBOLE][POP][LASTFM][75m]
[UEDRS] [15:55:33] Starting
[UEDRS] [16:23:16] Finished (0.0038)
[UEDRS] [16:23:16] Memory Usage: RSS = 43437.04 MB, VMS = 80529.41 MB
[UEDRS] [00:27:42] Elapsed

[UEDRS] [16:23:16] Memory Usage: RSS = 43437.04 MB, VMS = 80529.41 MB
[UEDRS] [16:23:16] Releasing dataframe from memory
[UEDRS] [16:23:40] Memory Usage: RSS = 30811.89 MB, VMS = 67863.41 MB
[UEDRS] [16:23:40] Desired size: 100000000
[UEDRS] [16:23:40] Dataset: MOVIELENS
[UEDRS] [16:23:40] Loading
[UEDRS] [16:23:41] Loading done
[UEDRS] [16:23:41] Memory Usage: RSS = 27014.71 MB, VMS = 64195.41 MB
[UEDRS] [00:00:01] Elapsed
[UEDRS] [16:23:41] Sampling
[UEDRS] [16:23:41] Sampling done, obtained size: 32000204
[UEDRS] [16:23:41] Memory Usage: RSS = 27014.71 MB, VMS = 64195.41 MB
[UEDRS] [00:00:00] Elapsed
[UEDRS] [16:23:41] Checking [RECBOLE][POP][MOVIELENS][32m]
[UEDRS] [16:23:41] Skipping (0.12)
[UEDRS] [16:23:41] Memory Usage: RSS = 27014.71 MB, VMS = 64195.41 MB
[UEDRS] [16:23:41] Releasing dataframe from memory
[UEDRS] [16:23:41] Memory Usage: RSS = 27014.71 MB, VMS = 64195.41 MB
[UEDRS] [16:23:41] Dataset: MUSIC4ALL
[UEDRS] [16:23:41] Loading
[UEDRS] [16:23:46] Loading done
[UEDRS] [16:23:46] Memory Usage: RSS = 26737.12 MB, VMS = 64577.01 MB
[UEDRS] [00:00:04] Elapsed
[UEDRS] [16:23:46] Sampling
[UEDRS] [16:23:46] Sampling done, obtained size: 50016042
[UEDRS] [16:23:46] Memory Usage: RSS = 26355.53 MB, VMS = 64195.41 MB
[UEDRS] [00:00:00] Elapsed
[UEDRS] [16:23:46] Checking [RECBOLE][POP][MUSIC4ALL][50m]
[UEDRS] [16:23:46] Skipping (0.029)
[UEDRS] [16:23:46] Memory Usage: RSS = 26355.53 MB, VMS = 64195.41 MB
[UEDRS] [16:23:46] Releasing dataframe from memory
[UEDRS] [16:23:47] Memory Usage: RSS = 26355.53 MB, VMS = 64195.41 MB
[UEDRS] [16:23:47] Dataset: NETFLIX
[UEDRS] [16:23:47] Loading
[UEDRS] [16:23:51] Loading done
[UEDRS] [16:23:51] Memory Usage: RSS = 26586.29 MB, VMS = 64195.41 MB
[UEDRS] [00:00:04] Elapsed
[UEDRS] [16:23:51] Sampling
[UEDRS] [16:24:51] Sampling done, obtained size: 100000000
[UEDRS] [16:24:51] Memory Usage: RSS = 26586.29 MB, VMS = 64195.41 MB
[UEDRS] [00:01:00] Elapsed
[UEDRS] [16:24:51] Checking [RECBOLE][POP][NETFLIX][100m]
[UEDRS] [16:24:51] Starting
[UEDRS] [17:03:44] Finished (0.11)
[UEDRS] [17:03:44] Memory Usage: RSS = 33119.86 MB, VMS = 70835.50 MB
[UEDRS] [00:38:52] Elapsed

[UEDRS] [17:03:44] Memory Usage: RSS = 33119.86 MB, VMS = 70835.50 MB
[UEDRS] [17:03:44] Releasing dataframe from memory
[UEDRS] [17:04:06] Memory Usage: RSS = 27142.51 MB, VMS = 64835.50 MB
[UEDRS] [17:04:06] Dataset: YAHOO
[UEDRS] [17:04:06] Loading
[UEDRS] [17:04:09] Loading done
[UEDRS] [17:04:09] Memory Usage: RSS = 27251.69 MB, VMS = 64835.50 MB
[UEDRS] [00:00:03] Elapsed
[UEDRS] [17:04:09] Sampling
[UEDRS] [17:05:29] Sampling done, obtained size: 100000000
[UEDRS] [17:05:29] Memory Usage: RSS = 27252.42 MB, VMS = 64835.50 MB
[UEDRS] [00:01:19] Elapsed
[UEDRS] [17:05:29] Checking [RECBOLE][POP][YAHOO][100m]
[UEDRS] [17:05:29] Starting
[UEDRS] [18:47:43] Finished (0.084)
[UEDRS] [18:47:43] Memory Usage: RSS = 36823.34 MB, VMS = 74890.70 MB
[UEDRS] [01:42:14] Elapsed

[UEDRS] [18:47:43] Memory Usage: RSS = 36823.34 MB, VMS = 74890.70 MB
[UEDRS] [18:47:43] Releasing dataframe from memory
[UEDRS] [18:48:16] Memory Usage: RSS = 28469.65 MB, VMS = 66508.20 MB
[UEDRS] [18:48:16] Dataset: ALIBABA
[UEDRS] [18:48:16] Loading
[UEDRS] [18:48:25] Loading done
[UEDRS] [18:48:25] Memory Usage: RSS = 28831.54 MB, VMS = 66940.34 MB
[UEDRS] [00:00:09] Elapsed
[UEDRS] [18:48:25] Sampling
[UEDRS] [18:50:37] Sampling done, obtained size: 100000000
[UEDRS] [18:50:37] Memory Usage: RSS = 28832.01 MB, VMS = 66940.34 MB
[UEDRS] [00:02:11] Elapsed
[UEDRS] [18:50:37] Checking [RECBOLE][POP][ALIBABA][100m]
[UEDRS] [18:50:37] Starting
