[UEDRS] [00:00:12] Mode: ABSOLUTE STRATIFIED_USER
[UEDRS] [00:00:12] Tag:  RECBOLE:ITEM_KNN
[UEDRS] [00:00:12] Tool: RECBOLE
[UEDRS] [00:00:12] Algorithm: ITEM_KNN
[UEDRS] [00:00:12] Datasets: MOVIELENS, MUSIC4ALL, NETFLIX, YAHOO, ALIBABA, GOODREADS, LASTFM
[UEDRS] [00:00:12] Sizes: [25000000, 50000000, 75000000, 100000000]

[UEDRS] [00:00:12] Desired size: 25000000
[UEDRS] [00:00:12] Dataset: MOVIELENS
[UEDRS] [00:00:12] Loading
[UEDRS] [00:00:14] Loading done
[UEDRS] [00:00:14] Memory Usage: RSS = 2090.12 MB, VMS = 13836.05 MB
[UEDRS] [00:00:01] Elapsed
[UEDRS] [00:00:14] Sampling
[UEDRS] [00:00:25] Sampling done, obtained size: 25000000
[UEDRS] [00:00:25] Memory Usage: RSS = 2463.62 MB, VMS = 14207.51 MB
[UEDRS] [00:00:11] Elapsed
[UEDRS] [00:00:25] Checking [RECBOLE][ITEM_KNN][MOVIELENS][25m]
[UEDRS] [00:00:25] Starting
[UEDRS] [00:25:23] Finished (0.14)
[UEDRS] [00:25:23] Memory Usage: RSS = 15646.30 MB, VMS = 36617.43 MB
[UEDRS] [00:24:58] Elapsed

[UEDRS] [00:25:23] Memory Usage: RSS = 15646.30 MB, VMS = 36617.43 MB
[UEDRS] [00:25:23] Releasing dataframe from memory
[UEDRS] [00:25:29] Memory Usage: RSS = 13076.41 MB, VMS = 34045.98 MB
[UEDRS] [00:25:29] Dataset: MUSIC4ALL
[UEDRS] [00:25:29] Loading
[UEDRS] [00:25:34] Loading done
[UEDRS] [00:25:34] Memory Usage: RSS = 14467.58 MB, VMS = 36267.57 MB
[UEDRS] [00:00:04] Elapsed
[UEDRS] [00:25:34] Sampling
[UEDRS] [00:25:47] Sampling done, obtained size: 25000000
[UEDRS] [00:25:47] Memory Usage: RSS = 14087.03 MB, VMS = 35885.98 MB
[UEDRS] [00:00:13] Elapsed
[UEDRS] [00:25:47] Checking [RECBOLE][ITEM_KNN][MUSIC4ALL][25m]
[UEDRS] [00:25:47] Starting
[UEDRS] [00:45:47] Finished (0.077)
[UEDRS] [00:45:47] Memory Usage: RSS = 16456.57 MB, VMS = 38339.15 MB
[UEDRS] [00:19:59] Elapsed

[UEDRS] [00:45:47] Memory Usage: RSS = 16456.57 MB, VMS = 38339.15 MB
[UEDRS] [00:45:47] Releasing dataframe from memory
[UEDRS] [00:45:55] Memory Usage: RSS = 15035.61 MB, VMS = 36908.15 MB
[UEDRS] [00:45:55] Dataset: NETFLIX
[UEDRS] [00:45:55] Loading
[UEDRS] [00:45:59] Loading done
[UEDRS] [00:45:59] Memory Usage: RSS = 15658.83 MB, VMS = 40368.15 MB
[UEDRS] [00:00:04] Elapsed
[UEDRS] [00:45:59] Sampling
[UEDRS] [00:46:45] Sampling done, obtained size: 25000000
[UEDRS] [00:46:45] Memory Usage: RSS = 14734.32 MB, VMS = 39438.00 MB
[UEDRS] [00:00:45] Elapsed
[UEDRS] [00:46:45] Checking [RECBOLE][ITEM_KNN][NETFLIX][25m]
[UEDRS] [00:46:45] Starting
[UEDRS] [01:25:14] Finished (0.034)
[UEDRS] [01:25:14] Memory Usage: RSS = 19610.03 MB, VMS = 45368.13 MB
[UEDRS] [00:38:29] Elapsed

[UEDRS] [01:25:14] Memory Usage: RSS = 19610.03 MB, VMS = 45368.13 MB
[UEDRS] [01:25:14] Releasing dataframe from memory
[UEDRS] [01:25:24] Memory Usage: RSS = 17600.36 MB, VMS = 43348.13 MB
[UEDRS] [01:25:24] Dataset: YAHOO
[UEDRS] [01:25:24] Loading
[UEDRS] [01:25:27] Loading done
[UEDRS] [01:25:27] Memory Usage: RSS = 18259.51 MB, VMS = 44711.13 MB
[UEDRS] [00:00:03] Elapsed
[UEDRS] [01:25:27] Sampling
[UEDRS] [01:26:32] Sampling done, obtained size: 25000000
[UEDRS] [01:26:32] Memory Usage: RSS = 16471.01 MB, VMS = 42922.76 MB
[UEDRS] [00:01:04] Elapsed
[UEDRS] [01:26:32] Checking [RECBOLE][ITEM_KNN][YAHOO][25m]
[UEDRS] [01:26:32] Starting
[UEDRS] [02:56:30] Finished (0.063)
[UEDRS] [02:56:30] Memory Usage: RSS = 31181.14 MB, VMS = 65651.79 MB
[UEDRS] [01:29:57] Elapsed

[UEDRS] [02:56:30] Memory Usage: RSS = 31181.14 MB, VMS = 65651.79 MB
[UEDRS] [02:56:30] Releasing dataframe from memory
[UEDRS] [02:56:45] Memory Usage: RSS = 27281.50 MB, VMS = 61741.79 MB
[UEDRS] [02:56:45] Dataset: ALIBABA
[UEDRS] [02:56:45] Loading
[UEDRS] [02:56:53] Loading done
[UEDRS] [02:56:53] Memory Usage: RSS = 27763.53 MB, VMS = 61741.79 MB
[UEDRS] [00:00:08] Elapsed
[UEDRS] [02:56:53] Sampling
[UEDRS] [02:58:52] Sampling done, obtained size: 25000000
[UEDRS] [02:58:52] Memory Usage: RSS = 27763.63 MB, VMS = 61741.79 MB
[UEDRS] [00:01:58] Elapsed
[UEDRS] [02:58:52] Checking [RECBOLE][ITEM_KNN][ALIBABA][25m]
[UEDRS] [02:58:52] Starting
