[UEDRS] [00:00:13] Mode: ABSOLUTE STRATIFIED_USER
[UEDRS] [00:00:13] Tag:  RECBOLE:EASE
[UEDRS] [00:00:13] Tool: RECBOLE
[UEDRS] [00:00:13] Algorithm: EASE
[UEDRS] [00:00:13] Datasets: MOVIELENS, NETFLIX, MUSIC4ALL, GOODREADS, AMAZON, ALIBABA
[UEDRS] [00:00:13] Sizes: [1000000, 25000000, 50000000, 75000000, 100000000]

[UEDRS] [00:00:13] Current dataset [MOVIELENS]
[UEDRS] [00:00:13] Loading full dataset
[UEDRS] [00:00:23] Loading done
[UEDRS] [00:00:23] Memory Usage: RSS = 1348.44 MB, VMS = 8830.43 MB
[UEDRS] [00:00:09] Elapsed
[UEDRS] [00:00:23] Sampling for [1000000]
[UEDRS] [00:00:29] Sampling done
[UEDRS] [00:00:29] Memory Usage: RSS = 718.64 MB, VMS = 8198.46 MB
[UEDRS] [00:00:06] Elapsed
[UEDRS] [00:00:29] Checking [RECBOLE][EASE][MOVIELENS][1m]
[UEDRS] [00:00:29] Skipping (0.00994)
[UEDRS] [00:00:29] Memory Usage: RSS = 718.64 MB, VMS = 8198.46 MB
[UEDRS] [00:00:29] Releasing dataframe from memory
[UEDRS] [00:00:29] Memory Usage: RSS = 657.60 MB, VMS = 8137.29 MB
[UEDRS] [00:00:29] Loading full dataset
[UEDRS] [00:00:34] Loading done
[UEDRS] [00:00:34] Memory Usage: RSS = 1390.03 MB, VMS = 8869.72 MB
[UEDRS] [00:00:04] Elapsed
[UEDRS] [00:00:34] Sampling for [25000000]
[UEDRS] [00:00:42] Sampling done
[UEDRS] [00:00:42] Memory Usage: RSS = 1414.95 MB, VMS = 8894.78 MB
[UEDRS] [00:00:07] Elapsed
[UEDRS] [00:00:42] Checking [RECBOLE][EASE][MOVIELENS][25m]
[UEDRS] [00:00:42] Starting
