[UEDRS] [00:00:12] Mode: ABSOLUTE STRATIFIED_USER
[UEDRS] [00:00:12] Tag:  LENSKIT:BIASED_SVD
[UEDRS] [00:00:12] Tool: LENSKIT
[UEDRS] [00:00:12] Algorithm: BIASED_SVD
[UEDRS] [00:00:12] Datasets: TMALL, MOVIELENS, MUSIC4ALL, NETFLIX, YAHOO, ALIBABA, GOODREADS, LASTFM
[UEDRS] [00:00:12] Sizes: [100000, 250000, 500000, 750000, 1000000, 25000000, 50000000, 75000000, 100000000]

[UEDRS] [00:00:12] Desired size: 100000
[UEDRS] [00:00:12] Dataset: TMALL
[UEDRS] [00:00:12] Loading
[UEDRS] [00:00:14] Loading done
[UEDRS] [00:00:14] Memory Usage: RSS = 1140.88 MB, VMS = 6206.97 MB
[UEDRS] [00:00:01] Elapsed
[UEDRS] [00:00:14] Sampling
[UEDRS] [00:00:34] Sampling done, obtained size: 100000
[UEDRS] [00:00:34] Memory Usage: RSS = 1255.66 MB, VMS = 6318.35 MB
[UEDRS] [00:00:20] Elapsed
[UEDRS] [00:00:34] Checking [LENSKIT][BIASED_SVD][TMALL][100k]
[UEDRS] [00:00:34] Skipping (4.1e-06)
[UEDRS] [00:00:34] Memory Usage: RSS = 1255.66 MB, VMS = 6318.35 MB
[UEDRS] [00:00:34] Releasing dataframe from memory
[UEDRS] [00:00:35] Memory Usage: RSS = 1254.68 MB, VMS = 6317.35 MB
[UEDRS] [00:00:35] Dataset: MOVIELENS
[UEDRS] [00:00:35] Loading
[UEDRS] [00:00:35] Loading done
[UEDRS] [00:00:35] Memory Usage: RSS = 2107.96 MB, VMS = 8921.50 MB
[UEDRS] [00:00:00] Elapsed
[UEDRS] [00:00:35] Sampling
[UEDRS] [00:00:43] Sampling done, obtained size: 100000
[UEDRS] [00:00:43] Memory Usage: RSS = 1877.98 MB, VMS = 8691.24 MB
[UEDRS] [00:00:07] Elapsed
[UEDRS] [00:00:43] Checking [LENSKIT][BIASED_SVD][MOVIELENS][100k]
[UEDRS] [00:00:43] Skipping (0.00047)
[UEDRS] [00:00:43] Memory Usage: RSS = 1877.98 MB, VMS = 8691.24 MB
[UEDRS] [00:00:43] Releasing dataframe from memory
[UEDRS] [00:00:43] Memory Usage: RSS = 1877.98 MB, VMS = 8691.24 MB
[UEDRS] [00:00:43] Dataset: MUSIC4ALL
[UEDRS] [00:00:43] Loading
[UEDRS] [00:00:48] Loading done
[UEDRS] [00:00:48] Memory Usage: RSS = 3518.45 MB, VMS = 11296.43 MB
[UEDRS] [00:00:05] Elapsed
[UEDRS] [00:00:48] Sampling
[UEDRS] [00:00:56] Sampling done, obtained size: 100000
[UEDRS] [00:00:56] Memory Usage: RSS = 2756.77 MB, VMS = 10534.24 MB
[UEDRS] [00:00:08] Elapsed
[UEDRS] [00:00:56] Checking [LENSKIT][BIASED_SVD][MUSIC4ALL][100k]
[UEDRS] [00:00:56] Skipping (4.9e-05)
[UEDRS] [00:00:56] Memory Usage: RSS = 2756.77 MB, VMS = 10534.24 MB
[UEDRS] [00:00:56] Releasing dataframe from memory
[UEDRS] [00:00:56] Memory Usage: RSS = 2753.80 MB, VMS = 10531.24 MB
[UEDRS] [00:00:56] Dataset: NETFLIX
[UEDRS] [00:00:56] Loading
[UEDRS] [00:00:57] Loading done
[UEDRS] [00:00:57] Memory Usage: RSS = 3888.70 MB, VMS = 15681.85 MB
[UEDRS] [00:00:01] Elapsed
[UEDRS] [00:00:57] Sampling
[UEDRS] [00:04:05] Sampling done, obtained size: 100000
[UEDRS] [00:04:05] Memory Usage: RSS = 3122.09 MB, VMS = 14915.24 MB
[UEDRS] [00:03:08] Elapsed
[UEDRS] [00:04:05] Checking [LENSKIT][BIASED_SVD][NETFLIX][100k]
[UEDRS] [00:04:05] Skipping (3.9e-05)
[UEDRS] [00:04:05] Memory Usage: RSS = 3122.09 MB, VMS = 14915.24 MB
[UEDRS] [00:04:05] Releasing dataframe from memory
[UEDRS] [00:04:05] Memory Usage: RSS = 3122.09 MB, VMS = 14915.24 MB
[UEDRS] [00:04:05] Dataset: YAHOO
[UEDRS] [00:04:05] Loading
[UEDRS] [00:04:07] Loading done
[UEDRS] [00:04:07] Memory Usage: RSS = 3225.79 MB, VMS = 14331.24 MB
[UEDRS] [00:00:01] Elapsed
[UEDRS] [00:04:07] Sampling
[UEDRS] [00:05:10] Sampling done, obtained size: 100000
[UEDRS] [00:05:10] Memory Usage: RSS = 3389.98 MB, VMS = 14496.91 MB
[UEDRS] [00:01:03] Elapsed
[UEDRS] [00:05:10] Checking [LENSKIT][BIASED_SVD][YAHOO][100k]
[UEDRS] [00:05:10] Skipping (5.9e-05)
[UEDRS] [00:05:10] Memory Usage: RSS = 3389.98 MB, VMS = 14496.91 MB
[UEDRS] [00:05:10] Releasing dataframe from memory
[UEDRS] [00:05:10] Memory Usage: RSS = 3389.00 MB, VMS = 14495.91 MB
[UEDRS] [00:05:10] Dataset: ALIBABA
[UEDRS] [00:05:10] Loading
[UEDRS] [00:05:19] Loading done
[UEDRS] [00:05:19] Memory Usage: RSS = 4816.96 MB, VMS = 15199.91 MB
[UEDRS] [00:00:08] Elapsed
[UEDRS] [00:05:19] Sampling
[UEDRS] [00:16:41] Sampling done, obtained size: 100000
[UEDRS] [00:16:41] Memory Usage: RSS = 4998.14 MB, VMS = 15381.85 MB
[UEDRS] [00:11:21] Elapsed
[UEDRS] [00:16:41] Checking [LENSKIT][BIASED_SVD][ALIBABA][100k]
[UEDRS] [00:16:41] Skipping (-1)
[UEDRS] [00:16:41] Memory Usage: RSS = 4998.14 MB, VMS = 15381.85 MB
[UEDRS] [00:16:41] Releasing dataframe from memory
[UEDRS] [00:16:41] Memory Usage: RSS = 4997.16 MB, VMS = 15380.85 MB
[UEDRS] [00:16:41] Dataset: GOODREADS
[UEDRS] [00:16:41] Loading
[UEDRS] [00:16:51] Loading done
[UEDRS] [00:16:51] Memory Usage: RSS = 6358.39 MB, VMS = 15636.85 MB
[UEDRS] [00:00:09] Elapsed
[UEDRS] [00:16:51] Sampling
[UEDRS] [00:31:35] Sampling done, obtained size: 100000
[UEDRS] [00:31:35] Memory Usage: RSS = 6371.34 MB, VMS = 15637.85 MB
[UEDRS] [00:14:44] Elapsed
[UEDRS] [00:31:35] Checking [LENSKIT][BIASED_SVD][GOODREADS][100k]
[UEDRS] [00:31:35] Skipping (1.9e-05)
[UEDRS] [00:31:35] Memory Usage: RSS = 6371.34 MB, VMS = 15637.85 MB
[UEDRS] [00:31:35] Releasing dataframe from memory
[UEDRS] [00:31:35] Memory Usage: RSS = 6370.34 MB, VMS = 15636.85 MB
[UEDRS] [00:31:35] Dataset: LASTFM
[UEDRS] [00:31:35] Loading
[UEDRS] [00:31:53] Loading done
[UEDRS] [00:31:53] Memory Usage: RSS = 12185.05 MB, VMS = 19560.85 MB
[UEDRS] [00:00:17] Elapsed
[UEDRS] [00:31:53] Sampling
[UEDRS] [00:58:24] Sampling done, obtained size: 100000
[UEDRS] [00:58:24] Memory Usage: RSS = 12205.58 MB, VMS = 19560.85 MB
[UEDRS] [00:26:31] Elapsed
[UEDRS] [00:58:24] Checking [LENSKIT][BIASED_SVD][LASTFM][100k]
[UEDRS] [00:58:24] Skipping (0)
[UEDRS] [00:58:24] Memory Usage: RSS = 12205.58 MB, VMS = 19560.85 MB
[UEDRS] [00:58:24] Releasing dataframe from memory
[UEDRS] [00:58:24] Memory Usage: RSS = 12205.58 MB, VMS = 19560.85 MB
[UEDRS] [00:58:24] Desired size: 250000
[UEDRS] [00:58:24] Dataset: TMALL
[UEDRS] [00:58:24] Loading
[UEDRS] [00:58:26] Loading done
[UEDRS] [00:58:26] Memory Usage: RSS = 8272.38 MB, VMS = 15892.85 MB
[UEDRS] [00:00:01] Elapsed
[UEDRS] [00:58:26] Sampling
[UEDRS] [00:59:20] Sampling done, obtained size: 250000
[UEDRS] [00:59:20] Memory Usage: RSS = 8273.38 MB, VMS = 15893.85 MB
[UEDRS] [00:00:54] Elapsed
[UEDRS] [00:59:20] Checking [LENSKIT][BIASED_SVD][TMALL][250k]
[UEDRS] [00:59:20] Skipping (1.6e-05)
[UEDRS] [00:59:20] Memory Usage: RSS = 8273.38 MB, VMS = 15893.85 MB
[UEDRS] [00:59:20] Releasing dataframe from memory
[UEDRS] [00:59:20] Memory Usage: RSS = 8272.38 MB, VMS = 15892.85 MB
[UEDRS] [00:59:20] Dataset: MOVIELENS
[UEDRS] [00:59:20] Loading
[UEDRS] [00:59:21] Loading done
[UEDRS] [00:59:21] Memory Usage: RSS = 8503.00 MB, VMS = 16137.00 MB
[UEDRS] [00:00:00] Elapsed
[UEDRS] [00:59:21] Sampling
[UEDRS] [01:00:52] Sampling done, obtained size: 250000
[UEDRS] [01:00:52] Memory Usage: RSS = 8259.40 MB, VMS = 15892.85 MB
[UEDRS] [00:01:30] Elapsed
[UEDRS] [01:00:52] Checking [LENSKIT][BIASED_SVD][MOVIELENS][250k]
[UEDRS] [01:00:52] Skipping (0.0013)
[UEDRS] [01:00:52] Memory Usage: RSS = 8259.40 MB, VMS = 15892.85 MB
[UEDRS] [01:00:52] Releasing dataframe from memory
[UEDRS] [01:00:52] Memory Usage: RSS = 8259.40 MB, VMS = 15892.85 MB
[UEDRS] [01:00:52] Dataset: MUSIC4ALL
[UEDRS] [01:00:52] Loading
[UEDRS] [01:00:57] Loading done
[UEDRS] [01:00:57] Memory Usage: RSS = 8971.43 MB, VMS = 16658.04 MB
[UEDRS] [00:00:05] Elapsed
[UEDRS] [01:00:57] Sampling
[UEDRS] [01:04:00] Sampling done, obtained size: 250000
[UEDRS] [01:04:00] Memory Usage: RSS = 8209.75 MB, VMS = 15895.85 MB
[UEDRS] [00:03:02] Elapsed
[UEDRS] [01:04:00] Checking [LENSKIT][BIASED_SVD][MUSIC4ALL][250k]
[UEDRS] [01:04:00] Skipping (8.7e-05)
[UEDRS] [01:04:00] Memory Usage: RSS = 8209.75 MB, VMS = 15895.85 MB
[UEDRS] [01:04:00] Releasing dataframe from memory
[UEDRS] [01:04:00] Memory Usage: RSS = 8206.79 MB, VMS = 15892.85 MB
[UEDRS] [01:04:00] Dataset: NETFLIX
[UEDRS] [01:04:00] Loading
[UEDRS] [01:04:05] Loading done
[UEDRS] [01:04:05] Memory Usage: RSS = 9003.19 MB, VMS = 16659.46 MB
[UEDRS] [00:00:04] Elapsed
[UEDRS] [01:04:05] Sampling
[UEDRS] [01:10:54] Sampling done, obtained size: 250000
[UEDRS] [01:10:54] Memory Usage: RSS = 8247.59 MB, VMS = 15892.85 MB
[UEDRS] [00:06:49] Elapsed
[UEDRS] [01:10:54] Checking [LENSKIT][BIASED_SVD][NETFLIX][250k]
[UEDRS] [01:10:54] Skipping (0.00039)
[UEDRS] [01:10:54] Memory Usage: RSS = 8247.59 MB, VMS = 15892.85 MB
[UEDRS] [01:10:54] Releasing dataframe from memory
[UEDRS] [01:10:54] Memory Usage: RSS = 8247.59 MB, VMS = 15892.85 MB
[UEDRS] [01:10:54] Dataset: YAHOO
[UEDRS] [01:10:54] Loading
[UEDRS] [01:10:55] Loading done
[UEDRS] [01:10:55] Memory Usage: RSS = 8308.58 MB, VMS = 15892.85 MB
[UEDRS] [00:00:01] Elapsed
[UEDRS] [01:10:55] Sampling
[UEDRS] [01:18:49] Sampling done, obtained size: 250000
[UEDRS] [01:18:49] Memory Usage: RSS = 8309.56 MB, VMS = 15893.85 MB
[UEDRS] [00:07:53] Elapsed
[UEDRS] [01:18:49] Checking [LENSKIT][BIASED_SVD][YAHOO][250k]
[UEDRS] [01:18:49] Skipping (2.1e-05)
[UEDRS] [01:18:49] Memory Usage: RSS = 8309.56 MB, VMS = 15893.85 MB
[UEDRS] [01:18:49] Releasing dataframe from memory
[UEDRS] [01:18:49] Memory Usage: RSS = 8308.58 MB, VMS = 15892.85 MB
[UEDRS] [01:18:49] Dataset: ALIBABA
[UEDRS] [01:18:49] Loading
[UEDRS] [01:18:58] Loading done
[UEDRS] [01:18:58] Memory Usage: RSS = 8356.88 MB, VMS = 15892.85 MB
[UEDRS] [00:00:08] Elapsed
[UEDRS] [01:18:58] Sampling
[UEDRS] [01:33:41] Sampling done, obtained size: 250000
[UEDRS] [01:33:41] Memory Usage: RSS = 8357.87 MB, VMS = 15893.85 MB
[UEDRS] [00:14:43] Elapsed
[UEDRS] [01:33:41] Checking [LENSKIT][BIASED_SVD][ALIBABA][250k]
[UEDRS] [01:33:41] Skipping (-1)
[UEDRS] [01:33:41] Memory Usage: RSS = 8357.87 MB, VMS = 15893.85 MB
[UEDRS] [01:33:41] Releasing dataframe from memory
[UEDRS] [01:33:41] Memory Usage: RSS = 8356.89 MB, VMS = 15892.85 MB
[UEDRS] [01:33:41] Dataset: GOODREADS
[UEDRS] [01:33:41] Loading
[UEDRS] [01:33:51] Loading done
[UEDRS] [01:33:51] Memory Usage: RSS = 8400.42 MB, VMS = 15892.85 MB
[UEDRS] [00:00:09] Elapsed
[UEDRS] [01:33:51] Sampling
[UEDRS] [01:50:54] Sampling done, obtained size: 250000
[UEDRS] [01:50:54] Memory Usage: RSS = 8402.38 MB, VMS = 15893.85 MB
[UEDRS] [00:17:03] Elapsed
[UEDRS] [01:50:54] Checking [LENSKIT][BIASED_SVD][GOODREADS][250k]
[UEDRS] [01:50:54] Skipping (8.6e-05)
[UEDRS] [01:50:54] Memory Usage: RSS = 8402.38 MB, VMS = 15893.85 MB
[UEDRS] [01:50:54] Releasing dataframe from memory
[UEDRS] [01:50:54] Memory Usage: RSS = 8401.38 MB, VMS = 15892.85 MB
[UEDRS] [01:50:54] Dataset: LASTFM
[UEDRS] [01:50:54] Loading
[UEDRS] [01:51:12] Loading done
[UEDRS] [01:51:12] Memory Usage: RSS = 12592.27 MB, VMS = 19944.85 MB
[UEDRS] [00:00:17] Elapsed
[UEDRS] [01:51:12] Sampling
[UEDRS] [02:17:51] Sampling done, obtained size: 250000
[UEDRS] [02:17:51] Memory Usage: RSS = 12592.69 MB, VMS = 19944.85 MB
[UEDRS] [00:26:39] Elapsed
[UEDRS] [02:17:51] Checking [LENSKIT][BIASED_SVD][LASTFM][250k]
[UEDRS] [02:17:51] Skipping (0)
[UEDRS] [02:17:51] Memory Usage: RSS = 12592.69 MB, VMS = 19944.85 MB
[UEDRS] [02:17:51] Releasing dataframe from memory
[UEDRS] [02:17:51] Memory Usage: RSS = 12592.69 MB, VMS = 19944.85 MB
[UEDRS] [02:17:51] Desired size: 500000
[UEDRS] [02:17:51] Dataset: TMALL
[UEDRS] [02:17:51] Loading
[UEDRS] [02:17:53] Loading done
[UEDRS] [02:17:53] Memory Usage: RSS = 8703.61 MB, VMS = 16276.85 MB
[UEDRS] [00:00:01] Elapsed
[UEDRS] [02:17:53] Sampling
[UEDRS] [02:19:01] Sampling done, obtained size: 500000
[UEDRS] [02:19:01] Memory Usage: RSS = 8704.61 MB, VMS = 16277.85 MB
[UEDRS] [00:01:08] Elapsed
[UEDRS] [02:19:01] Checking [LENSKIT][BIASED_SVD][TMALL][500k]
[UEDRS] [02:19:01] Skipping (1.6e-05)
[UEDRS] [02:19:01] Memory Usage: RSS = 8704.61 MB, VMS = 16277.85 MB
[UEDRS] [02:19:01] Releasing dataframe from memory
[UEDRS] [02:19:02] Memory Usage: RSS = 8703.61 MB, VMS = 16276.85 MB
[UEDRS] [02:19:02] Dataset: MOVIELENS
[UEDRS] [02:19:02] Loading
[UEDRS] [02:19:02] Loading done
[UEDRS] [02:19:02] Memory Usage: RSS = 8957.39 MB, VMS = 16521.00 MB
[UEDRS] [00:00:00] Elapsed
[UEDRS] [02:19:02] Sampling
[UEDRS] [02:20:52] Sampling done, obtained size: 500000
[UEDRS] [02:20:52] Memory Usage: RSS = 8713.73 MB, VMS = 16277.85 MB
[UEDRS] [00:01:50] Elapsed
[UEDRS] [02:20:52] Checking [LENSKIT][BIASED_SVD][MOVIELENS][500k]
[UEDRS] [02:20:52] Skipping (0.0026)
[UEDRS] [02:20:52] Memory Usage: RSS = 8713.73 MB, VMS = 16277.85 MB
[UEDRS] [02:20:52] Releasing dataframe from memory
[UEDRS] [02:20:53] Memory Usage: RSS = 8713.29 MB, VMS = 16276.85 MB
[UEDRS] [02:20:53] Dataset: MUSIC4ALL
[UEDRS] [02:20:53] Loading
[UEDRS] [02:21:04] Loading done
[UEDRS] [02:21:04] Memory Usage: RSS = 9403.02 MB, VMS = 17042.04 MB
[UEDRS] [00:00:11] Elapsed
[UEDRS] [02:21:04] Sampling
[UEDRS] [02:24:26] Sampling done, obtained size: 500000
[UEDRS] [02:24:26] Memory Usage: RSS = 8641.34 MB, VMS = 16279.85 MB
[UEDRS] [00:03:21] Elapsed
[UEDRS] [02:24:26] Checking [LENSKIT][BIASED_SVD][MUSIC4ALL][500k]
[UEDRS] [02:24:26] Skipping (0.00011)
[UEDRS] [02:24:26] Memory Usage: RSS = 8641.34 MB, VMS = 16279.85 MB
[UEDRS] [02:24:26] Releasing dataframe from memory
[UEDRS] [02:24:26] Memory Usage: RSS = 8638.38 MB, VMS = 16276.85 MB
[UEDRS] [02:24:26] Dataset: NETFLIX
[UEDRS] [02:24:26] Loading
[UEDRS] [02:24:36] Loading done
[UEDRS] [02:24:36] Memory Usage: RSS = 9423.78 MB, VMS = 17043.46 MB
[UEDRS] [00:00:10] Elapsed
[UEDRS] [02:24:36] Sampling
[UEDRS] [02:31:24] Sampling done, obtained size: 500000
[UEDRS] [02:31:24] Memory Usage: RSS = 8657.17 MB, VMS = 16276.85 MB
[UEDRS] [00:06:48] Elapsed
[UEDRS] [02:31:24] Checking [LENSKIT][BIASED_SVD][NETFLIX][500k]
[UEDRS] [02:31:24] Skipping (0.00095)
[UEDRS] [02:31:24] Memory Usage: RSS = 8657.17 MB, VMS = 16276.85 MB
[UEDRS] [02:31:24] Releasing dataframe from memory
[UEDRS] [02:31:25] Memory Usage: RSS = 8657.17 MB, VMS = 16276.85 MB
[UEDRS] [02:31:25] Dataset: YAHOO
[UEDRS] [02:31:25] Loading
[UEDRS] [02:31:26] Loading done
[UEDRS] [02:31:26] Memory Usage: RSS = 8681.45 MB, VMS = 16276.85 MB
[UEDRS] [00:00:01] Elapsed
[UEDRS] [02:31:26] Sampling
[UEDRS] [02:39:18] Sampling done, obtained size: 500000
[UEDRS] [02:39:18] Memory Usage: RSS = 8682.42 MB, VMS = 16277.85 MB
[UEDRS] [00:07:52] Elapsed
[UEDRS] [02:39:18] Checking [LENSKIT][BIASED_SVD][YAHOO][500k]
[UEDRS] [02:39:18] Skipping (6.7e-05)
[UEDRS] [02:39:18] Memory Usage: RSS = 8682.42 MB, VMS = 16277.85 MB
[UEDRS] [02:39:18] Releasing dataframe from memory
[UEDRS] [02:39:18] Memory Usage: RSS = 8681.44 MB, VMS = 16276.85 MB
[UEDRS] [02:39:18] Dataset: ALIBABA
[UEDRS] [02:39:18] Loading
[UEDRS] [02:39:27] Loading done
[UEDRS] [02:39:27] Memory Usage: RSS = 8717.90 MB, VMS = 16276.85 MB
[UEDRS] [00:00:09] Elapsed
[UEDRS] [02:39:27] Sampling
[UEDRS] [02:54:51] Sampling done, obtained size: 500000
[UEDRS] [02:54:51] Memory Usage: RSS = 8728.28 MB, VMS = 16287.68 MB
[UEDRS] [00:15:23] Elapsed
[UEDRS] [02:54:51] Checking [LENSKIT][BIASED_SVD][ALIBABA][500k]
[UEDRS] [02:54:51] Skipping (-1)
[UEDRS] [02:54:51] Memory Usage: RSS = 8728.28 MB, VMS = 16287.68 MB
[UEDRS] [02:54:51] Releasing dataframe from memory
[UEDRS] [02:54:51] Memory Usage: RSS = 8727.30 MB, VMS = 16286.68 MB
[UEDRS] [02:54:51] Dataset: GOODREADS
[UEDRS] [02:54:51] Loading
[UEDRS] [02:55:00] Loading done
[UEDRS] [02:55:00] Memory Usage: RSS = 8584.59 MB, VMS = 16286.68 MB
[UEDRS] [00:00:09] Elapsed
[UEDRS] [02:55:00] Sampling
[UEDRS] [03:12:16] Sampling done, obtained size: 500000
[UEDRS] [03:12:16] Memory Usage: RSS = 8586.54 MB, VMS = 16287.68 MB
[UEDRS] [00:17:15] Elapsed
[UEDRS] [03:12:16] Checking [LENSKIT][BIASED_SVD][GOODREADS][500k]
[UEDRS] [03:12:16] Skipping (0.0002)
[UEDRS] [03:12:16] Memory Usage: RSS = 8586.54 MB, VMS = 16287.68 MB
[UEDRS] [03:12:16] Releasing dataframe from memory
[UEDRS] [03:12:16] Memory Usage: RSS = 8585.54 MB, VMS = 16286.68 MB
[UEDRS] [03:12:16] Dataset: LASTFM
[UEDRS] [03:12:16] Loading
[UEDRS] [03:12:33] Loading done
[UEDRS] [03:12:33] Memory Usage: RSS = 12571.82 MB, VMS = 19954.68 MB
[UEDRS] [00:00:16] Elapsed
[UEDRS] [03:12:33] Sampling
[UEDRS] [03:43:41] Sampling done, obtained size: 500000
[UEDRS] [03:43:41] Memory Usage: RSS = 12573.14 MB, VMS = 19954.68 MB
[UEDRS] [00:31:07] Elapsed
[UEDRS] [03:43:41] Checking [LENSKIT][BIASED_SVD][LASTFM][500k]
[UEDRS] [03:43:41] Skipping (4.2e-06)
[UEDRS] [03:43:41] Memory Usage: RSS = 12573.14 MB, VMS = 19954.68 MB
[UEDRS] [03:43:41] Releasing dataframe from memory
[UEDRS] [03:43:41] Memory Usage: RSS = 12573.14 MB, VMS = 19954.68 MB
[UEDRS] [03:43:41] Desired size: 750000
[UEDRS] [03:43:41] Dataset: TMALL
[UEDRS] [03:43:41] Loading
[UEDRS] [03:43:43] Loading done
[UEDRS] [03:43:43] Memory Usage: RSS = 8622.45 MB, VMS = 16286.68 MB
[UEDRS] [00:00:01] Elapsed
[UEDRS] [03:43:43] Sampling
[UEDRS] [03:44:23] Sampling done, obtained size: 750000
[UEDRS] [03:44:23] Memory Usage: RSS = 8627.89 MB, VMS = 16287.68 MB
[UEDRS] [00:00:40] Elapsed
[UEDRS] [03:44:23] Checking [LENSKIT][BIASED_SVD][TMALL][750k]
[UEDRS] [03:44:23] Skipping (2.6e-05)
[UEDRS] [03:44:23] Memory Usage: RSS = 8627.89 MB, VMS = 16287.68 MB
[UEDRS] [03:44:23] Releasing dataframe from memory
[UEDRS] [03:44:23] Memory Usage: RSS = 8626.89 MB, VMS = 16286.68 MB
[UEDRS] [03:44:23] Dataset: MOVIELENS
[UEDRS] [03:44:23] Loading
[UEDRS] [03:44:24] Loading done
[UEDRS] [03:44:24] Memory Usage: RSS = 8854.30 MB, VMS = 16530.82 MB
[UEDRS] [00:00:00] Elapsed
[UEDRS] [03:44:24] Sampling
[UEDRS] [03:45:45] Sampling done, obtained size: 750000
[UEDRS] [03:45:45] Memory Usage: RSS = 8613.39 MB, VMS = 16287.68 MB
[UEDRS] [00:01:20] Elapsed
[UEDRS] [03:45:45] Checking [LENSKIT][BIASED_SVD][MOVIELENS][750k]
[UEDRS] [03:45:45] Skipping (0.0037)
[UEDRS] [03:45:45] Memory Usage: RSS = 8613.39 MB, VMS = 16287.68 MB
[UEDRS] [03:45:45] Releasing dataframe from memory
[UEDRS] [03:45:45] Memory Usage: RSS = 8612.95 MB, VMS = 16286.68 MB
[UEDRS] [03:45:45] Dataset: MUSIC4ALL
[UEDRS] [03:45:45] Loading
[UEDRS] [03:45:50] Loading done
[UEDRS] [03:45:50] Memory Usage: RSS = 9296.86 MB, VMS = 17051.86 MB
[UEDRS] [00:00:04] Elapsed
[UEDRS] [03:45:50] Sampling
[UEDRS] [03:48:22] Sampling done, obtained size: 750000
[UEDRS] [03:48:22] Memory Usage: RSS = 8547.62 MB, VMS = 16289.68 MB
[UEDRS] [00:02:32] Elapsed
[UEDRS] [03:48:22] Checking [LENSKIT][BIASED_SVD][MUSIC4ALL][750k]
[UEDRS] [03:48:22] Skipping (0.00011)
[UEDRS] [03:48:22] Memory Usage: RSS = 8547.62 MB, VMS = 16289.68 MB
[UEDRS] [03:48:22] Releasing dataframe from memory
[UEDRS] [03:48:22] Memory Usage: RSS = 8544.66 MB, VMS = 16286.68 MB
[UEDRS] [03:48:22] Dataset: NETFLIX
[UEDRS] [03:48:22] Loading
[UEDRS] [03:48:27] Loading done
[UEDRS] [03:48:27] Memory Usage: RSS = 9321.67 MB, VMS = 17053.29 MB
[UEDRS] [00:00:04] Elapsed
[UEDRS] [03:48:27] Sampling
[UEDRS] [03:54:35] Sampling done, obtained size: 750000
[UEDRS] [03:54:35] Memory Usage: RSS = 8585.41 MB, VMS = 16286.68 MB
[UEDRS] [00:06:07] Elapsed
[UEDRS] [03:54:35] Checking [LENSKIT][BIASED_SVD][NETFLIX][750k]
[UEDRS] [03:54:35] Skipping (0.0015)
[UEDRS] [03:54:35] Memory Usage: RSS = 8585.41 MB, VMS = 16286.68 MB
[UEDRS] [03:54:35] Releasing dataframe from memory
[UEDRS] [03:54:35] Memory Usage: RSS = 8585.41 MB, VMS = 16286.68 MB
[UEDRS] [03:54:35] Dataset: YAHOO
[UEDRS] [03:54:35] Loading
[UEDRS] [03:54:36] Loading done
[UEDRS] [03:54:36] Memory Usage: RSS = 8582.30 MB, VMS = 16286.68 MB
[UEDRS] [00:00:01] Elapsed
[UEDRS] [03:54:36] Sampling
[UEDRS] [04:01:39] Sampling done, obtained size: 750000
[UEDRS] [04:01:39] Memory Usage: RSS = 8618.02 MB, VMS = 16287.68 MB
[UEDRS] [00:07:03] Elapsed
[UEDRS] [04:01:39] Checking [LENSKIT][BIASED_SVD][YAHOO][750k]
[UEDRS] [04:01:39] Skipping (6.3e-05)
[UEDRS] [04:01:39] Memory Usage: RSS = 8618.02 MB, VMS = 16287.68 MB
[UEDRS] [04:01:39] Releasing dataframe from memory
[UEDRS] [04:01:39] Memory Usage: RSS = 8617.02 MB, VMS = 16286.68 MB
[UEDRS] [04:01:39] Dataset: ALIBABA
[UEDRS] [04:01:39] Loading
[UEDRS] [04:01:48] Loading done
[UEDRS] [04:01:48] Memory Usage: RSS = 8644.50 MB, VMS = 16286.68 MB
[UEDRS] [00:00:08] Elapsed
[UEDRS] [04:01:48] Sampling
[UEDRS] [04:13:34] Sampling done, obtained size: 750000
[UEDRS] [04:13:34] Memory Usage: RSS = 8694.39 MB, VMS = 16287.68 MB
[UEDRS] [00:11:45] Elapsed
[UEDRS] [04:13:34] Checking [LENSKIT][BIASED_SVD][ALIBABA][750k]
[UEDRS] [04:13:34] Skipping (-1)
[UEDRS] [04:13:34] Memory Usage: RSS = 8694.39 MB, VMS = 16287.68 MB
[UEDRS] [04:13:34] Releasing dataframe from memory
[UEDRS] [04:13:34] Memory Usage: RSS = 8693.40 MB, VMS = 16286.68 MB
[UEDRS] [04:13:34] Dataset: GOODREADS
[UEDRS] [04:13:34] Loading
[UEDRS] [04:13:43] Loading done
[UEDRS] [04:13:43] Memory Usage: RSS = 8713.01 MB, VMS = 16286.68 MB
[UEDRS] [00:00:09] Elapsed
[UEDRS] [04:13:43] Sampling
[UEDRS] [04:26:52] Sampling done, obtained size: 750000
[UEDRS] [04:26:52] Memory Usage: RSS = 8781.47 MB, VMS = 16287.68 MB
[UEDRS] [00:13:08] Elapsed
[UEDRS] [04:26:52] Checking [LENSKIT][BIASED_SVD][GOODREADS][750k]
[UEDRS] [04:26:52] Skipping (0.00042)
[UEDRS] [04:26:52] Memory Usage: RSS = 8781.47 MB, VMS = 16287.68 MB
[UEDRS] [04:26:52] Releasing dataframe from memory
[UEDRS] [04:26:52] Memory Usage: RSS = 8780.47 MB, VMS = 16286.68 MB
[UEDRS] [04:26:52] Dataset: LASTFM
[UEDRS] [04:26:52] Loading
[UEDRS] [04:27:09] Loading done
[UEDRS] [04:27:09] Memory Usage: RSS = 12617.25 MB, VMS = 19954.68 MB
[UEDRS] [00:00:16] Elapsed
[UEDRS] [04:27:09] Sampling
[UEDRS] [04:53:34] Sampling done, obtained size: 750000
[UEDRS] [04:53:34] Memory Usage: RSS = 12628.62 MB, VMS = 19954.68 MB
[UEDRS] [00:26:25] Elapsed
[UEDRS] [04:53:34] Checking [LENSKIT][BIASED_SVD][LASTFM][750k]
[UEDRS] [04:53:34] Skipping (1.1e-05)
[UEDRS] [04:53:34] Memory Usage: RSS = 12628.62 MB, VMS = 19954.68 MB
[UEDRS] [04:53:34] Releasing dataframe from memory
[UEDRS] [04:53:34] Memory Usage: RSS = 12628.62 MB, VMS = 19954.68 MB
[UEDRS] [04:53:34] Desired size: 1000000
[UEDRS] [04:53:34] Dataset: TMALL
[UEDRS] [04:53:34] Loading
[UEDRS] [04:53:35] Loading done
[UEDRS] [04:53:35] Memory Usage: RSS = 8648.65 MB, VMS = 16286.68 MB
[UEDRS] [00:00:01] Elapsed
[UEDRS] [04:53:35] Sampling
[UEDRS] [04:53:56] Sampling done, obtained size: 1000000
[UEDRS] [04:53:56] Memory Usage: RSS = 8649.65 MB, VMS = 16287.68 MB
[UEDRS] [00:00:20] Elapsed
[UEDRS] [04:53:56] Checking [LENSKIT][BIASED_SVD][TMALL][1m]
[UEDRS] [04:53:56] Skipping (3.8e-05)
[UEDRS] [04:53:56] Memory Usage: RSS = 8649.65 MB, VMS = 16287.68 MB
[UEDRS] [04:53:56] Releasing dataframe from memory
[UEDRS] [04:53:56] Memory Usage: RSS = 8648.65 MB, VMS = 16286.68 MB
[UEDRS] [04:53:56] Dataset: MOVIELENS
[UEDRS] [04:53:56] Loading
[UEDRS] [04:53:56] Loading done
[UEDRS] [04:53:56] Memory Usage: RSS = 8920.37 MB, VMS = 16530.82 MB
[UEDRS] [00:00:00] Elapsed
[UEDRS] [04:53:56] Sampling
[UEDRS] [04:54:36] Sampling done, obtained size: 1000000
[UEDRS] [04:54:36] Memory Usage: RSS = 8676.66 MB, VMS = 16287.68 MB
[UEDRS] [00:00:39] Elapsed
[UEDRS] [04:54:36] Checking [LENSKIT][BIASED_SVD][MOVIELENS][1m]
[UEDRS] [04:54:36] Skipping (0.0039)
[UEDRS] [04:54:36] Memory Usage: RSS = 8676.66 MB, VMS = 16287.68 MB
[UEDRS] [04:54:36] Releasing dataframe from memory
[UEDRS] [04:54:36] Memory Usage: RSS = 8676.22 MB, VMS = 16286.68 MB
[UEDRS] [04:54:36] Dataset: MUSIC4ALL
[UEDRS] [04:54:36] Loading
[UEDRS] [04:54:41] Loading done
[UEDRS] [04:54:41] Memory Usage: RSS = 9387.41 MB, VMS = 17051.86 MB
[UEDRS] [00:00:05] Elapsed
[UEDRS] [04:54:41] Sampling
[UEDRS] [04:56:58] Sampling done, obtained size: 1000000
[UEDRS] [04:56:58] Memory Usage: RSS = 8625.74 MB, VMS = 16289.68 MB
[UEDRS] [00:02:17] Elapsed
[UEDRS] [04:56:58] Checking [LENSKIT][BIASED_SVD][MUSIC4ALL][1m]
[UEDRS] [04:56:58] Skipping (8.5e-05)
[UEDRS] [04:56:58] Memory Usage: RSS = 8625.74 MB, VMS = 16289.68 MB
[UEDRS] [04:56:58] Releasing dataframe from memory
[UEDRS] [04:56:58] Memory Usage: RSS = 8622.77 MB, VMS = 16286.68 MB
[UEDRS] [04:56:58] Dataset: NETFLIX
[UEDRS] [04:56:58] Loading
[UEDRS] [04:57:03] Loading done
[UEDRS] [04:57:03] Memory Usage: RSS = 9438.00 MB, VMS = 17053.29 MB
[UEDRS] [00:00:04] Elapsed
[UEDRS] [04:57:03] Sampling
[UEDRS] [05:03:27] Sampling done, obtained size: 1000000
[UEDRS] [05:03:27] Memory Usage: RSS = 8671.39 MB, VMS = 16286.68 MB
[UEDRS] [00:06:24] Elapsed
[UEDRS] [05:03:27] Checking [LENSKIT][BIASED_SVD][NETFLIX][1m]
[UEDRS] [05:03:27] Skipping (0.002)
[UEDRS] [05:03:27] Memory Usage: RSS = 8671.39 MB, VMS = 16286.68 MB
[UEDRS] [05:03:27] Releasing dataframe from memory
[UEDRS] [05:03:27] Memory Usage: RSS = 8671.39 MB, VMS = 16286.68 MB
[UEDRS] [05:03:27] Dataset: YAHOO
[UEDRS] [05:03:27] Loading
[UEDRS] [05:03:28] Loading done
[UEDRS] [05:03:28] Memory Usage: RSS = 8698.40 MB, VMS = 16286.68 MB
[UEDRS] [00:00:01] Elapsed
[UEDRS] [05:03:28] Sampling
[UEDRS] [05:11:10] Sampling done, obtained size: 1000000
[UEDRS] [05:11:10] Memory Usage: RSS = 8699.40 MB, VMS = 16287.68 MB
[UEDRS] [00:07:42] Elapsed
[UEDRS] [05:11:10] Checking [LENSKIT][BIASED_SVD][YAHOO][1m]
[UEDRS] [05:11:10] Skipping (0.00012)
[UEDRS] [05:11:10] Memory Usage: RSS = 8699.40 MB, VMS = 16287.68 MB
[UEDRS] [05:11:10] Releasing dataframe from memory
[UEDRS] [05:11:10] Memory Usage: RSS = 8698.40 MB, VMS = 16286.68 MB
[UEDRS] [05:11:10] Dataset: ALIBABA
[UEDRS] [05:11:10] Loading
[UEDRS] [05:11:19] Loading done
[UEDRS] [05:11:19] Memory Usage: RSS = 8618.07 MB, VMS = 16286.68 MB
[UEDRS] [00:00:08] Elapsed
[UEDRS] [05:11:19] Sampling
[UEDRS] [05:24:17] Sampling done, obtained size: 1000000
[UEDRS] [05:24:17] Memory Usage: RSS = 8619.67 MB, VMS = 16287.68 MB
[UEDRS] [00:12:58] Elapsed
[UEDRS] [05:24:17] Checking [LENSKIT][BIASED_SVD][ALIBABA][1m]
[UEDRS] [05:24:17] Skipping (-1)
[UEDRS] [05:24:17] Memory Usage: RSS = 8619.67 MB, VMS = 16287.68 MB
[UEDRS] [05:24:17] Releasing dataframe from memory
[UEDRS] [05:24:18] Memory Usage: RSS = 8618.67 MB, VMS = 16286.68 MB
[UEDRS] [05:24:18] Dataset: GOODREADS
[UEDRS] [05:24:18] Loading
[UEDRS] [05:24:27] Loading done
[UEDRS] [05:24:27] Memory Usage: RSS = 8671.62 MB, VMS = 16286.68 MB
[UEDRS] [00:00:09] Elapsed
[UEDRS] [05:24:27] Sampling
[UEDRS] [05:38:54] Sampling done, obtained size: 1000000
[UEDRS] [05:38:54] Memory Usage: RSS = 8672.62 MB, VMS = 16287.68 MB
[UEDRS] [00:14:27] Elapsed
[UEDRS] [05:38:54] Checking [LENSKIT][BIASED_SVD][GOODREADS][1m]
[UEDRS] [05:38:54] Skipping (0.0006)
[UEDRS] [05:38:54] Memory Usage: RSS = 8672.62 MB, VMS = 16287.68 MB
[UEDRS] [05:38:54] Releasing dataframe from memory
[UEDRS] [05:38:54] Memory Usage: RSS = 8671.62 MB, VMS = 16286.68 MB
[UEDRS] [05:38:54] Dataset: LASTFM
[UEDRS] [05:38:54] Loading
[UEDRS] [05:39:11] Loading done
[UEDRS] [05:39:11] Memory Usage: RSS = 12561.18 MB, VMS = 19954.68 MB
[UEDRS] [00:00:16] Elapsed
[UEDRS] [05:39:11] Sampling
[UEDRS] [06:09:50] Sampling done, obtained size: 1000000
[UEDRS] [06:09:50] Memory Usage: RSS = 12561.18 MB, VMS = 19954.68 MB
[UEDRS] [00:30:38] Elapsed
[UEDRS] [06:09:50] Checking [LENSKIT][BIASED_SVD][LASTFM][1m]
[UEDRS] [06:09:50] Skipping (0)
[UEDRS] [06:09:50] Memory Usage: RSS = 12561.18 MB, VMS = 19954.68 MB
[UEDRS] [06:09:50] Releasing dataframe from memory
[UEDRS] [06:09:50] Memory Usage: RSS = 12561.18 MB, VMS = 19954.68 MB
[UEDRS] [06:09:50] Desired size: 25000000
[UEDRS] [06:09:50] Dataset: TMALL
[UEDRS] [06:09:50] Loading
[UEDRS] [06:09:51] Loading done
[UEDRS] [06:09:51] Memory Usage: RSS = 8548.79 MB, VMS = 16286.68 MB
[UEDRS] [00:00:01] Elapsed
[UEDRS] [06:09:51] Sampling
[UEDRS] [06:09:51] Sampling done, obtained size: 24363557
[UEDRS] [06:09:51] Memory Usage: RSS = 8781.00 MB, VMS = 16519.03 MB
[UEDRS] [00:00:00] Elapsed
[UEDRS] [06:09:51] Checking [LENSKIT][BIASED_SVD][TMALL][24m]
[UEDRS] [06:09:51] Skipping (3.4e-06)
[UEDRS] [06:09:51] Memory Usage: RSS = 8781.00 MB, VMS = 16519.03 MB
[UEDRS] [06:09:51] Releasing dataframe from memory
[UEDRS] [06:09:52] Memory Usage: RSS = 8548.79 MB, VMS = 16286.68 MB
[UEDRS] [06:09:52] Dataset: MOVIELENS
[UEDRS] [06:09:52] Loading
[UEDRS] [06:09:52] Loading done
[UEDRS] [06:09:52] Memory Usage: RSS = 8584.46 MB, VMS = 16530.82 MB
[UEDRS] [00:00:00] Elapsed
[UEDRS] [06:09:52] Sampling
[UEDRS] [06:10:41] Sampling done, obtained size: 25000000
[UEDRS] [06:10:41] Memory Usage: RSS = 8722.22 MB, VMS = 16669.15 MB
[UEDRS] [00:00:48] Elapsed
[UEDRS] [06:10:41] Checking [LENSKIT][BIASED_SVD][MOVIELENS][25m]
[UEDRS] [06:10:41] Skipping (0.051)
[UEDRS] [06:10:41] Memory Usage: RSS = 8722.22 MB, VMS = 16669.15 MB
[UEDRS] [06:10:41] Releasing dataframe from memory
[UEDRS] [06:10:41] Memory Usage: RSS = 8340.31 MB, VMS = 16286.68 MB
[UEDRS] [06:10:41] Dataset: MUSIC4ALL
[UEDRS] [06:10:41] Loading
[UEDRS] [06:10:46] Loading done
[UEDRS] [06:10:46] Memory Usage: RSS = 9100.31 MB, VMS = 17051.86 MB
[UEDRS] [00:00:05] Elapsed
[UEDRS] [06:10:46] Sampling
[UEDRS] [06:13:18] Sampling done, obtained size: 25000000
[UEDRS] [06:13:18] Memory Usage: RSS = 8720.11 MB, VMS = 16671.15 MB
[UEDRS] [00:02:31] Elapsed
[UEDRS] [06:13:18] Checking [LENSKIT][BIASED_SVD][MUSIC4ALL][25m]
[UEDRS] [06:13:18] Skipping (0.00016)
[UEDRS] [06:13:18] Memory Usage: RSS = 8720.11 MB, VMS = 16671.15 MB
[UEDRS] [06:13:18] Releasing dataframe from memory
[UEDRS] [06:13:18] Memory Usage: RSS = 8335.66 MB, VMS = 16286.68 MB
[UEDRS] [06:13:18] Dataset: NETFLIX
[UEDRS] [06:13:18] Loading
[UEDRS] [06:13:22] Loading done
[UEDRS] [06:13:22] Memory Usage: RSS = 9102.82 MB, VMS = 17053.29 MB
[UEDRS] [00:00:04] Elapsed
[UEDRS] [06:13:22] Sampling
[UEDRS] [06:19:57] Sampling done, obtained size: 25000000
[UEDRS] [06:19:57] Memory Usage: RSS = 8526.95 MB, VMS = 16477.41 MB
[UEDRS] [00:06:34] Elapsed
[UEDRS] [06:19:57] Checking [LENSKIT][BIASED_SVD][NETFLIX][25m]
[UEDRS] [06:19:57] Skipping (0.0078)
[UEDRS] [06:19:57] Memory Usage: RSS = 8526.95 MB, VMS = 16477.41 MB
[UEDRS] [06:19:57] Releasing dataframe from memory
[UEDRS] [06:19:57] Memory Usage: RSS = 8336.21 MB, VMS = 16286.68 MB
[UEDRS] [06:19:57] Dataset: YAHOO
[UEDRS] [06:19:57] Loading
[UEDRS] [06:19:59] Loading done
[UEDRS] [06:19:59] Memory Usage: RSS = 8374.26 MB, VMS = 16286.68 MB
[UEDRS] [00:00:01] Elapsed
[UEDRS] [06:19:59] Sampling
[UEDRS] [06:28:33] Sampling done, obtained size: 25000000
[UEDRS] [06:28:33] Memory Usage: RSS = 8621.70 MB, VMS = 16533.98 MB
[UEDRS] [00:08:34] Elapsed
[UEDRS] [06:28:33] Checking [LENSKIT][BIASED_SVD][YAHOO][25m]
[UEDRS] [06:28:33] Skipping (0.0022)
[UEDRS] [06:28:33] Memory Usage: RSS = 8621.70 MB, VMS = 16533.98 MB
[UEDRS] [06:28:33] Releasing dataframe from memory
[UEDRS] [06:28:33] Memory Usage: RSS = 8429.96 MB, VMS = 16342.24 MB
[UEDRS] [06:28:33] Dataset: ALIBABA
[UEDRS] [06:28:33] Loading
[UEDRS] [06:28:42] Loading done
[UEDRS] [06:28:42] Memory Usage: RSS = 8490.37 MB, VMS = 16342.24 MB
[UEDRS] [00:00:08] Elapsed
[UEDRS] [06:28:42] Sampling
[UEDRS] [06:43:18] Sampling done, obtained size: 25000000
[UEDRS] [06:43:18] Memory Usage: RSS = 8743.41 MB, VMS = 16596.05 MB
[UEDRS] [00:14:35] Elapsed
[UEDRS] [06:43:18] Checking [LENSKIT][BIASED_SVD][ALIBABA][25m]
[UEDRS] [06:43:18] Skipping (-1)
[UEDRS] [06:43:18] Memory Usage: RSS = 8743.41 MB, VMS = 16596.05 MB
[UEDRS] [06:43:18] Releasing dataframe from memory
[UEDRS] [06:43:18] Memory Usage: RSS = 8551.69 MB, VMS = 16404.31 MB
[UEDRS] [06:43:18] Dataset: GOODREADS
[UEDRS] [06:43:18] Loading
[UEDRS] [06:43:27] Loading done
[UEDRS] [06:43:27] Memory Usage: RSS = 8591.55 MB, VMS = 16404.31 MB
[UEDRS] [00:00:09] Elapsed
[UEDRS] [06:43:27] Sampling
[UEDRS] [06:58:06] Sampling done, obtained size: 25000000
[UEDRS] [06:58:06] Memory Usage: RSS = 8800.34 MB, VMS = 16596.05 MB
[UEDRS] [00:14:38] Elapsed
[UEDRS] [06:58:06] Checking [LENSKIT][BIASED_SVD][GOODREADS][25m]
[UEDRS] [06:58:06] Skipping (0.0022)
[UEDRS] [06:58:06] Memory Usage: RSS = 8800.34 MB, VMS = 16596.05 MB
[UEDRS] [06:58:06] Releasing dataframe from memory
[UEDRS] [06:58:06] Memory Usage: RSS = 8608.61 MB, VMS = 16404.31 MB
[UEDRS] [06:58:06] Dataset: LASTFM
[UEDRS] [06:58:06] Loading
[UEDRS] [06:58:24] Loading done
[UEDRS] [06:58:24] Memory Usage: RSS = 12664.28 MB, VMS = 20072.31 MB
[UEDRS] [00:00:18] Elapsed
[UEDRS] [06:58:24] Sampling
[UEDRS] [07:24:53] Sampling done, obtained size: 25000000
[UEDRS] [07:24:53] Memory Usage: RSS = 13000.21 MB, VMS = 20358.42 MB
[UEDRS] [00:26:28] Elapsed
[UEDRS] [07:24:53] Checking [LENSKIT][BIASED_SVD][LASTFM][25m]
[UEDRS] [07:24:53] Skipping (1.8e-05)
[UEDRS] [07:24:53] Memory Usage: RSS = 13000.21 MB, VMS = 20358.42 MB
[UEDRS] [07:24:53] Releasing dataframe from memory
[UEDRS] [07:24:53] Memory Usage: RSS = 12714.10 MB, VMS = 20072.31 MB
[UEDRS] [07:24:53] Desired size: 50000000
[UEDRS] [07:24:53] Dataset: TMALL
[UEDRS] [07:24:53] Loading
[UEDRS] [07:24:54] Loading done
[UEDRS] [07:24:54] Memory Usage: RSS = 8751.45 MB, VMS = 16404.31 MB
[UEDRS] [00:00:01] Elapsed
[UEDRS] [07:24:54] Sampling
[UEDRS] [07:24:54] Sampling done, obtained size: 24363557
[UEDRS] [07:24:54] Memory Usage: RSS = 8937.34 MB, VMS = 16590.20 MB
[UEDRS] [00:00:00] Elapsed
[UEDRS] [07:24:54] Checking [LENSKIT][BIASED_SVD][TMALL][24m]
[UEDRS] [07:24:54] Skipping (3.4e-06)
[UEDRS] [07:24:54] Memory Usage: RSS = 8937.34 MB, VMS = 16590.20 MB
[UEDRS] [07:24:54] Releasing dataframe from memory
[UEDRS] [07:24:54] Memory Usage: RSS = 8751.45 MB, VMS = 16404.31 MB
[UEDRS] [07:24:54] Dataset: MOVIELENS
[UEDRS] [07:24:54] Loading
[UEDRS] [07:24:55] Loading done
[UEDRS] [07:24:55] Memory Usage: RSS = 9008.89 MB, VMS = 16648.46 MB
[UEDRS] [00:00:00] Elapsed
[UEDRS] [07:24:55] Sampling
[UEDRS] [07:24:55] Sampling done, obtained size: 32000204
[UEDRS] [07:24:55] Memory Usage: RSS = 9253.03 MB, VMS = 16892.60 MB
[UEDRS] [00:00:00] Elapsed
[UEDRS] [07:24:55] Checking [LENSKIT][BIASED_SVD][MOVIELENS][32m]
[UEDRS] [07:24:55] Skipping (0.091)
[UEDRS] [07:24:55] Memory Usage: RSS = 9253.03 MB, VMS = 16892.60 MB
[UEDRS] [07:24:55] Releasing dataframe from memory
[UEDRS] [07:24:55] Memory Usage: RSS = 8764.74 MB, VMS = 16404.31 MB
[UEDRS] [07:24:55] Dataset: MUSIC4ALL
[UEDRS] [07:24:55] Loading
[UEDRS] [07:25:00] Loading done
[UEDRS] [07:25:00] Memory Usage: RSS = 9491.92 MB, VMS = 17169.50 MB
[UEDRS] [00:00:05] Elapsed
[UEDRS] [07:25:00] Sampling
[UEDRS] [07:26:43] Sampling done, obtained size: 50000000
[UEDRS] [07:26:43] Memory Usage: RSS = 9500.00 MB, VMS = 17170.26 MB
[UEDRS] [00:01:42] Elapsed
[UEDRS] [07:26:43] Checking [LENSKIT][BIASED_SVD][MUSIC4ALL][50m]
[UEDRS] [07:26:43] Skipping (0.0005)
[UEDRS] [07:26:43] Memory Usage: RSS = 9500.00 MB, VMS = 17170.26 MB
[UEDRS] [07:26:43] Releasing dataframe from memory
[UEDRS] [07:26:43] Memory Usage: RSS = 8734.09 MB, VMS = 16404.31 MB
[UEDRS] [07:26:43] Dataset: NETFLIX
[UEDRS] [07:26:43] Loading
[UEDRS] [07:26:48] Loading done
[UEDRS] [07:26:48] Memory Usage: RSS = 9514.50 MB, VMS = 17170.92 MB
[UEDRS] [00:00:04] Elapsed
[UEDRS] [07:26:48] Sampling
[UEDRS] [07:32:35] Sampling done, obtained size: 50000000
[UEDRS] [07:32:35] Memory Usage: RSS = 9054.69 MB, VMS = 16677.54 MB
[UEDRS] [00:05:47] Elapsed
[UEDRS] [07:32:35] Checking [LENSKIT][BIASED_SVD][NETFLIX][50m]
[UEDRS] [07:32:35] Skipping (0.016)
[UEDRS] [07:32:35] Memory Usage: RSS = 9054.69 MB, VMS = 16677.54 MB
[UEDRS] [07:32:35] Releasing dataframe from memory
[UEDRS] [07:32:35] Memory Usage: RSS = 8673.21 MB, VMS = 16296.07 MB
[UEDRS] [07:32:35] Dataset: YAHOO
[UEDRS] [07:32:35] Loading
[UEDRS] [07:32:36] Loading done
[UEDRS] [07:32:36] Memory Usage: RSS = 8567.57 MB, VMS = 16296.07 MB
[UEDRS] [00:00:01] Elapsed
[UEDRS] [07:32:36] Sampling
[UEDRS] [07:39:09] Sampling done, obtained size: 50000000
[UEDRS] [07:39:09] Memory Usage: RSS = 9216.76 MB, VMS = 16933.47 MB
[UEDRS] [00:06:32] Elapsed
[UEDRS] [07:39:09] Checking [LENSKIT][BIASED_SVD][YAHOO][50m]
[UEDRS] [07:39:09] Skipping (0.0019)
[UEDRS] [07:39:09] Memory Usage: RSS = 9216.76 MB, VMS = 16933.47 MB
[UEDRS] [07:39:09] Releasing dataframe from memory
[UEDRS] [07:39:09] Memory Usage: RSS = 8738.92 MB, VMS = 16455.62 MB
[UEDRS] [07:39:09] Dataset: ALIBABA
[UEDRS] [07:39:09] Loading
[UEDRS] [07:39:18] Loading done
[UEDRS] [07:39:18] Memory Usage: RSS = 8784.09 MB, VMS = 16455.62 MB
[UEDRS] [00:00:08] Elapsed
[UEDRS] [07:39:18] Sampling
[UEDRS] [07:53:54] Sampling done, obtained size: 50000000
[UEDRS] [07:53:54] Memory Usage: RSS = 9304.46 MB, VMS = 16978.20 MB
[UEDRS] [00:14:35] Elapsed
[UEDRS] [07:53:54] Checking [LENSKIT][BIASED_SVD][ALIBABA][50m]
[UEDRS] [07:53:54] Starting
2026-01-18 04:40:50 [warning  ] loaded pipeline does not match hash
[UEDRS]
[14:06:56]
Exception handled:
'Field "rating" does not exist in schema'
[UEDRS] [14:06:58] Finished (-1)
[UEDRS] [14:06:58] Memory Usage: RSS = 12370.02 MB, VMS = 20458.64 MB
[UEDRS] [06:13:04] Elapsed

[UEDRS] [14:06:58] Memory Usage: RSS = 12370.02 MB, VMS = 20458.64 MB
[UEDRS] [14:06:58] Releasing dataframe from memory
[UEDRS] [14:06:58] Memory Usage: RSS = 11983.56 MB, VMS = 20072.17 MB
[UEDRS] [14:06:58] Dataset: GOODREADS
[UEDRS] [14:06:58] Loading
[UEDRS] [14:07:08] Loading done
[UEDRS] [14:07:08] Memory Usage: RSS = 12188.30 MB, VMS = 20072.17 MB
[UEDRS] [00:00:10] Elapsed
[UEDRS] [14:07:08] Sampling
[UEDRS] [14:15:10] Sampling done, obtained size: 50000000
[UEDRS] [14:15:10] Memory Usage: RSS = 12191.28 MB, VMS = 20073.17 MB
[UEDRS] [00:08:01] Elapsed
[UEDRS] [14:15:10] Checking [LENSKIT][BIASED_SVD][GOODREADS][50m]
[UEDRS] [14:15:10] Starting
2026-01-18 05:11:20 [warning  ] loaded pipeline does not match hash
[UEDRS] [18:15:41] Finished (0.0023)
[UEDRS] [18:15:41] Memory Usage: RSS = 11157.58 MB, VMS = 22807.23 MB
[UEDRS] [04:00:31] Elapsed

[UEDRS] [18:15:41] Memory Usage: RSS = 11157.58 MB, VMS = 22807.23 MB
[UEDRS] [18:15:41] Releasing dataframe from memory
[UEDRS] [18:15:41] Memory Usage: RSS = 11103.18 MB, VMS = 22752.23 MB
[UEDRS] [18:15:41] Dataset: LASTFM
[UEDRS] [18:15:41] Loading
[UEDRS] [18:16:04] Loading done
[UEDRS] [18:16:04] Memory Usage: RSS = 15407.04 MB, VMS = 26420.23 MB
[UEDRS] [00:00:22] Elapsed
[UEDRS] [18:16:04] Sampling
[UEDRS] [18:16:32] Sampling done, obtained size: 50000000
[UEDRS] [18:16:32] Memory Usage: RSS = 15979.34 MB, VMS = 26992.44 MB
[UEDRS] [00:00:28] Elapsed
[UEDRS] [18:16:32] Checking [LENSKIT][BIASED_SVD][LASTFM][50m]
[UEDRS] [18:16:32] Starting
2026-01-18 08:53:06 [warning  ] loaded pipeline does not match hash
[UEDRS] [21:57:33] Finished (8.2e-07)
[UEDRS] [21:57:33] Memory Usage: RSS = 12404.26 MB, VMS = 23377.87 MB
[UEDRS] [03:41:00] Elapsed

[UEDRS] [21:57:33] Memory Usage: RSS = 12404.26 MB, VMS = 23377.87 MB
[UEDRS] [21:57:33] Releasing dataframe from memory
[UEDRS] [21:57:33] Memory Usage: RSS = 11807.12 MB, VMS = 22780.66 MB
[UEDRS] [21:57:33] Desired size: 75000000
[UEDRS] [21:57:33] Dataset: TMALL
[UEDRS] [21:57:33] Loading
[UEDRS] [21:57:36] Loading done
[UEDRS] [21:57:36] Memory Usage: RSS = 11825.82 MB, VMS = 22780.66 MB
[UEDRS] [00:00:02] Elapsed
[UEDRS] [21:57:36] Sampling
[UEDRS] [21:57:36] Sampling done, obtained size: 24363557
[UEDRS] [21:57:36] Memory Usage: RSS = 11829.82 MB, VMS = 22780.66 MB
[UEDRS] [00:00:00] Elapsed
[UEDRS] [21:57:36] Checking [LENSKIT][BIASED_SVD][TMALL][24m]
[UEDRS] [21:57:36] Skipping (3.4e-06)
[UEDRS] [21:57:36] Memory Usage: RSS = 11829.82 MB, VMS = 22780.66 MB
[UEDRS] [21:57:36] Releasing dataframe from memory
[UEDRS] [21:57:36] Memory Usage: RSS = 11827.82 MB, VMS = 22778.66 MB
[UEDRS] [21:57:36] Dataset: MOVIELENS
[UEDRS] [21:57:36] Loading
[UEDRS] [21:57:37] Loading done
[UEDRS] [21:57:37] Memory Usage: RSS = 11845.70 MB, VMS = 22778.66 MB
[UEDRS] [00:00:00] Elapsed
[UEDRS] [21:57:37] Sampling
[UEDRS] [21:57:37] Sampling done, obtained size: 32000204
[UEDRS] [21:57:37] Memory Usage: RSS = 12090.11 MB, VMS = 23022.80 MB
[UEDRS] [00:00:00] Elapsed
[UEDRS] [21:57:37] Checking [LENSKIT][BIASED_SVD][MOVIELENS][32m]
[UEDRS] [21:57:37] Skipping (0.091)
[UEDRS] [21:57:37] Memory Usage: RSS = 12090.11 MB, VMS = 23022.80 MB
[UEDRS] [21:57:37] Releasing dataframe from memory
[UEDRS] [21:57:37] Memory Usage: RSS = 11844.96 MB, VMS = 22777.66 MB
[UEDRS] [21:57:37] Dataset: MUSIC4ALL
[UEDRS] [21:57:37] Loading
[UEDRS] [21:57:44] Loading done
[UEDRS] [21:57:44] Memory Usage: RSS = 12194.56 MB, VMS = 23159.25 MB
[UEDRS] [00:00:07] Elapsed
[UEDRS] [21:57:44] Sampling
[UEDRS] [21:57:45] Sampling done, obtained size: 50016042
[UEDRS] [21:57:45] Memory Usage: RSS = 12576.16 MB, VMS = 23540.85 MB
[UEDRS] [00:00:00] Elapsed
[UEDRS] [21:57:45] Checking [LENSKIT][BIASED_SVD][MUSIC4ALL][50m]
[UEDRS] [21:57:45] Starting
2026-01-18 12:33:34 [warning  ] loaded pipeline does not match hash
[UEDRS] [22:06:07] Finished (0.00039)
[UEDRS] [22:06:07] Memory Usage: RSS = 13760.23 MB, VMS = 23588.85 MB
[UEDRS] [00:08:21] Elapsed

[UEDRS] [22:06:07] Memory Usage: RSS = 13760.23 MB, VMS = 23588.85 MB
[UEDRS] [22:06:07] Releasing dataframe from memory
[UEDRS] [22:06:07] Memory Usage: RSS = 12981.63 MB, VMS = 22809.66 MB
[UEDRS] [22:06:07] Dataset: NETFLIX
[UEDRS] [22:06:07] Loading
[UEDRS] [22:06:13] Loading done
[UEDRS] [22:06:13] Memory Usage: RSS = 13819.11 MB, VMS = 23574.27 MB
[UEDRS] [00:00:06] Elapsed
[UEDRS] [22:06:13] Sampling
[UEDRS] [22:06:57] Sampling done, obtained size: 75000000
[UEDRS] [22:06:57] Memory Usage: RSS = 13633.88 MB, VMS = 23378.87 MB
[UEDRS] [00:00:43] Elapsed
[UEDRS] [22:06:57] Checking [LENSKIT][BIASED_SVD][NETFLIX][75m]
[UEDRS] [22:06:57] Starting
2026-01-18 12:50:59 [warning  ] loaded pipeline does not match hash
[UEDRS] [22:27:12] Finished (0.03)
[UEDRS] [22:27:12] Memory Usage: RSS = 13769.28 MB, VMS = 23554.87 MB
[UEDRS] [00:20:15] Elapsed

[UEDRS] [22:27:12] Memory Usage: RSS = 13769.28 MB, VMS = 23554.87 MB
[UEDRS] [22:27:12] Releasing dataframe from memory
[UEDRS] [22:27:12] Memory Usage: RSS = 13141.53 MB, VMS = 22926.66 MB
[UEDRS] [22:27:12] Dataset: YAHOO
[UEDRS] [22:27:12] Loading
[UEDRS] [22:27:14] Loading done
[UEDRS] [22:27:14] Memory Usage: RSS = 13241.90 MB, VMS = 22926.66 MB
[UEDRS] [00:00:01] Elapsed
[UEDRS] [22:27:14] Sampling
[UEDRS] [22:28:25] Sampling done, obtained size: 75000000
[UEDRS] [22:28:25] Memory Usage: RSS = 13813.34 MB, VMS = 23498.87 MB
[UEDRS] [00:01:11] Elapsed
[UEDRS] [22:28:25] Checking [LENSKIT][BIASED_SVD][YAHOO][75m]
[UEDRS] [22:28:25] Starting
