[UEDRS] [00:00:19] Mode: ABSOLUTE STRATIFIED_USER
[UEDRS] [00:00:19] Tag:  LENSKIT:BIASED_MF
[UEDRS] [00:00:19] Tool: LENSKIT
[UEDRS] [00:00:19] Algorithm: BIASED_MF
[UEDRS] [00:00:19] Datasets: MYANIMELIST, IPINYOU, TMALL, MOVIELENS, MUSIC4ALL, NETFLIX, YAHOO, ALIBABA, GOODREADS, LASTFM, AMAZON
[UEDRS] [00:00:19] Sizes: [100000, 250000, 500000, 750000, 1000000, 25000000, 50000000, 75000000, 100000000]

[UEDRS] [00:00:19] Desired size: 100000
[UEDRS] [00:00:19] Dataset: MYANIMELIST
[UEDRS] [00:00:19] Loading
[UEDRS] [00:00:20] Loading done
[UEDRS] [00:00:20] Memory Usage: RSS = 861.38 MB, VMS = 4991.13 MB
[UEDRS] [00:00:00] Elapsed
[UEDRS] [00:00:23] Sampling done, obtained size: 100000
[UEDRS] [00:00:23] Memory Usage: RSS = 903.06 MB, VMS = 5030.45 MB
[UEDRS] [00:00:02] Elapsed
[UEDRS] [00:00:23] Checking [LENSKIT][BIASED_MF][MYANIMELIST][100k]
[UEDRS] [00:00:23] Skipping (0.0015)
[UEDRS] [00:00:23] Memory Usage: RSS = 903.06 MB, VMS = 5030.45 MB
[UEDRS] [00:00:23] Releasing dataframe from memory
[UEDRS] [00:00:23] Memory Usage: RSS = 902.07 MB, VMS = 5029.45 MB
[UEDRS] [00:00:23] Dataset: IPINYOU
[UEDRS] [00:00:23] Loading
[UEDRS] [00:00:25] Loading done
[UEDRS] [00:00:25] Memory Usage: RSS = 1090.19 MB, VMS = 6145.46 MB
[UEDRS] [00:00:01] Elapsed
[UEDRS] [00:09:41] Sampling done, obtained size: 100000
[UEDRS] [00:09:41] Memory Usage: RSS = 2911.32 MB, VMS = 7965.59 MB
[UEDRS] [00:09:16] Elapsed
[UEDRS] [00:09:41] Checking [LENSKIT][BIASED_MF][IPINYOU][100k]
[UEDRS] [00:09:41] Skipping (0)
[UEDRS] [00:09:41] Memory Usage: RSS = 2911.32 MB, VMS = 7965.59 MB
[UEDRS] [00:09:41] Releasing dataframe from memory
[UEDRS] [00:09:41] Memory Usage: RSS = 2909.35 MB, VMS = 7963.59 MB
[UEDRS] [00:09:41] Dataset: TMALL
[UEDRS] [00:09:41] Loading
[UEDRS] [00:09:42] Loading done
[UEDRS] [00:09:42] Memory Usage: RSS = 3088.40 MB, VMS = 9087.59 MB
[UEDRS] [00:00:01] Elapsed
[UEDRS] [00:10:03] Sampling done, obtained size: 100000
[UEDRS] [00:10:03] Memory Usage: RSS = 3090.39 MB, VMS = 9089.59 MB
[UEDRS] [00:00:20] Elapsed
[UEDRS] [00:10:03] Checking [LENSKIT][BIASED_MF][TMALL][100k]
[UEDRS] [00:10:03] Starting
2025-12-24 23:39:46 [warning  ] loaded pipeline does not match hash
[UEDRS]
[00:10:39]
Exception handled:
"coalesce" not implemented for 'UInt16'
[UEDRS] [00:10:39] Finished (-1)
[UEDRS] [00:10:39] Memory Usage: RSS = 2936.65 MB, VMS = 9305.64 MB
[UEDRS] [00:00:36] Elapsed

[UEDRS] [00:10:39] Memory Usage: RSS = 2936.65 MB, VMS = 9305.64 MB
[UEDRS] [00:10:39] Releasing dataframe from memory
[UEDRS] [00:10:39] Memory Usage: RSS = 2935.18 MB, VMS = 9303.64 MB
[UEDRS] [00:10:39] Dataset: MOVIELENS
[UEDRS] [00:10:39] Loading
[UEDRS] [00:10:41] Loading done
[UEDRS] [00:10:41] Memory Usage: RSS = 3640.07 MB, VMS = 11855.64 MB
[UEDRS] [00:00:01] Elapsed
[UEDRS] [00:10:48] Sampling done, obtained size: 100000
[UEDRS] [00:10:48] Memory Usage: RSS = 3640.16 MB, VMS = 11855.64 MB
[UEDRS] [00:00:07] Elapsed
[UEDRS] [00:10:48] Checking [LENSKIT][BIASED_MF][MOVIELENS][100k]
[UEDRS] [00:10:48] Skipping (0.00047)
[UEDRS] [00:10:48] Memory Usage: RSS = 3640.16 MB, VMS = 11855.64 MB
[UEDRS] [00:10:48] Releasing dataframe from memory
[UEDRS] [00:10:48] Memory Usage: RSS = 3639.16 MB, VMS = 11854.64 MB
[UEDRS] [00:10:48] Dataset: MUSIC4ALL
[UEDRS] [00:10:48] Loading
[UEDRS] [00:10:54] Loading done
[UEDRS] [00:10:54] Memory Usage: RSS = 4965.60 MB, VMS = 14076.23 MB
[UEDRS] [00:00:05] Elapsed
[UEDRS] [00:11:01] Sampling done, obtained size: 100000
[UEDRS] [00:11:01] Memory Usage: RSS = 4584.08 MB, VMS = 13694.64 MB
[UEDRS] [00:00:07] Elapsed
[UEDRS] [00:11:01] Checking [LENSKIT][BIASED_MF][MUSIC4ALL][100k]
[UEDRS] [00:11:01] Starting
2025-12-24 23:40:32 [warning  ] loaded pipeline does not match hash
[UEDRS]
[00:11:25]
Exception handled:
"coalesce" not implemented for 'UInt16'
[UEDRS] [00:11:25] Finished (-1)
[UEDRS] [00:11:25] Memory Usage: RSS = 4113.05 MB, VMS = 13413.64 MB
[UEDRS] [00:00:24] Elapsed

[UEDRS] [00:11:25] Memory Usage: RSS = 4113.05 MB, VMS = 13413.64 MB
[UEDRS] [00:11:25] Releasing dataframe from memory
[UEDRS] [00:11:25] Memory Usage: RSS = 4107.70 MB, VMS = 13407.64 MB
[UEDRS] [00:11:25] Dataset: NETFLIX
[UEDRS] [00:11:25] Loading
[UEDRS] [00:11:30] Loading done
[UEDRS] [00:11:30] Memory Usage: RSS = 4880.29 MB, VMS = 16867.64 MB
[UEDRS] [00:00:05] Elapsed
[UEDRS] [00:12:05] Sampling done, obtained size: 100000
[UEDRS] [00:12:05] Memory Usage: RSS = 4880.00 MB, VMS = 16867.64 MB
[UEDRS] [00:00:34] Elapsed
[UEDRS] [00:12:05] Checking [LENSKIT][BIASED_MF][NETFLIX][100k]
[UEDRS] [00:12:05] Skipping (3.8e-05)
[UEDRS] [00:12:05] Memory Usage: RSS = 4880.00 MB, VMS = 16867.64 MB
[UEDRS] [00:12:05] Releasing dataframe from memory
[UEDRS] [00:12:05] Memory Usage: RSS = 4877.33 MB, VMS = 16864.64 MB
[UEDRS] [00:12:05] Dataset: YAHOO
[UEDRS] [00:12:05] Loading
[UEDRS] [00:12:10] Loading done
[UEDRS] [00:12:10] Memory Usage: RSS = 4714.84 MB, VMS = 16476.64 MB
[UEDRS] [00:00:04] Elapsed
[UEDRS] [00:13:18] Sampling done, obtained size: 100000
[UEDRS] [00:13:18] Memory Usage: RSS = 4714.84 MB, VMS = 16476.64 MB
[UEDRS] [00:01:07] Elapsed
[UEDRS] [00:13:18] Checking [LENSKIT][BIASED_MF][YAHOO][100k]
[UEDRS] [00:13:18] Skipping (1.8e-05)
[UEDRS] [00:13:18] Memory Usage: RSS = 4714.84 MB, VMS = 16476.64 MB
[UEDRS] [00:13:18] Releasing dataframe from memory
[UEDRS] [00:13:18] Memory Usage: RSS = 4714.84 MB, VMS = 16476.64 MB
[UEDRS] [00:13:18] Dataset: ALIBABA
[UEDRS] [00:13:18] Loading
[UEDRS] [00:13:28] Loading done
[UEDRS] [00:13:28] Memory Usage: RSS = 5877.25 MB, VMS = 16668.64 MB
[UEDRS] [00:00:10] Elapsed
[UEDRS] [00:15:31] Sampling done, obtained size: 100000
[UEDRS] [00:15:31] Memory Usage: RSS = 5877.26 MB, VMS = 16668.64 MB
[UEDRS] [00:02:03] Elapsed
[UEDRS] [00:15:31] Checking [LENSKIT][BIASED_MF][ALIBABA][100k]
[UEDRS] [00:15:31] Starting
2025-12-24 23:45:20 [warning  ] loaded pipeline does not match hash
[UEDRS]
[00:16:12]
Exception handled:
'Column rating does not exist in schema'
[UEDRS] [00:16:12] Finished (-1)
[UEDRS] [00:16:12] Memory Usage: RSS = 5890.74 MB, VMS = 16684.64 MB
[UEDRS] [00:00:41] Elapsed

[UEDRS] [00:16:12] Memory Usage: RSS = 5890.74 MB, VMS = 16684.64 MB
[UEDRS] [00:16:12] Releasing dataframe from memory
[UEDRS] [00:16:13] Memory Usage: RSS = 5882.74 MB, VMS = 16675.64 MB
[UEDRS] [00:16:13] Dataset: GOODREADS
[UEDRS] [00:16:13] Loading
[UEDRS] [00:16:24] Loading done
[UEDRS] [00:16:24] Memory Usage: RSS = 7589.92 MB, VMS = 17315.64 MB
[UEDRS] [00:00:10] Elapsed
[UEDRS] [00:17:01] Sampling done, obtained size: 100000
[UEDRS] [00:17:01] Memory Usage: RSS = 7597.55 MB, VMS = 17317.64 MB
[UEDRS] [00:00:37] Elapsed
[UEDRS] [00:17:01] Checking [LENSKIT][BIASED_MF][GOODREADS][100k]
[UEDRS] [00:17:01] Skipping (1.6e-05)
[UEDRS] [00:17:01] Memory Usage: RSS = 7597.55 MB, VMS = 17317.64 MB
[UEDRS] [00:17:01] Releasing dataframe from memory
[UEDRS] [00:17:01] Memory Usage: RSS = 7594.55 MB, VMS = 17314.64 MB
[UEDRS] [00:17:01] Dataset: LASTFM
[UEDRS] [00:17:01] Loading
[UEDRS] [00:17:20] Loading done
[UEDRS] [00:17:20] Memory Usage: RSS = 10495.66 MB, VMS = 20338.64 MB
[UEDRS] [00:00:18] Elapsed
[UEDRS] [00:17:42] Sampling done, obtained size: 100000
[UEDRS] [00:17:42] Memory Usage: RSS = 10495.76 MB, VMS = 20338.64 MB
[UEDRS] [00:00:21] Elapsed
[UEDRS] [00:17:42] Checking [LENSKIT][BIASED_MF][LASTFM][100k]
[UEDRS] [00:17:42] Starting
2025-12-24 23:47:15 [warning  ] loaded pipeline does not match hash
[UEDRS]
[00:18:08]
Exception handled:
"coalesce" not implemented for 'UInt16'
[UEDRS] [00:18:08] Finished (-1)
[UEDRS] [00:18:08] Memory Usage: RSS = 8054.25 MB, VMS = 17901.64 MB
[UEDRS] [00:00:26] Elapsed

[UEDRS] [00:18:08] Memory Usage: RSS = 8054.25 MB, VMS = 17901.64 MB
[UEDRS] [00:18:08] Releasing dataframe from memory
[UEDRS] [00:18:08] Memory Usage: RSS = 8048.63 MB, VMS = 17895.64 MB
[UEDRS] [00:18:08] Dataset: AMAZON
[UEDRS] [00:18:08] Loading
[UEDRS] [00:18:53] Loading done
[UEDRS] [00:18:53] Memory Usage: RSS = 16962.96 MB, VMS = 24831.64 MB
[UEDRS] [00:00:45] Elapsed
[UEDRS] [00:47:51] Sampling done, obtained size: 100000
[UEDRS] [00:47:51] Memory Usage: RSS = 20758.96 MB, VMS = 28612.04 MB
[UEDRS] [00:28:57] Elapsed
[UEDRS] [00:47:51] Checking [LENSKIT][BIASED_MF][AMAZON][100k]
[UEDRS] [00:47:51] Skipping (0)
[UEDRS] [00:47:51] Memory Usage: RSS = 20758.96 MB, VMS = 28612.04 MB
[UEDRS] [00:47:51] Releasing dataframe from memory
[UEDRS] [00:47:51] Memory Usage: RSS = 20755.98 MB, VMS = 28609.04 MB
[UEDRS] [00:47:51] Desired size: 250000
[UEDRS] [00:47:51] Dataset: MYANIMELIST
[UEDRS] [00:47:51] Loading
[UEDRS] [00:47:51] Loading done
[UEDRS] [00:47:51] Memory Usage: RSS = 15570.32 MB, VMS = 24297.04 MB
[UEDRS] [00:00:00] Elapsed
[UEDRS] [00:47:54] Sampling done, obtained size: 250000
[UEDRS] [00:47:54] Memory Usage: RSS = 15570.32 MB, VMS = 24297.04 MB
[UEDRS] [00:00:02] Elapsed
[UEDRS] [00:47:54] Checking [LENSKIT][BIASED_MF][MYANIMELIST][250k]
[UEDRS] [00:47:54] Skipping (0.0049)
[UEDRS] [00:47:54] Memory Usage: RSS = 15570.32 MB, VMS = 24297.04 MB
[UEDRS] [00:47:54] Releasing dataframe from memory
[UEDRS] [00:47:54] Memory Usage: RSS = 15570.32 MB, VMS = 24297.04 MB
[UEDRS] [00:47:54] Dataset: IPINYOU
[UEDRS] [00:47:54] Loading
[UEDRS] [00:47:54] Loading done
[UEDRS] [00:47:54] Memory Usage: RSS = 15656.64 MB, VMS = 24297.04 MB
[UEDRS] [00:00:00] Elapsed
[UEDRS] [00:57:04] Sampling done, obtained size: 250000
[UEDRS] [00:57:04] Memory Usage: RSS = 15656.66 MB, VMS = 24297.04 MB
[UEDRS] [00:09:10] Elapsed
[UEDRS] [00:57:04] Checking [LENSKIT][BIASED_MF][IPINYOU][250k]
[UEDRS] [00:57:04] Skipping (0)
[UEDRS] [00:57:04] Memory Usage: RSS = 15656.66 MB, VMS = 24297.04 MB
[UEDRS] [00:57:04] Releasing dataframe from memory
[UEDRS] [00:57:04] Memory Usage: RSS = 15656.66 MB, VMS = 24297.04 MB
[UEDRS] [00:57:04] Dataset: TMALL
[UEDRS] [00:57:04] Loading
[UEDRS] [00:57:05] Loading done
[UEDRS] [00:57:05] Memory Usage: RSS = 10679.50 MB, VMS = 24297.04 MB
[UEDRS] [00:00:00] Elapsed
[UEDRS] [00:57:26] Sampling done, obtained size: 250000
[UEDRS] [00:57:26] Memory Usage: RSS = 10679.50 MB, VMS = 24297.04 MB
[UEDRS] [00:00:21] Elapsed
[UEDRS] [00:57:26] Checking [LENSKIT][BIASED_MF][TMALL][250k]
[UEDRS] [00:57:26] Starting
2025-12-25 00:28:03 [warning  ] loaded pipeline does not match hash
[UEDRS]
[00:58:56]
Exception handled:
"coalesce" not implemented for 'UInt16'
[UEDRS] [00:58:56] Finished (-1)
[UEDRS] [00:58:56] Memory Usage: RSS = 10300.55 MB, VMS = 24307.04 MB
[UEDRS] [00:01:30] Elapsed

[UEDRS] [00:58:56] Memory Usage: RSS = 10300.55 MB, VMS = 24307.04 MB
[UEDRS] [00:58:56] Releasing dataframe from memory
[UEDRS] [00:58:57] Memory Usage: RSS = 10298.18 MB, VMS = 24304.04 MB
[UEDRS] [00:58:57] Dataset: MOVIELENS
[UEDRS] [00:58:57] Loading
[UEDRS] [00:58:57] Loading done
[UEDRS] [00:58:57] Memory Usage: RSS = 11249.26 MB, VMS = 24304.04 MB
[UEDRS] [00:00:00] Elapsed
[UEDRS] [00:59:04] Sampling done, obtained size: 250000
[UEDRS] [00:59:04] Memory Usage: RSS = 11249.34 MB, VMS = 24304.04 MB
[UEDRS] [00:00:07] Elapsed
[UEDRS] [00:59:04] Checking [LENSKIT][BIASED_MF][MOVIELENS][250k]
[UEDRS] [00:59:04] Skipping (0.0013)
[UEDRS] [00:59:04] Memory Usage: RSS = 11249.34 MB, VMS = 24304.04 MB
[UEDRS] [00:59:04] Releasing dataframe from memory
[UEDRS] [00:59:04] Memory Usage: RSS = 11247.34 MB, VMS = 24302.04 MB
[UEDRS] [00:59:04] Dataset: MUSIC4ALL
[UEDRS] [00:59:04] Loading
[UEDRS] [00:59:08] Loading done
[UEDRS] [00:59:08] Memory Usage: RSS = 12676.56 MB, VMS = 24683.64 MB
[UEDRS] [00:00:03] Elapsed
[UEDRS] [00:59:15] Sampling done, obtained size: 250000
[UEDRS] [00:59:15] Memory Usage: RSS = 12294.96 MB, VMS = 24302.04 MB
[UEDRS] [00:00:07] Elapsed
[UEDRS] [00:59:15] Checking [LENSKIT][BIASED_MF][MUSIC4ALL][250k]
[UEDRS] [00:59:15] Starting
2025-12-25 00:28:59 [warning  ] loaded pipeline does not match hash
[UEDRS]
[00:59:52]
Exception handled:
"coalesce" not implemented for 'UInt16'
[UEDRS] [00:59:52] Finished (-1)
[UEDRS] [00:59:52] Memory Usage: RSS = 12229.79 MB, VMS = 24313.04 MB
[UEDRS] [00:00:36] Elapsed

[UEDRS] [00:59:52] Memory Usage: RSS = 12229.79 MB, VMS = 24313.04 MB
[UEDRS] [00:59:52] Releasing dataframe from memory
[UEDRS] [00:59:52] Memory Usage: RSS = 12228.81 MB, VMS = 24312.04 MB
[UEDRS] [00:59:52] Dataset: NETFLIX
[UEDRS] [00:59:52] Loading
[UEDRS] [00:59:53] Loading done
[UEDRS] [00:59:53] Memory Usage: RSS = 12593.66 MB, VMS = 24312.04 MB
[UEDRS] [00:00:00] Elapsed
[UEDRS] [01:00:25] Sampling done, obtained size: 250000
[UEDRS] [01:00:25] Memory Usage: RSS = 12591.68 MB, VMS = 24310.04 MB
[UEDRS] [00:00:31] Elapsed
[UEDRS] [01:00:25] Checking [LENSKIT][BIASED_MF][NETFLIX][250k]
[UEDRS] [01:00:25] Skipping (0.00039)
[UEDRS] [01:00:25] Memory Usage: RSS = 12591.68 MB, VMS = 24310.04 MB
[UEDRS] [01:00:25] Releasing dataframe from memory
[UEDRS] [01:00:25] Memory Usage: RSS = 12589.68 MB, VMS = 24308.04 MB
[UEDRS] [01:00:25] Dataset: YAHOO
[UEDRS] [01:00:25] Loading
[UEDRS] [01:00:26] Loading done
[UEDRS] [01:00:26] Memory Usage: RSS = 12998.70 MB, VMS = 24307.04 MB
[UEDRS] [00:00:01] Elapsed
[UEDRS] [01:01:27] Sampling done, obtained size: 250000
[UEDRS] [01:01:27] Memory Usage: RSS = 12998.71 MB, VMS = 24307.04 MB
[UEDRS] [00:01:01] Elapsed
[UEDRS] [01:01:27] Checking [LENSKIT][BIASED_MF][YAHOO][250k]
[UEDRS] [01:01:27] Skipping (2.8e-05)
[UEDRS] [01:01:27] Memory Usage: RSS = 12998.71 MB, VMS = 24307.04 MB
[UEDRS] [01:01:27] Releasing dataframe from memory
[UEDRS] [01:01:27] Memory Usage: RSS = 12998.71 MB, VMS = 24307.04 MB
[UEDRS] [01:01:27] Dataset: ALIBABA
[UEDRS] [01:01:27] Loading
[UEDRS] [01:01:28] Loading done
[UEDRS] [01:01:28] Memory Usage: RSS = 13646.94 MB, VMS = 24307.04 MB
[UEDRS] [00:00:01] Elapsed
[UEDRS] [01:03:24] Sampling done, obtained size: 250000
[UEDRS] [01:03:24] Memory Usage: RSS = 13646.94 MB, VMS = 24307.04 MB
[UEDRS] [00:01:56] Elapsed
[UEDRS] [01:03:24] Checking [LENSKIT][BIASED_MF][ALIBABA][250k]
[UEDRS] [01:03:24] Starting
2025-12-25 00:35:03 [warning  ] loaded pipeline does not match hash
[UEDRS]
[01:05:56]
Exception handled:
'Column rating does not exist in schema'
[UEDRS] [01:05:56] Finished (-1)
[UEDRS] [01:05:56] Memory Usage: RSS = 13592.29 MB, VMS = 24324.04 MB
[UEDRS] [00:02:31] Elapsed

[UEDRS] [01:05:56] Memory Usage: RSS = 13592.29 MB, VMS = 24324.04 MB
[UEDRS] [01:05:56] Releasing dataframe from memory
[UEDRS] [01:05:56] Memory Usage: RSS = 13583.30 MB, VMS = 24315.04 MB
[UEDRS] [01:05:56] Dataset: GOODREADS
[UEDRS] [01:05:56] Loading
[UEDRS] [01:06:07] Loading done
[UEDRS] [01:06:07] Memory Usage: RSS = 14442.79 MB, VMS = 24315.04 MB
[UEDRS] [00:00:10] Elapsed
[UEDRS] [01:06:45] Sampling done, obtained size: 250000
[UEDRS] [01:06:45] Memory Usage: RSS = 14442.86 MB, VMS = 24315.04 MB
[UEDRS] [00:00:37] Elapsed
[UEDRS] [01:06:45] Checking [LENSKIT][BIASED_MF][GOODREADS][250k]
[UEDRS] [01:06:45] Skipping (7.9e-05)
[UEDRS] [01:06:45] Memory Usage: RSS = 14442.86 MB, VMS = 24315.04 MB
[UEDRS] [01:06:45] Releasing dataframe from memory
[UEDRS] [01:06:45] Memory Usage: RSS = 14440.86 MB, VMS = 24313.04 MB
[UEDRS] [01:06:45] Dataset: LASTFM
[UEDRS] [01:06:45] Loading
[UEDRS] [01:07:04] Loading done
[UEDRS] [01:07:04] Memory Usage: RSS = 18184.55 MB, VMS = 26761.04 MB
[UEDRS] [00:00:19] Elapsed
[UEDRS] [01:07:26] Sampling done, obtained size: 250000
[UEDRS] [01:07:26] Memory Usage: RSS = 18184.55 MB, VMS = 26761.04 MB
[UEDRS] [00:00:21] Elapsed
[UEDRS] [01:07:26] Checking [LENSKIT][BIASED_MF][LASTFM][250k]
[UEDRS] [01:07:26] Starting
2025-12-25 00:37:15 [warning  ] loaded pipeline does not match hash
[UEDRS]
[01:08:07]
Exception handled:
"coalesce" not implemented for 'UInt16'
[UEDRS] [01:08:08] Finished (-1)
[UEDRS] [01:08:08] Memory Usage: RSS = 15741.98 MB, VMS = 24320.04 MB
[UEDRS] [00:00:41] Elapsed

[UEDRS] [01:08:08] Memory Usage: RSS = 15741.98 MB, VMS = 24320.04 MB
[UEDRS] [01:08:08] Releasing dataframe from memory
[UEDRS] [01:08:08] Memory Usage: RSS = 15738.01 MB, VMS = 24316.04 MB
[UEDRS] [01:08:08] Dataset: AMAZON
[UEDRS] [01:08:08] Loading
[UEDRS] [01:08:52] Loading done
[UEDRS] [01:08:52] Memory Usage: RSS = 21990.07 MB, VMS = 29075.04 MB
[UEDRS] [00:00:44] Elapsed
[UEDRS] [01:38:00] Sampling done, obtained size: 250000
[UEDRS] [01:38:00] Memory Usage: RSS = 23355.31 MB, VMS = 30444.22 MB
[UEDRS] [00:29:07] Elapsed
[UEDRS] [01:38:00] Checking [LENSKIT][BIASED_MF][AMAZON][250k]
[UEDRS] [01:38:00] Skipping (2.8e-06)
[UEDRS] [01:38:00] Memory Usage: RSS = 23355.31 MB, VMS = 30444.22 MB
[UEDRS] [01:38:00] Releasing dataframe from memory
[UEDRS] [01:38:00] Memory Usage: RSS = 23353.56 MB, VMS = 30442.22 MB
[UEDRS] [01:38:00] Desired size: 500000
[UEDRS] [01:38:00] Dataset: MYANIMELIST
[UEDRS] [01:38:00] Loading
[UEDRS] [01:38:00] Loading done
[UEDRS] [01:38:00] Memory Usage: RSS = 18841.89 MB, VMS = 26130.22 MB
[UEDRS] [00:00:00] Elapsed
[UEDRS] [01:38:02] Sampling done, obtained size: 500000
[UEDRS] [01:38:02] Memory Usage: RSS = 18841.89 MB, VMS = 26130.22 MB
[UEDRS] [00:00:02] Elapsed
[UEDRS] [01:38:02] Checking [LENSKIT][BIASED_MF][MYANIMELIST][500k]
[UEDRS] [01:38:02] Skipping (0.0068)
[UEDRS] [01:38:02] Memory Usage: RSS = 18841.89 MB, VMS = 26130.22 MB
[UEDRS] [01:38:02] Releasing dataframe from memory
[UEDRS] [01:38:03] Memory Usage: RSS = 18841.89 MB, VMS = 26130.22 MB
[UEDRS] [01:38:03] Dataset: IPINYOU
[UEDRS] [01:38:03] Loading
[UEDRS] [01:38:03] Loading done
[UEDRS] [01:38:03] Memory Usage: RSS = 18829.71 MB, VMS = 26130.22 MB
[UEDRS] [00:00:00] Elapsed
[UEDRS] [01:47:17] Sampling done, obtained size: 500000
[UEDRS] [01:47:17] Memory Usage: RSS = 18869.06 MB, VMS = 26130.22 MB
[UEDRS] [00:09:13] Elapsed
[UEDRS] [01:47:17] Checking [LENSKIT][BIASED_MF][IPINYOU][500k]
[UEDRS] [01:47:17] Skipping (0)
[UEDRS] [01:47:17] Memory Usage: RSS = 18869.06 MB, VMS = 26130.22 MB
[UEDRS] [01:47:17] Releasing dataframe from memory
[UEDRS] [01:47:17] Memory Usage: RSS = 18869.06 MB, VMS = 26130.22 MB
[UEDRS] [01:47:17] Dataset: TMALL
[UEDRS] [01:47:17] Loading
[UEDRS] [01:47:17] Loading done
[UEDRS] [01:47:17] Memory Usage: RSS = 18871.38 MB, VMS = 26130.22 MB
[UEDRS] [00:00:00] Elapsed
[UEDRS] [01:47:39] Sampling done, obtained size: 500000
[UEDRS] [01:47:39] Memory Usage: RSS = 18873.81 MB, VMS = 26130.22 MB
[UEDRS] [00:00:21] Elapsed
[UEDRS] [01:47:39] Checking [LENSKIT][BIASED_MF][TMALL][500k]
[UEDRS] [01:47:39] Starting
2025-12-25 01:19:25 [warning  ] loaded pipeline does not match hash
[UEDRS]
[01:50:18]
Exception handled:
"coalesce" not implemented for 'UInt16'
[UEDRS] [01:50:18] Finished (-1)
[UEDRS] [01:50:18] Memory Usage: RSS = 18859.92 MB, VMS = 26142.22 MB
[UEDRS] [00:02:39] Elapsed

[UEDRS] [01:50:18] Memory Usage: RSS = 18859.92 MB, VMS = 26142.22 MB
[UEDRS] [01:50:18] Releasing dataframe from memory
[UEDRS] [01:50:18] Memory Usage: RSS = 18856.75 MB, VMS = 26138.22 MB
[UEDRS] [01:50:18] Dataset: MOVIELENS
[UEDRS] [01:50:18] Loading
[UEDRS] [01:50:19] Loading done
[UEDRS] [01:50:19] Memory Usage: RSS = 18893.53 MB, VMS = 26138.22 MB
[UEDRS] [00:00:00] Elapsed
[UEDRS] [01:50:26] Sampling done, obtained size: 500000
[UEDRS] [01:50:26] Memory Usage: RSS = 18893.53 MB, VMS = 26138.22 MB
[UEDRS] [00:00:07] Elapsed
[UEDRS] [01:50:26] Checking [LENSKIT][BIASED_MF][MOVIELENS][500k]
[UEDRS] [01:50:26] Skipping (0.0026)
[UEDRS] [01:50:26] Memory Usage: RSS = 18893.53 MB, VMS = 26138.22 MB
[UEDRS] [01:50:26] Releasing dataframe from memory
[UEDRS] [01:50:26] Memory Usage: RSS = 18891.54 MB, VMS = 26136.22 MB
[UEDRS] [01:50:26] Dataset: MUSIC4ALL
[UEDRS] [01:50:26] Loading
[UEDRS] [01:50:30] Loading done
[UEDRS] [01:50:30] Memory Usage: RSS = 19252.98 MB, VMS = 26517.81 MB
[UEDRS] [00:00:03] Elapsed
[UEDRS] [01:50:37] Sampling done, obtained size: 500000
[UEDRS] [01:50:37] Memory Usage: RSS = 18871.39 MB, VMS = 26136.22 MB
[UEDRS] [00:00:07] Elapsed
[UEDRS] [01:50:37] Checking [LENSKIT][BIASED_MF][MUSIC4ALL][500k]
[UEDRS] [01:50:37] Starting
2025-12-25 01:20:30 [warning  ] loaded pipeline does not match hash
[UEDRS]
[01:51:23]
Exception handled:
"coalesce" not implemented for 'UInt16'
[UEDRS] [01:51:23] Finished (-1)
[UEDRS] [01:51:23] Memory Usage: RSS = 18819.97 MB, VMS = 26151.22 MB
[UEDRS] [00:00:46] Elapsed

[UEDRS] [01:51:23] Memory Usage: RSS = 18819.97 MB, VMS = 26151.22 MB
[UEDRS] [01:51:23] Releasing dataframe from memory
[UEDRS] [01:51:23] Memory Usage: RSS = 18813.82 MB, VMS = 26144.22 MB
[UEDRS] [01:51:23] Dataset: NETFLIX
[UEDRS] [01:51:23] Loading
[UEDRS] [01:51:24] Loading done
[UEDRS] [01:51:24] Memory Usage: RSS = 18910.58 MB, VMS = 26144.22 MB
[UEDRS] [00:00:00] Elapsed
[UEDRS] [01:51:55] Sampling done, obtained size: 500000
[UEDRS] [01:51:55] Memory Usage: RSS = 18912.50 MB, VMS = 26143.22 MB
[UEDRS] [00:00:30] Elapsed
[UEDRS] [01:51:55] Checking [LENSKIT][BIASED_MF][NETFLIX][500k]
[UEDRS] [01:51:55] Skipping (0.00094)
[UEDRS] [01:51:55] Memory Usage: RSS = 18912.50 MB, VMS = 26143.22 MB
[UEDRS] [01:51:55] Releasing dataframe from memory
[UEDRS] [01:51:55] Memory Usage: RSS = 18909.52 MB, VMS = 26140.22 MB
[UEDRS] [01:51:55] Dataset: YAHOO
[UEDRS] [01:51:55] Loading
[UEDRS] [01:51:56] Loading done
[UEDRS] [01:51:56] Memory Usage: RSS = 19030.98 MB, VMS = 26140.22 MB
[UEDRS] [00:00:01] Elapsed
[UEDRS] [01:52:57] Sampling done, obtained size: 500000
[UEDRS] [01:52:57] Memory Usage: RSS = 19036.86 MB, VMS = 26140.22 MB
[UEDRS] [00:01:01] Elapsed
[UEDRS] [01:52:57] Checking [LENSKIT][BIASED_MF][YAHOO][500k]
[UEDRS] [01:52:57] Skipping (2.5e-05)
[UEDRS] [01:52:57] Memory Usage: RSS = 19036.86 MB, VMS = 26140.22 MB
[UEDRS] [01:52:57] Releasing dataframe from memory
[UEDRS] [01:52:57] Memory Usage: RSS = 19036.86 MB, VMS = 26140.22 MB
[UEDRS] [01:52:57] Dataset: ALIBABA
[UEDRS] [01:52:57] Loading
[UEDRS] [01:52:59] Loading done
[UEDRS] [01:52:59] Memory Usage: RSS = 19219.99 MB, VMS = 26140.22 MB
[UEDRS] [00:00:01] Elapsed
[UEDRS] [01:54:56] Sampling done, obtained size: 500000
[UEDRS] [01:54:56] Memory Usage: RSS = 19225.18 MB, VMS = 26140.22 MB
[UEDRS] [00:01:57] Elapsed
[UEDRS] [01:54:56] Checking [LENSKIT][BIASED_MF][ALIBABA][500k]
[UEDRS] [01:54:56] Starting
2025-12-25 01:31:43 [warning  ] loaded pipeline does not match hash
[UEDRS]
[02:02:36]
Exception handled:
'Column rating does not exist in schema'
[UEDRS] [02:02:36] Finished (-1)
[UEDRS] [02:02:36] Memory Usage: RSS = 19198.54 MB, VMS = 26185.74 MB
[UEDRS] [00:07:39] Elapsed

[UEDRS] [02:02:36] Memory Usage: RSS = 19198.54 MB, VMS = 26185.74 MB
[UEDRS] [02:02:36] Releasing dataframe from memory
[UEDRS] [02:02:36] Memory Usage: RSS = 19191.54 MB, VMS = 26178.74 MB
[UEDRS] [02:02:36] Dataset: GOODREADS
[UEDRS] [02:02:36] Loading
[UEDRS] [02:02:38] Loading done
[UEDRS] [02:02:38] Memory Usage: RSS = 19471.88 MB, VMS = 26178.74 MB
[UEDRS] [00:00:01] Elapsed
[UEDRS] [02:03:16] Sampling done, obtained size: 500000
[UEDRS] [02:03:16] Memory Usage: RSS = 19472.25 MB, VMS = 26178.74 MB
[UEDRS] [00:00:37] Elapsed
[UEDRS] [02:03:16] Checking [LENSKIT][BIASED_MF][GOODREADS][500k]
[UEDRS] [02:03:16] Skipping (0.00018)
[UEDRS] [02:03:16] Memory Usage: RSS = 19472.25 MB, VMS = 26178.74 MB
[UEDRS] [02:03:16] Releasing dataframe from memory
[UEDRS] [02:03:16] Memory Usage: RSS = 19470.25 MB, VMS = 26176.74 MB
[UEDRS] [02:03:16] Dataset: LASTFM
[UEDRS] [02:03:16] Loading
[UEDRS] [02:03:19] Loading done
[UEDRS] [02:03:19] Memory Usage: RSS = 21892.29 MB, VMS = 28624.74 MB
[UEDRS] [00:00:03] Elapsed
[UEDRS] [02:03:41] Sampling done, obtained size: 500000
[UEDRS] [02:03:41] Memory Usage: RSS = 21892.29 MB, VMS = 28624.74 MB
[UEDRS] [00:00:21] Elapsed
[UEDRS] [02:03:41] Checking [LENSKIT][BIASED_MF][LASTFM][500k]
[UEDRS] [02:03:41] Starting
2025-12-25 01:33:40 [warning  ] loaded pipeline does not match hash
[UEDRS]
[02:04:32]
Exception handled:
"coalesce" not implemented for 'UInt16'
[UEDRS] [02:04:33] Finished (-1)
[UEDRS] [02:04:33] Memory Usage: RSS = 19442.27 MB, VMS = 26186.74 MB
[UEDRS] [00:00:51] Elapsed

[UEDRS] [02:04:33] Memory Usage: RSS = 19442.27 MB, VMS = 26186.74 MB
[UEDRS] [02:04:33] Releasing dataframe from memory
[UEDRS] [02:04:33] Memory Usage: RSS = 19436.83 MB, VMS = 26180.74 MB
[UEDRS] [02:04:33] Dataset: AMAZON
[UEDRS] [02:04:33] Loading
[UEDRS] [02:04:40] Loading done
[UEDRS] [02:04:40] Memory Usage: RSS = 23698.20 MB, VMS = 30491.74 MB
[UEDRS] [00:00:06] Elapsed
[UEDRS] [02:33:41] Sampling done, obtained size: 500000
[UEDRS] [02:33:41] Memory Usage: RSS = 23666.15 MB, VMS = 30490.74 MB
[UEDRS] [00:29:00] Elapsed
[UEDRS] [02:33:41] Checking [LENSKIT][BIASED_MF][AMAZON][500k]
[UEDRS] [02:33:41] Skipping (4.3e-06)
[UEDRS] [02:33:41] Memory Usage: RSS = 23666.15 MB, VMS = 30490.74 MB
[UEDRS] [02:33:41] Releasing dataframe from memory
[UEDRS] [02:33:41] Memory Usage: RSS = 23663.17 MB, VMS = 30487.74 MB
[UEDRS] [02:33:41] Desired size: 750000
[UEDRS] [02:33:41] Dataset: MYANIMELIST
[UEDRS] [02:33:41] Loading
[UEDRS] [02:33:41] Loading done
[UEDRS] [02:33:41] Memory Usage: RSS = 19153.96 MB, VMS = 26175.74 MB
[UEDRS] [00:00:00] Elapsed
[UEDRS] [02:33:44] Sampling done, obtained size: 750000
[UEDRS] [02:33:44] Memory Usage: RSS = 19153.96 MB, VMS = 26175.74 MB
[UEDRS] [00:00:02] Elapsed
[UEDRS] [02:33:44] Checking [LENSKIT][BIASED_MF][MYANIMELIST][750k]
[UEDRS] [02:33:44] Skipping (0.01)
[UEDRS] [02:33:44] Memory Usage: RSS = 19153.96 MB, VMS = 26175.74 MB
[UEDRS] [02:33:44] Releasing dataframe from memory
[UEDRS] [02:33:44] Memory Usage: RSS = 19153.96 MB, VMS = 26175.74 MB
[UEDRS] [02:33:44] Dataset: IPINYOU
[UEDRS] [02:33:44] Loading
[UEDRS] [02:33:44] Loading done
[UEDRS] [02:33:44] Memory Usage: RSS = 19128.97 MB, VMS = 26175.74 MB
[UEDRS] [00:00:00] Elapsed
[UEDRS] [02:42:53] Sampling done, obtained size: 750000
[UEDRS] [02:42:53] Memory Usage: RSS = 19161.67 MB, VMS = 26176.74 MB
[UEDRS] [00:09:08] Elapsed
[UEDRS] [02:42:53] Checking [LENSKIT][BIASED_MF][IPINYOU][750k]
[UEDRS] [02:42:53] Skipping (4.4e-07)
[UEDRS] [02:42:53] Memory Usage: RSS = 19161.67 MB, VMS = 26176.74 MB
[UEDRS] [02:42:53] Releasing dataframe from memory
[UEDRS] [02:42:53] Memory Usage: RSS = 19161.67 MB, VMS = 26176.74 MB
[UEDRS] [02:42:53] Dataset: TMALL
[UEDRS] [02:42:53] Loading
[UEDRS] [02:42:53] Loading done
[UEDRS] [02:42:53] Memory Usage: RSS = 19166.05 MB, VMS = 26176.74 MB
[UEDRS] [00:00:00] Elapsed
[UEDRS] [02:43:14] Sampling done, obtained size: 750000
[UEDRS] [02:43:14] Memory Usage: RSS = 19168.67 MB, VMS = 26176.74 MB
[UEDRS] [00:00:21] Elapsed
[UEDRS] [02:43:14] Checking [LENSKIT][BIASED_MF][TMALL][750k]
[UEDRS] [02:43:14] Starting
2025-12-25 02:16:04 [warning  ] loaded pipeline does not match hash
[UEDRS]
[02:46:56]
Exception handled:
"coalesce" not implemented for 'UInt16'
[UEDRS] [02:46:57] Finished (-1)
[UEDRS] [02:46:57] Memory Usage: RSS = 19144.20 MB, VMS = 26187.74 MB
[UEDRS] [00:03:42] Elapsed

[UEDRS] [02:46:57] Memory Usage: RSS = 19144.20 MB, VMS = 26187.74 MB
[UEDRS] [02:46:57] Releasing dataframe from memory
[UEDRS] [02:46:57] Memory Usage: RSS = 19140.44 MB, VMS = 26183.74 MB
[UEDRS] [02:46:57] Dataset: MOVIELENS
[UEDRS] [02:46:57] Loading
[UEDRS] [02:46:57] Loading done
[UEDRS] [02:46:57] Memory Usage: RSS = 19179.45 MB, VMS = 26183.74 MB
[UEDRS] [00:00:00] Elapsed
[UEDRS] [02:47:05] Sampling done, obtained size: 750000
[UEDRS] [02:47:05] Memory Usage: RSS = 19179.45 MB, VMS = 26183.74 MB
[UEDRS] [00:00:07] Elapsed
[UEDRS] [02:47:05] Checking [LENSKIT][BIASED_MF][MOVIELENS][750k]
[UEDRS] [02:47:05] Skipping (0.0037)
[UEDRS] [02:47:05] Memory Usage: RSS = 19179.45 MB, VMS = 26183.74 MB
[UEDRS] [02:47:05] Releasing dataframe from memory
[UEDRS] [02:47:05] Memory Usage: RSS = 19177.47 MB, VMS = 26181.74 MB
[UEDRS] [02:47:05] Dataset: MUSIC4ALL
[UEDRS] [02:47:05] Loading
[UEDRS] [02:47:09] Loading done
[UEDRS] [02:47:09] Memory Usage: RSS = 19513.13 MB, VMS = 26563.34 MB
[UEDRS] [00:00:03] Elapsed
[UEDRS] [02:47:16] Sampling done, obtained size: 750000
[UEDRS] [02:47:16] Memory Usage: RSS = 19133.47 MB, VMS = 26181.74 MB
[UEDRS] [00:00:07] Elapsed
[UEDRS] [02:47:16] Checking [LENSKIT][BIASED_MF][MUSIC4ALL][750k]
[UEDRS] [02:47:16] Starting
2025-12-25 02:17:15 [warning  ] loaded pipeline does not match hash
[UEDRS]
[02:48:08]
Exception handled:
"coalesce" not implemented for 'UInt16'
[UEDRS] [02:48:08] Finished (-1)
[UEDRS] [02:48:08] Memory Usage: RSS = 19015.38 MB, VMS = 26195.74 MB
[UEDRS] [00:00:52] Elapsed

[UEDRS] [02:48:08] Memory Usage: RSS = 19015.38 MB, VMS = 26195.74 MB
[UEDRS] [02:48:08] Releasing dataframe from memory
[UEDRS] [02:48:08] Memory Usage: RSS = 19010.34 MB, VMS = 26189.74 MB
[UEDRS] [02:48:08] Dataset: NETFLIX
[UEDRS] [02:48:08] Loading
[UEDRS] [02:48:09] Loading done
[UEDRS] [02:48:09] Memory Usage: RSS = 19160.87 MB, VMS = 26189.74 MB
[UEDRS] [00:00:00] Elapsed
[UEDRS] [02:48:40] Sampling done, obtained size: 750000
[UEDRS] [02:48:40] Memory Usage: RSS = 19162.76 MB, VMS = 26187.74 MB
[UEDRS] [00:00:31] Elapsed
[UEDRS] [02:48:40] Checking [LENSKIT][BIASED_MF][NETFLIX][750k]
[UEDRS] [02:48:40] Skipping (0.0015)
[UEDRS] [02:48:40] Memory Usage: RSS = 19162.76 MB, VMS = 26187.74 MB
[UEDRS] [02:48:40] Releasing dataframe from memory
[UEDRS] [02:48:40] Memory Usage: RSS = 19160.77 MB, VMS = 26185.74 MB
[UEDRS] [02:48:40] Dataset: YAHOO
[UEDRS] [02:48:40] Loading
[UEDRS] [02:48:42] Loading done
[UEDRS] [02:48:42] Memory Usage: RSS = 19175.67 MB, VMS = 26185.74 MB
[UEDRS] [00:00:01] Elapsed
[UEDRS] [02:49:43] Sampling done, obtained size: 750000
[UEDRS] [02:49:43] Memory Usage: RSS = 19178.27 MB, VMS = 26185.74 MB
[UEDRS] [00:01:01] Elapsed
[UEDRS] [02:49:43] Checking [LENSKIT][BIASED_MF][YAHOO][750k]
[UEDRS] [02:49:43] Skipping (1.7e-05)
[UEDRS] [02:49:43] Memory Usage: RSS = 19178.27 MB, VMS = 26185.74 MB
[UEDRS] [02:49:43] Releasing dataframe from memory
[UEDRS] [02:49:43] Memory Usage: RSS = 19178.27 MB, VMS = 26185.74 MB
[UEDRS] [02:49:43] Dataset: ALIBABA
[UEDRS] [02:49:43] Loading
[UEDRS] [02:49:44] Loading done
[UEDRS] [02:49:44] Memory Usage: RSS = 19248.58 MB, VMS = 26185.74 MB
[UEDRS] [00:00:01] Elapsed
[UEDRS] [02:51:42] Sampling done, obtained size: 750000
[UEDRS] [02:51:42] Memory Usage: RSS = 19257.00 MB, VMS = 26185.74 MB
[UEDRS] [00:01:57] Elapsed
[UEDRS] [02:51:42] Checking [LENSKIT][BIASED_MF][ALIBABA][750k]
[UEDRS] [02:51:42] Starting
2025-12-25 02:36:07 [warning  ] loaded pipeline does not match hash
[UEDRS]
[03:07:00]
Exception handled:
'Column rating does not exist in schema'
[UEDRS] [03:07:01] Finished (-1)
[UEDRS] [03:07:01] Memory Usage: RSS = 19209.51 MB, VMS = 26174.00 MB
[UEDRS] [00:15:18] Elapsed

[UEDRS] [03:07:01] Memory Usage: RSS = 19209.51 MB, VMS = 26174.00 MB
[UEDRS] [03:07:01] Releasing dataframe from memory
[UEDRS] [03:07:01] Memory Usage: RSS = 19201.51 MB, VMS = 26166.00 MB
[UEDRS] [03:07:01] Dataset: GOODREADS
[UEDRS] [03:07:01] Loading
[UEDRS] [03:07:03] Loading done
[UEDRS] [03:07:03] Memory Usage: RSS = 19514.38 MB, VMS = 26166.00 MB
[UEDRS] [00:00:01] Elapsed
[UEDRS] [03:07:41] Sampling done, obtained size: 750000
[UEDRS] [03:07:41] Memory Usage: RSS = 19515.00 MB, VMS = 26166.00 MB
[UEDRS] [00:00:37] Elapsed
[UEDRS] [03:07:41] Checking [LENSKIT][BIASED_MF][GOODREADS][750k]
[UEDRS] [03:07:41] Skipping (0.0004)
[UEDRS] [03:07:41] Memory Usage: RSS = 19515.00 MB, VMS = 26166.00 MB
[UEDRS] [03:07:41] Releasing dataframe from memory
[UEDRS] [03:07:41] Memory Usage: RSS = 19513.00 MB, VMS = 26164.00 MB
[UEDRS] [03:07:41] Dataset: LASTFM
[UEDRS] [03:07:41] Loading
[UEDRS] [03:07:44] Loading done
[UEDRS] [03:07:44] Memory Usage: RSS = 21910.16 MB, VMS = 28612.00 MB
[UEDRS] [00:00:03] Elapsed
[UEDRS] [03:08:06] Sampling done, obtained size: 750000
[UEDRS] [03:08:06] Memory Usage: RSS = 21910.16 MB, VMS = 28612.00 MB
[UEDRS] [00:00:21] Elapsed
[UEDRS] [03:08:06] Checking [LENSKIT][BIASED_MF][LASTFM][750k]
[UEDRS] [03:08:06] Starting
2025-12-25 02:38:10 [warning  ] loaded pipeline does not match hash
[UEDRS]
[03:09:03]
Exception handled:
"coalesce" not implemented for 'UInt16'
[UEDRS] [03:09:03] Finished (-1)
[UEDRS] [03:09:03] Memory Usage: RSS = 19430.80 MB, VMS = 26176.00 MB
[UEDRS] [00:00:57] Elapsed

[UEDRS] [03:09:03] Memory Usage: RSS = 19430.80 MB, VMS = 26176.00 MB
[UEDRS] [03:09:03] Releasing dataframe from memory
[UEDRS] [03:09:03] Memory Usage: RSS = 19420.83 MB, VMS = 26166.00 MB
[UEDRS] [03:09:03] Dataset: AMAZON
[UEDRS] [03:09:03] Loading
[UEDRS] [03:09:11] Loading done
[UEDRS] [03:09:11] Memory Usage: RSS = 23949.13 MB, VMS = 30478.00 MB
[UEDRS] [00:00:08] Elapsed
[UEDRS] [03:38:05] Sampling done, obtained size: 750000
[UEDRS] [03:38:05] Memory Usage: RSS = 23949.56 MB, VMS = 30476.51 MB
[UEDRS] [00:28:54] Elapsed
[UEDRS] [03:38:05] Checking [LENSKIT][BIASED_MF][AMAZON][750k]
[UEDRS] [03:38:05] Skipping (2.4e-06)
[UEDRS] [03:38:05] Memory Usage: RSS = 23949.56 MB, VMS = 30476.51 MB
[UEDRS] [03:38:05] Releasing dataframe from memory
[UEDRS] [03:38:06] Memory Usage: RSS = 23948.57 MB, VMS = 30475.51 MB
[UEDRS] [03:38:06] Desired size: 1000000
[UEDRS] [03:38:06] Dataset: MYANIMELIST
[UEDRS] [03:38:06] Loading
[UEDRS] [03:38:06] Loading done
[UEDRS] [03:38:06] Memory Usage: RSS = 19417.52 MB, VMS = 26163.51 MB
[UEDRS] [00:00:00] Elapsed
[UEDRS] [03:38:09] Sampling done, obtained size: 1000000
[UEDRS] [03:38:09] Memory Usage: RSS = 19417.52 MB, VMS = 26163.51 MB
[UEDRS] [00:00:02] Elapsed
[UEDRS] [03:38:09] Checking [LENSKIT][BIASED_MF][MYANIMELIST][1m]
[UEDRS] [03:38:09] Starting
2025-12-25 03:07:49 [warning  ] loaded pipeline does not match hash
[UEDRS] [03:43:32] Finished (-1)
[UEDRS] [03:43:32] Memory Usage: RSS = 19349.43 MB, VMS = 27047.56 MB
[UEDRS] [00:05:23] Elapsed

[UEDRS] [03:43:32] Memory Usage: RSS = 19349.43 MB, VMS = 27047.56 MB
[UEDRS] [03:43:32] Releasing dataframe from memory
[UEDRS] [03:43:33] Memory Usage: RSS = 19334.00 MB, VMS = 27031.56 MB
[UEDRS] [03:43:33] Dataset: IPINYOU
[UEDRS] [03:43:33] Loading
[UEDRS] [03:43:33] Loading done
[UEDRS] [03:43:33] Memory Usage: RSS = 19427.03 MB, VMS = 27030.56 MB
[UEDRS] [00:00:00] Elapsed
[UEDRS] [03:52:45] Sampling done, obtained size: 1000000
[UEDRS] [03:52:45] Memory Usage: RSS = 19433.09 MB, VMS = 27032.56 MB
[UEDRS] [00:09:12] Elapsed
[UEDRS] [03:52:45] Checking [LENSKIT][BIASED_MF][IPINYOU][1m]
[UEDRS] [03:52:45] Starting
2025-12-25 03:54:07 [warning  ] loaded pipeline does not match hash
[UEDRS] [04:41:35] Finished (1.3e-06)
[UEDRS] [04:41:35] Memory Usage: RSS = 19819.49 MB, VMS = 27292.54 MB
[UEDRS] [00:48:49] Elapsed

[UEDRS] [04:41:35] Memory Usage: RSS = 19819.49 MB, VMS = 27292.54 MB
[UEDRS] [04:41:35] Releasing dataframe from memory
[UEDRS] [04:41:35] Memory Usage: RSS = 19788.49 MB, VMS = 27261.54 MB
[UEDRS] [04:41:35] Dataset: TMALL
[UEDRS] [04:41:35] Loading
[UEDRS] [04:41:35] Loading done
[UEDRS] [04:41:35] Memory Usage: RSS = 19834.16 MB, VMS = 27261.54 MB
[UEDRS] [00:00:00] Elapsed
[UEDRS] [04:41:57] Sampling done, obtained size: 1000000
[UEDRS] [04:41:57] Memory Usage: RSS = 19832.93 MB, VMS = 27260.54 MB
[UEDRS] [00:00:21] Elapsed
[UEDRS] [04:41:57] Checking [LENSKIT][BIASED_MF][TMALL][1m]
[UEDRS] [04:41:57] Starting
2025-12-25 04:15:32 [warning  ] loaded pipeline does not match hash
[UEDRS]
[04:46:25]
Exception handled:
"coalesce" not implemented for 'UInt16'
[UEDRS] [04:46:25] Finished (-1)
[UEDRS] [04:46:25] Memory Usage: RSS = 19736.87 MB, VMS = 27269.54 MB
[UEDRS] [00:04:28] Elapsed

[UEDRS] [04:46:25] Memory Usage: RSS = 19736.87 MB, VMS = 27269.54 MB
[UEDRS] [04:46:25] Releasing dataframe from memory
[UEDRS] [04:46:25] Memory Usage: RSS = 19734.87 MB, VMS = 27267.54 MB
[UEDRS] [04:46:25] Dataset: MOVIELENS
[UEDRS] [04:46:25] Loading
[UEDRS] [04:46:26] Loading done
[UEDRS] [04:46:26] Memory Usage: RSS = 19846.35 MB, VMS = 27267.54 MB
[UEDRS] [00:00:00] Elapsed
[UEDRS] [04:46:34] Sampling done, obtained size: 1000000
[UEDRS] [04:46:34] Memory Usage: RSS = 19845.36 MB, VMS = 27266.54 MB
[UEDRS] [00:00:07] Elapsed
[UEDRS] [04:46:34] Checking [LENSKIT][BIASED_MF][MOVIELENS][1m]
[UEDRS] [04:46:34] Starting
2025-12-25 04:17:53 [warning  ] loaded pipeline does not match hash
[UEDRS] [04:55:28] Finished (0.0039)
[UEDRS] [04:55:28] Memory Usage: RSS = 19647.76 MB, VMS = 27296.54 MB
[UEDRS] [00:08:54] Elapsed

[UEDRS] [04:55:28] Memory Usage: RSS = 19647.76 MB, VMS = 27296.54 MB
[UEDRS] [04:55:28] Releasing dataframe from memory
[UEDRS] [04:55:28] Memory Usage: RSS = 19623.84 MB, VMS = 27272.54 MB
[UEDRS] [04:55:28] Dataset: MUSIC4ALL
[UEDRS] [04:55:28] Loading
[UEDRS] [04:55:32] Loading done
[UEDRS] [04:55:32] Memory Usage: RSS = 20074.56 MB, VMS = 27654.14 MB
[UEDRS] [00:00:03] Elapsed
[UEDRS] [04:55:40] Sampling done, obtained size: 1000000
[UEDRS] [04:55:40] Memory Usage: RSS = 19690.96 MB, VMS = 27270.54 MB
[UEDRS] [00:00:07] Elapsed
[UEDRS] [04:55:40] Checking [LENSKIT][BIASED_MF][MUSIC4ALL][1m]
[UEDRS] [04:55:40] Starting
2025-12-25 04:25:44 [warning  ] loaded pipeline does not match hash
[UEDRS]
[04:56:36]
Exception handled:
"coalesce" not implemented for 'UInt16'
[UEDRS] [04:56:37] Finished (-1)
[UEDRS] [04:56:37] Memory Usage: RSS = 19567.70 MB, VMS = 27280.54 MB
[UEDRS] [00:00:56] Elapsed

[UEDRS] [04:56:37] Memory Usage: RSS = 19567.70 MB, VMS = 27280.54 MB
[UEDRS] [04:56:37] Releasing dataframe from memory
[UEDRS] [04:56:37] Memory Usage: RSS = 19562.45 MB, VMS = 27274.54 MB
[UEDRS] [04:56:37] Dataset: NETFLIX
[UEDRS] [04:56:37] Loading
[UEDRS] [04:56:37] Loading done
[UEDRS] [04:56:37] Memory Usage: RSS = 19684.20 MB, VMS = 27274.54 MB
[UEDRS] [00:00:00] Elapsed
[UEDRS] [04:57:09] Sampling done, obtained size: 1000000
[UEDRS] [04:57:09] Memory Usage: RSS = 19682.22 MB, VMS = 27272.54 MB
[UEDRS] [00:00:31] Elapsed
[UEDRS] [04:57:09] Checking [LENSKIT][BIASED_MF][NETFLIX][1m]
[UEDRS] [04:57:09] Starting
2025-12-25 04:30:53 [warning  ] loaded pipeline does not match hash
[UEDRS] [05:09:36] Finished (0.002)
[UEDRS] [05:09:36] Memory Usage: RSS = 19569.80 MB, VMS = 27317.54 MB
[UEDRS] [00:12:27] Elapsed

[UEDRS] [05:09:36] Memory Usage: RSS = 19569.80 MB, VMS = 27317.54 MB
[UEDRS] [05:09:36] Releasing dataframe from memory
[UEDRS] [05:09:36] Memory Usage: RSS = 19542.83 MB, VMS = 27290.54 MB
[UEDRS] [05:09:36] Dataset: YAHOO
[UEDRS] [05:09:36] Loading
[UEDRS] [05:09:38] Loading done
[UEDRS] [05:09:38] Memory Usage: RSS = 19725.01 MB, VMS = 27289.54 MB
[UEDRS] [00:00:01] Elapsed
[UEDRS] [05:10:39] Sampling done, obtained size: 1000000
[UEDRS] [05:10:39] Memory Usage: RSS = 19724.02 MB, VMS = 27288.54 MB
[UEDRS] [00:01:01] Elapsed
[UEDRS] [05:10:39] Checking [LENSKIT][BIASED_MF][YAHOO][1m]
[UEDRS] [05:10:39] Starting
2025-12-25 04:51:37 [warning  ] loaded pipeline does not match hash
[UEDRS] [05:33:24] Finished (2.7e-05)
[UEDRS] [05:33:24] Memory Usage: RSS = 19681.01 MB, VMS = 27348.76 MB
[UEDRS] [00:22:44] Elapsed

[UEDRS] [05:33:24] Memory Usage: RSS = 19681.01 MB, VMS = 27348.76 MB
[UEDRS] [05:33:24] Releasing dataframe from memory
[UEDRS] [05:33:24] Memory Usage: RSS = 19641.01 MB, VMS = 27308.76 MB
[UEDRS] [05:33:24] Dataset: ALIBABA
[UEDRS] [05:33:24] Loading
[UEDRS] [05:33:25] Loading done
[UEDRS] [05:33:25] Memory Usage: RSS = 19780.71 MB, VMS = 27307.76 MB
[UEDRS] [00:00:01] Elapsed
[UEDRS] [05:36:37] Sampling done, obtained size: 1000000
[UEDRS] [05:36:37] Memory Usage: RSS = 19783.01 MB, VMS = 27306.76 MB
[UEDRS] [00:03:11] Elapsed
[UEDRS] [05:36:37] Checking [LENSKIT][BIASED_MF][ALIBABA][1m]
[UEDRS] [05:36:37] Starting
2025-12-25 05:31:29 [warning  ] loaded pipeline does not match hash
[UEDRS]
[06:02:21]
Exception handled:
'Column rating does not exist in schema'
[UEDRS] [06:02:22] Finished (-1)
[UEDRS] [06:02:22] Memory Usage: RSS = 19629.22 MB, VMS = 27302.54 MB
[UEDRS] [00:25:45] Elapsed

[UEDRS] [06:02:22] Memory Usage: RSS = 19629.22 MB, VMS = 27302.54 MB
[UEDRS] [06:02:22] Releasing dataframe from memory
[UEDRS] [06:02:22] Memory Usage: RSS = 19619.22 MB, VMS = 27292.54 MB
[UEDRS] [06:02:22] Dataset: GOODREADS
[UEDRS] [06:02:22] Loading
[UEDRS] [06:02:24] Loading done
[UEDRS] [06:02:24] Memory Usage: RSS = 19825.74 MB, VMS = 27292.54 MB
[UEDRS] [00:00:01] Elapsed
[UEDRS] [06:03:32] Sampling done, obtained size: 1000000
[UEDRS] [06:03:32] Memory Usage: RSS = 19824.78 MB, VMS = 27291.54 MB
[UEDRS] [00:01:08] Elapsed
[UEDRS] [06:03:32] Checking [LENSKIT][BIASED_MF][GOODREADS][1m]
[UEDRS] [06:03:32] Starting
2025-12-25 05:39:24 [warning  ] loaded pipeline does not match hash
[UEDRS] [06:34:01] Finished (0.00056)
[UEDRS] [06:34:01] Memory Usage: RSS = 19725.13 MB, VMS = 27323.54 MB
[UEDRS] [00:30:28] Elapsed

[UEDRS] [06:34:01] Memory Usage: RSS = 19725.13 MB, VMS = 27323.54 MB
[UEDRS] [06:34:01] Releasing dataframe from memory
[UEDRS] [06:34:01] Memory Usage: RSS = 19683.46 MB, VMS = 27281.54 MB
[UEDRS] [06:34:01] Dataset: LASTFM
[UEDRS] [06:34:01] Loading
[UEDRS] [06:34:04] Loading done
[UEDRS] [06:34:04] Memory Usage: RSS = 22308.13 MB, VMS = 29728.54 MB
[UEDRS] [00:00:03] Elapsed
[UEDRS] [06:34:26] Sampling done, obtained size: 1000000
[UEDRS] [06:34:26] Memory Usage: RSS = 22308.13 MB, VMS = 29728.54 MB
[UEDRS] [00:00:22] Elapsed
[UEDRS] [06:34:26] Checking [LENSKIT][BIASED_MF][LASTFM][1m]
[UEDRS] [06:34:26] Starting
2025-12-25 06:04:33 [warning  ] loaded pipeline does not match hash
[UEDRS]
[06:35:26]
Exception handled:
"coalesce" not implemented for 'UInt16'
[UEDRS] [06:35:26] Finished (-1)
[UEDRS] [06:35:26] Memory Usage: RSS = 19819.78 MB, VMS = 27287.54 MB
[UEDRS] [00:01:00] Elapsed

[UEDRS] [06:35:26] Memory Usage: RSS = 19819.78 MB, VMS = 27287.54 MB
[UEDRS] [06:35:26] Releasing dataframe from memory
[UEDRS] [06:35:26] Memory Usage: RSS = 19814.74 MB, VMS = 27281.54 MB
[UEDRS] [06:35:26] Dataset: AMAZON
[UEDRS] [06:35:26] Loading
[UEDRS] [06:35:32] Loading done
[UEDRS] [06:35:32] Memory Usage: RSS = 24361.88 MB, VMS = 31592.54 MB
[UEDRS] [00:00:06] Elapsed
[UEDRS] [07:04:14] Sampling done, obtained size: 1000000
[UEDRS] [07:04:14] Memory Usage: RSS = 24359.59 MB, VMS = 31594.45 MB
[UEDRS] [00:28:41] Elapsed
[UEDRS] [07:04:14] Checking [LENSKIT][BIASED_MF][AMAZON][1m]
[UEDRS] [07:04:14] Starting
2025-12-25 06:56:25 [warning  ] loaded pipeline does not match hash
[UEDRS] [08:57:25] Finished (1.3e-06)
[UEDRS] [08:57:25] Memory Usage: RSS = 19971.36 MB, VMS = 27366.45 MB
[UEDRS] [01:53:10] Elapsed

[UEDRS] [08:57:25] Memory Usage: RSS = 19971.36 MB, VMS = 27366.45 MB
[UEDRS] [08:57:25] Releasing dataframe from memory
[UEDRS] [08:57:25] Memory Usage: RSS = 19908.71 MB, VMS = 27303.45 MB
[UEDRS] [08:57:25] Desired size: 25000000
[UEDRS] [08:57:25] Dataset: MYANIMELIST
[UEDRS] [08:57:25] Loading
[UEDRS] [08:57:25] Loading done
[UEDRS] [08:57:25] Memory Usage: RSS = 19931.76 MB, VMS = 27303.45 MB
[UEDRS] [00:00:00] Elapsed
[UEDRS] [08:57:25] Sampling done, obtained size: 7813730
[UEDRS] [08:57:25] Memory Usage: RSS = 19931.76 MB, VMS = 27303.45 MB
[UEDRS] [00:00:00] Elapsed
[UEDRS] [08:57:25] Checking [LENSKIT][BIASED_MF][MYANIMELIST][8m]
[UEDRS] [08:57:25] Starting
2025-12-25 08:27:11 [warning  ] loaded pipeline does not match hash
[UEDRS] [09:02:50] Finished (0.033)
[UEDRS] [09:02:50] Memory Usage: RSS = 19943.27 MB, VMS = 27302.45 MB
[UEDRS] [00:05:25] Elapsed

[UEDRS] [09:02:50] Memory Usage: RSS = 19943.27 MB, VMS = 27302.45 MB
[UEDRS] [09:02:50] Releasing dataframe from memory
[UEDRS] [09:02:50] Memory Usage: RSS = 19934.91 MB, VMS = 27293.45 MB
[UEDRS] [09:02:50] Dataset: IPINYOU
[UEDRS] [09:02:50] Loading
[UEDRS] [09:02:51] Loading done
[UEDRS] [09:02:51] Memory Usage: RSS = 19943.45 MB, VMS = 27293.45 MB
[UEDRS] [00:00:00] Elapsed
[UEDRS] [09:02:51] Sampling done, obtained size: 22269879
[UEDRS] [09:02:51] Memory Usage: RSS = 19943.45 MB, VMS = 27293.45 MB
[UEDRS] [00:00:00] Elapsed
[UEDRS] [09:02:51] Checking [LENSKIT][BIASED_MF][IPINYOU][22m]
[UEDRS] [09:02:51] Starting
