[UEDRS] [00:00:04] starting
[UEDRS] [00:00:04] cpus: 16
[UEDRS] [00:00:04] env variables:
[UEDRS] [00:00:04] OMP_NUM_THREADS: 4
[UEDRS] [00:00:04] MKL_NUM_THREADS: 4
[UEDRS] [00:00:04] OPENBLAS_NUM_THREADS: 4
[UEDRS] [00:00:04] NUMBA_NUM_THREADS: 4


[UEDRS] [00:00:12] loaded
[UEDRS] [00:00:07] elapsed

[UEDRS] [00:00:12] starting with 1 gpus with 1 workers
[UEDRS] [00:16:51] finished
[UEDRS] [00:16:39] elapsed

[UEDRS] [00:16:51] starting with 1 gpus with 2 workers
[UEDRS] [00:32:59] finished
[UEDRS] [00:16:07] elapsed

[UEDRS] [00:32:59] starting with 1 gpus with 4 workers
[UEDRS] [00:49:03] finished
[UEDRS] [00:16:04] elapsed

[UEDRS] [00:49:03] starting with 1 gpus with 8 workers
[UEDRS] [01:05:31] finished
[UEDRS] [00:16:27] elapsed

