[UEDRS] [00:00:08] Mode: ABSOLUTE STRATIFIED_USER
[UEDRS] [00:00:08] Tag:  LENSKIT:ITEM_KNN
[UEDRS] [00:00:08] Tool: LENSKIT
[UEDRS] [00:00:08] Algorithm: ITEM_KNN
[UEDRS] [00:00:08] Datasets: MYANIMELIST, TMALL, MOVIELENS, MUSIC4ALL, NETFLIX, YAHOO, ALIBABA, GOODREADS, LASTFM
[UEDRS] [00:00:08] Sizes: [100000, 250000, 500000, 750000, 1000000, 25000000, 50000000, 75000000, 100000000]

[UEDRS] [00:00:08] Current dataset [MYANIMELIST]
[UEDRS] [00:00:08] Loading full dataset
[UEDRS] [00:00:09] Loading done
[UEDRS] [00:00:09] Memory Usage: RSS = 1020.60 MB, VMS = 6198.14 MB
[UEDRS] [00:00:00] Elapsed
[UEDRS] [00:00:09] Sampling for [100000]
[UEDRS] [00:00:11] Sampling done
[UEDRS] [00:00:11] Memory Usage: RSS = 1057.86 MB, VMS = 6232.64 MB
[UEDRS] [00:00:02] Elapsed
[UEDRS] [00:00:11] Checking [LENSKIT][ITEM_KNN][MYANIMELIST][0m]
[UEDRS] [00:00:11] Skipping (0.0)
[UEDRS] [00:00:11] Memory Usage: RSS = 1057.86 MB, VMS = 6232.64 MB
[UEDRS] [00:00:11] Releasing dataframe from memory
[UEDRS] [00:00:11] Memory Usage: RSS = 1056.86 MB, VMS = 6231.64 MB
[UEDRS] [00:00:11] Loading full dataset
[UEDRS] [00:00:11] Loading done
[UEDRS] [00:00:11] Memory Usage: RSS = 1210.16 MB, VMS = 7255.64 MB
[UEDRS] [00:00:00] Elapsed
[UEDRS] [00:00:11] Sampling for [250000]
[UEDRS] [00:00:13] Sampling done
[UEDRS] [00:00:13] Memory Usage: RSS = 1219.38 MB, VMS = 7265.28 MB
[UEDRS] [00:00:02] Elapsed
[UEDRS] [00:00:13] Checking [LENSKIT][ITEM_KNN][MYANIMELIST][0m]
[UEDRS] [00:00:13] Skipping (3e-05)
[UEDRS] [00:00:13] Memory Usage: RSS = 1219.38 MB, VMS = 7265.28 MB
[UEDRS] [00:00:13] Releasing dataframe from memory
[UEDRS] [00:00:13] Memory Usage: RSS = 1218.38 MB, VMS = 7264.28 MB
[UEDRS] [00:00:13] Loading full dataset
[UEDRS] [00:00:13] Loading done
[UEDRS] [00:00:13] Memory Usage: RSS = 1225.32 MB, VMS = 8288.28 MB
[UEDRS] [00:00:00] Elapsed
[UEDRS] [00:00:13] Sampling for [500000]
[UEDRS] [00:00:16] Sampling done
[UEDRS] [00:00:16] Memory Usage: RSS = 1229.75 MB, VMS = 8291.49 MB
[UEDRS] [00:00:02] Elapsed
[UEDRS] [00:00:16] Checking [LENSKIT][ITEM_KNN][MYANIMELIST][0m]
[UEDRS] [00:00:16] Skipping (0.00094)
[UEDRS] [00:00:16] Memory Usage: RSS = 1229.75 MB, VMS = 8291.49 MB
[UEDRS] [00:00:16] Releasing dataframe from memory
[UEDRS] [00:00:16] Memory Usage: RSS = 1194.66 MB, VMS = 8256.28 MB
[UEDRS] [00:00:16] Loading full dataset
[UEDRS] [00:00:16] Loading done
[UEDRS] [00:00:16] Memory Usage: RSS = 1194.70 MB, VMS = 9280.28 MB
[UEDRS] [00:00:00] Elapsed
[UEDRS] [00:00:16] Sampling for [750000]
[UEDRS] [00:00:18] Sampling done
[UEDRS] [00:00:18] Memory Usage: RSS = 1244.22 MB, VMS = 9330.42 MB
[UEDRS] [00:00:02] Elapsed
[UEDRS] [00:00:18] Checking [LENSKIT][ITEM_KNN][MYANIMELIST][1m]
[UEDRS] [00:00:18] Skipping (0.00176)
[UEDRS] [00:00:18] Memory Usage: RSS = 1244.22 MB, VMS = 9330.42 MB
[UEDRS] [00:00:18] Releasing dataframe from memory
[UEDRS] [00:00:18] Memory Usage: RSS = 1226.08 MB, VMS = 9312.28 MB
[UEDRS] [00:00:18] Loading full dataset
[UEDRS] [00:00:18] Loading done
[UEDRS] [00:00:18] Memory Usage: RSS = 1228.83 MB, VMS = 10336.28 MB
[UEDRS] [00:00:00] Elapsed
[UEDRS] [00:00:18] Sampling for [1000000]
[UEDRS] [00:00:20] Sampling done
[UEDRS] [00:00:20] Memory Usage: RSS = 1250.84 MB, VMS = 10357.78 MB
[UEDRS] [00:00:02] Elapsed
[UEDRS] [00:00:20] Checking [LENSKIT][ITEM_KNN][MYANIMELIST][1m]
[UEDRS] [00:00:20] Skipping (0.00242)
[UEDRS] [00:00:20] Memory Usage: RSS = 1250.84 MB, VMS = 10357.78 MB
[UEDRS] [00:00:20] Releasing dataframe from memory
[UEDRS] [00:00:21] Memory Usage: RSS = 1201.08 MB, VMS = 10307.90 MB
[UEDRS] [00:00:21] Loading full dataset
[UEDRS] [00:00:21] Loading done
[UEDRS] [00:00:21] Memory Usage: RSS = 1193.58 MB, VMS = 11331.90 MB
[UEDRS] [00:00:00] Elapsed
[UEDRS] [00:00:21] Sampling for [25000000]
[UEDRS] [00:00:23] Sampling done
[UEDRS] [00:00:23] Memory Usage: RSS = 1450.29 MB, VMS = 11588.77 MB
[UEDRS] [00:00:02] Elapsed
[UEDRS] [00:00:23] Checking [LENSKIT][ITEM_KNN][MYANIMELIST][8m]
[UEDRS] [00:00:23] Skipping (0.02008)
[UEDRS] [00:00:23] Memory Usage: RSS = 1450.29 MB, VMS = 11588.77 MB
[UEDRS] [00:00:23] Releasing dataframe from memory
[UEDRS] [00:00:23] Memory Usage: RSS = 1270.44 MB, VMS = 11408.93 MB
[UEDRS] [00:00:23] Loading full dataset
[UEDRS] [00:00:23] Loading done
[UEDRS] [00:00:23] Memory Usage: RSS = 1269.32 MB, VMS = 12432.93 MB
[UEDRS] [00:00:00] Elapsed
[UEDRS] [00:00:23] Sampling for [50000000]
[UEDRS] [00:00:26] Sampling done
[UEDRS] [00:00:26] Memory Usage: RSS = 1458.02 MB, VMS = 12622.41 MB
[UEDRS] [00:00:02] Elapsed
[UEDRS] [00:00:26] Checking [LENSKIT][ITEM_KNN][MYANIMELIST][8m]
[UEDRS] [00:00:26] Skipping (0.02008)
[UEDRS] [00:00:26] Memory Usage: RSS = 1458.02 MB, VMS = 12622.41 MB
[UEDRS] [00:00:26] Releasing dataframe from memory
[UEDRS] [00:00:26] Memory Usage: RSS = 1278.17 MB, VMS = 12442.56 MB
[UEDRS] [00:00:26] Loading full dataset
[UEDRS] [00:00:26] Loading done
[UEDRS] [00:00:26] Memory Usage: RSS = 1265.66 MB, VMS = 14306.56 MB
[UEDRS] [00:00:00] Elapsed
[UEDRS] [00:00:26] Sampling for [75000000]
[UEDRS] [00:00:28] Sampling done
[UEDRS] [00:00:28] Memory Usage: RSS = 1445.52 MB, VMS = 14486.41 MB
[UEDRS] [00:00:02] Elapsed
[UEDRS] [00:00:28] Checking [LENSKIT][ITEM_KNN][MYANIMELIST][8m]
[UEDRS] [00:00:28] Skipping (0.02008)
[UEDRS] [00:00:28] Memory Usage: RSS = 1445.52 MB, VMS = 14486.41 MB
[UEDRS] [00:00:28] Releasing dataframe from memory
[UEDRS] [00:00:28] Memory Usage: RSS = 1265.67 MB, VMS = 14306.56 MB
[UEDRS] [00:00:28] Loading full dataset
[UEDRS] [00:00:28] Loading done
[UEDRS] [00:00:28] Memory Usage: RSS = 1189.62 MB, VMS = 14306.56 MB
[UEDRS] [00:00:00] Elapsed
[UEDRS] [00:00:28] Sampling for [100000000]
[UEDRS] [00:00:31] Sampling done
[UEDRS] [00:00:31] Memory Usage: RSS = 1370.29 MB, VMS = 14486.41 MB
[UEDRS] [00:00:02] Elapsed
[UEDRS] [00:00:31] Checking [LENSKIT][ITEM_KNN][MYANIMELIST][8m]
[UEDRS] [00:00:31] Skipping (0.02008)
[UEDRS] [00:00:31] Memory Usage: RSS = 1370.29 MB, VMS = 14486.41 MB
[UEDRS] [00:00:31] Releasing dataframe from memory
[UEDRS] [00:00:31] Memory Usage: RSS = 1190.45 MB, VMS = 14306.56 MB
[UEDRS] [00:00:31] Current dataset [TMALL]
[UEDRS] [00:00:31] Loading full dataset
[UEDRS] [00:00:32] Loading done
[UEDRS] [00:00:32] Memory Usage: RSS = 1978.39 MB, VMS = 14306.56 MB
[UEDRS] [00:00:01] Elapsed
[UEDRS] [00:00:32] Sampling for [100000]
[UEDRS] [00:00:50] Sampling done
[UEDRS] [00:00:50] Memory Usage: RSS = 1996.73 MB, VMS = 14324.91 MB
[UEDRS] [00:00:17] Elapsed
[UEDRS] [00:00:50] Checking [LENSKIT][ITEM_KNN][TMALL][0m]
[UEDRS] [00:00:50] Starting
2025-11-30 20:25:25 [warning  ] loaded pipeline does not match hash
[UEDRS] [00:02:37] Finished (0.0)
[UEDRS] [00:02:37] Memory Usage: RSS = 2080.70 MB, VMS = 15598.01 MB
[UEDRS] [00:01:46] Elapsed

[UEDRS] [00:02:37] Memory Usage: RSS = 2080.70 MB, VMS = 15598.01 MB
[UEDRS] [00:02:37] Releasing dataframe from memory
[UEDRS] [00:02:37] Memory Usage: RSS = 2077.73 MB, VMS = 15595.01 MB
[UEDRS] [00:02:37] Loading full dataset
[UEDRS] [00:02:38] Loading done
[UEDRS] [00:02:38] Memory Usage: RSS = 2188.34 MB, VMS = 15658.01 MB
[UEDRS] [00:00:00] Elapsed
[UEDRS] [00:02:38] Sampling for [250000]
[UEDRS] [00:02:56] Sampling done
[UEDRS] [00:02:56] Memory Usage: RSS = 2188.85 MB, VMS = 15658.01 MB
[UEDRS] [00:00:18] Elapsed
[UEDRS] [00:02:56] Checking [LENSKIT][ITEM_KNN][TMALL][0m]
[UEDRS] [00:02:56] Starting
2025-11-30 20:28:20 [warning  ] loaded pipeline does not match hash
[UEDRS] [00:07:45] Finished (0.0)
[UEDRS] [00:07:45] Memory Usage: RSS = 2189.80 MB, VMS = 15758.45 MB
[UEDRS] [00:04:48] Elapsed

[UEDRS] [00:07:45] Memory Usage: RSS = 2189.80 MB, VMS = 15758.45 MB
[UEDRS] [00:07:45] Releasing dataframe from memory
[UEDRS] [00:07:45] Memory Usage: RSS = 2173.88 MB, VMS = 15742.45 MB
[UEDRS] [00:07:45] Loading full dataset
[UEDRS] [00:07:45] Loading done
[UEDRS] [00:07:45] Memory Usage: RSS = 2288.13 MB, VMS = 15742.45 MB
[UEDRS] [00:00:00] Elapsed
[UEDRS] [00:07:45] Sampling for [500000]
[UEDRS] [00:08:04] Sampling done
[UEDRS] [00:08:04] Memory Usage: RSS = 2230.59 MB, VMS = 15683.96 MB
[UEDRS] [00:00:18] Elapsed
[UEDRS] [00:08:04] Checking [LENSKIT][ITEM_KNN][TMALL][0m]
[UEDRS] [00:08:04] Starting
2025-11-30 20:34:40 [warning  ] loaded pipeline does not match hash
[UEDRS] [00:22:05] Finished (0.0)
[UEDRS] [00:22:05] Memory Usage: RSS = 2418.83 MB, VMS = 15914.71 MB
[UEDRS] [00:14:01] Elapsed

[UEDRS] [00:22:05] Memory Usage: RSS = 2418.83 MB, VMS = 15914.71 MB
[UEDRS] [00:22:05] Releasing dataframe from memory
[UEDRS] [00:22:06] Memory Usage: RSS = 2402.89 MB, VMS = 15898.71 MB
[UEDRS] [00:22:06] Loading full dataset
[UEDRS] [00:22:06] Loading done
[UEDRS] [00:22:06] Memory Usage: RSS = 2473.87 MB, VMS = 15898.71 MB
[UEDRS] [00:00:00] Elapsed
[UEDRS] [00:22:06] Sampling for [750000]
[UEDRS] [00:22:25] Sampling done
[UEDRS] [00:22:25] Memory Usage: RSS = 2371.40 MB, VMS = 15795.99 MB
[UEDRS] [00:00:18] Elapsed
[UEDRS] [00:22:25] Checking [LENSKIT][ITEM_KNN][TMALL][1m]
[UEDRS] [00:22:25] Starting
2025-11-30 20:50:02 [warning  ] loaded pipeline does not match hash
[UEDRS] [00:44:21] Finished (0.0)
[UEDRS] [00:44:21] Memory Usage: RSS = 2584.46 MB, VMS = 16004.86 MB
[UEDRS] [00:21:56] Elapsed

[UEDRS] [00:44:21] Memory Usage: RSS = 2584.46 MB, VMS = 16004.86 MB
[UEDRS] [00:44:21] Releasing dataframe from memory
[UEDRS] [00:44:21] Memory Usage: RSS = 2556.46 MB, VMS = 15976.86 MB
[UEDRS] [00:44:21] Loading full dataset
[UEDRS] [00:44:22] Loading done
[UEDRS] [00:44:22] Memory Usage: RSS = 2602.61 MB, VMS = 15975.86 MB
[UEDRS] [00:00:00] Elapsed
[UEDRS] [00:44:22] Sampling for [1000000]
[UEDRS] [00:44:40] Sampling done
[UEDRS] [00:44:40] Memory Usage: RSS = 2609.61 MB, VMS = 15982.88 MB
[UEDRS] [00:00:18] Elapsed
[UEDRS] [00:44:40] Checking [LENSKIT][ITEM_KNN][TMALL][1m]
[UEDRS] [00:44:40] Starting
2025-11-30 21:13:02 [warning  ] loaded pipeline does not match hash
[UEDRS] [01:13:06] Finished (0.0)
[UEDRS] [01:13:06] Memory Usage: RSS = 2542.07 MB, VMS = 16022.88 MB
[UEDRS] [00:28:26] Elapsed

[UEDRS] [01:13:06] Memory Usage: RSS = 2542.07 MB, VMS = 16022.88 MB
[UEDRS] [01:13:06] Releasing dataframe from memory
[UEDRS] [01:13:07] Memory Usage: RSS = 2413.70 MB, VMS = 15894.09 MB
[UEDRS] [01:13:07] Loading full dataset
[UEDRS] [01:13:07] Loading done
[UEDRS] [01:13:07] Memory Usage: RSS = 2532.59 MB, VMS = 15894.09 MB
[UEDRS] [00:00:00] Elapsed
[UEDRS] [01:13:07] Sampling for [25000000]
[UEDRS] [01:13:27] Sampling done
[UEDRS] [01:13:27] Memory Usage: RSS = 3113.32 MB, VMS = 16474.96 MB
[UEDRS] [00:00:19] Elapsed
[UEDRS] [01:13:27] Checking [LENSKIT][ITEM_KNN][TMALL][24m]
[UEDRS] [01:13:27] Starting
2025-11-30 21:50:48 [warning  ] loaded pipeline does not match hash
[UEDRS] [11:02:49] Finished (0.00138)
[UEDRS] [11:02:49] Memory Usage: RSS = 7104.54 MB, VMS = 20284.21 MB
[UEDRS] [09:49:22] Elapsed

[UEDRS] [11:02:49] Memory Usage: RSS = 7104.54 MB, VMS = 20284.21 MB
[UEDRS] [11:02:49] Releasing dataframe from memory
[UEDRS] [11:02:49] Memory Usage: RSS = 6511.89 MB, VMS = 19691.57 MB
[UEDRS] [11:02:49] Loading full dataset
[UEDRS] [11:02:50] Loading done
[UEDRS] [11:02:50] Memory Usage: RSS = 6521.11 MB, VMS = 19691.57 MB
[UEDRS] [00:00:00] Elapsed
[UEDRS] [11:02:50] Sampling for [50000000]
[UEDRS] [11:03:10] Sampling done
[UEDRS] [11:03:10] Memory Usage: RSS = 7078.96 MB, VMS = 20249.21 MB
[UEDRS] [00:00:19] Elapsed
[UEDRS] [11:03:10] Checking [LENSKIT][ITEM_KNN][TMALL][24m]
[UEDRS] [11:03:10] Skipping (0.00138)
[UEDRS] [11:03:10] Memory Usage: RSS = 7078.96 MB, VMS = 20249.21 MB
[UEDRS] [11:03:10] Releasing dataframe from memory
[UEDRS] [11:03:10] Memory Usage: RSS = 6521.32 MB, VMS = 19691.57 MB
[UEDRS] [11:03:10] Loading full dataset
[UEDRS] [11:03:11] Loading done
[UEDRS] [11:03:11] Memory Usage: RSS = 6569.21 MB, VMS = 19691.57 MB
[UEDRS] [00:00:00] Elapsed
[UEDRS] [11:03:11] Sampling for [75000000]
[UEDRS] [11:03:31] Sampling done
[UEDRS] [11:03:31] Memory Usage: RSS = 7126.86 MB, VMS = 20249.21 MB
[UEDRS] [00:00:20] Elapsed
[UEDRS] [11:03:31] Checking [LENSKIT][ITEM_KNN][TMALL][24m]
[UEDRS] [11:03:31] Skipping (0.00138)
[UEDRS] [11:03:31] Memory Usage: RSS = 7126.86 MB, VMS = 20249.21 MB
[UEDRS] [11:03:31] Releasing dataframe from memory
[UEDRS] [11:03:31] Memory Usage: RSS = 6569.21 MB, VMS = 19691.57 MB
[UEDRS] [11:03:31] Loading full dataset
[UEDRS] [11:03:32] Loading done
[UEDRS] [11:03:32] Memory Usage: RSS = 6588.02 MB, VMS = 19691.57 MB
[UEDRS] [00:00:00] Elapsed
[UEDRS] [11:03:32] Sampling for [100000000]
[UEDRS] [11:03:51] Sampling done
[UEDRS] [11:03:51] Memory Usage: RSS = 7145.66 MB, VMS = 20249.21 MB
[UEDRS] [00:00:19] Elapsed
[UEDRS] [11:03:51] Checking [LENSKIT][ITEM_KNN][TMALL][24m]
[UEDRS] [11:03:51] Skipping (0.00138)
[UEDRS] [11:03:51] Memory Usage: RSS = 7145.66 MB, VMS = 20249.21 MB
[UEDRS] [11:03:51] Releasing dataframe from memory
[UEDRS] [11:03:52] Memory Usage: RSS = 6588.02 MB, VMS = 19691.57 MB
[UEDRS] [11:03:52] Current dataset [MOVIELENS]
[UEDRS] [11:03:52] Loading full dataset
[UEDRS] [11:03:53] Loading done
[UEDRS] [11:03:53] Memory Usage: RSS = 6689.60 MB, VMS = 19691.57 MB
[UEDRS] [00:00:01] Elapsed
[UEDRS] [11:03:53] Sampling for [100000]
[UEDRS] [11:04:00] Sampling done
[UEDRS] [11:04:00] Memory Usage: RSS = 6689.63 MB, VMS = 19691.57 MB
[UEDRS] [00:00:07] Elapsed
[UEDRS] [11:04:00] Checking [LENSKIT][ITEM_KNN][MOVIELENS][0m]
[UEDRS] [11:04:00] Starting
2025-12-01 07:28:39 [warning  ] loaded pipeline does not match hash
[UEDRS] [11:05:37] Finished (0.0)
[UEDRS] [11:05:37] Memory Usage: RSS = 6500.20 MB, VMS = 19621.57 MB
[UEDRS] [00:01:37] Elapsed

[UEDRS] [11:05:37] Memory Usage: RSS = 6500.20 MB, VMS = 19621.57 MB
[UEDRS] [11:05:37] Releasing dataframe from memory
[UEDRS] [11:05:37] Memory Usage: RSS = 6496.23 MB, VMS = 19617.57 MB
[UEDRS] [11:05:37] Loading full dataset
[UEDRS] [11:05:38] Loading done
[UEDRS] [11:05:38] Memory Usage: RSS = 6609.27 MB, VMS = 19617.57 MB
[UEDRS] [00:00:00] Elapsed
[UEDRS] [11:05:38] Sampling for [250000]
[UEDRS] [11:05:45] Sampling done
[UEDRS] [11:05:45] Memory Usage: RSS = 6609.27 MB, VMS = 19617.57 MB
[UEDRS] [00:00:07] Elapsed
[UEDRS] [11:05:45] Checking [LENSKIT][ITEM_KNN][MOVIELENS][0m]
[UEDRS] [11:05:45] Starting
2025-12-01 07:30:56 [warning  ] loaded pipeline does not match hash
[UEDRS] [11:08:30] Finished (0.0)
[UEDRS] [11:08:30] Memory Usage: RSS = 6553.27 MB, VMS = 19661.57 MB
[UEDRS] [00:02:45] Elapsed

[UEDRS] [11:08:30] Memory Usage: RSS = 6553.27 MB, VMS = 19661.57 MB
[UEDRS] [11:08:30] Releasing dataframe from memory
[UEDRS] [11:08:30] Memory Usage: RSS = 6539.39 MB, VMS = 19647.57 MB
[UEDRS] [11:08:30] Loading full dataset
[UEDRS] [11:08:30] Loading done
[UEDRS] [11:08:30] Memory Usage: RSS = 6628.33 MB, VMS = 19646.57 MB
[UEDRS] [00:00:00] Elapsed
[UEDRS] [11:08:30] Sampling for [500000]
[UEDRS] [11:08:37] Sampling done
[UEDRS] [11:08:37] Memory Usage: RSS = 6628.33 MB, VMS = 19646.57 MB
[UEDRS] [00:00:07] Elapsed
[UEDRS] [11:08:37] Checking [LENSKIT][ITEM_KNN][MOVIELENS][0m]
[UEDRS] [11:08:37] Starting
2025-12-01 07:34:27 [warning  ] loaded pipeline does not match hash
[UEDRS] [11:14:09] Finished (0.0)
[UEDRS] [11:14:09] Memory Usage: RSS = 4755.77 MB, VMS = 19684.57 MB
[UEDRS] [00:05:31] Elapsed

[UEDRS] [11:14:09] Memory Usage: RSS = 4755.77 MB, VMS = 19684.57 MB
[UEDRS] [11:14:09] Releasing dataframe from memory
[UEDRS] [11:14:09] Memory Usage: RSS = 4728.80 MB, VMS = 19657.57 MB
[UEDRS] [11:14:09] Loading full dataset
[UEDRS] [11:14:10] Loading done
[UEDRS] [11:14:10] Memory Usage: RSS = 4784.33 MB, VMS = 19657.57 MB
[UEDRS] [00:00:00] Elapsed
[UEDRS] [11:14:10] Sampling for [750000]
[UEDRS] [11:14:17] Sampling done
[UEDRS] [11:14:17] Memory Usage: RSS = 4784.33 MB, VMS = 19657.57 MB
[UEDRS] [00:00:07] Elapsed
[UEDRS] [11:14:17] Checking [LENSKIT][ITEM_KNN][MOVIELENS][1m]
[UEDRS] [11:14:17] Starting
2025-12-01 07:40:33 [warning  ] loaded pipeline does not match hash
[UEDRS] [11:18:44] Finished (2e-05)
[UEDRS] [11:18:44] Memory Usage: RSS = 4800.77 MB, VMS = 19696.57 MB
[UEDRS] [00:04:26] Elapsed

[UEDRS] [11:18:44] Memory Usage: RSS = 4800.77 MB, VMS = 19696.57 MB
[UEDRS] [11:18:44] Releasing dataframe from memory
[UEDRS] [11:18:44] Memory Usage: RSS = 4779.85 MB, VMS = 19675.57 MB
[UEDRS] [11:18:44] Loading full dataset
[UEDRS] [11:18:44] Loading done
[UEDRS] [11:18:44] Memory Usage: RSS = 4789.25 MB, VMS = 19675.57 MB
[UEDRS] [00:00:00] Elapsed
[UEDRS] [11:18:44] Sampling for [1000000]
[UEDRS] [11:18:51] Sampling done
[UEDRS] [11:18:51] Memory Usage: RSS = 4789.25 MB, VMS = 19675.57 MB
[UEDRS] [00:00:07] Elapsed
[UEDRS] [11:18:51] Checking [LENSKIT][ITEM_KNN][MOVIELENS][1m]
[UEDRS] [11:18:51] Skipping (0.0001)
[UEDRS] [11:18:51] Memory Usage: RSS = 4789.25 MB, VMS = 19675.57 MB
[UEDRS] [11:18:51] Releasing dataframe from memory
[UEDRS] [11:18:52] Memory Usage: RSS = 4788.27 MB, VMS = 19674.57 MB
[UEDRS] [11:18:52] Loading full dataset
[UEDRS] [11:18:52] Loading done
[UEDRS] [11:18:52] Memory Usage: RSS = 4792.81 MB, VMS = 19674.57 MB
[UEDRS] [00:00:00] Elapsed
[UEDRS] [11:18:52] Sampling for [25000000]
[UEDRS] [11:19:00] Sampling done
[UEDRS] [11:19:00] Memory Usage: RSS = 5173.26 MB, VMS = 20055.02 MB
[UEDRS] [00:00:07] Elapsed
[UEDRS] [11:19:00] Checking [LENSKIT][ITEM_KNN][MOVIELENS][25m]
[UEDRS] [11:19:00] Skipping (0.003)
[UEDRS] [11:19:00] Memory Usage: RSS = 5173.26 MB, VMS = 20055.02 MB
[UEDRS] [11:19:00] Releasing dataframe from memory
[UEDRS] [11:19:00] Memory Usage: RSS = 4791.81 MB, VMS = 19673.57 MB
[UEDRS] [11:19:00] Loading full dataset
[UEDRS] [11:19:00] Loading done
[UEDRS] [11:19:00] Memory Usage: RSS = 4837.46 MB, VMS = 19673.57 MB
[UEDRS] [00:00:00] Elapsed
[UEDRS] [11:19:00] Sampling for [50000000]
[UEDRS] [11:19:08] Sampling done
[UEDRS] [11:19:08] Memory Usage: RSS = 5325.75 MB, VMS = 20161.86 MB
[UEDRS] [00:00:07] Elapsed
[UEDRS] [11:19:08] Checking [LENSKIT][ITEM_KNN][MOVIELENS][32m]
[UEDRS] [11:19:08] Skipping (0.00302)
[UEDRS] [11:19:08] Memory Usage: RSS = 5325.75 MB, VMS = 20161.86 MB
[UEDRS] [11:19:08] Releasing dataframe from memory
[UEDRS] [11:19:08] Memory Usage: RSS = 4837.46 MB, VMS = 19673.57 MB
[UEDRS] [11:19:08] Loading full dataset
[UEDRS] [11:19:08] Loading done
[UEDRS] [11:19:08] Memory Usage: RSS = 4835.88 MB, VMS = 19673.57 MB
[UEDRS] [00:00:00] Elapsed
[UEDRS] [11:19:08] Sampling for [75000000]
[UEDRS] [11:19:16] Sampling done
[UEDRS] [11:19:16] Memory Usage: RSS = 5324.17 MB, VMS = 20161.86 MB
[UEDRS] [00:00:07] Elapsed
[UEDRS] [11:19:16] Checking [LENSKIT][ITEM_KNN][MOVIELENS][32m]
[UEDRS] [11:19:16] Skipping (0.00302)
[UEDRS] [11:19:16] Memory Usage: RSS = 5324.17 MB, VMS = 20161.86 MB
[UEDRS] [11:19:16] Releasing dataframe from memory
[UEDRS] [11:19:16] Memory Usage: RSS = 4835.88 MB, VMS = 19673.57 MB
[UEDRS] [11:19:16] Loading full dataset
[UEDRS] [11:19:17] Loading done
[UEDRS] [11:19:17] Memory Usage: RSS = 4893.07 MB, VMS = 19673.57 MB
[UEDRS] [00:00:00] Elapsed
[UEDRS] [11:19:17] Sampling for [100000000]
[UEDRS] [11:19:24] Sampling done
[UEDRS] [11:19:24] Memory Usage: RSS = 5381.36 MB, VMS = 20161.86 MB
[UEDRS] [00:00:07] Elapsed
[UEDRS] [11:19:24] Checking [LENSKIT][ITEM_KNN][MOVIELENS][32m]
[UEDRS] [11:19:24] Skipping (0.00302)
[UEDRS] [11:19:24] Memory Usage: RSS = 5381.36 MB, VMS = 20161.86 MB
[UEDRS] [11:19:24] Releasing dataframe from memory
[UEDRS] [11:19:25] Memory Usage: RSS = 4893.07 MB, VMS = 19673.57 MB
[UEDRS] [11:19:25] Current dataset [MUSIC4ALL]
[UEDRS] [11:19:25] Loading full dataset
[UEDRS] [11:19:30] Loading done
[UEDRS] [11:19:30] Memory Usage: RSS = 6620.02 MB, VMS = 20055.16 MB
[UEDRS] [00:00:05] Elapsed
[UEDRS] [11:19:30] Sampling for [100000]
[UEDRS] [11:19:36] Sampling done
[UEDRS] [11:19:36] Memory Usage: RSS = 6238.48 MB, VMS = 19673.57 MB
[UEDRS] [00:00:06] Elapsed
[UEDRS] [11:19:36] Checking [LENSKIT][ITEM_KNN][MUSIC4ALL][0m]
[UEDRS] [11:19:36] Starting
2025-12-01 07:44:14 [warning  ] loaded pipeline does not match hash
[UEDRS] [11:23:56] Finished (0.0)
[UEDRS] [11:23:56] Memory Usage: RSS = 5719.59 MB, VMS = 19662.57 MB
[UEDRS] [00:04:19] Elapsed

[UEDRS] [11:23:56] Memory Usage: RSS = 5719.59 MB, VMS = 19662.57 MB
[UEDRS] [11:23:56] Releasing dataframe from memory
[UEDRS] [11:23:56] Memory Usage: RSS = 5710.32 MB, VMS = 19652.57 MB
[UEDRS] [11:23:56] Loading full dataset
[UEDRS] [11:23:59] Loading done
[UEDRS] [11:23:59] Memory Usage: RSS = 6629.87 MB, VMS = 20034.16 MB
[UEDRS] [00:00:03] Elapsed
[UEDRS] [11:23:59] Sampling for [250000]
[UEDRS] [11:24:06] Sampling done
[UEDRS] [11:24:06] Memory Usage: RSS = 6248.27 MB, VMS = 19652.57 MB
[UEDRS] [00:00:06] Elapsed
[UEDRS] [11:24:06] Checking [LENSKIT][ITEM_KNN][MUSIC4ALL][0m]
[UEDRS] [11:24:06] Starting
2025-12-01 07:48:56 [warning  ] loaded pipeline does not match hash
[UEDRS] [11:29:06] Finished (0.0)
[UEDRS] [11:29:06] Memory Usage: RSS = 5691.88 MB, VMS = 19684.57 MB
[UEDRS] [00:05:00] Elapsed

[UEDRS] [11:29:06] Memory Usage: RSS = 5691.88 MB, VMS = 19684.57 MB
[UEDRS] [11:29:06] Releasing dataframe from memory
[UEDRS] [11:29:06] Memory Usage: RSS = 5679.29 MB, VMS = 19671.57 MB
[UEDRS] [11:29:06] Loading full dataset
[UEDRS] [11:29:10] Loading done
[UEDRS] [11:29:10] Memory Usage: RSS = 6638.39 MB, VMS = 20051.16 MB
[UEDRS] [00:00:03] Elapsed
[UEDRS] [11:29:10] Sampling for [500000]
[UEDRS] [11:29:17] Sampling done
[UEDRS] [11:29:17] Memory Usage: RSS = 6256.80 MB, VMS = 19669.57 MB
[UEDRS] [00:00:06] Elapsed
[UEDRS] [11:29:17] Checking [LENSKIT][ITEM_KNN][MUSIC4ALL][0m]
[UEDRS] [11:29:17] Starting
2025-12-01 07:54:17 [warning  ] loaded pipeline does not match hash
[UEDRS] [11:34:37] Finished (0.0)
[UEDRS] [11:34:37] Memory Usage: RSS = 5716.78 MB, VMS = 19692.57 MB
[UEDRS] [00:05:20] Elapsed

[UEDRS] [11:34:37] Memory Usage: RSS = 5716.78 MB, VMS = 19692.57 MB
[UEDRS] [11:34:37] Releasing dataframe from memory
[UEDRS] [11:34:37] Memory Usage: RSS = 5696.46 MB, VMS = 19671.57 MB
[UEDRS] [11:34:37] Loading full dataset
[UEDRS] [11:34:41] Loading done
[UEDRS] [11:34:41] Memory Usage: RSS = 6922.75 MB, VMS = 20053.16 MB
[UEDRS] [00:00:03] Elapsed
[UEDRS] [11:34:41] Sampling for [750000]
[UEDRS] [11:34:48] Sampling done
[UEDRS] [11:34:48] Memory Usage: RSS = 6541.15 MB, VMS = 19671.57 MB
[UEDRS] [00:00:06] Elapsed
[UEDRS] [11:34:48] Checking [LENSKIT][ITEM_KNN][MUSIC4ALL][1m]
[UEDRS] [11:34:48] Starting
2025-12-01 07:59:53 [warning  ] loaded pipeline does not match hash
[UEDRS] [11:40:23] Finished (0.0)
[UEDRS] [11:40:23] Memory Usage: RSS = 6056.18 MB, VMS = 19689.57 MB
[UEDRS] [00:05:35] Elapsed

[UEDRS] [11:40:23] Memory Usage: RSS = 6056.18 MB, VMS = 19689.57 MB
[UEDRS] [11:40:23] Releasing dataframe from memory
[UEDRS] [11:40:23] Memory Usage: RSS = 6039.43 MB, VMS = 19672.57 MB
[UEDRS] [11:40:23] Loading full dataset
[UEDRS] [11:40:27] Loading done
[UEDRS] [11:40:27] Memory Usage: RSS = 6758.18 MB, VMS = 20052.16 MB
[UEDRS] [00:00:03] Elapsed
[UEDRS] [11:40:27] Sampling for [1000000]
[UEDRS] [11:40:34] Sampling done
[UEDRS] [11:40:34] Memory Usage: RSS = 6375.59 MB, VMS = 19669.57 MB
[UEDRS] [00:00:06] Elapsed
[UEDRS] [11:40:34] Checking [LENSKIT][ITEM_KNN][MUSIC4ALL][1m]
[UEDRS] [11:40:34] Skipping (0.0)
[UEDRS] [11:40:34] Memory Usage: RSS = 6375.59 MB, VMS = 19669.57 MB
[UEDRS] [11:40:34] Releasing dataframe from memory
[UEDRS] [11:40:34] Memory Usage: RSS = 6374.60 MB, VMS = 19668.57 MB
[UEDRS] [11:40:34] Loading full dataset
[UEDRS] [11:40:38] Loading done
[UEDRS] [11:40:38] Memory Usage: RSS = 6811.39 MB, VMS = 20050.16 MB
[UEDRS] [00:00:03] Elapsed
[UEDRS] [11:40:38] Sampling for [25000000]
[UEDRS] [11:40:46] Sampling done
[UEDRS] [11:40:46] Memory Usage: RSS = 7001.50 MB, VMS = 20240.27 MB
[UEDRS] [00:00:07] Elapsed
[UEDRS] [11:40:46] Checking [LENSKIT][ITEM_KNN][MUSIC4ALL][25m]
[UEDRS] [11:40:46] Skipping (0.00027)
[UEDRS] [11:40:46] Memory Usage: RSS = 7001.50 MB, VMS = 20240.27 MB
[UEDRS] [11:40:46] Releasing dataframe from memory
[UEDRS] [11:40:46] Memory Usage: RSS = 6428.80 MB, VMS = 19667.57 MB
[UEDRS] [11:40:46] Loading full dataset
[UEDRS] [11:40:49] Loading done
[UEDRS] [11:40:49] Memory Usage: RSS = 7012.63 MB, VMS = 20049.16 MB
[UEDRS] [00:00:03] Elapsed
[UEDRS] [11:40:49] Sampling for [50000000]
[UEDRS] [11:41:06] Sampling done
[UEDRS] [11:41:06] Memory Usage: RSS = 7775.45 MB, VMS = 20811.98 MB
[UEDRS] [00:00:16] Elapsed
[UEDRS] [11:41:06] Checking [LENSKIT][ITEM_KNN][MUSIC4ALL][50m]
[UEDRS] [11:41:06] Skipping (0.00115)
[UEDRS] [11:41:06] Memory Usage: RSS = 7775.45 MB, VMS = 20811.98 MB
[UEDRS] [11:41:06] Releasing dataframe from memory
[UEDRS] [11:41:06] Memory Usage: RSS = 6631.04 MB, VMS = 19667.57 MB
[UEDRS] [11:41:06] Loading full dataset
[UEDRS] [11:41:10] Loading done
[UEDRS] [11:41:10] Memory Usage: RSS = 7010.16 MB, VMS = 20049.16 MB
[UEDRS] [00:00:03] Elapsed
[UEDRS] [11:41:10] Sampling for [75000000]
[UEDRS] [11:41:18] Sampling done
[UEDRS] [11:41:18] Memory Usage: RSS = 7773.35 MB, VMS = 20812.35 MB
[UEDRS] [00:00:08] Elapsed
[UEDRS] [11:41:18] Checking [LENSKIT][ITEM_KNN][MUSIC4ALL][50m]
[UEDRS] [11:41:18] Skipping (0.00124)
[UEDRS] [11:41:18] Memory Usage: RSS = 7773.35 MB, VMS = 20812.35 MB
[UEDRS] [11:41:18] Releasing dataframe from memory
[UEDRS] [11:41:19] Memory Usage: RSS = 6628.57 MB, VMS = 19667.57 MB
[UEDRS] [11:41:19] Loading full dataset
[UEDRS] [11:41:22] Loading done
[UEDRS] [11:41:22] Memory Usage: RSS = 6994.08 MB, VMS = 20049.16 MB
[UEDRS] [00:00:03] Elapsed
[UEDRS] [11:41:22] Sampling for [100000000]
[UEDRS] [11:41:31] Sampling done
[UEDRS] [11:41:31] Memory Usage: RSS = 7757.27 MB, VMS = 20812.35 MB
[UEDRS] [00:00:08] Elapsed
[UEDRS] [11:41:31] Checking [LENSKIT][ITEM_KNN][MUSIC4ALL][50m]
[UEDRS] [11:41:31] Skipping (0.00124)
[UEDRS] [11:41:31] Memory Usage: RSS = 7757.27 MB, VMS = 20812.35 MB
[UEDRS] [11:41:31] Releasing dataframe from memory
[UEDRS] [11:41:31] Memory Usage: RSS = 6612.48 MB, VMS = 19667.57 MB
[UEDRS] [11:41:31] Current dataset [NETFLIX]
[UEDRS] [11:41:31] Loading full dataset
[UEDRS] [11:41:38] Loading done
[UEDRS] [11:41:38] Memory Usage: RSS = 9223.19 MB, VMS = 22419.57 MB
[UEDRS] [00:00:06] Elapsed
[UEDRS] [11:41:38] Sampling for [100000]
[UEDRS] [11:42:07] Sampling done
[UEDRS] [11:42:07] Memory Usage: RSS = 9223.21 MB, VMS = 22419.57 MB
[UEDRS] [00:00:29] Elapsed
[UEDRS] [11:42:07] Checking [LENSKIT][ITEM_KNN][NETFLIX][0m]
[UEDRS] [11:42:07] Starting
2025-12-01 08:06:44 [warning  ] loaded pipeline does not match hash
[UEDRS] [11:43:24] Finished (0.0)
[UEDRS] [11:43:24] Memory Usage: RSS = 6053.37 MB, VMS = 20119.57 MB
[UEDRS] [00:01:17] Elapsed

[UEDRS] [11:43:24] Memory Usage: RSS = 6053.37 MB, VMS = 20119.57 MB
[UEDRS] [11:43:24] Releasing dataframe from memory
[UEDRS] [11:43:25] Memory Usage: RSS = 6049.40 MB, VMS = 20115.57 MB
[UEDRS] [11:43:25] Loading full dataset
[UEDRS] [11:43:27] Loading done
[UEDRS] [11:43:27] Memory Usage: RSS = 9216.06 MB, VMS = 22419.57 MB
[UEDRS] [00:00:02] Elapsed
[UEDRS] [11:43:27] Sampling for [250000]
[UEDRS] [11:43:54] Sampling done
[UEDRS] [11:43:54] Memory Usage: RSS = 9216.73 MB, VMS = 22419.57 MB
[UEDRS] [00:00:27] Elapsed
[UEDRS] [11:43:54] Checking [LENSKIT][ITEM_KNN][NETFLIX][0m]
[UEDRS] [11:43:54] Starting
2025-12-01 08:09:30 [warning  ] loaded pipeline does not match hash
[UEDRS] [11:47:36] Finished (0.0)
[UEDRS] [11:47:36] Memory Usage: RSS = 6807.12 MB, VMS = 20166.57 MB
[UEDRS] [00:03:41] Elapsed

[UEDRS] [11:47:36] Memory Usage: RSS = 6807.12 MB, VMS = 20166.57 MB
[UEDRS] [11:47:36] Releasing dataframe from memory
[UEDRS] [11:47:36] Memory Usage: RSS = 6789.34 MB, VMS = 20148.57 MB
[UEDRS] [11:47:36] Loading full dataset
[UEDRS] [11:47:39] Loading done
[UEDRS] [11:47:39] Memory Usage: RSS = 9245.95 MB, VMS = 22451.57 MB
[UEDRS] [00:00:02] Elapsed
[UEDRS] [11:47:39] Sampling for [500000]
[UEDRS] [11:48:06] Sampling done
[UEDRS] [11:48:06] Memory Usage: RSS = 9245.96 MB, VMS = 22451.57 MB
[UEDRS] [00:00:27] Elapsed
[UEDRS] [11:48:06] Checking [LENSKIT][ITEM_KNN][NETFLIX][0m]
[UEDRS] [11:48:06] Starting
2025-12-01 08:14:57 [warning  ] loaded pipeline does not match hash
[UEDRS] [11:53:13] Finished (0.0)
[UEDRS] [11:53:13] Memory Usage: RSS = 6762.87 MB, VMS = 20186.57 MB
[UEDRS] [00:05:07] Elapsed

[UEDRS] [11:53:13] Memory Usage: RSS = 6762.87 MB, VMS = 20186.57 MB
[UEDRS] [11:53:13] Releasing dataframe from memory
[UEDRS] [11:53:14] Memory Usage: RSS = 6742.93 MB, VMS = 20165.57 MB
[UEDRS] [11:53:14] Loading full dataset
[UEDRS] [11:53:16] Loading done
[UEDRS] [11:53:16] Memory Usage: RSS = 9235.88 MB, VMS = 22469.57 MB
[UEDRS] [00:00:02] Elapsed
[UEDRS] [11:53:16] Sampling for [750000]
[UEDRS] [11:53:43] Sampling done
[UEDRS] [11:53:43] Memory Usage: RSS = 9235.88 MB, VMS = 22469.57 MB
[UEDRS] [00:00:27] Elapsed
[UEDRS] [11:53:43] Checking [LENSKIT][ITEM_KNN][NETFLIX][1m]
[UEDRS] [11:53:43] Starting
2025-12-01 08:21:32 [warning  ] loaded pipeline does not match hash
[UEDRS] [12:00:27] Finished (0.0)
[UEDRS] [12:00:27] Memory Usage: RSS = 6788.37 MB, VMS = 20206.57 MB
[UEDRS] [00:06:43] Elapsed

[UEDRS] [12:00:27] Memory Usage: RSS = 6788.37 MB, VMS = 20206.57 MB
[UEDRS] [12:00:27] Releasing dataframe from memory
[UEDRS] [12:00:27] Memory Usage: RSS = 6759.40 MB, VMS = 20177.57 MB
[UEDRS] [12:00:27] Loading full dataset
[UEDRS] [12:00:29] Loading done
[UEDRS] [12:00:29] Memory Usage: RSS = 9266.79 MB, VMS = 22481.57 MB
[UEDRS] [00:00:02] Elapsed
[UEDRS] [12:00:29] Sampling for [1000000]
[UEDRS] [12:00:57] Sampling done
[UEDRS] [12:00:57] Memory Usage: RSS = 9266.79 MB, VMS = 22481.57 MB
[UEDRS] [00:00:27] Elapsed
[UEDRS] [12:00:57] Checking [LENSKIT][ITEM_KNN][NETFLIX][1m]
[UEDRS] [12:00:57] Skipping (0.0)
[UEDRS] [12:00:57] Memory Usage: RSS = 9266.79 MB, VMS = 22481.57 MB
[UEDRS] [12:00:57] Releasing dataframe from memory
[UEDRS] [12:00:57] Memory Usage: RSS = 9265.79 MB, VMS = 22480.57 MB
[UEDRS] [12:00:57] Loading full dataset
[UEDRS] [12:01:00] Loading done
[UEDRS] [12:01:00] Memory Usage: RSS = 9290.86 MB, VMS = 22480.57 MB
[UEDRS] [00:00:02] Elapsed
[UEDRS] [12:01:00] Sampling for [25000000]
[UEDRS] [12:01:28] Sampling done
[UEDRS] [12:01:28] Memory Usage: RSS = 9862.69 MB, VMS = 23052.40 MB
[UEDRS] [00:00:28] Elapsed
[UEDRS] [12:01:28] Checking [LENSKIT][ITEM_KNN][NETFLIX][25m]
[UEDRS] [12:01:28] Skipping (0.00397)
[UEDRS] [12:01:28] Memory Usage: RSS = 9862.69 MB, VMS = 23052.40 MB
[UEDRS] [12:01:28] Releasing dataframe from memory
[UEDRS] [12:01:28] Memory Usage: RSS = 9290.86 MB, VMS = 22480.57 MB
[UEDRS] [12:01:28] Loading full dataset
[UEDRS] [12:01:31] Loading done
[UEDRS] [12:01:31] Memory Usage: RSS = 9363.25 MB, VMS = 22480.57 MB
[UEDRS] [00:00:02] Elapsed
[UEDRS] [12:01:31] Sampling for [50000000]
[UEDRS] [12:02:00] Sampling done
[UEDRS] [12:02:00] Memory Usage: RSS = 10506.94 MB, VMS = 23624.27 MB
[UEDRS] [00:00:29] Elapsed
[UEDRS] [12:02:00] Checking [LENSKIT][ITEM_KNN][NETFLIX][50m]
[UEDRS] [12:02:00] Skipping (0.01104)
[UEDRS] [12:02:00] Memory Usage: RSS = 10506.94 MB, VMS = 23624.27 MB
[UEDRS] [12:02:00] Releasing dataframe from memory
[UEDRS] [12:02:01] Memory Usage: RSS = 9363.25 MB, VMS = 22480.57 MB
[UEDRS] [12:02:01] Loading full dataset
[UEDRS] [12:02:03] Loading done
[UEDRS] [12:02:03] Memory Usage: RSS = 9348.23 MB, VMS = 22480.57 MB
[UEDRS] [00:00:02] Elapsed
[UEDRS] [12:02:03] Sampling for [75000000]
[UEDRS] [12:02:34] Sampling done
[UEDRS] [12:02:34] Memory Usage: RSS = 11064.77 MB, VMS = 24197.11 MB
[UEDRS] [00:00:30] Elapsed
[UEDRS] [12:02:34] Checking [LENSKIT][ITEM_KNN][NETFLIX][75m]
[UEDRS] [12:02:34] Skipping (0.02031)
[UEDRS] [12:02:34] Memory Usage: RSS = 11064.77 MB, VMS = 24197.11 MB
[UEDRS] [12:02:34] Releasing dataframe from memory
[UEDRS] [12:02:34] Memory Usage: RSS = 9348.23 MB, VMS = 22480.57 MB
[UEDRS] [12:02:34] Loading full dataset
[UEDRS] [12:02:36] Loading done
[UEDRS] [12:02:36] Memory Usage: RSS = 9347.89 MB, VMS = 22480.57 MB
[UEDRS] [00:00:02] Elapsed
[UEDRS] [12:02:36] Sampling for [100000000]
[UEDRS] [12:03:17] Sampling done
[UEDRS] [12:03:17] Memory Usage: RSS = 11636.71 MB, VMS = 24769.39 MB
[UEDRS] [00:00:40] Elapsed
[UEDRS] [12:03:17] Checking [LENSKIT][ITEM_KNN][NETFLIX][100m]
[UEDRS] [12:03:17] Skipping (0.03249)
[UEDRS] [12:03:17] Memory Usage: RSS = 11636.71 MB, VMS = 24769.39 MB
[UEDRS] [12:03:17] Releasing dataframe from memory
[UEDRS] [12:03:17] Memory Usage: RSS = 9347.89 MB, VMS = 22480.57 MB
[UEDRS] [12:03:17] Current dataset [YAHOO]
[UEDRS] [12:03:17] Loading full dataset
[UEDRS] [12:03:21] Loading done
[UEDRS] [12:03:21] Memory Usage: RSS = 9900.29 MB, VMS = 22828.57 MB
[UEDRS] [00:00:04] Elapsed
[UEDRS] [12:03:21] Sampling for [100000]
[UEDRS] [12:04:13] Sampling done
[UEDRS] [12:04:13] Memory Usage: RSS = 9899.87 MB, VMS = 22828.57 MB
[UEDRS] [00:00:52] Elapsed
[UEDRS] [12:04:13] Checking [LENSKIT][ITEM_KNN][YAHOO][0m]
[UEDRS] [12:04:13] Starting
2025-12-01 08:28:35 [warning  ] loaded pipeline does not match hash
[UEDRS] [12:05:09] Finished (0.0)
[UEDRS] [12:05:09] Memory Usage: RSS = 9871.82 MB, VMS = 22803.57 MB
[UEDRS] [00:00:56] Elapsed

[UEDRS] [12:05:09] Memory Usage: RSS = 9871.82 MB, VMS = 22803.57 MB
[UEDRS] [12:05:09] Releasing dataframe from memory
[UEDRS] [12:05:09] Memory Usage: RSS = 9870.82 MB, VMS = 22802.57 MB
[UEDRS] [12:05:09] Loading full dataset
[UEDRS] [12:05:11] Loading done
[UEDRS] [12:05:11] Memory Usage: RSS = 9971.72 MB, VMS = 22802.57 MB
[UEDRS] [00:00:01] Elapsed
[UEDRS] [12:05:11] Sampling for [250000]
[UEDRS] [12:06:06] Sampling done
[UEDRS] [12:06:06] Memory Usage: RSS = 9972.39 MB, VMS = 22802.57 MB
[UEDRS] [00:00:54] Elapsed
[UEDRS] [12:06:06] Checking [LENSKIT][ITEM_KNN][YAHOO][0m]
[UEDRS] [12:06:06] Starting
2025-12-01 08:31:01 [warning  ] loaded pipeline does not match hash
[UEDRS] [12:08:08] Finished (0.0)
[UEDRS] [12:08:08] Memory Usage: RSS = 6384.03 MB, VMS = 20181.57 MB
[UEDRS] [00:02:02] Elapsed

[UEDRS] [12:08:08] Memory Usage: RSS = 6384.03 MB, VMS = 20181.57 MB
[UEDRS] [12:08:08] Releasing dataframe from memory
[UEDRS] [12:08:08] Memory Usage: RSS = 6378.08 MB, VMS = 20175.57 MB
[UEDRS] [12:08:08] Loading full dataset
[UEDRS] [12:08:09] Loading done
[UEDRS] [12:08:09] Memory Usage: RSS = 9928.72 MB, VMS = 22826.57 MB
[UEDRS] [00:00:01] Elapsed
[UEDRS] [12:08:09] Sampling for [500000]
[UEDRS] [12:09:03] Sampling done
[UEDRS] [12:09:03] Memory Usage: RSS = 9928.70 MB, VMS = 22825.57 MB
[UEDRS] [00:00:53] Elapsed
[UEDRS] [12:09:03] Checking [LENSKIT][ITEM_KNN][YAHOO][0m]
[UEDRS] [12:09:03] Starting
2025-12-01 08:35:57 [warning  ] loaded pipeline does not match hash
[UEDRS] [12:14:41] Finished (0.0)
[UEDRS] [12:14:41] Memory Usage: RSS = 7215.94 MB, VMS = 20214.57 MB
[UEDRS] [00:05:38] Elapsed

[UEDRS] [12:14:41] Memory Usage: RSS = 7215.94 MB, VMS = 20214.57 MB
[UEDRS] [12:14:41] Releasing dataframe from memory
[UEDRS] [12:14:41] Memory Usage: RSS = 7192.91 MB, VMS = 20190.57 MB
[UEDRS] [12:14:41] Loading full dataset
[UEDRS] [12:14:43] Loading done
[UEDRS] [12:14:43] Memory Usage: RSS = 9960.15 MB, VMS = 22842.57 MB
[UEDRS] [00:00:01] Elapsed
[UEDRS] [12:14:43] Sampling for [750000]
[UEDRS] [12:15:36] Sampling done
[UEDRS] [12:15:36] Memory Usage: RSS = 9960.16 MB, VMS = 22842.57 MB
[UEDRS] [00:00:53] Elapsed
[UEDRS] [12:15:36] Checking [LENSKIT][ITEM_KNN][YAHOO][1m]
[UEDRS] [12:15:36] Starting
2025-12-01 08:45:35 [warning  ] loaded pipeline does not match hash
[UEDRS] [12:25:39] Finished (0.0)
[UEDRS] [12:25:39] Memory Usage: RSS = 7281.22 MB, VMS = 20303.57 MB
[UEDRS] [00:10:02] Elapsed

[UEDRS] [12:25:39] Memory Usage: RSS = 7281.22 MB, VMS = 20303.57 MB
[UEDRS] [12:25:39] Releasing dataframe from memory
[UEDRS] [12:25:39] Memory Usage: RSS = 7241.80 MB, VMS = 20263.57 MB
[UEDRS] [12:25:39] Loading full dataset
[UEDRS] [12:25:40] Loading done
[UEDRS] [12:25:40] Memory Usage: RSS = 10016.76 MB, VMS = 22913.57 MB
[UEDRS] [00:00:01] Elapsed
[UEDRS] [12:25:40] Sampling for [1000000]
[UEDRS] [12:26:33] Sampling done
[UEDRS] [12:26:33] Memory Usage: RSS = 10016.76 MB, VMS = 22913.57 MB
[UEDRS] [00:00:52] Elapsed
[UEDRS] [12:26:33] Checking [LENSKIT][ITEM_KNN][YAHOO][1m]
[UEDRS] [12:26:33] Starting
2025-12-01 09:00:05 [warning  ] loaded pipeline does not match hash
[UEDRS] [12:41:19] Finished (0.0)
[UEDRS] [12:41:19] Memory Usage: RSS = 6546.51 MB, VMS = 20320.57 MB
[UEDRS] [00:14:46] Elapsed

[UEDRS] [12:41:19] Memory Usage: RSS = 6546.51 MB, VMS = 20320.57 MB
[UEDRS] [12:41:19] Releasing dataframe from memory
[UEDRS] [12:41:19] Memory Usage: RSS = 6504.51 MB, VMS = 20278.57 MB
[UEDRS] [12:41:19] Loading full dataset
[UEDRS] [12:41:21] Loading done
[UEDRS] [12:41:21] Memory Usage: RSS = 10062.31 MB, VMS = 22926.57 MB
[UEDRS] [00:00:01] Elapsed
[UEDRS] [12:41:21] Sampling for [25000000]
[UEDRS] [12:42:15] Sampling done
[UEDRS] [12:42:15] Memory Usage: RSS = 10634.10 MB, VMS = 23497.57 MB
[UEDRS] [00:00:54] Elapsed
[UEDRS] [12:42:15] Checking [LENSKIT][ITEM_KNN][YAHOO][25m]
[UEDRS] [12:42:15] Starting
2025-12-01 10:32:31 [warning  ] loaded pipeline does not match hash
[UEDRS] [14:42:05] Finished (0.00023)
[UEDRS] [14:42:05] Memory Usage: RSS = 9833.49 MB, VMS = 22136.56 MB
[UEDRS] [01:59:49] Elapsed

[UEDRS] [14:42:05] Memory Usage: RSS = 9833.49 MB, VMS = 22136.56 MB
[UEDRS] [14:42:05] Releasing dataframe from memory
[UEDRS] [14:42:05] Memory Usage: RSS = 9228.62 MB, VMS = 21531.57 MB
[UEDRS] [14:42:05] Loading full dataset
[UEDRS] [14:42:07] Loading done
[UEDRS] [14:42:07] Memory Usage: RSS = 12611.43 MB, VMS = 24183.57 MB
[UEDRS] [00:00:01] Elapsed
[UEDRS] [14:42:07] Sampling for [50000000]
[UEDRS] [14:43:01] Sampling done
[UEDRS] [14:43:01] Memory Usage: RSS = 13763.88 MB, VMS = 25324.93 MB
[UEDRS] [00:00:54] Elapsed
[UEDRS] [14:43:01] Checking [LENSKIT][ITEM_KNN][YAHOO][50m]
[UEDRS] [14:43:01] Starting
