[UEDRS] [00:00:11] Mode: ABSOLUTE STRATIFIED_USER
[UEDRS] [00:00:11] Tag:  RECBOLE:POP
[UEDRS] [00:00:11] Tool: RECBOLE
[UEDRS] [00:00:11] Algorithm: POP
[UEDRS] [00:00:11] Datasets: MYANIMELIST, TMALL, MOVIELENS, MUSIC4ALL, NETFLIX, YAHOO, ALIBABA, GOODREADS, LASTFM
[UEDRS] [00:00:11] Sizes: [100000, 250000, 500000, 750000, 1000000, 25000000, 50000000, 75000000, 100000000]

[UEDRS] [00:00:11] Desired size: 100000
[UEDRS] [00:00:11] Dataset: MYANIMELIST
[UEDRS] [00:00:11] Loading
[UEDRS] [00:00:11] Loading done
[UEDRS] [00:00:11] Memory Usage: RSS = 827.00 MB, VMS = 10535.64 MB
[UEDRS] [00:00:00] Elapsed
[UEDRS] [00:00:11] Sampling
[UEDRS] [00:00:14] Sampling done, obtained size: 100000
[UEDRS] [00:00:14] Memory Usage: RSS = 854.13 MB, VMS = 10561.30 MB
[UEDRS] [00:00:02] Elapsed
[UEDRS] [00:00:14] Checking [RECBOLE][POP][MYANIMELIST][100k]
[UEDRS] [00:00:14] Starting
[UEDRS] [00:01:15] Finished (0.011)
[UEDRS] [00:01:15] Memory Usage: RSS = 1381.27 MB, VMS = 19853.90 MB
[UEDRS] [00:01:01] Elapsed

[UEDRS] [00:01:15] Memory Usage: RSS = 1381.27 MB, VMS = 19853.90 MB
[UEDRS] [00:01:15] Releasing dataframe from memory
[UEDRS] [00:01:16] Memory Usage: RSS = 1339.84 MB, VMS = 19811.90 MB
[UEDRS] [00:01:16] Dataset: TMALL
[UEDRS] [00:01:16] Loading
[UEDRS] [00:01:17] Loading done
[UEDRS] [00:01:17] Memory Usage: RSS = 1870.66 MB, VMS = 21027.91 MB
[UEDRS] [00:00:01] Elapsed
[UEDRS] [00:01:17] Sampling
[UEDRS] [00:01:38] Sampling done, obtained size: 100000
[UEDRS] [00:01:38] Memory Usage: RSS = 1918.81 MB, VMS = 21076.28 MB
[UEDRS] [00:00:21] Elapsed
[UEDRS] [00:01:38] Checking [RECBOLE][POP][TMALL][100k]
[UEDRS] [00:01:38] Starting
[UEDRS] [00:02:10] Finished (0.00087)
[UEDRS] [00:02:10] Memory Usage: RSS = 1991.11 MB, VMS = 21477.30 MB
[UEDRS] [00:00:32] Elapsed

[UEDRS] [00:02:10] Memory Usage: RSS = 1991.11 MB, VMS = 21477.30 MB
[UEDRS] [00:02:10] Releasing dataframe from memory
[UEDRS] [00:02:10] Memory Usage: RSS = 1925.75 MB, VMS = 21411.30 MB
[UEDRS] [00:02:10] Dataset: MOVIELENS
[UEDRS] [00:02:10] Loading
[UEDRS] [00:02:11] Loading done
[UEDRS] [00:02:11] Memory Usage: RSS = 2795.29 MB, VMS = 24015.45 MB
[UEDRS] [00:00:00] Elapsed
[UEDRS] [00:02:11] Sampling
[UEDRS] [00:02:18] Sampling done, obtained size: 100000
[UEDRS] [00:02:18] Memory Usage: RSS = 2572.77 MB, VMS = 23792.26 MB
[UEDRS] [00:00:07] Elapsed
[UEDRS] [00:02:18] Checking [RECBOLE][POP][MOVIELENS][100k]
[UEDRS] [00:02:18] Starting
[UEDRS] [00:03:04] Finished (0.0058)
[UEDRS] [00:03:04] Memory Usage: RSS = 2620.72 MB, VMS = 23912.28 MB
[UEDRS] [00:00:45] Elapsed

[UEDRS] [00:03:04] Memory Usage: RSS = 2620.72 MB, VMS = 23912.28 MB
[UEDRS] [00:03:04] Releasing dataframe from memory
[UEDRS] [00:03:04] Memory Usage: RSS = 2582.11 MB, VMS = 23873.28 MB
[UEDRS] [00:03:04] Dataset: MUSIC4ALL
[UEDRS] [00:03:04] Loading
[UEDRS] [00:03:08] Loading done
[UEDRS] [00:03:08] Memory Usage: RSS = 4156.05 MB, VMS = 26604.48 MB
[UEDRS] [00:00:04] Elapsed
[UEDRS] [00:03:08] Sampling
[UEDRS] [00:03:16] Sampling done, obtained size: 100000
[UEDRS] [00:03:16] Memory Usage: RSS = 3394.68 MB, VMS = 25841.29 MB
[UEDRS] [00:00:07] Elapsed
[UEDRS] [00:03:16] Checking [RECBOLE][POP][MUSIC4ALL][100k]
[UEDRS] [00:03:16] Starting
[UEDRS] [00:04:08] Finished (0.0013)
[UEDRS] [00:04:08] Memory Usage: RSS = 3435.15 MB, VMS = 26025.31 MB
[UEDRS] [00:00:52] Elapsed

[UEDRS] [00:04:08] Memory Usage: RSS = 3435.15 MB, VMS = 26025.31 MB
[UEDRS] [00:04:08] Releasing dataframe from memory
[UEDRS] [00:04:08] Memory Usage: RSS = 3398.53 MB, VMS = 25988.31 MB
[UEDRS] [00:04:08] Dataset: NETFLIX
[UEDRS] [00:04:08] Loading
[UEDRS] [00:04:13] Loading done
[UEDRS] [00:04:13] Memory Usage: RSS = 4476.21 MB, VMS = 31042.92 MB
[UEDRS] [00:00:04] Elapsed
[UEDRS] [00:04:13] Sampling
[UEDRS] [00:04:45] Sampling done, obtained size: 100000
[UEDRS] [00:04:45] Memory Usage: RSS = 3712.56 MB, VMS = 30276.31 MB
[UEDRS] [00:00:31] Elapsed
[UEDRS] [00:04:45] Checking [RECBOLE][POP][NETFLIX][100k]
[UEDRS] [00:04:45] Starting
[UEDRS] [00:05:09] Finished (0.0029)
[UEDRS] [00:05:09] Memory Usage: RSS = 3761.55 MB, VMS = 30462.33 MB
[UEDRS] [00:00:24] Elapsed

[UEDRS] [00:05:09] Memory Usage: RSS = 3761.55 MB, VMS = 30462.33 MB
[UEDRS] [00:05:09] Releasing dataframe from memory
[UEDRS] [00:05:10] Memory Usage: RSS = 3714.06 MB, VMS = 30414.33 MB
[UEDRS] [00:05:10] Dataset: YAHOO
[UEDRS] [00:05:10] Loading
[UEDRS] [00:05:13] Loading done
[UEDRS] [00:05:13] Memory Usage: RSS = 4262.64 MB, VMS = 29926.34 MB
[UEDRS] [00:00:03] Elapsed
[UEDRS] [00:05:13] Sampling
[UEDRS] [00:06:13] Sampling done, obtained size: 100000
[UEDRS] [00:06:13] Memory Usage: RSS = 4421.48 MB, VMS = 30085.01 MB
[UEDRS] [00:01:00] Elapsed
[UEDRS] [00:06:13] Checking [RECBOLE][POP][YAHOO][100k]
[UEDRS] [00:06:13] Starting
[UEDRS] [00:06:42] Finished (0.0039)
[UEDRS] [00:06:42] Memory Usage: RSS = 4464.39 MB, VMS = 30273.03 MB
[UEDRS] [00:00:28] Elapsed

[UEDRS] [00:06:42] Memory Usage: RSS = 4464.39 MB, VMS = 30273.03 MB
[UEDRS] [00:06:42] Releasing dataframe from memory
[UEDRS] [00:06:42] Memory Usage: RSS = 4424.80 MB, VMS = 30233.03 MB
[UEDRS] [00:06:42] Dataset: ALIBABA
[UEDRS] [00:06:42] Loading
[UEDRS] [00:06:44] Loading done
[UEDRS] [00:06:44] Memory Usage: RSS = 5802.47 MB, VMS = 30809.03 MB
[UEDRS] [00:00:01] Elapsed
[UEDRS] [00:06:44] Sampling
[UEDRS] [00:08:36] Sampling done, obtained size: 100000
[UEDRS] [00:08:36] Memory Usage: RSS = 5984.41 MB, VMS = 30990.98 MB
[UEDRS] [00:01:52] Elapsed
[UEDRS] [00:08:36] Checking [RECBOLE][POP][ALIBABA][100k]
[UEDRS] [00:08:36] Starting
[UEDRS] [00:08:44] Finished (0.00059)
[UEDRS] [00:08:44] Memory Usage: RSS = 6024.73 MB, VMS = 31104.00 MB
[UEDRS] [00:00:08] Elapsed

[UEDRS] [00:08:44] Memory Usage: RSS = 6024.73 MB, VMS = 31104.00 MB
[UEDRS] [00:08:44] Releasing dataframe from memory
[UEDRS] [00:08:45] Memory Usage: RSS = 5987.09 MB, VMS = 31066.00 MB
[UEDRS] [00:08:45] Dataset: GOODREADS
[UEDRS] [00:08:45] Loading
[UEDRS] [00:08:45] Loading done
[UEDRS] [00:08:45] Memory Usage: RSS = 6994.49 MB, VMS = 31322.00 MB
[UEDRS] [00:00:00] Elapsed
[UEDRS] [00:08:45] Sampling
[UEDRS] [00:09:26] Sampling done, obtained size: 100000
[UEDRS] [00:09:26] Memory Usage: RSS = 6994.90 MB, VMS = 31322.00 MB
[UEDRS] [00:00:40] Elapsed
[UEDRS] [00:09:26] Checking [RECBOLE][POP][GOODREADS][100k]
[UEDRS] [00:09:26] Starting
[UEDRS] [00:09:55] Finished (0.00036)
[UEDRS] [00:09:55] Memory Usage: RSS = 7035.65 MB, VMS = 31436.02 MB
[UEDRS] [00:00:28] Elapsed

[UEDRS] [00:09:55] Memory Usage: RSS = 7035.65 MB, VMS = 31436.02 MB
[UEDRS] [00:09:55] Releasing dataframe from memory
[UEDRS] [00:09:55] Memory Usage: RSS = 6998.03 MB, VMS = 31398.02 MB
[UEDRS] [00:09:55] Dataset: LASTFM
[UEDRS] [00:09:55] Loading
[UEDRS] [00:10:04] Loading done
[UEDRS] [00:10:04] Memory Usage: RSS = 13275.97 MB, VMS = 35898.02 MB
[UEDRS] [00:00:09] Elapsed
[UEDRS] [00:10:04] Sampling
[UEDRS] [00:10:24] Sampling done, obtained size: 100000
[UEDRS] [00:10:24] Memory Usage: RSS = 13275.98 MB, VMS = 35898.02 MB
[UEDRS] [00:00:20] Elapsed
[UEDRS] [00:10:24] Checking [RECBOLE][POP][LASTFM][100k]
[UEDRS] [00:10:24] Starting
[UEDRS] [00:11:19] Finished (8.3e-05)
[UEDRS] [00:11:19] Memory Usage: RSS = 13307.73 MB, VMS = 36001.04 MB
[UEDRS] [00:00:54] Elapsed

[UEDRS] [00:11:19] Memory Usage: RSS = 13307.73 MB, VMS = 36001.04 MB
[UEDRS] [00:11:19] Releasing dataframe from memory
[UEDRS] [00:11:19] Memory Usage: RSS = 13279.00 MB, VMS = 35972.04 MB
[UEDRS] [00:11:19] Desired size: 250000
[UEDRS] [00:11:19] Dataset: MYANIMELIST
[UEDRS] [00:11:19] Loading
[UEDRS] [00:11:19] Loading done
[UEDRS] [00:11:19] Memory Usage: RSS = 13403.80 MB, VMS = 35972.04 MB
[UEDRS] [00:00:00] Elapsed
[UEDRS] [00:11:19] Sampling
[UEDRS] [00:11:21] Sampling done, obtained size: 250000
[UEDRS] [00:11:21] Memory Usage: RSS = 13403.80 MB, VMS = 35972.04 MB
[UEDRS] [00:00:02] Elapsed
[UEDRS] [00:11:21] Checking [RECBOLE][POP][MYANIMELIST][250k]
[UEDRS] [00:11:21] Starting
[UEDRS] [00:13:11] Finished (0.017)
[UEDRS] [00:13:11] Memory Usage: RSS = 13452.00 MB, VMS = 36284.06 MB
[UEDRS] [00:01:49] Elapsed

[UEDRS] [00:13:11] Memory Usage: RSS = 13452.00 MB, VMS = 36284.06 MB
[UEDRS] [00:13:11] Releasing dataframe from memory
[UEDRS] [00:13:12] Memory Usage: RSS = 13406.57 MB, VMS = 36238.06 MB
[UEDRS] [00:13:12] Dataset: TMALL
[UEDRS] [00:13:12] Loading
[UEDRS] [00:13:12] Loading done
[UEDRS] [00:13:12] Memory Usage: RSS = 13432.96 MB, VMS = 36238.06 MB
[UEDRS] [00:00:00] Elapsed
[UEDRS] [00:13:12] Sampling
[UEDRS] [00:13:33] Sampling done, obtained size: 250000
[UEDRS] [00:13:33] Memory Usage: RSS = 13435.62 MB, VMS = 36239.06 MB
[UEDRS] [00:00:20] Elapsed
[UEDRS] [00:13:33] Checking [RECBOLE][POP][TMALL][250k]
[UEDRS] [00:13:33] Starting
[UEDRS] [00:15:22] Finished (0.00096)
[UEDRS] [00:15:22] Memory Usage: RSS = 13566.50 MB, VMS = 36444.08 MB
[UEDRS] [00:01:49] Elapsed

[UEDRS] [00:15:22] Memory Usage: RSS = 13566.50 MB, VMS = 36444.08 MB
[UEDRS] [00:15:22] Releasing dataframe from memory
[UEDRS] [00:15:22] Memory Usage: RSS = 13438.01 MB, VMS = 36314.08 MB
[UEDRS] [00:15:22] Dataset: MOVIELENS
[UEDRS] [00:15:22] Loading
[UEDRS] [00:15:23] Loading done
[UEDRS] [00:15:23] Memory Usage: RSS = 9797.64 MB, VMS = 32890.23 MB
[UEDRS] [00:00:00] Elapsed
[UEDRS] [00:15:23] Sampling
[UEDRS] [00:15:31] Sampling done, obtained size: 250000
[UEDRS] [00:15:31] Memory Usage: RSS = 9553.53 MB, VMS = 32646.08 MB
[UEDRS] [00:00:07] Elapsed
[UEDRS] [00:15:31] Checking [RECBOLE][POP][MOVIELENS][250k]
[UEDRS] [00:15:31] Starting
[UEDRS] [00:17:38] Finished (0.009)
[UEDRS] [00:17:38] Memory Usage: RSS = 9635.43 MB, VMS = 32800.10 MB
[UEDRS] [00:02:07] Elapsed

[UEDRS] [00:17:38] Memory Usage: RSS = 9635.43 MB, VMS = 32800.10 MB
[UEDRS] [00:17:38] Releasing dataframe from memory
[UEDRS] [00:17:38] Memory Usage: RSS = 9559.34 MB, VMS = 32723.10 MB
[UEDRS] [00:17:38] Dataset: MUSIC4ALL
[UEDRS] [00:17:38] Loading
[UEDRS] [00:17:41] Loading done
[UEDRS] [00:17:41] Memory Usage: RSS = 9724.44 MB, VMS = 33486.29 MB
[UEDRS] [00:00:02] Elapsed
[UEDRS] [00:17:41] Sampling
[UEDRS] [00:17:48] Sampling done, obtained size: 250000
[UEDRS] [00:17:48] Memory Usage: RSS = 8961.26 MB, VMS = 32723.10 MB
[UEDRS] [00:00:07] Elapsed
[UEDRS] [00:17:48] Checking [RECBOLE][POP][MUSIC4ALL][250k]
[UEDRS] [00:17:48] Starting
[UEDRS] [00:19:50] Finished (0.0016)
[UEDRS] [00:19:50] Memory Usage: RSS = 9022.35 MB, VMS = 32857.12 MB
[UEDRS] [00:02:01] Elapsed

[UEDRS] [00:19:50] Memory Usage: RSS = 9022.35 MB, VMS = 32857.12 MB
[UEDRS] [00:19:50] Releasing dataframe from memory
[UEDRS] [00:19:50] Memory Usage: RSS = 8966.02 MB, VMS = 32800.12 MB
[UEDRS] [00:19:50] Dataset: NETFLIX
[UEDRS] [00:19:50] Loading
[UEDRS] [00:19:51] Loading done
[UEDRS] [00:19:51] Memory Usage: RSS = 9947.36 MB, VMS = 33566.73 MB
[UEDRS] [00:00:00] Elapsed
[UEDRS] [00:19:51] Sampling
[UEDRS] [00:20:23] Sampling done, obtained size: 250000
[UEDRS] [00:20:23] Memory Usage: RSS = 9181.34 MB, VMS = 32800.12 MB
[UEDRS] [00:00:32] Elapsed
[UEDRS] [00:20:23] Checking [RECBOLE][POP][NETFLIX][250k]
[UEDRS] [00:20:23] Starting
[UEDRS] [00:22:20] Finished (0.0047)
[UEDRS] [00:22:20] Memory Usage: RSS = 9285.55 MB, VMS = 32978.14 MB
[UEDRS] [00:01:57] Elapsed

[UEDRS] [00:22:20] Memory Usage: RSS = 9285.55 MB, VMS = 32978.14 MB
[UEDRS] [00:22:20] Releasing dataframe from memory
[UEDRS] [00:22:21] Memory Usage: RSS = 9183.79 MB, VMS = 32875.14 MB
[UEDRS] [00:22:21] Dataset: YAHOO
[UEDRS] [00:22:21] Loading
[UEDRS] [00:22:21] Loading done
[UEDRS] [00:22:21] Memory Usage: RSS = 9176.27 MB, VMS = 32875.14 MB
[UEDRS] [00:00:00] Elapsed
[UEDRS] [00:22:21] Sampling
[UEDRS] [00:23:22] Sampling done, obtained size: 250000
[UEDRS] [00:23:22] Memory Usage: RSS = 9177.02 MB, VMS = 32875.14 MB
[UEDRS] [00:01:00] Elapsed
[UEDRS] [00:23:22] Checking [RECBOLE][POP][YAHOO][250k]
[UEDRS] [00:23:22] Starting
[UEDRS] [00:24:41] Finished (0.0061)
[UEDRS] [00:24:41] Memory Usage: RSS = 9288.05 MB, VMS = 33060.16 MB
[UEDRS] [00:01:19] Elapsed

[UEDRS] [00:24:41] Memory Usage: RSS = 9288.05 MB, VMS = 33060.16 MB
[UEDRS] [00:24:41] Releasing dataframe from memory
[UEDRS] [00:24:42] Memory Usage: RSS = 9178.40 MB, VMS = 32949.16 MB
[UEDRS] [00:24:42] Dataset: ALIBABA
[UEDRS] [00:24:42] Loading
[UEDRS] [00:24:42] Loading done
[UEDRS] [00:24:42] Memory Usage: RSS = 9268.79 MB, VMS = 32949.16 MB
[UEDRS] [00:00:00] Elapsed
[UEDRS] [00:24:42] Sampling
[UEDRS] [00:26:35] Sampling done, obtained size: 250000
[UEDRS] [00:26:35] Memory Usage: RSS = 9268.49 MB, VMS = 32948.16 MB
[UEDRS] [00:01:53] Elapsed
[UEDRS] [00:26:35] Checking [RECBOLE][POP][ALIBABA][250k]
[UEDRS] [00:26:35] Starting
[UEDRS] [00:26:56] Finished (0.00071)
[UEDRS] [00:26:56] Memory Usage: RSS = 9436.12 MB, VMS = 33190.18 MB
[UEDRS] [00:00:20] Elapsed

[UEDRS] [00:26:56] Memory Usage: RSS = 9436.12 MB, VMS = 33190.18 MB
[UEDRS] [00:26:56] Releasing dataframe from memory
[UEDRS] [00:26:57] Memory Usage: RSS = 9268.15 MB, VMS = 33020.18 MB
[UEDRS] [00:26:57] Dataset: GOODREADS
[UEDRS] [00:26:57] Loading
[UEDRS] [00:27:05] Loading done
[UEDRS] [00:27:05] Memory Usage: RSS = 9312.44 MB, VMS = 33020.18 MB
[UEDRS] [00:00:08] Elapsed
[UEDRS] [00:27:05] Sampling
[UEDRS] [00:28:10] Sampling done, obtained size: 250000
[UEDRS] [00:28:10] Memory Usage: RSS = 9313.31 MB, VMS = 33020.18 MB
[UEDRS] [00:01:04] Elapsed
[UEDRS] [00:28:10] Checking [RECBOLE][POP][GOODREADS][250k]
[UEDRS] [00:28:10] Starting
[UEDRS] [00:29:34] Finished (0.0014)
[UEDRS] [00:29:34] Memory Usage: RSS = 9427.98 MB, VMS = 33208.20 MB
[UEDRS] [00:01:24] Elapsed

[UEDRS] [00:29:34] Memory Usage: RSS = 9427.98 MB, VMS = 33208.20 MB
[UEDRS] [00:29:34] Releasing dataframe from memory
[UEDRS] [00:29:35] Memory Usage: RSS = 9317.39 MB, VMS = 33096.20 MB
[UEDRS] [00:29:35] Dataset: LASTFM
[UEDRS] [00:29:35] Loading
[UEDRS] [00:29:45] Loading done
[UEDRS] [00:29:45] Memory Usage: RSS = 13460.32 MB, VMS = 36764.20 MB
[UEDRS] [00:00:09] Elapsed
[UEDRS] [00:29:45] Sampling
[UEDRS] [00:30:05] Sampling done, obtained size: 250000
[UEDRS] [00:30:05] Memory Usage: RSS = 13460.32 MB, VMS = 36764.20 MB
[UEDRS] [00:00:20] Elapsed
[UEDRS] [00:30:05] Checking [RECBOLE][POP][LASTFM][250k]
[UEDRS] [00:30:05] Starting
[UEDRS] [00:32:22] Finished (0.00018)
[UEDRS] [00:32:22] Memory Usage: RSS = 13533.45 MB, VMS = 36910.22 MB
[UEDRS] [00:02:17] Elapsed

[UEDRS] [00:32:22] Memory Usage: RSS = 13533.45 MB, VMS = 36910.22 MB
[UEDRS] [00:32:22] Releasing dataframe from memory
[UEDRS] [00:32:23] Memory Usage: RSS = 13463.35 MB, VMS = 36839.22 MB
[UEDRS] [00:32:23] Desired size: 500000
[UEDRS] [00:32:23] Dataset: MYANIMELIST
[UEDRS] [00:32:23] Loading
[UEDRS] [00:32:23] Loading done
[UEDRS] [00:32:23] Memory Usage: RSS = 13515.45 MB, VMS = 36839.22 MB
[UEDRS] [00:00:00] Elapsed
[UEDRS] [00:32:23] Sampling
[UEDRS] [00:32:26] Sampling done, obtained size: 500000
[UEDRS] [00:32:26] Memory Usage: RSS = 13515.46 MB, VMS = 36839.22 MB
[UEDRS] [00:00:02] Elapsed
[UEDRS] [00:32:26] Checking [RECBOLE][POP][MYANIMELIST][500k]
[UEDRS] [00:32:26] Starting
[UEDRS] [00:34:56] Finished (0.023)
[UEDRS] [00:34:56] Memory Usage: RSS = 13573.41 MB, VMS = 36970.24 MB
[UEDRS] [00:02:29] Elapsed

[UEDRS] [00:34:56] Memory Usage: RSS = 13573.41 MB, VMS = 36970.24 MB
[UEDRS] [00:34:56] Releasing dataframe from memory
[UEDRS] [00:34:56] Memory Usage: RSS = 13518.09 MB, VMS = 36914.24 MB
[UEDRS] [00:34:56] Dataset: TMALL
[UEDRS] [00:34:56] Loading
[UEDRS] [00:34:57] Loading done
[UEDRS] [00:34:57] Memory Usage: RSS = 13506.27 MB, VMS = 36914.24 MB
[UEDRS] [00:00:01] Elapsed
[UEDRS] [00:34:57] Sampling
[UEDRS] [00:35:18] Sampling done, obtained size: 500000
[UEDRS] [00:35:18] Memory Usage: RSS = 13506.92 MB, VMS = 36914.24 MB
[UEDRS] [00:00:21] Elapsed
[UEDRS] [00:35:18] Checking [RECBOLE][POP][TMALL][500k]
[UEDRS] [00:35:18] Starting
[UEDRS] [00:39:30] Finished (0.0012)
[UEDRS] [00:39:30] Memory Usage: RSS = 13732.43 MB, VMS = 37215.26 MB
[UEDRS] [00:04:11] Elapsed

[UEDRS] [00:39:30] Memory Usage: RSS = 13732.43 MB, VMS = 37215.26 MB
[UEDRS] [00:39:30] Releasing dataframe from memory
[UEDRS] [00:39:31] Memory Usage: RSS = 13510.12 MB, VMS = 36990.26 MB
[UEDRS] [00:39:31] Dataset: MOVIELENS
[UEDRS] [00:39:31] Loading
[UEDRS] [00:39:31] Loading done
[UEDRS] [00:39:31] Memory Usage: RSS = 9881.16 MB, VMS = 33566.41 MB
[UEDRS] [00:00:00] Elapsed
[UEDRS] [00:39:31] Sampling
[UEDRS] [00:39:39] Sampling done, obtained size: 500000
[UEDRS] [00:39:39] Memory Usage: RSS = 9637.02 MB, VMS = 33322.26 MB
[UEDRS] [00:00:07] Elapsed
[UEDRS] [00:39:39] Checking [RECBOLE][POP][MOVIELENS][500k]
[UEDRS] [00:39:39] Starting
[UEDRS] [00:43:07] Finished (0.014)
[UEDRS] [00:43:07] Memory Usage: RSS = 9770.11 MB, VMS = 33528.28 MB
[UEDRS] [00:03:28] Elapsed

[UEDRS] [00:43:07] Memory Usage: RSS = 9770.11 MB, VMS = 33528.28 MB
[UEDRS] [00:43:07] Releasing dataframe from memory
[UEDRS] [00:43:08] Memory Usage: RSS = 9639.74 MB, VMS = 33396.28 MB
[UEDRS] [00:43:08] Dataset: MUSIC4ALL
[UEDRS] [00:43:08] Loading
[UEDRS] [00:43:13] Loading done
[UEDRS] [00:43:13] Memory Usage: RSS = 9931.28 MB, VMS = 34159.46 MB
[UEDRS] [00:00:04] Elapsed
[UEDRS] [00:43:13] Sampling
[UEDRS] [00:43:20] Sampling done, obtained size: 500000
[UEDRS] [00:43:20] Memory Usage: RSS = 9168.09 MB, VMS = 33396.28 MB
[UEDRS] [00:00:07] Elapsed
[UEDRS] [00:43:20] Checking [RECBOLE][POP][MUSIC4ALL][500k]
[UEDRS] [00:43:20] Starting
[UEDRS] [00:46:17] Finished (0.0023)
[UEDRS] [00:46:17] Memory Usage: RSS = 9170.36 MB, VMS = 33471.30 MB
[UEDRS] [00:02:56] Elapsed

[UEDRS] [00:46:17] Memory Usage: RSS = 9170.36 MB, VMS = 33471.30 MB
[UEDRS] [00:46:17] Releasing dataframe from memory
[UEDRS] [00:46:17] Memory Usage: RSS = 9170.36 MB, VMS = 33471.30 MB
[UEDRS] [00:46:17] Dataset: NETFLIX
[UEDRS] [00:46:17] Loading
[UEDRS] [00:46:21] Loading done
[UEDRS] [00:46:21] Memory Usage: RSS = 10034.73 MB, VMS = 34237.91 MB
[UEDRS] [00:00:04] Elapsed
[UEDRS] [00:46:21] Sampling
[UEDRS] [00:46:52] Sampling done, obtained size: 500000
[UEDRS] [00:46:52] Memory Usage: RSS = 9268.26 MB, VMS = 33471.30 MB
[UEDRS] [00:00:31] Elapsed
[UEDRS] [00:46:52] Checking [RECBOLE][POP][NETFLIX][500k]
[UEDRS] [00:46:52] Starting
[UEDRS] [00:51:44] Finished (0.0069)
[UEDRS] [00:51:44] Memory Usage: RSS = 9457.61 MB, VMS = 33735.32 MB
[UEDRS] [00:04:52] Elapsed

[UEDRS] [00:51:44] Memory Usage: RSS = 9457.61 MB, VMS = 33735.32 MB
[UEDRS] [00:51:44] Releasing dataframe from memory
[UEDRS] [00:51:45] Memory Usage: RSS = 9271.98 MB, VMS = 33547.32 MB
[UEDRS] [00:51:45] Dataset: YAHOO
[UEDRS] [00:51:45] Loading
[UEDRS] [00:51:48] Loading done
[UEDRS] [00:51:48] Memory Usage: RSS = 9315.09 MB, VMS = 33547.32 MB
[UEDRS] [00:00:03] Elapsed
[UEDRS] [00:51:48] Sampling
[UEDRS] [00:52:48] Sampling done, obtained size: 500000
[UEDRS] [00:52:48] Memory Usage: RSS = 9325.29 MB, VMS = 33547.32 MB
[UEDRS] [00:01:00] Elapsed
[UEDRS] [00:52:48] Checking [RECBOLE][POP][YAHOO][500k]
[UEDRS] [00:52:48] Starting
[UEDRS] [00:55:43] Finished (0.008)
[UEDRS] [00:55:43] Memory Usage: RSS = 9567.54 MB, VMS = 33863.34 MB
[UEDRS] [00:02:54] Elapsed

[UEDRS] [00:55:43] Memory Usage: RSS = 9567.54 MB, VMS = 33863.34 MB
[UEDRS] [00:55:43] Releasing dataframe from memory
[UEDRS] [00:55:43] Memory Usage: RSS = 9329.18 MB, VMS = 33622.34 MB
[UEDRS] [00:55:43] Dataset: ALIBABA
[UEDRS] [00:55:43] Loading
[UEDRS] [00:55:45] Loading done
[UEDRS] [00:55:45] Memory Usage: RSS = 9486.19 MB, VMS = 33622.34 MB
[UEDRS] [00:00:01] Elapsed
[UEDRS] [00:55:45] Sampling
[UEDRS] [01:03:25] Sampling done, obtained size: 500000
[UEDRS] [01:03:25] Memory Usage: RSS = 9489.05 MB, VMS = 33622.34 MB
[UEDRS] [00:07:39] Elapsed
[UEDRS] [01:03:25] Checking [RECBOLE][POP][ALIBABA][500k]
[UEDRS] [01:03:25] Starting
[UEDRS] [01:04:14] Finished (0.0006)
[UEDRS] [01:04:14] Memory Usage: RSS = 9849.12 MB, VMS = 34058.36 MB
[UEDRS] [00:00:48] Elapsed

[UEDRS] [01:04:14] Memory Usage: RSS = 9849.12 MB, VMS = 34058.36 MB
[UEDRS] [01:04:14] Releasing dataframe from memory
[UEDRS] [01:04:15] Memory Usage: RSS = 9491.17 MB, VMS = 33697.36 MB
[UEDRS] [01:04:15] Dataset: GOODREADS
[UEDRS] [01:04:15] Loading
[UEDRS] [01:04:23] Loading done
[UEDRS] [01:04:23] Memory Usage: RSS = 9603.13 MB, VMS = 33697.36 MB
[UEDRS] [00:00:08] Elapsed
[UEDRS] [01:04:23] Sampling
[UEDRS] [01:14:07] Sampling done, obtained size: 500000
[UEDRS] [01:14:07] Memory Usage: RSS = 9606.43 MB, VMS = 33697.36 MB
[UEDRS] [00:09:43] Elapsed
[UEDRS] [01:14:07] Checking [RECBOLE][POP][GOODREADS][500k]
[UEDRS] [01:14:07] Starting
[UEDRS] [01:17:37] Finished (0.0025)
[UEDRS] [01:17:37] Memory Usage: RSS = 9826.83 MB, VMS = 33992.38 MB
[UEDRS] [00:03:29] Elapsed

[UEDRS] [01:17:37] Memory Usage: RSS = 9826.83 MB, VMS = 33992.38 MB
[UEDRS] [01:17:37] Releasing dataframe from memory
[UEDRS] [01:17:38] Memory Usage: RSS = 9610.46 MB, VMS = 33773.38 MB
[UEDRS] [01:17:38] Dataset: LASTFM
[UEDRS] [01:17:38] Loading
[UEDRS] [01:17:47] Loading done
[UEDRS] [01:17:47] Memory Usage: RSS = 13533.14 MB, VMS = 37441.38 MB
[UEDRS] [00:00:09] Elapsed
[UEDRS] [01:17:47] Sampling
[UEDRS] [01:18:07] Sampling done, obtained size: 500000
[UEDRS] [01:18:07] Memory Usage: RSS = 13533.43 MB, VMS = 37441.38 MB
[UEDRS] [00:00:20] Elapsed
[UEDRS] [01:18:07] Checking [RECBOLE][POP][LASTFM][500k]
[UEDRS] [01:18:07] Starting
[UEDRS] [01:21:39] Finished (0.00023)
[UEDRS] [01:21:39] Memory Usage: RSS = 13660.84 MB, VMS = 37642.39 MB
[UEDRS] [00:03:31] Elapsed

[UEDRS] [01:21:39] Memory Usage: RSS = 13660.84 MB, VMS = 37642.39 MB
[UEDRS] [01:21:39] Releasing dataframe from memory
[UEDRS] [01:21:40] Memory Usage: RSS = 13537.39 MB, VMS = 37517.39 MB
[UEDRS] [01:21:40] Desired size: 750000
[UEDRS] [01:21:40] Dataset: MYANIMELIST
[UEDRS] [01:21:40] Loading
[UEDRS] [01:21:40] Loading done
[UEDRS] [01:21:40] Memory Usage: RSS = 13528.24 MB, VMS = 37517.39 MB
[UEDRS] [00:00:00] Elapsed
[UEDRS] [01:21:40] Sampling
[UEDRS] [01:21:43] Sampling done, obtained size: 750000
[UEDRS] [01:21:43] Memory Usage: RSS = 13528.25 MB, VMS = 37517.39 MB
[UEDRS] [00:00:02] Elapsed
[UEDRS] [01:21:43] Checking [RECBOLE][POP][MYANIMELIST][750k]
[UEDRS] [01:21:43] Starting
[UEDRS] [01:24:38] Finished (0.028)
[UEDRS] [01:24:38] Memory Usage: RSS = 13580.64 MB, VMS = 37642.41 MB
[UEDRS] [00:02:54] Elapsed

[UEDRS] [01:24:38] Memory Usage: RSS = 13580.64 MB, VMS = 37642.41 MB
[UEDRS] [01:24:38] Releasing dataframe from memory
[UEDRS] [01:24:39] Memory Usage: RSS = 13529.25 MB, VMS = 37590.41 MB
[UEDRS] [01:24:39] Dataset: TMALL
[UEDRS] [01:24:39] Loading
[UEDRS] [01:24:40] Loading done
[UEDRS] [01:24:40] Memory Usage: RSS = 13440.86 MB, VMS = 37590.41 MB
[UEDRS] [00:00:01] Elapsed
[UEDRS] [01:24:40] Sampling
[UEDRS] [01:25:01] Sampling done, obtained size: 750000
[UEDRS] [01:25:01] Memory Usage: RSS = 13441.53 MB, VMS = 37590.41 MB
[UEDRS] [00:00:21] Elapsed
[UEDRS] [01:25:01] Checking [RECBOLE][POP][TMALL][750k]
[UEDRS] [01:25:01] Starting
[UEDRS] [01:31:13] Finished (0.0016)
[UEDRS] [01:31:13] Memory Usage: RSS = 13742.88 MB, VMS = 37967.43 MB
[UEDRS] [00:06:11] Elapsed

[UEDRS] [01:31:13] Memory Usage: RSS = 13742.88 MB, VMS = 37967.43 MB
[UEDRS] [01:31:13] Releasing dataframe from memory
[UEDRS] [01:31:14] Memory Usage: RSS = 13445.85 MB, VMS = 37667.43 MB
[UEDRS] [01:31:14] Dataset: MOVIELENS
[UEDRS] [01:31:14] Loading
[UEDRS] [01:31:14] Loading done
[UEDRS] [01:31:14] Memory Usage: RSS = 9878.63 MB, VMS = 34243.58 MB
[UEDRS] [00:00:00] Elapsed
[UEDRS] [01:31:14] Sampling
[UEDRS] [01:31:22] Sampling done, obtained size: 750000
[UEDRS] [01:31:22] Memory Usage: RSS = 9648.48 MB, VMS = 34012.71 MB
[UEDRS] [00:00:07] Elapsed
[UEDRS] [01:31:22] Checking [RECBOLE][POP][MOVIELENS][750k]
[UEDRS] [01:31:22] Starting
[UEDRS] [01:36:09] Finished (0.016)
[UEDRS] [01:36:09] Memory Usage: RSS = 9815.63 MB, VMS = 34253.73 MB
[UEDRS] [00:04:47] Elapsed

[UEDRS] [01:36:09] Memory Usage: RSS = 9815.63 MB, VMS = 34253.73 MB
[UEDRS] [01:36:09] Releasing dataframe from memory
[UEDRS] [01:36:10] Memory Usage: RSS = 9651.64 MB, VMS = 34087.73 MB
[UEDRS] [01:36:10] Dataset: MUSIC4ALL
[UEDRS] [01:36:10] Loading
[UEDRS] [01:36:15] Loading done
[UEDRS] [01:36:15] Memory Usage: RSS = 9833.12 MB, VMS = 34850.92 MB
[UEDRS] [00:00:04] Elapsed
[UEDRS] [01:36:15] Sampling
[UEDRS] [01:36:22] Sampling done, obtained size: 750000
[UEDRS] [01:36:22] Memory Usage: RSS = 9069.95 MB, VMS = 34087.73 MB
[UEDRS] [00:00:07] Elapsed
[UEDRS] [01:36:22] Checking [RECBOLE][POP][MUSIC4ALL][750k]
[UEDRS] [01:36:22] Starting
[UEDRS] [01:39:51] Finished (0.0024)
[UEDRS] [01:39:51] Memory Usage: RSS = 9161.50 MB, VMS = 34251.75 MB
[UEDRS] [00:03:28] Elapsed

[UEDRS] [01:39:51] Memory Usage: RSS = 9161.50 MB, VMS = 34251.75 MB
[UEDRS] [01:39:51] Releasing dataframe from memory
[UEDRS] [01:39:52] Memory Usage: RSS = 9074.56 MB, VMS = 34163.75 MB
[UEDRS] [01:39:52] Dataset: NETFLIX
[UEDRS] [01:39:52] Loading
[UEDRS] [01:39:56] Loading done
[UEDRS] [01:39:56] Memory Usage: RSS = 9966.71 MB, VMS = 34930.36 MB
[UEDRS] [00:00:04] Elapsed
[UEDRS] [01:39:56] Sampling
[UEDRS] [01:40:28] Sampling done, obtained size: 750000
[UEDRS] [01:40:28] Memory Usage: RSS = 9200.11 MB, VMS = 34163.75 MB
[UEDRS] [00:00:31] Elapsed
[UEDRS] [01:40:28] Checking [RECBOLE][POP][NETFLIX][750k]
[UEDRS] [01:40:28] Starting
[UEDRS] [01:47:44] Finished (0.0079)
[UEDRS] [01:47:44] Memory Usage: RSS = 9448.53 MB, VMS = 34487.77 MB
[UEDRS] [00:07:16] Elapsed

[UEDRS] [01:47:44] Memory Usage: RSS = 9448.53 MB, VMS = 34487.77 MB
[UEDRS] [01:47:44] Releasing dataframe from memory
[UEDRS] [01:47:45] Memory Usage: RSS = 9207.30 MB, VMS = 34243.77 MB
[UEDRS] [01:47:45] Dataset: YAHOO
[UEDRS] [01:47:45] Loading
[UEDRS] [01:47:48] Loading done
[UEDRS] [01:47:48] Memory Usage: RSS = 9350.82 MB, VMS = 34243.77 MB
[UEDRS] [00:00:03] Elapsed
[UEDRS] [01:47:48] Sampling
[UEDRS] [01:48:48] Sampling done, obtained size: 750000
[UEDRS] [01:48:48] Memory Usage: RSS = 9351.64 MB, VMS = 34243.77 MB
[UEDRS] [00:00:59] Elapsed
[UEDRS] [01:48:48] Checking [RECBOLE][POP][YAHOO][750k]
[UEDRS] [01:48:48] Starting
[UEDRS] [01:53:33] Finished (0.0094)
[UEDRS] [01:53:33] Memory Usage: RSS = 9696.39 MB, VMS = 34664.79 MB
[UEDRS] [00:04:44] Elapsed

[UEDRS] [01:53:33] Memory Usage: RSS = 9696.39 MB, VMS = 34664.79 MB
[UEDRS] [01:53:33] Releasing dataframe from memory
[UEDRS] [01:53:34] Memory Usage: RSS = 9354.98 MB, VMS = 34319.79 MB
[UEDRS] [01:53:34] Dataset: ALIBABA
[UEDRS] [01:53:34] Loading
[UEDRS] [01:53:36] Loading done
[UEDRS] [01:53:36] Memory Usage: RSS = 9487.63 MB, VMS = 34319.79 MB
[UEDRS] [00:00:01] Elapsed
[UEDRS] [01:53:36] Sampling
[UEDRS] [01:55:30] Sampling done, obtained size: 750000
[UEDRS] [01:55:30] Memory Usage: RSS = 9487.84 MB, VMS = 34319.79 MB
[UEDRS] [00:01:54] Elapsed
[UEDRS] [01:55:30] Checking [RECBOLE][POP][ALIBABA][750k]
[UEDRS] [01:55:30] Starting
[UEDRS] [01:56:53] Finished (0.00055)
[UEDRS] [01:56:53] Memory Usage: RSS = 10068.10 MB, VMS = 34976.81 MB
[UEDRS] [00:01:23] Elapsed

[UEDRS] [01:56:53] Memory Usage: RSS = 10068.10 MB, VMS = 34976.81 MB
[UEDRS] [01:56:53] Releasing dataframe from memory
[UEDRS] [01:56:55] Memory Usage: RSS = 9492.45 MB, VMS = 34396.81 MB
[UEDRS] [01:56:55] Dataset: GOODREADS
[UEDRS] [01:56:55] Loading
[UEDRS] [01:57:03] Loading done
[UEDRS] [01:57:03] Memory Usage: RSS = 9620.11 MB, VMS = 34396.81 MB
[UEDRS] [00:00:08] Elapsed
[UEDRS] [01:57:03] Sampling
[UEDRS] [02:08:00] Sampling done, obtained size: 750000
[UEDRS] [02:08:00] Memory Usage: RSS = 9621.04 MB, VMS = 34396.81 MB
[UEDRS] [00:10:57] Elapsed
[UEDRS] [02:08:00] Checking [RECBOLE][POP][GOODREADS][750k]
[UEDRS] [02:08:00] Starting
[UEDRS] [02:13:40] Finished (0.0032)
[UEDRS] [02:13:40] Memory Usage: RSS = 9916.25 MB, VMS = 34767.83 MB
[UEDRS] [00:05:39] Elapsed

[UEDRS] [02:13:40] Memory Usage: RSS = 9916.25 MB, VMS = 34767.83 MB
[UEDRS] [02:13:40] Releasing dataframe from memory
[UEDRS] [02:13:41] Memory Usage: RSS = 9622.33 MB, VMS = 34470.83 MB
[UEDRS] [02:13:41] Dataset: LASTFM
[UEDRS] [02:13:41] Loading
[UEDRS] [02:13:50] Loading done
[UEDRS] [02:13:50] Memory Usage: RSS = 13582.53 MB, VMS = 38138.83 MB
[UEDRS] [00:00:08] Elapsed
[UEDRS] [02:13:50] Sampling
[UEDRS] [02:36:40] Sampling done, obtained size: 750000
[UEDRS] [02:36:40] Memory Usage: RSS = 13649.27 MB, VMS = 38138.83 MB
[UEDRS] [00:22:50] Elapsed
[UEDRS] [02:36:40] Checking [RECBOLE][POP][LASTFM][750k]
[UEDRS] [02:36:40] Starting
[UEDRS] [02:40:58] Finished (0.00023)
[UEDRS] [02:40:58] Memory Usage: RSS = 13797.39 MB, VMS = 38359.85 MB
[UEDRS] [00:04:17] Elapsed

[UEDRS] [02:40:58] Memory Usage: RSS = 13797.39 MB, VMS = 38359.85 MB
[UEDRS] [02:40:58] Releasing dataframe from memory
[UEDRS] [02:40:59] Memory Usage: RSS = 13650.16 MB, VMS = 38210.85 MB
[UEDRS] [02:40:59] Desired size: 1000000
[UEDRS] [02:40:59] Dataset: MYANIMELIST
[UEDRS] [02:40:59] Loading
[UEDRS] [02:40:59] Loading done
[UEDRS] [02:40:59] Memory Usage: RSS = 13648.74 MB, VMS = 38210.85 MB
[UEDRS] [00:00:00] Elapsed
[UEDRS] [02:40:59] Sampling
[UEDRS] [02:41:02] Sampling done, obtained size: 1000000
[UEDRS] [02:41:02] Memory Usage: RSS = 13648.74 MB, VMS = 38210.85 MB
[UEDRS] [00:00:02] Elapsed
[UEDRS] [02:41:02] Checking [RECBOLE][POP][MYANIMELIST][1m]
[UEDRS] [02:41:02] Starting
[UEDRS] [02:44:10] Finished (0.03)
[UEDRS] [02:44:10] Memory Usage: RSS = 13687.07 MB, VMS = 38321.87 MB
[UEDRS] [00:03:07] Elapsed

[UEDRS] [02:44:10] Memory Usage: RSS = 13687.07 MB, VMS = 38321.87 MB
[UEDRS] [02:44:10] Releasing dataframe from memory
[UEDRS] [02:44:10] Memory Usage: RSS = 13647.59 MB, VMS = 38281.87 MB
[UEDRS] [02:44:10] Dataset: TMALL
[UEDRS] [02:44:10] Loading
[UEDRS] [02:44:11] Loading done
[UEDRS] [02:44:11] Memory Usage: RSS = 9857.88 MB, VMS = 34613.87 MB
[UEDRS] [00:00:01] Elapsed
[UEDRS] [02:44:11] Sampling
[UEDRS] [02:44:33] Sampling done, obtained size: 1000000
[UEDRS] [02:44:33] Memory Usage: RSS = 9857.23 MB, VMS = 34612.87 MB
[UEDRS] [00:00:22] Elapsed
[UEDRS] [02:44:33] Checking [RECBOLE][POP][TMALL][1m]
[UEDRS] [02:44:33] Starting
[UEDRS] [02:52:28] Finished (0.0018)
[UEDRS] [02:52:28] Memory Usage: RSS = 10219.80 MB, VMS = 35052.37 MB
[UEDRS] [00:07:54] Elapsed

[UEDRS] [02:52:28] Memory Usage: RSS = 10219.80 MB, VMS = 35052.37 MB
[UEDRS] [02:52:28] Releasing dataframe from memory
[UEDRS] [02:52:29] Memory Usage: RSS = 9872.18 MB, VMS = 34701.37 MB
[UEDRS] [02:52:29] Dataset: MOVIELENS
[UEDRS] [02:52:29] Loading
[UEDRS] [02:52:29] Loading done
[UEDRS] [02:52:29] Memory Usage: RSS = 9918.26 MB, VMS = 34945.52 MB
[UEDRS] [00:00:00] Elapsed
[UEDRS] [02:52:29] Sampling
[UEDRS] [02:52:37] Sampling done, obtained size: 1000000
[UEDRS] [02:52:37] Memory Usage: RSS = 9675.61 MB, VMS = 34702.99 MB
[UEDRS] [00:00:07] Elapsed
[UEDRS] [02:52:37] Checking [RECBOLE][POP][MOVIELENS][1m]
[UEDRS] [02:52:37] Starting
[UEDRS] [02:58:24] Finished (0.018)
[UEDRS] [02:58:24] Memory Usage: RSS = 9853.76 MB, VMS = 34954.01 MB
[UEDRS] [00:05:46] Elapsed

[UEDRS] [02:58:24] Memory Usage: RSS = 9853.76 MB, VMS = 34954.01 MB
[UEDRS] [02:58:24] Releasing dataframe from memory
[UEDRS] [02:58:25] Memory Usage: RSS = 9681.71 MB, VMS = 34780.01 MB
[UEDRS] [02:58:25] Dataset: MUSIC4ALL
[UEDRS] [02:58:25] Loading
[UEDRS] [02:58:29] Loading done
[UEDRS] [02:58:29] Memory Usage: RSS = 9852.34 MB, VMS = 35543.20 MB
[UEDRS] [00:00:04] Elapsed
[UEDRS] [02:58:29] Sampling
[UEDRS] [02:58:37] Sampling done, obtained size: 1000000
[UEDRS] [02:58:37] Memory Usage: RSS = 9089.16 MB, VMS = 34780.01 MB
[UEDRS] [00:00:07] Elapsed
[UEDRS] [02:58:37] Checking [RECBOLE][POP][MUSIC4ALL][1m]
[UEDRS] [02:58:37] Starting
[UEDRS] [03:02:33] Finished (0.0025)
[UEDRS] [03:02:33] Memory Usage: RSS = 9169.05 MB, VMS = 34933.03 MB
[UEDRS] [00:03:56] Elapsed

[UEDRS] [03:02:33] Memory Usage: RSS = 9169.05 MB, VMS = 34933.03 MB
[UEDRS] [03:02:33] Releasing dataframe from memory
[UEDRS] [03:02:34] Memory Usage: RSS = 9083.12 MB, VMS = 34846.03 MB
[UEDRS] [03:02:34] Dataset: NETFLIX
[UEDRS] [03:02:34] Loading
[UEDRS] [03:02:39] Loading done
[UEDRS] [03:02:39] Memory Usage: RSS = 10103.86 MB, VMS = 35612.64 MB
[UEDRS] [00:00:04] Elapsed
[UEDRS] [03:02:39] Sampling
[UEDRS] [03:03:10] Sampling done, obtained size: 1000000
[UEDRS] [03:03:10] Memory Usage: RSS = 9337.27 MB, VMS = 34846.03 MB
[UEDRS] [00:00:31] Elapsed
[UEDRS] [03:03:10] Checking [RECBOLE][POP][NETFLIX][1m]
[UEDRS] [03:03:10] Starting
[UEDRS] [03:12:17] Finished (0.0083)
[UEDRS] [03:12:17] Memory Usage: RSS = 9642.45 MB, VMS = 35225.90 MB
[UEDRS] [00:09:07] Elapsed

[UEDRS] [03:12:17] Memory Usage: RSS = 9642.45 MB, VMS = 35225.90 MB
[UEDRS] [03:12:17] Releasing dataframe from memory
[UEDRS] [03:12:19] Memory Usage: RSS = 9344.41 MB, VMS = 34924.90 MB
[UEDRS] [03:12:19] Dataset: YAHOO
[UEDRS] [03:12:19] Loading
[UEDRS] [03:12:22] Loading done
[UEDRS] [03:12:22] Memory Usage: RSS = 9525.42 MB, VMS = 34924.90 MB
[UEDRS] [00:00:03] Elapsed
[UEDRS] [03:12:22] Sampling
[UEDRS] [03:13:22] Sampling done, obtained size: 1000000
[UEDRS] [03:13:22] Memory Usage: RSS = 9525.29 MB, VMS = 34924.90 MB
[UEDRS] [00:01:00] Elapsed
[UEDRS] [03:13:22] Checking [RECBOLE][POP][YAHOO][1m]
[UEDRS] [03:13:22] Starting
[UEDRS] [03:20:16] Finished (0.013)
[UEDRS] [03:20:16] Memory Usage: RSS = 9994.98 MB, VMS = 35469.95 MB
[UEDRS] [00:06:54] Elapsed

[UEDRS] [03:20:16] Memory Usage: RSS = 9994.98 MB, VMS = 35469.95 MB
[UEDRS] [03:20:16] Releasing dataframe from memory
[UEDRS] [03:20:18] Memory Usage: RSS = 9547.84 MB, VMS = 35018.95 MB
[UEDRS] [03:20:18] Dataset: ALIBABA
[UEDRS] [03:20:18] Loading
[UEDRS] [03:20:20] Loading done
[UEDRS] [03:20:20] Memory Usage: RSS = 9699.26 MB, VMS = 35018.95 MB
[UEDRS] [00:00:01] Elapsed
[UEDRS] [03:20:20] Sampling
[UEDRS] [03:22:13] Sampling done, obtained size: 1000000
[UEDRS] [03:22:13] Memory Usage: RSS = 9650.01 MB, VMS = 34969.52 MB
[UEDRS] [00:01:53] Elapsed
[UEDRS] [03:22:13] Checking [RECBOLE][POP][ALIBABA][1m]
[UEDRS] [03:22:13] Starting
[UEDRS] [03:24:14] Finished (0.00054)
[UEDRS] [03:24:14] Memory Usage: RSS = 10486.70 MB, VMS = 35883.57 MB
[UEDRS] [00:02:01] Elapsed

[UEDRS] [03:24:14] Memory Usage: RSS = 10486.70 MB, VMS = 35883.57 MB
[UEDRS] [03:24:14] Releasing dataframe from memory
[UEDRS] [03:24:16] Memory Usage: RSS = 9651.61 MB, VMS = 35043.54 MB
[UEDRS] [03:24:16] Dataset: GOODREADS
[UEDRS] [03:24:16] Loading
[UEDRS] [03:24:24] Loading done
[UEDRS] [03:24:24] Memory Usage: RSS = 9778.92 MB, VMS = 35043.54 MB
[UEDRS] [00:00:08] Elapsed
[UEDRS] [03:24:24] Sampling
[UEDRS] [03:25:01] Sampling done, obtained size: 1000000
[UEDRS] [03:25:01] Memory Usage: RSS = 9779.45 MB, VMS = 35043.54 MB
[UEDRS] [00:00:36] Elapsed
[UEDRS] [03:25:01] Checking [RECBOLE][POP][GOODREADS][1m]
[UEDRS] [03:25:01] Starting
[UEDRS] [03:32:41] Finished (0.0038)
[UEDRS] [03:32:41] Memory Usage: RSS = 10182.94 MB, VMS = 35523.61 MB
[UEDRS] [00:07:40] Elapsed

[UEDRS] [03:32:41] Memory Usage: RSS = 10182.94 MB, VMS = 35523.61 MB
[UEDRS] [03:32:41] Releasing dataframe from memory
[UEDRS] [03:32:43] Memory Usage: RSS = 9812.79 MB, VMS = 35149.61 MB
[UEDRS] [03:32:43] Dataset: LASTFM
[UEDRS] [03:32:43] Loading
[UEDRS] [03:32:51] Loading done
[UEDRS] [03:32:51] Memory Usage: RSS = 13597.75 MB, VMS = 38817.61 MB
[UEDRS] [00:00:08] Elapsed
[UEDRS] [03:32:51] Sampling
[UEDRS] [03:53:16] Sampling done, obtained size: 1000000
[UEDRS] [03:53:16] Memory Usage: RSS = 13653.62 MB, VMS = 38817.61 MB
[UEDRS] [00:20:24] Elapsed
[UEDRS] [03:53:16] Checking [RECBOLE][POP][LASTFM][1m]
[UEDRS] [03:53:16] Starting
[UEDRS] [03:58:01] Finished (0.00027)
[UEDRS] [03:58:01] Memory Usage: RSS = 13848.29 MB, VMS = 39085.55 MB
[UEDRS] [00:04:45] Elapsed

[UEDRS] [03:58:01] Memory Usage: RSS = 13848.29 MB, VMS = 39085.55 MB
[UEDRS] [03:58:01] Releasing dataframe from memory
[UEDRS] [03:58:02] Memory Usage: RSS = 13686.16 MB, VMS = 38921.55 MB
[UEDRS] [03:58:02] Desired size: 25000000
[UEDRS] [03:58:02] Dataset: MYANIMELIST
[UEDRS] [03:58:02] Loading
[UEDRS] [03:58:02] Loading done
[UEDRS] [03:58:02] Memory Usage: RSS = 13746.61 MB, VMS = 38921.57 MB
[UEDRS] [00:00:00] Elapsed
[UEDRS] [03:58:02] Sampling
[UEDRS] [03:58:02] Sampling done, obtained size: 7813730
[UEDRS] [03:58:02] Memory Usage: RSS = 13806.23 MB, VMS = 38981.18 MB
[UEDRS] [00:00:00] Elapsed
[UEDRS] [03:58:02] Checking [RECBOLE][POP][MYANIMELIST][8m]
[UEDRS] [03:58:02] Starting
[UEDRS] [04:02:29] Finished (0.11)
[UEDRS] [04:02:29] Memory Usage: RSS = 15142.05 MB, VMS = 40467.86 MB
[UEDRS] [00:04:26] Elapsed

[UEDRS] [04:02:29] Memory Usage: RSS = 15142.05 MB, VMS = 40467.86 MB
[UEDRS] [04:02:29] Releasing dataframe from memory
[UEDRS] [04:02:32] Memory Usage: RSS = 14563.31 MB, VMS = 39885.08 MB
[UEDRS] [04:02:32] Dataset: TMALL
[UEDRS] [04:02:32] Loading
[UEDRS] [04:02:33] Loading done
[UEDRS] [04:02:33] Memory Usage: RSS = 14477.97 MB, VMS = 39885.08 MB
[UEDRS] [00:00:01] Elapsed
[UEDRS] [04:02:33] Sampling
[UEDRS] [04:02:33] Sampling done, obtained size: 24363557
[UEDRS] [04:02:33] Memory Usage: RSS = 14477.97 MB, VMS = 39885.08 MB
[UEDRS] [00:00:00] Elapsed
[UEDRS] [04:02:33] Checking [RECBOLE][POP][TMALL][24m]
[UEDRS] [04:02:33] Starting
[UEDRS] [04:38:14] Finished (0.006)
[UEDRS] [04:38:14] Memory Usage: RSS = 21152.88 MB, VMS = 47938.09 MB
[UEDRS] [00:35:40] Elapsed

[UEDRS] [04:38:14] Memory Usage: RSS = 21152.88 MB, VMS = 47938.09 MB
[UEDRS] [04:38:14] Releasing dataframe from memory
[UEDRS] [04:38:28] Memory Usage: RSS = 18192.60 MB, VMS = 44966.89 MB
[UEDRS] [04:38:28] Dataset: MOVIELENS
[UEDRS] [04:38:28] Loading
[UEDRS] [04:38:29] Loading done
[UEDRS] [04:38:29] Memory Usage: RSS = 14294.80 MB, VMS = 41298.89 MB
[UEDRS] [00:00:00] Elapsed
[UEDRS] [04:38:29] Sampling
[UEDRS] [04:38:43] Sampling done, obtained size: 25000000
[UEDRS] [04:38:43] Memory Usage: RSS = 14294.80 MB, VMS = 41298.89 MB
[UEDRS] [00:00:14] Elapsed
[UEDRS] [04:38:43] Checking [RECBOLE][POP][MOVIELENS][25m]
[UEDRS] [04:38:43] Starting
[UEDRS] [04:51:49] Finished (0.076)
[UEDRS] [04:51:49] Memory Usage: RSS = 16107.00 MB, VMS = 43188.15 MB
[UEDRS] [00:13:05] Elapsed

[UEDRS] [04:51:49] Memory Usage: RSS = 16107.00 MB, VMS = 43188.15 MB
[UEDRS] [04:51:49] Releasing dataframe from memory
[UEDRS] [04:51:57] Memory Usage: RSS = 14618.90 MB, VMS = 41694.15 MB
[UEDRS] [04:51:57] Dataset: MUSIC4ALL
[UEDRS] [04:51:57] Loading
[UEDRS] [04:52:01] Loading done
[UEDRS] [04:52:01] Memory Usage: RSS = 14395.97 MB, VMS = 42075.75 MB
[UEDRS] [00:00:04] Elapsed
[UEDRS] [04:52:01] Sampling
[UEDRS] [04:52:16] Sampling done, obtained size: 25000000
[UEDRS] [04:52:16] Memory Usage: RSS = 14014.38 MB, VMS = 41694.15 MB
[UEDRS] [00:00:14] Elapsed
[UEDRS] [04:52:16] Checking [RECBOLE][POP][MUSIC4ALL][25m]
[UEDRS] [04:52:16] Starting
[UEDRS] [05:00:44] Finished (0.012)
[UEDRS] [05:00:44] Memory Usage: RSS = 15394.21 MB, VMS = 43151.17 MB
[UEDRS] [00:08:28] Elapsed

[UEDRS] [05:00:44] Memory Usage: RSS = 15394.21 MB, VMS = 43151.17 MB
[UEDRS] [05:00:44] Releasing dataframe from memory
[UEDRS] [05:00:51] Memory Usage: RSS = 14017.25 MB, VMS = 41768.17 MB
[UEDRS] [05:00:51] Dataset: NETFLIX
[UEDRS] [05:00:51] Loading
[UEDRS] [05:00:56] Loading done
[UEDRS] [05:00:56] Memory Usage: RSS = 14237.24 MB, VMS = 41768.17 MB
[UEDRS] [00:00:04] Elapsed
[UEDRS] [05:00:56] Sampling
[UEDRS] [05:01:38] Sampling done, obtained size: 25000000
[UEDRS] [05:01:38] Memory Usage: RSS = 14237.25 MB, VMS = 41768.17 MB
[UEDRS] [00:00:42] Elapsed
[UEDRS] [05:01:38] Checking [RECBOLE][POP][NETFLIX][25m]
[UEDRS] [05:01:38] Starting
[UEDRS] [05:28:42] Finished (0.027)
[UEDRS] [05:28:42] Memory Usage: RSS = 16474.93 MB, VMS = 44089.80 MB
[UEDRS] [00:27:03] Elapsed

[UEDRS] [05:28:42] Memory Usage: RSS = 16474.93 MB, VMS = 44089.80 MB
[UEDRS] [05:28:42] Releasing dataframe from memory
[UEDRS] [05:28:51] Memory Usage: RSS = 14501.12 MB, VMS = 42104.80 MB
[UEDRS] [05:28:51] Dataset: YAHOO
[UEDRS] [05:28:51] Loading
[UEDRS] [05:28:54] Loading done
[UEDRS] [05:28:54] Memory Usage: RSS = 14639.58 MB, VMS = 42104.80 MB
[UEDRS] [00:00:03] Elapsed
[UEDRS] [05:28:54] Sampling
[UEDRS] [05:29:59] Sampling done, obtained size: 25000000
[UEDRS] [05:29:59] Memory Usage: RSS = 14643.62 MB, VMS = 42103.80 MB
[UEDRS] [00:01:05] Elapsed
[UEDRS] [05:29:59] Checking [RECBOLE][POP][YAHOO][25m]
[UEDRS] [05:29:59] Starting
[UEDRS] [06:39:43] Finished (0.045)
[UEDRS] [06:39:43] Memory Usage: RSS = 19966.37 MB, VMS = 54931.51 MB
[UEDRS] [01:09:43] Elapsed

[UEDRS] [06:39:43] Memory Usage: RSS = 19966.37 MB, VMS = 54931.51 MB
[UEDRS] [06:39:43] Releasing dataframe from memory
[UEDRS] [06:40:04] Memory Usage: RSS = 15940.55 MB, VMS = 50888.66 MB
[UEDRS] [06:40:04] Dataset: ALIBABA
[UEDRS] [06:40:04] Loading
[UEDRS] [06:40:06] Loading done
[UEDRS] [06:40:06] Memory Usage: RSS = 16143.20 MB, VMS = 50888.66 MB
[UEDRS] [00:00:01] Elapsed
[UEDRS] [06:40:06] Sampling
[UEDRS] [06:42:04] Sampling done, obtained size: 25000000
[UEDRS] [06:42:04] Memory Usage: RSS = 16142.89 MB, VMS = 50888.66 MB
[UEDRS] [00:01:58] Elapsed
[UEDRS] [06:42:04] Checking [RECBOLE][POP][ALIBABA][25m]
[UEDRS] [06:42:04] Starting
[UEDRS] [10:13:30] Finished (0.0008)
[UEDRS] [10:13:30] Memory Usage: RSS = 26927.40 MB, VMS = 66021.66 MB
[UEDRS] [03:31:25] Elapsed

[UEDRS] [10:13:30] Memory Usage: RSS = 26927.40 MB, VMS = 66021.66 MB
[UEDRS] [10:13:30] Releasing dataframe from memory
[UEDRS] [10:14:09] Memory Usage: RSS = 19022.14 MB, VMS = 58095.83 MB
[UEDRS] [10:14:09] Dataset: GOODREADS
[UEDRS] [10:14:09] Loading
[UEDRS] [10:14:18] Loading done
[UEDRS] [10:14:18] Memory Usage: RSS = 19092.18 MB, VMS = 58087.83 MB
[UEDRS] [00:00:08] Elapsed
[UEDRS] [10:14:18] Sampling
[UEDRS] [10:15:00] Sampling done, obtained size: 25000000
[UEDRS] [10:15:00] Memory Usage: RSS = 19088.22 MB, VMS = 58083.83 MB
[UEDRS] [00:00:42] Elapsed
[UEDRS] [10:15:00] Checking [RECBOLE][POP][GOODREADS][25m]
[UEDRS] [10:15:00] Starting
[UEDRS] [11:00:46] Finished (0.015)
[UEDRS] [11:00:46] Memory Usage: RSS = 21768.30 MB, VMS = 60851.85 MB
[UEDRS] [00:45:45] Elapsed

[UEDRS] [11:00:46] Memory Usage: RSS = 21768.30 MB, VMS = 60851.85 MB
[UEDRS] [11:00:46] Releasing dataframe from memory
[UEDRS] [11:00:57] Memory Usage: RSS = 19089.38 MB, VMS = 58155.85 MB
[UEDRS] [11:00:57] Dataset: LASTFM
[UEDRS] [11:00:57] Loading
[UEDRS] [11:01:06] Loading done
[UEDRS] [11:01:06] Memory Usage: RSS = 22976.26 MB, VMS = 61822.85 MB
[UEDRS] [00:00:08] Elapsed
[UEDRS] [11:01:06] Sampling
[UEDRS] [11:01:37] Sampling done, obtained size: 25000000
[UEDRS] [11:01:37] Memory Usage: RSS = 22978.01 MB, VMS = 61822.85 MB
[UEDRS] [00:00:31] Elapsed
[UEDRS] [11:01:37] Checking [RECBOLE][POP][LASTFM][25m]
[UEDRS] [11:01:37] Starting
