[UEDRS] [00:00:37] Mode: ABSOLUTE STRATIFIED_USER
[UEDRS] [00:00:37] Tag:  RECBOLE:NEU_MF
[UEDRS] [00:00:37] Tool: RECBOLE
[UEDRS] [00:00:37] Algorithm: NEU_MF
[UEDRS] [00:00:37] Datasets: MYANIMELIST, TMALL, MOVIELENS, MUSIC4ALL, NETFLIX, YAHOO, ALIBABA, GOODREADS, LASTFM
[UEDRS] [00:00:37] Sizes: [100000, 250000, 500000, 750000, 1000000, 25000000, 50000000, 75000000, 100000000]

[UEDRS] [00:00:37] Desired size: 100000
[UEDRS] [00:00:37] Dataset: MYANIMELIST
[UEDRS] [00:00:37] Loading
[UEDRS] [00:00:40] Loading done
[UEDRS] [00:00:40] Memory Usage: RSS = 839.65 MB, VMS = 10552.42 MB
[UEDRS] [00:00:03] Elapsed
[UEDRS] [00:00:40] Sampling
[UEDRS] [00:00:43] Sampling done, obtained size: 100000
[UEDRS] [00:00:43] Memory Usage: RSS = 846.11 MB, VMS = 10560.78 MB
[UEDRS] [00:00:02] Elapsed
[UEDRS] [00:00:43] Checking [RECBOLE][NEU_MF][MYANIMELIST][100k]
[UEDRS] [00:00:43] Starting
[UEDRS] [00:02:15] Finished (0.00075)
[UEDRS] [00:02:15] Memory Usage: RSS = 1610.85 MB, VMS = 19959.25 MB
[UEDRS] [00:01:31] Elapsed

[UEDRS] [00:02:15] Memory Usage: RSS = 1610.85 MB, VMS = 19959.25 MB
[UEDRS] [00:02:15] Releasing dataframe from memory
[UEDRS] [00:02:15] Memory Usage: RSS = 1571.38 MB, VMS = 19919.25 MB
[UEDRS] [00:02:15] Dataset: TMALL
[UEDRS] [00:02:15] Loading
[UEDRS] [00:02:17] Loading done
[UEDRS] [00:02:17] Memory Usage: RSS = 2118.34 MB, VMS = 21135.26 MB
[UEDRS] [00:00:01] Elapsed
[UEDRS] [00:02:17] Sampling
[UEDRS] [00:02:38] Sampling done, obtained size: 100000
[UEDRS] [00:02:38] Memory Usage: RSS = 2167.67 MB, VMS = 21184.83 MB
[UEDRS] [00:00:21] Elapsed
[UEDRS] [00:02:38] Checking [RECBOLE][NEU_MF][TMALL][100k]
[UEDRS] [00:02:38] Starting
[UEDRS] [00:05:16] Finished (9.3e-05)
[UEDRS] [00:05:16] Memory Usage: RSS = 2247.86 MB, VMS = 21720.77 MB
[UEDRS] [00:02:37] Elapsed

[UEDRS] [00:05:16] Memory Usage: RSS = 2247.86 MB, VMS = 21720.77 MB
[UEDRS] [00:05:16] Releasing dataframe from memory
[UEDRS] [00:05:16] Memory Usage: RSS = 2186.41 MB, VMS = 21658.77 MB
[UEDRS] [00:05:16] Dataset: MOVIELENS
[UEDRS] [00:05:16] Loading
[UEDRS] [00:05:17] Loading done
[UEDRS] [00:05:17] Memory Usage: RSS = 3082.46 MB, VMS = 24262.91 MB
[UEDRS] [00:00:01] Elapsed
[UEDRS] [00:05:17] Sampling
[UEDRS] [00:05:25] Sampling done, obtained size: 100000
[UEDRS] [00:05:25] Memory Usage: RSS = 2849.35 MB, VMS = 24029.81 MB
[UEDRS] [00:00:07] Elapsed
[UEDRS] [00:05:25] Checking [RECBOLE][NEU_MF][MOVIELENS][100k]
[UEDRS] [00:05:25] Starting
[UEDRS] [00:06:33] Finished (0.00087)
[UEDRS] [00:06:33] Memory Usage: RSS = 2892.34 MB, VMS = 24144.83 MB
[UEDRS] [00:01:08] Elapsed

[UEDRS] [00:06:33] Memory Usage: RSS = 2892.34 MB, VMS = 24144.83 MB
[UEDRS] [00:06:33] Releasing dataframe from memory
[UEDRS] [00:06:34] Memory Usage: RSS = 2854.71 MB, VMS = 24106.83 MB
[UEDRS] [00:06:34] Dataset: MUSIC4ALL
[UEDRS] [00:06:34] Loading
[UEDRS] [00:06:41] Loading done
[UEDRS] [00:06:41] Memory Usage: RSS = 4410.06 MB, VMS = 26838.02 MB
[UEDRS] [00:00:07] Elapsed
[UEDRS] [00:06:41] Sampling
[UEDRS] [00:06:48] Sampling done, obtained size: 100000
[UEDRS] [00:06:48] Memory Usage: RSS = 3646.95 MB, VMS = 26074.83 MB
[UEDRS] [00:00:07] Elapsed
[UEDRS] [00:06:48] Checking [RECBOLE][NEU_MF][MUSIC4ALL][100k]
[UEDRS] [00:06:48] Starting
[UEDRS] [00:09:06] Finished (0.00011)
[UEDRS] [00:09:06] Memory Usage: RSS = 3687.66 MB, VMS = 26186.85 MB
[UEDRS] [00:02:17] Elapsed

[UEDRS] [00:09:06] Memory Usage: RSS = 3687.66 MB, VMS = 26186.85 MB
[UEDRS] [00:09:06] Releasing dataframe from memory
[UEDRS] [00:09:06] Memory Usage: RSS = 3653.99 MB, VMS = 26152.85 MB
[UEDRS] [00:09:06] Dataset: NETFLIX
[UEDRS] [00:09:06] Loading
[UEDRS] [00:09:12] Loading done
[UEDRS] [00:09:12] Memory Usage: RSS = 4657.02 MB, VMS = 31303.47 MB
[UEDRS] [00:00:05] Elapsed
[UEDRS] [00:09:12] Sampling
[UEDRS] [00:09:44] Sampling done, obtained size: 100000
[UEDRS] [00:09:44] Memory Usage: RSS = 3890.43 MB, VMS = 30536.86 MB
[UEDRS] [00:00:31] Elapsed
[UEDRS] [00:09:44] Checking [RECBOLE][NEU_MF][NETFLIX][100k]
[UEDRS] [00:09:44] Starting
[UEDRS] [00:10:21] Finished (0.00043)
[UEDRS] [00:10:21] Memory Usage: RSS = 3935.65 MB, VMS = 30790.88 MB
[UEDRS] [00:00:37] Elapsed

[UEDRS] [00:10:21] Memory Usage: RSS = 3935.65 MB, VMS = 30790.88 MB
[UEDRS] [00:10:21] Releasing dataframe from memory
[UEDRS] [00:10:21] Memory Usage: RSS = 3891.10 MB, VMS = 30745.88 MB
[UEDRS] [00:10:21] Dataset: YAHOO
[UEDRS] [00:10:21] Loading
[UEDRS] [00:10:28] Loading done
[UEDRS] [00:10:28] Memory Usage: RSS = 4555.68 MB, VMS = 30161.88 MB
[UEDRS] [00:00:06] Elapsed
[UEDRS] [00:10:28] Sampling
[UEDRS] [00:11:29] Sampling done, obtained size: 100000
[UEDRS] [00:11:29] Memory Usage: RSS = 4714.64 MB, VMS = 30321.58 MB
[UEDRS] [00:01:01] Elapsed
[UEDRS] [00:11:29] Checking [RECBOLE][NEU_MF][YAHOO][100k]
[UEDRS] [00:11:29] Starting
[UEDRS] [00:12:14] Finished (0.00063)
[UEDRS] [00:12:14] Memory Usage: RSS = 4755.34 MB, VMS = 30434.60 MB
[UEDRS] [00:00:44] Elapsed

[UEDRS] [00:12:14] Memory Usage: RSS = 4755.34 MB, VMS = 30434.60 MB
[UEDRS] [00:12:14] Releasing dataframe from memory
[UEDRS] [00:12:14] Memory Usage: RSS = 4718.70 MB, VMS = 30397.60 MB
[UEDRS] [00:12:14] Dataset: ALIBABA
[UEDRS] [00:12:14] Loading
[UEDRS] [00:12:26] Loading done
[UEDRS] [00:12:26] Memory Usage: RSS = 5929.50 MB, VMS = 30973.61 MB
[UEDRS] [00:00:11] Elapsed
[UEDRS] [00:12:26] Sampling
[UEDRS] [00:14:20] Sampling done, obtained size: 100000
[UEDRS] [00:14:20] Memory Usage: RSS = 6111.30 MB, VMS = 31154.56 MB
[UEDRS] [00:01:54] Elapsed
[UEDRS] [00:14:20] Checking [RECBOLE][NEU_MF][ALIBABA][100k]
[UEDRS] [00:14:20] Starting
[UEDRS] [00:14:45] Finished (0)
[UEDRS] [00:14:45] Memory Usage: RSS = 6169.33 MB, VMS = 31388.59 MB
[UEDRS] [00:00:24] Elapsed

[UEDRS] [00:14:45] Memory Usage: RSS = 6169.33 MB, VMS = 31388.59 MB
[UEDRS] [00:14:45] Releasing dataframe from memory
[UEDRS] [00:14:46] Memory Usage: RSS = 6111.83 MB, VMS = 31330.59 MB
[UEDRS] [00:14:46] Dataset: GOODREADS
[UEDRS] [00:14:46] Loading
[UEDRS] [00:14:59] Loading done
[UEDRS] [00:14:59] Memory Usage: RSS = 7210.71 MB, VMS = 31586.59 MB
[UEDRS] [00:00:13] Elapsed
[UEDRS] [00:14:59] Sampling
[UEDRS] [00:18:08] Sampling done, obtained size: 100000
[UEDRS] [00:18:08] Memory Usage: RSS = 7217.74 MB, VMS = 31586.59 MB
[UEDRS] [00:03:09] Elapsed
[UEDRS] [00:18:08] Checking [RECBOLE][NEU_MF][GOODREADS][100k]
[UEDRS] [00:18:08] Starting
[UEDRS] [00:20:02] Finished (6.1e-05)
[UEDRS] [00:20:02] Memory Usage: RSS = 7259.49 MB, VMS = 31700.61 MB
[UEDRS] [00:01:54] Elapsed

[UEDRS] [00:20:02] Memory Usage: RSS = 7259.49 MB, VMS = 31700.61 MB
[UEDRS] [00:20:02] Releasing dataframe from memory
[UEDRS] [00:20:03] Memory Usage: RSS = 7221.87 MB, VMS = 31662.61 MB
[UEDRS] [00:20:03] Dataset: LASTFM
[UEDRS] [00:20:03] Loading
[UEDRS] [00:20:29] Loading done
[UEDRS] [00:20:29] Memory Usage: RSS = 13535.23 MB, VMS = 36162.61 MB
[UEDRS] [00:00:26] Elapsed
[UEDRS] [00:20:29] Sampling
[UEDRS] [00:35:32] Sampling done, obtained size: 100000
[UEDRS] [00:35:32] Memory Usage: RSS = 13535.23 MB, VMS = 36162.61 MB
[UEDRS] [00:15:03] Elapsed
[UEDRS] [00:35:32] Checking [RECBOLE][NEU_MF][LASTFM][100k]
[UEDRS] [00:35:32] Starting
[UEDRS] [00:40:22] Finished (5.6e-05)
[UEDRS] [00:40:22] Memory Usage: RSS = 13565.85 MB, VMS = 36265.62 MB
[UEDRS] [00:04:49] Elapsed

[UEDRS] [00:40:22] Memory Usage: RSS = 13565.85 MB, VMS = 36265.62 MB
[UEDRS] [00:40:22] Releasing dataframe from memory
[UEDRS] [00:40:22] Memory Usage: RSS = 13536.08 MB, VMS = 36235.62 MB
[UEDRS] [00:40:22] Desired size: 250000
[UEDRS] [00:40:22] Dataset: MYANIMELIST
[UEDRS] [00:40:22] Loading
[UEDRS] [00:40:22] Loading done
[UEDRS] [00:40:22] Memory Usage: RSS = 13683.28 MB, VMS = 36235.62 MB
[UEDRS] [00:00:00] Elapsed
[UEDRS] [00:40:22] Sampling
[UEDRS] [00:40:25] Sampling done, obtained size: 250000
[UEDRS] [00:40:25] Memory Usage: RSS = 13683.28 MB, VMS = 36235.62 MB
[UEDRS] [00:00:02] Elapsed
[UEDRS] [00:40:25] Checking [RECBOLE][NEU_MF][MYANIMELIST][250k]
[UEDRS] [00:40:25] Starting
[UEDRS] [00:43:02] Finished (0.0027)
[UEDRS] [00:43:02] Memory Usage: RSS = 13734.54 MB, VMS = 36549.64 MB
[UEDRS] [00:02:36] Elapsed

[UEDRS] [00:43:02] Memory Usage: RSS = 13734.54 MB, VMS = 36549.64 MB
[UEDRS] [00:43:02] Releasing dataframe from memory
[UEDRS] [00:43:02] Memory Usage: RSS = 13686.10 MB, VMS = 36500.64 MB
[UEDRS] [00:43:02] Dataset: TMALL
[UEDRS] [00:43:02] Loading
[UEDRS] [00:43:02] Loading done
[UEDRS] [00:43:02] Memory Usage: RSS = 9988.36 MB, VMS = 32832.64 MB
[UEDRS] [00:00:00] Elapsed
[UEDRS] [00:43:02] Sampling
[UEDRS] [00:43:23] Sampling done, obtained size: 250000
[UEDRS] [00:43:23] Memory Usage: RSS = 9988.55 MB, VMS = 32832.64 MB
[UEDRS] [00:00:21] Elapsed
[UEDRS] [00:43:23] Checking [RECBOLE][NEU_MF][TMALL][250k]
[UEDRS] [00:43:23] Starting
[UEDRS] [01:00:03] Finished (2.6e-05)
[UEDRS] [01:00:03] Memory Usage: RSS = 10122.83 MB, VMS = 33232.66 MB
[UEDRS] [00:16:39] Elapsed

[UEDRS] [01:00:03] Memory Usage: RSS = 10122.83 MB, VMS = 33232.66 MB
[UEDRS] [01:00:03] Releasing dataframe from memory
[UEDRS] [01:00:04] Memory Usage: RSS = 9990.34 MB, VMS = 33098.66 MB
[UEDRS] [01:00:04] Dataset: MOVIELENS
[UEDRS] [01:00:04] Loading
[UEDRS] [01:00:04] Loading done
[UEDRS] [01:00:04] Memory Usage: RSS = 10108.99 MB, VMS = 33342.81 MB
[UEDRS] [00:00:00] Elapsed
[UEDRS] [01:00:04] Sampling
[UEDRS] [01:00:12] Sampling done, obtained size: 250000
[UEDRS] [01:00:12] Memory Usage: RSS = 9865.06 MB, VMS = 33098.66 MB
[UEDRS] [00:00:07] Elapsed
[UEDRS] [01:00:12] Checking [RECBOLE][NEU_MF][MOVIELENS][250k]
[UEDRS] [01:00:12] Starting
[UEDRS] [01:03:43] Finished (0.00022)
[UEDRS] [01:03:43] Memory Usage: RSS = 9949.01 MB, VMS = 33255.68 MB
[UEDRS] [00:03:31] Elapsed

[UEDRS] [01:03:43] Memory Usage: RSS = 9949.01 MB, VMS = 33255.68 MB
[UEDRS] [01:03:43] Releasing dataframe from memory
[UEDRS] [01:03:43] Memory Usage: RSS = 9865.96 MB, VMS = 33171.68 MB
[UEDRS] [01:03:43] Dataset: MUSIC4ALL
[UEDRS] [01:03:43] Loading
[UEDRS] [01:03:46] Loading done
[UEDRS] [01:03:46] Memory Usage: RSS = 10039.87 MB, VMS = 33934.87 MB
[UEDRS] [00:00:02] Elapsed
[UEDRS] [01:03:46] Sampling
[UEDRS] [01:03:53] Sampling done, obtained size: 250000
[UEDRS] [01:03:53] Memory Usage: RSS = 9276.68 MB, VMS = 33171.68 MB
[UEDRS] [00:00:07] Elapsed
[UEDRS] [01:03:53] Checking [RECBOLE][NEU_MF][MUSIC4ALL][250k]
[UEDRS] [01:03:53] Starting
[UEDRS] [01:10:24] Finished (0.00027)
[UEDRS] [01:10:24] Memory Usage: RSS = 9349.53 MB, VMS = 33313.70 MB
[UEDRS] [00:06:30] Elapsed

[UEDRS] [01:10:24] Memory Usage: RSS = 9349.53 MB, VMS = 33313.70 MB
[UEDRS] [01:10:24] Releasing dataframe from memory
[UEDRS] [01:10:25] Memory Usage: RSS = 9286.26 MB, VMS = 33249.70 MB
[UEDRS] [01:10:25] Dataset: NETFLIX
[UEDRS] [01:10:25] Loading
[UEDRS] [01:10:25] Loading done
[UEDRS] [01:10:25] Memory Usage: RSS = 10199.77 MB, VMS = 34016.31 MB
[UEDRS] [00:00:00] Elapsed
[UEDRS] [01:10:25] Sampling
[UEDRS] [01:10:57] Sampling done, obtained size: 250000
[UEDRS] [01:10:57] Memory Usage: RSS = 9434.55 MB, VMS = 33249.70 MB
[UEDRS] [00:00:31] Elapsed
[UEDRS] [01:10:57] Checking [RECBOLE][NEU_MF][NETFLIX][250k]
[UEDRS] [01:10:57] Starting
[UEDRS] [01:13:56] Finished (0.00042)
[UEDRS] [01:13:56] Memory Usage: RSS = 9546.05 MB, VMS = 33434.72 MB
[UEDRS] [00:02:59] Elapsed

[UEDRS] [01:13:56] Memory Usage: RSS = 9546.05 MB, VMS = 33434.72 MB
[UEDRS] [01:13:56] Releasing dataframe from memory
[UEDRS] [01:13:57] Memory Usage: RSS = 9437.36 MB, VMS = 33324.72 MB
[UEDRS] [01:13:57] Dataset: YAHOO
[UEDRS] [01:13:57] Loading
[UEDRS] [01:14:02] Loading done
[UEDRS] [01:14:02] Memory Usage: RSS = 9595.32 MB, VMS = 33324.72 MB
[UEDRS] [00:00:05] Elapsed
[UEDRS] [01:14:02] Sampling
[UEDRS] [01:15:04] Sampling done, obtained size: 250000
[UEDRS] [01:15:04] Memory Usage: RSS = 9599.05 MB, VMS = 33324.72 MB
[UEDRS] [00:01:01] Elapsed
[UEDRS] [01:15:04] Checking [RECBOLE][NEU_MF][YAHOO][250k]
[UEDRS] [01:15:04] Starting
[UEDRS] [01:17:03] Finished (0.00068)
[UEDRS] [01:17:03] Memory Usage: RSS = 9719.20 MB, VMS = 33709.74 MB
[UEDRS] [00:01:59] Elapsed

[UEDRS] [01:17:03] Memory Usage: RSS = 9719.20 MB, VMS = 33709.74 MB
[UEDRS] [01:17:03] Releasing dataframe from memory
[UEDRS] [01:17:04] Memory Usage: RSS = 9604.56 MB, VMS = 33593.74 MB
[UEDRS] [01:17:04] Dataset: ALIBABA
[UEDRS] [01:17:04] Loading
[UEDRS] [01:17:04] Loading done
[UEDRS] [01:17:04] Memory Usage: RSS = 9749.64 MB, VMS = 33593.74 MB
[UEDRS] [00:00:00] Elapsed
[UEDRS] [01:17:04] Sampling
[UEDRS] [01:19:01] Sampling done, obtained size: 250000
[UEDRS] [01:19:01] Memory Usage: RSS = 9749.51 MB, VMS = 33593.74 MB
[UEDRS] [00:01:56] Elapsed
[UEDRS] [01:19:01] Checking [RECBOLE][NEU_MF][ALIBABA][250k]
[UEDRS] [01:19:01] Starting
[UEDRS] [01:21:11] Finished (0)
[UEDRS] [01:21:11] Memory Usage: RSS = 9920.88 MB, VMS = 34030.76 MB
[UEDRS] [00:02:10] Elapsed

[UEDRS] [01:21:11] Memory Usage: RSS = 9920.88 MB, VMS = 34030.76 MB
[UEDRS] [01:21:11] Releasing dataframe from memory
[UEDRS] [01:21:12] Memory Usage: RSS = 9748.95 MB, VMS = 33856.76 MB
[UEDRS] [01:21:12] Dataset: GOODREADS
[UEDRS] [01:21:12] Loading
[UEDRS] [01:21:13] Loading done
[UEDRS] [01:21:13] Memory Usage: RSS = 9764.31 MB, VMS = 33856.76 MB
[UEDRS] [00:00:00] Elapsed
[UEDRS] [01:21:13] Sampling
[UEDRS] [01:24:34] Sampling done, obtained size: 250000
[UEDRS] [01:24:34] Memory Usage: RSS = 9764.86 MB, VMS = 33856.76 MB
[UEDRS] [00:03:21] Elapsed
[UEDRS] [01:24:34] Checking [RECBOLE][NEU_MF][GOODREADS][250k]
[UEDRS] [01:24:34] Starting
[UEDRS] [01:34:32] Finished (2.2e-05)
[UEDRS] [01:34:32] Memory Usage: RSS = 9883.88 MB, VMS = 34049.78 MB
[UEDRS] [00:09:57] Elapsed

[UEDRS] [01:34:32] Memory Usage: RSS = 9883.88 MB, VMS = 34049.78 MB
[UEDRS] [01:34:32] Releasing dataframe from memory
[UEDRS] [01:34:33] Memory Usage: RSS = 9768.27 MB, VMS = 33932.78 MB
[UEDRS] [01:34:33] Dataset: LASTFM
[UEDRS] [01:34:33] Loading
[UEDRS] [01:34:34] Loading done
[UEDRS] [01:34:34] Memory Usage: RSS = 13741.10 MB, VMS = 37600.78 MB
[UEDRS] [00:00:01] Elapsed
[UEDRS] [01:34:34] Sampling
[UEDRS] [01:35:25] Sampling done, obtained size: 250000
[UEDRS] [01:35:25] Memory Usage: RSS = 13741.11 MB, VMS = 37600.78 MB
[UEDRS] [00:00:51] Elapsed
[UEDRS] [01:35:25] Checking [RECBOLE][NEU_MF][LASTFM][250k]
[UEDRS] [01:35:25] Starting
[UEDRS] [01:59:58] Finished (5.8e-05)
[UEDRS] [01:59:58] Memory Usage: RSS = 13819.27 MB, VMS = 37751.80 MB
[UEDRS] [00:24:32] Elapsed

[UEDRS] [01:59:58] Memory Usage: RSS = 13819.27 MB, VMS = 37751.80 MB
[UEDRS] [01:59:58] Releasing dataframe from memory
[UEDRS] [01:59:59] Memory Usage: RSS = 13744.16 MB, VMS = 37675.80 MB
[UEDRS] [01:59:59] Desired size: 500000
[UEDRS] [01:59:59] Dataset: MYANIMELIST
[UEDRS] [01:59:59] Loading
[UEDRS] [01:59:59] Loading done
[UEDRS] [01:59:59] Memory Usage: RSS = 13737.93 MB, VMS = 37675.80 MB
[UEDRS] [00:00:00] Elapsed
[UEDRS] [01:59:59] Sampling
[UEDRS] [02:00:02] Sampling done, obtained size: 500000
[UEDRS] [02:00:02] Memory Usage: RSS = 13737.93 MB, VMS = 37675.80 MB
[UEDRS] [00:00:02] Elapsed
[UEDRS] [02:00:02] Checking [RECBOLE][NEU_MF][MYANIMELIST][500k]
[UEDRS] [02:00:02] Starting
[UEDRS] [02:03:34] Finished (0.0047)
[UEDRS] [02:03:34] Memory Usage: RSS = 13800.94 MB, VMS = 37810.82 MB
[UEDRS] [00:03:31] Elapsed

[UEDRS] [02:03:34] Memory Usage: RSS = 13800.94 MB, VMS = 37810.82 MB
[UEDRS] [02:03:34] Releasing dataframe from memory
[UEDRS] [02:03:34] Memory Usage: RSS = 13740.61 MB, VMS = 37749.82 MB
[UEDRS] [02:03:34] Dataset: TMALL
[UEDRS] [02:03:34] Loading
[UEDRS] [02:03:36] Loading done
[UEDRS] [02:03:36] Memory Usage: RSS = 13808.40 MB, VMS = 37749.82 MB
[UEDRS] [00:00:01] Elapsed
[UEDRS] [02:03:36] Sampling
[UEDRS] [02:03:57] Sampling done, obtained size: 500000
[UEDRS] [02:03:57] Memory Usage: RSS = 13809.32 MB, VMS = 37749.82 MB
[UEDRS] [00:00:21] Elapsed
[UEDRS] [02:03:57] Checking [RECBOLE][NEU_MF][TMALL][500k]
[UEDRS] [02:03:57] Starting
[UEDRS] [03:03:13] Finished (5.7e-06)
[UEDRS] [03:03:13] Memory Usage: RSS = 14041.27 MB, VMS = 38312.84 MB
[UEDRS] [00:59:16] Elapsed

[UEDRS] [03:03:13] Memory Usage: RSS = 14041.27 MB, VMS = 38312.84 MB
[UEDRS] [03:03:13] Releasing dataframe from memory
[UEDRS] [03:03:14] Memory Usage: RSS = 13812.98 MB, VMS = 38081.84 MB
[UEDRS] [03:03:14] Dataset: MOVIELENS
[UEDRS] [03:03:14] Loading
[UEDRS] [03:03:15] Loading done
[UEDRS] [03:03:15] Memory Usage: RSS = 10214.08 MB, VMS = 34657.99 MB
[UEDRS] [00:00:01] Elapsed
[UEDRS] [03:03:15] Sampling
[UEDRS] [03:03:23] Sampling done, obtained size: 500000
[UEDRS] [03:03:23] Memory Usage: RSS = 9969.96 MB, VMS = 34413.84 MB
[UEDRS] [00:00:07] Elapsed
[UEDRS] [03:03:23] Checking [RECBOLE][NEU_MF][MOVIELENS][500k]
[UEDRS] [03:03:23] Starting
[UEDRS] [03:11:15] Finished (3.5e-05)
[UEDRS] [03:11:15] Memory Usage: RSS = 10108.95 MB, VMS = 34626.86 MB
[UEDRS] [00:07:52] Elapsed

[UEDRS] [03:11:15] Memory Usage: RSS = 10108.95 MB, VMS = 34626.86 MB
[UEDRS] [03:11:15] Releasing dataframe from memory
[UEDRS] [03:11:16] Memory Usage: RSS = 9973.57 MB, VMS = 34489.86 MB
[UEDRS] [03:11:16] Dataset: MUSIC4ALL
[UEDRS] [03:11:16] Loading
[UEDRS] [03:11:21] Loading done
[UEDRS] [03:11:21] Memory Usage: RSS = 10174.34 MB, VMS = 35253.05 MB
[UEDRS] [00:00:05] Elapsed
[UEDRS] [03:11:21] Sampling
[UEDRS] [03:11:28] Sampling done, obtained size: 500000
[UEDRS] [03:11:28] Memory Usage: RSS = 9411.16 MB, VMS = 34489.86 MB
[UEDRS] [00:00:07] Elapsed
[UEDRS] [03:11:28] Checking [RECBOLE][NEU_MF][MUSIC4ALL][500k]
[UEDRS] [03:11:28] Starting
[UEDRS] [03:21:35] Finished (0.00012)
[UEDRS] [03:21:35] Memory Usage: RSS = 9412.50 MB, VMS = 34562.88 MB
[UEDRS] [00:10:06] Elapsed

[UEDRS] [03:21:35] Memory Usage: RSS = 9412.50 MB, VMS = 34562.88 MB
[UEDRS] [03:21:35] Releasing dataframe from memory
[UEDRS] [03:21:36] Memory Usage: RSS = 9412.50 MB, VMS = 34562.88 MB
[UEDRS] [03:21:36] Dataset: NETFLIX
[UEDRS] [03:21:36] Loading
[UEDRS] [03:21:41] Loading done
[UEDRS] [03:21:41] Memory Usage: RSS = 10346.78 MB, VMS = 35329.49 MB
[UEDRS] [00:00:05] Elapsed
[UEDRS] [03:21:41] Sampling
[UEDRS] [03:22:13] Sampling done, obtained size: 500000
[UEDRS] [03:22:13] Memory Usage: RSS = 9580.61 MB, VMS = 34562.88 MB
[UEDRS] [00:00:32] Elapsed
[UEDRS] [03:22:13] Checking [RECBOLE][NEU_MF][NETFLIX][500k]
[UEDRS] [03:22:13] Starting
[UEDRS] [03:30:27] Finished (0.00046)
[UEDRS] [03:30:27] Memory Usage: RSS = 9775.48 MB, VMS = 34832.90 MB
[UEDRS] [00:08:14] Elapsed

[UEDRS] [03:30:27] Memory Usage: RSS = 9775.48 MB, VMS = 34832.90 MB
[UEDRS] [03:30:27] Releasing dataframe from memory
[UEDRS] [03:30:28] Memory Usage: RSS = 9583.92 MB, VMS = 34638.90 MB
[UEDRS] [03:30:28] Dataset: YAHOO
[UEDRS] [03:30:28] Loading
[UEDRS] [03:30:29] Loading done
[UEDRS] [03:30:29] Memory Usage: RSS = 9738.54 MB, VMS = 34638.90 MB
[UEDRS] [00:00:00] Elapsed
[UEDRS] [03:30:29] Sampling
[UEDRS] [03:31:29] Sampling done, obtained size: 500000
[UEDRS] [03:31:29] Memory Usage: RSS = 9738.80 MB, VMS = 34638.90 MB
[UEDRS] [00:01:00] Elapsed
[UEDRS] [03:31:29] Checking [RECBOLE][NEU_MF][YAHOO][500k]
[UEDRS] [03:31:29] Starting
[UEDRS] [03:36:28] Finished (0.0012)
[UEDRS] [03:36:28] Memory Usage: RSS = 9740.12 MB, VMS = 35095.92 MB
[UEDRS] [00:04:58] Elapsed

[UEDRS] [03:36:28] Memory Usage: RSS = 9740.12 MB, VMS = 35095.92 MB
[UEDRS] [03:36:28] Releasing dataframe from memory
[UEDRS] [03:36:28] Memory Usage: RSS = 9740.12 MB, VMS = 35095.92 MB
[UEDRS] [03:36:28] Dataset: ALIBABA
[UEDRS] [03:36:28] Loading
[UEDRS] [03:36:43] Loading done
[UEDRS] [03:36:43] Memory Usage: RSS = 9733.22 MB, VMS = 35095.92 MB
[UEDRS] [00:00:14] Elapsed
[UEDRS] [03:36:43] Sampling
[UEDRS] [03:38:38] Sampling done, obtained size: 500000
[UEDRS] [03:38:38] Memory Usage: RSS = 9744.00 MB, VMS = 35106.98 MB
[UEDRS] [00:01:55] Elapsed
[UEDRS] [03:38:38] Checking [RECBOLE][NEU_MF][ALIBABA][500k]
[UEDRS] [03:38:38] Starting
[UEDRS] [03:47:16] Finished (1.6e-05)
[UEDRS] [03:47:16] Memory Usage: RSS = 10114.68 MB, VMS = 35809.00 MB
[UEDRS] [00:08:37] Elapsed

[UEDRS] [03:47:16] Memory Usage: RSS = 10114.68 MB, VMS = 35809.00 MB
[UEDRS] [03:47:16] Releasing dataframe from memory
[UEDRS] [03:47:16] Memory Usage: RSS = 9749.25 MB, VMS = 35440.00 MB
[UEDRS] [03:47:16] Dataset: GOODREADS
[UEDRS] [03:47:16] Loading
[UEDRS] [03:47:24] Loading done
[UEDRS] [03:47:24] Memory Usage: RSS = 9897.09 MB, VMS = 35440.00 MB
[UEDRS] [00:00:07] Elapsed
[UEDRS] [03:47:24] Sampling
[UEDRS] [03:48:01] Sampling done, obtained size: 500000
[UEDRS] [03:48:01] Memory Usage: RSS = 9896.84 MB, VMS = 35440.00 MB
[UEDRS] [00:00:37] Elapsed
[UEDRS] [03:48:01] Checking [RECBOLE][NEU_MF][GOODREADS][500k]
[UEDRS] [03:48:01] Starting
[UEDRS] [04:24:17] Finished (3.5e-05)
[UEDRS] [04:24:17] Memory Usage: RSS = 10122.87 MB, VMS = 35741.02 MB
[UEDRS] [00:36:15] Elapsed

[UEDRS] [04:24:17] Memory Usage: RSS = 10122.87 MB, VMS = 35741.02 MB
[UEDRS] [04:24:17] Releasing dataframe from memory
[UEDRS] [04:24:18] Memory Usage: RSS = 9899.60 MB, VMS = 35515.02 MB
[UEDRS] [04:24:18] Dataset: LASTFM
[UEDRS] [04:24:18] Loading
[UEDRS] [04:24:36] Loading done
[UEDRS] [04:24:36] Memory Usage: RSS = 13822.52 MB, VMS = 39183.02 MB
[UEDRS] [00:00:17] Elapsed
[UEDRS] [04:24:36] Sampling
[UEDRS] [04:24:56] Sampling done, obtained size: 500000
[UEDRS] [04:24:56] Memory Usage: RSS = 13822.92 MB, VMS = 39183.02 MB
[UEDRS] [00:00:20] Elapsed
[UEDRS] [04:24:56] Checking [RECBOLE][NEU_MF][LASTFM][500k]
[UEDRS] [04:24:56] Starting
[UEDRS] [05:27:34] Finished (5e-06)
[UEDRS] [05:27:34] Memory Usage: RSS = 13987.05 MB, VMS = 39519.04 MB
[UEDRS] [01:02:38] Elapsed

[UEDRS] [05:27:34] Memory Usage: RSS = 13987.05 MB, VMS = 39519.04 MB
[UEDRS] [05:27:34] Releasing dataframe from memory
[UEDRS] [05:27:35] Memory Usage: RSS = 13855.64 MB, VMS = 39386.04 MB
[UEDRS] [05:27:35] Desired size: 750000
[UEDRS] [05:27:35] Dataset: MYANIMELIST
[UEDRS] [05:27:35] Loading
[UEDRS] [05:27:35] Loading done
[UEDRS] [05:27:35] Memory Usage: RSS = 13903.76 MB, VMS = 39386.04 MB
[UEDRS] [00:00:00] Elapsed
[UEDRS] [05:27:35] Sampling
[UEDRS] [05:27:37] Sampling done, obtained size: 750000
[UEDRS] [05:27:37] Memory Usage: RSS = 13903.76 MB, VMS = 39386.04 MB
[UEDRS] [00:00:02] Elapsed
[UEDRS] [05:27:37] Checking [RECBOLE][NEU_MF][MYANIMELIST][750k]
[UEDRS] [05:27:37] Starting
[UEDRS] [05:32:13] Finished (0.0032)
[UEDRS] [05:32:13] Memory Usage: RSS = 13964.16 MB, VMS = 39519.06 MB
[UEDRS] [00:04:35] Elapsed

[UEDRS] [05:32:13] Memory Usage: RSS = 13964.16 MB, VMS = 39519.06 MB
[UEDRS] [05:32:13] Releasing dataframe from memory
[UEDRS] [05:32:13] Memory Usage: RSS = 13904.84 MB, VMS = 39459.06 MB
[UEDRS] [05:32:13] Dataset: TMALL
[UEDRS] [05:32:13] Loading
[UEDRS] [05:32:14] Loading done
[UEDRS] [05:32:14] Memory Usage: RSS = 13868.18 MB, VMS = 39459.06 MB
[UEDRS] [00:00:00] Elapsed
[UEDRS] [05:32:14] Sampling
[UEDRS] [05:32:35] Sampling done, obtained size: 750000
[UEDRS] [05:32:35] Memory Usage: RSS = 13869.07 MB, VMS = 39459.06 MB
[UEDRS] [00:00:21] Elapsed
[UEDRS] [05:32:35] Checking [RECBOLE][NEU_MF][TMALL][750k]
[UEDRS] [05:32:35] Starting
[UEDRS] [07:24:43] Finished (1.3e-05)
[UEDRS] [07:24:43] Memory Usage: RSS = 14178.54 MB, VMS = 39972.08 MB
[UEDRS] [01:52:07] Elapsed

[UEDRS] [07:24:43] Memory Usage: RSS = 14178.54 MB, VMS = 39972.08 MB
[UEDRS] [07:24:43] Releasing dataframe from memory
[UEDRS] [07:24:44] Memory Usage: RSS = 13870.79 MB, VMS = 39661.08 MB
[UEDRS] [07:24:44] Dataset: MOVIELENS
[UEDRS] [07:24:44] Loading
[UEDRS] [07:24:44] Loading done
[UEDRS] [07:24:44] Memory Usage: RSS = 10332.57 MB, VMS = 36237.23 MB
[UEDRS] [00:00:00] Elapsed
[UEDRS] [07:24:44] Sampling
[UEDRS] [07:24:52] Sampling done, obtained size: 750000
[UEDRS] [07:24:52] Memory Usage: RSS = 10088.43 MB, VMS = 35993.08 MB
[UEDRS] [00:00:07] Elapsed
[UEDRS] [07:24:52] Checking [RECBOLE][NEU_MF][MOVIELENS][750k]
[UEDRS] [07:24:52] Starting
[UEDRS] [07:35:26] Finished (9.9e-05)
[UEDRS] [07:35:26] Memory Usage: RSS = 10266.30 MB, VMS = 36245.10 MB
[UEDRS] [00:10:33] Elapsed

[UEDRS] [07:35:26] Memory Usage: RSS = 10266.30 MB, VMS = 36245.10 MB
[UEDRS] [07:35:26] Releasing dataframe from memory
[UEDRS] [07:35:27] Memory Usage: RSS = 10089.53 MB, VMS = 36066.10 MB
[UEDRS] [07:35:27] Dataset: MUSIC4ALL
[UEDRS] [07:35:27] Loading
[UEDRS] [07:35:30] Loading done
[UEDRS] [07:35:30] Memory Usage: RSS = 10160.90 MB, VMS = 36829.29 MB
[UEDRS] [00:00:02] Elapsed
[UEDRS] [07:35:30] Sampling
[UEDRS] [07:35:37] Sampling done, obtained size: 750000
[UEDRS] [07:35:37] Memory Usage: RSS = 9397.71 MB, VMS = 36066.10 MB
[UEDRS] [00:00:07] Elapsed
[UEDRS] [07:35:37] Checking [RECBOLE][NEU_MF][MUSIC4ALL][750k]
[UEDRS] [07:35:37] Starting
[UEDRS] [07:48:13] Finished (6.8e-05)
[UEDRS] [07:48:13] Memory Usage: RSS = 9502.08 MB, VMS = 36244.12 MB
[UEDRS] [00:12:35] Elapsed

[UEDRS] [07:48:13] Memory Usage: RSS = 9502.08 MB, VMS = 36244.12 MB
[UEDRS] [07:48:13] Releasing dataframe from memory
[UEDRS] [07:48:14] Memory Usage: RSS = 9399.44 MB, VMS = 36140.12 MB
[UEDRS] [07:48:14] Dataset: NETFLIX
[UEDRS] [07:48:14] Loading
[UEDRS] [07:48:14] Loading done
[UEDRS] [07:48:14] Memory Usage: RSS = 10336.65 MB, VMS = 36906.73 MB
[UEDRS] [00:00:00] Elapsed
[UEDRS] [07:48:14] Sampling
[UEDRS] [07:48:46] Sampling done, obtained size: 750000
[UEDRS] [07:48:46] Memory Usage: RSS = 9569.67 MB, VMS = 36139.12 MB
[UEDRS] [00:00:31] Elapsed
[UEDRS] [07:48:46] Checking [RECBOLE][NEU_MF][NETFLIX][750k]
[UEDRS] [07:48:46] Starting
[UEDRS] [08:00:46] Finished (0.00058)
[UEDRS] [08:00:46] Memory Usage: RSS = 9835.19 MB, VMS = 36480.14 MB
[UEDRS] [00:12:00] Elapsed

[UEDRS] [08:00:46] Memory Usage: RSS = 9835.19 MB, VMS = 36480.14 MB
[UEDRS] [08:00:46] Releasing dataframe from memory
[UEDRS] [08:00:48] Memory Usage: RSS = 9575.35 MB, VMS = 36217.14 MB
[UEDRS] [08:00:48] Dataset: YAHOO
[UEDRS] [08:00:48] Loading
[UEDRS] [08:00:48] Loading done
[UEDRS] [08:00:48] Memory Usage: RSS = 9713.77 MB, VMS = 36217.14 MB
[UEDRS] [00:00:00] Elapsed
[UEDRS] [08:00:48] Sampling
[UEDRS] [08:01:49] Sampling done, obtained size: 750000
[UEDRS] [08:01:49] Memory Usage: RSS = 9713.60 MB, VMS = 36217.14 MB
[UEDRS] [00:01:00] Elapsed
[UEDRS] [08:01:49] Checking [RECBOLE][NEU_MF][YAHOO][750k]
[UEDRS] [08:01:49] Starting
[UEDRS] [08:09:51] Finished (0.0029)
[UEDRS] [08:09:51] Memory Usage: RSS = 10076.94 MB, VMS = 36784.16 MB
[UEDRS] [00:08:02] Elapsed

[UEDRS] [08:09:51] Memory Usage: RSS = 10076.94 MB, VMS = 36784.16 MB
[UEDRS] [08:09:51] Releasing dataframe from memory
[UEDRS] [08:09:52] Memory Usage: RSS = 9715.66 MB, VMS = 36419.16 MB
[UEDRS] [08:09:52] Dataset: ALIBABA
[UEDRS] [08:09:52] Loading
[UEDRS] [08:09:53] Loading done
[UEDRS] [08:09:53] Memory Usage: RSS = 9879.25 MB, VMS = 36419.16 MB
[UEDRS] [00:00:00] Elapsed
[UEDRS] [08:09:53] Sampling
[UEDRS] [08:11:46] Sampling done, obtained size: 750000
[UEDRS] [08:11:46] Memory Usage: RSS = 9904.79 MB, VMS = 36444.18 MB
[UEDRS] [00:01:53] Elapsed
[UEDRS] [08:11:46] Checking [RECBOLE][NEU_MF][ALIBABA][750k]
[UEDRS] [08:11:46] Starting
[UEDRS] [08:31:05] Finished (0)
[UEDRS] [08:31:05] Memory Usage: RSS = 10477.74 MB, VMS = 37668.79 MB
[UEDRS] [00:19:19] Elapsed

[UEDRS] [08:31:05] Memory Usage: RSS = 10477.74 MB, VMS = 37668.79 MB
[UEDRS] [08:31:05] Releasing dataframe from memory
[UEDRS] [08:31:06] Memory Usage: RSS = 9849.94 MB, VMS = 37036.74 MB
[UEDRS] [08:31:06] Dataset: GOODREADS
[UEDRS] [08:31:06] Loading
[UEDRS] [08:31:07] Loading done
[UEDRS] [08:31:07] Memory Usage: RSS = 9920.18 MB, VMS = 37036.74 MB
[UEDRS] [00:00:00] Elapsed
[UEDRS] [08:31:07] Sampling
[UEDRS] [08:31:52] Sampling done, obtained size: 750000
[UEDRS] [08:31:52] Memory Usage: RSS = 9921.54 MB, VMS = 37036.74 MB
[UEDRS] [00:00:45] Elapsed
[UEDRS] [08:31:52] Checking [RECBOLE][NEU_MF][GOODREADS][750k]
[UEDRS] [08:31:52] Starting
[UEDRS] [09:44:34] Finished (5.7e-05)
[UEDRS] [09:44:34] Memory Usage: RSS = 10243.57 MB, VMS = 37433.76 MB
[UEDRS] [01:12:41] Elapsed

[UEDRS] [09:44:34] Memory Usage: RSS = 10243.57 MB, VMS = 37433.76 MB
[UEDRS] [09:44:34] Releasing dataframe from memory
[UEDRS] [09:44:35] Memory Usage: RSS = 9926.05 MB, VMS = 37112.76 MB
[UEDRS] [09:44:35] Dataset: LASTFM
[UEDRS] [09:44:35] Loading
[UEDRS] [09:44:52] Loading done
[UEDRS] [09:44:52] Memory Usage: RSS = 13832.34 MB, VMS = 40780.76 MB
[UEDRS] [00:00:17] Elapsed
[UEDRS] [09:44:52] Sampling
[UEDRS] [10:01:22] Sampling done, obtained size: 750000
[UEDRS] [10:01:22] Memory Usage: RSS = 13832.57 MB, VMS = 40780.76 MB
[UEDRS] [00:16:30] Elapsed
[UEDRS] [10:01:22] Checking [RECBOLE][NEU_MF][LASTFM][750k]
[UEDRS] [10:01:22] Starting
[UEDRS] [11:44:25] Finished (2.1e-06)
[UEDRS] [11:44:25] Memory Usage: RSS = 14013.18 MB, VMS = 41026.78 MB
[UEDRS] [01:43:02] Elapsed

[UEDRS] [11:44:25] Memory Usage: RSS = 14013.18 MB, VMS = 41026.78 MB
[UEDRS] [11:44:25] Releasing dataframe from memory
[UEDRS] [11:44:25] Memory Usage: RSS = 13841.07 MB, VMS = 40852.78 MB
[UEDRS] [11:44:25] Desired size: 1000000
[UEDRS] [11:44:25] Dataset: MYANIMELIST
[UEDRS] [11:44:26] Loading
[UEDRS] [11:44:26] Loading done
[UEDRS] [11:44:26] Memory Usage: RSS = 13835.15 MB, VMS = 40852.78 MB
[UEDRS] [00:00:00] Elapsed
[UEDRS] [11:44:26] Sampling
[UEDRS] [11:44:28] Sampling done, obtained size: 1000000
[UEDRS] [11:44:28] Memory Usage: RSS = 13835.15 MB, VMS = 40852.78 MB
[UEDRS] [00:00:02] Elapsed
[UEDRS] [11:44:28] Checking [RECBOLE][NEU_MF][MYANIMELIST][1m]
[UEDRS] [11:44:28] Starting
[UEDRS] [11:49:22] Finished (0.019)
[UEDRS] [11:49:22] Memory Usage: RSS = 13898.13 MB, VMS = 40987.80 MB
[UEDRS] [00:04:53] Elapsed

[UEDRS] [11:49:22] Memory Usage: RSS = 13898.13 MB, VMS = 40987.80 MB
[UEDRS] [11:49:22] Releasing dataframe from memory
[UEDRS] [11:49:23] Memory Usage: RSS = 13839.77 MB, VMS = 40928.80 MB
[UEDRS] [11:49:23] Dataset: TMALL
[UEDRS] [11:49:23] Loading
[UEDRS] [11:49:24] Loading done
[UEDRS] [11:49:24] Memory Usage: RSS = 10023.26 MB, VMS = 37260.80 MB
[UEDRS] [00:00:01] Elapsed
[UEDRS] [11:49:24] Sampling
[UEDRS] [11:49:46] Sampling done, obtained size: 1000000
[UEDRS] [11:49:46] Memory Usage: RSS = 10023.52 MB, VMS = 37260.80 MB
[UEDRS] [00:00:21] Elapsed
[UEDRS] [11:49:46] Checking [RECBOLE][NEU_MF][TMALL][1m]
[UEDRS] [11:49:46] Starting
[UEDRS] [14:42:04] Finished (8.1e-06)
[UEDRS] [14:42:04] Memory Usage: RSS = 10062.40 MB, VMS = 37373.63 MB
[UEDRS] [02:52:17] Elapsed

[UEDRS] [14:42:04] Memory Usage: RSS = 10062.40 MB, VMS = 37373.63 MB
[UEDRS] [14:42:04] Releasing dataframe from memory
[UEDRS] [14:42:04] Memory Usage: RSS = 10061.40 MB, VMS = 37372.63 MB
[UEDRS] [14:42:04] Dataset: MOVIELENS
[UEDRS] [14:42:04] Loading
[UEDRS] [14:42:06] Loading done
[UEDRS] [14:42:06] Memory Usage: RSS = 10119.68 MB, VMS = 37616.78 MB
[UEDRS] [00:00:01] Elapsed
[UEDRS] [14:42:06] Sampling
[UEDRS] [14:42:13] Sampling done, obtained size: 1000000
[UEDRS] [14:42:13] Memory Usage: RSS = 9907.55 MB, VMS = 37404.73 MB
[UEDRS] [00:00:07] Elapsed
[UEDRS] [14:42:13] Checking [RECBOLE][NEU_MF][MOVIELENS][1m]
[UEDRS] [14:42:13] Starting
[UEDRS] [14:56:14] Finished (0.0029)
[UEDRS] [14:56:14] Memory Usage: RSS = 10111.12 MB, VMS = 37681.75 MB
[UEDRS] [00:14:00] Elapsed

[UEDRS] [14:56:14] Memory Usage: RSS = 10111.12 MB, VMS = 37681.75 MB
[UEDRS] [14:56:14] Releasing dataframe from memory
[UEDRS] [14:56:15] Memory Usage: RSS = 9911.47 MB, VMS = 37479.75 MB
[UEDRS] [14:56:15] Dataset: MUSIC4ALL
[UEDRS] [14:56:15] Loading
[UEDRS] [14:56:20] Loading done
[UEDRS] [14:56:20] Memory Usage: RSS = 10270.81 MB, VMS = 38242.94 MB
[UEDRS] [00:00:05] Elapsed
[UEDRS] [14:56:20] Sampling
[UEDRS] [14:56:28] Sampling done, obtained size: 1000000
[UEDRS] [14:56:28] Memory Usage: RSS = 9507.63 MB, VMS = 37479.75 MB
[UEDRS] [00:00:07] Elapsed
[UEDRS] [14:56:28] Checking [RECBOLE][NEU_MF][MUSIC4ALL][1m]
[UEDRS] [14:56:28] Starting
[UEDRS] [15:10:33] Finished (5e-05)
[UEDRS] [15:10:33] Memory Usage: RSS = 9616.81 MB, VMS = 37661.77 MB
[UEDRS] [00:14:04] Elapsed

[UEDRS] [15:10:33] Memory Usage: RSS = 9616.81 MB, VMS = 37661.77 MB
[UEDRS] [15:10:33] Releasing dataframe from memory
[UEDRS] [15:10:33] Memory Usage: RSS = 9508.14 MB, VMS = 37551.77 MB
[UEDRS] [15:10:33] Dataset: NETFLIX
[UEDRS] [15:10:33] Loading
[UEDRS] [15:10:38] Loading done
[UEDRS] [15:10:38] Memory Usage: RSS = 10426.16 MB, VMS = 38318.38 MB
[UEDRS] [00:00:04] Elapsed
[UEDRS] [15:10:38] Sampling
[UEDRS] [15:11:08] Sampling done, obtained size: 1000000
[UEDRS] [15:11:08] Memory Usage: RSS = 9659.55 MB, VMS = 37551.77 MB
[UEDRS] [00:00:30] Elapsed
[UEDRS] [15:11:08] Checking [RECBOLE][NEU_MF][NETFLIX][1m]
[UEDRS] [15:11:08] Starting
[UEDRS] [15:26:10] Finished (0.0019)
[UEDRS] [15:26:10] Memory Usage: RSS = 9954.83 MB, VMS = 37922.13 MB
[UEDRS] [00:15:01] Elapsed

[UEDRS] [15:26:10] Memory Usage: RSS = 9954.83 MB, VMS = 37922.13 MB
[UEDRS] [15:26:10] Releasing dataframe from memory
[UEDRS] [15:26:11] Memory Usage: RSS = 9632.99 MB, VMS = 37597.13 MB
[UEDRS] [15:26:11] Dataset: YAHOO
[UEDRS] [15:26:11] Loading
[UEDRS] [15:26:15] Loading done
[UEDRS] [15:26:15] Memory Usage: RSS = 9749.12 MB, VMS = 37597.13 MB
[UEDRS] [00:00:03] Elapsed
[UEDRS] [15:26:15] Sampling
[UEDRS] [15:27:15] Sampling done, obtained size: 1000000
[UEDRS] [15:27:15] Memory Usage: RSS = 9749.32 MB, VMS = 37597.13 MB
[UEDRS] [00:01:00] Elapsed
[UEDRS] [15:27:15] Checking [RECBOLE][NEU_MF][YAHOO][1m]
[UEDRS] [15:27:15] Starting
[UEDRS] [15:38:41] Finished (0.01)
[UEDRS] [15:38:41] Memory Usage: RSS = 10243.65 MB, VMS = 38167.18 MB
[UEDRS] [00:11:25] Elapsed

[UEDRS] [15:38:41] Memory Usage: RSS = 10243.65 MB, VMS = 38167.18 MB
[UEDRS] [15:38:41] Releasing dataframe from memory
[UEDRS] [15:38:42] Memory Usage: RSS = 9771.34 MB, VMS = 37691.18 MB
[UEDRS] [15:38:42] Dataset: ALIBABA
[UEDRS] [15:38:42] Loading
[UEDRS] [15:38:52] Loading done
[UEDRS] [15:38:52] Memory Usage: RSS = 9852.25 MB, VMS = 37691.18 MB
[UEDRS] [00:00:09] Elapsed
[UEDRS] [15:38:52] Sampling
[UEDRS] [15:40:45] Sampling done, obtained size: 1000000
[UEDRS] [15:40:45] Memory Usage: RSS = 9813.41 MB, VMS = 37641.75 MB
[UEDRS] [00:01:52] Elapsed
[UEDRS] [15:40:45] Checking [RECBOLE][NEU_MF][ALIBABA][1m]
[UEDRS] [15:40:45] Starting
[UEDRS] [16:16:09] Finished (2.6e-05)
[UEDRS] [16:16:09] Memory Usage: RSS = 10667.66 MB, VMS = 39340.66 MB
[UEDRS] [00:35:23] Elapsed

[UEDRS] [16:16:09] Memory Usage: RSS = 10667.66 MB, VMS = 39340.66 MB
[UEDRS] [16:16:09] Releasing dataframe from memory
[UEDRS] [16:16:11] Memory Usage: RSS = 9880.48 MB, VMS = 38549.66 MB
[UEDRS] [16:16:11] Dataset: GOODREADS
[UEDRS] [16:16:11] Loading
[UEDRS] [16:16:23] Loading done
[UEDRS] [16:16:23] Memory Usage: RSS = 10025.24 MB, VMS = 38549.66 MB
[UEDRS] [00:00:12] Elapsed
[UEDRS] [16:16:23] Sampling
[UEDRS] [16:17:00] Sampling done, obtained size: 1000000
[UEDRS] [16:17:00] Memory Usage: RSS = 10026.91 MB, VMS = 38549.66 MB
[UEDRS] [00:00:37] Elapsed
[UEDRS] [16:17:00] Checking [RECBOLE][NEU_MF][GOODREADS][1m]
[UEDRS] [16:17:00] Starting
[UEDRS] [18:14:18] Finished (1.9e-05)
[UEDRS] [18:14:18] Memory Usage: RSS = 10400.30 MB, VMS = 38988.86 MB
[UEDRS] [01:57:18] Elapsed

[UEDRS] [18:14:18] Memory Usage: RSS = 10400.30 MB, VMS = 38988.86 MB
[UEDRS] [18:14:18] Releasing dataframe from memory
[UEDRS] [18:14:20] Memory Usage: RSS = 10007.91 MB, VMS = 38592.86 MB
[UEDRS] [18:14:20] Dataset: LASTFM
[UEDRS] [18:14:20] Loading
[UEDRS] [18:17:32] Loading done
[UEDRS] [18:17:32] Memory Usage: RSS = 13932.28 MB, VMS = 42260.86 MB
[UEDRS] [00:03:12] Elapsed
[UEDRS] [18:17:32] Sampling
[UEDRS] [18:17:52] Sampling done, obtained size: 1000000
[UEDRS] [18:17:52] Memory Usage: RSS = 13932.28 MB, VMS = 42260.86 MB
[UEDRS] [00:00:20] Elapsed
[UEDRS] [18:17:52] Checking [RECBOLE][NEU_MF][LASTFM][1m]
[UEDRS] [18:17:52] Starting
[UEDRS] [20:38:02] Finished (8.2e-06)
[UEDRS] [20:38:02] Memory Usage: RSS = 14149.09 MB, VMS = 42550.80 MB
[UEDRS] [02:20:09] Elapsed

[UEDRS] [20:38:02] Memory Usage: RSS = 14149.09 MB, VMS = 42550.80 MB
[UEDRS] [20:38:02] Releasing dataframe from memory
[UEDRS] [20:38:03] Memory Usage: RSS = 13961.23 MB, VMS = 42360.80 MB
[UEDRS] [20:38:03] Desired size: 25000000
[UEDRS] [20:38:03] Dataset: MYANIMELIST
[UEDRS] [20:38:03] Loading
[UEDRS] [20:38:03] Loading done
[UEDRS] [20:38:03] Memory Usage: RSS = 13923.64 MB, VMS = 42360.80 MB
[UEDRS] [00:00:00] Elapsed
[UEDRS] [20:38:03] Sampling
[UEDRS] [20:38:03] Sampling done, obtained size: 7813730
[UEDRS] [20:38:03] Memory Usage: RSS = 13983.25 MB, VMS = 42420.42 MB
[UEDRS] [00:00:00] Elapsed
[UEDRS] [20:38:03] Checking [RECBOLE][NEU_MF][MYANIMELIST][8m]
[UEDRS] [20:38:03] Starting
[UEDRS] [20:44:44] Finished (0.11)
[UEDRS] [20:44:44] Memory Usage: RSS = 15347.77 MB, VMS = 43861.01 MB
[UEDRS] [00:06:41] Elapsed

[UEDRS] [20:44:44] Memory Usage: RSS = 15347.77 MB, VMS = 43861.01 MB
[UEDRS] [20:44:44] Releasing dataframe from memory
[UEDRS] [20:44:46] Memory Usage: RSS = 14747.43 MB, VMS = 43257.23 MB
[UEDRS] [20:44:46] Dataset: TMALL
[UEDRS] [20:44:46] Loading
[UEDRS] [20:44:46] Loading done
[UEDRS] [20:44:46] Memory Usage: RSS = 14654.35 MB, VMS = 43257.23 MB
[UEDRS] [00:00:00] Elapsed
[UEDRS] [20:44:46] Sampling
[UEDRS] [20:44:47] Sampling done, obtained size: 24363557
[UEDRS] [20:44:47] Memory Usage: RSS = 14654.35 MB, VMS = 43257.23 MB
[UEDRS] [00:00:00] Elapsed
[UEDRS] [20:44:47] Checking [RECBOLE][NEU_MF][TMALL][24m]
[UEDRS] [20:44:47] Starting
