25 Nov 13:26    INFO  ['/mnt/source/utilities.py']
25 Nov 13:26    INFO  
General Hyper Parameters:
gpu_id = 0
use_gpu = True
seed = 42
state = INFO
reproducibility = True
data_path = /mnt/artifacts/recbole/datasets/netflix-f
checkpoint_dir = /mnt/artifacts/recbole/checkpoints
show_progress = False
save_dataset = False
dataset_save_path = None
save_dataloaders = False
dataloaders_save_path = None
log_wandb = False

Training Hyper Parameters:
epochs = 1
train_batch_size = 2048
learner = sgd
learning_rate = 1.0
train_neg_sample_args = {'distribution': 'uniform', 'sample_num': 1, 'alpha': 1.0, 'dynamic': False, 'candidate_num': 0}
eval_step = 4
stopping_step = 2
clip_grad_norm = None
weight_decay = 0.0
loss_decimal_place = 4

Evaluation Hyper Parameters:
eval_args = {'split': {'RS': [0.8, 0.1, 0.1]}, 'order': 'RO', 'group_by': 'user', 'mode': {'valid': 'full', 'test': 'full'}}
repeatable = False
metrics = ['NDCG']
topk = [10]
valid_metric = NDCG@10
valid_metric_bigger = True
eval_batch_size = 2048
metric_decimal_place = 5

Dataset Hyper Parameters:
field_separator = ,
seq_separator = 

USER_ID_FIELD = user_id
ITEM_ID_FIELD = item_id
RATING_FIELD = rating
TIME_FIELD = None
seq_len = None
LABEL_FIELD = label
threshold = None
NEG_PREFIX = neg_
load_col = None
unload_col = None
unused_col = None
additional_feat_suffix = None
rm_dup_inter = None
val_interval = None
filter_inter_by_user_or_item = True
user_inter_num_interval = [0,inf)
item_inter_num_interval = [0,inf)
alias_of_user_id = None
alias_of_item_id = None
alias_of_entity_id = None
alias_of_relation_id = None
preload_weight = None
normalize_field = None
normalize_all = None
ITEM_LIST_LENGTH_FIELD = item_length
LIST_SUFFIX = _list
MAX_ITEM_LIST_LENGTH = 50
POSITION_FIELD = position_id
HEAD_ENTITY_ID_FIELD = head_id
TAIL_ENTITY_ID_FIELD = tail_id
RELATION_ID_FIELD = relation_id
ENTITY_ID_FIELD = entity_id
benchmark_filename = None

Other Hyper Parameters: 
worker = 4
wandb_project = recbole
shuffle = True
require_pow = False
enable_amp = False
enable_scaler = False
transform = None
mlp_hidden_size = [600]
latent_dimension = 128
dropout_prob = 0.5
anneal_cap = 0.2
total_anneal_steps = 200000
numerical_features = []
discretization = None
kg_reverse_r = False
entity_kg_num_interval = [0,inf)
relation_kg_num_interval = [0,inf)
MODEL_TYPE = ModelType.GENERAL
split_to = 1
MODEL_INPUT_TYPE = InputType.PAIRWISE
eval_type = EvaluatorType.RANKING
single_spec = True
local_rank = 0
device = cuda
valid_neg_sample_args = {'distribution': 'uniform', 'sample_num': 'none'}
test_neg_sample_args = {'distribution': 'uniform', 'sample_num': 'none'}


/home/g064474/.local/lib/python3.11/site-packages/recbole/data/dataset/dataset.py:648: FutureWarning: A value is trying to be set on a copy of a DataFrame or Series through chained assignment using an inplace method.
The behavior will change in pandas 3.0. This inplace method will never work because the intermediate object on which we are setting values always behaves as a copy.

For example, when doing 'df[col].method(value, inplace=True)', try using 'df.method({col: value}, inplace=True)' or df[col] = df[col].method(value) instead, to perform the operation inplace on the original object.


  feat[field].fillna(value=0, inplace=True)
/home/g064474/.local/lib/python3.11/site-packages/recbole/data/dataset/dataset.py:650: FutureWarning: A value is trying to be set on a copy of a DataFrame or Series through chained assignment using an inplace method.
The behavior will change in pandas 3.0. This inplace method will never work because the intermediate object on which we are setting values always behaves as a copy.

For example, when doing 'df[col].method(value, inplace=True)', try using 'df.method({col: value}, inplace=True)' or df[col] = df[col].method(value) instead, to perform the operation inplace on the original object.


  feat[field].fillna(value=feat[field].mean(), inplace=True)
25 Nov 13:32    INFO  netflix-f
The number of users: 480190
Average actions of users: 209.25199660966828
The number of items: 17771
Average actions of items: 5654.502363534046
The number of inters: 100480507
The sparsity of the dataset: 98.82251105261099%
Remain Fields: ['user_id', 'item_id', 'rating']
25 Nov 13:37    INFO  [Training]: train_batch_size = [2048] train_neg_sample_args: [{'distribution': 'uniform', 'sample_num': 1, 'alpha': 1.0, 'dynamic': False, 'candidate_num': 0}]
25 Nov 13:37    INFO  [Evaluation]: eval_batch_size = [2048] eval_args: [{'split': {'RS': [0.8, 0.1, 0.1]}, 'order': 'RO', 'group_by': 'user', 'mode': {'valid': 'full', 'test': 'full'}}]
25 Nov 13:37    WARNING  Max value of user's history interaction records has reached 79.47217376624837% of the total.
25 Nov 13:39    INFO  ['/mnt/source/utilities.py']
25 Nov 13:39    INFO  
General Hyper Parameters:
gpu_id = 0
use_gpu = True
seed = 42
state = INFO
reproducibility = True
data_path = /mnt/artifacts/recbole/datasets/netflix-f
checkpoint_dir = /mnt/artifacts/recbole/checkpoints
show_progress = False
save_dataset = False
dataset_save_path = None
save_dataloaders = False
dataloaders_save_path = None
log_wandb = False

Training Hyper Parameters:
epochs = 1
train_batch_size = 2048
learner = sgd
learning_rate = 1.0
train_neg_sample_args = {'distribution': 'uniform', 'sample_num': 1, 'alpha': 1.0, 'dynamic': False, 'candidate_num': 0}
eval_step = 4
stopping_step = 2
clip_grad_norm = None
weight_decay = 0.0
loss_decimal_place = 4

Evaluation Hyper Parameters:
eval_args = {'split': {'RS': [0.8, 0.1, 0.1]}, 'order': 'RO', 'group_by': 'user', 'mode': {'valid': 'full', 'test': 'full'}}
repeatable = False
metrics = ['NDCG']
topk = [10]
valid_metric = NDCG@10
valid_metric_bigger = True
eval_batch_size = 2048
metric_decimal_place = 5

Dataset Hyper Parameters:
field_separator = ,
seq_separator = 

USER_ID_FIELD = user_id
ITEM_ID_FIELD = item_id
RATING_FIELD = rating
TIME_FIELD = None
seq_len = None
LABEL_FIELD = label
threshold = None
NEG_PREFIX = neg_
load_col = None
unload_col = None
unused_col = None
additional_feat_suffix = None
rm_dup_inter = None
val_interval = None
filter_inter_by_user_or_item = True
user_inter_num_interval = [0,inf)
item_inter_num_interval = [0,inf)
alias_of_user_id = None
alias_of_item_id = None
alias_of_entity_id = None
alias_of_relation_id = None
preload_weight = None
normalize_field = None
normalize_all = None
ITEM_LIST_LENGTH_FIELD = item_length
LIST_SUFFIX = _list
MAX_ITEM_LIST_LENGTH = 50
POSITION_FIELD = position_id
HEAD_ENTITY_ID_FIELD = head_id
TAIL_ENTITY_ID_FIELD = tail_id
RELATION_ID_FIELD = relation_id
ENTITY_ID_FIELD = entity_id
benchmark_filename = None

Other Hyper Parameters: 
worker = 4
wandb_project = recbole
shuffle = True
require_pow = False
enable_amp = False
enable_scaler = False
transform = None
mlp_hidden_size = [600]
latent_dimension = 64
dropout_prob = 0.5
numerical_features = []
discretization = None
kg_reverse_r = False
entity_kg_num_interval = [0,inf)
relation_kg_num_interval = [0,inf)
MODEL_TYPE = ModelType.GENERAL
split_to = 1
MODEL_INPUT_TYPE = InputType.PAIRWISE
eval_type = EvaluatorType.RANKING
single_spec = True
local_rank = 0
device = cuda
valid_neg_sample_args = {'distribution': 'uniform', 'sample_num': 'none'}
test_neg_sample_args = {'distribution': 'uniform', 'sample_num': 'none'}


/home/g064474/.local/lib/python3.11/site-packages/recbole/data/dataset/dataset.py:648: FutureWarning: A value is trying to be set on a copy of a DataFrame or Series through chained assignment using an inplace method.
The behavior will change in pandas 3.0. This inplace method will never work because the intermediate object on which we are setting values always behaves as a copy.

For example, when doing 'df[col].method(value, inplace=True)', try using 'df.method({col: value}, inplace=True)' or df[col] = df[col].method(value) instead, to perform the operation inplace on the original object.


  feat[field].fillna(value=0, inplace=True)
/home/g064474/.local/lib/python3.11/site-packages/recbole/data/dataset/dataset.py:650: FutureWarning: A value is trying to be set on a copy of a DataFrame or Series through chained assignment using an inplace method.
The behavior will change in pandas 3.0. This inplace method will never work because the intermediate object on which we are setting values always behaves as a copy.

For example, when doing 'df[col].method(value, inplace=True)', try using 'df.method({col: value}, inplace=True)' or df[col] = df[col].method(value) instead, to perform the operation inplace on the original object.


  feat[field].fillna(value=feat[field].mean(), inplace=True)
25 Nov 13:46    INFO  netflix-f
The number of users: 480190
Average actions of users: 209.25199660966828
The number of items: 17771
Average actions of items: 5654.502363534046
The number of inters: 100480507
The sparsity of the dataset: 98.82251105261099%
Remain Fields: ['user_id', 'item_id', 'rating']
25 Nov 13:51    INFO  [Training]: train_batch_size = [2048] train_neg_sample_args: [{'distribution': 'uniform', 'sample_num': 1, 'alpha': 1.0, 'dynamic': False, 'candidate_num': 0}]
25 Nov 13:51    INFO  [Evaluation]: eval_batch_size = [2048] eval_args: [{'split': {'RS': [0.8, 0.1, 0.1]}, 'order': 'RO', 'group_by': 'user', 'mode': {'valid': 'full', 'test': 'full'}}]
25 Nov 13:51    WARNING  Max value of user's history interaction records has reached 79.47217376624837% of the total.
25 Nov 13:53    INFO  ['/mnt/source/utilities.py']
25 Nov 13:53    INFO  
General Hyper Parameters:
gpu_id = 0
use_gpu = True
seed = 42
state = INFO
reproducibility = True
data_path = /mnt/artifacts/recbole/datasets/netflix-f
checkpoint_dir = /mnt/artifacts/recbole/checkpoints
show_progress = False
save_dataset = False
dataset_save_path = None
save_dataloaders = False
dataloaders_save_path = None
log_wandb = False

Training Hyper Parameters:
epochs = 1
train_batch_size = 2048
learner = sgd
learning_rate = 1.0
train_neg_sample_args = {'distribution': 'uniform', 'sample_num': 1, 'alpha': 1.0, 'dynamic': False, 'candidate_num': 0}
eval_step = 4
stopping_step = 2
clip_grad_norm = None
weight_decay = 0.0
loss_decimal_place = 4

Evaluation Hyper Parameters:
eval_args = {'split': {'RS': [0.8, 0.1, 0.1]}, 'order': 'RO', 'group_by': 'user', 'mode': {'valid': 'full', 'test': 'full'}}
repeatable = False
metrics = ['NDCG']
topk = [10]
valid_metric = NDCG@10
valid_metric_bigger = True
eval_batch_size = 2048
metric_decimal_place = 5

Dataset Hyper Parameters:
field_separator = ,
seq_separator = 

USER_ID_FIELD = user_id
ITEM_ID_FIELD = item_id
RATING_FIELD = rating
TIME_FIELD = None
seq_len = None
LABEL_FIELD = label
threshold = None
NEG_PREFIX = neg_
load_col = None
unload_col = None
unused_col = None
additional_feat_suffix = None
rm_dup_inter = None
val_interval = None
filter_inter_by_user_or_item = True
user_inter_num_interval = [0,inf)
item_inter_num_interval = [0,inf)
alias_of_user_id = None
alias_of_item_id = None
alias_of_entity_id = None
alias_of_relation_id = None
preload_weight = None
normalize_field = None
normalize_all = None
ITEM_LIST_LENGTH_FIELD = item_length
LIST_SUFFIX = _list
MAX_ITEM_LIST_LENGTH = 50
POSITION_FIELD = position_id
HEAD_ENTITY_ID_FIELD = head_id
TAIL_ENTITY_ID_FIELD = tail_id
RELATION_ID_FIELD = relation_id
ENTITY_ID_FIELD = entity_id
benchmark_filename = None

Other Hyper Parameters: 
worker = 4
wandb_project = recbole
shuffle = True
require_pow = False
enable_amp = False
enable_scaler = False
transform = None
loss_type = BCE
hid_activation = relu
out_activation = sigmoid
corruption_ratio = 0.5
embedding_size = 64
reg_weight_1 = 0.0
reg_weight_2 = 0.01
numerical_features = []
discretization = None
kg_reverse_r = False
entity_kg_num_interval = [0,inf)
relation_kg_num_interval = [0,inf)
MODEL_TYPE = ModelType.GENERAL
split_to = 1
MODEL_INPUT_TYPE = InputType.POINTWISE
eval_type = EvaluatorType.RANKING
single_spec = True
local_rank = 0
device = cuda
valid_neg_sample_args = {'distribution': 'uniform', 'sample_num': 'none'}
test_neg_sample_args = {'distribution': 'uniform', 'sample_num': 'none'}


/home/g064474/.local/lib/python3.11/site-packages/recbole/data/dataset/dataset.py:648: FutureWarning: A value is trying to be set on a copy of a DataFrame or Series through chained assignment using an inplace method.
The behavior will change in pandas 3.0. This inplace method will never work because the intermediate object on which we are setting values always behaves as a copy.

For example, when doing 'df[col].method(value, inplace=True)', try using 'df.method({col: value}, inplace=True)' or df[col] = df[col].method(value) instead, to perform the operation inplace on the original object.


  feat[field].fillna(value=0, inplace=True)
/home/g064474/.local/lib/python3.11/site-packages/recbole/data/dataset/dataset.py:650: FutureWarning: A value is trying to be set on a copy of a DataFrame or Series through chained assignment using an inplace method.
The behavior will change in pandas 3.0. This inplace method will never work because the intermediate object on which we are setting values always behaves as a copy.

For example, when doing 'df[col].method(value, inplace=True)', try using 'df.method({col: value}, inplace=True)' or df[col] = df[col].method(value) instead, to perform the operation inplace on the original object.


  feat[field].fillna(value=feat[field].mean(), inplace=True)
25 Nov 13:59    INFO  netflix-f
The number of users: 480190
Average actions of users: 209.25199660966828
The number of items: 17771
Average actions of items: 5654.502363534046
The number of inters: 100480507
The sparsity of the dataset: 98.82251105261099%
Remain Fields: ['user_id', 'item_id', 'rating']
25 Nov 14:05    INFO  [Training]: train_batch_size = [2048] train_neg_sample_args: [{'distribution': 'uniform', 'sample_num': 1, 'alpha': 1.0, 'dynamic': False, 'candidate_num': 0}]
25 Nov 14:05    INFO  [Evaluation]: eval_batch_size = [2048] eval_args: [{'split': {'RS': [0.8, 0.1, 0.1]}, 'order': 'RO', 'group_by': 'user', 'mode': {'valid': 'full', 'test': 'full'}}]
25 Nov 14:05    WARNING  Max value of user's history interaction records has reached 79.47217376624837% of the total.
25 Nov 14:07    INFO  ['/mnt/source/utilities.py']
25 Nov 14:07    INFO  
General Hyper Parameters:
gpu_id = 0
use_gpu = True
seed = 42
state = INFO
reproducibility = True
data_path = /mnt/artifacts/recbole/datasets/netflix-f
checkpoint_dir = /mnt/artifacts/recbole/checkpoints
show_progress = False
save_dataset = False
dataset_save_path = None
save_dataloaders = False
dataloaders_save_path = None
log_wandb = False

Training Hyper Parameters:
epochs = 1
train_batch_size = 2048
learner = sgd
learning_rate = 1.0
train_neg_sample_args = {'distribution': 'uniform', 'sample_num': 1, 'alpha': 1.0, 'dynamic': False, 'candidate_num': 0}
eval_step = 4
stopping_step = 2
clip_grad_norm = None
weight_decay = 0.0
loss_decimal_place = 4

Evaluation Hyper Parameters:
eval_args = {'split': {'RS': [0.8, 0.1, 0.1]}, 'order': 'RO', 'group_by': 'user', 'mode': {'valid': 'full', 'test': 'full'}}
repeatable = False
metrics = ['NDCG']
topk = [10]
valid_metric = NDCG@10
valid_metric_bigger = True
eval_batch_size = 2048
metric_decimal_place = 5

Dataset Hyper Parameters:
field_separator = ,
seq_separator = 

USER_ID_FIELD = user_id
ITEM_ID_FIELD = item_id
RATING_FIELD = rating
TIME_FIELD = None
seq_len = None
LABEL_FIELD = label
threshold = None
NEG_PREFIX = neg_
load_col = None
unload_col = None
unused_col = None
additional_feat_suffix = None
rm_dup_inter = None
val_interval = None
filter_inter_by_user_or_item = True
user_inter_num_interval = [0,inf)
item_inter_num_interval = [0,inf)
alias_of_user_id = None
alias_of_item_id = None
alias_of_entity_id = None
alias_of_relation_id = None
preload_weight = None
normalize_field = None
normalize_all = None
ITEM_LIST_LENGTH_FIELD = item_length
LIST_SUFFIX = _list
MAX_ITEM_LIST_LENGTH = 50
POSITION_FIELD = position_id
HEAD_ENTITY_ID_FIELD = head_id
TAIL_ENTITY_ID_FIELD = tail_id
RELATION_ID_FIELD = relation_id
ENTITY_ID_FIELD = entity_id
benchmark_filename = None

Other Hyper Parameters: 
worker = 4
wandb_project = recbole
shuffle = True
require_pow = False
enable_amp = False
enable_scaler = False
transform = None
embedding_size = 64
order = 2
second_order_loss_weight = 1.0
numerical_features = []
discretization = None
kg_reverse_r = False
entity_kg_num_interval = [0,inf)
relation_kg_num_interval = [0,inf)
MODEL_TYPE = ModelType.GENERAL
split_to = 1
MODEL_INPUT_TYPE = InputType.PAIRWISE
eval_type = EvaluatorType.RANKING
single_spec = True
local_rank = 0
device = cuda
valid_neg_sample_args = {'distribution': 'uniform', 'sample_num': 'none'}
test_neg_sample_args = {'distribution': 'uniform', 'sample_num': 'none'}


/home/g064474/.local/lib/python3.11/site-packages/recbole/data/dataset/dataset.py:648: FutureWarning: A value is trying to be set on a copy of a DataFrame or Series through chained assignment using an inplace method.
The behavior will change in pandas 3.0. This inplace method will never work because the intermediate object on which we are setting values always behaves as a copy.

For example, when doing 'df[col].method(value, inplace=True)', try using 'df.method({col: value}, inplace=True)' or df[col] = df[col].method(value) instead, to perform the operation inplace on the original object.


  feat[field].fillna(value=0, inplace=True)
/home/g064474/.local/lib/python3.11/site-packages/recbole/data/dataset/dataset.py:650: FutureWarning: A value is trying to be set on a copy of a DataFrame or Series through chained assignment using an inplace method.
The behavior will change in pandas 3.0. This inplace method will never work because the intermediate object on which we are setting values always behaves as a copy.

For example, when doing 'df[col].method(value, inplace=True)', try using 'df.method({col: value}, inplace=True)' or df[col] = df[col].method(value) instead, to perform the operation inplace on the original object.


  feat[field].fillna(value=feat[field].mean(), inplace=True)
25 Nov 14:13    INFO  netflix-f
The number of users: 480190
Average actions of users: 209.25199660966828
The number of items: 17771
Average actions of items: 5654.502363534046
The number of inters: 100480507
The sparsity of the dataset: 98.82251105261099%
Remain Fields: ['user_id', 'item_id', 'rating']
25 Nov 14:19    INFO  [Training]: train_batch_size = [2048] train_neg_sample_args: [{'distribution': 'uniform', 'sample_num': 1, 'alpha': 1.0, 'dynamic': False, 'candidate_num': 0}]
25 Nov 14:19    INFO  [Evaluation]: eval_batch_size = [2048] eval_args: [{'split': {'RS': [0.8, 0.1, 0.1]}, 'order': 'RO', 'group_by': 'user', 'mode': {'valid': 'full', 'test': 'full'}}]
25 Nov 14:19    INFO  LINE(
  (user_embedding): Embedding(480190, 64)
  (item_embedding): Embedding(17771, 64)
  (user_context_embedding): Embedding(480190, 64)
  (item_context_embedding): Embedding(17771, 64)
  (loss_fct): NegSamplingLoss()
)
Trainable parameters: 63739008
25 Nov 14:22    INFO  FLOPs: 128.0
/home/g064474/.local/lib/python3.11/site-packages/recbole/trainer/trainer.py:235: FutureWarning: `torch.cuda.amp.GradScaler(args...)` is deprecated. Please use `torch.amp.GradScaler('cuda', args...)` instead.
  scaler = amp.GradScaler(enabled=self.enable_scaler)
25 Nov 14:26    INFO  epoch 0 training [time: 224.69s, train loss: 109370.3058]
25 Nov 14:38    INFO  epoch 0 evaluating [time: 706.04s, valid_score: 0.001380]
25 Nov 14:38    INFO  valid result: 
ndcg@10 : 0.00138
25 Nov 14:50    INFO  The running environment of this training is as follows:
+-------------+------------------+
| Environment |      Usage       |
+=============+==================+
| CPU         |      0.20 %      |
+-------------+------------------+
| GPU         |  0.85 G/15.77 G  |
+-------------+------------------+
| Memory      | 39.11 G/251.74 G |
+-------------+------------------+
25 Nov 14:50    INFO  best valid : OrderedDict([('ndcg@10', 0.00138)])
25 Nov 14:50    INFO  test result: OrderedDict([('ndcg@10', 0.00137)])
