[UEDRS] [00:00:04] starting
[UEDRS] [00:00:04] cpus: 64
[UEDRS] [00:00:04] memory: 64
[UEDRS] [00:00:04] env variables:
[UEDRS] [00:00:04] OMP_NUM_THREADS: 64
[UEDRS] [00:00:04] MKL_NUM_THREADS: 64
[UEDRS] [00:00:04] OPENBLAS_NUM_THREADS: 64
[UEDRS] [00:00:04] NUMBA_NUM_THREADS: 64


[UEDRS] [00:00:04] algorithm: ITEM_KNN
[UEDRS] [00:00:16] MOVIELENS loaded
[UEDRS] [00:00:11] elapsed

[UEDRS] [00:00:16] starting with {}
[UEDRS] [00:32:49] finished with result: 0.24669
[UEDRS] [00:32:32] elapsed

[UEDRS] [00:32:49] starting with {'learning_rate': 0.25}
[UEDRS] [01:05:32] finished with result: 0.24669
[UEDRS] [00:32:43] elapsed

[UEDRS] [01:05:32] starting with {'learning_rate': 0.5}
[UEDRS] [01:36:06] finished with result: 0.24669
[UEDRS] [00:30:33] elapsed

[UEDRS] [01:36:06] starting with {'split_to': 1}
[UEDRS] [02:08:27] finished with result: 0.24669
[UEDRS] [00:32:20] elapsed

[UEDRS] [02:08:27] starting with {'saved': True}
[UEDRS] [02:45:13] finished with result: 0.24669
[UEDRS] [00:36:46] elapsed

