[UEDRS] [00:00:11] Mode: ABSOLUTE STRATIFIED_USER
[UEDRS] [00:00:11] Tag:  LENSKIT:ITEM_KNN
[UEDRS] [00:00:11] Tool: LENSKIT
[UEDRS] [00:00:11] Algorithm: ITEM_KNN
[UEDRS] [00:00:11] Datasets: MOVIELENS, NETFLIX, GOODREADS, MUSIC4ALL
[UEDRS] [00:00:11] Sizes: [1000000, 25000000, 50000000, 75000000, 100000000]

[UEDRS] [00:00:11] Current dataset [MOVIELENS]
[UEDRS] [00:00:11] Loading full dataset
[UEDRS] [00:00:20] Loading done
[UEDRS] [00:00:20] Memory Usage: RSS = 1343.46 MB, VMS = 4551.71 MB
[UEDRS] [00:00:08] Elapsed
[UEDRS] [00:00:20] Sampling for [1000000]
[UEDRS] [00:00:27] Sampling done
[UEDRS] [00:00:27] Memory Usage: RSS = 712.47 MB, VMS = 3919.76 MB
[UEDRS] [00:00:07] Elapsed
[UEDRS] [00:00:27] Checking [LENSKIT][ITEM_KNN][MOVIELENS][1m]
[UEDRS] [00:00:27] Skipping (0.0001)
[UEDRS] [00:00:27] Memory Usage: RSS = 712.47 MB, VMS = 3919.76 MB
[UEDRS] [00:00:27] Releasing dataframe from memory
[UEDRS] [00:00:27] Memory Usage: RSS = 651.43 MB, VMS = 3858.59 MB
[UEDRS] [00:00:27] Loading full dataset
[UEDRS] [00:00:32] Loading done
[UEDRS] [00:00:32] Memory Usage: RSS = 1383.86 MB, VMS = 4591.02 MB
[UEDRS] [00:00:04] Elapsed
[UEDRS] [00:00:32] Sampling for [25000000]
[UEDRS] [00:00:39] Sampling done
[UEDRS] [00:00:39] Memory Usage: RSS = 1409.77 MB, VMS = 4616.07 MB
[UEDRS] [00:00:07] Elapsed
[UEDRS] [00:00:39] Checking [LENSKIT][ITEM_KNN][MOVIELENS][25m]
[UEDRS] [00:00:39] Skipping (0.003)
[UEDRS] [00:00:39] Memory Usage: RSS = 1409.77 MB, VMS = 4616.07 MB
[UEDRS] [00:00:39] Releasing dataframe from memory
[UEDRS] [00:00:39] Memory Usage: RSS = 837.59 MB, VMS = 4043.89 MB
[UEDRS] [00:00:39] Loading full dataset
[UEDRS] [00:00:44] Loading done
[UEDRS] [00:00:44] Memory Usage: RSS = 1607.07 MB, VMS = 4813.25 MB
[UEDRS] [00:00:04] Elapsed
[UEDRS] [00:00:44] Sampling for [50000000]
[UEDRS] [00:00:51] Sampling done
[UEDRS] [00:00:51] Memory Usage: RSS = 1650.91 MB, VMS = 4857.21 MB
[UEDRS] [00:00:07] Elapsed
[UEDRS] [00:00:51] Checking [LENSKIT][ITEM_KNN][MOVIELENS][32m]
[UEDRS] [00:00:51] Skipping (0.00302)
[UEDRS] [00:00:51] Memory Usage: RSS = 1650.91 MB, VMS = 4857.21 MB
[UEDRS] [00:00:51] Releasing dataframe from memory
[UEDRS] [00:00:51] Memory Usage: RSS = 918.48 MB, VMS = 4124.79 MB
[UEDRS] [00:00:51] Loading full dataset
[UEDRS] [00:00:56] Loading done
[UEDRS] [00:00:56] Memory Usage: RSS = 1672.51 MB, VMS = 4878.69 MB
[UEDRS] [00:00:04] Elapsed
[UEDRS] [00:00:56] Sampling for [75000000]
[UEDRS] [00:01:04] Sampling done
[UEDRS] [00:01:04] Memory Usage: RSS = 1649.94 MB, VMS = 4857.21 MB
[UEDRS] [00:00:07] Elapsed
[UEDRS] [00:01:04] Checking [LENSKIT][ITEM_KNN][MOVIELENS][32m]
[UEDRS] [00:01:04] Skipping (0.00302)
[UEDRS] [00:01:04] Memory Usage: RSS = 1649.94 MB, VMS = 4857.21 MB
[UEDRS] [00:01:04] Releasing dataframe from memory
[UEDRS] [00:01:04] Memory Usage: RSS = 917.51 MB, VMS = 4124.79 MB
[UEDRS] [00:01:04] Loading full dataset
[UEDRS] [00:01:09] Loading done
[UEDRS] [00:01:09] Memory Usage: RSS = 1666.98 MB, VMS = 4874.13 MB
[UEDRS] [00:00:04] Elapsed
[UEDRS] [00:01:09] Sampling for [100000000]
[UEDRS] [00:01:16] Sampling done
[UEDRS] [00:01:16] Memory Usage: RSS = 1649.94 MB, VMS = 4857.21 MB
[UEDRS] [00:00:07] Elapsed
[UEDRS] [00:01:16] Checking [LENSKIT][ITEM_KNN][MOVIELENS][32m]
[UEDRS] [00:01:16] Skipping (0.00302)
[UEDRS] [00:01:16] Memory Usage: RSS = 1649.94 MB, VMS = 4857.21 MB
[UEDRS] [00:01:16] Releasing dataframe from memory
[UEDRS] [00:01:16] Memory Usage: RSS = 917.51 MB, VMS = 4124.79 MB
[UEDRS] [00:01:16] Current dataset [NETFLIX]
[UEDRS] [00:01:16] Loading full dataset
[UEDRS] [00:01:37] Loading done
[UEDRS] [00:01:37] Memory Usage: RSS = 3222.93 MB, VMS = 6430.07 MB
[UEDRS] [00:00:20] Elapsed
[UEDRS] [00:01:37] Sampling for [1000000]
[UEDRS] [00:02:02] Sampling done
[UEDRS] [00:02:02] Memory Usage: RSS = 924.08 MB, VMS = 4130.26 MB
[UEDRS] [00:00:24] Elapsed
[UEDRS] [00:02:02] Checking [LENSKIT][ITEM_KNN][NETFLIX][1m]
[UEDRS] [00:02:02] Skipping (0.0)
[UEDRS] [00:02:02] Memory Usage: RSS = 924.08 MB, VMS = 4130.26 MB
[UEDRS] [00:02:02] Releasing dataframe from memory
[UEDRS] [00:02:02] Memory Usage: RSS = 924.08 MB, VMS = 4130.26 MB
[UEDRS] [00:02:02] Loading full dataset
[UEDRS] [00:02:18] Loading done
[UEDRS] [00:02:18] Memory Usage: RSS = 3215.90 MB, VMS = 6422.07 MB
[UEDRS] [00:00:15] Elapsed
[UEDRS] [00:02:18] Sampling for [25000000]
[UEDRS] [00:02:43] Sampling done
[UEDRS] [00:02:43] Memory Usage: RSS = 1487.92 MB, VMS = 4694.09 MB
[UEDRS] [00:00:25] Elapsed
[UEDRS] [00:02:43] Checking [LENSKIT][ITEM_KNN][NETFLIX][25m]
[UEDRS] [00:02:43] Skipping (0.00397)
[UEDRS] [00:02:43] Memory Usage: RSS = 1487.92 MB, VMS = 4694.09 MB
[UEDRS] [00:02:43] Releasing dataframe from memory
[UEDRS] [00:02:44] Memory Usage: RSS = 916.09 MB, VMS = 4122.26 MB
[UEDRS] [00:02:44] Loading full dataset
[UEDRS] [00:02:59] Loading done
[UEDRS] [00:02:59] Memory Usage: RSS = 3224.73 MB, VMS = 6430.90 MB
[UEDRS] [00:00:15] Elapsed
[UEDRS] [00:02:59] Sampling for [50000000]
[UEDRS] [00:03:26] Sampling done
[UEDRS] [00:03:26] Memory Usage: RSS = 2217.36 MB, VMS = 5423.95 MB
[UEDRS] [00:00:27] Elapsed
[UEDRS] [00:03:26] Checking [LENSKIT][ITEM_KNN][NETFLIX][50m]
[UEDRS] [00:03:26] Skipping (0.01104)
[UEDRS] [00:03:26] Memory Usage: RSS = 2217.36 MB, VMS = 5423.95 MB
[UEDRS] [00:03:26] Releasing dataframe from memory
[UEDRS] [00:03:26] Memory Usage: RSS = 1073.66 MB, VMS = 4280.25 MB
[UEDRS] [00:03:26] Loading full dataset
[UEDRS] [00:03:42] Loading done
[UEDRS] [00:03:42] Memory Usage: RSS = 3426.57 MB, VMS = 6632.73 MB
[UEDRS] [00:00:15] Elapsed
[UEDRS] [00:03:42] Sampling for [75000000]
[UEDRS] [00:04:10] Sampling done
[UEDRS] [00:04:10] Memory Usage: RSS = 2981.23 MB, VMS = 6187.82 MB
[UEDRS] [00:00:27] Elapsed
[UEDRS] [00:04:10] Checking [LENSKIT][ITEM_KNN][NETFLIX][75m]
[UEDRS] [00:04:10] Skipping (0.02031)
[UEDRS] [00:04:10] Memory Usage: RSS = 2981.23 MB, VMS = 6187.82 MB
[UEDRS] [00:04:10] Releasing dataframe from memory
[UEDRS] [00:04:10] Memory Usage: RSS = 1264.68 MB, VMS = 4471.28 MB
[UEDRS] [00:04:10] Loading full dataset
[UEDRS] [00:04:26] Loading done
[UEDRS] [00:04:26] Memory Usage: RSS = 3563.59 MB, VMS = 6769.76 MB
[UEDRS] [00:00:15] Elapsed
[UEDRS] [00:04:26] Sampling for [100000000]
[UEDRS] [00:05:03] Sampling done
[UEDRS] [00:05:03] Memory Usage: RSS = 3744.58 MB, VMS = 6951.18 MB
[UEDRS] [00:00:37] Elapsed
[UEDRS] [00:05:03] Checking [LENSKIT][ITEM_KNN][NETFLIX][100m]
[UEDRS] [00:05:03] Skipping (0.03249)
[UEDRS] [00:05:03] Memory Usage: RSS = 3744.58 MB, VMS = 6951.18 MB
[UEDRS] [00:05:03] Releasing dataframe from memory
[UEDRS] [00:05:03] Memory Usage: RSS = 1455.76 MB, VMS = 4662.36 MB
[UEDRS] [00:05:03] Current dataset [GOODREADS]
[UEDRS] [00:05:03] Loading full dataset
[UEDRS] [00:06:10] Loading done
[UEDRS] [00:06:10] Memory Usage: RSS = 6726.20 MB, VMS = 9932.36 MB
[UEDRS] [00:01:06] Elapsed
[UEDRS] [00:06:10] Sampling for [1000000]
[UEDRS] [00:06:49] Sampling done
[UEDRS] [00:06:49] Memory Usage: RSS = 1492.85 MB, VMS = 4699.01 MB
[UEDRS] [00:00:39] Elapsed
[UEDRS] [00:06:49] Checking [LENSKIT][ITEM_KNN][GOODREADS][1m]
[UEDRS] [00:06:49] Skipping (0.0)
[UEDRS] [00:06:49] Memory Usage: RSS = 1492.85 MB, VMS = 4699.01 MB
[UEDRS] [00:06:49] Releasing dataframe from memory
[UEDRS] [00:06:50] Memory Usage: RSS = 1492.85 MB, VMS = 4699.01 MB
[UEDRS] [00:06:50] Loading full dataset
[UEDRS] [00:07:55] Loading done
[UEDRS] [00:07:55] Memory Usage: RSS = 6728.20 MB, VMS = 9934.36 MB
[UEDRS] [00:01:05] Elapsed
[UEDRS] [00:07:55] Sampling for [25000000]
[UEDRS] [00:08:35] Sampling done
[UEDRS] [00:08:35] Memory Usage: RSS = 2066.86 MB, VMS = 5273.02 MB
[UEDRS] [00:00:39] Elapsed
[UEDRS] [00:08:35] Checking [LENSKIT][ITEM_KNN][GOODREADS][25m]
[UEDRS] [00:08:35] Starting
2025-11-24 08:23:28 [warning  ] loaded pipeline does not match hash
