[UEDRS] [00:00:16] Mode: ABSOLUTE STRATIFIED_USER
[UEDRS] [00:00:16] Tag:  LENSKIT:BIASED_MF
[UEDRS] [00:00:16] Tool: LENSKIT
[UEDRS] [00:00:16] Algorithm: BIASED_MF
[UEDRS] [00:00:16] Datasets: MYANIMELIST, IPINYOU, TMALL, MOVIELENS, MUSIC4ALL, NETFLIX, YAHOO, ALIBABA, GOODREADS, LASTFM, AMAZON
[UEDRS] [00:00:16] Sizes: [25000000, 50000000, 75000000, 100000000]

[UEDRS] [00:00:16] Desired size: 25000000
[UEDRS] [00:00:16] Dataset: MYANIMELIST
[UEDRS] [00:00:16] Loading
[UEDRS] [00:00:16] Loading done
[UEDRS] [00:00:16] Memory Usage: RSS = 949.10 MB, VMS = 5080.04 MB
[UEDRS] [00:00:00] Elapsed
[UEDRS] [00:00:16] Sampling
[UEDRS] [00:00:16] Sampling done, obtained size: 7813730
[UEDRS] [00:00:16] Memory Usage: RSS = 979.24 MB, VMS = 5109.85 MB
[UEDRS] [00:00:00] Elapsed
[UEDRS] [00:00:16] Checking [LENSKIT][BIASED_MF][MYANIMELIST][8m]
[UEDRS] [00:00:16] Skipping (0.033)
[UEDRS] [00:00:16] Memory Usage: RSS = 979.24 MB, VMS = 5109.85 MB
[UEDRS] [00:00:16] Releasing dataframe from memory
[UEDRS] [00:00:17] Memory Usage: RSS = 860.00 MB, VMS = 4990.61 MB
[UEDRS] [00:00:17] Dataset: IPINYOU
[UEDRS] [00:00:17] Loading
[UEDRS] [00:00:18] Loading done
[UEDRS] [00:00:18] Memory Usage: RSS = 1133.14 MB, VMS = 6191.57 MB
[UEDRS] [00:00:01] Elapsed
[UEDRS] [00:00:18] Sampling
[UEDRS] [00:00:18] Sampling done, obtained size: 22269879
[UEDRS] [00:00:18] Memory Usage: RSS = 1175.62 MB, VMS = 6234.05 MB
[UEDRS] [00:00:00] Elapsed
[UEDRS] [00:00:18] Checking [LENSKIT][BIASED_MF][IPINYOU][22m]
[UEDRS] [00:00:18] Starting
