[UEDRS] [00:00:18] Mode: ABSOLUTE STRATIFIED_USER
[UEDRS] [00:00:18] Tag:  LENSKIT:ITEM_KNN
[UEDRS] [00:00:18] Tool: LENSKIT
[UEDRS] [00:00:18] Algorithm: ITEM_KNN
[UEDRS] [00:00:18] Datasets: IPINYOU, ALIBABA, GOODREADS, LASTFM, AMAZON
[UEDRS] [00:00:18] Sizes: [250000, 500000, 750000, 1000000, 25000000, 50000000, 75000000, 100000000]

[UEDRS] [00:00:18] Desired size: 250000
[UEDRS] [00:00:18] Dataset: IPINYOU
[UEDRS] [00:00:18] Loading
[UEDRS] [00:00:28] Loading done
[UEDRS] [00:00:28] Memory Usage: RSS = 3804.07 MB, VMS = 10926.82 MB
[UEDRS] [00:00:09] Elapsed
[UEDRS] [00:00:28] Sampling
[UEDRS] [00:09:05] Sampling done, obtained size: 250000
[UEDRS] [00:09:05] Memory Usage: RSS = 5291.46 MB, VMS = 12411.17 MB
[UEDRS] [00:08:37] Elapsed
[UEDRS] [00:09:05] Checking [LENSKIT][ITEM_KNN][IPINYOU][250k]
[UEDRS] [00:09:05] Skipping (0)
[UEDRS] [00:09:05] Memory Usage: RSS = 5291.46 MB, VMS = 12411.17 MB
[UEDRS] [00:09:05] Releasing dataframe from memory
[UEDRS] [00:09:05] Memory Usage: RSS = 3894.10 MB, VMS = 10996.17 MB
[UEDRS] [00:09:05] Dataset: ALIBABA
[UEDRS] [00:09:05] Loading
[UEDRS] [00:09:15] Loading done
[UEDRS] [00:09:15] Memory Usage: RSS = 6549.84 MB, VMS = 12976.17 MB
[UEDRS] [00:00:09] Elapsed
[UEDRS] [00:09:15] Sampling
[UEDRS] [00:11:08] Sampling done, obtained size: 250000
[UEDRS] [00:11:08] Memory Usage: RSS = 6554.54 MB, VMS = 12977.17 MB
[UEDRS] [00:01:52] Elapsed
[UEDRS] [00:11:08] Checking [LENSKIT][ITEM_KNN][ALIBABA][250k]
[UEDRS] [00:11:08] Skipping (0)
[UEDRS] [00:11:08] Memory Usage: RSS = 6554.54 MB, VMS = 12977.17 MB
[UEDRS] [00:11:08] Releasing dataframe from memory
[UEDRS] [00:11:08] Memory Usage: RSS = 6553.55 MB, VMS = 12976.17 MB
[UEDRS] [00:11:08] Dataset: GOODREADS
[UEDRS] [00:11:08] Loading
[UEDRS] [00:11:18] Loading done
[UEDRS] [00:11:18] Memory Usage: RSS = 7504.20 MB, VMS = 14508.17 MB
[UEDRS] [00:00:10] Elapsed
[UEDRS] [00:11:18] Sampling
[UEDRS] [00:11:55] Sampling done, obtained size: 250000
[UEDRS] [00:11:55] Memory Usage: RSS = 7505.84 MB, VMS = 14509.17 MB
[UEDRS] [00:00:37] Elapsed
[UEDRS] [00:11:55] Checking [LENSKIT][ITEM_KNN][GOODREADS][250k]
[UEDRS] [00:11:55] Skipping (0)
[UEDRS] [00:11:55] Memory Usage: RSS = 7505.84 MB, VMS = 14509.17 MB
[UEDRS] [00:11:55] Releasing dataframe from memory
[UEDRS] [00:11:56] Memory Usage: RSS = 7504.84 MB, VMS = 14508.17 MB
[UEDRS] [00:11:56] Dataset: LASTFM
[UEDRS] [00:11:56] Loading
[UEDRS] [00:12:13] Loading done
[UEDRS] [00:12:13] Memory Usage: RSS = 11456.86 MB, VMS = 16648.17 MB
[UEDRS] [00:00:17] Elapsed
[UEDRS] [00:12:13] Sampling
[UEDRS] [00:12:33] Sampling done, obtained size: 250000
[UEDRS] [00:12:33] Memory Usage: RSS = 11456.92 MB, VMS = 16648.17 MB
[UEDRS] [00:00:20] Elapsed
[UEDRS] [00:12:33] Checking [LENSKIT][ITEM_KNN][LASTFM][250k]
[UEDRS] [00:12:33] Skipping (0)
[UEDRS] [00:12:33] Memory Usage: RSS = 11456.92 MB, VMS = 16648.17 MB
[UEDRS] [00:12:33] Releasing dataframe from memory
[UEDRS] [00:12:34] Memory Usage: RSS = 11456.92 MB, VMS = 16648.17 MB
[UEDRS] [00:12:34] Dataset: AMAZON
[UEDRS] [00:12:34] Loading
[UEDRS] [00:27:24] Loading done
[UEDRS] [00:27:24] Memory Usage: RSS = 67374.99 MB, VMS = 100229.43 MB
[UEDRS] [00:14:50] Elapsed
[UEDRS] [00:27:24] Sampling
[UEDRS] [01:00:40] Sampling done, obtained size: 250000
[UEDRS] [01:00:40] Memory Usage: RSS = 58289.58 MB, VMS = 92179.24 MB
[UEDRS] [00:33:15] Elapsed
[UEDRS] [01:00:40] Checking [LENSKIT][ITEM_KNN][AMAZON][250k]
[UEDRS] [01:00:40] Starting
[UEDRS] [03:04:18] Finished (0)
[UEDRS] [03:04:18] Memory Usage: RSS = 47501.89 MB, VMS = 93403.34 MB
[UEDRS] [02:03:38] Elapsed

[UEDRS] [03:04:18] Memory Usage: RSS = 47501.89 MB, VMS = 93403.34 MB
[UEDRS] [03:04:18] Releasing dataframe from memory
[UEDRS] [03:04:19] Memory Usage: RSS = 43462.39 MB, VMS = 89323.34 MB
[UEDRS] [03:04:19] Desired size: 500000
[UEDRS] [03:04:19] Dataset: IPINYOU
[UEDRS] [03:04:19] Loading
[UEDRS] [03:07:22] Loading done
[UEDRS] [03:07:22] Memory Usage: RSS = 49961.70 MB, VMS = 90995.15 MB
[UEDRS] [00:03:03] Elapsed
[UEDRS] [03:07:22] Sampling
[UEDRS] [03:16:05] Sampling done, obtained size: 500000
[UEDRS] [03:16:05] Memory Usage: RSS = 49625.02 MB, VMS = 90658.34 MB
[UEDRS] [00:08:42] Elapsed
[UEDRS] [03:16:05] Checking [LENSKIT][ITEM_KNN][IPINYOU][500k]
[UEDRS] [03:16:05] Starting
[UEDRS] [09:10:09] Finished (0)
[UEDRS] [09:10:09] Memory Usage: RSS = 49680.82 MB, VMS = 90740.34 MB
[UEDRS] [05:54:04] Elapsed

[UEDRS] [09:10:09] Memory Usage: RSS = 49680.82 MB, VMS = 90740.34 MB
[UEDRS] [09:10:09] Releasing dataframe from memory
[UEDRS] [09:10:10] Memory Usage: RSS = 48328.11 MB, VMS = 89383.34 MB
[UEDRS] [09:10:10] Dataset: ALIBABA
[UEDRS] [09:10:10] Loading
[UEDRS] [09:10:15] Loading done
[UEDRS] [09:10:15] Memory Usage: RSS = 48470.00 MB, VMS = 89382.34 MB
[UEDRS] [00:00:05] Elapsed
[UEDRS] [09:10:15] Sampling
[UEDRS] [09:25:56] Sampling done, obtained size: 500000
[UEDRS] [09:25:56] Memory Usage: RSS = 48471.00 MB, VMS = 89383.34 MB
[UEDRS] [00:15:40] Elapsed
[UEDRS] [09:25:56] Checking [LENSKIT][ITEM_KNN][ALIBABA][500k]
[UEDRS] [09:25:56] Skipping (0)
[UEDRS] [09:25:56] Memory Usage: RSS = 48471.00 MB, VMS = 89383.34 MB
[UEDRS] [09:25:56] Releasing dataframe from memory
[UEDRS] [09:25:56] Memory Usage: RSS = 48471.00 MB, VMS = 89383.34 MB
[UEDRS] [09:25:56] Dataset: GOODREADS
[UEDRS] [09:25:56] Loading
[UEDRS] [09:26:04] Loading done
[UEDRS] [09:26:04] Memory Usage: RSS = 48800.29 MB, VMS = 89382.34 MB
[UEDRS] [00:00:07] Elapsed
[UEDRS] [09:26:04] Sampling
[UEDRS] [09:45:51] Sampling done, obtained size: 500000
[UEDRS] [09:45:51] Memory Usage: RSS = 48799.49 MB, VMS = 89382.34 MB
[UEDRS] [00:19:47] Elapsed
[UEDRS] [09:45:51] Checking [LENSKIT][ITEM_KNN][GOODREADS][500k]
[UEDRS] [09:45:51] Skipping (0)
[UEDRS] [09:45:51] Memory Usage: RSS = 48799.49 MB, VMS = 89382.34 MB
[UEDRS] [09:45:51] Releasing dataframe from memory
[UEDRS] [09:45:52] Memory Usage: RSS = 48798.49 MB, VMS = 89381.34 MB
[UEDRS] [09:45:52] Dataset: LASTFM
[UEDRS] [09:45:52] Loading
[UEDRS] [09:48:33] Loading done
[UEDRS] [09:48:33] Memory Usage: RSS = 52136.24 MB, VMS = 89381.34 MB
[UEDRS] [00:02:41] Elapsed
[UEDRS] [09:48:33] Sampling
[UEDRS] [10:19:28] Sampling done, obtained size: 500000
[UEDRS] [10:19:28] Memory Usage: RSS = 52074.88 MB, VMS = 89381.34 MB
[UEDRS] [00:30:55] Elapsed
[UEDRS] [10:19:28] Checking [LENSKIT][ITEM_KNN][LASTFM][500k]
[UEDRS] [10:19:28] Skipping (0)
[UEDRS] [10:19:28] Memory Usage: RSS = 52074.88 MB, VMS = 89381.34 MB
[UEDRS] [10:19:28] Releasing dataframe from memory
[UEDRS] [10:19:29] Memory Usage: RSS = 52074.88 MB, VMS = 89381.34 MB
[UEDRS] [10:19:29] Dataset: AMAZON
[UEDRS] [10:19:29] Loading
[UEDRS] [21:25:36] Loading done
[UEDRS] [21:25:36] Memory Usage: RSS = 80526.60 MB, VMS = 106511.55 MB
[UEDRS] [11:06:07] Elapsed
[UEDRS] [21:25:36] Sampling
