[UEDRS] [00:00:08] Mode: ABSOLUTE STRATIFIED_USER
[UEDRS] [00:00:08] Tag:  RECBOLE:POP
[UEDRS] [00:00:08] Tool: RECBOLE
[UEDRS] [00:00:08] Algorithm: POP
[UEDRS] [00:00:08] Datasets: MOVIELENS, NETFLIX, GOODREADS, MUSIC4ALL
[UEDRS] [00:00:08] Sizes: [1000000, 25000000, 50000000, 75000000, 100000000]

[UEDRS] [00:00:08] Current dataset [MOVIELENS]
[UEDRS] [00:00:08] Loading full dataset
[UEDRS] [00:00:12] Loading done
[UEDRS] [00:00:12] Memory Usage: RSS = 1355.25 MB, VMS = 9592.26 MB
[UEDRS] [00:00:04] Elapsed
[UEDRS] [00:00:12] Sampling for [1000000]
[UEDRS] [00:00:19] Sampling done
[UEDRS] [00:00:19] Memory Usage: RSS = 725.35 MB, VMS = 8960.31 MB
[UEDRS] [00:00:07] Elapsed
[UEDRS] [00:00:19] Checking [RECBOLE][POP][MOVIELENS][1m]
[UEDRS] [00:00:19] Starting
[UEDRS] [00:06:14] Finished (0.01784)
[UEDRS] [00:06:14] Memory Usage: RSS = 1763.50 MB, VMS = 55408.28 MB
[UEDRS] [00:05:54] Elapsed

[UEDRS] [00:06:14] Memory Usage: RSS = 1763.50 MB, VMS = 55408.28 MB
[UEDRS] [00:06:14] Releasing dataframe from memory
[UEDRS] [00:06:15] Memory Usage: RSS = 1463.32 MB, VMS = 55107.28 MB
[UEDRS] [00:06:15] Loading full dataset
[UEDRS] [00:06:20] Loading done
[UEDRS] [00:06:20] Memory Usage: RSS = 2221.78 MB, VMS = 55865.74 MB
[UEDRS] [00:00:04] Elapsed
[UEDRS] [00:06:20] Sampling for [25000000]
[UEDRS] [00:06:27] Sampling done
[UEDRS] [00:06:27] Memory Usage: RSS = 2062.05 MB, VMS = 55705.49 MB
[UEDRS] [00:00:07] Elapsed
[UEDRS] [00:06:27] Checking [RECBOLE][POP][MOVIELENS][25m]
[UEDRS] [00:06:27] Starting
[UEDRS] [00:19:40] Finished (0.07696)
[UEDRS] [00:19:40] Memory Usage: RSS = 7781.05 MB, VMS = 61502.43 MB
[UEDRS] [00:13:12] Elapsed

[UEDRS] [00:19:40] Memory Usage: RSS = 7781.05 MB, VMS = 61502.43 MB
[UEDRS] [00:19:40] Releasing dataframe from memory
[UEDRS] [00:19:49] Memory Usage: RSS = 5029.09 MB, VMS = 58744.38 MB
[UEDRS] [00:19:49] Loading full dataset
[UEDRS] [00:19:53] Loading done
[UEDRS] [00:19:53] Memory Usage: RSS = 5029.09 MB, VMS = 58744.38 MB
[UEDRS] [00:00:04] Elapsed
[UEDRS] [00:19:53] Sampling for [50000000]
[UEDRS] [00:20:01] Sampling done
[UEDRS] [00:20:01] Memory Usage: RSS = 5029.80 MB, VMS = 58744.38 MB
[UEDRS] [00:00:07] Elapsed
[UEDRS] [00:20:01] Checking [RECBOLE][POP][MOVIELENS][32m]
[UEDRS] [00:20:01] Starting
[UEDRS] [00:34:13] Finished (0.11876)
[UEDRS] [00:34:13] Memory Usage: RSS = 10055.72 MB, VMS = 63846.52 MB
[UEDRS] [00:14:11] Elapsed

[UEDRS] [00:34:13] Memory Usage: RSS = 10055.72 MB, VMS = 63846.52 MB
[UEDRS] [00:34:13] Releasing dataframe from memory
[UEDRS] [00:34:20] Memory Usage: RSS = 7864.11 MB, VMS = 61648.90 MB
[UEDRS] [00:34:20] Loading full dataset
[UEDRS] [00:34:25] Loading done
[UEDRS] [00:34:25] Memory Usage: RSS = 7863.11 MB, VMS = 61647.90 MB
[UEDRS] [00:00:04] Elapsed
[UEDRS] [00:34:25] Sampling for [75000000]
[UEDRS] [00:34:33] Sampling done
[UEDRS] [00:34:33] Memory Usage: RSS = 7863.26 MB, VMS = 61647.90 MB
[UEDRS] [00:00:07] Elapsed
[UEDRS] [00:34:33] Checking [RECBOLE][POP][MOVIELENS][32m]
[UEDRS] [00:34:33] Skipping (0.11876)
[UEDRS] [00:34:33] Memory Usage: RSS = 7863.26 MB, VMS = 61647.90 MB
[UEDRS] [00:34:33] Releasing dataframe from memory
[UEDRS] [00:34:33] Memory Usage: RSS = 7863.26 MB, VMS = 61647.90 MB
[UEDRS] [00:34:33] Loading full dataset
[UEDRS] [00:34:38] Loading done
[UEDRS] [00:34:38] Memory Usage: RSS = 7863.26 MB, VMS = 61647.90 MB
[UEDRS] [00:00:04] Elapsed
[UEDRS] [00:34:38] Sampling for [100000000]
[UEDRS] [00:34:45] Sampling done
[UEDRS] [00:34:45] Memory Usage: RSS = 7863.26 MB, VMS = 61647.90 MB
[UEDRS] [00:00:07] Elapsed
[UEDRS] [00:34:45] Checking [RECBOLE][POP][MOVIELENS][32m]
[UEDRS] [00:34:45] Skipping (0.11876)
[UEDRS] [00:34:45] Memory Usage: RSS = 7863.26 MB, VMS = 61647.90 MB
[UEDRS] [00:34:45] Releasing dataframe from memory
[UEDRS] [00:34:45] Memory Usage: RSS = 7863.26 MB, VMS = 61647.90 MB
[UEDRS] [00:34:45] Current dataset [NETFLIX]
[UEDRS] [00:34:45] Loading full dataset
[UEDRS] [00:35:14] Loading done
[UEDRS] [00:35:14] Memory Usage: RSS = 10162.09 MB, VMS = 63946.71 MB
[UEDRS] [00:00:28] Elapsed
[UEDRS] [00:35:14] Sampling for [1000000]
[UEDRS] [00:35:42] Sampling done
[UEDRS] [00:35:42] Memory Usage: RSS = 7862.28 MB, VMS = 61646.90 MB
[UEDRS] [00:00:28] Elapsed
[UEDRS] [00:35:42] Checking [RECBOLE][POP][NETFLIX][1m]
[UEDRS] [00:35:42] Starting
[UEDRS] [00:44:48] Finished (0.0085)
[UEDRS] [00:44:48] Memory Usage: RSS = 8259.20 MB, VMS = 62118.92 MB
[UEDRS] [00:09:06] Elapsed

[UEDRS] [00:44:48] Memory Usage: RSS = 8259.20 MB, VMS = 62118.92 MB
[UEDRS] [00:44:48] Releasing dataframe from memory
[UEDRS] [00:44:50] Memory Usage: RSS = 7869.49 MB, VMS = 61724.92 MB
[UEDRS] [00:44:50] Loading full dataset
[UEDRS] [00:45:06] Loading done
[UEDRS] [00:45:06] Memory Usage: RSS = 10169.14 MB, VMS = 64024.73 MB
[UEDRS] [00:00:16] Elapsed
[UEDRS] [00:45:06] Sampling for [25000000]
[UEDRS] [00:45:37] Sampling done
[UEDRS] [00:45:37] Memory Usage: RSS = 7868.52 MB, VMS = 61723.92 MB
[UEDRS] [00:00:30] Elapsed
[UEDRS] [00:45:37] Checking [RECBOLE][POP][NETFLIX][25m]
[UEDRS] [00:45:37] Starting
[UEDRS] [01:12:19] Finished (0.02714)
[UEDRS] [01:12:19] Memory Usage: RSS = 9989.25 MB, VMS = 63922.94 MB
[UEDRS] [00:26:41] Elapsed

[UEDRS] [01:12:19] Memory Usage: RSS = 9989.25 MB, VMS = 63922.94 MB
[UEDRS] [01:12:19] Releasing dataframe from memory
[UEDRS] [01:12:28] Memory Usage: RSS = 7896.11 MB, VMS = 61823.94 MB
[UEDRS] [01:12:28] Loading full dataset
[UEDRS] [01:12:44] Loading done
[UEDRS] [01:12:44] Memory Usage: RSS = 10180.95 MB, VMS = 64108.75 MB
[UEDRS] [00:00:16] Elapsed
[UEDRS] [01:12:44] Sampling for [50000000]
[UEDRS] [01:13:14] Sampling done
[UEDRS] [01:13:14] Memory Usage: RSS = 9025.68 MB, VMS = 62952.64 MB
[UEDRS] [00:00:30] Elapsed
[UEDRS] [01:13:14] Checking [RECBOLE][POP][NETFLIX][50m]
[UEDRS] [01:13:14] Starting
[UEDRS] [01:43:09] Finished (0.04225)
[UEDRS] [01:43:09] Memory Usage: RSS = 15629.39 MB, VMS = 69638.72 MB
[UEDRS] [00:29:54] Elapsed

[UEDRS] [01:43:09] Memory Usage: RSS = 15629.39 MB, VMS = 69638.72 MB
[UEDRS] [01:43:09] Releasing dataframe from memory
[UEDRS] [01:43:26] Memory Usage: RSS = 10628.72 MB, VMS = 64630.16 MB
[UEDRS] [01:43:26] Loading full dataset
[UEDRS] [01:43:42] Loading done
[UEDRS] [01:43:42] Memory Usage: RSS = 12909.82 MB, VMS = 66910.97 MB
[UEDRS] [00:00:16] Elapsed
[UEDRS] [01:43:42] Sampling for [75000000]
[UEDRS] [01:44:16] Sampling done
[UEDRS] [01:44:16] Memory Usage: RSS = 12325.91 MB, VMS = 66326.70 MB
[UEDRS] [00:00:33] Elapsed
[UEDRS] [01:44:16] Checking [RECBOLE][POP][NETFLIX][75m]
[UEDRS] [01:44:16] Starting
[UEDRS] [02:17:25] Finished (0.06668)
[UEDRS] [02:17:25] Memory Usage: RSS = 22037.43 MB, VMS = 76125.42 MB
[UEDRS] [00:33:09] Elapsed

[UEDRS] [02:17:25] Memory Usage: RSS = 22037.43 MB, VMS = 76125.42 MB
[UEDRS] [02:17:25] Releasing dataframe from memory
[UEDRS] [02:17:42] Memory Usage: RSS = 14889.94 MB, VMS = 68963.22 MB
[UEDRS] [02:17:42] Loading full dataset
[UEDRS] [02:17:58] Loading done
[UEDRS] [02:17:58] Memory Usage: RSS = 14889.06 MB, VMS = 68962.22 MB
[UEDRS] [00:00:16] Elapsed
[UEDRS] [02:17:58] Sampling for [100000000]
[UEDRS] [02:18:46] Sampling done
[UEDRS] [02:18:46] Memory Usage: RSS = 17178.45 MB, VMS = 71251.04 MB
[UEDRS] [00:00:48] Elapsed
[UEDRS] [02:18:46] Checking [RECBOLE][POP][NETFLIX][100m]
[UEDRS] [02:18:46] Starting
[UEDRS] [02:57:07] Finished (0.11248)
[UEDRS] [02:57:07] Memory Usage: RSS = 28407.34 MB, VMS = 82575.06 MB
[UEDRS] [00:38:20] Elapsed

[UEDRS] [02:57:07] Memory Usage: RSS = 28407.34 MB, VMS = 82575.06 MB
[UEDRS] [02:57:07] Releasing dataframe from memory
[UEDRS] [02:57:27] Memory Usage: RSS = 19123.39 MB, VMS = 73267.77 MB
[UEDRS] [02:57:27] Current dataset [GOODREADS]
[UEDRS] [02:57:27] Loading full dataset
[UEDRS] [02:58:34] Loading done
[UEDRS] [02:58:34] Memory Usage: RSS = 24352.05 MB, VMS = 78496.12 MB
[UEDRS] [00:01:07] Elapsed
[UEDRS] [02:58:34] Sampling for [1000000]
[UEDRS] [02:59:13] Sampling done
[UEDRS] [02:59:13] Memory Usage: RSS = 19119.66 MB, VMS = 73262.77 MB
[UEDRS] [00:00:39] Elapsed
[UEDRS] [02:59:13] Checking [RECBOLE][POP][GOODREADS][1m]
[UEDRS] [02:59:13] Starting
[UEDRS] [03:06:32] Finished (0.0038)
[UEDRS] [03:06:32] Memory Usage: RSS = 19541.63 MB, VMS = 73760.79 MB
[UEDRS] [00:07:18] Elapsed

[UEDRS] [03:06:32] Memory Usage: RSS = 19541.63 MB, VMS = 73760.79 MB
[UEDRS] [03:06:32] Releasing dataframe from memory
[UEDRS] [03:06:33] Memory Usage: RSS = 19124.20 MB, VMS = 73338.79 MB
[UEDRS] [03:06:33] Loading full dataset
[UEDRS] [03:07:37] Loading done
[UEDRS] [03:07:37] Memory Usage: RSS = 24355.57 MB, VMS = 78570.14 MB
[UEDRS] [00:01:03] Elapsed
[UEDRS] [03:07:37] Sampling for [25000000]
[UEDRS] [03:08:11] Sampling done
[UEDRS] [03:08:11] Memory Usage: RSS = 19122.32 MB, VMS = 73336.79 MB
[UEDRS] [00:00:34] Elapsed
[UEDRS] [03:08:11] Checking [RECBOLE][POP][GOODREADS][25m]
[UEDRS] [03:08:11] Starting
[UEDRS] [03:54:18] Finished (0.01454)
[UEDRS] [03:54:18] Memory Usage: RSS = 21941.11 MB, VMS = 76236.81 MB
[UEDRS] [00:46:06] Elapsed

[UEDRS] [03:54:18] Memory Usage: RSS = 21941.11 MB, VMS = 76236.81 MB
[UEDRS] [03:54:18] Releasing dataframe from memory
[UEDRS] [03:54:32] Memory Usage: RSS = 19150.91 MB, VMS = 73437.81 MB
[UEDRS] [03:54:32] Loading full dataset
[UEDRS] [03:55:09] Loading done
[UEDRS] [03:55:09] Memory Usage: RSS = 24364.44 MB, VMS = 78651.16 MB
[UEDRS] [00:00:36] Elapsed
[UEDRS] [03:55:09] Sampling for [50000000]
[UEDRS] [03:55:45] Sampling done
[UEDRS] [03:55:45] Memory Usage: RSS = 19131.35 MB, VMS = 73417.81 MB
[UEDRS] [00:00:36] Elapsed
[UEDRS] [03:55:45] Checking [RECBOLE][POP][GOODREADS][50m]
[UEDRS] [03:55:45] Starting
[UEDRS] [04:48:37] Finished (0.01817)
[UEDRS] [04:48:37] Memory Usage: RSS = 23347.01 MB, VMS = 77713.83 MB
[UEDRS] [00:52:52] Elapsed

[UEDRS] [04:48:37] Memory Usage: RSS = 23347.01 MB, VMS = 77713.83 MB
[UEDRS] [04:48:37] Releasing dataframe from memory
[UEDRS] [04:48:55] Memory Usage: RSS = 19163.95 MB, VMS = 73522.83 MB
[UEDRS] [04:48:55] Loading full dataset
[UEDRS] [04:49:31] Loading done
[UEDRS] [04:49:31] Memory Usage: RSS = 24375.34 MB, VMS = 78734.18 MB
[UEDRS] [00:00:36] Elapsed
[UEDRS] [04:49:31] Sampling for [75000000]
[UEDRS] [04:50:16] Sampling done
[UEDRS] [04:50:16] Memory Usage: RSS = 19142.36 MB, VMS = 73500.83 MB
[UEDRS] [00:00:45] Elapsed
[UEDRS] [04:50:16] Checking [RECBOLE][POP][GOODREADS][75m]
[UEDRS] [04:50:16] Starting
[UEDRS] [05:51:29] Finished (0.02205)
[UEDRS] [05:51:29] Memory Usage: RSS = 24719.58 MB, VMS = 79168.85 MB
[UEDRS] [01:01:12] Elapsed

[UEDRS] [05:51:29] Memory Usage: RSS = 24719.58 MB, VMS = 79168.85 MB
[UEDRS] [05:51:29] Releasing dataframe from memory
[UEDRS] [05:51:52] Memory Usage: RSS = 19152.96 MB, VMS = 73583.85 MB
[UEDRS] [05:51:52] Loading full dataset
[UEDRS] [05:52:28] Loading done
[UEDRS] [05:52:28] Memory Usage: RSS = 24380.37 MB, VMS = 78811.20 MB
[UEDRS] [00:00:36] Elapsed
[UEDRS] [05:52:28] Sampling for [100000000]
[UEDRS] [05:53:05] Sampling done
[UEDRS] [05:53:05] Memory Usage: RSS = 21435.73 MB, VMS = 75866.18 MB
[UEDRS] [00:00:37] Elapsed
[UEDRS] [05:53:05] Checking [RECBOLE][POP][GOODREADS][100m]
[UEDRS] [05:53:05] Starting
[UEDRS] [06:57:57] Finished (0.02666)
[UEDRS] [06:57:57] Memory Usage: RSS = 30056.75 MB, VMS = 84606.29 MB
[UEDRS] [01:04:51] Elapsed

[UEDRS] [06:57:57] Memory Usage: RSS = 30056.75 MB, VMS = 84606.29 MB
[UEDRS] [06:57:57] Releasing dataframe from memory
[UEDRS] [06:58:37] Memory Usage: RSS = 20708.44 MB, VMS = 75238.32 MB
[UEDRS] [06:58:37] Current dataset [MUSIC4ALL]
[UEDRS] [06:58:37] Loading full dataset
[UEDRS] [06:58:53] Loading done
[UEDRS] [06:58:53] Memory Usage: RSS = 21197.20 MB, VMS = 75732.32 MB
[UEDRS] [00:00:15] Elapsed
[UEDRS] [06:58:53] Sampling for [1000000]
[UEDRS] [06:59:02] Sampling done
[UEDRS] [06:59:02] Memory Usage: RSS = 21199.27 MB, VMS = 75733.32 MB
[UEDRS] [00:00:09] Elapsed
[UEDRS] [06:59:02] Checking [RECBOLE][POP][MUSIC4ALL][1m]
[UEDRS] [06:59:02] Starting
[UEDRS] [07:03:04] Finished (0.00288)
[UEDRS] [07:03:04] Memory Usage: RSS = 21415.16 MB, VMS = 76022.34 MB
[UEDRS] [00:04:02] Elapsed

[UEDRS] [07:03:04] Memory Usage: RSS = 21415.16 MB, VMS = 76022.34 MB
[UEDRS] [07:03:04] Releasing dataframe from memory
[UEDRS] [07:03:05] Memory Usage: RSS = 20709.57 MB, VMS = 75311.34 MB
[UEDRS] [07:03:05] Loading full dataset
[UEDRS] [07:03:20] Loading done
[UEDRS] [07:03:20] Memory Usage: RSS = 21197.45 MB, VMS = 75804.34 MB
[UEDRS] [00:00:14] Elapsed
[UEDRS] [07:03:20] Sampling for [25000000]
[UEDRS] [07:03:31] Sampling done
[UEDRS] [07:03:31] Memory Usage: RSS = 21199.36 MB, VMS = 75805.34 MB
[UEDRS] [00:00:11] Elapsed
[UEDRS] [07:03:31] Checking [RECBOLE][POP][MUSIC4ALL][25m]
[UEDRS] [07:03:31] Starting
[UEDRS] [07:12:30] Finished (0.01188)
[UEDRS] [07:12:30] Memory Usage: RSS = 22750.88 MB, VMS = 77430.36 MB
[UEDRS] [00:08:58] Elapsed

[UEDRS] [07:12:30] Memory Usage: RSS = 22750.88 MB, VMS = 77430.36 MB
[UEDRS] [07:12:30] Releasing dataframe from memory
[UEDRS] [07:12:36] Memory Usage: RSS = 20738.03 MB, VMS = 75411.36 MB
[UEDRS] [07:12:36] Loading full dataset
[UEDRS] [07:12:50] Loading done
[UEDRS] [07:12:50] Memory Usage: RSS = 21197.71 MB, VMS = 75876.36 MB
[UEDRS] [00:00:14] Elapsed
[UEDRS] [07:12:50] Sampling for [50000000]
[UEDRS] [07:13:19] Sampling done
[UEDRS] [07:13:19] Memory Usage: RSS = 21199.45 MB, VMS = 75877.36 MB
[UEDRS] [00:00:29] Elapsed
[UEDRS] [07:13:19] Checking [RECBOLE][POP][MUSIC4ALL][50m]
[UEDRS] [07:13:19] Starting
[UEDRS] [07:25:49] Finished (0.02922)
[UEDRS] [07:25:49] Memory Usage: RSS = 24123.20 MB, VMS = 78876.38 MB
[UEDRS] [00:12:30] Elapsed

[UEDRS] [07:25:49] Memory Usage: RSS = 24123.20 MB, VMS = 78876.38 MB
[UEDRS] [07:25:49] Releasing dataframe from memory
[UEDRS] [07:26:00] Memory Usage: RSS = 20781.07 MB, VMS = 75527.38 MB
[UEDRS] [07:26:00] Loading full dataset
[UEDRS] [07:26:14] Loading done
[UEDRS] [07:26:14] Memory Usage: RSS = 21198.00 MB, VMS = 75948.38 MB
[UEDRS] [00:00:14] Elapsed
[UEDRS] [07:26:14] Sampling for [75000000]
[UEDRS] [07:26:28] Sampling done
[UEDRS] [07:26:28] Memory Usage: RSS = 21199.67 MB, VMS = 75949.38 MB
[UEDRS] [00:00:13] Elapsed
[UEDRS] [07:26:28] Checking [RECBOLE][POP][MUSIC4ALL][50m]
[UEDRS] [07:26:28] Starting
[UEDRS] [07:37:44] Finished (0.02922)
[UEDRS] [07:37:44] Memory Usage: RSS = 24124.49 MB, VMS = 78949.40 MB
[UEDRS] [00:11:16] Elapsed

[UEDRS] [07:37:44] Memory Usage: RSS = 24124.49 MB, VMS = 78949.40 MB
[UEDRS] [07:37:44] Releasing dataframe from memory
[UEDRS] [07:37:59] Memory Usage: RSS = 20785.43 MB, VMS = 75603.40 MB
[UEDRS] [07:37:59] Loading full dataset
[UEDRS] [07:38:13] Loading done
[UEDRS] [07:38:13] Memory Usage: RSS = 21198.30 MB, VMS = 76020.40 MB
[UEDRS] [00:00:14] Elapsed
[UEDRS] [07:38:13] Sampling for [100000000]
[UEDRS] [07:38:27] Sampling done
[UEDRS] [07:38:27] Memory Usage: RSS = 21200.01 MB, VMS = 76021.40 MB
[UEDRS] [00:00:14] Elapsed
[UEDRS] [07:38:27] Checking [RECBOLE][POP][MUSIC4ALL][50m]
[UEDRS] [07:38:27] Skipping (0.02922)
[UEDRS] [07:38:27] Memory Usage: RSS = 21200.01 MB, VMS = 76021.40 MB
[UEDRS] [07:38:27] Releasing dataframe from memory
[UEDRS] [07:38:28] Memory Usage: RSS = 20778.28 MB, VMS = 75595.40 MB
[UEDRS] [07:38:28] Work complete


[UEDRS] [07:38:28] {'META': {'MODE': {'SAMPLING': 'STRATIFIED_USER', 'SIZING': 'ABSOLUTE'}}, 'OUTPUT': {'LENSKIT': {'BIASED_MF': {'ALIBABA': {1000000: None, 25000000: None, 50000000: None, 75000000: None, 100000000: None}, 'AMAZON': {1000000: None, 25000000: None, 50000000: None, 75000000: None, 100000000: None}, 'GOODREADS': {950048: 0.00049, 1000000: None, 24991351: 0.00216, 25000000: None, 49987954: 0.00222, 50000000: None, 75000000: 0.00277, 99978423: 0.00031, 100000000: None}, 'MOVIELENS': {1000000: 0.00386, 24998693: 0.01753, 25000000: None, 32000204: 0.02554, 50000000: None, 75000000: None, 100000000: None}, 'MUSIC4ALL': {997623: 6e-05, 1000000: None, 24977606: 0.00019, 25000000: None, 50000000: 0.00041, 50016042: 0.00042, 75000000: None, 100000000: None}, 'NETFLIX': {978576: 0.00196, 1000000: None, 24983702: 0.00715, 25000000: None, 49968810: 0.01213, 50000000: None, 74996742: 0.01902, 75000000: None, 100000000: 0.02621}}, 'BIASED_SVD': {'ALIBABA': {1000000: None, 25000000: None, 50000000: None, 75000000: None, 100000000: None}, 'AMAZON': {1000000: None, 25000000: None, 50000000: None, 75000000: None, 100000000: None}, 'GOODREADS': {950048: 0.00054, 1000000: None, 24991351: 0.00216, 25000000: None, 49987954: 0.00237, 50000000: None, 75000000: 0.00503, 99978423: 0.00693, 100000000: None}, 'MOVIELENS': {1000000: 0.0039, 24998693: 0.04919, 25000000: None, 32000204: 0.09082, 50000000: None, 75000000: None, 100000000: None}, 'MUSIC4ALL': {997623: 4e-05, 1000000: None, 24977606: 0.00014, 25000000: None, 50000000: 0.00049, 75000000: None, 100000000: None}, 'NETFLIX': {978576: 0.00195, 1000000: None, 24983702: 0.00776, 25000000: None, 49968810: 0.0158, 50000000: None, 74996742: 0.03038, 75000000: None, 100000000: 0.05725}}, 'IMPLICIT_MF': {'ALIBABA': {1000000: None, 25000000: None, 50000000: None, 75000000: None, 100000000: None}, 'AMAZON': {1000000: None, 25000000: None, 50000000: None, 75000000: None, 100000000: None}, 'GOODREADS': {950048: 0.0003, 1000000: None, 24991351: 0.0074, 25000000: None, 49987954: 0.01513, 50000000: None, 75000000: 0.02298, 99978423: 0.03427, 100000000: None}, 'MOVIELENS': {1000000: 0.00406, 24998693: 0.14225, 25000000: None, 32000204: 0.22143, 50000000: None, 75000000: None, 100000000: None}, 'MUSIC4ALL': {997623: 0.00091, 1000000: None, 24977606: 0.01274, 25000000: None, 50000000: 0.03448, 50016042: 0.03471, 75000000: None, 100000000: None}, 'NETFLIX': {978576: 0.00229, 1000000: None, 24983702: 0.02919, 25000000: None, 49968810: 0.06276, 50000000: None, 74996742: 0.11013, 75000000: None, 100000000: 0.18541}}, 'ITEM_KNN': {'ALIBABA': {1000000: None, 25000000: None, 50000000: None, 75000000: None, 100000000: None}, 'AMAZON': {1000000: None, 25000000: None, 50000000: None, 75000000: None, 100000000: None}, 'GOODREADS': {1000000: None, 25000000: None, 50000000: None, 75000000: None, 100000000: None}, 'MOVIELENS': {25000000: None, 50000000: None, 75000000: None, 100000000: None}, 'MUSIC4ALL': {1000000: None, 25000000: None, 50000000: None, 75000000: None, 100000000: None}, 'NETFLIX': {1000000: None, 25000000: None, 50000000: None, 75000000: None}}, 'POP': {'ALIBABA': {392337: 0.0, 1000000: None, 25000000: None, 50000000: None, 75000000: None, 100000000: None}, 'AMAZON': {57590: 0.0, 1000000: None, 25000000: None, 50000000: None, 75000000: None, 100000000: None}, 'GOODREADS': {950048: 0.00062, 1000000: None, 24991351: 0.01621, 25000000: None, 49987954: 0.02329, 50000000: None, 75000000: 0.02949, 99978423: 0.03652, 100000000: None}, 'MOVIELENS': {1000000: 0.00858, 24998693: 0.11333, 25000000: None, 32000204: 0.16701, 50000000: None, 75000000: None, 100000000: None}, 'MUSIC4ALL': {997623: 0.00204, 1000000: None, 24977606: 0.01007, 25000000: None, 50000000: 0.01755, 50016042: 0.01763, 75000000: None, 100000000: None}, 'NETFLIX': {978576: 0.00297, 1000000: None, 24983702: 0.03352, 25000000: None, 49968810: 0.05555, 50000000: None, 74996742: 0.08792, 75000000: None, 100000000: 0.14026}}}, 'RECBOLE': {'ASYM_KNN': {'ALIBABA': {1000000: None, 25000000: None, 50000000: None, 75000000: None, 100000000: None}, 'AMAZON': {1000000: None, 25000000: None, 50000000: None, 75000000: None, 100000000: None}, 'GOODREADS': {1000000: None, 25000000: None, 50000000: None, 75000000: None, 100000000: None}, 'MOVIELENS': {1000000: None, 25000000: None, 50000000: None, 75000000: None, 100000000: None}, 'MUSIC4ALL': {1000000: None, 25000000: None, 50000000: None, 75000000: None, 100000000: None}, 'NETFLIX': {1000000: None, 25000000: None, 50000000: None, 75000000: None, 100000000: None}}, 'BPR': {'ALIBABA': {1000000: None, 25000000: None, 50000000: None, 75000000: None, 100000000: None}, 'AMAZON': {1000000: None, 25000000: None, 50000000: None, 75000000: None, 100000000: None}, 'GOODREADS': {1000000: None, 25000000: None, 50000000: None, 75000000: None, 100000000: None}, 'MOVIELENS': {1000000: None, 25000000: None, 50000000: None, 75000000: None, 100000000: None}, 'MUSIC4ALL': {1000000: None, 25000000: None, 50000000: None, 75000000: None, 100000000: None}, 'NETFLIX': {1000000: None, 25000000: None, 50000000: None, 75000000: None, 100000000: None}}, 'ITEM_KNN': {'ALIBABA': {1000000: None, 25000000: None, 50000000: None, 75000000: None, 100000000: None}, 'AMAZON': {1000000: None, 25000000: None, 50000000: None, 75000000: None, 100000000: None}, 'GOODREADS': {1000000: None, 25000000: None, 50000000: None, 75000000: None, 100000000: None}, 'MOVIELENS': {1000000: None, 25000000: None, 50000000: None, 75000000: None, 100000000: None}, 'MUSIC4ALL': {1000000: None, 25000000: None, 50000000: None, 75000000: None, 100000000: None}, 'NETFLIX': {1000000: None, 25000000: None, 50000000: None, 75000000: None, 100000000: None}}, 'NEU_MF': {'ALIBABA': {1000000: None, 25000000: None, 50000000: None, 75000000: None, 100000000: None}, 'AMAZON': {1000000: None, 25000000: None, 50000000: None, 75000000: None, 100000000: None}, 'GOODREADS': {1000000: None, 25000000: None, 50000000: None, 75000000: None, 100000000: None}, 'MOVIELENS': {1000000: None, 25000000: None, 50000000: None, 75000000: None, 100000000: None}, 'MUSIC4ALL': {1000000: None, 25000000: None, 50000000: None, 75000000: None, 100000000: None}, 'NETFLIX': {1000000: None, 25000000: None, 50000000: None, 75000000: None, 100000000: None}}, 'POP': {'ALIBABA': {1000000: None, 25000000: None, 50000000: None, 75000000: None, 100000000: None}, 'AMAZON': {1000000: None, 25000000: None, 50000000: None, 75000000: None, 100000000: None}, 'GOODREADS': {1000000: None, 25000000: None, 50000000: None, 75000000: 0.02205, 100000000: None, 950048: 0.0038, 24991351: 0.01454, 49987954: 0.01817, 99978423: 0.02666}, 'MOVIELENS': {1000000: 0.01784, 25000000: None, 50000000: None, 75000000: None, 100000000: None, 24998693: 0.07696, 32000204: 0.11876}, 'MUSIC4ALL': {1000000: None, 25000000: None, 50000000: 0.02922, 75000000: None, 100000000: None, 997623: 0.00288, 24977606: 0.01188, 50016042: 0.02922}, 'NETFLIX': {1000000: None, 25000000: None, 50000000: None, 75000000: None, 100000000: 0.11248, 978576: 0.0085, 24983702: 0.02714, 49968810: 0.04225, 74996742: 0.06668}}}}}
