[UEDRS] [00:00:04] starting
[UEDRS] [00:00:04] cpus: 16
[UEDRS] [00:00:04] env variables:
[UEDRS] [00:00:04] OMP_NUM_THREADS: 8
[UEDRS] [00:00:04] MKL_NUM_THREADS: 8
[UEDRS] [00:00:04] OPENBLAS_NUM_THREADS: 8
[UEDRS] [00:00:04] NUMBA_NUM_THREADS: 8


[UEDRS] [00:00:11] loaded
[UEDRS] [00:00:07] elapsed

[UEDRS] [00:00:11] starting with 1 gpus with 1 workers
[UEDRS] [00:16:47] finished
[UEDRS] [00:16:35] elapsed

[UEDRS] [00:16:47] starting with 1 gpus with 2 workers
[UEDRS] [00:32:40] finished
[UEDRS] [00:15:52] elapsed

[UEDRS] [00:32:40] starting with 1 gpus with 4 workers
[UEDRS] [00:48:47] finished
[UEDRS] [00:16:07] elapsed

[UEDRS] [00:48:47] starting with 1 gpus with 8 workers
[UEDRS] [01:05:10] finished
[UEDRS] [00:16:22] elapsed

