[UEDRS] [00:00:08] Mode: ABSOLUTE STRATIFIED_USER
[UEDRS] [00:00:08] Tag:  LENSKIT:POP
[UEDRS] [00:00:08] Tool: LENSKIT
[UEDRS] [00:00:08] Algorithm: POP
[UEDRS] [00:00:08] Datasets: NETFLIX, YAHOO, ALIBABA, GOODREADS, LASTFM
[UEDRS] [00:00:08] Sizes: [75000000, 100000000]

[UEDRS] [00:00:08] Desired size: 75000000
[UEDRS] [00:00:08] Dataset: NETFLIX
[UEDRS] [00:00:08] Loading
[UEDRS] [00:00:09] Loading done
[UEDRS] [00:00:09] Memory Usage: RSS = 2938.13 MB, VMS = 9513.75 MB
[UEDRS] [00:00:01] Elapsed
[UEDRS] [00:00:09] Sampling
[UEDRS] [00:00:53] Sampling done, obtained size: 75000000
[UEDRS] [00:00:53] Memory Usage: RSS = 3426.23 MB, VMS = 9999.96 MB
[UEDRS] [00:00:44] Elapsed
[UEDRS] [00:00:53] Checking [LENSKIT][POP][NETFLIX][75m]
[UEDRS] [00:00:53] Skipping (0.088)
[UEDRS] [00:00:53] Memory Usage: RSS = 3426.23 MB, VMS = 9999.96 MB
[UEDRS] [00:00:53] Releasing dataframe from memory
[UEDRS] [00:00:53] Memory Usage: RSS = 2853.02 MB, VMS = 9426.75 MB
[UEDRS] [00:00:53] Dataset: YAHOO
[UEDRS] [00:00:53] Loading
[UEDRS] [00:00:54] Loading done
[UEDRS] [00:00:54] Memory Usage: RSS = 3798.54 MB, VMS = 11906.75 MB
[UEDRS] [00:00:01] Elapsed
[UEDRS] [00:00:54] Sampling
[UEDRS] [00:02:05] Sampling done, obtained size: 75000000
[UEDRS] [00:02:05] Memory Usage: RSS = 4809.75 MB, VMS = 12917.67 MB
[UEDRS] [00:01:10] Elapsed
[UEDRS] [00:02:05] Checking [LENSKIT][POP][YAHOO][75m]
[UEDRS] [00:02:05] Skipping (0.065)
[UEDRS] [00:02:05] Memory Usage: RSS = 4809.75 MB, VMS = 12917.67 MB
[UEDRS] [00:02:05] Releasing dataframe from memory
[UEDRS] [00:02:05] Memory Usage: RSS = 4235.58 MB, VMS = 12343.46 MB
[UEDRS] [00:02:05] Dataset: ALIBABA
[UEDRS] [00:02:05] Loading
[UEDRS] [00:02:06] Loading done
[UEDRS] [00:02:06] Memory Usage: RSS = 5614.35 MB, VMS = 13399.46 MB
[UEDRS] [00:00:01] Elapsed
[UEDRS] [00:02:06] Sampling
[UEDRS] [00:04:14] Sampling done, obtained size: 75000000
[UEDRS] [00:04:14] Memory Usage: RSS = 6215.46 MB, VMS = 14001.64 MB
[UEDRS] [00:02:07] Elapsed
[UEDRS] [00:04:14] Checking [LENSKIT][POP][ALIBABA][75m]
[UEDRS] [00:04:14] Skipping (0.0012)
[UEDRS] [00:04:14] Memory Usage: RSS = 6215.46 MB, VMS = 14001.64 MB
[UEDRS] [00:04:14] Releasing dataframe from memory
[UEDRS] [00:04:14] Memory Usage: RSS = 5641.29 MB, VMS = 13427.43 MB
[UEDRS] [00:04:14] Dataset: GOODREADS
[UEDRS] [00:04:14] Loading
[UEDRS] [00:04:16] Loading done
[UEDRS] [00:04:16] Memory Usage: RSS = 7044.86 MB, VMS = 15215.43 MB
[UEDRS] [00:00:01] Elapsed
[UEDRS] [00:04:16] Sampling
[UEDRS] [00:05:03] Sampling done, obtained size: 75000000
[UEDRS] [00:05:03] Memory Usage: RSS = 7620.17 MB, VMS = 15789.64 MB
[UEDRS] [00:00:46] Elapsed
[UEDRS] [00:05:03] Checking [LENSKIT][POP][GOODREADS][75m]
[UEDRS] [00:05:03] Starting
[UEDRS] [01:01:38] Finished (0.029)
[UEDRS] [01:01:38] Memory Usage: RSS = 10590.82 MB, VMS = 22082.18 MB
[UEDRS] [00:56:35] Elapsed

[UEDRS] [01:01:38] Memory Usage: RSS = 10590.82 MB, VMS = 22082.18 MB
[UEDRS] [01:01:38] Releasing dataframe from memory
[UEDRS] [01:01:38] Memory Usage: RSS = 9968.04 MB, VMS = 21458.97 MB
[UEDRS] [01:01:38] Dataset: LASTFM
[UEDRS] [01:01:38] Loading
[UEDRS] [01:01:51] Loading done
[UEDRS] [01:01:51] Memory Usage: RSS = 17666.14 MB, VMS = 26022.97 MB
[UEDRS] [00:00:12] Elapsed
[UEDRS] [01:01:51] Sampling
[UEDRS] [01:02:19] Sampling done, obtained size: 75000000
[UEDRS] [01:02:19] Memory Usage: RSS = 18524.45 MB, VMS = 26881.28 MB
[UEDRS] [00:00:28] Elapsed
[UEDRS] [01:02:19] Checking [LENSKIT][POP][LASTFM][75m]
[UEDRS] [01:02:19] Starting
[UEDRS] [01:30:13] Finished (0.0034)
[UEDRS] [01:30:13] Memory Usage: RSS = 17020.23 MB, VMS = 27342.28 MB
[UEDRS] [00:27:54] Elapsed

[UEDRS] [01:30:13] Memory Usage: RSS = 17020.23 MB, VMS = 27342.28 MB
[UEDRS] [01:30:13] Releasing dataframe from memory
[UEDRS] [01:30:14] Memory Usage: RSS = 16147.73 MB, VMS = 26468.97 MB
[UEDRS] [01:30:14] Desired size: 100000000
[UEDRS] [01:30:14] Dataset: NETFLIX
[UEDRS] [01:30:14] Loading
[UEDRS] [01:30:15] Loading done
[UEDRS] [01:30:15] Memory Usage: RSS = 16993.11 MB, VMS = 27235.58 MB
[UEDRS] [00:00:01] Elapsed
[UEDRS] [01:30:15] Sampling
[UEDRS] [01:31:04] Sampling done, obtained size: 100000000
[UEDRS] [01:31:04] Memory Usage: RSS = 16988.46 MB, VMS = 27230.91 MB
[UEDRS] [00:00:49] Elapsed
[UEDRS] [01:31:04] Checking [LENSKIT][POP][NETFLIX][100m]
[UEDRS] [01:31:04] Starting
[UEDRS] [01:49:16] Finished (0.14)
[UEDRS] [01:49:16] Memory Usage: RSS = 18468.19 MB, VMS = 27179.91 MB
[UEDRS] [00:18:11] Elapsed

[UEDRS] [01:49:16] Memory Usage: RSS = 18468.19 MB, VMS = 27179.91 MB
[UEDRS] [01:49:16] Releasing dataframe from memory
[UEDRS] [01:49:16] Memory Usage: RSS = 17654.78 MB, VMS = 26365.97 MB
[UEDRS] [01:49:16] Dataset: YAHOO
[UEDRS] [01:49:16] Loading
[UEDRS] [01:49:17] Loading done
[UEDRS] [01:49:17] Memory Usage: RSS = 17779.99 MB, VMS = 26364.97 MB
[UEDRS] [00:00:01] Elapsed
[UEDRS] [01:49:17] Sampling
[UEDRS] [01:50:32] Sampling done, obtained size: 100000000
[UEDRS] [01:50:32] Memory Usage: RSS = 18542.93 MB, VMS = 27127.91 MB
[UEDRS] [00:01:15] Elapsed
[UEDRS] [01:50:32] Checking [LENSKIT][POP][YAHOO][100m]
[UEDRS] [01:50:32] Starting
[UEDRS] [04:10:30] Finished (0.083)
[UEDRS] [04:10:30] Memory Usage: RSS = 21443.41 MB, VMS = 30409.31 MB
[UEDRS] [02:19:57] Elapsed

[UEDRS] [04:10:30] Memory Usage: RSS = 21443.41 MB, VMS = 30409.31 MB
[UEDRS] [04:10:30] Releasing dataframe from memory
[UEDRS] [04:10:30] Memory Usage: RSS = 20621.27 MB, VMS = 29586.37 MB
[UEDRS] [04:10:30] Dataset: ALIBABA
[UEDRS] [04:10:30] Loading
[UEDRS] [04:10:31] Loading done
[UEDRS] [04:10:31] Memory Usage: RSS = 20739.02 MB, VMS = 29585.37 MB
[UEDRS] [00:00:01] Elapsed
[UEDRS] [04:10:31] Sampling
[UEDRS] [04:12:39] Sampling done, obtained size: 100000000
[UEDRS] [04:12:39] Memory Usage: RSS = 21501.79 MB, VMS = 30348.31 MB
[UEDRS] [00:02:07] Elapsed
[UEDRS] [04:12:39] Checking [LENSKIT][POP][ALIBABA][100m]
[UEDRS] [04:12:39] Starting
[UEDRS] [15:29:10] Finished (0.0014)
[UEDRS] [15:29:10] Memory Usage: RSS = 22435.22 MB, VMS = 31331.06 MB
[UEDRS] [11:16:31] Elapsed

[UEDRS] [15:29:10] Memory Usage: RSS = 22435.22 MB, VMS = 31331.06 MB
[UEDRS] [15:29:10] Releasing dataframe from memory
[UEDRS] [15:29:10] Memory Usage: RSS = 21662.28 MB, VMS = 30558.12 MB
[UEDRS] [15:29:10] Dataset: GOODREADS
[UEDRS] [15:29:10] Loading
[UEDRS] [15:29:12] Loading done
[UEDRS] [15:29:12] Memory Usage: RSS = 21848.55 MB, VMS = 30557.12 MB
[UEDRS] [00:00:01] Elapsed
[UEDRS] [15:29:12] Sampling
[UEDRS] [15:30:03] Sampling done, obtained size: 100000000
[UEDRS] [15:30:03] Memory Usage: RSS = 22610.24 MB, VMS = 31319.06 MB
[UEDRS] [00:00:51] Elapsed
[UEDRS] [15:30:03] Checking [LENSKIT][POP][GOODREADS][100m]
[UEDRS] [15:30:03] Starting
[UEDRS] [16:28:56] Finished (0.036)
[UEDRS] [16:28:56] Memory Usage: RSS = 21892.87 MB, VMS = 31002.37 MB
[UEDRS] [00:58:52] Elapsed

[UEDRS] [16:28:56] Memory Usage: RSS = 21892.87 MB, VMS = 31002.37 MB
[UEDRS] [16:28:56] Releasing dataframe from memory
[UEDRS] [16:28:56] Memory Usage: RSS = 21070.79 MB, VMS = 30179.43 MB
[UEDRS] [16:28:56] Dataset: LASTFM
[UEDRS] [16:28:56] Loading
[UEDRS] [16:29:00] Loading done
[UEDRS] [16:29:00] Memory Usage: RSS = 25549.33 MB, VMS = 33910.43 MB
[UEDRS] [00:00:03] Elapsed
[UEDRS] [16:29:00] Sampling
[UEDRS] [17:07:13] Sampling done, obtained size: 100000000
[UEDRS] [17:07:13] Memory Usage: RSS = 26721.07 MB, VMS = 35054.84 MB
[UEDRS] [00:38:13] Elapsed
[UEDRS] [17:07:13] Checking [LENSKIT][POP][LASTFM][100m]
[UEDRS] [17:07:13] Starting
[UEDRS] [17:42:17] Finished (0.004)
[UEDRS] [17:42:17] Memory Usage: RSS = 22730.62 MB, VMS = 31409.84 MB
[UEDRS] [00:35:04] Elapsed

[UEDRS] [17:42:17] Memory Usage: RSS = 22730.62 MB, VMS = 31409.84 MB
[UEDRS] [17:42:17] Releasing dataframe from memory
[UEDRS] [17:42:17] Memory Usage: RSS = 21570.87 MB, VMS = 30249.43 MB
[UEDRS] [17:42:17] Work complete
