[UEDRS] [00:00:23] Mode: ABSOLUTE STRATIFIED_USER
[UEDRS] [00:00:23] Tag:  LENSKIT:IMPLICIT_MF
[UEDRS] [00:00:23] Tool: LENSKIT
[UEDRS] [00:00:23] Algorithm: IMPLICIT_MF
[UEDRS] [00:00:23] Datasets: MYANIMELIST, IPINYOU, ALIBABA, LASTFM, AMAZON
[UEDRS] [00:00:23] Sizes: [100000, 250000, 500000, 750000, 1000000, 25000000, 50000000, 75000000, 100000000]

[UEDRS] [00:00:23] Desired size: 100000
[UEDRS] [00:00:23] Dataset: MYANIMELIST
[UEDRS] [00:00:23] Loading
[UEDRS] [00:00:24] Loading done
[UEDRS] [00:00:24] Memory Usage: RSS = 779.23 MB, VMS = 4973.11 MB
[UEDRS] [00:00:01] Elapsed
[UEDRS] [00:00:24] Sampling
[UEDRS] [00:00:27] Sampling done, obtained size: 100000
[UEDRS] [00:00:27] Memory Usage: RSS = 806.67 MB, VMS = 4998.61 MB
[UEDRS] [00:00:02] Elapsed
[UEDRS] [00:00:27] Checking [LENSKIT][IMPLICIT_MF][MYANIMELIST][100k]
[UEDRS] [00:00:27] Starting
2026-02-21 15:40:09 [error    ] failed to run node             [lenskit.pipeline.runner] node=scorer pid=23927 pname=LensKitProcess-8
2026-02-21 15:40:09 [error    ] failed to run node             [lenskit.pipeline.runner] node=ranker pid=23927 pname=LensKitProcess-8
2026-02-21 15:40:39 [error    ] failed to run node             [lenskit.pipeline.runner] node=scorer pid=23843 pname=LensKitProcess-7
2026-02-21 15:40:39 [error    ] failed to run node             [lenskit.pipeline.runner] node=ranker pid=23843 pname=LensKitProcess-7
2026-02-21 15:40:46 [error    ] failed to run node             [lenskit.pipeline.runner] node=scorer pid=24546 pname=LensKitProcess-15
2026-02-21 15:40:46 [error    ] failed to run node             [lenskit.pipeline.runner] node=ranker pid=24546 pname=LensKitProcess-15
2026-02-21 15:40:59 [error    ] failed to run node             [lenskit.pipeline.runner] node=scorer pid=25309 pname=LensKitProcess-19
2026-02-21 15:40:59 [error    ] failed to run node             [lenskit.pipeline.runner] node=ranker pid=25309 pname=LensKitProcess-19
2026-02-21 15:41:11 [error    ] failed to run node             [lenskit.pipeline.runner] node=scorer pid=24184 pname=LensKitProcess-11
2026-02-21 15:41:11 [error    ] failed to run node             [lenskit.pipeline.runner] node=ranker pid=24184 pname=LensKitProcess-11
2026-02-21 15:41:11 [error    ] failed to run node             [lenskit.pipeline.runner] node=scorer pid=25778 pname=LensKitProcess-24
2026-02-21 15:41:11 [error    ] failed to run node             [lenskit.pipeline.runner] node=ranker pid=25778 pname=LensKitProcess-24
2026-02-21 15:41:41 [error    ] failed to run node             [lenskit.pipeline.runner] node=scorer pid=23506 pname=LensKitProcess-4
2026-02-21 15:41:41 [error    ] failed to run node             [lenskit.pipeline.runner] node=ranker pid=23506 pname=LensKitProcess-4
2026-02-21 15:41:47 [error    ] failed to run node             [lenskit.pipeline.runner] node=scorer pid=25599 pname=LensKitProcess-22
2026-02-21 15:41:47 [error    ] failed to run node             [lenskit.pipeline.runner] node=ranker pid=25599 pname=LensKitProcess-22
Traceback (most recent call last):
  File "/home/g064474/.local/lib/python3.11/site-packages/lenskit/pipeline/runner.py", line 70, in run
    self._run_node(node, required)
  File "/home/g064474/.local/lib/python3.11/site-packages/lenskit/pipeline/runner.py", line 92, in _run_node
    self._run_component(name, comp, required)
  File "/home/g064474/.local/lib/python3.11/site-packages/lenskit/pipeline/runner.py", line 169, in _run_component
    self.state[name] = comp(**in_data)
                       ^^^^^^^^^^^^^^^
  File "/home/g064474/.local/lib/python3.11/site-packages/lenskit/als/_common.py", line 291, in __call__
    u_feat, u_offset = self.new_user_embedding(user_num, query.user_items)
                       ^^^^^^^^^^^^^^^^^^^^^^^^^^^^^^^^^^^^^^^^^^^^^^^^^^^
  File "/home/g064474/.local/lib/python3.11/site-packages/lenskit/als/_implicit.py", line 126, in new_user_embedding
    u_feat = self._train_new_row(ri_it, ri_val, self.item_features_, self.OtOr_)
             ^^^^^^^^^^^^^^^^^^^^^^^^^^^^^^^^^^^^^^^^^^^^^^^^^^^^^^^^^^^^^^^^^^^
  File "/home/g064474/.local/lib/python3.11/site-packages/lenskit/als/_implicit.py", line 156, in _train_new_row
    x = solve_cholesky(A, y)
        ^^^^^^^^^^^^^^^^^^^^
  File "/home/g064474/.local/lib/python3.11/site-packages/lenskit/math/solve.py", line 39, in solve_cholesky
    raise RuntimeError("cholesky solve failed")
RuntimeError: cholesky solve failed
Traceback (most recent call last):
  File "/home/g064474/.local/lib/python3.11/site-packages/lenskit/pipeline/runner.py", line 70, in run
    self._run_node(node, required)
  File "/home/g064474/.local/lib/python3.11/site-packages/lenskit/pipeline/runner.py", line 92, in _run_node
    self._run_component(name, comp, required)
  File "/home/g064474/.local/lib/python3.11/site-packages/lenskit/pipeline/runner.py", line 144, in _run_component
    ival = self.run(snode, required=ireq)
           ^^^^^^^^^^^^^^^^^^^^^^^^^^^^^^
  File "/home/g064474/.local/lib/python3.11/site-packages/lenskit/pipeline/runner.py", line 75, in run
    raise e
  File "/home/g064474/.local/lib/python3.11/site-packages/lenskit/pipeline/runner.py", line 70, in run
    self._run_node(node, required)
  File "/home/g064474/.local/lib/python3.11/site-packages/lenskit/pipeline/runner.py", line 92, in _run_node
    self._run_component(name, comp, required)
  File "/home/g064474/.local/lib/python3.11/site-packages/lenskit/pipeline/runner.py", line 169, in _run_component
    self.state[name] = comp(**in_data)
                       ^^^^^^^^^^^^^^^
  File "/home/g064474/.local/lib/python3.11/site-packages/lenskit/als/_common.py", line 291, in __call__
    u_feat, u_offset = self.new_user_embedding(user_num, query.user_items)
                       ^^^^^^^^^^^^^^^^^^^^^^^^^^^^^^^^^^^^^^^^^^^^^^^^^^^
  File "/home/g064474/.local/lib/python3.11/site-packages/lenskit/als/_implicit.py", line 126, in new_user_embedding
    u_feat = self._train_new_row(ri_it, ri_val, self.item_features_, self.OtOr_)
             ^^^^^^^^^^^^^^^^^^^^^^^^^^^^^^^^^^^^^^^^^^^^^^^^^^^^^^^^^^^^^^^^^^^
  File "/home/g064474/.local/lib/python3.11/site-packages/lenskit/als/_implicit.py", line 156, in _train_new_row
    x = solve_cholesky(A, y)
        ^^^^^^^^^^^^^^^^^^^^
  File "/home/g064474/.local/lib/python3.11/site-packages/lenskit/math/solve.py", line 39, in solve_cholesky
    raise RuntimeError("cholesky solve failed")
RuntimeError: cholesky solve failed
Traceback (most recent call last):
  File "/home/g064474/.local/lib/python3.11/site-packages/lenskit/pipeline/runner.py", line 70, in run
    self._run_node(node, required)
  File "/home/g064474/.local/lib/python3.11/site-packages/lenskit/pipeline/runner.py", line 92, in _run_node
    self._run_component(name, comp, required)
  File "/home/g064474/.local/lib/python3.11/site-packages/lenskit/pipeline/runner.py", line 169, in _run_component
    self.state[name] = comp(**in_data)
                       ^^^^^^^^^^^^^^^
  File "/home/g064474/.local/lib/python3.11/site-packages/lenskit/als/_common.py", line 291, in __call__
    u_feat, u_offset = self.new_user_embedding(user_num, query.user_items)
                       ^^^^^^^^^^^^^^^^^^^^^^^^^^^^^^^^^^^^^^^^^^^^^^^^^^^
  File "/home/g064474/.local/lib/python3.11/site-packages/lenskit/als/_implicit.py", line 126, in new_user_embedding
    u_feat = self._train_new_row(ri_it, ri_val, self.item_features_, self.OtOr_)
             ^^^^^^^^^^^^^^^^^^^^^^^^^^^^^^^^^^^^^^^^^^^^^^^^^^^^^^^^^^^^^^^^^^^
  File "/home/g064474/.local/lib/python3.11/site-packages/lenskit/als/_implicit.py", line 156, in _train_new_row
    x = solve_cholesky(A, y)
        ^^^^^^^^^^^^^^^^^^^^
  File "/home/g064474/.local/lib/python3.11/site-packages/lenskit/math/solve.py", line 39, in solve_cholesky
    raise RuntimeError("cholesky solve failed")
RuntimeError: cholesky solve failed
Traceback (most recent call last):
  File "/home/g064474/.local/lib/python3.11/site-packages/lenskit/pipeline/runner.py", line 70, in run
    self._run_node(node, required)
  File "/home/g064474/.local/lib/python3.11/site-packages/lenskit/pipeline/runner.py", line 92, in _run_node
    self._run_component(name, comp, required)
  File "/home/g064474/.local/lib/python3.11/site-packages/lenskit/pipeline/runner.py", line 144, in _run_component
    ival = self.run(snode, required=ireq)
           ^^^^^^^^^^^^^^^^^^^^^^^^^^^^^^
  File "/home/g064474/.local/lib/python3.11/site-packages/lenskit/pipeline/runner.py", line 75, in run
    raise e
  File "/home/g064474/.local/lib/python3.11/site-packages/lenskit/pipeline/runner.py", line 70, in run
    self._run_node(node, required)
  File "/home/g064474/.local/lib/python3.11/site-packages/lenskit/pipeline/runner.py", line 92, in _run_node
    self._run_component(name, comp, required)
  File "/home/g064474/.local/lib/python3.11/site-packages/lenskit/pipeline/runner.py", line 169, in _run_component
    self.state[name] = comp(**in_data)
                       ^^^^^^^^^^^^^^^
  File "/home/g064474/.local/lib/python3.11/site-packages/lenskit/als/_common.py", line 291, in __call__
    u_feat, u_offset = self.new_user_embedding(user_num, query.user_items)
                       ^^^^^^^^^^^^^^^^^^^^^^^^^^^^^^^^^^^^^^^^^^^^^^^^^^^
  File "/home/g064474/.local/lib/python3.11/site-packages/lenskit/als/_implicit.py", line 126, in new_user_embedding
    u_feat = self._train_new_row(ri_it, ri_val, self.item_features_, self.OtOr_)
             ^^^^^^^^^^^^^^^^^^^^^^^^^^^^^^^^^^^^^^^^^^^^^^^^^^^^^^^^^^^^^^^^^^^
  File "/home/g064474/.local/lib/python3.11/site-packages/lenskit/als/_implicit.py", line 156, in _train_new_row
    x = solve_cholesky(A, y)
        ^^^^^^^^^^^^^^^^^^^^
  File "/home/g064474/.local/lib/python3.11/site-packages/lenskit/math/solve.py", line 39, in solve_cholesky
    raise RuntimeError("cholesky solve failed")
RuntimeError: cholesky solve failed
Traceback (most recent call last):
  File "/home/g064474/.local/lib/python3.11/site-packages/lenskit/pipeline/runner.py", line 70, in run
    self._run_node(node, required)
  File "/home/g064474/.local/lib/python3.11/site-packages/lenskit/pipeline/runner.py", line 92, in _run_node
    self._run_component(name, comp, required)
  File "/home/g064474/.local/lib/python3.11/site-packages/lenskit/pipeline/runner.py", line 169, in _run_component
    self.state[name] = comp(**in_data)
                       ^^^^^^^^^^^^^^^
  File "/home/g064474/.local/lib/python3.11/site-packages/lenskit/als/_common.py", line 291, in __call__
    u_feat, u_offset = self.new_user_embedding(user_num, query.user_items)
                       ^^^^^^^^^^^^^^^^^^^^^^^^^^^^^^^^^^^^^^^^^^^^^^^^^^^
  File "/home/g064474/.local/lib/python3.11/site-packages/lenskit/als/_implicit.py", line 126, in new_user_embedding
    u_feat = self._train_new_row(ri_it, ri_val, self.item_features_, self.OtOr_)
             ^^^^^^^^^^^^^^^^^^^^^^^^^^^^^^^^^^^^^^^^^^^^^^^^^^^^^^^^^^^^^^^^^^^
  File "/home/g064474/.local/lib/python3.11/site-packages/lenskit/als/_implicit.py", line 156, in _train_new_row
    x = solve_cholesky(A, y)
        ^^^^^^^^^^^^^^^^^^^^
  File "/home/g064474/.local/lib/python3.11/site-packages/lenskit/math/solve.py", line 39, in solve_cholesky
    raise RuntimeError("cholesky solve failed")
RuntimeError: cholesky solve failed
Traceback (most recent call last):
  File "/home/g064474/.local/lib/python3.11/site-packages/lenskit/pipeline/runner.py", line 70, in run
    self._run_node(node, required)
  File "/home/g064474/.local/lib/python3.11/site-packages/lenskit/pipeline/runner.py", line 92, in _run_node
    self._run_component(name, comp, required)
  File "/home/g064474/.local/lib/python3.11/site-packages/lenskit/pipeline/runner.py", line 144, in _run_component
    ival = self.run(snode, required=ireq)
           ^^^^^^^^^^^^^^^^^^^^^^^^^^^^^^
  File "/home/g064474/.local/lib/python3.11/site-packages/lenskit/pipeline/runner.py", line 75, in run
    raise e
  File "/home/g064474/.local/lib/python3.11/site-packages/lenskit/pipeline/runner.py", line 70, in run
    self._run_node(node, required)
  File "/home/g064474/.local/lib/python3.11/site-packages/lenskit/pipeline/runner.py", line 92, in _run_node
    self._run_component(name, comp, required)
  File "/home/g064474/.local/lib/python3.11/site-packages/lenskit/pipeline/runner.py", line 169, in _run_component
    self.state[name] = comp(**in_data)
                       ^^^^^^^^^^^^^^^
  File "/home/g064474/.local/lib/python3.11/site-packages/lenskit/als/_common.py", line 291, in __call__
    u_feat, u_offset = self.new_user_embedding(user_num, query.user_items)
                       ^^^^^^^^^^^^^^^^^^^^^^^^^^^^^^^^^^^^^^^^^^^^^^^^^^^
  File "/home/g064474/.local/lib/python3.11/site-packages/lenskit/als/_implicit.py", line 126, in new_user_embedding
    u_feat = self._train_new_row(ri_it, ri_val, self.item_features_, self.OtOr_)
             ^^^^^^^^^^^^^^^^^^^^^^^^^^^^^^^^^^^^^^^^^^^^^^^^^^^^^^^^^^^^^^^^^^^
  File "/home/g064474/.local/lib/python3.11/site-packages/lenskit/als/_implicit.py", line 156, in _train_new_row
    x = solve_cholesky(A, y)
        ^^^^^^^^^^^^^^^^^^^^
  File "/home/g064474/.local/lib/python3.11/site-packages/lenskit/math/solve.py", line 39, in solve_cholesky
    raise RuntimeError("cholesky solve failed")
RuntimeError: cholesky solve failed
Traceback (most recent call last):
  File "/home/g064474/.local/lib/python3.11/site-packages/lenskit/pipeline/runner.py", line 70, in run
    self._run_node(node, required)
  File "/home/g064474/.local/lib/python3.11/site-packages/lenskit/pipeline/runner.py", line 92, in _run_node
    self._run_component(name, comp, required)
  File "/home/g064474/.local/lib/python3.11/site-packages/lenskit/pipeline/runner.py", line 169, in _run_component
    self.state[name] = comp(**in_data)
                       ^^^^^^^^^^^^^^^
  File "/home/g064474/.local/lib/python3.11/site-packages/lenskit/als/_common.py", line 291, in __call__
    u_feat, u_offset = self.new_user_embedding(user_num, query.user_items)
                       ^^^^^^^^^^^^^^^^^^^^^^^^^^^^^^^^^^^^^^^^^^^^^^^^^^^
  File "/home/g064474/.local/lib/python3.11/site-packages/lenskit/als/_implicit.py", line 126, in new_user_embedding
    u_feat = self._train_new_row(ri_it, ri_val, self.item_features_, self.OtOr_)
             ^^^^^^^^^^^^^^^^^^^^^^^^^^^^^^^^^^^^^^^^^^^^^^^^^^^^^^^^^^^^^^^^^^^
  File "/home/g064474/.local/lib/python3.11/site-packages/lenskit/als/_implicit.py", line 156, in _train_new_row
    x = solve_cholesky(A, y)
        ^^^^^^^^^^^^^^^^^^^^
  File "/home/g064474/.local/lib/python3.11/site-packages/lenskit/math/solve.py", line 39, in solve_cholesky
    raise RuntimeError("cholesky solve failed")
RuntimeError: cholesky solve failed
Traceback (most recent call last):
  File "/home/g064474/.local/lib/python3.11/site-packages/lenskit/pipeline/runner.py", line 70, in run
    self._run_node(node, required)
  File "/home/g064474/.local/lib/python3.11/site-packages/lenskit/pipeline/runner.py", line 92, in _run_node
    self._run_component(name, comp, required)
  File "/home/g064474/.local/lib/python3.11/site-packages/lenskit/pipeline/runner.py", line 144, in _run_component
    ival = self.run(snode, required=ireq)
           ^^^^^^^^^^^^^^^^^^^^^^^^^^^^^^
  File "/home/g064474/.local/lib/python3.11/site-packages/lenskit/pipeline/runner.py", line 75, in run
    raise e
  File "/home/g064474/.local/lib/python3.11/site-packages/lenskit/pipeline/runner.py", line 70, in run
    self._run_node(node, required)
  File "/home/g064474/.local/lib/python3.11/site-packages/lenskit/pipeline/runner.py", line 92, in _run_node
    self._run_component(name, comp, required)
  File "/home/g064474/.local/lib/python3.11/site-packages/lenskit/pipeline/runner.py", line 169, in _run_component
    self.state[name] = comp(**in_data)
                       ^^^^^^^^^^^^^^^
  File "/home/g064474/.local/lib/python3.11/site-packages/lenskit/als/_common.py", line 291, in __call__
    u_feat, u_offset = self.new_user_embedding(user_num, query.user_items)
                       ^^^^^^^^^^^^^^^^^^^^^^^^^^^^^^^^^^^^^^^^^^^^^^^^^^^
  File "/home/g064474/.local/lib/python3.11/site-packages/lenskit/als/_implicit.py", line 126, in new_user_embedding
    u_feat = self._train_new_row(ri_it, ri_val, self.item_features_, self.OtOr_)
             ^^^^^^^^^^^^^^^^^^^^^^^^^^^^^^^^^^^^^^^^^^^^^^^^^^^^^^^^^^^^^^^^^^^
  File "/home/g064474/.local/lib/python3.11/site-packages/lenskit/als/_implicit.py", line 156, in _train_new_row
    x = solve_cholesky(A, y)
        ^^^^^^^^^^^^^^^^^^^^
  File "/home/g064474/.local/lib/python3.11/site-packages/lenskit/math/solve.py", line 39, in solve_cholesky
    raise RuntimeError("cholesky solve failed")
RuntimeError: cholesky solve failed
Traceback (most recent call last):
  File "/home/g064474/.local/lib/python3.11/site-packages/lenskit/pipeline/runner.py", line 70, in run
    self._run_node(node, required)
  File "/home/g064474/.local/lib/python3.11/site-packages/lenskit/pipeline/runner.py", line 92, in _run_node
    self._run_component(name, comp, required)
  File "/home/g064474/.local/lib/python3.11/site-packages/lenskit/pipeline/runner.py", line 169, in _run_component
    self.state[name] = comp(**in_data)
                       ^^^^^^^^^^^^^^^
  File "/home/g064474/.local/lib/python3.11/site-packages/lenskit/als/_common.py", line 291, in __call__
    u_feat, u_offset = self.new_user_embedding(user_num, query.user_items)
                       ^^^^^^^^^^^^^^^^^^^^^^^^^^^^^^^^^^^^^^^^^^^^^^^^^^^
  File "/home/g064474/.local/lib/python3.11/site-packages/lenskit/als/_implicit.py", line 126, in new_user_embedding
    u_feat = self._train_new_row(ri_it, ri_val, self.item_features_, self.OtOr_)
             ^^^^^^^^^^^^^^^^^^^^^^^^^^^^^^^^^^^^^^^^^^^^^^^^^^^^^^^^^^^^^^^^^^^
  File "/home/g064474/.local/lib/python3.11/site-packages/lenskit/als/_implicit.py", line 156, in _train_new_row
    x = solve_cholesky(A, y)
        ^^^^^^^^^^^^^^^^^^^^
  File "/home/g064474/.local/lib/python3.11/site-packages/lenskit/math/solve.py", line 39, in solve_cholesky
    raise RuntimeError("cholesky solve failed")
RuntimeError: cholesky solve failed
Traceback (most recent call last):
  File "/home/g064474/.local/lib/python3.11/site-packages/lenskit/pipeline/runner.py", line 70, in run
    self._run_node(node, required)
  File "/home/g064474/.local/lib/python3.11/site-packages/lenskit/pipeline/runner.py", line 92, in _run_node
    self._run_component(name, comp, required)
  File "/home/g064474/.local/lib/python3.11/site-packages/lenskit/pipeline/runner.py", line 144, in _run_component
    ival = self.run(snode, required=ireq)
           ^^^^^^^^^^^^^^^^^^^^^^^^^^^^^^
  File "/home/g064474/.local/lib/python3.11/site-packages/lenskit/pipeline/runner.py", line 75, in run
    raise e
  File "/home/g064474/.local/lib/python3.11/site-packages/lenskit/pipeline/runner.py", line 70, in run
    self._run_node(node, required)
  File "/home/g064474/.local/lib/python3.11/site-packages/lenskit/pipeline/runner.py", line 92, in _run_node
    self._run_component(name, comp, required)
  File "/home/g064474/.local/lib/python3.11/site-packages/lenskit/pipeline/runner.py", line 169, in _run_component
    self.state[name] = comp(**in_data)
                       ^^^^^^^^^^^^^^^
  File "/home/g064474/.local/lib/python3.11/site-packages/lenskit/als/_common.py", line 291, in __call__
    u_feat, u_offset = self.new_user_embedding(user_num, query.user_items)
                       ^^^^^^^^^^^^^^^^^^^^^^^^^^^^^^^^^^^^^^^^^^^^^^^^^^^
  File "/home/g064474/.local/lib/python3.11/site-packages/lenskit/als/_implicit.py", line 126, in new_user_embedding
    u_feat = self._train_new_row(ri_it, ri_val, self.item_features_, self.OtOr_)
             ^^^^^^^^^^^^^^^^^^^^^^^^^^^^^^^^^^^^^^^^^^^^^^^^^^^^^^^^^^^^^^^^^^^
  File "/home/g064474/.local/lib/python3.11/site-packages/lenskit/als/_implicit.py", line 156, in _train_new_row
    x = solve_cholesky(A, y)
        ^^^^^^^^^^^^^^^^^^^^
  File "/home/g064474/.local/lib/python3.11/site-packages/lenskit/math/solve.py", line 39, in solve_cholesky
    raise RuntimeError("cholesky solve failed")
RuntimeError: cholesky solve failed
Traceback (most recent call last):
  File "/home/g064474/.local/lib/python3.11/site-packages/lenskit/pipeline/runner.py", line 70, in run
    self._run_node(node, required)
  File "/home/g064474/.local/lib/python3.11/site-packages/lenskit/pipeline/runner.py", line 92, in _run_node
    self._run_component(name, comp, required)
  File "/home/g064474/.local/lib/python3.11/site-packages/lenskit/pipeline/runner.py", line 169, in _run_component
    self.state[name] = comp(**in_data)
                       ^^^^^^^^^^^^^^^
  File "/home/g064474/.local/lib/python3.11/site-packages/lenskit/als/_common.py", line 291, in __call__
    u_feat, u_offset = self.new_user_embedding(user_num, query.user_items)
                       ^^^^^^^^^^^^^^^^^^^^^^^^^^^^^^^^^^^^^^^^^^^^^^^^^^^
  File "/home/g064474/.local/lib/python3.11/site-packages/lenskit/als/_implicit.py", line 126, in new_user_embedding
    u_feat = self._train_new_row(ri_it, ri_val, self.item_features_, self.OtOr_)
             ^^^^^^^^^^^^^^^^^^^^^^^^^^^^^^^^^^^^^^^^^^^^^^^^^^^^^^^^^^^^^^^^^^^
  File "/home/g064474/.local/lib/python3.11/site-packages/lenskit/als/_implicit.py", line 156, in _train_new_row
    x = solve_cholesky(A, y)
        ^^^^^^^^^^^^^^^^^^^^
  File "/home/g064474/.local/lib/python3.11/site-packages/lenskit/math/solve.py", line 39, in solve_cholesky
    raise RuntimeError("cholesky solve failed")
RuntimeError: cholesky solve failed
Traceback (most recent call last):
  File "/home/g064474/.local/lib/python3.11/site-packages/lenskit/pipeline/runner.py", line 70, in run
    self._run_node(node, required)
  File "/home/g064474/.local/lib/python3.11/site-packages/lenskit/pipeline/runner.py", line 92, in _run_node
    self._run_component(name, comp, required)
  File "/home/g064474/.local/lib/python3.11/site-packages/lenskit/pipeline/runner.py", line 144, in _run_component
    ival = self.run(snode, required=ireq)
           ^^^^^^^^^^^^^^^^^^^^^^^^^^^^^^
  File "/home/g064474/.local/lib/python3.11/site-packages/lenskit/pipeline/runner.py", line 75, in run
    raise e
  File "/home/g064474/.local/lib/python3.11/site-packages/lenskit/pipeline/runner.py", line 70, in run
    self._run_node(node, required)
  File "/home/g064474/.local/lib/python3.11/site-packages/lenskit/pipeline/runner.py", line 92, in _run_node
    self._run_component(name, comp, required)
  File "/home/g064474/.local/lib/python3.11/site-packages/lenskit/pipeline/runner.py", line 169, in _run_component
    self.state[name] = comp(**in_data)
                       ^^^^^^^^^^^^^^^
  File "/home/g064474/.local/lib/python3.11/site-packages/lenskit/als/_common.py", line 291, in __call__
    u_feat, u_offset = self.new_user_embedding(user_num, query.user_items)
                       ^^^^^^^^^^^^^^^^^^^^^^^^^^^^^^^^^^^^^^^^^^^^^^^^^^^
  File "/home/g064474/.local/lib/python3.11/site-packages/lenskit/als/_implicit.py", line 126, in new_user_embedding
    u_feat = self._train_new_row(ri_it, ri_val, self.item_features_, self.OtOr_)
             ^^^^^^^^^^^^^^^^^^^^^^^^^^^^^^^^^^^^^^^^^^^^^^^^^^^^^^^^^^^^^^^^^^^
  File "/home/g064474/.local/lib/python3.11/site-packages/lenskit/als/_implicit.py", line 156, in _train_new_row
    x = solve_cholesky(A, y)
        ^^^^^^^^^^^^^^^^^^^^
  File "/home/g064474/.local/lib/python3.11/site-packages/lenskit/math/solve.py", line 39, in solve_cholesky
    raise RuntimeError("cholesky solve failed")
RuntimeError: cholesky solve failed
Traceback (most recent call last):
  File "/home/g064474/.local/lib/python3.11/site-packages/lenskit/pipeline/runner.py", line 70, in run
    self._run_node(node, required)
  File "/home/g064474/.local/lib/python3.11/site-packages/lenskit/pipeline/runner.py", line 92, in _run_node
    self._run_component(name, comp, required)
  File "/home/g064474/.local/lib/python3.11/site-packages/lenskit/pipeline/runner.py", line 169, in _run_component
    self.state[name] = comp(**in_data)
                       ^^^^^^^^^^^^^^^
  File "/home/g064474/.local/lib/python3.11/site-packages/lenskit/als/_common.py", line 291, in __call__
    u_feat, u_offset = self.new_user_embedding(user_num, query.user_items)
                       ^^^^^^^^^^^^^^^^^^^^^^^^^^^^^^^^^^^^^^^^^^^^^^^^^^^
  File "/home/g064474/.local/lib/python3.11/site-packages/lenskit/als/_implicit.py", line 126, in new_user_embedding
    u_feat = self._train_new_row(ri_it, ri_val, self.item_features_, self.OtOr_)
             ^^^^^^^^^^^^^^^^^^^^^^^^^^^^^^^^^^^^^^^^^^^^^^^^^^^^^^^^^^^^^^^^^^^
  File "/home/g064474/.local/lib/python3.11/site-packages/lenskit/als/_implicit.py", line 156, in _train_new_row
    x = solve_cholesky(A, y)
        ^^^^^^^^^^^^^^^^^^^^
  File "/home/g064474/.local/lib/python3.11/site-packages/lenskit/math/solve.py", line 39, in solve_cholesky
    raise RuntimeError("cholesky solve failed")
RuntimeError: cholesky solve failed
Traceback (most recent call last):
  File "/home/g064474/.local/lib/python3.11/site-packages/lenskit/pipeline/runner.py", line 70, in run
    self._run_node(node, required)
  File "/home/g064474/.local/lib/python3.11/site-packages/lenskit/pipeline/runner.py", line 92, in _run_node
    self._run_component(name, comp, required)
  File "/home/g064474/.local/lib/python3.11/site-packages/lenskit/pipeline/runner.py", line 144, in _run_component
    ival = self.run(snode, required=ireq)
           ^^^^^^^^^^^^^^^^^^^^^^^^^^^^^^
  File "/home/g064474/.local/lib/python3.11/site-packages/lenskit/pipeline/runner.py", line 75, in run
    raise e
  File "/home/g064474/.local/lib/python3.11/site-packages/lenskit/pipeline/runner.py", line 70, in run
    self._run_node(node, required)
  File "/home/g064474/.local/lib/python3.11/site-packages/lenskit/pipeline/runner.py", line 92, in _run_node
    self._run_component(name, comp, required)
  File "/home/g064474/.local/lib/python3.11/site-packages/lenskit/pipeline/runner.py", line 169, in _run_component
    self.state[name] = comp(**in_data)
                       ^^^^^^^^^^^^^^^
  File "/home/g064474/.local/lib/python3.11/site-packages/lenskit/als/_common.py", line 291, in __call__
    u_feat, u_offset = self.new_user_embedding(user_num, query.user_items)
                       ^^^^^^^^^^^^^^^^^^^^^^^^^^^^^^^^^^^^^^^^^^^^^^^^^^^
  File "/home/g064474/.local/lib/python3.11/site-packages/lenskit/als/_implicit.py", line 126, in new_user_embedding
    u_feat = self._train_new_row(ri_it, ri_val, self.item_features_, self.OtOr_)
             ^^^^^^^^^^^^^^^^^^^^^^^^^^^^^^^^^^^^^^^^^^^^^^^^^^^^^^^^^^^^^^^^^^^
  File "/home/g064474/.local/lib/python3.11/site-packages/lenskit/als/_implicit.py", line 156, in _train_new_row
    x = solve_cholesky(A, y)
        ^^^^^^^^^^^^^^^^^^^^
  File "/home/g064474/.local/lib/python3.11/site-packages/lenskit/math/solve.py", line 39, in solve_cholesky
    raise RuntimeError("cholesky solve failed")
RuntimeError: cholesky solve failed
Traceback (most recent call last):
  File "/home/g064474/.local/lib/python3.11/site-packages/lenskit/pipeline/runner.py", line 70, in run
    self._run_node(node, required)
  File "/home/g064474/.local/lib/python3.11/site-packages/lenskit/pipeline/runner.py", line 92, in _run_node
    self._run_component(name, comp, required)
  File "/home/g064474/.local/lib/python3.11/site-packages/lenskit/pipeline/runner.py", line 169, in _run_component
    self.state[name] = comp(**in_data)
                       ^^^^^^^^^^^^^^^
  File "/home/g064474/.local/lib/python3.11/site-packages/lenskit/als/_common.py", line 291, in __call__
    u_feat, u_offset = self.new_user_embedding(user_num, query.user_items)
                       ^^^^^^^^^^^^^^^^^^^^^^^^^^^^^^^^^^^^^^^^^^^^^^^^^^^
  File "/home/g064474/.local/lib/python3.11/site-packages/lenskit/als/_implicit.py", line 126, in new_user_embedding
    u_feat = self._train_new_row(ri_it, ri_val, self.item_features_, self.OtOr_)
             ^^^^^^^^^^^^^^^^^^^^^^^^^^^^^^^^^^^^^^^^^^^^^^^^^^^^^^^^^^^^^^^^^^^
  File "/home/g064474/.local/lib/python3.11/site-packages/lenskit/als/_implicit.py", line 156, in _train_new_row
    x = solve_cholesky(A, y)
        ^^^^^^^^^^^^^^^^^^^^
  File "/home/g064474/.local/lib/python3.11/site-packages/lenskit/math/solve.py", line 39, in solve_cholesky
    raise RuntimeError("cholesky solve failed")
RuntimeError: cholesky solve failed
Traceback (most recent call last):
  File "/home/g064474/.local/lib/python3.11/site-packages/lenskit/pipeline/runner.py", line 70, in run
    self._run_node(node, required)
  File "/home/g064474/.local/lib/python3.11/site-packages/lenskit/pipeline/runner.py", line 92, in _run_node
    self._run_component(name, comp, required)
  File "/home/g064474/.local/lib/python3.11/site-packages/lenskit/pipeline/runner.py", line 144, in _run_component
    ival = self.run(snode, required=ireq)
           ^^^^^^^^^^^^^^^^^^^^^^^^^^^^^^
  File "/home/g064474/.local/lib/python3.11/site-packages/lenskit/pipeline/runner.py", line 75, in run
    raise e
  File "/home/g064474/.local/lib/python3.11/site-packages/lenskit/pipeline/runner.py", line 70, in run
    self._run_node(node, required)
  File "/home/g064474/.local/lib/python3.11/site-packages/lenskit/pipeline/runner.py", line 92, in _run_node
    self._run_component(name, comp, required)
  File "/home/g064474/.local/lib/python3.11/site-packages/lenskit/pipeline/runner.py", line 169, in _run_component
    self.state[name] = comp(**in_data)
                       ^^^^^^^^^^^^^^^
  File "/home/g064474/.local/lib/python3.11/site-packages/lenskit/als/_common.py", line 291, in __call__
    u_feat, u_offset = self.new_user_embedding(user_num, query.user_items)
                       ^^^^^^^^^^^^^^^^^^^^^^^^^^^^^^^^^^^^^^^^^^^^^^^^^^^
  File "/home/g064474/.local/lib/python3.11/site-packages/lenskit/als/_implicit.py", line 126, in new_user_embedding
    u_feat = self._train_new_row(ri_it, ri_val, self.item_features_, self.OtOr_)
             ^^^^^^^^^^^^^^^^^^^^^^^^^^^^^^^^^^^^^^^^^^^^^^^^^^^^^^^^^^^^^^^^^^^
  File "/home/g064474/.local/lib/python3.11/site-packages/lenskit/als/_implicit.py", line 156, in _train_new_row
    x = solve_cholesky(A, y)
        ^^^^^^^^^^^^^^^^^^^^
  File "/home/g064474/.local/lib/python3.11/site-packages/lenskit/math/solve.py", line 39, in solve_cholesky
    raise RuntimeError("cholesky solve failed")
RuntimeError: cholesky solve failed
[UEDRS]
[00:04:14]
Exception handled:
cholesky solve failed
[UEDRS] [00:04:14] Finished (-1)
[UEDRS] [00:04:14] Memory Usage: RSS = 923.43 MB, VMS = 6200.46 MB
[UEDRS] [00:03:47] Elapsed

[UEDRS] [00:04:14] Memory Usage: RSS = 923.43 MB, VMS = 6200.46 MB
[UEDRS] [00:04:14] Releasing dataframe from memory
[UEDRS] [00:04:14] Memory Usage: RSS = 915.81 MB, VMS = 6192.46 MB
[UEDRS] [00:04:14] Dataset: IPINYOU
[UEDRS] [00:04:14] Loading
[UEDRS] [00:04:29] Loading done
[UEDRS] [00:04:29] Memory Usage: RSS = 3943.09 MB, VMS = 12034.29 MB
[UEDRS] [00:00:14] Elapsed
[UEDRS] [00:04:29] Sampling
[UEDRS] [00:12:51] Sampling done, obtained size: 100000
[UEDRS] [00:12:51] Memory Usage: RSS = 5345.53 MB, VMS = 13433.68 MB
[UEDRS] [00:08:22] Elapsed
[UEDRS] [00:12:51] Checking [LENSKIT][IMPLICIT_MF][IPINYOU][100k]
[UEDRS] [00:12:51] Starting
[UEDRS] [00:31:00] Finished (0)
[UEDRS] [00:31:00] Memory Usage: RSS = 4878.98 MB, VMS = 13497.68 MB
[UEDRS] [00:18:08] Elapsed

[UEDRS] [00:31:00] Memory Usage: RSS = 4878.98 MB, VMS = 13497.68 MB
[UEDRS] [00:31:00] Releasing dataframe from memory
[UEDRS] [00:31:00] Memory Usage: RSS = 3537.88 MB, VMS = 12142.68 MB
[UEDRS] [00:31:00] Dataset: ALIBABA
[UEDRS] [00:31:00] Loading
[UEDRS] [00:31:11] Loading done
[UEDRS] [00:31:11] Memory Usage: RSS = 6573.04 MB, VMS = 14122.68 MB
[UEDRS] [00:00:10] Elapsed
[UEDRS] [00:31:11] Sampling
[UEDRS] [00:33:17] Sampling done, obtained size: 100000
[UEDRS] [00:33:17] Memory Usage: RSS = 6572.06 MB, VMS = 14121.68 MB
[UEDRS] [00:02:06] Elapsed
[UEDRS] [00:33:17] Checking [LENSKIT][IMPLICIT_MF][ALIBABA][100k]
[UEDRS] [00:33:17] Skipping (0)
[UEDRS] [00:33:17] Memory Usage: RSS = 6572.06 MB, VMS = 14121.68 MB
[UEDRS] [00:33:17] Releasing dataframe from memory
[UEDRS] [00:33:17] Memory Usage: RSS = 6571.07 MB, VMS = 14120.68 MB
[UEDRS] [00:33:17] Dataset: LASTFM
[UEDRS] [00:33:17] Loading
[UEDRS] [00:33:43] Loading done
[UEDRS] [00:33:43] Memory Usage: RSS = 12072.89 MB, VMS = 17280.68 MB
[UEDRS] [00:00:25] Elapsed
[UEDRS] [00:33:43] Sampling
[UEDRS] [00:34:13] Sampling done, obtained size: 100000
[UEDRS] [00:34:13] Memory Usage: RSS = 12072.89 MB, VMS = 17280.68 MB
[UEDRS] [00:00:29] Elapsed
[UEDRS] [00:34:13] Checking [LENSKIT][IMPLICIT_MF][LASTFM][100k]
[UEDRS] [00:34:13] Skipping (0)
[UEDRS] [00:34:13] Memory Usage: RSS = 12072.89 MB, VMS = 17280.68 MB
[UEDRS] [00:34:13] Releasing dataframe from memory
[UEDRS] [00:34:13] Memory Usage: RSS = 12072.89 MB, VMS = 17280.68 MB
[UEDRS] [00:34:13] Dataset: AMAZON
[UEDRS] [00:34:13] Loading
[UEDRS] [00:48:20] Loading done
[UEDRS] [00:48:20] Memory Usage: RSS = 68111.46 MB, VMS = 102269.93 MB
[UEDRS] [00:14:06] Elapsed
[UEDRS] [00:48:20] Sampling
[UEDRS] [02:57:44] Sampling done, obtained size: 100000
[UEDRS] [02:57:44] Memory Usage: RSS = 57015.66 MB, VMS = 93753.93 MB
[UEDRS] [02:09:24] Elapsed
[UEDRS] [02:57:44] Checking [LENSKIT][IMPLICIT_MF][AMAZON][100k]
[UEDRS] [02:57:44] Starting
[UEDRS] [03:15:56] Finished (0)
[UEDRS] [03:15:56] Memory Usage: RSS = 46220.66 MB, VMS = 93815.93 MB
[UEDRS] [00:18:11] Elapsed

[UEDRS] [03:15:56] Memory Usage: RSS = 46220.66 MB, VMS = 93815.93 MB
[UEDRS] [03:15:56] Releasing dataframe from memory
[UEDRS] [03:15:56] Memory Usage: RSS = 42633.91 MB, VMS = 90192.93 MB
[UEDRS] [03:15:56] Desired size: 250000
[UEDRS] [03:15:56] Dataset: MYANIMELIST
[UEDRS] [03:15:56] Loading
[UEDRS] [03:15:57] Loading done
[UEDRS] [03:15:57] Memory Usage: RSS = 42698.34 MB, VMS = 90192.93 MB
[UEDRS] [00:00:00] Elapsed
[UEDRS] [03:15:57] Sampling
[UEDRS] [03:15:59] Sampling done, obtained size: 250000
[UEDRS] [03:15:59] Memory Usage: RSS = 42696.37 MB, VMS = 90190.93 MB
[UEDRS] [00:00:02] Elapsed
[UEDRS] [03:15:59] Checking [LENSKIT][IMPLICIT_MF][MYANIMELIST][250k]
[UEDRS] [03:15:59] Starting
2026-02-21 18:55:36 [error    ] failed to run node             [lenskit.pipeline.runner] node=scorer pid=6259 pname=LensKitProcess-105
2026-02-21 18:55:36 [error    ] failed to run node             [lenskit.pipeline.runner] node=ranker pid=6259 pname=LensKitProcess-105
2026-02-21 18:57:05 [error    ] failed to run node             [lenskit.pipeline.runner] node=scorer pid=8285 pname=LensKitProcess-124
2026-02-21 18:57:05 [error    ] failed to run node             [lenskit.pipeline.runner] node=ranker pid=8285 pname=LensKitProcess-124
2026-02-21 18:57:30 [error    ] failed to run node             [lenskit.pipeline.runner] node=scorer pid=5980 pname=LensKitProcess-102
2026-02-21 18:57:31 [error    ] failed to run node             [lenskit.pipeline.runner] node=ranker pid=5980 pname=LensKitProcess-102
Traceback (most recent call last):
  File "/home/g064474/.local/lib/python3.11/site-packages/lenskit/pipeline/runner.py", line 70, in run
    self._run_node(node, required)
  File "/home/g064474/.local/lib/python3.11/site-packages/lenskit/pipeline/runner.py", line 92, in _run_node
    self._run_component(name, comp, required)
  File "/home/g064474/.local/lib/python3.11/site-packages/lenskit/pipeline/runner.py", line 169, in _run_component
    self.state[name] = comp(**in_data)
                       ^^^^^^^^^^^^^^^
  File "/home/g064474/.local/lib/python3.11/site-packages/lenskit/als/_common.py", line 291, in __call__
    u_feat, u_offset = self.new_user_embedding(user_num, query.user_items)
                       ^^^^^^^^^^^^^^^^^^^^^^^^^^^^^^^^^^^^^^^^^^^^^^^^^^^
  File "/home/g064474/.local/lib/python3.11/site-packages/lenskit/als/_implicit.py", line 126, in new_user_embedding
    u_feat = self._train_new_row(ri_it, ri_val, self.item_features_, self.OtOr_)
             ^^^^^^^^^^^^^^^^^^^^^^^^^^^^^^^^^^^^^^^^^^^^^^^^^^^^^^^^^^^^^^^^^^^
  File "/home/g064474/.local/lib/python3.11/site-packages/lenskit/als/_implicit.py", line 156, in _train_new_row
    x = solve_cholesky(A, y)
        ^^^^^^^^^^^^^^^^^^^^
  File "/home/g064474/.local/lib/python3.11/site-packages/lenskit/math/solve.py", line 39, in solve_cholesky
    raise RuntimeError("cholesky solve failed")
RuntimeError: cholesky solve failed
Traceback (most recent call last):
  File "/home/g064474/.local/lib/python3.11/site-packages/lenskit/pipeline/runner.py", line 70, in run
    self._run_node(node, required)
  File "/home/g064474/.local/lib/python3.11/site-packages/lenskit/pipeline/runner.py", line 92, in _run_node
    self._run_component(name, comp, required)
  File "/home/g064474/.local/lib/python3.11/site-packages/lenskit/pipeline/runner.py", line 144, in _run_component
    ival = self.run(snode, required=ireq)
           ^^^^^^^^^^^^^^^^^^^^^^^^^^^^^^
  File "/home/g064474/.local/lib/python3.11/site-packages/lenskit/pipeline/runner.py", line 75, in run
    raise e
  File "/home/g064474/.local/lib/python3.11/site-packages/lenskit/pipeline/runner.py", line 70, in run
    self._run_node(node, required)
  File "/home/g064474/.local/lib/python3.11/site-packages/lenskit/pipeline/runner.py", line 92, in _run_node
    self._run_component(name, comp, required)
  File "/home/g064474/.local/lib/python3.11/site-packages/lenskit/pipeline/runner.py", line 169, in _run_component
    self.state[name] = comp(**in_data)
                       ^^^^^^^^^^^^^^^
  File "/home/g064474/.local/lib/python3.11/site-packages/lenskit/als/_common.py", line 291, in __call__
    u_feat, u_offset = self.new_user_embedding(user_num, query.user_items)
                       ^^^^^^^^^^^^^^^^^^^^^^^^^^^^^^^^^^^^^^^^^^^^^^^^^^^
  File "/home/g064474/.local/lib/python3.11/site-packages/lenskit/als/_implicit.py", line 126, in new_user_embedding
    u_feat = self._train_new_row(ri_it, ri_val, self.item_features_, self.OtOr_)
             ^^^^^^^^^^^^^^^^^^^^^^^^^^^^^^^^^^^^^^^^^^^^^^^^^^^^^^^^^^^^^^^^^^^
  File "/home/g064474/.local/lib/python3.11/site-packages/lenskit/als/_implicit.py", line 156, in _train_new_row
    x = solve_cholesky(A, y)
        ^^^^^^^^^^^^^^^^^^^^
  File "/home/g064474/.local/lib/python3.11/site-packages/lenskit/math/solve.py", line 39, in solve_cholesky
    raise RuntimeError("cholesky solve failed")
RuntimeError: cholesky solve failed
Traceback (most recent call last):
  File "/home/g064474/.local/lib/python3.11/site-packages/lenskit/pipeline/runner.py", line 70, in run
    self._run_node(node, required)
  File "/home/g064474/.local/lib/python3.11/site-packages/lenskit/pipeline/runner.py", line 92, in _run_node
    self._run_component(name, comp, required)
  File "/home/g064474/.local/lib/python3.11/site-packages/lenskit/pipeline/runner.py", line 169, in _run_component
    self.state[name] = comp(**in_data)
                       ^^^^^^^^^^^^^^^
  File "/home/g064474/.local/lib/python3.11/site-packages/lenskit/als/_common.py", line 291, in __call__
    u_feat, u_offset = self.new_user_embedding(user_num, query.user_items)
                       ^^^^^^^^^^^^^^^^^^^^^^^^^^^^^^^^^^^^^^^^^^^^^^^^^^^
  File "/home/g064474/.local/lib/python3.11/site-packages/lenskit/als/_implicit.py", line 126, in new_user_embedding
    u_feat = self._train_new_row(ri_it, ri_val, self.item_features_, self.OtOr_)
             ^^^^^^^^^^^^^^^^^^^^^^^^^^^^^^^^^^^^^^^^^^^^^^^^^^^^^^^^^^^^^^^^^^^
  File "/home/g064474/.local/lib/python3.11/site-packages/lenskit/als/_implicit.py", line 156, in _train_new_row
    x = solve_cholesky(A, y)
        ^^^^^^^^^^^^^^^^^^^^
  File "/home/g064474/.local/lib/python3.11/site-packages/lenskit/math/solve.py", line 39, in solve_cholesky
    raise RuntimeError("cholesky solve failed")
RuntimeError: cholesky solve failed
Traceback (most recent call last):
  File "/home/g064474/.local/lib/python3.11/site-packages/lenskit/pipeline/runner.py", line 70, in run
    self._run_node(node, required)
  File "/home/g064474/.local/lib/python3.11/site-packages/lenskit/pipeline/runner.py", line 92, in _run_node
    self._run_component(name, comp, required)
  File "/home/g064474/.local/lib/python3.11/site-packages/lenskit/pipeline/runner.py", line 144, in _run_component
    ival = self.run(snode, required=ireq)
           ^^^^^^^^^^^^^^^^^^^^^^^^^^^^^^
  File "/home/g064474/.local/lib/python3.11/site-packages/lenskit/pipeline/runner.py", line 75, in run
    raise e
  File "/home/g064474/.local/lib/python3.11/site-packages/lenskit/pipeline/runner.py", line 70, in run
    self._run_node(node, required)
  File "/home/g064474/.local/lib/python3.11/site-packages/lenskit/pipeline/runner.py", line 92, in _run_node
    self._run_component(name, comp, required)
  File "/home/g064474/.local/lib/python3.11/site-packages/lenskit/pipeline/runner.py", line 169, in _run_component
    self.state[name] = comp(**in_data)
                       ^^^^^^^^^^^^^^^
  File "/home/g064474/.local/lib/python3.11/site-packages/lenskit/als/_common.py", line 291, in __call__
    u_feat, u_offset = self.new_user_embedding(user_num, query.user_items)
                       ^^^^^^^^^^^^^^^^^^^^^^^^^^^^^^^^^^^^^^^^^^^^^^^^^^^
  File "/home/g064474/.local/lib/python3.11/site-packages/lenskit/als/_implicit.py", line 126, in new_user_embedding
    u_feat = self._train_new_row(ri_it, ri_val, self.item_features_, self.OtOr_)
             ^^^^^^^^^^^^^^^^^^^^^^^^^^^^^^^^^^^^^^^^^^^^^^^^^^^^^^^^^^^^^^^^^^^
  File "/home/g064474/.local/lib/python3.11/site-packages/lenskit/als/_implicit.py", line 156, in _train_new_row
    x = solve_cholesky(A, y)
        ^^^^^^^^^^^^^^^^^^^^
  File "/home/g064474/.local/lib/python3.11/site-packages/lenskit/math/solve.py", line 39, in solve_cholesky
    raise RuntimeError("cholesky solve failed")
RuntimeError: cholesky solve failed
Traceback (most recent call last):
  File "/home/g064474/.local/lib/python3.11/site-packages/lenskit/pipeline/runner.py", line 70, in run
    self._run_node(node, required)
  File "/home/g064474/.local/lib/python3.11/site-packages/lenskit/pipeline/runner.py", line 92, in _run_node
    self._run_component(name, comp, required)
  File "/home/g064474/.local/lib/python3.11/site-packages/lenskit/pipeline/runner.py", line 169, in _run_component
    self.state[name] = comp(**in_data)
                       ^^^^^^^^^^^^^^^
  File "/home/g064474/.local/lib/python3.11/site-packages/lenskit/als/_common.py", line 291, in __call__
    u_feat, u_offset = self.new_user_embedding(user_num, query.user_items)
                       ^^^^^^^^^^^^^^^^^^^^^^^^^^^^^^^^^^^^^^^^^^^^^^^^^^^
  File "/home/g064474/.local/lib/python3.11/site-packages/lenskit/als/_implicit.py", line 126, in new_user_embedding
    u_feat = self._train_new_row(ri_it, ri_val, self.item_features_, self.OtOr_)
             ^^^^^^^^^^^^^^^^^^^^^^^^^^^^^^^^^^^^^^^^^^^^^^^^^^^^^^^^^^^^^^^^^^^
  File "/home/g064474/.local/lib/python3.11/site-packages/lenskit/als/_implicit.py", line 156, in _train_new_row
    x = solve_cholesky(A, y)
        ^^^^^^^^^^^^^^^^^^^^
  File "/home/g064474/.local/lib/python3.11/site-packages/lenskit/math/solve.py", line 39, in solve_cholesky
    raise RuntimeError("cholesky solve failed")
RuntimeError: cholesky solve failed
Traceback (most recent call last):
  File "/home/g064474/.local/lib/python3.11/site-packages/lenskit/pipeline/runner.py", line 70, in run
    self._run_node(node, required)
  File "/home/g064474/.local/lib/python3.11/site-packages/lenskit/pipeline/runner.py", line 92, in _run_node
    self._run_component(name, comp, required)
  File "/home/g064474/.local/lib/python3.11/site-packages/lenskit/pipeline/runner.py", line 144, in _run_component
    ival = self.run(snode, required=ireq)
           ^^^^^^^^^^^^^^^^^^^^^^^^^^^^^^
  File "/home/g064474/.local/lib/python3.11/site-packages/lenskit/pipeline/runner.py", line 75, in run
    raise e
  File "/home/g064474/.local/lib/python3.11/site-packages/lenskit/pipeline/runner.py", line 70, in run
    self._run_node(node, required)
  File "/home/g064474/.local/lib/python3.11/site-packages/lenskit/pipeline/runner.py", line 92, in _run_node
    self._run_component(name, comp, required)
  File "/home/g064474/.local/lib/python3.11/site-packages/lenskit/pipeline/runner.py", line 169, in _run_component
    self.state[name] = comp(**in_data)
                       ^^^^^^^^^^^^^^^
  File "/home/g064474/.local/lib/python3.11/site-packages/lenskit/als/_common.py", line 291, in __call__
    u_feat, u_offset = self.new_user_embedding(user_num, query.user_items)
                       ^^^^^^^^^^^^^^^^^^^^^^^^^^^^^^^^^^^^^^^^^^^^^^^^^^^
  File "/home/g064474/.local/lib/python3.11/site-packages/lenskit/als/_implicit.py", line 126, in new_user_embedding
    u_feat = self._train_new_row(ri_it, ri_val, self.item_features_, self.OtOr_)
             ^^^^^^^^^^^^^^^^^^^^^^^^^^^^^^^^^^^^^^^^^^^^^^^^^^^^^^^^^^^^^^^^^^^
  File "/home/g064474/.local/lib/python3.11/site-packages/lenskit/als/_implicit.py", line 156, in _train_new_row
    x = solve_cholesky(A, y)
        ^^^^^^^^^^^^^^^^^^^^
  File "/home/g064474/.local/lib/python3.11/site-packages/lenskit/math/solve.py", line 39, in solve_cholesky
    raise RuntimeError("cholesky solve failed")
RuntimeError: cholesky solve failed
[UEDRS]
[03:19:58]
Exception handled:
cholesky solve failed
[UEDRS] [03:19:58] Finished (-1)
[UEDRS] [03:19:58] Memory Usage: RSS = 42704.96 MB, VMS = 90199.93 MB
[UEDRS] [00:03:58] Elapsed

[UEDRS] [03:19:58] Memory Usage: RSS = 42704.96 MB, VMS = 90199.93 MB
[UEDRS] [03:19:58] Releasing dataframe from memory
[UEDRS] [03:19:58] Memory Usage: RSS = 42694.82 MB, VMS = 90188.93 MB
[UEDRS] [03:19:58] Dataset: IPINYOU
[UEDRS] [03:19:58] Loading
[UEDRS] [03:24:04] Loading done
[UEDRS] [03:24:04] Memory Usage: RSS = 48949.15 MB, VMS = 91874.75 MB
[UEDRS] [00:04:06] Elapsed
[UEDRS] [03:24:04] Sampling
[UEDRS] [03:32:32] Sampling done, obtained size: 250000
[UEDRS] [03:32:32] Memory Usage: RSS = 48599.73 MB, VMS = 91524.93 MB
[UEDRS] [00:08:27] Elapsed
[UEDRS] [03:32:32] Checking [LENSKIT][IMPLICIT_MF][IPINYOU][250k]
[UEDRS] [03:32:32] Starting
[UEDRS] [05:02:25] Finished (0)
[UEDRS] [05:02:25] Memory Usage: RSS = 48649.89 MB, VMS = 91594.93 MB
[UEDRS] [01:29:53] Elapsed

[UEDRS] [05:02:25] Memory Usage: RSS = 48649.89 MB, VMS = 91594.93 MB
[UEDRS] [05:02:25] Releasing dataframe from memory
[UEDRS] [05:02:26] Memory Usage: RSS = 47336.51 MB, VMS = 90270.93 MB
[UEDRS] [05:02:26] Dataset: ALIBABA
[UEDRS] [05:02:26] Loading
[UEDRS] [05:02:29] Loading done
[UEDRS] [05:02:29] Memory Usage: RSS = 47458.36 MB, VMS = 90269.93 MB
[UEDRS] [00:00:03] Elapsed
[UEDRS] [05:02:29] Sampling
[UEDRS] [05:08:17] Sampling done, obtained size: 250000
[UEDRS] [05:08:17] Memory Usage: RSS = 47455.39 MB, VMS = 90266.93 MB
[UEDRS] [00:05:48] Elapsed
[UEDRS] [05:08:17] Checking [LENSKIT][IMPLICIT_MF][ALIBABA][250k]
[UEDRS] [05:08:17] Skipping (2.6e-06)
[UEDRS] [05:08:17] Memory Usage: RSS = 47454.41 MB, VMS = 90265.93 MB
[UEDRS] [05:08:17] Releasing dataframe from memory
[UEDRS] [05:08:17] Memory Usage: RSS = 47453.43 MB, VMS = 90264.93 MB
[UEDRS] [05:08:17] Dataset: LASTFM
[UEDRS] [05:08:17] Loading
[UEDRS] [05:11:33] Loading done
[UEDRS] [05:11:33] Memory Usage: RSS = 50420.61 MB, VMS = 90264.93 MB
[UEDRS] [00:03:15] Elapsed
[UEDRS] [05:11:33] Sampling
[UEDRS] [05:22:05] Sampling done, obtained size: 250000
[UEDRS] [05:22:05] Memory Usage: RSS = 50420.61 MB, VMS = 90264.93 MB
[UEDRS] [00:10:31] Elapsed
[UEDRS] [05:22:05] Checking [LENSKIT][IMPLICIT_MF][LASTFM][250k]
[UEDRS] [05:22:05] Skipping (8.5e-06)
[UEDRS] [05:22:05] Memory Usage: RSS = 50420.61 MB, VMS = 90264.93 MB
[UEDRS] [05:22:05] Releasing dataframe from memory
[UEDRS] [05:22:05] Memory Usage: RSS = 50420.61 MB, VMS = 90264.93 MB
[UEDRS] [05:22:05] Dataset: AMAZON
[UEDRS] [05:22:05] Loading
[UEDRS] [07:59:12] Loading done
[UEDRS] [07:59:12] Memory Usage: RSS = 82637.51 MB, VMS = 106696.14 MB
[UEDRS] [02:37:07] Elapsed
[UEDRS] [07:59:12] Sampling
[UEDRS] [14:17:09] Sampling done, obtained size: 250000
[UEDRS] [14:17:09] Memory Usage: RSS = 70490.48 MB, VMS = 96826.05 MB
[UEDRS] [06:17:56] Elapsed
[UEDRS] [14:17:09] Checking [LENSKIT][IMPLICIT_MF][AMAZON][250k]
[UEDRS] [14:17:09] Starting
[UEDRS] [16:21:31] Finished (0)
[UEDRS] [16:21:31] Memory Usage: RSS = 69278.29 MB, VMS = 96826.05 MB
[UEDRS] [02:04:21] Elapsed

[UEDRS] [16:21:31] Memory Usage: RSS = 69278.29 MB, VMS = 96826.05 MB
[UEDRS] [16:21:31] Releasing dataframe from memory
[UEDRS] [16:21:32] Memory Usage: RSS = 65242.81 MB, VMS = 92765.05 MB
[UEDRS] [16:21:32] Desired size: 500000
[UEDRS] [16:21:32] Dataset: MYANIMELIST
[UEDRS] [16:21:32] Loading
[UEDRS] [16:21:32] Loading done
[UEDRS] [16:21:32] Memory Usage: RSS = 65127.40 MB, VMS = 92765.05 MB
[UEDRS] [00:00:00] Elapsed
[UEDRS] [16:21:32] Sampling
[UEDRS] [16:21:34] Sampling done, obtained size: 500000
[UEDRS] [16:21:34] Memory Usage: RSS = 65126.42 MB, VMS = 92764.05 MB
[UEDRS] [00:00:02] Elapsed
[UEDRS] [16:21:34] Checking [LENSKIT][IMPLICIT_MF][MYANIMELIST][500k]
[UEDRS] [16:21:34] Starting
2026-02-22 08:00:47 [error    ] failed to run node             [lenskit.pipeline.runner] node=scorer pid=6488 pname=LensKitProcess-203
2026-02-22 08:00:47 [error    ] failed to run node             [lenskit.pipeline.runner] node=ranker pid=6488 pname=LensKitProcess-203
2026-02-22 08:02:21 [error    ] failed to run node             [lenskit.pipeline.runner] node=scorer pid=6576 pname=LensKitProcess-204
2026-02-22 08:02:21 [error    ] failed to run node             [lenskit.pipeline.runner] node=ranker pid=6576 pname=LensKitProcess-204
Traceback (most recent call last):
  File "/home/g064474/.local/lib/python3.11/site-packages/lenskit/pipeline/runner.py", line 70, in run
    self._run_node(node, required)
  File "/home/g064474/.local/lib/python3.11/site-packages/lenskit/pipeline/runner.py", line 92, in _run_node
    self._run_component(name, comp, required)
  File "/home/g064474/.local/lib/python3.11/site-packages/lenskit/pipeline/runner.py", line 169, in _run_component
    self.state[name] = comp(**in_data)
                       ^^^^^^^^^^^^^^^
  File "/home/g064474/.local/lib/python3.11/site-packages/lenskit/als/_common.py", line 291, in __call__
    u_feat, u_offset = self.new_user_embedding(user_num, query.user_items)
                       ^^^^^^^^^^^^^^^^^^^^^^^^^^^^^^^^^^^^^^^^^^^^^^^^^^^
  File "/home/g064474/.local/lib/python3.11/site-packages/lenskit/als/_implicit.py", line 126, in new_user_embedding
    u_feat = self._train_new_row(ri_it, ri_val, self.item_features_, self.OtOr_)
             ^^^^^^^^^^^^^^^^^^^^^^^^^^^^^^^^^^^^^^^^^^^^^^^^^^^^^^^^^^^^^^^^^^^
  File "/home/g064474/.local/lib/python3.11/site-packages/lenskit/als/_implicit.py", line 156, in _train_new_row
    x = solve_cholesky(A, y)
        ^^^^^^^^^^^^^^^^^^^^
  File "/home/g064474/.local/lib/python3.11/site-packages/lenskit/math/solve.py", line 39, in solve_cholesky
    raise RuntimeError("cholesky solve failed")
RuntimeError: cholesky solve failed
Traceback (most recent call last):
  File "/home/g064474/.local/lib/python3.11/site-packages/lenskit/pipeline/runner.py", line 70, in run
    self._run_node(node, required)
  File "/home/g064474/.local/lib/python3.11/site-packages/lenskit/pipeline/runner.py", line 92, in _run_node
    self._run_component(name, comp, required)
  File "/home/g064474/.local/lib/python3.11/site-packages/lenskit/pipeline/runner.py", line 144, in _run_component
    ival = self.run(snode, required=ireq)
           ^^^^^^^^^^^^^^^^^^^^^^^^^^^^^^
  File "/home/g064474/.local/lib/python3.11/site-packages/lenskit/pipeline/runner.py", line 75, in run
    raise e
  File "/home/g064474/.local/lib/python3.11/site-packages/lenskit/pipeline/runner.py", line 70, in run
    self._run_node(node, required)
  File "/home/g064474/.local/lib/python3.11/site-packages/lenskit/pipeline/runner.py", line 92, in _run_node
    self._run_component(name, comp, required)
  File "/home/g064474/.local/lib/python3.11/site-packages/lenskit/pipeline/runner.py", line 169, in _run_component
    self.state[name] = comp(**in_data)
                       ^^^^^^^^^^^^^^^
  File "/home/g064474/.local/lib/python3.11/site-packages/lenskit/als/_common.py", line 291, in __call__
    u_feat, u_offset = self.new_user_embedding(user_num, query.user_items)
                       ^^^^^^^^^^^^^^^^^^^^^^^^^^^^^^^^^^^^^^^^^^^^^^^^^^^
  File "/home/g064474/.local/lib/python3.11/site-packages/lenskit/als/_implicit.py", line 126, in new_user_embedding
    u_feat = self._train_new_row(ri_it, ri_val, self.item_features_, self.OtOr_)
             ^^^^^^^^^^^^^^^^^^^^^^^^^^^^^^^^^^^^^^^^^^^^^^^^^^^^^^^^^^^^^^^^^^^
  File "/home/g064474/.local/lib/python3.11/site-packages/lenskit/als/_implicit.py", line 156, in _train_new_row
    x = solve_cholesky(A, y)
        ^^^^^^^^^^^^^^^^^^^^
  File "/home/g064474/.local/lib/python3.11/site-packages/lenskit/math/solve.py", line 39, in solve_cholesky
    raise RuntimeError("cholesky solve failed")
RuntimeError: cholesky solve failed
Traceback (most recent call last):
  File "/home/g064474/.local/lib/python3.11/site-packages/lenskit/pipeline/runner.py", line 70, in run
    self._run_node(node, required)
  File "/home/g064474/.local/lib/python3.11/site-packages/lenskit/pipeline/runner.py", line 92, in _run_node
    self._run_component(name, comp, required)
  File "/home/g064474/.local/lib/python3.11/site-packages/lenskit/pipeline/runner.py", line 169, in _run_component
    self.state[name] = comp(**in_data)
                       ^^^^^^^^^^^^^^^
  File "/home/g064474/.local/lib/python3.11/site-packages/lenskit/als/_common.py", line 291, in __call__
    u_feat, u_offset = self.new_user_embedding(user_num, query.user_items)
                       ^^^^^^^^^^^^^^^^^^^^^^^^^^^^^^^^^^^^^^^^^^^^^^^^^^^
  File "/home/g064474/.local/lib/python3.11/site-packages/lenskit/als/_implicit.py", line 126, in new_user_embedding
    u_feat = self._train_new_row(ri_it, ri_val, self.item_features_, self.OtOr_)
             ^^^^^^^^^^^^^^^^^^^^^^^^^^^^^^^^^^^^^^^^^^^^^^^^^^^^^^^^^^^^^^^^^^^
  File "/home/g064474/.local/lib/python3.11/site-packages/lenskit/als/_implicit.py", line 156, in _train_new_row
    x = solve_cholesky(A, y)
        ^^^^^^^^^^^^^^^^^^^^
  File "/home/g064474/.local/lib/python3.11/site-packages/lenskit/math/solve.py", line 39, in solve_cholesky
    raise RuntimeError("cholesky solve failed")
RuntimeError: cholesky solve failed
Traceback (most recent call last):
  File "/home/g064474/.local/lib/python3.11/site-packages/lenskit/pipeline/runner.py", line 70, in run
    self._run_node(node, required)
  File "/home/g064474/.local/lib/python3.11/site-packages/lenskit/pipeline/runner.py", line 92, in _run_node
    self._run_component(name, comp, required)
  File "/home/g064474/.local/lib/python3.11/site-packages/lenskit/pipeline/runner.py", line 144, in _run_component
    ival = self.run(snode, required=ireq)
           ^^^^^^^^^^^^^^^^^^^^^^^^^^^^^^
  File "/home/g064474/.local/lib/python3.11/site-packages/lenskit/pipeline/runner.py", line 75, in run
    raise e
  File "/home/g064474/.local/lib/python3.11/site-packages/lenskit/pipeline/runner.py", line 70, in run
    self._run_node(node, required)
  File "/home/g064474/.local/lib/python3.11/site-packages/lenskit/pipeline/runner.py", line 92, in _run_node
    self._run_component(name, comp, required)
  File "/home/g064474/.local/lib/python3.11/site-packages/lenskit/pipeline/runner.py", line 169, in _run_component
    self.state[name] = comp(**in_data)
                       ^^^^^^^^^^^^^^^
  File "/home/g064474/.local/lib/python3.11/site-packages/lenskit/als/_common.py", line 291, in __call__
    u_feat, u_offset = self.new_user_embedding(user_num, query.user_items)
                       ^^^^^^^^^^^^^^^^^^^^^^^^^^^^^^^^^^^^^^^^^^^^^^^^^^^
  File "/home/g064474/.local/lib/python3.11/site-packages/lenskit/als/_implicit.py", line 126, in new_user_embedding
    u_feat = self._train_new_row(ri_it, ri_val, self.item_features_, self.OtOr_)
             ^^^^^^^^^^^^^^^^^^^^^^^^^^^^^^^^^^^^^^^^^^^^^^^^^^^^^^^^^^^^^^^^^^^
  File "/home/g064474/.local/lib/python3.11/site-packages/lenskit/als/_implicit.py", line 156, in _train_new_row
    x = solve_cholesky(A, y)
        ^^^^^^^^^^^^^^^^^^^^
  File "/home/g064474/.local/lib/python3.11/site-packages/lenskit/math/solve.py", line 39, in solve_cholesky
    raise RuntimeError("cholesky solve failed")
RuntimeError: cholesky solve failed
[UEDRS]
[16:25:44]
Exception handled:
cholesky solve failed
[UEDRS] [16:25:44] Finished (-1)
[UEDRS] [16:25:44] Memory Usage: RSS = 65118.70 MB, VMS = 92774.05 MB
[UEDRS] [00:04:09] Elapsed

[UEDRS] [16:25:44] Memory Usage: RSS = 65118.70 MB, VMS = 92774.05 MB
[UEDRS] [16:25:44] Releasing dataframe from memory
[UEDRS] [16:25:44] Memory Usage: RSS = 65107.35 MB, VMS = 92762.05 MB
[UEDRS] [16:25:44] Dataset: IPINYOU
[UEDRS] [16:25:44] Loading
[UEDRS] [16:25:52] Loading done
[UEDRS] [16:25:52] Memory Usage: RSS = 66974.67 MB, VMS = 94427.86 MB
[UEDRS] [00:00:07] Elapsed
[UEDRS] [16:25:52] Sampling
[UEDRS] [16:34:27] Sampling done, obtained size: 500000
[UEDRS] [16:34:27] Memory Usage: RSS = 66638.28 MB, VMS = 94091.05 MB
[UEDRS] [00:08:35] Elapsed
[UEDRS] [16:34:27] Checking [LENSKIT][IMPLICIT_MF][IPINYOU][500k]
[UEDRS] [16:34:27] Starting
[UEDRS] [22:19:44] Finished (0)
[UEDRS] [22:19:44] Memory Usage: RSS = 65402.54 MB, VMS = 94173.91 MB
[UEDRS] [05:45:16] Elapsed

[UEDRS] [22:19:44] Memory Usage: RSS = 65402.54 MB, VMS = 94173.91 MB
[UEDRS] [22:19:44] Releasing dataframe from memory
[UEDRS] [22:19:44] Memory Usage: RSS = 64084.03 MB, VMS = 92844.91 MB
[UEDRS] [22:19:44] Dataset: ALIBABA
[UEDRS] [22:19:44] Loading
[UEDRS] [22:19:46] Loading done
[UEDRS] [22:19:46] Memory Usage: RSS = 64135.65 MB, VMS = 92843.91 MB
[UEDRS] [00:00:01] Elapsed
[UEDRS] [22:19:46] Sampling
[UEDRS] [22:27:12] Sampling done, obtained size: 500000
[UEDRS] [22:27:12] Memory Usage: RSS = 64133.70 MB, VMS = 92841.91 MB
[UEDRS] [00:07:26] Elapsed
[UEDRS] [22:27:12] Checking [LENSKIT][IMPLICIT_MF][ALIBABA][500k]
[UEDRS] [22:27:12] Skipping (5.5e-06)
[UEDRS] [22:27:12] Memory Usage: RSS = 64133.70 MB, VMS = 92841.91 MB
[UEDRS] [22:27:12] Releasing dataframe from memory
[UEDRS] [22:27:13] Memory Usage: RSS = 64132.70 MB, VMS = 92840.91 MB
[UEDRS] [22:27:13] Dataset: LASTFM
[UEDRS] [22:27:13] Loading
[UEDRS] [22:27:16] Loading done
[UEDRS] [22:27:16] Memory Usage: RSS = 65038.78 MB, VMS = 92840.91 MB
[UEDRS] [00:00:03] Elapsed
[UEDRS] [22:27:16] Sampling
[UEDRS] [22:39:15] Sampling done, obtained size: 500000
[UEDRS] [22:39:15] Memory Usage: RSS = 65038.78 MB, VMS = 92840.91 MB
[UEDRS] [00:11:58] Elapsed
[UEDRS] [22:39:15] Checking [LENSKIT][IMPLICIT_MF][LASTFM][500k]
[UEDRS] [22:39:15] Skipping (4.4e-05)
[UEDRS] [22:39:15] Memory Usage: RSS = 65038.78 MB, VMS = 92840.91 MB
[UEDRS] [22:39:15] Releasing dataframe from memory
[UEDRS] [22:39:15] Memory Usage: RSS = 65038.78 MB, VMS = 92840.91 MB
[UEDRS] [22:39:15] Dataset: AMAZON
[UEDRS] [22:39:15] Loading
