[UEDRS] [00:00:10] Mode: ABSOLUTE STRATIFIED_USER
[UEDRS] [00:00:10] Tag:  LENSKIT:BIASED_MF
[UEDRS] [00:00:10] Tool: LENSKIT
[UEDRS] [00:00:10] Algorithm: BIASED_MF
[UEDRS] [00:00:10] Datasets: MYANIMELIST, IPINYOU, TMALL, MOVIELENS, MUSIC4ALL, NETFLIX, YAHOO, ALIBABA, GOODREADS, LASTFM, AMAZON
[UEDRS] [00:00:10] Sizes: [100000, 250000, 500000, 750000, 1000000, 25000000, 50000000, 75000000, 100000000]

[UEDRS] [00:00:10] Desired size: 100000
[UEDRS] [00:00:10] Dataset: MYANIMELIST
[UEDRS] [00:00:10] Loading
[UEDRS] [00:00:10] Loading done
[UEDRS] [00:00:10] Memory Usage: RSS = 903.70 MB, VMS = 5035.32 MB
[UEDRS] [00:00:00] Elapsed
[UEDRS] [00:00:10] Sampling
[UEDRS] [00:00:13] Sampling done, obtained size: 100000
[UEDRS] [00:00:13] Memory Usage: RSS = 959.49 MB, VMS = 5090.04 MB
[UEDRS] [00:00:02] Elapsed
[UEDRS] [00:00:13] Checking [LENSKIT][BIASED_MF][MYANIMELIST][100k]
[UEDRS] [00:00:13] Skipping (0.0015)
[UEDRS] [00:00:13] Memory Usage: RSS = 959.49 MB, VMS = 5090.04 MB
[UEDRS] [00:00:13] Releasing dataframe from memory
[UEDRS] [00:00:13] Memory Usage: RSS = 958.50 MB, VMS = 5089.04 MB
[UEDRS] [00:00:13] Dataset: IPINYOU
[UEDRS] [00:00:13] Loading
[UEDRS] [00:00:13] Loading done
[UEDRS] [00:00:13] Memory Usage: RSS = 1146.61 MB, VMS = 6205.05 MB
[UEDRS] [00:00:00] Elapsed
[UEDRS] [00:00:13] Sampling
[UEDRS] [00:09:23] Sampling done, obtained size: 100000
[UEDRS] [00:09:23] Memory Usage: RSS = 2865.68 MB, VMS = 7923.11 MB
[UEDRS] [00:09:09] Elapsed
[UEDRS] [00:09:23] Checking [LENSKIT][BIASED_MF][IPINYOU][100k]
[UEDRS] [00:09:23] Skipping (0)
[UEDRS] [00:09:23] Memory Usage: RSS = 2865.68 MB, VMS = 7923.11 MB
[UEDRS] [00:09:23] Releasing dataframe from memory
[UEDRS] [00:09:23] Memory Usage: RSS = 2863.69 MB, VMS = 7921.11 MB
[UEDRS] [00:09:23] Dataset: TMALL
[UEDRS] [00:09:23] Loading
[UEDRS] [00:09:23] Loading done
[UEDRS] [00:09:23] Memory Usage: RSS = 3042.73 MB, VMS = 9045.11 MB
[UEDRS] [00:00:00] Elapsed
[UEDRS] [00:09:23] Sampling
[UEDRS] [00:09:44] Sampling done, obtained size: 100000
[UEDRS] [00:09:44] Memory Usage: RSS = 3044.70 MB, VMS = 9047.11 MB
[UEDRS] [00:00:20] Elapsed
[UEDRS] [00:09:44] Checking [LENSKIT][BIASED_MF][TMALL][100k]
[UEDRS] [00:09:44] Starting
[UEDRS]
[00:10:18]
Exception handled:
"coalesce" not implemented for 'UInt32'
[UEDRS] [00:10:18] Finished (-1)
[UEDRS] [00:10:18] Memory Usage: RSS = 2889.73 MB, VMS = 9261.17 MB
[UEDRS] [00:00:34] Elapsed

[UEDRS] [00:10:18] Memory Usage: RSS = 2889.73 MB, VMS = 9261.17 MB
[UEDRS] [00:10:18] Releasing dataframe from memory
[UEDRS] [00:10:18] Memory Usage: RSS = 2886.73 MB, VMS = 9258.17 MB
[UEDRS] [00:10:18] Dataset: MOVIELENS
[UEDRS] [00:10:18] Loading
[UEDRS] [00:10:19] Loading done
[UEDRS] [00:10:19] Memory Usage: RSS = 3596.51 MB, VMS = 11810.17 MB
[UEDRS] [00:00:00] Elapsed
[UEDRS] [00:10:19] Sampling
[UEDRS] [00:10:26] Sampling done, obtained size: 100000
[UEDRS] [00:10:26] Memory Usage: RSS = 3596.72 MB, VMS = 11810.17 MB
[UEDRS] [00:00:07] Elapsed
[UEDRS] [00:10:26] Checking [LENSKIT][BIASED_MF][MOVIELENS][100k]
[UEDRS] [00:10:26] Skipping (0.00047)
[UEDRS] [00:10:26] Memory Usage: RSS = 3596.72 MB, VMS = 11810.17 MB
[UEDRS] [00:10:26] Releasing dataframe from memory
[UEDRS] [00:10:26] Memory Usage: RSS = 3595.74 MB, VMS = 11809.17 MB
[UEDRS] [00:10:26] Dataset: MUSIC4ALL
[UEDRS] [00:10:26] Loading
[UEDRS] [00:10:29] Loading done
[UEDRS] [00:10:29] Memory Usage: RSS = 4893.05 MB, VMS = 14030.76 MB
[UEDRS] [00:00:03] Elapsed
[UEDRS] [00:10:29] Sampling
[UEDRS] [00:10:36] Sampling done, obtained size: 100000
[UEDRS] [00:10:36] Memory Usage: RSS = 4511.53 MB, VMS = 13649.17 MB
[UEDRS] [00:00:06] Elapsed
[UEDRS] [00:10:36] Checking [LENSKIT][BIASED_MF][MUSIC4ALL][100k]
[UEDRS] [00:10:36] Starting
[UEDRS]
[00:10:59]
Exception handled:
"coalesce" not implemented for 'UInt32'
[UEDRS] [00:10:59] Finished (-1)
[UEDRS] [00:10:59] Memory Usage: RSS = 4036.77 MB, VMS = 13368.17 MB
[UEDRS] [00:00:23] Elapsed

[UEDRS] [00:10:59] Memory Usage: RSS = 4036.77 MB, VMS = 13368.17 MB
[UEDRS] [00:10:59] Releasing dataframe from memory
[UEDRS] [00:10:59] Memory Usage: RSS = 4031.53 MB, VMS = 13362.17 MB
[UEDRS] [00:10:59] Dataset: NETFLIX
[UEDRS] [00:10:59] Loading
[UEDRS] [00:11:00] Loading done
[UEDRS] [00:11:00] Memory Usage: RSS = 4852.14 MB, VMS = 16822.17 MB
[UEDRS] [00:00:00] Elapsed
[UEDRS] [00:11:00] Sampling
[UEDRS] [00:11:28] Sampling done, obtained size: 100000
[UEDRS] [00:11:28] Memory Usage: RSS = 4858.08 MB, VMS = 16821.17 MB
[UEDRS] [00:00:27] Elapsed
[UEDRS] [00:11:28] Checking [LENSKIT][BIASED_MF][NETFLIX][100k]
[UEDRS] [00:11:28] Skipping (3.8e-05)
[UEDRS] [00:11:28] Memory Usage: RSS = 4858.08 MB, VMS = 16821.17 MB
[UEDRS] [00:11:28] Releasing dataframe from memory
[UEDRS] [00:11:28] Memory Usage: RSS = 4856.30 MB, VMS = 16819.17 MB
[UEDRS] [00:11:28] Dataset: YAHOO
[UEDRS] [00:11:28] Loading
[UEDRS] [00:11:29] Loading done
[UEDRS] [00:11:29] Memory Usage: RSS = 4652.44 MB, VMS = 16431.17 MB
[UEDRS] [00:00:01] Elapsed
[UEDRS] [00:11:29] Sampling
[UEDRS] [00:12:30] Sampling done, obtained size: 100000
[UEDRS] [00:12:30] Memory Usage: RSS = 4657.34 MB, VMS = 16431.17 MB
[UEDRS] [00:01:00] Elapsed
[UEDRS] [00:12:30] Checking [LENSKIT][BIASED_MF][YAHOO][100k]
[UEDRS] [00:12:30] Skipping (1.8e-05)
[UEDRS] [00:12:30] Memory Usage: RSS = 4657.34 MB, VMS = 16431.17 MB
[UEDRS] [00:12:30] Releasing dataframe from memory
[UEDRS] [00:12:30] Memory Usage: RSS = 4657.34 MB, VMS = 16431.17 MB
[UEDRS] [00:12:30] Dataset: ALIBABA
[UEDRS] [00:12:30] Loading
[UEDRS] [00:12:31] Loading done
[UEDRS] [00:12:31] Memory Usage: RSS = 5810.14 MB, VMS = 16623.17 MB
[UEDRS] [00:00:01] Elapsed
[UEDRS] [00:12:31] Sampling
[UEDRS] [00:14:23] Sampling done, obtained size: 100000
[UEDRS] [00:14:23] Memory Usage: RSS = 5819.20 MB, VMS = 16623.17 MB
[UEDRS] [00:01:51] Elapsed
[UEDRS] [00:14:23] Checking [LENSKIT][BIASED_MF][ALIBABA][100k]
[UEDRS] [00:14:23] Starting
[UEDRS]
[00:15:03]
Exception handled:
'Column rating does not exist in schema'
[UEDRS] [00:15:04] Finished (-1)
[UEDRS] [00:15:04] Memory Usage: RSS = 5825.66 MB, VMS = 16638.17 MB
[UEDRS] [00:00:40] Elapsed

[UEDRS] [00:15:04] Memory Usage: RSS = 5825.66 MB, VMS = 16638.17 MB
[UEDRS] [00:15:04] Releasing dataframe from memory
[UEDRS] [00:15:04] Memory Usage: RSS = 5817.69 MB, VMS = 16630.17 MB
[UEDRS] [00:15:04] Dataset: GOODREADS
[UEDRS] [00:15:04] Loading
[UEDRS] [00:15:06] Loading done
[UEDRS] [00:15:06] Memory Usage: RSS = 7549.26 MB, VMS = 17270.17 MB
[UEDRS] [00:00:01] Elapsed
[UEDRS] [00:15:06] Sampling
[UEDRS] [00:15:43] Sampling done, obtained size: 100000
[UEDRS] [00:15:43] Memory Usage: RSS = 7550.68 MB, VMS = 17271.17 MB
[UEDRS] [00:00:37] Elapsed
[UEDRS] [00:15:43] Checking [LENSKIT][BIASED_MF][GOODREADS][100k]
[UEDRS] [00:15:43] Skipping (1.6e-05)
[UEDRS] [00:15:43] Memory Usage: RSS = 7550.68 MB, VMS = 17271.17 MB
[UEDRS] [00:15:43] Releasing dataframe from memory
[UEDRS] [00:15:43] Memory Usage: RSS = 7547.68 MB, VMS = 17268.17 MB
[UEDRS] [00:15:43] Dataset: LASTFM
[UEDRS] [00:15:43] Loading
[UEDRS] [00:15:59] Loading done
[UEDRS] [00:15:59] Memory Usage: RSS = 11692.41 MB, VMS = 21512.69 MB
[UEDRS] [00:00:15] Elapsed
[UEDRS] [00:15:59] Sampling
[UEDRS] [00:16:21] Sampling done, obtained size: 100000
[UEDRS] [00:16:21] Memory Usage: RSS = 10471.89 MB, VMS = 20292.17 MB
[UEDRS] [00:00:22] Elapsed
[UEDRS] [00:16:21] Checking [LENSKIT][BIASED_MF][LASTFM][100k]
[UEDRS] [00:16:21] Starting
[UEDRS]
[00:16:45]
Exception handled:
"coalesce" not implemented for 'UInt32'
[UEDRS] [00:16:45] Finished (-1)
[UEDRS] [00:16:45] Memory Usage: RSS = 8005.62 MB, VMS = 17850.17 MB
[UEDRS] [00:00:24] Elapsed

[UEDRS] [00:16:45] Memory Usage: RSS = 8005.62 MB, VMS = 17850.17 MB
[UEDRS] [00:16:45] Releasing dataframe from memory
[UEDRS] [00:16:46] Memory Usage: RSS = 8004.62 MB, VMS = 17849.17 MB
[UEDRS] [00:16:46] Dataset: AMAZON
[UEDRS] [00:16:46] Loading
[UEDRS] [00:16:52] Loading done
[UEDRS] [00:16:52] Memory Usage: RSS = 16970.81 MB, VMS = 24785.17 MB
[UEDRS] [00:00:06] Elapsed
[UEDRS] [00:16:52] Sampling
[UEDRS] [00:45:34] Sampling done, obtained size: 100000
[UEDRS] [00:45:34] Memory Usage: RSS = 20397.79 MB, VMS = 28606.91 MB
[UEDRS] [00:28:41] Elapsed
[UEDRS] [00:45:34] Checking [LENSKIT][BIASED_MF][AMAZON][100k]
[UEDRS] [00:45:34] Skipping (0)
[UEDRS] [00:45:34] Memory Usage: RSS = 20397.79 MB, VMS = 28606.91 MB
[UEDRS] [00:45:34] Releasing dataframe from memory
[UEDRS] [00:45:34] Memory Usage: RSS = 20395.82 MB, VMS = 28604.91 MB
[UEDRS] [00:45:34] Desired size: 250000
[UEDRS] [00:45:34] Dataset: MYANIMELIST
[UEDRS] [00:45:34] Loading
[UEDRS] [00:45:34] Loading done
[UEDRS] [00:45:34] Memory Usage: RSS = 15179.64 MB, VMS = 24292.91 MB
[UEDRS] [00:00:00] Elapsed
[UEDRS] [00:45:34] Sampling
[UEDRS] [00:45:37] Sampling done, obtained size: 250000
[UEDRS] [00:45:37] Memory Usage: RSS = 15179.64 MB, VMS = 24292.91 MB
[UEDRS] [00:00:02] Elapsed
[UEDRS] [00:45:37] Checking [LENSKIT][BIASED_MF][MYANIMELIST][250k]
[UEDRS] [00:45:37] Skipping (0.0049)
[UEDRS] [00:45:37] Memory Usage: RSS = 15179.64 MB, VMS = 24292.91 MB
[UEDRS] [00:45:37] Releasing dataframe from memory
[UEDRS] [00:45:37] Memory Usage: RSS = 15179.64 MB, VMS = 24292.91 MB
[UEDRS] [00:45:37] Dataset: IPINYOU
[UEDRS] [00:45:37] Loading
[UEDRS] [00:45:37] Loading done
[UEDRS] [00:45:37] Memory Usage: RSS = 15270.18 MB, VMS = 24292.91 MB
[UEDRS] [00:00:00] Elapsed
[UEDRS] [00:45:37] Sampling
[UEDRS] [00:54:48] Sampling done, obtained size: 250000
[UEDRS] [00:54:48] Memory Usage: RSS = 15387.05 MB, VMS = 24293.91 MB
[UEDRS] [00:09:10] Elapsed
[UEDRS] [00:54:48] Checking [LENSKIT][BIASED_MF][IPINYOU][250k]
[UEDRS] [00:54:48] Skipping (0)
[UEDRS] [00:54:48] Memory Usage: RSS = 15387.05 MB, VMS = 24293.91 MB
[UEDRS] [00:54:48] Releasing dataframe from memory
[UEDRS] [00:54:48] Memory Usage: RSS = 15387.05 MB, VMS = 24293.91 MB
[UEDRS] [00:54:48] Dataset: TMALL
[UEDRS] [00:54:48] Loading
[UEDRS] [00:54:48] Loading done
[UEDRS] [00:54:48] Memory Usage: RSS = 10404.70 MB, VMS = 24293.91 MB
[UEDRS] [00:00:00] Elapsed
[UEDRS] [00:54:48] Sampling
[UEDRS] [00:55:09] Sampling done, obtained size: 250000
[UEDRS] [00:55:09] Memory Usage: RSS = 10404.73 MB, VMS = 24293.91 MB
[UEDRS] [00:00:20] Elapsed
[UEDRS] [00:55:09] Checking [LENSKIT][BIASED_MF][TMALL][250k]
[UEDRS] [00:55:09] Starting
[UEDRS]
[00:56:33]
Exception handled:
"coalesce" not implemented for 'UInt32'
[UEDRS] [00:56:33] Finished (-1)
[UEDRS] [00:56:33] Memory Usage: RSS = 10429.59 MB, VMS = 24306.91 MB
[UEDRS] [00:01:24] Elapsed

[UEDRS] [00:56:33] Memory Usage: RSS = 10429.59 MB, VMS = 24306.91 MB
[UEDRS] [00:56:33] Releasing dataframe from memory
[UEDRS] [00:56:33] Memory Usage: RSS = 10421.63 MB, VMS = 24298.91 MB
[UEDRS] [00:56:33] Dataset: MOVIELENS
[UEDRS] [00:56:33] Loading
[UEDRS] [00:56:34] Loading done
[UEDRS] [00:56:34] Memory Usage: RSS = 10941.45 MB, VMS = 24298.91 MB
[UEDRS] [00:00:00] Elapsed
[UEDRS] [00:56:34] Sampling
[UEDRS] [00:56:41] Sampling done, obtained size: 250000
[UEDRS] [00:56:41] Memory Usage: RSS = 10942.30 MB, VMS = 24298.91 MB
[UEDRS] [00:00:07] Elapsed
[UEDRS] [00:56:41] Checking [LENSKIT][BIASED_MF][MOVIELENS][250k]
[UEDRS] [00:56:41] Skipping (0.0013)
[UEDRS] [00:56:41] Memory Usage: RSS = 10942.30 MB, VMS = 24298.91 MB
[UEDRS] [00:56:41] Releasing dataframe from memory
[UEDRS] [00:56:41] Memory Usage: RSS = 10940.30 MB, VMS = 24296.91 MB
[UEDRS] [00:56:41] Dataset: MUSIC4ALL
[UEDRS] [00:56:41] Loading
[UEDRS] [00:56:45] Loading done
[UEDRS] [00:56:45] Memory Usage: RSS = 12105.77 MB, VMS = 24678.50 MB
[UEDRS] [00:00:03] Elapsed
[UEDRS] [00:56:45] Sampling
[UEDRS] [00:56:52] Sampling done, obtained size: 250000
[UEDRS] [00:56:52] Memory Usage: RSS = 11723.99 MB, VMS = 24295.91 MB
[UEDRS] [00:00:06] Elapsed
[UEDRS] [00:56:52] Checking [LENSKIT][BIASED_MF][MUSIC4ALL][250k]
[UEDRS] [00:56:52] Starting
[UEDRS]
[00:57:27]
Exception handled:
"coalesce" not implemented for 'UInt32'
[UEDRS] [00:57:27] Finished (-1)
[UEDRS] [00:57:27] Memory Usage: RSS = 11659.50 MB, VMS = 24307.91 MB
[UEDRS] [00:00:35] Elapsed

[UEDRS] [00:57:27] Memory Usage: RSS = 11659.50 MB, VMS = 24307.91 MB
[UEDRS] [00:57:27] Releasing dataframe from memory
[UEDRS] [00:57:28] Memory Usage: RSS = 11656.52 MB, VMS = 24304.91 MB
[UEDRS] [00:57:28] Dataset: NETFLIX
[UEDRS] [00:57:28] Loading
[UEDRS] [00:57:28] Loading done
[UEDRS] [00:57:28] Memory Usage: RSS = 12260.28 MB, VMS = 24304.91 MB
[UEDRS] [00:00:00] Elapsed
[UEDRS] [00:57:28] Sampling
[UEDRS] [00:57:56] Sampling done, obtained size: 250000
[UEDRS] [00:57:56] Memory Usage: RSS = 12260.72 MB, VMS = 24302.91 MB
[UEDRS] [00:00:27] Elapsed
[UEDRS] [00:57:56] Checking [LENSKIT][BIASED_MF][NETFLIX][250k]
[UEDRS] [00:57:56] Skipping (0.00039)
[UEDRS] [00:57:56] Memory Usage: RSS = 12260.72 MB, VMS = 24302.91 MB
[UEDRS] [00:57:56] Releasing dataframe from memory
[UEDRS] [00:57:56] Memory Usage: RSS = 12259.72 MB, VMS = 24301.91 MB
[UEDRS] [00:57:56] Dataset: YAHOO
[UEDRS] [00:57:56] Loading
[UEDRS] [00:57:57] Loading done
[UEDRS] [00:57:57] Memory Usage: RSS = 12693.39 MB, VMS = 24301.91 MB
[UEDRS] [00:00:01] Elapsed
[UEDRS] [00:57:57] Sampling
[UEDRS] [00:58:58] Sampling done, obtained size: 250000
[UEDRS] [00:58:58] Memory Usage: RSS = 12698.28 MB, VMS = 24301.91 MB
[UEDRS] [00:01:01] Elapsed
[UEDRS] [00:58:58] Checking [LENSKIT][BIASED_MF][YAHOO][250k]
[UEDRS] [00:58:58] Skipping (2.8e-05)
[UEDRS] [00:58:58] Memory Usage: RSS = 12698.28 MB, VMS = 24301.91 MB
[UEDRS] [00:58:58] Releasing dataframe from memory
[UEDRS] [00:58:58] Memory Usage: RSS = 12698.28 MB, VMS = 24301.91 MB
[UEDRS] [00:58:58] Dataset: ALIBABA
[UEDRS] [00:58:58] Loading
[UEDRS] [00:59:00] Loading done
[UEDRS] [00:59:00] Memory Usage: RSS = 13355.89 MB, VMS = 24301.91 MB
[UEDRS] [00:00:01] Elapsed
[UEDRS] [00:59:00] Sampling
[UEDRS] [01:00:53] Sampling done, obtained size: 250000
[UEDRS] [01:00:53] Memory Usage: RSS = 13355.18 MB, VMS = 24301.91 MB
[UEDRS] [00:01:52] Elapsed
[UEDRS] [01:00:53] Checking [LENSKIT][BIASED_MF][ALIBABA][250k]
[UEDRS] [01:00:53] Starting
[UEDRS]
[01:03:21]
Exception handled:
'Column rating does not exist in schema'
[UEDRS] [01:03:21] Finished (-1)
[UEDRS] [01:03:21] Memory Usage: RSS = 13280.68 MB, VMS = 24315.91 MB
[UEDRS] [00:02:28] Elapsed

[UEDRS] [01:03:21] Memory Usage: RSS = 13280.68 MB, VMS = 24315.91 MB
[UEDRS] [01:03:21] Releasing dataframe from memory
[UEDRS] [01:03:21] Memory Usage: RSS = 13273.70 MB, VMS = 24308.91 MB
[UEDRS] [01:03:21] Dataset: GOODREADS
[UEDRS] [01:03:21] Loading
[UEDRS] [01:03:23] Loading done
[UEDRS] [01:03:23] Memory Usage: RSS = 14108.35 MB, VMS = 24308.91 MB
[UEDRS] [00:00:01] Elapsed
[UEDRS] [01:03:23] Sampling
[UEDRS] [01:04:01] Sampling done, obtained size: 250000
[UEDRS] [01:04:01] Memory Usage: RSS = 14108.41 MB, VMS = 24308.91 MB
[UEDRS] [00:00:37] Elapsed
[UEDRS] [01:04:01] Checking [LENSKIT][BIASED_MF][GOODREADS][250k]
[UEDRS] [01:04:01] Skipping (7.9e-05)
[UEDRS] [01:04:01] Memory Usage: RSS = 14108.41 MB, VMS = 24308.91 MB
[UEDRS] [01:04:01] Releasing dataframe from memory
[UEDRS] [01:04:01] Memory Usage: RSS = 14106.41 MB, VMS = 24306.91 MB
[UEDRS] [01:04:01] Dataset: LASTFM
[UEDRS] [01:04:01] Loading
[UEDRS] [01:04:05] Loading done
[UEDRS] [01:04:05] Memory Usage: RSS = 19093.66 MB, VMS = 27975.43 MB
[UEDRS] [00:00:03] Elapsed
[UEDRS] [01:04:05] Sampling
[UEDRS] [01:04:27] Sampling done, obtained size: 250000
[UEDRS] [01:04:27] Memory Usage: RSS = 17873.14 MB, VMS = 26754.91 MB
[UEDRS] [00:00:21] Elapsed
[UEDRS] [01:04:27] Checking [LENSKIT][BIASED_MF][LASTFM][250k]
[UEDRS] [01:04:27] Starting
[UEDRS]
[01:05:05]
Exception handled:
"coalesce" not implemented for 'UInt32'
[UEDRS] [01:05:05] Finished (-1)
[UEDRS] [01:05:05] Memory Usage: RSS = 13387.64 MB, VMS = 24317.91 MB
[UEDRS] [00:00:38] Elapsed

[UEDRS] [01:05:05] Memory Usage: RSS = 13387.64 MB, VMS = 24317.91 MB
[UEDRS] [01:05:05] Releasing dataframe from memory
[UEDRS] [01:05:05] Memory Usage: RSS = 13381.72 MB, VMS = 24311.91 MB
[UEDRS] [01:05:05] Dataset: AMAZON
[UEDRS] [01:05:05] Loading
[UEDRS] [01:05:12] Loading done
[UEDRS] [01:05:12] Memory Usage: RSS = 20798.12 MB, VMS = 29071.91 MB
[UEDRS] [00:00:06] Elapsed
[UEDRS] [01:05:12] Sampling
[UEDRS] [01:34:07] Sampling done, obtained size: 250000
[UEDRS] [01:34:07] Memory Usage: RSS = 22167.49 MB, VMS = 30441.21 MB
[UEDRS] [00:28:55] Elapsed
[UEDRS] [01:34:07] Checking [LENSKIT][BIASED_MF][AMAZON][250k]
[UEDRS] [01:34:07] Skipping (2.8e-06)
[UEDRS] [01:34:07] Memory Usage: RSS = 22167.49 MB, VMS = 30441.21 MB
[UEDRS] [01:34:07] Releasing dataframe from memory
[UEDRS] [01:34:07] Memory Usage: RSS = 22165.49 MB, VMS = 30439.21 MB
[UEDRS] [01:34:07] Desired size: 500000
[UEDRS] [01:34:07] Dataset: MYANIMELIST
[UEDRS] [01:34:07] Loading
[UEDRS] [01:34:08] Loading done
[UEDRS] [01:34:08] Memory Usage: RSS = 14032.82 MB, VMS = 26127.21 MB
[UEDRS] [00:00:00] Elapsed
[UEDRS] [01:34:08] Sampling
[UEDRS] [01:34:10] Sampling done, obtained size: 500000
[UEDRS] [01:34:10] Memory Usage: RSS = 14032.82 MB, VMS = 26127.21 MB
[UEDRS] [00:00:02] Elapsed
[UEDRS] [01:34:10] Checking [LENSKIT][BIASED_MF][MYANIMELIST][500k]
[UEDRS] [01:34:10] Skipping (0.0068)
[UEDRS] [01:34:10] Memory Usage: RSS = 14032.82 MB, VMS = 26127.21 MB
[UEDRS] [01:34:10] Releasing dataframe from memory
[UEDRS] [01:34:10] Memory Usage: RSS = 14032.82 MB, VMS = 26127.21 MB
[UEDRS] [01:34:10] Dataset: IPINYOU
[UEDRS] [01:34:10] Loading
[UEDRS] [01:34:11] Loading done
[UEDRS] [01:34:11] Memory Usage: RSS = 14047.95 MB, VMS = 26127.21 MB
[UEDRS] [00:00:00] Elapsed
[UEDRS] [01:34:11] Sampling
[UEDRS] [01:43:23] Sampling done, obtained size: 500000
[UEDRS] [01:43:23] Memory Usage: RSS = 14078.47 MB, VMS = 26128.21 MB
[UEDRS] [00:09:12] Elapsed
[UEDRS] [01:43:23] Checking [LENSKIT][BIASED_MF][IPINYOU][500k]
[UEDRS] [01:43:23] Skipping (0)
[UEDRS] [01:43:23] Memory Usage: RSS = 14078.47 MB, VMS = 26128.21 MB
[UEDRS] [01:43:23] Releasing dataframe from memory
[UEDRS] [01:43:23] Memory Usage: RSS = 14078.47 MB, VMS = 26128.21 MB
[UEDRS] [01:43:23] Dataset: TMALL
[UEDRS] [01:43:23] Loading
[UEDRS] [01:43:24] Loading done
[UEDRS] [01:43:24] Memory Usage: RSS = 14127.11 MB, VMS = 26128.21 MB
[UEDRS] [00:00:00] Elapsed
[UEDRS] [01:43:24] Sampling
[UEDRS] [01:43:44] Sampling done, obtained size: 500000
[UEDRS] [01:43:44] Memory Usage: RSS = 14127.25 MB, VMS = 26128.21 MB
[UEDRS] [00:00:20] Elapsed
[UEDRS] [01:43:44] Checking [LENSKIT][BIASED_MF][TMALL][500k]
[UEDRS] [01:43:44] Starting
[UEDRS]
[01:46:16]
Exception handled:
"coalesce" not implemented for 'UInt32'
[UEDRS] [01:46:16] Finished (-1)
[UEDRS] [01:46:16] Memory Usage: RSS = 14146.16 MB, VMS = 26140.21 MB
[UEDRS] [00:02:31] Elapsed

[UEDRS] [01:46:16] Memory Usage: RSS = 14146.16 MB, VMS = 26140.21 MB
[UEDRS] [01:46:16] Releasing dataframe from memory
[UEDRS] [01:46:16] Memory Usage: RSS = 14140.16 MB, VMS = 26134.21 MB
[UEDRS] [01:46:16] Dataset: MOVIELENS
[UEDRS] [01:46:16] Loading
[UEDRS] [01:46:16] Loading done
[UEDRS] [01:46:16] Memory Usage: RSS = 14297.78 MB, VMS = 26134.21 MB
[UEDRS] [00:00:00] Elapsed
[UEDRS] [01:46:16] Sampling
[UEDRS] [01:46:24] Sampling done, obtained size: 500000
[UEDRS] [01:46:24] Memory Usage: RSS = 14298.55 MB, VMS = 26134.21 MB
[UEDRS] [00:00:07] Elapsed
[UEDRS] [01:46:24] Checking [LENSKIT][BIASED_MF][MOVIELENS][500k]
[UEDRS] [01:46:24] Skipping (0.0026)
[UEDRS] [01:46:24] Memory Usage: RSS = 14298.55 MB, VMS = 26134.21 MB
[UEDRS] [01:46:24] Releasing dataframe from memory
[UEDRS] [01:46:24] Memory Usage: RSS = 14296.72 MB, VMS = 26132.21 MB
[UEDRS] [01:46:24] Dataset: MUSIC4ALL
[UEDRS] [01:46:24] Loading
[UEDRS] [01:46:27] Loading done
[UEDRS] [01:46:27] Memory Usage: RSS = 15344.01 MB, VMS = 26513.80 MB
[UEDRS] [00:00:03] Elapsed
[UEDRS] [01:46:27] Sampling
[UEDRS] [01:46:34] Sampling done, obtained size: 500000
[UEDRS] [01:46:34] Memory Usage: RSS = 14962.41 MB, VMS = 26132.21 MB
[UEDRS] [00:00:06] Elapsed
[UEDRS] [01:46:34] Checking [LENSKIT][BIASED_MF][MUSIC4ALL][500k]
[UEDRS] [01:46:34] Starting
[UEDRS]
[01:47:20]
Exception handled:
"coalesce" not implemented for 'UInt32'
[UEDRS] [01:47:20] Finished (-1)
[UEDRS] [01:47:20] Memory Usage: RSS = 14913.11 MB, VMS = 26148.21 MB
[UEDRS] [00:00:45] Elapsed

[UEDRS] [01:47:20] Memory Usage: RSS = 14913.11 MB, VMS = 26148.21 MB
[UEDRS] [01:47:20] Releasing dataframe from memory
[UEDRS] [01:47:20] Memory Usage: RSS = 14905.45 MB, VMS = 26140.21 MB
[UEDRS] [01:47:20] Dataset: NETFLIX
[UEDRS] [01:47:20] Loading
[UEDRS] [01:47:21] Loading done
[UEDRS] [01:47:21] Memory Usage: RSS = 15194.79 MB, VMS = 26140.21 MB
[UEDRS] [00:00:00] Elapsed
[UEDRS] [01:47:21] Sampling
[UEDRS] [01:47:49] Sampling done, obtained size: 500000
[UEDRS] [01:47:49] Memory Usage: RSS = 15190.81 MB, VMS = 26136.21 MB
[UEDRS] [00:00:28] Elapsed
[UEDRS] [01:47:49] Checking [LENSKIT][BIASED_MF][NETFLIX][500k]
[UEDRS] [01:47:49] Skipping (0.00094)
[UEDRS] [01:47:49] Memory Usage: RSS = 15190.81 MB, VMS = 26136.21 MB
[UEDRS] [01:47:49] Releasing dataframe from memory
[UEDRS] [01:47:49] Memory Usage: RSS = 15189.81 MB, VMS = 26135.21 MB
[UEDRS] [01:47:49] Dataset: YAHOO
[UEDRS] [01:47:49] Loading
[UEDRS] [01:47:50] Loading done
[UEDRS] [01:47:50] Memory Usage: RSS = 15573.21 MB, VMS = 26135.21 MB
[UEDRS] [00:00:01] Elapsed
[UEDRS] [01:47:50] Sampling
[UEDRS] [01:48:51] Sampling done, obtained size: 500000
[UEDRS] [01:48:51] Memory Usage: RSS = 15573.21 MB, VMS = 26135.21 MB
[UEDRS] [00:01:01] Elapsed
[UEDRS] [01:48:51] Checking [LENSKIT][BIASED_MF][YAHOO][500k]
[UEDRS] [01:48:51] Skipping (2.5e-05)
[UEDRS] [01:48:51] Memory Usage: RSS = 15573.21 MB, VMS = 26135.21 MB
[UEDRS] [01:48:51] Releasing dataframe from memory
[UEDRS] [01:48:51] Memory Usage: RSS = 15573.21 MB, VMS = 26135.21 MB
[UEDRS] [01:48:51] Dataset: ALIBABA
[UEDRS] [01:48:51] Loading
[UEDRS] [01:48:52] Loading done
[UEDRS] [01:48:52] Memory Usage: RSS = 16189.37 MB, VMS = 26135.21 MB
[UEDRS] [00:00:01] Elapsed
[UEDRS] [01:48:52] Sampling
[UEDRS] [01:50:45] Sampling done, obtained size: 500000
[UEDRS] [01:50:45] Memory Usage: RSS = 16188.97 MB, VMS = 26135.21 MB
[UEDRS] [00:01:52] Elapsed
[UEDRS] [01:50:45] Checking [LENSKIT][BIASED_MF][ALIBABA][500k]
[UEDRS] [01:50:45] Starting
[UEDRS]
[01:58:22]
Exception handled:
'Column rating does not exist in schema'
[UEDRS] [01:58:22] Finished (-1)
[UEDRS] [01:58:22] Memory Usage: RSS = 16164.07 MB, VMS = 26178.36 MB
[UEDRS] [00:07:36] Elapsed

[UEDRS] [01:58:22] Memory Usage: RSS = 16164.07 MB, VMS = 26178.36 MB
[UEDRS] [01:58:22] Releasing dataframe from memory
[UEDRS] [01:58:22] Memory Usage: RSS = 16156.08 MB, VMS = 26170.36 MB
[UEDRS] [01:58:22] Dataset: GOODREADS
[UEDRS] [01:58:22] Loading
[UEDRS] [01:58:24] Loading done
[UEDRS] [01:58:24] Memory Usage: RSS = 16947.62 MB, VMS = 26170.36 MB
[UEDRS] [00:00:01] Elapsed
[UEDRS] [01:58:24] Sampling
[UEDRS] [01:59:01] Sampling done, obtained size: 500000
[UEDRS] [01:59:01] Memory Usage: RSS = 16947.29 MB, VMS = 26170.36 MB
[UEDRS] [00:00:37] Elapsed
[UEDRS] [01:59:01] Checking [LENSKIT][BIASED_MF][GOODREADS][500k]
[UEDRS] [01:59:01] Skipping (0.00018)
[UEDRS] [01:59:01] Memory Usage: RSS = 16947.29 MB, VMS = 26170.36 MB
[UEDRS] [01:59:01] Releasing dataframe from memory
[UEDRS] [01:59:02] Memory Usage: RSS = 16945.29 MB, VMS = 26168.36 MB
[UEDRS] [01:59:02] Dataset: LASTFM
[UEDRS] [01:59:02] Loading
[UEDRS] [01:59:05] Loading done
[UEDRS] [01:59:05] Memory Usage: RSS = 21508.90 MB, VMS = 29836.88 MB
[UEDRS] [00:00:03] Elapsed
[UEDRS] [01:59:05] Sampling
[UEDRS] [01:59:27] Sampling done, obtained size: 500000
[UEDRS] [01:59:27] Memory Usage: RSS = 20288.38 MB, VMS = 28616.36 MB
[UEDRS] [00:00:21] Elapsed
[UEDRS] [01:59:27] Checking [LENSKIT][BIASED_MF][LASTFM][500k]
[UEDRS] [01:59:27] Starting
[UEDRS]
[02:00:15]
Exception handled:
"coalesce" not implemented for 'UInt32'
[UEDRS] [02:00:15] Finished (-1)
[UEDRS] [02:00:15] Memory Usage: RSS = 17854.55 MB, VMS = 26176.36 MB
[UEDRS] [00:00:48] Elapsed

[UEDRS] [02:00:15] Memory Usage: RSS = 17854.55 MB, VMS = 26176.36 MB
[UEDRS] [02:00:15] Releasing dataframe from memory
[UEDRS] [02:00:15] Memory Usage: RSS = 17852.55 MB, VMS = 26174.36 MB
[UEDRS] [02:00:15] Dataset: AMAZON
[UEDRS] [02:00:15] Loading
[UEDRS] [02:00:21] Loading done
[UEDRS] [02:00:21] Memory Usage: RSS = 23500.26 MB, VMS = 30486.36 MB
[UEDRS] [00:00:06] Elapsed
[UEDRS] [02:00:21] Sampling
[UEDRS] [02:29:09] Sampling done, obtained size: 500000
[UEDRS] [02:29:09] Memory Usage: RSS = 23499.07 MB, VMS = 30484.36 MB
[UEDRS] [00:28:47] Elapsed
[UEDRS] [02:29:09] Checking [LENSKIT][BIASED_MF][AMAZON][500k]
[UEDRS] [02:29:09] Skipping (4.3e-06)
[UEDRS] [02:29:09] Memory Usage: RSS = 23499.07 MB, VMS = 30484.36 MB
[UEDRS] [02:29:09] Releasing dataframe from memory
[UEDRS] [02:29:09] Memory Usage: RSS = 23498.07 MB, VMS = 30483.36 MB
[UEDRS] [02:29:09] Desired size: 750000
[UEDRS] [02:29:09] Dataset: MYANIMELIST
[UEDRS] [02:29:09] Loading
[UEDRS] [02:29:09] Loading done
[UEDRS] [02:29:09] Memory Usage: RSS = 19028.41 MB, VMS = 26171.36 MB
[UEDRS] [00:00:00] Elapsed
[UEDRS] [02:29:09] Sampling
[UEDRS] [02:29:12] Sampling done, obtained size: 750000
[UEDRS] [02:29:12] Memory Usage: RSS = 19028.41 MB, VMS = 26171.36 MB
[UEDRS] [00:00:02] Elapsed
[UEDRS] [02:29:12] Checking [LENSKIT][BIASED_MF][MYANIMELIST][750k]
[UEDRS] [02:29:12] Skipping (0.01)
[UEDRS] [02:29:12] Memory Usage: RSS = 19028.41 MB, VMS = 26171.36 MB
[UEDRS] [02:29:12] Releasing dataframe from memory
[UEDRS] [02:29:12] Memory Usage: RSS = 19028.41 MB, VMS = 26171.36 MB
[UEDRS] [02:29:12] Dataset: IPINYOU
[UEDRS] [02:29:12] Loading
[UEDRS] [02:29:12] Loading done
[UEDRS] [02:29:12] Memory Usage: RSS = 19021.85 MB, VMS = 26171.36 MB
[UEDRS] [00:00:00] Elapsed
[UEDRS] [02:29:12] Sampling
[UEDRS] [02:38:22] Sampling done, obtained size: 750000
[UEDRS] [02:38:22] Memory Usage: RSS = 19073.73 MB, VMS = 26172.36 MB
[UEDRS] [00:09:10] Elapsed
[UEDRS] [02:38:22] Checking [LENSKIT][BIASED_MF][IPINYOU][750k]
[UEDRS] [02:38:22] Skipping (4.4e-07)
[UEDRS] [02:38:22] Memory Usage: RSS = 19073.73 MB, VMS = 26172.36 MB
[UEDRS] [02:38:22] Releasing dataframe from memory
[UEDRS] [02:38:22] Memory Usage: RSS = 19073.73 MB, VMS = 26172.36 MB
[UEDRS] [02:38:22] Dataset: TMALL
[UEDRS] [02:38:22] Loading
[UEDRS] [02:38:23] Loading done
[UEDRS] [02:38:23] Memory Usage: RSS = 19076.79 MB, VMS = 26172.36 MB
[UEDRS] [00:00:00] Elapsed
[UEDRS] [02:38:23] Sampling
[UEDRS] [02:38:43] Sampling done, obtained size: 750000
[UEDRS] [02:38:43] Memory Usage: RSS = 19078.93 MB, VMS = 26172.36 MB
[UEDRS] [00:00:20] Elapsed
[UEDRS] [02:38:43] Checking [LENSKIT][BIASED_MF][TMALL][750k]
[UEDRS] [02:38:43] Starting
[UEDRS]
[02:42:16]
Exception handled:
"coalesce" not implemented for 'UInt32'
[UEDRS] [02:42:16] Finished (-1)
[UEDRS] [02:42:16] Memory Usage: RSS = 19061.86 MB, VMS = 26185.36 MB
[UEDRS] [00:03:33] Elapsed

[UEDRS] [02:42:16] Memory Usage: RSS = 19061.86 MB, VMS = 26185.36 MB
[UEDRS] [02:42:16] Releasing dataframe from memory
[UEDRS] [02:42:17] Memory Usage: RSS = 19052.88 MB, VMS = 26176.36 MB
[UEDRS] [02:42:17] Dataset: MOVIELENS
[UEDRS] [02:42:17] Loading
[UEDRS] [02:42:17] Loading done
[UEDRS] [02:42:17] Memory Usage: RSS = 19085.38 MB, VMS = 26176.36 MB
[UEDRS] [00:00:00] Elapsed
[UEDRS] [02:42:17] Sampling
[UEDRS] [02:42:24] Sampling done, obtained size: 750000
[UEDRS] [02:42:24] Memory Usage: RSS = 19085.38 MB, VMS = 26176.36 MB
[UEDRS] [00:00:07] Elapsed
[UEDRS] [02:42:24] Checking [LENSKIT][BIASED_MF][MOVIELENS][750k]
[UEDRS] [02:42:24] Skipping (0.0037)
[UEDRS] [02:42:24] Memory Usage: RSS = 19085.38 MB, VMS = 26176.36 MB
[UEDRS] [02:42:24] Releasing dataframe from memory
[UEDRS] [02:42:24] Memory Usage: RSS = 19082.45 MB, VMS = 26173.36 MB
[UEDRS] [02:42:24] Dataset: MUSIC4ALL
[UEDRS] [02:42:24] Loading
[UEDRS] [02:42:28] Loading done
[UEDRS] [02:42:28] Memory Usage: RSS = 19429.64 MB, VMS = 26554.96 MB
[UEDRS] [00:00:03] Elapsed
[UEDRS] [02:42:28] Sampling
[UEDRS] [02:42:35] Sampling done, obtained size: 750000
[UEDRS] [02:42:35] Memory Usage: RSS = 19050.00 MB, VMS = 26173.36 MB
[UEDRS] [00:00:06] Elapsed
[UEDRS] [02:42:35] Checking [LENSKIT][BIASED_MF][MUSIC4ALL][750k]
[UEDRS] [02:42:35] Starting
[UEDRS]
[02:43:26]
Exception handled:
"coalesce" not implemented for 'UInt32'
[UEDRS] [02:43:26] Finished (-1)
[UEDRS] [02:43:26] Memory Usage: RSS = 18941.95 MB, VMS = 26186.36 MB
[UEDRS] [00:00:51] Elapsed

[UEDRS] [02:43:26] Memory Usage: RSS = 18941.95 MB, VMS = 26186.36 MB
[UEDRS] [02:43:26] Releasing dataframe from memory
[UEDRS] [02:43:26] Memory Usage: RSS = 18935.80 MB, VMS = 26179.36 MB
[UEDRS] [02:43:26] Dataset: NETFLIX
[UEDRS] [02:43:26] Loading
[UEDRS] [02:43:27] Loading done
[UEDRS] [02:43:27] Memory Usage: RSS = 19009.05 MB, VMS = 26179.36 MB
[UEDRS] [00:00:00] Elapsed
[UEDRS] [02:43:27] Sampling
[UEDRS] [02:43:55] Sampling done, obtained size: 750000
[UEDRS] [02:43:55] Memory Usage: RSS = 19009.95 MB, VMS = 26176.36 MB
[UEDRS] [00:00:28] Elapsed
[UEDRS] [02:43:55] Checking [LENSKIT][BIASED_MF][NETFLIX][750k]
[UEDRS] [02:43:55] Skipping (0.0015)
[UEDRS] [02:43:55] Memory Usage: RSS = 19009.95 MB, VMS = 26176.36 MB
[UEDRS] [02:43:55] Releasing dataframe from memory
[UEDRS] [02:43:55] Memory Usage: RSS = 19008.95 MB, VMS = 26175.36 MB
[UEDRS] [02:43:55] Dataset: YAHOO
[UEDRS] [02:43:55] Loading
[UEDRS] [02:43:56] Loading done
[UEDRS] [02:43:56] Memory Usage: RSS = 19001.64 MB, VMS = 26175.36 MB
[UEDRS] [00:00:01] Elapsed
[UEDRS] [02:43:56] Sampling
[UEDRS] [02:44:57] Sampling done, obtained size: 750000
[UEDRS] [02:44:57] Memory Usage: RSS = 19009.50 MB, VMS = 26175.36 MB
[UEDRS] [00:01:00] Elapsed
[UEDRS] [02:44:57] Checking [LENSKIT][BIASED_MF][YAHOO][750k]
[UEDRS] [02:44:57] Skipping (1.7e-05)
[UEDRS] [02:44:57] Memory Usage: RSS = 19009.50 MB, VMS = 26175.36 MB
[UEDRS] [02:44:57] Releasing dataframe from memory
[UEDRS] [02:44:57] Memory Usage: RSS = 19009.50 MB, VMS = 26175.36 MB
[UEDRS] [02:44:57] Dataset: ALIBABA
[UEDRS] [02:44:57] Loading
[UEDRS] [02:44:59] Loading done
[UEDRS] [02:44:59] Memory Usage: RSS = 19050.54 MB, VMS = 26175.36 MB
[UEDRS] [00:00:01] Elapsed
[UEDRS] [02:44:59] Sampling
[UEDRS] [02:46:51] Sampling done, obtained size: 750000
[UEDRS] [02:46:51] Memory Usage: RSS = 19055.42 MB, VMS = 26175.36 MB
[UEDRS] [00:01:52] Elapsed
[UEDRS] [02:46:51] Checking [LENSKIT][BIASED_MF][ALIBABA][750k]
[UEDRS] [02:46:51] Starting
[UEDRS]
[03:02:39]
Exception handled:
'Column rating does not exist in schema'
[UEDRS] [03:02:39] Finished (-1)
[UEDRS] [03:02:39] Memory Usage: RSS = 18940.59 MB, VMS = 26207.39 MB
[UEDRS] [00:15:48] Elapsed

[UEDRS] [03:02:39] Memory Usage: RSS = 18940.59 MB, VMS = 26207.39 MB
[UEDRS] [03:02:39] Releasing dataframe from memory
[UEDRS] [03:02:40] Memory Usage: RSS = 18931.59 MB, VMS = 26198.39 MB
[UEDRS] [03:02:40] Dataset: GOODREADS
[UEDRS] [03:02:40] Loading
[UEDRS] [03:02:41] Loading done
[UEDRS] [03:02:41] Memory Usage: RSS = 19110.14 MB, VMS = 26198.39 MB
[UEDRS] [00:00:01] Elapsed
[UEDRS] [03:02:41] Sampling
[UEDRS] [03:03:19] Sampling done, obtained size: 750000
[UEDRS] [03:03:19] Memory Usage: RSS = 19110.30 MB, VMS = 26198.39 MB
[UEDRS] [00:00:37] Elapsed
[UEDRS] [03:03:19] Checking [LENSKIT][BIASED_MF][GOODREADS][750k]
[UEDRS] [03:03:19] Skipping (0.0004)
[UEDRS] [03:03:19] Memory Usage: RSS = 19110.30 MB, VMS = 26198.39 MB
[UEDRS] [03:03:19] Releasing dataframe from memory
[UEDRS] [03:03:19] Memory Usage: RSS = 19108.30 MB, VMS = 26196.39 MB
[UEDRS] [03:03:19] Dataset: LASTFM
[UEDRS] [03:03:19] Loading
[UEDRS] [03:03:22] Loading done
[UEDRS] [03:03:22] Memory Usage: RSS = 22734.13 MB, VMS = 29864.91 MB
[UEDRS] [00:00:03] Elapsed
[UEDRS] [03:03:22] Sampling
[UEDRS] [03:03:44] Sampling done, obtained size: 750000
[UEDRS] [03:03:44] Memory Usage: RSS = 21513.61 MB, VMS = 28644.39 MB
[UEDRS] [00:00:21] Elapsed
[UEDRS] [03:03:44] Checking [LENSKIT][BIASED_MF][LASTFM][750k]
[UEDRS] [03:03:44] Starting
[UEDRS]
[03:04:37]
Exception handled:
"coalesce" not implemented for 'UInt32'
[UEDRS] [03:04:37] Finished (-1)
[UEDRS] [03:04:37] Memory Usage: RSS = 19021.93 MB, VMS = 26203.39 MB
[UEDRS] [00:00:52] Elapsed

[UEDRS] [03:04:37] Memory Usage: RSS = 19021.93 MB, VMS = 26203.39 MB
[UEDRS] [03:04:37] Releasing dataframe from memory
[UEDRS] [03:04:37] Memory Usage: RSS = 19019.95 MB, VMS = 26201.39 MB
[UEDRS] [03:04:37] Dataset: AMAZON
[UEDRS] [03:04:37] Loading
[UEDRS] [03:04:43] Loading done
[UEDRS] [03:04:43] Memory Usage: RSS = 23576.55 MB, VMS = 30513.39 MB
[UEDRS] [00:00:06] Elapsed
[UEDRS] [03:04:43] Sampling
[UEDRS] [03:33:22] Sampling done, obtained size: 750000
[UEDRS] [03:33:22] Memory Usage: RSS = 23575.80 MB, VMS = 30512.39 MB
[UEDRS] [00:28:38] Elapsed
[UEDRS] [03:33:22] Checking [LENSKIT][BIASED_MF][AMAZON][750k]
[UEDRS] [03:33:22] Skipping (2.4e-06)
[UEDRS] [03:33:22] Memory Usage: RSS = 23575.80 MB, VMS = 30512.39 MB
[UEDRS] [03:33:22] Releasing dataframe from memory
[UEDRS] [03:33:22] Memory Usage: RSS = 23573.80 MB, VMS = 30510.39 MB
[UEDRS] [03:33:22] Desired size: 1000000
[UEDRS] [03:33:22] Dataset: MYANIMELIST
[UEDRS] [03:33:22] Loading
[UEDRS] [03:33:22] Loading done
[UEDRS] [03:33:22] Memory Usage: RSS = 19073.71 MB, VMS = 26198.39 MB
[UEDRS] [00:00:00] Elapsed
[UEDRS] [03:33:22] Sampling
[UEDRS] [03:33:25] Sampling done, obtained size: 1000000
[UEDRS] [03:33:25] Memory Usage: RSS = 19073.71 MB, VMS = 26198.39 MB
[UEDRS] [00:00:02] Elapsed
[UEDRS] [03:33:25] Checking [LENSKIT][BIASED_MF][MYANIMELIST][1m]
[UEDRS] [03:33:25] Starting
[UEDRS] [03:38:19] Finished (-1)
[UEDRS] [03:38:19] Memory Usage: RSS = 19071.39 MB, VMS = 27073.43 MB
[UEDRS] [00:04:54] Elapsed

[UEDRS] [03:38:19] Memory Usage: RSS = 19071.39 MB, VMS = 27073.43 MB
[UEDRS] [03:38:19] Releasing dataframe from memory
[UEDRS] [03:38:20] Memory Usage: RSS = 19065.44 MB, VMS = 27067.43 MB
[UEDRS] [03:38:20] Dataset: IPINYOU
[UEDRS] [03:38:20] Loading
[UEDRS] [03:38:20] Loading done
[UEDRS] [03:38:20] Memory Usage: RSS = 19119.69 MB, VMS = 27067.43 MB
[UEDRS] [00:00:00] Elapsed
[UEDRS] [03:38:20] Sampling
[UEDRS] [03:47:47] Sampling done, obtained size: 1000000
[UEDRS] [03:47:47] Memory Usage: RSS = 19121.73 MB, VMS = 27068.43 MB
[UEDRS] [00:09:27] Elapsed
[UEDRS] [03:47:47] Checking [LENSKIT][BIASED_MF][IPINYOU][1m]
[UEDRS] [03:47:47] Skipping (1.3e-06)
[UEDRS] [03:47:47] Memory Usage: RSS = 19121.73 MB, VMS = 27068.43 MB
[UEDRS] [03:47:47] Releasing dataframe from memory
[UEDRS] [03:47:47] Memory Usage: RSS = 19119.76 MB, VMS = 27066.43 MB
[UEDRS] [03:47:47] Dataset: TMALL
[UEDRS] [03:47:47] Loading
[UEDRS] [03:47:48] Loading done
[UEDRS] [03:47:48] Memory Usage: RSS = 19142.74 MB, VMS = 27066.43 MB
[UEDRS] [00:00:00] Elapsed
[UEDRS] [03:47:48] Sampling
[UEDRS] [03:48:10] Sampling done, obtained size: 1000000
[UEDRS] [03:48:10] Memory Usage: RSS = 19143.66 MB, VMS = 27066.43 MB
[UEDRS] [00:00:22] Elapsed
[UEDRS] [03:48:10] Checking [LENSKIT][BIASED_MF][TMALL][1m]
[UEDRS] [03:48:10] Starting
[UEDRS]
[03:52:34]
Exception handled:
"coalesce" not implemented for 'UInt32'
[UEDRS] [03:52:35] Finished (-1)
[UEDRS] [03:52:35] Memory Usage: RSS = 19088.80 MB, VMS = 27076.43 MB
[UEDRS] [00:04:24] Elapsed

[UEDRS] [03:52:35] Memory Usage: RSS = 19088.80 MB, VMS = 27076.43 MB
[UEDRS] [03:52:35] Releasing dataframe from memory
[UEDRS] [03:52:35] Memory Usage: RSS = 19083.84 MB, VMS = 27071.43 MB
[UEDRS] [03:52:35] Dataset: MOVIELENS
[UEDRS] [03:52:35] Loading
[UEDRS] [03:52:35] Loading done
[UEDRS] [03:52:35] Memory Usage: RSS = 19167.70 MB, VMS = 27071.43 MB
[UEDRS] [00:00:00] Elapsed
[UEDRS] [03:52:35] Sampling
[UEDRS] [03:52:43] Sampling done, obtained size: 1000000
[UEDRS] [03:52:43] Memory Usage: RSS = 19166.70 MB, VMS = 27070.43 MB
[UEDRS] [00:00:07] Elapsed
[UEDRS] [03:52:43] Checking [LENSKIT][BIASED_MF][MOVIELENS][1m]
[UEDRS] [03:52:43] Skipping (0.0039)
[UEDRS] [03:52:43] Memory Usage: RSS = 19166.70 MB, VMS = 27070.43 MB
[UEDRS] [03:52:43] Releasing dataframe from memory
[UEDRS] [03:52:43] Memory Usage: RSS = 19163.72 MB, VMS = 27067.43 MB
[UEDRS] [03:52:43] Dataset: MUSIC4ALL
[UEDRS] [03:52:43] Loading
[UEDRS] [03:52:47] Loading done
[UEDRS] [03:52:47] Memory Usage: RSS = 19505.65 MB, VMS = 27449.03 MB
[UEDRS] [00:00:03] Elapsed
[UEDRS] [03:52:47] Sampling
[UEDRS] [03:52:55] Sampling done, obtained size: 1000000
[UEDRS] [03:52:55] Memory Usage: RSS = 19124.05 MB, VMS = 27067.43 MB
[UEDRS] [00:00:08] Elapsed
[UEDRS] [03:52:55] Checking [LENSKIT][BIASED_MF][MUSIC4ALL][1m]
[UEDRS] [03:52:55] Starting
[UEDRS]
[03:53:52]
Exception handled:
"coalesce" not implemented for 'UInt32'
[UEDRS] [03:53:52] Finished (-1)
[UEDRS] [03:53:52] Memory Usage: RSS = 18998.67 MB, VMS = 27080.43 MB
[UEDRS] [00:00:57] Elapsed

[UEDRS] [03:53:52] Memory Usage: RSS = 18998.67 MB, VMS = 27080.43 MB
[UEDRS] [03:53:52] Releasing dataframe from memory
[UEDRS] [03:53:53] Memory Usage: RSS = 18993.74 MB, VMS = 27075.43 MB
[UEDRS] [03:53:53] Dataset: NETFLIX
[UEDRS] [03:53:53] Loading
[UEDRS] [03:53:53] Loading done
[UEDRS] [03:53:53] Memory Usage: RSS = 19111.13 MB, VMS = 27074.43 MB
[UEDRS] [00:00:00] Elapsed
[UEDRS] [03:53:53] Sampling
[UEDRS] [03:54:29] Sampling done, obtained size: 1000000
[UEDRS] [03:54:29] Memory Usage: RSS = 19109.68 MB, VMS = 27071.43 MB
[UEDRS] [00:00:35] Elapsed
[UEDRS] [03:54:29] Checking [LENSKIT][BIASED_MF][NETFLIX][1m]
[UEDRS] [03:54:29] Skipping (0.002)
[UEDRS] [03:54:29] Memory Usage: RSS = 19109.68 MB, VMS = 27071.43 MB
[UEDRS] [03:54:29] Releasing dataframe from memory
[UEDRS] [03:54:29] Memory Usage: RSS = 19108.68 MB, VMS = 27070.43 MB
[UEDRS] [03:54:29] Dataset: YAHOO
[UEDRS] [03:54:29] Loading
[UEDRS] [03:54:30] Loading done
[UEDRS] [03:54:30] Memory Usage: RSS = 19143.79 MB, VMS = 27069.43 MB
[UEDRS] [00:00:01] Elapsed
[UEDRS] [03:54:30] Sampling
[UEDRS] [03:55:33] Sampling done, obtained size: 1000000
[UEDRS] [03:55:33] Memory Usage: RSS = 19145.58 MB, VMS = 27069.43 MB
[UEDRS] [00:01:03] Elapsed
[UEDRS] [03:55:33] Checking [LENSKIT][BIASED_MF][YAHOO][1m]
[UEDRS] [03:55:33] Skipping (2.7e-05)
[UEDRS] [03:55:33] Memory Usage: RSS = 19145.58 MB, VMS = 27069.43 MB
[UEDRS] [03:55:33] Releasing dataframe from memory
[UEDRS] [03:55:33] Memory Usage: RSS = 19144.58 MB, VMS = 27068.43 MB
[UEDRS] [03:55:33] Dataset: ALIBABA
[UEDRS] [03:55:33] Loading
[UEDRS] [03:55:35] Loading done
[UEDRS] [03:55:35] Memory Usage: RSS = 19198.71 MB, VMS = 27068.43 MB
[UEDRS] [00:00:01] Elapsed
[UEDRS] [03:55:35] Sampling
[UEDRS] [03:57:35] Sampling done, obtained size: 1000000
[UEDRS] [03:57:35] Memory Usage: RSS = 19201.40 MB, VMS = 27068.43 MB
[UEDRS] [00:02:00] Elapsed
[UEDRS] [03:57:35] Checking [LENSKIT][BIASED_MF][ALIBABA][1m]
[UEDRS] [03:57:35] Starting
[UEDRS]
[04:29:28]
Exception handled:
'Column rating does not exist in schema'
[UEDRS] [04:29:29] Finished (-1)
[UEDRS] [04:29:29] Memory Usage: RSS = 19123.11 MB, VMS = 27058.66 MB
[UEDRS] [00:31:53] Elapsed

[UEDRS] [04:29:29] Memory Usage: RSS = 19123.11 MB, VMS = 27058.66 MB
[UEDRS] [04:29:29] Releasing dataframe from memory
[UEDRS] [04:29:29] Memory Usage: RSS = 19110.13 MB, VMS = 27045.66 MB
[UEDRS] [04:29:29] Dataset: GOODREADS
[UEDRS] [04:29:29] Loading
[UEDRS] [04:29:31] Loading done
[UEDRS] [04:29:31] Memory Usage: RSS = 19231.82 MB, VMS = 27045.66 MB
[UEDRS] [00:00:01] Elapsed
[UEDRS] [04:29:31] Sampling
[UEDRS] [04:30:09] Sampling done, obtained size: 1000000
[UEDRS] [04:30:09] Memory Usage: RSS = 19231.15 MB, VMS = 27044.66 MB
[UEDRS] [00:00:38] Elapsed
[UEDRS] [04:30:09] Checking [LENSKIT][BIASED_MF][GOODREADS][1m]
[UEDRS] [04:30:09] Skipping (0.00056)
[UEDRS] [04:30:09] Memory Usage: RSS = 19231.15 MB, VMS = 27044.66 MB
[UEDRS] [04:30:09] Releasing dataframe from memory
[UEDRS] [04:30:09] Memory Usage: RSS = 19228.15 MB, VMS = 27041.66 MB
[UEDRS] [04:30:09] Dataset: LASTFM
[UEDRS] [04:30:09] Loading
[UEDRS] [04:30:13] Loading done
[UEDRS] [04:30:13] Memory Usage: RSS = 22873.94 MB, VMS = 30710.18 MB
[UEDRS] [00:00:03] Elapsed
[UEDRS] [04:30:13] Sampling
[UEDRS] [04:30:35] Sampling done, obtained size: 1000000
[UEDRS] [04:30:35] Memory Usage: RSS = 21653.42 MB, VMS = 29489.66 MB
[UEDRS] [00:00:22] Elapsed
[UEDRS] [04:30:35] Checking [LENSKIT][BIASED_MF][LASTFM][1m]
[UEDRS] [04:30:35] Starting
[UEDRS]
[04:31:33]
Exception handled:
"coalesce" not implemented for 'UInt32'
[UEDRS] [04:31:34] Finished (-1)
[UEDRS] [04:31:34] Memory Usage: RSS = 19191.28 MB, VMS = 27052.66 MB
[UEDRS] [00:00:58] Elapsed

[UEDRS] [04:31:34] Memory Usage: RSS = 19191.28 MB, VMS = 27052.66 MB
[UEDRS] [04:31:34] Releasing dataframe from memory
[UEDRS] [04:31:34] Memory Usage: RSS = 19184.36 MB, VMS = 27045.66 MB
[UEDRS] [04:31:34] Dataset: AMAZON
[UEDRS] [04:31:34] Loading
[UEDRS] [04:31:40] Loading done
[UEDRS] [04:31:40] Memory Usage: RSS = 23753.23 MB, VMS = 31357.66 MB
[UEDRS] [00:00:06] Elapsed
[UEDRS] [04:31:40] Sampling
[UEDRS] [05:01:32] Sampling done, obtained size: 1000000
[UEDRS] [05:01:32] Memory Usage: RSS = 23773.73 MB, VMS = 31358.66 MB
[UEDRS] [00:29:52] Elapsed
[UEDRS] [05:01:32] Checking [LENSKIT][BIASED_MF][AMAZON][1m]
[UEDRS] [05:01:32] Skipping (1.3e-06)
[UEDRS] [05:01:32] Memory Usage: RSS = 23773.73 MB, VMS = 31358.66 MB
[UEDRS] [05:01:32] Releasing dataframe from memory
[UEDRS] [05:01:32] Memory Usage: RSS = 23772.73 MB, VMS = 31357.66 MB
[UEDRS] [05:01:32] Desired size: 25000000
[UEDRS] [05:01:32] Dataset: MYANIMELIST
[UEDRS] [05:01:32] Loading
[UEDRS] [05:01:33] Loading done
[UEDRS] [05:01:33] Memory Usage: RSS = 19232.20 MB, VMS = 27045.66 MB
[UEDRS] [00:00:00] Elapsed
[UEDRS] [05:01:33] Sampling
[UEDRS] [05:01:33] Sampling done, obtained size: 7813730
[UEDRS] [05:01:33] Memory Usage: RSS = 19232.20 MB, VMS = 27045.66 MB
[UEDRS] [00:00:00] Elapsed
[UEDRS] [05:01:33] Checking [LENSKIT][BIASED_MF][MYANIMELIST][8m]
[UEDRS] [05:01:33] Skipping (0.033)
[UEDRS] [05:01:33] Memory Usage: RSS = 19232.20 MB, VMS = 27045.66 MB
[UEDRS] [05:01:33] Releasing dataframe from memory
[UEDRS] [05:01:33] Memory Usage: RSS = 19231.45 MB, VMS = 27044.66 MB
[UEDRS] [05:01:33] Dataset: IPINYOU
[UEDRS] [05:01:33] Loading
[UEDRS] [05:01:33] Loading done
[UEDRS] [05:01:33] Memory Usage: RSS = 19185.52 MB, VMS = 27044.66 MB
[UEDRS] [00:00:00] Elapsed
[UEDRS] [05:01:33] Sampling
[UEDRS] [05:01:33] Sampling done, obtained size: 22269879
[UEDRS] [05:01:33] Memory Usage: RSS = 19185.52 MB, VMS = 27044.66 MB
[UEDRS] [00:00:00] Elapsed
[UEDRS] [05:01:33] Checking [LENSKIT][BIASED_MF][IPINYOU][22m]
[UEDRS] [05:01:33] Starting
