[UEDRS] [00:00:10] Mode: ABSOLUTE STRATIFIED_USER
[UEDRS] [00:00:10] Tag:  none
[UEDRS] [00:00:10] Tool: LENSKIT
[UEDRS] [00:00:10] Algorithm: POP
[UEDRS] [00:00:10] Excluded datasets: ALIBABA
[UEDRS] [00:00:10] Sizes: [1000000, 25000000, 50000000, 75000000, 100000000]

[UEDRS] [00:00:10] Loading dataset [MOVIELENS]
[UEDRS] [00:00:23] Sampling for [1000000]
[UEDRS] [00:00:30] Checking [LENSKIT][POP][MOVIELENS][1m]
[UEDRS] [00:00:30] Skipping (0.00858)
[UEDRS] [00:00:30] Releasing sampled dataframe from memory
[UEDRS] [00:00:30] Sampling for [25000000]
[UEDRS] [00:00:38] Checking [LENSKIT][POP][MOVIELENS][25m]
[UEDRS] [00:00:38] Skipping (0.11333)
[UEDRS] [00:00:38] Releasing sampled dataframe from memory
[UEDRS] [00:00:38] Sampling for [50000000]
[UEDRS] [00:00:45] Checking [LENSKIT][POP][MOVIELENS][32m]
[UEDRS] [00:00:45] Skipping (0.16701)
[UEDRS] [00:00:45] Releasing sampled dataframe from memory
[UEDRS] [00:00:45] Sampling for [75000000]
[UEDRS] [00:00:53] Checking [LENSKIT][POP][MOVIELENS][32m]
[UEDRS] [00:00:53] Skipping (0.16701)
[UEDRS] [00:00:53] Releasing sampled dataframe from memory
[UEDRS] [00:00:53] Sampling for [100000000]
[UEDRS] [00:01:00] Checking [LENSKIT][POP][MOVIELENS][32m]
[UEDRS] [00:01:00] Skipping (0.16701)
[UEDRS] [00:01:00] Releasing sampled dataframe from memory
[UEDRS] [00:01:01] Releasing full dataframe from memory
[UEDRS] [00:01:01] Loading dataset [NETFLIX]
[UEDRS] [00:02:08] Sampling for [1000000]
[UEDRS] [00:02:25] Checking [LENSKIT][POP][NETFLIX][1m]
[UEDRS] [00:02:25] Skipping (0.00297)
[UEDRS] [00:02:25] Releasing sampled dataframe from memory
[UEDRS] [00:02:25] Sampling for [25000000]
[UEDRS] [00:02:44] Checking [LENSKIT][POP][NETFLIX][25m]
[UEDRS] [00:02:44] Skipping (0.03352)
[UEDRS] [00:02:44] Releasing sampled dataframe from memory
[UEDRS] [00:02:44] Sampling for [50000000]
[UEDRS] [00:03:03] Checking [LENSKIT][POP][NETFLIX][50m]
[UEDRS] [00:03:03] Skipping (0.05555)
[UEDRS] [00:03:03] Releasing sampled dataframe from memory
[UEDRS] [00:03:03] Sampling for [75000000]
[UEDRS] [00:03:23] Checking [LENSKIT][POP][NETFLIX][75m]
[UEDRS] [00:03:23] Skipping (0.08792)
[UEDRS] [00:03:23] Releasing sampled dataframe from memory
[UEDRS] [00:03:23] Sampling for [100000000]
[UEDRS] [00:03:53] Checking [LENSKIT][POP][NETFLIX][100m]
[UEDRS] [00:03:53] Skipping (0.14026)
[UEDRS] [00:03:53] Releasing sampled dataframe from memory
[UEDRS] [00:03:53] Releasing full dataframe from memory
[UEDRS] [00:03:53] Loading dataset [GOODREADS]
[UEDRS] [00:06:47] Sampling for [1000000]
[UEDRS] [00:07:22] Checking [LENSKIT][POP][GOODREADS][1m]
[UEDRS] [00:07:22] Skipping (0.00062)
[UEDRS] [00:07:22] Releasing sampled dataframe from memory
[UEDRS] [00:07:22] Sampling for [25000000]
[UEDRS] [00:07:57] Checking [LENSKIT][POP][GOODREADS][25m]
[UEDRS] [00:07:57] Skipping (0.01621)
[UEDRS] [00:07:57] Releasing sampled dataframe from memory
[UEDRS] [00:07:57] Sampling for [50000000]
[UEDRS] [00:08:34] Checking [LENSKIT][POP][GOODREADS][50m]
[UEDRS] [00:08:34] Skipping (0.02329)
[UEDRS] [00:08:34] Releasing sampled dataframe from memory
[UEDRS] [00:08:34] Sampling for [75000000]
[UEDRS] [00:09:18] Checking [LENSKIT][POP][GOODREADS][75m]
[UEDRS] [00:09:18] Skipping (0.02949)
[UEDRS] [00:09:18] Releasing sampled dataframe from memory
[UEDRS] [00:09:18] Sampling for [100000000]
[UEDRS] [00:09:56] Checking [LENSKIT][POP][GOODREADS][100m]
[UEDRS] [00:09:56] Skipping (0.03652)
[UEDRS] [00:09:56] Releasing sampled dataframe from memory
[UEDRS] [00:09:56] Releasing full dataframe from memory
[UEDRS] [00:09:56] Loading dataset [MUSIC4ALL]
[UEDRS] [00:10:41] Sampling for [1000000]
[UEDRS] [00:10:48] Checking [LENSKIT][POP][MUSIC4ALL][1m]
[UEDRS] [00:10:48] Skipping (0.00204)
[UEDRS] [00:10:48] Releasing sampled dataframe from memory
[UEDRS] [00:10:48] Sampling for [25000000]
[UEDRS] [00:10:55] Checking [LENSKIT][POP][MUSIC4ALL][25m]
[UEDRS] [00:10:55] Skipping (0.01007)
[UEDRS] [00:10:55] Releasing sampled dataframe from memory
[UEDRS] [00:10:55] Sampling for [50000000]
[UEDRS] [00:11:13] Checking [LENSKIT][POP][MUSIC4ALL][50m]
[UEDRS] [00:11:13] Skipping (0.01755)
[UEDRS] [00:11:13] Releasing sampled dataframe from memory
[UEDRS] [00:11:13] Sampling for [75000000]
[UEDRS] [00:11:22] Checking [LENSKIT][POP][MUSIC4ALL][50m]
[UEDRS] [00:11:22] Skipping (0.01763)
[UEDRS] [00:11:22] Releasing sampled dataframe from memory
[UEDRS] [00:11:22] Sampling for [100000000]
[UEDRS] [00:11:30] Checking [LENSKIT][POP][MUSIC4ALL][50m]
[UEDRS] [00:11:30] Skipping (0.01763)
[UEDRS] [00:11:30] Releasing sampled dataframe from memory
[UEDRS] [00:11:30] Releasing full dataframe from memory
[UEDRS] [00:11:30] Loading dataset [AMAZON]
[UEDRS] [00:45:31] Sampling for [1000000]
[UEDRS] [01:14:53] Checking [LENSKIT][POP][AMAZON][0m]
[UEDRS] [01:14:53] Skipping (0.0)
[UEDRS] [01:14:53] Releasing sampled dataframe from memory
[UEDRS] [01:14:53] Sampling for [25000000]
[UEDRS] [01:44:03] Checking [LENSKIT][POP][AMAZON][19m]
[UEDRS] [01:44:03] Starting
