[UEDRS] [00:00:10] Mode: ABSOLUTE STRATIFIED_USER
[UEDRS] [00:00:10] Tag:  RECBOLE:BPR
[UEDRS] [00:00:10] Tool: RECBOLE
[UEDRS] [00:00:10] Algorithm: BPR
[UEDRS] [00:00:10] Datasets: NETFLIX, YAHOO, ALIBABA, GOODREADS, LASTFM, AMAZON
[UEDRS] [00:00:10] Sizes: [50000000, 75000000, 100000000]

[UEDRS] [00:00:10] Desired size: 50000000
[UEDRS] [00:00:10] Dataset: NETFLIX
[UEDRS] [00:00:10] Loading
[UEDRS] [00:00:11] Loading done
[UEDRS] [00:00:11] Memory Usage: RSS = 3003.69 MB, VMS = 16082.42 MB
[UEDRS] [00:00:00] Elapsed
[UEDRS] [00:00:11] Sampling
[UEDRS] [00:00:59] Sampling done, obtained size: 50000000
[UEDRS] [00:00:59] Memory Usage: RSS = 3100.46 MB, VMS = 16177.52 MB
[UEDRS] [00:00:48] Elapsed
[UEDRS] [00:00:59] Checking [RECBOLE][BPR][NETFLIX][50m]
[UEDRS] [00:00:59] Skipping (0.0007)
[UEDRS] [00:00:59] Memory Usage: RSS = 3100.46 MB, VMS = 16177.52 MB
[UEDRS] [00:00:59] Releasing dataframe from memory
[UEDRS] [00:01:00] Memory Usage: RSS = 2717.03 MB, VMS = 15794.05 MB
[UEDRS] [00:01:00] Dataset: YAHOO
[UEDRS] [00:01:00] Loading
[UEDRS] [00:01:00] Loading done
[UEDRS] [00:01:00] Memory Usage: RSS = 4448.21 MB, VMS = 19171.85 MB
[UEDRS] [00:00:00] Elapsed
[UEDRS] [00:01:00] Sampling
[UEDRS] [00:02:20] Sampling done, obtained size: 50000000
[UEDRS] [00:02:20] Memory Usage: RSS = 4308.21 MB, VMS = 19033.00 MB
[UEDRS] [00:01:19] Elapsed
[UEDRS] [00:02:20] Checking [RECBOLE][BPR][YAHOO][50m]
[UEDRS] [00:02:20] Skipping (8e-05)
[UEDRS] [00:02:20] Memory Usage: RSS = 4308.21 MB, VMS = 19033.00 MB
[UEDRS] [00:02:20] Releasing dataframe from memory
[UEDRS] [00:02:20] Memory Usage: RSS = 3924.74 MB, VMS = 18649.53 MB
[UEDRS] [00:02:20] Dataset: ALIBABA
[UEDRS] [00:02:20] Loading
[UEDRS] [00:02:21] Loading done
[UEDRS] [00:02:21] Memory Usage: RSS = 6860.17 MB, VMS = 21085.75 MB
[UEDRS] [00:00:01] Elapsed
[UEDRS] [00:02:21] Sampling
[UEDRS] [00:04:45] Sampling done, obtained size: 50000000
[UEDRS] [00:04:45] Memory Usage: RSS = 5894.02 MB, VMS = 20119.15 MB
[UEDRS] [00:02:23] Elapsed
[UEDRS] [00:04:45] Checking [RECBOLE][BPR][ALIBABA][50m]
[UEDRS] [00:04:45] Skipping (1.7e-06)
[UEDRS] [00:04:45] Memory Usage: RSS = 5894.02 MB, VMS = 20119.15 MB
[UEDRS] [00:04:45] Releasing dataframe from memory
[UEDRS] [00:04:45] Memory Usage: RSS = 5510.56 MB, VMS = 19735.68 MB
[UEDRS] [00:04:45] Dataset: GOODREADS
[UEDRS] [00:04:45] Loading
[UEDRS] [00:04:51] Loading done
[UEDRS] [00:04:51] Memory Usage: RSS = 8559.39 MB, VMS = 23564.13 MB
[UEDRS] [00:00:06] Elapsed
[UEDRS] [00:04:51] Sampling
[UEDRS] [00:05:38] Sampling done, obtained size: 50000000
[UEDRS] [00:05:38] Memory Usage: RSS = 7198.40 MB, VMS = 22203.15 MB
[UEDRS] [00:00:47] Elapsed
[UEDRS] [00:05:38] Checking [RECBOLE][BPR][GOODREADS][50m]
[UEDRS] [00:05:38] Skipping (3.7e-06)
[UEDRS] [00:05:38] Memory Usage: RSS = 7198.40 MB, VMS = 22203.15 MB
[UEDRS] [00:05:38] Releasing dataframe from memory
[UEDRS] [00:05:39] Memory Usage: RSS = 6814.94 MB, VMS = 21819.68 MB
[UEDRS] [00:05:39] Dataset: LASTFM
[UEDRS] [00:05:39] Loading
[UEDRS] [00:05:52] Loading done
[UEDRS] [00:05:52] Memory Usage: RSS = 13304.19 MB, VMS = 28289.25 MB
[UEDRS] [00:00:13] Elapsed
[UEDRS] [00:05:52] Sampling
[UEDRS] [00:06:25] Sampling done, obtained size: 50000000
[UEDRS] [00:06:25] Memory Usage: RSS = 10215.80 MB, VMS = 25200.90 MB
[UEDRS] [00:00:32] Elapsed
[UEDRS] [00:06:25] Checking [RECBOLE][BPR][LASTFM][50m]
[UEDRS] [00:06:25] Skipping (3.3e-06)
[UEDRS] [00:06:25] Memory Usage: RSS = 10215.80 MB, VMS = 25200.90 MB
[UEDRS] [00:06:25] Releasing dataframe from memory
[UEDRS] [00:06:25] Memory Usage: RSS = 9642.62 MB, VMS = 24627.69 MB
[UEDRS] [00:06:25] Dataset: AMAZON
[UEDRS] [00:06:25] Loading
[UEDRS] [00:06:29] Loading done
[UEDRS] [00:06:29] Memory Usage: RSS = 20666.54 MB, VMS = 33678.80 MB
[UEDRS] [00:00:04] Elapsed
[UEDRS] [00:06:29] Sampling
[UEDRS] [00:36:47] Sampling done, obtained size: 50000000
[UEDRS] [00:36:47] Memory Usage: RSS = 20687.80 MB, VMS = 33767.70 MB
[UEDRS] [00:30:17] Elapsed
[UEDRS] [00:36:47] Checking [RECBOLE][BPR][AMAZON][50m]
[UEDRS] [00:36:47] Starting
