/home/g064474/.local/lib/python3.11/site-packages/lenskit/splitting/users.py:197: DataWarning: item list collection has empty lists, they will be dropped
  test_tbl = test.to_df()[["user_id", "item_id"]]
/home/g064474/.local/lib/python3.11/site-packages/lenskit/als/_explicit.py:58: UserWarning: Sparse CSR tensor support is in beta state. If you miss a functionality in the sparse tensor support, please submit a feature request to https://github.com/pytorch/pytorch/issues. (Triggered internally at ../aten/src/ATen/SparseCsrTensorImpl.cpp:53.)
  rmat = rmat.to_sparse_csr()
/home/g064474/.local/lib/python3.11/site-packages/lenskit/metrics/ranking/_dcg.py:97: RuntimeWarning: invalid value encountered in scalar divide
  return realized / ideal
/home/g064474/.local/lib/python3.11/site-packages/lenskit/splitting/users.py:197: DataWarning: item list collection has empty lists, they will be dropped
  test_tbl = test.to_df()[["user_id", "item_id"]]
/home/g064474/.local/lib/python3.11/site-packages/lenskit/splitting/users.py:197: DataWarning: item list collection has empty lists, they will be dropped
  test_tbl = test.to_df()[["user_id", "item_id"]]
/home/g064474/.local/lib/python3.11/site-packages/lenskit/splitting/users.py:197: DataWarning: item list collection has empty lists, they will be dropped
  test_tbl = test.to_df()[["user_id", "item_id"]]
/home/g064474/.local/lib/python3.11/site-packages/lenskit/splitting/users.py:197: DataWarning: item list collection has empty lists, they will be dropped
  test_tbl = test.to_df()[["user_id", "item_id"]]
/home/g064474/.local/lib/python3.11/site-packages/lenskit/splitting/users.py:197: DataWarning: item list collection has empty lists, they will be dropped
  test_tbl = test.to_df()[["user_id", "item_id"]]
/home/g064474/.local/lib/python3.11/site-packages/lenskit/splitting/users.py:197: DataWarning: item list collection has empty lists, they will be dropped
  test_tbl = test.to_df()[["user_id", "item_id"]]
/home/g064474/.local/lib/python3.11/site-packages/lenskit/splitting/users.py:197: DataWarning: item list collection has empty lists, they will be dropped
  test_tbl = test.to_df()[["user_id", "item_id"]]
slurmstepd: error: *** JOB 10951502 ON gpu-node001 CANCELLED AT 2025-12-05T05:32:17 DUE TO TIME LIMIT ***
