[UEDRS] [00:00:09] Mode: ABSOLUTE STRATIFIED_USER
[UEDRS] [00:00:09] Tag:  RECBOLE:NEU_MF
[UEDRS] [00:00:09] Tool: RECBOLE
[UEDRS] [00:00:09] Algorithm: NEU_MF
[UEDRS] [00:00:09] Datasets: MYANIMELIST, IPINYOU, TMALL, MOVIELENS, MUSIC4ALL, NETFLIX, YAHOO, ALIBABA, GOODREADS, LASTFM, AMAZON
[UEDRS] [00:00:09] Sizes: [100000, 250000, 500000, 750000, 1000000, 25000000, 50000000, 75000000, 100000000]

[UEDRS] [00:00:09] Current dataset [MYANIMELIST]
[UEDRS] [00:00:09] Loading full dataset
[UEDRS] [00:00:10] Loading done
[UEDRS] [00:00:10] Memory Usage: RSS = 919.78 MB, VMS = 10534.62 MB
[UEDRS] [00:00:00] Elapsed
[UEDRS] [00:00:10] Sampling for [100000]
[UEDRS] [00:00:12] Sampling done
[UEDRS] [00:00:12] Memory Usage: RSS = 960.54 MB, VMS = 10573.48 MB
[UEDRS] [00:00:02] Elapsed
[UEDRS] [00:00:12] Checking [RECBOLE][NEU_MF][MYANIMELIST][0m]
[UEDRS] [00:00:12] Skipping (0.00025)
[UEDRS] [00:00:12] Memory Usage: RSS = 960.54 MB, VMS = 10573.48 MB
[UEDRS] [00:00:12] Releasing dataframe from memory
[UEDRS] [00:00:12] Memory Usage: RSS = 960.54 MB, VMS = 10573.48 MB
[UEDRS] [00:00:12] Loading full dataset
[UEDRS] [00:00:12] Loading done
[UEDRS] [00:00:12] Memory Usage: RSS = 1229.15 MB, VMS = 10573.48 MB
[UEDRS] [00:00:00] Elapsed
[UEDRS] [00:00:12] Sampling for [250000]
[UEDRS] [00:00:15] Sampling done
[UEDRS] [00:00:15] Memory Usage: RSS = 1217.47 MB, VMS = 10561.68 MB
[UEDRS] [00:00:02] Elapsed
[UEDRS] [00:00:15] Checking [RECBOLE][NEU_MF][MYANIMELIST][0m]
[UEDRS] [00:00:15] Skipping (0.00025)
[UEDRS] [00:00:15] Memory Usage: RSS = 1217.47 MB, VMS = 10561.68 MB
[UEDRS] [00:00:15] Releasing dataframe from memory
[UEDRS] [00:00:15] Memory Usage: RSS = 1215.50 MB, VMS = 10559.68 MB
[UEDRS] [00:00:15] Loading full dataset
[UEDRS] [00:00:15] Loading done
[UEDRS] [00:00:15] Memory Usage: RSS = 1442.68 MB, VMS = 10559.68 MB
[UEDRS] [00:00:00] Elapsed
[UEDRS] [00:00:15] Sampling for [500000]
[UEDRS] [00:00:18] Sampling done
[UEDRS] [00:00:18] Memory Usage: RSS = 1443.66 MB, VMS = 10560.68 MB
[UEDRS] [00:00:02] Elapsed
[UEDRS] [00:00:18] Checking [RECBOLE][NEU_MF][MYANIMELIST][0m]
[UEDRS] [00:00:18] Skipping (0.00025)
[UEDRS] [00:00:18] Memory Usage: RSS = 1443.66 MB, VMS = 10560.68 MB
[UEDRS] [00:00:18] Releasing dataframe from memory
[UEDRS] [00:00:18] Memory Usage: RSS = 1442.68 MB, VMS = 10559.68 MB
[UEDRS] [00:00:18] Loading full dataset
[UEDRS] [00:00:18] Loading done
[UEDRS] [00:00:18] Memory Usage: RSS = 1680.82 MB, VMS = 11583.68 MB
[UEDRS] [00:00:00] Elapsed
[UEDRS] [00:00:18] Sampling for [750000]
[UEDRS] [00:00:20] Sampling done
[UEDRS] [00:00:20] Memory Usage: RSS = 1742.27 MB, VMS = 11645.30 MB
[UEDRS] [00:00:02] Elapsed
[UEDRS] [00:00:20] Checking [RECBOLE][NEU_MF][MYANIMELIST][1m]
[UEDRS] [00:00:20] Skipping (0.00256)
[UEDRS] [00:00:20] Memory Usage: RSS = 1742.27 MB, VMS = 11645.30 MB
[UEDRS] [00:00:20] Releasing dataframe from memory
[UEDRS] [00:00:21] Memory Usage: RSS = 1680.81 MB, VMS = 11583.67 MB
[UEDRS] [00:00:21] Loading full dataset
[UEDRS] [00:00:21] Loading done
[UEDRS] [00:00:21] Memory Usage: RSS = 1912.42 MB, VMS = 11583.67 MB
[UEDRS] [00:00:00] Elapsed
[UEDRS] [00:00:21] Sampling for [1000000]
[UEDRS] [00:00:23] Sampling done
[UEDRS] [00:00:23] Memory Usage: RSS = 1979.94 MB, VMS = 11651.36 MB
[UEDRS] [00:00:02] Elapsed
[UEDRS] [00:00:23] Checking [RECBOLE][NEU_MF][MYANIMELIST][1m]
[UEDRS] [00:00:23] Skipping (0.00256)
[UEDRS] [00:00:23] Memory Usage: RSS = 1979.94 MB, VMS = 11651.36 MB
[UEDRS] [00:00:23] Releasing dataframe from memory
[UEDRS] [00:00:23] Memory Usage: RSS = 1912.42 MB, VMS = 11583.67 MB
[UEDRS] [00:00:23] Loading full dataset
[UEDRS] [00:00:23] Loading done
[UEDRS] [00:00:23] Memory Usage: RSS = 1954.18 MB, VMS = 11583.67 MB
[UEDRS] [00:00:00] Elapsed
[UEDRS] [00:00:23] Sampling for [25000000]
[UEDRS] [00:00:26] Sampling done
[UEDRS] [00:00:26] Memory Usage: RSS = 2103.78 MB, VMS = 11733.35 MB
[UEDRS] [00:00:02] Elapsed
[UEDRS] [00:00:26] Checking [RECBOLE][NEU_MF][MYANIMELIST][8m]
[UEDRS] [00:00:26] Skipping (0.10906)
[UEDRS] [00:00:26] Memory Usage: RSS = 2103.78 MB, VMS = 11733.35 MB
[UEDRS] [00:00:26] Releasing dataframe from memory
[UEDRS] [00:00:26] Memory Usage: RSS = 2042.21 MB, VMS = 11671.73 MB
[UEDRS] [00:00:26] Loading full dataset
[UEDRS] [00:00:26] Loading done
[UEDRS] [00:00:26] Memory Usage: RSS = 2036.27 MB, VMS = 11671.73 MB
[UEDRS] [00:00:00] Elapsed
[UEDRS] [00:00:26] Sampling for [50000000]
[UEDRS] [00:00:29] Sampling done
[UEDRS] [00:00:29] Memory Usage: RSS = 2112.78 MB, VMS = 11748.25 MB
[UEDRS] [00:00:02] Elapsed
[UEDRS] [00:00:29] Checking [RECBOLE][NEU_MF][MYANIMELIST][8m]
[UEDRS] [00:00:29] Skipping (0.10906)
[UEDRS] [00:00:29] Memory Usage: RSS = 2112.78 MB, VMS = 11748.25 MB
[UEDRS] [00:00:29] Releasing dataframe from memory
[UEDRS] [00:00:29] Memory Usage: RSS = 2051.21 MB, VMS = 11686.64 MB
[UEDRS] [00:00:29] Loading full dataset
[UEDRS] [00:00:29] Loading done
[UEDRS] [00:00:29] Memory Usage: RSS = 2066.27 MB, VMS = 11686.64 MB
[UEDRS] [00:00:00] Elapsed
[UEDRS] [00:00:29] Sampling for [75000000]
[UEDRS] [00:00:32] Sampling done
[UEDRS] [00:00:32] Memory Usage: RSS = 2127.84 MB, VMS = 11748.24 MB
[UEDRS] [00:00:02] Elapsed
[UEDRS] [00:00:32] Checking [RECBOLE][NEU_MF][MYANIMELIST][8m]
[UEDRS] [00:00:32] Skipping (0.10906)
[UEDRS] [00:00:32] Memory Usage: RSS = 2127.84 MB, VMS = 11748.24 MB
[UEDRS] [00:00:32] Releasing dataframe from memory
[UEDRS] [00:00:32] Memory Usage: RSS = 2066.26 MB, VMS = 11686.62 MB
[UEDRS] [00:00:32] Loading full dataset
[UEDRS] [00:00:32] Loading done
[UEDRS] [00:00:32] Memory Usage: RSS = 2086.18 MB, VMS = 11686.62 MB
[UEDRS] [00:00:00] Elapsed
[UEDRS] [00:00:32] Sampling for [100000000]
[UEDRS] [00:00:35] Sampling done
[UEDRS] [00:00:35] Memory Usage: RSS = 2147.76 MB, VMS = 11748.24 MB
[UEDRS] [00:00:02] Elapsed
[UEDRS] [00:00:35] Checking [RECBOLE][NEU_MF][MYANIMELIST][8m]
[UEDRS] [00:00:35] Skipping (0.10906)
[UEDRS] [00:00:35] Memory Usage: RSS = 2147.76 MB, VMS = 11748.24 MB
[UEDRS] [00:00:35] Releasing dataframe from memory
[UEDRS] [00:00:35] Memory Usage: RSS = 2086.18 MB, VMS = 11686.62 MB
[UEDRS] [00:00:35] Current dataset [IPINYOU]
[UEDRS] [00:00:35] Loading full dataset
[UEDRS] [00:00:36] Loading done
[UEDRS] [00:00:36] Memory Usage: RSS = 2223.58 MB, VMS = 12802.63 MB
[UEDRS] [00:00:01] Elapsed
[UEDRS] [00:00:36] Sampling for [100000]
[UEDRS] [00:09:44] Sampling done
[UEDRS] [00:09:44] Memory Usage: RSS = 3910.35 MB, VMS = 14488.55 MB
[UEDRS] [00:09:08] Elapsed
[UEDRS] [00:09:44] Checking [RECBOLE][NEU_MF][IPINYOU][0m]
[UEDRS] [00:09:44] Starting
[UEDRS]
[00:09:45]
Exception handled:
Some feat is empty, please check the filtering settings.
[UEDRS] [00:09:45] Finished (-1.0)
[UEDRS] [00:09:45] Memory Usage: RSS = 3912.02 MB, VMS = 19026.75 MB
[UEDRS] [00:00:00] Elapsed

[UEDRS] [00:09:45] Memory Usage: RSS = 3912.02 MB, VMS = 19026.75 MB
[UEDRS] [00:09:45] Releasing dataframe from memory
[UEDRS] [00:09:45] Memory Usage: RSS = 3912.02 MB, VMS = 19026.75 MB
[UEDRS] [00:09:45] Loading full dataset
[UEDRS] [00:09:45] Loading done
[UEDRS] [00:09:45] Memory Usage: RSS = 4006.83 MB, VMS = 20142.75 MB
[UEDRS] [00:00:00] Elapsed
[UEDRS] [00:09:45] Sampling for [250000]
[UEDRS] [00:18:58] Sampling done
[UEDRS] [00:18:58] Memory Usage: RSS = 5347.91 MB, VMS = 21482.89 MB
[UEDRS] [00:09:12] Elapsed
[UEDRS] [00:18:58] Checking [RECBOLE][NEU_MF][IPINYOU][0m]
[UEDRS] [00:18:58] Starting
[UEDRS]
[00:18:58]
Exception handled:
Some feat is empty, please check the filtering settings.
[UEDRS] [00:18:58] Finished (-1.0)
[UEDRS] [00:18:58] Memory Usage: RSS = 5347.91 MB, VMS = 21482.89 MB
[UEDRS] [00:00:00] Elapsed

[UEDRS] [00:18:58] Memory Usage: RSS = 5347.91 MB, VMS = 21482.89 MB
[UEDRS] [00:18:58] Releasing dataframe from memory
[UEDRS] [00:18:58] Memory Usage: RSS = 5346.93 MB, VMS = 21481.89 MB
[UEDRS] [00:18:58] Loading full dataset
[UEDRS] [00:18:58] Loading done
[UEDRS] [00:18:58] Memory Usage: RSS = 5351.71 MB, VMS = 22505.89 MB
[UEDRS] [00:00:00] Elapsed
[UEDRS] [00:18:58] Sampling for [500000]
[UEDRS] [00:28:08] Sampling done
[UEDRS] [00:28:08] Memory Usage: RSS = 5524.16 MB, VMS = 22676.71 MB
[UEDRS] [00:09:10] Elapsed
[UEDRS] [00:28:08] Checking [RECBOLE][NEU_MF][IPINYOU][0m]
[UEDRS] [00:28:08] Starting
[UEDRS]
[00:28:08]
Exception handled:
Some feat is empty, please check the filtering settings.
[UEDRS] [00:28:08] Finished (-1.0)
[UEDRS] [00:28:08] Memory Usage: RSS = 5524.16 MB, VMS = 22676.71 MB
[UEDRS] [00:00:00] Elapsed

[UEDRS] [00:28:08] Memory Usage: RSS = 5524.16 MB, VMS = 22676.71 MB
[UEDRS] [00:28:08] Releasing dataframe from memory
[UEDRS] [00:28:08] Memory Usage: RSS = 5522.18 MB, VMS = 22674.71 MB
[UEDRS] [00:28:08] Loading full dataset
[UEDRS] [00:28:08] Loading done
[UEDRS] [00:28:08] Memory Usage: RSS = 5365.38 MB, VMS = 23606.71 MB
[UEDRS] [00:00:00] Elapsed
[UEDRS] [00:28:08] Sampling for [750000]
[UEDRS] [00:37:20] Sampling done
[UEDRS] [00:37:20] Memory Usage: RSS = 5381.76 MB, VMS = 23607.84 MB
[UEDRS] [00:09:11] Elapsed
[UEDRS] [00:37:20] Checking [RECBOLE][NEU_MF][IPINYOU][0m]
[UEDRS] [00:37:20] Starting
[UEDRS]
[00:37:20]
Exception handled:
Some feat is empty, please check the filtering settings.
[UEDRS] [00:37:20] Finished (-1.0)
[UEDRS] [00:37:20] Memory Usage: RSS = 5381.76 MB, VMS = 23607.84 MB
[UEDRS] [00:00:00] Elapsed

[UEDRS] [00:37:20] Memory Usage: RSS = 5381.76 MB, VMS = 23607.84 MB
[UEDRS] [00:37:20] Releasing dataframe from memory
[UEDRS] [00:37:20] Memory Usage: RSS = 5380.78 MB, VMS = 23606.84 MB
[UEDRS] [00:37:20] Loading full dataset
[UEDRS] [00:37:21] Loading done
[UEDRS] [00:37:21] Memory Usage: RSS = 5479.84 MB, VMS = 24722.84 MB
[UEDRS] [00:00:00] Elapsed
[UEDRS] [00:37:21] Sampling for [1000000]
[UEDRS] [00:46:32] Sampling done
[UEDRS] [00:46:32] Memory Usage: RSS = 5481.81 MB, VMS = 24724.84 MB
[UEDRS] [00:09:11] Elapsed
[UEDRS] [00:46:32] Checking [RECBOLE][NEU_MF][IPINYOU][0m]
[UEDRS] [00:46:32] Starting
[UEDRS]
[00:46:32]
Exception handled:
Some feat is empty, please check the filtering settings.
[UEDRS] [00:46:32] Finished (-1.0)
[UEDRS] [00:46:32] Memory Usage: RSS = 5481.81 MB, VMS = 24724.84 MB
[UEDRS] [00:00:00] Elapsed

[UEDRS] [00:46:32] Memory Usage: RSS = 5481.81 MB, VMS = 24724.84 MB
[UEDRS] [00:46:32] Releasing dataframe from memory
[UEDRS] [00:46:32] Memory Usage: RSS = 5480.82 MB, VMS = 24723.84 MB
[UEDRS] [00:46:32] Loading full dataset
[UEDRS] [00:46:33] Loading done
[UEDRS] [00:46:33] Memory Usage: RSS = 5357.00 MB, VMS = 25655.84 MB
[UEDRS] [00:00:00] Elapsed
[UEDRS] [00:46:33] Sampling for [25000000]
[UEDRS] [00:55:40] Sampling done
[UEDRS] [00:55:40] Memory Usage: RSS = 5359.44 MB, VMS = 25658.26 MB
[UEDRS] [00:09:07] Elapsed
[UEDRS] [00:55:40] Checking [RECBOLE][NEU_MF][IPINYOU][22m]
[UEDRS] [00:55:40] Starting
[UEDRS] [01:11:52] Finished (0.17723)
[UEDRS] [01:11:52] Memory Usage: RSS = 26560.33 MB, VMS = 67351.07 MB
[UEDRS] [00:16:11] Elapsed

[UEDRS] [01:11:52] Memory Usage: RSS = 26560.33 MB, VMS = 67351.07 MB
[UEDRS] [01:11:52] Releasing dataframe from memory
[UEDRS] [01:12:31] Memory Usage: RSS = 7037.97 MB, VMS = 47786.75 MB
[UEDRS] [01:12:31] Loading full dataset
[UEDRS] [01:12:32] Loading done
[UEDRS] [01:12:32] Memory Usage: RSS = 7132.39 MB, VMS = 49834.75 MB
[UEDRS] [00:00:00] Elapsed
[UEDRS] [01:12:32] Sampling for [50000000]
[UEDRS] [01:21:26] Sampling done
[UEDRS] [01:21:26] Memory Usage: RSS = 7133.04 MB, VMS = 49834.75 MB
[UEDRS] [00:08:54] Elapsed
[UEDRS] [01:21:26] Checking [RECBOLE][NEU_MF][IPINYOU][22m]
[UEDRS] [01:21:26] Skipping (0.17723)
[UEDRS] [01:21:26] Memory Usage: RSS = 7133.04 MB, VMS = 49834.75 MB
[UEDRS] [01:21:26] Releasing dataframe from memory
[UEDRS] [01:21:26] Memory Usage: RSS = 7133.04 MB, VMS = 49834.75 MB
[UEDRS] [01:21:26] Loading full dataset
[UEDRS] [01:21:26] Loading done
[UEDRS] [01:21:26] Memory Usage: RSS = 6472.05 MB, VMS = 49742.75 MB
[UEDRS] [00:00:00] Elapsed
[UEDRS] [01:21:26] Sampling for [75000000]
[UEDRS] [01:30:44] Sampling done
[UEDRS] [01:30:44] Memory Usage: RSS = 6472.05 MB, VMS = 49742.75 MB
[UEDRS] [00:09:18] Elapsed
[UEDRS] [01:30:44] Checking [RECBOLE][NEU_MF][IPINYOU][22m]
[UEDRS] [01:30:44] Skipping (0.17723)
[UEDRS] [01:30:44] Memory Usage: RSS = 6472.05 MB, VMS = 49742.75 MB
[UEDRS] [01:30:44] Releasing dataframe from memory
[UEDRS] [01:30:44] Memory Usage: RSS = 6472.05 MB, VMS = 49742.75 MB
[UEDRS] [01:30:44] Loading full dataset
[UEDRS] [01:30:45] Loading done
[UEDRS] [01:30:45] Memory Usage: RSS = 6526.76 MB, VMS = 49742.75 MB
[UEDRS] [00:00:00] Elapsed
[UEDRS] [01:30:45] Sampling for [100000000]
[UEDRS] [01:39:59] Sampling done
[UEDRS] [01:39:59] Memory Usage: RSS = 6526.76 MB, VMS = 49742.75 MB
[UEDRS] [00:09:14] Elapsed
[UEDRS] [01:39:59] Checking [RECBOLE][NEU_MF][IPINYOU][22m]
[UEDRS] [01:39:59] Skipping (0.17723)
[UEDRS] [01:39:59] Memory Usage: RSS = 6526.76 MB, VMS = 49742.75 MB
[UEDRS] [01:39:59] Releasing dataframe from memory
[UEDRS] [01:40:00] Memory Usage: RSS = 6526.76 MB, VMS = 49742.75 MB
[UEDRS] [01:40:00] Current dataset [TMALL]
[UEDRS] [01:40:00] Loading full dataset
[UEDRS] [01:40:01] Loading done
[UEDRS] [01:40:01] Memory Usage: RSS = 6626.82 MB, VMS = 49742.75 MB
[UEDRS] [00:00:01] Elapsed
[UEDRS] [01:40:01] Sampling for [100000]
[UEDRS] [01:40:22] Sampling done
[UEDRS] [01:40:22] Memory Usage: RSS = 6628.80 MB, VMS = 49744.75 MB
[UEDRS] [00:00:21] Elapsed
[UEDRS] [01:40:22] Checking [RECBOLE][NEU_MF][TMALL][0m]
[UEDRS] [01:40:22] Skipping (0.0)
[UEDRS] [01:40:22] Memory Usage: RSS = 6628.80 MB, VMS = 49744.75 MB
[UEDRS] [01:40:22] Releasing dataframe from memory
[UEDRS] [01:40:22] Memory Usage: RSS = 6626.84 MB, VMS = 49742.75 MB
[UEDRS] [01:40:22] Loading full dataset
[UEDRS] [01:40:22] Loading done
[UEDRS] [01:40:22] Memory Usage: RSS = 6923.32 MB, VMS = 49742.75 MB
[UEDRS] [00:00:00] Elapsed
[UEDRS] [01:40:22] Sampling for [250000]
[UEDRS] [01:40:43] Sampling done
[UEDRS] [01:40:43] Memory Usage: RSS = 6925.28 MB, VMS = 49744.75 MB
[UEDRS] [00:00:21] Elapsed
[UEDRS] [01:40:43] Checking [RECBOLE][NEU_MF][TMALL][0m]
[UEDRS] [01:40:43] Skipping (0.0)
[UEDRS] [01:40:43] Memory Usage: RSS = 6925.28 MB, VMS = 49744.75 MB
[UEDRS] [01:40:43] Releasing dataframe from memory
[UEDRS] [01:40:43] Memory Usage: RSS = 6923.32 MB, VMS = 49742.75 MB
[UEDRS] [01:40:43] Loading full dataset
[UEDRS] [01:40:43] Loading done
[UEDRS] [01:40:43] Memory Usage: RSS = 6948.42 MB, VMS = 49742.75 MB
[UEDRS] [00:00:00] Elapsed
[UEDRS] [01:40:43] Sampling for [500000]
[UEDRS] [01:41:04] Sampling done
[UEDRS] [01:41:04] Memory Usage: RSS = 6950.38 MB, VMS = 49744.75 MB
[UEDRS] [00:00:20] Elapsed
[UEDRS] [01:41:04] Checking [RECBOLE][NEU_MF][TMALL][0m]
[UEDRS] [01:41:04] Skipping (0.0)
[UEDRS] [01:41:04] Memory Usage: RSS = 6950.38 MB, VMS = 49744.75 MB
[UEDRS] [01:41:04] Releasing dataframe from memory
[UEDRS] [01:41:05] Memory Usage: RSS = 6948.42 MB, VMS = 49742.75 MB
[UEDRS] [01:41:05] Loading full dataset
[UEDRS] [01:41:05] Loading done
[UEDRS] [01:41:05] Memory Usage: RSS = 7002.32 MB, VMS = 49742.75 MB
[UEDRS] [00:00:00] Elapsed
[UEDRS] [01:41:05] Sampling for [750000]
[UEDRS] [01:41:26] Sampling done
[UEDRS] [01:41:26] Memory Usage: RSS = 7004.28 MB, VMS = 49744.75 MB
[UEDRS] [00:00:21] Elapsed
[UEDRS] [01:41:26] Checking [RECBOLE][NEU_MF][TMALL][1m]
[UEDRS] [01:41:26] Skipping (1e-05)
[UEDRS] [01:41:26] Memory Usage: RSS = 7004.28 MB, VMS = 49744.75 MB
[UEDRS] [01:41:26] Releasing dataframe from memory
[UEDRS] [01:41:26] Memory Usage: RSS = 7002.32 MB, VMS = 49742.75 MB
[UEDRS] [01:41:26] Loading full dataset
[UEDRS] [01:41:26] Loading done
[UEDRS] [01:41:26] Memory Usage: RSS = 6987.27 MB, VMS = 49742.75 MB
[UEDRS] [00:00:00] Elapsed
[UEDRS] [01:41:26] Sampling for [1000000]
[UEDRS] [01:41:47] Sampling done
[UEDRS] [01:41:47] Memory Usage: RSS = 6989.23 MB, VMS = 49744.75 MB
[UEDRS] [00:00:21] Elapsed
[UEDRS] [01:41:47] Checking [RECBOLE][NEU_MF][TMALL][1m]
[UEDRS] [01:41:47] Skipping (1e-05)
[UEDRS] [01:41:47] Memory Usage: RSS = 6989.23 MB, VMS = 49744.75 MB
[UEDRS] [01:41:47] Releasing dataframe from memory
[UEDRS] [01:41:47] Memory Usage: RSS = 6987.27 MB, VMS = 49742.75 MB
[UEDRS] [01:41:47] Loading full dataset
[UEDRS] [01:41:47] Loading done
[UEDRS] [01:41:47] Memory Usage: RSS = 6995.27 MB, VMS = 49742.75 MB
[UEDRS] [00:00:00] Elapsed
[UEDRS] [01:41:47] Sampling for [25000000]
[UEDRS] [01:42:10] Sampling done
[UEDRS] [01:42:10] Memory Usage: RSS = 7183.11 MB, VMS = 49930.64 MB
[UEDRS] [00:00:22] Elapsed
[UEDRS] [01:42:10] Checking [RECBOLE][NEU_MF][TMALL][24m]
[UEDRS] [01:42:10] Starting
