[UEDRS] [00:00:15] Mode: ABSOLUTE STRATIFIED_USER
[UEDRS] [00:00:15] Tag:  LENSKIT:POP
[UEDRS] [00:00:15] Tool: LENSKIT
[UEDRS] [00:00:15] Algorithm: POP
[UEDRS] [00:00:15] Datasets: MYANIMELIST, IPINYOU, AMAZON
[UEDRS] [00:00:15] Sizes: [100000, 250000, 500000, 750000, 1000000, 25000000, 50000000, 75000000, 100000000]

[UEDRS] [00:00:15] Desired size: 100000
[UEDRS] [00:00:15] Dataset: MYANIMELIST
[UEDRS] [00:00:15] Loading
[UEDRS] [00:00:16] Loading done
[UEDRS] [00:00:16] Memory Usage: RSS = 779.61 MB, VMS = 4991.10 MB
[UEDRS] [00:00:00] Elapsed
[UEDRS] [00:00:16] Sampling
[UEDRS] [00:00:19] Sampling done, obtained size: 100000
[UEDRS] [00:00:19] Memory Usage: RSS = 806.75 MB, VMS = 5016.60 MB
[UEDRS] [00:00:02] Elapsed
[UEDRS] [00:00:19] Checking [LENSKIT][POP][MYANIMELIST][100k]
[UEDRS] [00:00:19] Skipping (0.0037)
[UEDRS] [00:00:19] Memory Usage: RSS = 806.75 MB, VMS = 5016.60 MB
[UEDRS] [00:00:19] Releasing dataframe from memory
[UEDRS] [00:00:19] Memory Usage: RSS = 806.75 MB, VMS = 5016.60 MB
[UEDRS] [00:00:19] Dataset: IPINYOU
[UEDRS] [00:00:19] Loading
[UEDRS] [00:00:26] Loading done
[UEDRS] [00:00:26] Memory Usage: RSS = 3851.28 MB, VMS = 10951.43 MB
[UEDRS] [00:00:07] Elapsed
[UEDRS] [00:00:26] Sampling
[UEDRS] [00:09:14] Sampling done, obtained size: 100000
[UEDRS] [00:09:14] Memory Usage: RSS = 5328.35 MB, VMS = 12409.33 MB
[UEDRS] [00:08:47] Elapsed
[UEDRS] [00:09:14] Checking [LENSKIT][POP][IPINYOU][100k]
[UEDRS] [00:09:14] Skipping (0)
[UEDRS] [00:09:14] Memory Usage: RSS = 5328.35 MB, VMS = 12409.33 MB
[UEDRS] [00:09:14] Releasing dataframe from memory
[UEDRS] [00:09:14] Memory Usage: RSS = 3934.91 MB, VMS = 10997.33 MB
[UEDRS] [00:09:14] Dataset: AMAZON
[UEDRS] [00:09:14] Loading
[UEDRS] [01:46:15] Loading done
[UEDRS] [01:46:26] Memory Usage: RSS = 65726.38 MB, VMS = 100236.59 MB
[UEDRS] [01:37:12] Elapsed
[UEDRS] [01:46:26] Sampling
