Bright Maschine Learning software stack loaded.
25 Jan 11:58    INFO  ['/mnt/source/run.py']
25 Jan 11:58    INFO  
General Hyper Parameters:
gpu_id = 0
use_gpu = True
seed = 42
state = INFO
reproducibility = True
data_path = /mnt/artifacts/recbole/datasets/movielens-32m-STRATIFIED_USER
checkpoint_dir = /mnt/artifacts/recbole/checkpoints
show_progress = False
save_dataset = False
dataset_save_path = None
save_dataloaders = False
dataloaders_save_path = None
log_wandb = False

Training Hyper Parameters:
epochs = 1
train_batch_size = 4096
learner = sgd
learning_rate = 1.0
train_neg_sample_args = {'distribution': 'uniform', 'sample_num': 1, 'alpha': 1.0, 'dynamic': False, 'candidate_num': 0}
eval_step = 4
stopping_step = 2
clip_grad_norm = None
weight_decay = 0.0
loss_decimal_place = 4

Evaluation Hyper Parameters:
eval_args = {'split': {'RS': [0.8, 0.1, 0.1]}, 'order': 'RO', 'group_by': 'user', 'mode': {'valid': 'full', 'test': 'full'}}
repeatable = False
metrics = ['NDCG']
topk = [10]
valid_metric = NDCG@10
valid_metric_bigger = True
eval_batch_size = 4096
metric_decimal_place = 10

Dataset Hyper Parameters:
field_separator = ,
seq_separator = 

USER_ID_FIELD = user_id
ITEM_ID_FIELD = item_id
RATING_FIELD = rating
TIME_FIELD = None
seq_len = None
LABEL_FIELD = label
threshold = None
NEG_PREFIX = neg_
load_col = None
unload_col = None
unused_col = None
additional_feat_suffix = None
rm_dup_inter = None
val_interval = None
filter_inter_by_user_or_item = True
user_inter_num_interval = [0,inf)
item_inter_num_interval = [0,inf)
alias_of_user_id = None
alias_of_item_id = None
alias_of_entity_id = None
alias_of_relation_id = None
preload_weight = None
normalize_field = None
normalize_all = None
ITEM_LIST_LENGTH_FIELD = item_length
LIST_SUFFIX = _list
MAX_ITEM_LIST_LENGTH = 50
POSITION_FIELD = position_id
HEAD_ENTITY_ID_FIELD = head_id
TAIL_ENTITY_ID_FIELD = tail_id
RELATION_ID_FIELD = relation_id
ENTITY_ID_FIELD = entity_id
benchmark_filename = None

Other Hyper Parameters: 
worker = 4
wandb_project = recbole
shuffle = True
require_pow = False
enable_amp = False
enable_scaler = False
transform = None
mf_embedding_size = 32
mlp_embedding_size = 32
mlp_hidden_size = [128, 64]
dropout_prob = 0.1
mf_train = True
mlp_train = True
use_pretrain = False
mf_pretrain_path = None
mlp_pretrain_path = None
numerical_features = []
discretization = None
kg_reverse_r = False
entity_kg_num_interval = [0,inf)
relation_kg_num_interval = [0,inf)
MODEL_TYPE = ModelType.GENERAL
MODEL_INPUT_TYPE = InputType.POINTWISE
eval_type = EvaluatorType.RANKING
single_spec = True
local_rank = 0
device = cuda
valid_neg_sample_args = {'distribution': 'uniform', 'sample_num': 'none'}
test_neg_sample_args = {'distribution': 'uniform', 'sample_num': 'none'}


/home/g064474/.local/lib/python3.11/site-packages/recbole/data/dataset/dataset.py:648: FutureWarning: A value is trying to be set on a copy of a DataFrame or Series through chained assignment using an inplace method.
The behavior will change in pandas 3.0. This inplace method will never work because the intermediate object on which we are setting values always behaves as a copy.

For example, when doing 'df[col].method(value, inplace=True)', try using 'df.method({col: value}, inplace=True)' or df[col] = df[col].method(value) instead, to perform the operation inplace on the original object.


  feat[field].fillna(value=0, inplace=True)
/home/g064474/.local/lib/python3.11/site-packages/recbole/data/dataset/dataset.py:650: FutureWarning: A value is trying to be set on a copy of a DataFrame or Series through chained assignment using an inplace method.
The behavior will change in pandas 3.0. This inplace method will never work because the intermediate object on which we are setting values always behaves as a copy.

For example, when doing 'df[col].method(value, inplace=True)', try using 'df.method({col: value}, inplace=True)' or df[col] = df[col].method(value) instead, to perform the operation inplace on the original object.


  feat[field].fillna(value=feat[field].mean(), inplace=True)
25 Jan 11:59    INFO  movielens-32m-STRATIFIED_USER
The number of users: 200949
Average actions of users: 159.24619304496684
The number of items: 84433
Average actions of items: 379.0056376729202
The number of inters: 32000204
The sparsity of the dataset: 99.81139435934494%
Remain Fields: ['user_id', 'item_id', 'rating']
25 Jan 12:01    INFO  [Training]: train_batch_size = [4096] train_neg_sample_args: [{'distribution': 'uniform', 'sample_num': 1, 'alpha': 1.0, 'dynamic': False, 'candidate_num': 0}]
25 Jan 12:01    INFO  [Evaluation]: eval_batch_size = [4096] eval_args: [{'split': {'RS': [0.8, 0.1, 0.1]}, 'order': 'RO', 'group_by': 'user', 'mode': {'valid': 'full', 'test': 'full'}}]
25 Jan 12:01    INFO  NeuMF(
  (user_mf_embedding): Embedding(200949, 32)
  (item_mf_embedding): Embedding(84433, 32)
  (user_mlp_embedding): Embedding(200949, 32)
  (item_mlp_embedding): Embedding(84433, 32)
  (mlp_layers): MLPLayers(
    (mlp_layers): Sequential(
      (0): Dropout(p=0.1, inplace=False)
      (1): Linear(in_features=64, out_features=128, bias=True)
      (2): ReLU()
      (3): Dropout(p=0.1, inplace=False)
      (4): Linear(in_features=128, out_features=64, bias=True)
      (5): ReLU()
    )
  )
  (predict_layer): Linear(in_features=96, out_features=1, bias=True)
  (sigmoid): Sigmoid()
  (loss): BCEWithLogitsLoss()
)
Trainable parameters: 18281121
25 Jan 12:01    INFO  FLOPs: 16608.0
/home/g064474/.local/lib/python3.11/site-packages/recbole/trainer/trainer.py:235: FutureWarning: `torch.cuda.amp.GradScaler(args...)` is deprecated. Please use `torch.amp.GradScaler('cuda', args...)` instead.
  scaler = amp.GradScaler(enabled=self.enable_scaler)
25 Jan 12:02    INFO  epoch 0 training [time: 44.07s, train loss: 2803.5580]
25 Jan 12:28    INFO  epoch 0 evaluating [time: 1609.42s, valid_score: 0.101144]
25 Jan 12:28    INFO  valid result: 
ndcg@10 : 0.1011441311
25 Jan 12:55    INFO  The running environment of this training is as follows:
+-------------+------------------+
| Environment |      Usage       |
+=============+==================+
| CPU         |      0.00 %      |
+-------------+------------------+
| GPU         |  0.29 G/15.77 G  |
+-------------+------------------+
| Memory      | 12.68 G/251.74 G |
+-------------+------------------+
25 Jan 12:55    INFO  best valid : OrderedDict([('ndcg@10', 0.1011441311)])
25 Jan 12:55    INFO  test result: OrderedDict([('ndcg@10', 0.1170975527)])
25 Jan 12:56    INFO  ['/mnt/source/run.py']
25 Jan 12:56    INFO  
General Hyper Parameters:
gpu_id = 0
use_gpu = True
seed = 42
state = INFO
reproducibility = True
data_path = /mnt/artifacts/recbole/datasets/music4all-50m-STRATIFIED_USER
checkpoint_dir = /mnt/artifacts/recbole/checkpoints
show_progress = False
save_dataset = False
dataset_save_path = None
save_dataloaders = False
dataloaders_save_path = None
log_wandb = False

Training Hyper Parameters:
epochs = 1
train_batch_size = 4096
learner = sgd
learning_rate = 1.0
train_neg_sample_args = {'distribution': 'uniform', 'sample_num': 1, 'alpha': 1.0, 'dynamic': False, 'candidate_num': 0}
eval_step = 4
stopping_step = 2
clip_grad_norm = None
weight_decay = 0.0
loss_decimal_place = 4

Evaluation Hyper Parameters:
eval_args = {'split': {'RS': [0.8, 0.1, 0.1]}, 'order': 'RO', 'group_by': 'user', 'mode': {'valid': 'full', 'test': 'full'}}
repeatable = False
metrics = ['NDCG']
topk = [10]
valid_metric = NDCG@10
valid_metric_bigger = True
eval_batch_size = 4096
metric_decimal_place = 10

Dataset Hyper Parameters:
field_separator = ,
seq_separator = 

USER_ID_FIELD = user_id
ITEM_ID_FIELD = item_id
RATING_FIELD = rating
TIME_FIELD = None
seq_len = None
LABEL_FIELD = label
threshold = None
NEG_PREFIX = neg_
load_col = None
unload_col = None
unused_col = None
additional_feat_suffix = None
rm_dup_inter = None
val_interval = None
filter_inter_by_user_or_item = True
user_inter_num_interval = [0,inf)
item_inter_num_interval = [0,inf)
alias_of_user_id = None
alias_of_item_id = None
alias_of_entity_id = None
alias_of_relation_id = None
preload_weight = None
normalize_field = None
normalize_all = None
ITEM_LIST_LENGTH_FIELD = item_length
LIST_SUFFIX = _list
MAX_ITEM_LIST_LENGTH = 50
POSITION_FIELD = position_id
HEAD_ENTITY_ID_FIELD = head_id
TAIL_ENTITY_ID_FIELD = tail_id
RELATION_ID_FIELD = relation_id
ENTITY_ID_FIELD = entity_id
benchmark_filename = None

Other Hyper Parameters: 
worker = 4
wandb_project = recbole
shuffle = True
require_pow = False
enable_amp = False
enable_scaler = False
transform = None
mf_embedding_size = 32
mlp_embedding_size = 32
mlp_hidden_size = [128, 64]
dropout_prob = 0.1
mf_train = True
mlp_train = True
use_pretrain = False
mf_pretrain_path = None
mlp_pretrain_path = None
numerical_features = []
discretization = None
kg_reverse_r = False
entity_kg_num_interval = [0,inf)
relation_kg_num_interval = [0,inf)
MODEL_TYPE = ModelType.GENERAL
MODEL_INPUT_TYPE = InputType.POINTWISE
eval_type = EvaluatorType.RANKING
single_spec = True
local_rank = 0
device = cuda
valid_neg_sample_args = {'distribution': 'uniform', 'sample_num': 'none'}
test_neg_sample_args = {'distribution': 'uniform', 'sample_num': 'none'}


/home/g064474/.local/lib/python3.11/site-packages/recbole/data/dataset/dataset.py:648: FutureWarning: A value is trying to be set on a copy of a DataFrame or Series through chained assignment using an inplace method.
The behavior will change in pandas 3.0. This inplace method will never work because the intermediate object on which we are setting values always behaves as a copy.

For example, when doing 'df[col].method(value, inplace=True)', try using 'df.method({col: value}, inplace=True)' or df[col] = df[col].method(value) instead, to perform the operation inplace on the original object.


  feat[field].fillna(value=0, inplace=True)
/home/g064474/.local/lib/python3.11/site-packages/recbole/data/dataset/dataset.py:650: FutureWarning: A value is trying to be set on a copy of a DataFrame or Series through chained assignment using an inplace method.
The behavior will change in pandas 3.0. This inplace method will never work because the intermediate object on which we are setting values always behaves as a copy.

For example, when doing 'df[col].method(value, inplace=True)', try using 'df.method({col: value}, inplace=True)' or df[col] = df[col].method(value) instead, to perform the operation inplace on the original object.


  feat[field].fillna(value=feat[field].mean(), inplace=True)
25 Jan 12:58    INFO  music4all-50m-STRATIFIED_USER
The number of users: 119141
Average actions of users: 419.67433271781096
The number of items: 56513
Average actions of items: 884.7678369195924
The number of inters: 50000000
The sparsity of the dataset: 99.25739067078997%
Remain Fields: ['user_id', 'item_id', 'rating']
25 Jan 13:00    INFO  [Training]: train_batch_size = [4096] train_neg_sample_args: [{'distribution': 'uniform', 'sample_num': 1, 'alpha': 1.0, 'dynamic': False, 'candidate_num': 0}]
25 Jan 13:00    INFO  [Evaluation]: eval_batch_size = [4096] eval_args: [{'split': {'RS': [0.8, 0.1, 0.1]}, 'order': 'RO', 'group_by': 'user', 'mode': {'valid': 'full', 'test': 'full'}}]
25 Jan 13:00    INFO  NeuMF(
  (user_mf_embedding): Embedding(119141, 32)
  (item_mf_embedding): Embedding(56513, 32)
  (user_mlp_embedding): Embedding(119141, 32)
  (item_mlp_embedding): Embedding(56513, 32)
  (mlp_layers): MLPLayers(
    (mlp_layers): Sequential(
      (0): Dropout(p=0.1, inplace=False)
      (1): Linear(in_features=64, out_features=128, bias=True)
      (2): ReLU()
      (3): Dropout(p=0.1, inplace=False)
      (4): Linear(in_features=128, out_features=64, bias=True)
      (5): ReLU()
    )
  )
  (predict_layer): Linear(in_features=96, out_features=1, bias=True)
  (sigmoid): Sigmoid()
  (loss): BCEWithLogitsLoss()
)
Trainable parameters: 11258529
25 Jan 13:00    INFO  FLOPs: 16608.0
/home/g064474/.local/lib/python3.11/site-packages/recbole/trainer/trainer.py:235: FutureWarning: `torch.cuda.amp.GradScaler(args...)` is deprecated. Please use `torch.amp.GradScaler('cuda', args...)` instead.
  scaler = amp.GradScaler(enabled=self.enable_scaler)
25 Jan 13:01    INFO  epoch 0 training [time: 68.34s, train loss: 10951.6747]
25 Jan 13:13    INFO  epoch 0 evaluating [time: 682.32s, valid_score: 0.025967]
25 Jan 13:13    INFO  valid result: 
ndcg@10 : 0.0259665515
25 Jan 13:24    INFO  The running environment of this training is as follows:
+-------------+------------------+
| Environment |      Usage       |
+=============+==================+
| CPU         |      0.00 %      |
+-------------+------------------+
| GPU         |  0.29 G/15.77 G  |
+-------------+------------------+
| Memory      | 16.88 G/251.74 G |
+-------------+------------------+
25 Jan 13:24    INFO  best valid : OrderedDict([('ndcg@10', 0.0259665515)])
25 Jan 13:24    INFO  test result: OrderedDict([('ndcg@10', 0.0280324545)])
25 Jan 13:25    INFO  ['/mnt/source/run.py']
25 Jan 13:25    INFO  
General Hyper Parameters:
gpu_id = 0
use_gpu = True
seed = 42
state = INFO
reproducibility = True
data_path = /mnt/artifacts/recbole/datasets/netflix-50m-STRATIFIED_USER
checkpoint_dir = /mnt/artifacts/recbole/checkpoints
show_progress = False
save_dataset = False
dataset_save_path = None
save_dataloaders = False
dataloaders_save_path = None
log_wandb = False

Training Hyper Parameters:
epochs = 1
train_batch_size = 4096
learner = sgd
learning_rate = 1.0
train_neg_sample_args = {'distribution': 'uniform', 'sample_num': 1, 'alpha': 1.0, 'dynamic': False, 'candidate_num': 0}
eval_step = 4
stopping_step = 2
clip_grad_norm = None
weight_decay = 0.0
loss_decimal_place = 4

Evaluation Hyper Parameters:
eval_args = {'split': {'RS': [0.8, 0.1, 0.1]}, 'order': 'RO', 'group_by': 'user', 'mode': {'valid': 'full', 'test': 'full'}}
repeatable = False
metrics = ['NDCG']
topk = [10]
valid_metric = NDCG@10
valid_metric_bigger = True
eval_batch_size = 4096
metric_decimal_place = 10

Dataset Hyper Parameters:
field_separator = ,
seq_separator = 

USER_ID_FIELD = user_id
ITEM_ID_FIELD = item_id
RATING_FIELD = rating
TIME_FIELD = None
seq_len = None
LABEL_FIELD = label
threshold = None
NEG_PREFIX = neg_
load_col = None
unload_col = None
unused_col = None
additional_feat_suffix = None
rm_dup_inter = None
val_interval = None
filter_inter_by_user_or_item = True
user_inter_num_interval = [0,inf)
item_inter_num_interval = [0,inf)
alias_of_user_id = None
alias_of_item_id = None
alias_of_entity_id = None
alias_of_relation_id = None
preload_weight = None
normalize_field = None
normalize_all = None
ITEM_LIST_LENGTH_FIELD = item_length
LIST_SUFFIX = _list
MAX_ITEM_LIST_LENGTH = 50
POSITION_FIELD = position_id
HEAD_ENTITY_ID_FIELD = head_id
TAIL_ENTITY_ID_FIELD = tail_id
RELATION_ID_FIELD = relation_id
ENTITY_ID_FIELD = entity_id
benchmark_filename = None

Other Hyper Parameters: 
worker = 4
wandb_project = recbole
shuffle = True
require_pow = False
enable_amp = False
enable_scaler = False
transform = None
mf_embedding_size = 32
mlp_embedding_size = 32
mlp_hidden_size = [128, 64]
dropout_prob = 0.1
mf_train = True
mlp_train = True
use_pretrain = False
mf_pretrain_path = None
mlp_pretrain_path = None
numerical_features = []
discretization = None
kg_reverse_r = False
entity_kg_num_interval = [0,inf)
relation_kg_num_interval = [0,inf)
MODEL_TYPE = ModelType.GENERAL
MODEL_INPUT_TYPE = InputType.POINTWISE
eval_type = EvaluatorType.RANKING
single_spec = True
local_rank = 0
device = cuda
valid_neg_sample_args = {'distribution': 'uniform', 'sample_num': 'none'}
test_neg_sample_args = {'distribution': 'uniform', 'sample_num': 'none'}


/home/g064474/.local/lib/python3.11/site-packages/recbole/data/dataset/dataset.py:648: FutureWarning: A value is trying to be set on a copy of a DataFrame or Series through chained assignment using an inplace method.
The behavior will change in pandas 3.0. This inplace method will never work because the intermediate object on which we are setting values always behaves as a copy.

For example, when doing 'df[col].method(value, inplace=True)', try using 'df.method({col: value}, inplace=True)' or df[col] = df[col].method(value) instead, to perform the operation inplace on the original object.


  feat[field].fillna(value=0, inplace=True)
/home/g064474/.local/lib/python3.11/site-packages/recbole/data/dataset/dataset.py:650: FutureWarning: A value is trying to be set on a copy of a DataFrame or Series through chained assignment using an inplace method.
The behavior will change in pandas 3.0. This inplace method will never work because the intermediate object on which we are setting values always behaves as a copy.

For example, when doing 'df[col].method(value, inplace=True)', try using 'df.method({col: value}, inplace=True)' or df[col] = df[col].method(value) instead, to perform the operation inplace on the original object.


  feat[field].fillna(value=feat[field].mean(), inplace=True)
25 Jan 13:29    INFO  netflix-50m-STRATIFIED_USER
The number of users: 480049
Average actions of users: 104.15625104156251
The number of items: 17771
Average actions of items: 2813.7310073157005
The number of inters: 50000000
The sparsity of the dataset: 99.41389885728704%
Remain Fields: ['user_id', 'item_id', 'rating']
25 Jan 13:32    INFO  [Training]: train_batch_size = [4096] train_neg_sample_args: [{'distribution': 'uniform', 'sample_num': 1, 'alpha': 1.0, 'dynamic': False, 'candidate_num': 0}]
25 Jan 13:32    INFO  [Evaluation]: eval_batch_size = [4096] eval_args: [{'split': {'RS': [0.8, 0.1, 0.1]}, 'order': 'RO', 'group_by': 'user', 'mode': {'valid': 'full', 'test': 'full'}}]
25 Jan 13:32    INFO  NeuMF(
  (user_mf_embedding): Embedding(480049, 32)
  (item_mf_embedding): Embedding(17771, 32)
  (user_mlp_embedding): Embedding(480049, 32)
  (item_mlp_embedding): Embedding(17771, 32)
  (mlp_layers): MLPLayers(
    (mlp_layers): Sequential(
      (0): Dropout(p=0.1, inplace=False)
      (1): Linear(in_features=64, out_features=128, bias=True)
      (2): ReLU()
      (3): Dropout(p=0.1, inplace=False)
      (4): Linear(in_features=128, out_features=64, bias=True)
      (5): ReLU()
    )
  )
  (predict_layer): Linear(in_features=96, out_features=1, bias=True)
  (sigmoid): Sigmoid()
  (loss): BCEWithLogitsLoss()
)
Trainable parameters: 31877153
25 Jan 13:32    INFO  FLOPs: 16608.0
/home/g064474/.local/lib/python3.11/site-packages/recbole/trainer/trainer.py:235: FutureWarning: `torch.cuda.amp.GradScaler(args...)` is deprecated. Please use `torch.amp.GradScaler('cuda', args...)` instead.
  scaler = amp.GradScaler(enabled=self.enable_scaler)
25 Jan 13:33    INFO  epoch 0 training [time: 71.96s, train loss: 7220.7398]
25 Jan 13:57    INFO  epoch 0 evaluating [time: 1450.36s, valid_score: 0.039695]
25 Jan 13:57    INFO  valid result: 
ndcg@10 : 0.0396946208
25 Jan 14:21    INFO  The running environment of this training is as follows:
+-------------+------------------+
| Environment |      Usage       |
+=============+==================+
| CPU         |      0.00 %      |
+-------------+------------------+
| GPU         |  1.10 G/15.77 G  |
+-------------+------------------+
| Memory      | 18.00 G/251.74 G |
+-------------+------------------+
25 Jan 14:21    INFO  best valid : OrderedDict([('ndcg@10', 0.0396946208)])
25 Jan 14:21    INFO  test result: OrderedDict([('ndcg@10', 0.0409483954)])
25 Jan 14:23    INFO  ['/mnt/source/run.py']
25 Jan 14:23    INFO  
General Hyper Parameters:
gpu_id = 0
use_gpu = True
seed = 42
state = INFO
reproducibility = True
data_path = /mnt/artifacts/recbole/datasets/yahoo-50m-STRATIFIED_USER
checkpoint_dir = /mnt/artifacts/recbole/checkpoints
show_progress = False
save_dataset = False
dataset_save_path = None
save_dataloaders = False
dataloaders_save_path = None
log_wandb = False

Training Hyper Parameters:
epochs = 1
train_batch_size = 4096
learner = sgd
learning_rate = 1.0
train_neg_sample_args = {'distribution': 'uniform', 'sample_num': 1, 'alpha': 1.0, 'dynamic': False, 'candidate_num': 0}
eval_step = 4
stopping_step = 2
clip_grad_norm = None
weight_decay = 0.0
loss_decimal_place = 4

Evaluation Hyper Parameters:
eval_args = {'split': {'RS': [0.8, 0.1, 0.1]}, 'order': 'RO', 'group_by': 'user', 'mode': {'valid': 'full', 'test': 'full'}}
repeatable = False
metrics = ['NDCG']
topk = [10]
valid_metric = NDCG@10
valid_metric_bigger = True
eval_batch_size = 4096
metric_decimal_place = 10

Dataset Hyper Parameters:
field_separator = ,
seq_separator = 

USER_ID_FIELD = user_id
ITEM_ID_FIELD = item_id
RATING_FIELD = rating
TIME_FIELD = None
seq_len = None
LABEL_FIELD = label
threshold = None
NEG_PREFIX = neg_
load_col = None
unload_col = None
unused_col = None
additional_feat_suffix = None
rm_dup_inter = None
val_interval = None
filter_inter_by_user_or_item = True
user_inter_num_interval = [0,inf)
item_inter_num_interval = [0,inf)
alias_of_user_id = None
alias_of_item_id = None
alias_of_entity_id = None
alias_of_relation_id = None
preload_weight = None
normalize_field = None
normalize_all = None
ITEM_LIST_LENGTH_FIELD = item_length
LIST_SUFFIX = _list
MAX_ITEM_LIST_LENGTH = 50
POSITION_FIELD = position_id
HEAD_ENTITY_ID_FIELD = head_id
TAIL_ENTITY_ID_FIELD = tail_id
RELATION_ID_FIELD = relation_id
ENTITY_ID_FIELD = entity_id
benchmark_filename = None

Other Hyper Parameters: 
worker = 4
wandb_project = recbole
shuffle = True
require_pow = False
enable_amp = False
enable_scaler = False
transform = None
mf_embedding_size = 32
mlp_embedding_size = 32
mlp_hidden_size = [128, 64]
dropout_prob = 0.1
mf_train = True
mlp_train = True
use_pretrain = False
mf_pretrain_path = None
mlp_pretrain_path = None
numerical_features = []
discretization = None
kg_reverse_r = False
entity_kg_num_interval = [0,inf)
relation_kg_num_interval = [0,inf)
MODEL_TYPE = ModelType.GENERAL
MODEL_INPUT_TYPE = InputType.POINTWISE
eval_type = EvaluatorType.RANKING
single_spec = True
local_rank = 0
device = cuda
valid_neg_sample_args = {'distribution': 'uniform', 'sample_num': 'none'}
test_neg_sample_args = {'distribution': 'uniform', 'sample_num': 'none'}


/home/g064474/.local/lib/python3.11/site-packages/recbole/data/dataset/dataset.py:648: FutureWarning: A value is trying to be set on a copy of a DataFrame or Series through chained assignment using an inplace method.
The behavior will change in pandas 3.0. This inplace method will never work because the intermediate object on which we are setting values always behaves as a copy.

For example, when doing 'df[col].method(value, inplace=True)', try using 'df.method({col: value}, inplace=True)' or df[col] = df[col].method(value) instead, to perform the operation inplace on the original object.


  feat[field].fillna(value=0, inplace=True)
/home/g064474/.local/lib/python3.11/site-packages/recbole/data/dataset/dataset.py:650: FutureWarning: A value is trying to be set on a copy of a DataFrame or Series through chained assignment using an inplace method.
The behavior will change in pandas 3.0. This inplace method will never work because the intermediate object on which we are setting values always behaves as a copy.

For example, when doing 'df[col].method(value, inplace=True)', try using 'df.method({col: value}, inplace=True)' or df[col] = df[col].method(value) instead, to perform the operation inplace on the original object.


  feat[field].fillna(value=feat[field].mean(), inplace=True)
25 Jan 14:27    INFO  yahoo-50m-STRATIFIED_USER
The number of users: 1743541
Average actions of users: 28.677288734413892
The number of items: 70895
Average actions of items: 705.2783028182921
The number of inters: 50000000
The sparsity of the dataset: 99.9595496547194%
Remain Fields: ['user_id', 'item_id', 'rating']
25 Jan 14:31    INFO  [Training]: train_batch_size = [4096] train_neg_sample_args: [{'distribution': 'uniform', 'sample_num': 1, 'alpha': 1.0, 'dynamic': False, 'candidate_num': 0}]
25 Jan 14:31    INFO  [Evaluation]: eval_batch_size = [4096] eval_args: [{'split': {'RS': [0.8, 0.1, 0.1]}, 'order': 'RO', 'group_by': 'user', 'mode': {'valid': 'full', 'test': 'full'}}]
25 Jan 14:31    INFO  NeuMF(
  (user_mf_embedding): Embedding(1743541, 32)
  (item_mf_embedding): Embedding(70895, 32)
  (user_mlp_embedding): Embedding(1743541, 32)
  (item_mlp_embedding): Embedding(70895, 32)
  (mlp_layers): MLPLayers(
    (mlp_layers): Sequential(
      (0): Dropout(p=0.1, inplace=False)
      (1): Linear(in_features=64, out_features=128, bias=True)
      (2): ReLU()
      (3): Dropout(p=0.1, inplace=False)
      (4): Linear(in_features=128, out_features=64, bias=True)
      (5): ReLU()
    )
  )
  (predict_layer): Linear(in_features=96, out_features=1, bias=True)
  (sigmoid): Sigmoid()
  (loss): BCEWithLogitsLoss()
)
Trainable parameters: 116140577
25 Jan 14:31    INFO  FLOPs: 16608.0
/home/g064474/.local/lib/python3.11/site-packages/recbole/trainer/trainer.py:235: FutureWarning: `torch.cuda.amp.GradScaler(args...)` is deprecated. Please use `torch.amp.GradScaler('cuda', args...)` instead.
  scaler = amp.GradScaler(enabled=self.enable_scaler)
25 Jan 14:32    INFO  epoch 0 training [time: 91.73s, train loss: 3047.1928]
25 Jan 17:25    INFO  epoch 0 evaluating [time: 10361.55s, valid_score: 0.050538]
25 Jan 17:25    INFO  valid result: 
ndcg@10 : 0.0505378989
25 Jan 20:31    INFO  The running environment of this training is as follows:
+-------------+------------------+
| Environment |      Usage       |
+=============+==================+
| CPU         |      0.00 %      |
+-------------+------------------+
| GPU         |  9.02 G/15.77 G  |
+-------------+------------------+
| Memory      | 22.06 G/251.74 G |
+-------------+------------------+
25 Jan 20:31    INFO  best valid : OrderedDict([('ndcg@10', 0.0505378989)])
25 Jan 20:31    INFO  test result: OrderedDict([('ndcg@10', 0.0518695302)])
25 Jan 20:31    INFO  ['/mnt/source/run.py']
25 Jan 20:31    INFO  
General Hyper Parameters:
gpu_id = 0
use_gpu = True
seed = 42
state = INFO
reproducibility = True
data_path = /mnt/artifacts/recbole/datasets/music4all-50m-STRATIFIED_USER
checkpoint_dir = /mnt/artifacts/recbole/checkpoints
show_progress = False
save_dataset = False
dataset_save_path = None
save_dataloaders = False
dataloaders_save_path = None
log_wandb = False

Training Hyper Parameters:
epochs = 1
train_batch_size = 4096
learner = sgd
learning_rate = 1.0
train_neg_sample_args = {'distribution': 'uniform', 'sample_num': 1, 'alpha': 1.0, 'dynamic': False, 'candidate_num': 0}
eval_step = 4
stopping_step = 2
clip_grad_norm = None
weight_decay = 0.0
loss_decimal_place = 4

Evaluation Hyper Parameters:
eval_args = {'split': {'RS': [0.8, 0.1, 0.1]}, 'order': 'RO', 'group_by': 'user', 'mode': {'valid': 'full', 'test': 'full'}}
repeatable = False
metrics = ['NDCG']
topk = [10]
valid_metric = NDCG@10
valid_metric_bigger = True
eval_batch_size = 4096
metric_decimal_place = 10

Dataset Hyper Parameters:
field_separator = ,
seq_separator = 

USER_ID_FIELD = user_id
ITEM_ID_FIELD = item_id
RATING_FIELD = rating
TIME_FIELD = None
seq_len = None
LABEL_FIELD = label
threshold = None
NEG_PREFIX = neg_
load_col = None
unload_col = None
unused_col = None
additional_feat_suffix = None
rm_dup_inter = None
val_interval = None
filter_inter_by_user_or_item = True
user_inter_num_interval = [0,inf)
item_inter_num_interval = [0,inf)
alias_of_user_id = None
alias_of_item_id = None
alias_of_entity_id = None
alias_of_relation_id = None
preload_weight = None
normalize_field = None
normalize_all = None
ITEM_LIST_LENGTH_FIELD = item_length
LIST_SUFFIX = _list
MAX_ITEM_LIST_LENGTH = 50
POSITION_FIELD = position_id
HEAD_ENTITY_ID_FIELD = head_id
TAIL_ENTITY_ID_FIELD = tail_id
RELATION_ID_FIELD = relation_id
ENTITY_ID_FIELD = entity_id
benchmark_filename = None

Other Hyper Parameters: 
worker = 4
wandb_project = recbole
shuffle = True
require_pow = False
enable_amp = False
enable_scaler = False
transform = None
mf_embedding_size = 32
mlp_embedding_size = 32
mlp_hidden_size = [128, 64]
dropout_prob = 0.1
mf_train = True
mlp_train = True
use_pretrain = False
mf_pretrain_path = None
mlp_pretrain_path = None
numerical_features = []
discretization = None
kg_reverse_r = False
entity_kg_num_interval = [0,inf)
relation_kg_num_interval = [0,inf)
MODEL_TYPE = ModelType.GENERAL
MODEL_INPUT_TYPE = InputType.POINTWISE
eval_type = EvaluatorType.RANKING
single_spec = True
local_rank = 0
device = cuda
valid_neg_sample_args = {'distribution': 'uniform', 'sample_num': 'none'}
test_neg_sample_args = {'distribution': 'uniform', 'sample_num': 'none'}


/home/g064474/.local/lib/python3.11/site-packages/recbole/data/dataset/dataset.py:648: FutureWarning: A value is trying to be set on a copy of a DataFrame or Series through chained assignment using an inplace method.
The behavior will change in pandas 3.0. This inplace method will never work because the intermediate object on which we are setting values always behaves as a copy.

For example, when doing 'df[col].method(value, inplace=True)', try using 'df.method({col: value}, inplace=True)' or df[col] = df[col].method(value) instead, to perform the operation inplace on the original object.


  feat[field].fillna(value=0, inplace=True)
/home/g064474/.local/lib/python3.11/site-packages/recbole/data/dataset/dataset.py:650: FutureWarning: A value is trying to be set on a copy of a DataFrame or Series through chained assignment using an inplace method.
The behavior will change in pandas 3.0. This inplace method will never work because the intermediate object on which we are setting values always behaves as a copy.

For example, when doing 'df[col].method(value, inplace=True)', try using 'df.method({col: value}, inplace=True)' or df[col] = df[col].method(value) instead, to perform the operation inplace on the original object.


  feat[field].fillna(value=feat[field].mean(), inplace=True)
25 Jan 20:34    INFO  music4all-50m-STRATIFIED_USER
The number of users: 119141
Average actions of users: 419.67433271781096
The number of items: 56513
Average actions of items: 884.7678369195924
The number of inters: 50000000
The sparsity of the dataset: 99.25739067078997%
Remain Fields: ['user_id', 'item_id', 'rating']
25 Jan 20:36    INFO  [Training]: train_batch_size = [4096] train_neg_sample_args: [{'distribution': 'uniform', 'sample_num': 1, 'alpha': 1.0, 'dynamic': False, 'candidate_num': 0}]
25 Jan 20:36    INFO  [Evaluation]: eval_batch_size = [4096] eval_args: [{'split': {'RS': [0.8, 0.1, 0.1]}, 'order': 'RO', 'group_by': 'user', 'mode': {'valid': 'full', 'test': 'full'}}]
25 Jan 20:36    INFO  NeuMF(
  (user_mf_embedding): Embedding(119141, 32)
  (item_mf_embedding): Embedding(56513, 32)
  (user_mlp_embedding): Embedding(119141, 32)
  (item_mlp_embedding): Embedding(56513, 32)
  (mlp_layers): MLPLayers(
    (mlp_layers): Sequential(
      (0): Dropout(p=0.1, inplace=False)
      (1): Linear(in_features=64, out_features=128, bias=True)
      (2): ReLU()
      (3): Dropout(p=0.1, inplace=False)
      (4): Linear(in_features=128, out_features=64, bias=True)
      (5): ReLU()
    )
  )
  (predict_layer): Linear(in_features=96, out_features=1, bias=True)
  (sigmoid): Sigmoid()
  (loss): BCEWithLogitsLoss()
)
Trainable parameters: 11258529
25 Jan 20:36    INFO  FLOPs: 16608.0
/home/g064474/.local/lib/python3.11/site-packages/recbole/trainer/trainer.py:235: FutureWarning: `torch.cuda.amp.GradScaler(args...)` is deprecated. Please use `torch.amp.GradScaler('cuda', args...)` instead.
  scaler = amp.GradScaler(enabled=self.enable_scaler)
25 Jan 20:37    INFO  epoch 0 training [time: 69.79s, train loss: 10951.6747]
25 Jan 20:49    INFO  epoch 0 evaluating [time: 691.21s, valid_score: 0.025967]
25 Jan 20:49    INFO  valid result: 
ndcg@10 : 0.0259665515
25 Jan 21:00    INFO  The running environment of this training is as follows:
+-------------+------------------+
| Environment |      Usage       |
+=============+==================+
| CPU         |      0.00 %      |
+-------------+------------------+
| GPU         |  9.02 G/15.77 G  |
+-------------+------------------+
| Memory      | 18.92 G/251.74 G |
+-------------+------------------+
25 Jan 21:00    INFO  best valid : OrderedDict([('ndcg@10', 0.0259665515)])
25 Jan 21:00    INFO  test result: OrderedDict([('ndcg@10', 0.0280324545)])
25 Jan 21:01    INFO  ['/mnt/source/run.py']
25 Jan 21:01    INFO  
General Hyper Parameters:
gpu_id = 0
use_gpu = True
seed = 42
state = INFO
reproducibility = True
data_path = /mnt/artifacts/recbole/datasets/netflix-75m-STRATIFIED_USER
checkpoint_dir = /mnt/artifacts/recbole/checkpoints
show_progress = False
save_dataset = False
dataset_save_path = None
save_dataloaders = False
dataloaders_save_path = None
log_wandb = False

Training Hyper Parameters:
epochs = 1
train_batch_size = 4096
learner = sgd
learning_rate = 1.0
train_neg_sample_args = {'distribution': 'uniform', 'sample_num': 1, 'alpha': 1.0, 'dynamic': False, 'candidate_num': 0}
eval_step = 4
stopping_step = 2
clip_grad_norm = None
weight_decay = 0.0
loss_decimal_place = 4

Evaluation Hyper Parameters:
eval_args = {'split': {'RS': [0.8, 0.1, 0.1]}, 'order': 'RO', 'group_by': 'user', 'mode': {'valid': 'full', 'test': 'full'}}
repeatable = False
metrics = ['NDCG']
topk = [10]
valid_metric = NDCG@10
valid_metric_bigger = True
eval_batch_size = 4096
metric_decimal_place = 10

Dataset Hyper Parameters:
field_separator = ,
seq_separator = 

USER_ID_FIELD = user_id
ITEM_ID_FIELD = item_id
RATING_FIELD = rating
TIME_FIELD = None
seq_len = None
LABEL_FIELD = label
threshold = None
NEG_PREFIX = neg_
load_col = None
unload_col = None
unused_col = None
additional_feat_suffix = None
rm_dup_inter = None
val_interval = None
filter_inter_by_user_or_item = True
user_inter_num_interval = [0,inf)
item_inter_num_interval = [0,inf)
alias_of_user_id = None
alias_of_item_id = None
alias_of_entity_id = None
alias_of_relation_id = None
preload_weight = None
normalize_field = None
normalize_all = None
ITEM_LIST_LENGTH_FIELD = item_length
LIST_SUFFIX = _list
MAX_ITEM_LIST_LENGTH = 50
POSITION_FIELD = position_id
HEAD_ENTITY_ID_FIELD = head_id
TAIL_ENTITY_ID_FIELD = tail_id
RELATION_ID_FIELD = relation_id
ENTITY_ID_FIELD = entity_id
benchmark_filename = None

Other Hyper Parameters: 
worker = 4
wandb_project = recbole
shuffle = True
require_pow = False
enable_amp = False
enable_scaler = False
transform = None
mf_embedding_size = 32
mlp_embedding_size = 32
mlp_hidden_size = [128, 64]
dropout_prob = 0.1
mf_train = True
mlp_train = True
use_pretrain = False
mf_pretrain_path = None
mlp_pretrain_path = None
numerical_features = []
discretization = None
kg_reverse_r = False
entity_kg_num_interval = [0,inf)
relation_kg_num_interval = [0,inf)
MODEL_TYPE = ModelType.GENERAL
MODEL_INPUT_TYPE = InputType.POINTWISE
eval_type = EvaluatorType.RANKING
single_spec = True
local_rank = 0
device = cuda
valid_neg_sample_args = {'distribution': 'uniform', 'sample_num': 'none'}
test_neg_sample_args = {'distribution': 'uniform', 'sample_num': 'none'}


/home/g064474/.local/lib/python3.11/site-packages/recbole/data/dataset/dataset.py:648: FutureWarning: A value is trying to be set on a copy of a DataFrame or Series through chained assignment using an inplace method.
The behavior will change in pandas 3.0. This inplace method will never work because the intermediate object on which we are setting values always behaves as a copy.

For example, when doing 'df[col].method(value, inplace=True)', try using 'df.method({col: value}, inplace=True)' or df[col] = df[col].method(value) instead, to perform the operation inplace on the original object.


  feat[field].fillna(value=0, inplace=True)
/home/g064474/.local/lib/python3.11/site-packages/recbole/data/dataset/dataset.py:650: FutureWarning: A value is trying to be set on a copy of a DataFrame or Series through chained assignment using an inplace method.
The behavior will change in pandas 3.0. This inplace method will never work because the intermediate object on which we are setting values always behaves as a copy.

For example, when doing 'df[col].method(value, inplace=True)', try using 'df.method({col: value}, inplace=True)' or df[col] = df[col].method(value) instead, to perform the operation inplace on the original object.


  feat[field].fillna(value=feat[field].mean(), inplace=True)
25 Jan 21:05    INFO  netflix-75m-STRATIFIED_USER
The number of users: 480115
Average actions of users: 156.21289943638385
The number of items: 17771
Average actions of items: 4220.596510973551
The number of inters: 75000000
The sparsity of the dataset: 99.12096914033653%
Remain Fields: ['user_id', 'item_id', 'rating']
25 Jan 21:09    INFO  [Training]: train_batch_size = [4096] train_neg_sample_args: [{'distribution': 'uniform', 'sample_num': 1, 'alpha': 1.0, 'dynamic': False, 'candidate_num': 0}]
25 Jan 21:09    INFO  [Evaluation]: eval_batch_size = [4096] eval_args: [{'split': {'RS': [0.8, 0.1, 0.1]}, 'order': 'RO', 'group_by': 'user', 'mode': {'valid': 'full', 'test': 'full'}}]
25 Jan 21:09    INFO  NeuMF(
  (user_mf_embedding): Embedding(480115, 32)
  (item_mf_embedding): Embedding(17771, 32)
  (user_mlp_embedding): Embedding(480115, 32)
  (item_mlp_embedding): Embedding(17771, 32)
  (mlp_layers): MLPLayers(
    (mlp_layers): Sequential(
      (0): Dropout(p=0.1, inplace=False)
      (1): Linear(in_features=64, out_features=128, bias=True)
      (2): ReLU()
      (3): Dropout(p=0.1, inplace=False)
      (4): Linear(in_features=128, out_features=64, bias=True)
      (5): ReLU()
    )
  )
  (predict_layer): Linear(in_features=96, out_features=1, bias=True)
  (sigmoid): Sigmoid()
  (loss): BCEWithLogitsLoss()
)
Trainable parameters: 31881377
25 Jan 21:09    INFO  FLOPs: 16608.0
/home/g064474/.local/lib/python3.11/site-packages/recbole/trainer/trainer.py:235: FutureWarning: `torch.cuda.amp.GradScaler(args...)` is deprecated. Please use `torch.amp.GradScaler('cuda', args...)` instead.
  scaler = amp.GradScaler(enabled=self.enable_scaler)
25 Jan 21:11    INFO  epoch 0 training [time: 110.94s, train loss: 10244.2993]
25 Jan 21:35    INFO  epoch 0 evaluating [time: 1455.98s, valid_score: 0.059211]
25 Jan 21:35    INFO  valid result: 
ndcg@10 : 0.0592113294
25 Jan 22:01    INFO  The running environment of this training is as follows:
+-------------+------------------+
| Environment |      Usage       |
+=============+==================+
| CPU         |      0.10 %      |
+-------------+------------------+
| GPU         |  9.02 G/15.77 G  |
+-------------+------------------+
| Memory      | 23.90 G/251.74 G |
+-------------+------------------+
25 Jan 22:01    INFO  best valid : OrderedDict([('ndcg@10', 0.0592113294)])
25 Jan 22:01    INFO  test result: OrderedDict([('ndcg@10', 0.0631741882)])
25 Jan 22:02    INFO  ['/mnt/source/run.py']
25 Jan 22:02    INFO  
General Hyper Parameters:
gpu_id = 0
use_gpu = True
seed = 42
state = INFO
reproducibility = True
data_path = /mnt/artifacts/recbole/datasets/yahoo-75m-STRATIFIED_USER
checkpoint_dir = /mnt/artifacts/recbole/checkpoints
show_progress = False
save_dataset = False
dataset_save_path = None
save_dataloaders = False
dataloaders_save_path = None
log_wandb = False

Training Hyper Parameters:
epochs = 1
train_batch_size = 4096
learner = sgd
learning_rate = 1.0
train_neg_sample_args = {'distribution': 'uniform', 'sample_num': 1, 'alpha': 1.0, 'dynamic': False, 'candidate_num': 0}
eval_step = 4
stopping_step = 2
clip_grad_norm = None
weight_decay = 0.0
loss_decimal_place = 4

Evaluation Hyper Parameters:
eval_args = {'split': {'RS': [0.8, 0.1, 0.1]}, 'order': 'RO', 'group_by': 'user', 'mode': {'valid': 'full', 'test': 'full'}}
repeatable = False
metrics = ['NDCG']
topk = [10]
valid_metric = NDCG@10
valid_metric_bigger = True
eval_batch_size = 4096
metric_decimal_place = 10

Dataset Hyper Parameters:
field_separator = ,
seq_separator = 

USER_ID_FIELD = user_id
ITEM_ID_FIELD = item_id
RATING_FIELD = rating
TIME_FIELD = None
seq_len = None
LABEL_FIELD = label
threshold = None
NEG_PREFIX = neg_
load_col = None
unload_col = None
unused_col = None
additional_feat_suffix = None
rm_dup_inter = None
val_interval = None
filter_inter_by_user_or_item = True
user_inter_num_interval = [0,inf)
item_inter_num_interval = [0,inf)
alias_of_user_id = None
alias_of_item_id = None
alias_of_entity_id = None
alias_of_relation_id = None
preload_weight = None
normalize_field = None
normalize_all = None
ITEM_LIST_LENGTH_FIELD = item_length
LIST_SUFFIX = _list
MAX_ITEM_LIST_LENGTH = 50
POSITION_FIELD = position_id
HEAD_ENTITY_ID_FIELD = head_id
TAIL_ENTITY_ID_FIELD = tail_id
RELATION_ID_FIELD = relation_id
ENTITY_ID_FIELD = entity_id
benchmark_filename = None

Other Hyper Parameters: 
worker = 4
wandb_project = recbole
shuffle = True
require_pow = False
enable_amp = False
enable_scaler = False
transform = None
mf_embedding_size = 32
mlp_embedding_size = 32
mlp_hidden_size = [128, 64]
dropout_prob = 0.1
mf_train = True
mlp_train = True
use_pretrain = False
mf_pretrain_path = None
mlp_pretrain_path = None
numerical_features = []
discretization = None
kg_reverse_r = False
entity_kg_num_interval = [0,inf)
relation_kg_num_interval = [0,inf)
MODEL_TYPE = ModelType.GENERAL
MODEL_INPUT_TYPE = InputType.POINTWISE
eval_type = EvaluatorType.RANKING
single_spec = True
local_rank = 0
device = cuda
valid_neg_sample_args = {'distribution': 'uniform', 'sample_num': 'none'}
test_neg_sample_args = {'distribution': 'uniform', 'sample_num': 'none'}


/home/g064474/.local/lib/python3.11/site-packages/recbole/data/dataset/dataset.py:648: FutureWarning: A value is trying to be set on a copy of a DataFrame or Series through chained assignment using an inplace method.
The behavior will change in pandas 3.0. This inplace method will never work because the intermediate object on which we are setting values always behaves as a copy.

For example, when doing 'df[col].method(value, inplace=True)', try using 'df.method({col: value}, inplace=True)' or df[col] = df[col].method(value) instead, to perform the operation inplace on the original object.


  feat[field].fillna(value=0, inplace=True)
/home/g064474/.local/lib/python3.11/site-packages/recbole/data/dataset/dataset.py:650: FutureWarning: A value is trying to be set on a copy of a DataFrame or Series through chained assignment using an inplace method.
The behavior will change in pandas 3.0. This inplace method will never work because the intermediate object on which we are setting values always behaves as a copy.

For example, when doing 'df[col].method(value, inplace=True)', try using 'df.method({col: value}, inplace=True)' or df[col] = df[col].method(value) instead, to perform the operation inplace on the original object.


  feat[field].fillna(value=feat[field].mean(), inplace=True)
25 Jan 22:07    INFO  yahoo-75m-STRATIFIED_USER
The number of users: 1948685
Average actions of users: 38.48751259824579
The number of items: 82822
Average actions of items: 905.5674285507299
The number of inters: 75000000
The sparsity of the dataset: 99.95352986785186%
Remain Fields: ['user_id', 'item_id', 'rating']
25 Jan 22:13    INFO  [Training]: train_batch_size = [4096] train_neg_sample_args: [{'distribution': 'uniform', 'sample_num': 1, 'alpha': 1.0, 'dynamic': False, 'candidate_num': 0}]
25 Jan 22:13    INFO  [Evaluation]: eval_batch_size = [4096] eval_args: [{'split': {'RS': [0.8, 0.1, 0.1]}, 'order': 'RO', 'group_by': 'user', 'mode': {'valid': 'full', 'test': 'full'}}]
25 Jan 22:13    INFO  NeuMF(
  (user_mf_embedding): Embedding(1948685, 32)
  (item_mf_embedding): Embedding(82822, 32)
  (user_mlp_embedding): Embedding(1948685, 32)
  (item_mlp_embedding): Embedding(82822, 32)
  (mlp_layers): MLPLayers(
    (mlp_layers): Sequential(
      (0): Dropout(p=0.1, inplace=False)
      (1): Linear(in_features=64, out_features=128, bias=True)
      (2): ReLU()
      (3): Dropout(p=0.1, inplace=False)
      (4): Linear(in_features=128, out_features=64, bias=True)
      (5): ReLU()
    )
  )
  (predict_layer): Linear(in_features=96, out_features=1, bias=True)
  (sigmoid): Sigmoid()
  (loss): BCEWithLogitsLoss()
)
Trainable parameters: 130033121
25 Jan 22:13    INFO  FLOPs: 16608.0
/home/g064474/.local/lib/python3.11/site-packages/recbole/trainer/trainer.py:235: FutureWarning: `torch.cuda.amp.GradScaler(args...)` is deprecated. Please use `torch.amp.GradScaler('cuda', args...)` instead.
  scaler = amp.GradScaler(enabled=self.enable_scaler)
25 Jan 22:16    INFO  epoch 0 training [time: 144.79s, train loss: 3863.7469]
26 Jan 01:49    INFO  epoch 0 evaluating [time: 12776.90s, valid_score: 0.064724]
26 Jan 01:49    INFO  valid result: 
ndcg@10 : 0.0647239218
26 Jan 05:28    INFO  The running environment of this training is as follows:
+-------------+------------------+
| Environment |      Usage       |
+=============+==================+
| CPU         |      0.20 %      |
+-------------+------------------+
| GPU         |  9.95 G/15.77 G  |
+-------------+------------------+
| Memory      | 27.80 G/251.74 G |
+-------------+------------------+
26 Jan 05:28    INFO  best valid : OrderedDict([('ndcg@10', 0.0647239218)])
26 Jan 05:28    INFO  test result: OrderedDict([('ndcg@10', 0.0666566983)])
26 Jan 05:30    INFO  ['/mnt/source/run.py']
26 Jan 05:30    INFO  
General Hyper Parameters:
gpu_id = 0
use_gpu = True
seed = 42
state = INFO
reproducibility = True
data_path = /mnt/artifacts/recbole/datasets/netflix-100m-STRATIFIED_USER
checkpoint_dir = /mnt/artifacts/recbole/checkpoints
show_progress = False
save_dataset = False
dataset_save_path = None
save_dataloaders = False
dataloaders_save_path = None
log_wandb = False

Training Hyper Parameters:
epochs = 1
train_batch_size = 4096
learner = sgd
learning_rate = 1.0
train_neg_sample_args = {'distribution': 'uniform', 'sample_num': 1, 'alpha': 1.0, 'dynamic': False, 'candidate_num': 0}
eval_step = 4
stopping_step = 2
clip_grad_norm = None
weight_decay = 0.0
loss_decimal_place = 4

Evaluation Hyper Parameters:
eval_args = {'split': {'RS': [0.8, 0.1, 0.1]}, 'order': 'RO', 'group_by': 'user', 'mode': {'valid': 'full', 'test': 'full'}}
repeatable = False
metrics = ['NDCG']
topk = [10]
valid_metric = NDCG@10
valid_metric_bigger = True
eval_batch_size = 4096
metric_decimal_place = 10

Dataset Hyper Parameters:
field_separator = ,
seq_separator = 

USER_ID_FIELD = user_id
ITEM_ID_FIELD = item_id
RATING_FIELD = rating
TIME_FIELD = None
seq_len = None
LABEL_FIELD = label
threshold = None
NEG_PREFIX = neg_
load_col = None
unload_col = None
unused_col = None
additional_feat_suffix = None
rm_dup_inter = None
val_interval = None
filter_inter_by_user_or_item = True
user_inter_num_interval = [0,inf)
item_inter_num_interval = [0,inf)
alias_of_user_id = None
alias_of_item_id = None
alias_of_entity_id = None
alias_of_relation_id = None
preload_weight = None
normalize_field = None
normalize_all = None
ITEM_LIST_LENGTH_FIELD = item_length
LIST_SUFFIX = _list
MAX_ITEM_LIST_LENGTH = 50
POSITION_FIELD = position_id
HEAD_ENTITY_ID_FIELD = head_id
TAIL_ENTITY_ID_FIELD = tail_id
RELATION_ID_FIELD = relation_id
ENTITY_ID_FIELD = entity_id
benchmark_filename = None

Other Hyper Parameters: 
worker = 4
wandb_project = recbole
shuffle = True
require_pow = False
enable_amp = False
enable_scaler = False
transform = None
mf_embedding_size = 32
mlp_embedding_size = 32
mlp_hidden_size = [128, 64]
dropout_prob = 0.1
mf_train = True
mlp_train = True
use_pretrain = False
mf_pretrain_path = None
mlp_pretrain_path = None
numerical_features = []
discretization = None
kg_reverse_r = False
entity_kg_num_interval = [0,inf)
relation_kg_num_interval = [0,inf)
MODEL_TYPE = ModelType.GENERAL
MODEL_INPUT_TYPE = InputType.POINTWISE
eval_type = EvaluatorType.RANKING
single_spec = True
local_rank = 0
device = cuda
valid_neg_sample_args = {'distribution': 'uniform', 'sample_num': 'none'}
test_neg_sample_args = {'distribution': 'uniform', 'sample_num': 'none'}


/home/g064474/.local/lib/python3.11/site-packages/recbole/data/dataset/dataset.py:648: FutureWarning: A value is trying to be set on a copy of a DataFrame or Series through chained assignment using an inplace method.
The behavior will change in pandas 3.0. This inplace method will never work because the intermediate object on which we are setting values always behaves as a copy.

For example, when doing 'df[col].method(value, inplace=True)', try using 'df.method({col: value}, inplace=True)' or df[col] = df[col].method(value) instead, to perform the operation inplace on the original object.


  feat[field].fillna(value=0, inplace=True)
/home/g064474/.local/lib/python3.11/site-packages/recbole/data/dataset/dataset.py:650: FutureWarning: A value is trying to be set on a copy of a DataFrame or Series through chained assignment using an inplace method.
The behavior will change in pandas 3.0. This inplace method will never work because the intermediate object on which we are setting values always behaves as a copy.

For example, when doing 'df[col].method(value, inplace=True)', try using 'df.method({col: value}, inplace=True)' or df[col] = df[col].method(value) instead, to perform the operation inplace on the original object.


  feat[field].fillna(value=feat[field].mean(), inplace=True)
26 Jan 05:36    INFO  netflix-100m-STRATIFIED_USER
The number of users: 480190
Average actions of users: 208.25133437042498
The number of items: 17771
Average actions of items: 5627.462014631401
The number of inters: 100000000
The sparsity of the dataset: 98.82814191275028%
Remain Fields: ['user_id', 'item_id', 'rating']
26 Jan 05:42    INFO  [Training]: train_batch_size = [4096] train_neg_sample_args: [{'distribution': 'uniform', 'sample_num': 1, 'alpha': 1.0, 'dynamic': False, 'candidate_num': 0}]
26 Jan 05:42    INFO  [Evaluation]: eval_batch_size = [4096] eval_args: [{'split': {'RS': [0.8, 0.1, 0.1]}, 'order': 'RO', 'group_by': 'user', 'mode': {'valid': 'full', 'test': 'full'}}]
26 Jan 05:42    INFO  NeuMF(
  (user_mf_embedding): Embedding(480190, 32)
  (item_mf_embedding): Embedding(17771, 32)
  (user_mlp_embedding): Embedding(480190, 32)
  (item_mlp_embedding): Embedding(17771, 32)
  (mlp_layers): MLPLayers(
    (mlp_layers): Sequential(
      (0): Dropout(p=0.1, inplace=False)
      (1): Linear(in_features=64, out_features=128, bias=True)
      (2): ReLU()
      (3): Dropout(p=0.1, inplace=False)
      (4): Linear(in_features=128, out_features=64, bias=True)
      (5): ReLU()
    )
  )
  (predict_layer): Linear(in_features=96, out_features=1, bias=True)
  (sigmoid): Sigmoid()
  (loss): BCEWithLogitsLoss()
)
Trainable parameters: 31886177
26 Jan 05:42    INFO  FLOPs: 16608.0
/home/g064474/.local/lib/python3.11/site-packages/recbole/trainer/trainer.py:235: FutureWarning: `torch.cuda.amp.GradScaler(args...)` is deprecated. Please use `torch.amp.GradScaler('cuda', args...)` instead.
  scaler = amp.GradScaler(enabled=self.enable_scaler)
26 Jan 05:44    INFO  epoch 0 training [time: 139.72s, train loss: 13241.7245]
26 Jan 06:09    INFO  epoch 0 evaluating [time: 1500.18s, valid_score: 0.093652]
26 Jan 06:09    INFO  valid result: 
ndcg@10 : 0.093652448
26 Jan 06:34    INFO  The running environment of this training is as follows:
+-------------+------------------+
| Environment |      Usage       |
+=============+==================+
| CPU         |      0.00 %      |
+-------------+------------------+
| GPU         |  9.95 G/15.77 G  |
+-------------+------------------+
| Memory      | 29.74 G/251.74 G |
+-------------+------------------+
26 Jan 06:34    INFO  best valid : OrderedDict([('ndcg@10', 0.093652448)])
26 Jan 06:34    INFO  test result: OrderedDict([('ndcg@10', 0.1112325573)])
26 Jan 06:36    INFO  ['/mnt/source/run.py']
26 Jan 06:36    INFO  
General Hyper Parameters:
gpu_id = 0
use_gpu = True
seed = 42
state = INFO
reproducibility = True
data_path = /mnt/artifacts/recbole/datasets/yahoo-100m-STRATIFIED_USER
checkpoint_dir = /mnt/artifacts/recbole/checkpoints
show_progress = False
save_dataset = False
dataset_save_path = None
save_dataloaders = False
dataloaders_save_path = None
log_wandb = False

Training Hyper Parameters:
epochs = 1
train_batch_size = 4096
learner = sgd
learning_rate = 1.0
train_neg_sample_args = {'distribution': 'uniform', 'sample_num': 1, 'alpha': 1.0, 'dynamic': False, 'candidate_num': 0}
eval_step = 4
stopping_step = 2
clip_grad_norm = None
weight_decay = 0.0
loss_decimal_place = 4

Evaluation Hyper Parameters:
eval_args = {'split': {'RS': [0.8, 0.1, 0.1]}, 'order': 'RO', 'group_by': 'user', 'mode': {'valid': 'full', 'test': 'full'}}
repeatable = False
metrics = ['NDCG']
topk = [10]
valid_metric = NDCG@10
valid_metric_bigger = True
eval_batch_size = 4096
metric_decimal_place = 10

Dataset Hyper Parameters:
field_separator = ,
seq_separator = 

USER_ID_FIELD = user_id
ITEM_ID_FIELD = item_id
RATING_FIELD = rating
TIME_FIELD = None
seq_len = None
LABEL_FIELD = label
threshold = None
NEG_PREFIX = neg_
load_col = None
unload_col = None
unused_col = None
additional_feat_suffix = None
rm_dup_inter = None
val_interval = None
filter_inter_by_user_or_item = True
user_inter_num_interval = [0,inf)
item_inter_num_interval = [0,inf)
alias_of_user_id = None
alias_of_item_id = None
alias_of_entity_id = None
alias_of_relation_id = None
preload_weight = None
normalize_field = None
normalize_all = None
ITEM_LIST_LENGTH_FIELD = item_length
LIST_SUFFIX = _list
MAX_ITEM_LIST_LENGTH = 50
POSITION_FIELD = position_id
HEAD_ENTITY_ID_FIELD = head_id
TAIL_ENTITY_ID_FIELD = tail_id
RELATION_ID_FIELD = relation_id
ENTITY_ID_FIELD = entity_id
benchmark_filename = None

Other Hyper Parameters: 
worker = 4
wandb_project = recbole
shuffle = True
require_pow = False
enable_amp = False
enable_scaler = False
transform = None
mf_embedding_size = 32
mlp_embedding_size = 32
mlp_hidden_size = [128, 64]
dropout_prob = 0.1
mf_train = True
mlp_train = True
use_pretrain = False
mf_pretrain_path = None
mlp_pretrain_path = None
numerical_features = []
discretization = None
kg_reverse_r = False
entity_kg_num_interval = [0,inf)
relation_kg_num_interval = [0,inf)
MODEL_TYPE = ModelType.GENERAL
MODEL_INPUT_TYPE = InputType.POINTWISE
eval_type = EvaluatorType.RANKING
single_spec = True
local_rank = 0
device = cuda
valid_neg_sample_args = {'distribution': 'uniform', 'sample_num': 'none'}
test_neg_sample_args = {'distribution': 'uniform', 'sample_num': 'none'}


/home/g064474/.local/lib/python3.11/site-packages/recbole/data/dataset/dataset.py:648: FutureWarning: A value is trying to be set on a copy of a DataFrame or Series through chained assignment using an inplace method.
The behavior will change in pandas 3.0. This inplace method will never work because the intermediate object on which we are setting values always behaves as a copy.

For example, when doing 'df[col].method(value, inplace=True)', try using 'df.method({col: value}, inplace=True)' or df[col] = df[col].method(value) instead, to perform the operation inplace on the original object.


  feat[field].fillna(value=0, inplace=True)
/home/g064474/.local/lib/python3.11/site-packages/recbole/data/dataset/dataset.py:650: FutureWarning: A value is trying to be set on a copy of a DataFrame or Series through chained assignment using an inplace method.
The behavior will change in pandas 3.0. This inplace method will never work because the intermediate object on which we are setting values always behaves as a copy.

For example, when doing 'df[col].method(value, inplace=True)', try using 'df.method({col: value}, inplace=True)' or df[col] = df[col].method(value) instead, to perform the operation inplace on the original object.


  feat[field].fillna(value=feat[field].mean(), inplace=True)
26 Jan 06:44    INFO  yahoo-100m-STRATIFIED_USER
The number of users: 1948812
Average actions of users: 51.31333926173446
The number of items: 92702
Average actions of items: 1078.7370147031854
The number of inters: 100000000
The sparsity of the dataset: 99.94464702710711%
Remain Fields: ['user_id', 'item_id', 'rating']
26 Jan 06:50    INFO  [Training]: train_batch_size = [4096] train_neg_sample_args: [{'distribution': 'uniform', 'sample_num': 1, 'alpha': 1.0, 'dynamic': False, 'candidate_num': 0}]
26 Jan 06:50    INFO  [Evaluation]: eval_batch_size = [4096] eval_args: [{'split': {'RS': [0.8, 0.1, 0.1]}, 'order': 'RO', 'group_by': 'user', 'mode': {'valid': 'full', 'test': 'full'}}]
26 Jan 06:50    INFO  NeuMF(
  (user_mf_embedding): Embedding(1948812, 32)
  (item_mf_embedding): Embedding(92702, 32)
  (user_mlp_embedding): Embedding(1948812, 32)
  (item_mlp_embedding): Embedding(92702, 32)
  (mlp_layers): MLPLayers(
    (mlp_layers): Sequential(
      (0): Dropout(p=0.1, inplace=False)
      (1): Linear(in_features=64, out_features=128, bias=True)
      (2): ReLU()
      (3): Dropout(p=0.1, inplace=False)
      (4): Linear(in_features=128, out_features=64, bias=True)
      (5): ReLU()
    )
  )
  (predict_layer): Linear(in_features=96, out_features=1, bias=True)
  (sigmoid): Sigmoid()
  (loss): BCEWithLogitsLoss()
)
Trainable parameters: 130673569
26 Jan 06:50    INFO  FLOPs: 16608.0
/home/g064474/.local/lib/python3.11/site-packages/recbole/trainer/trainer.py:235: FutureWarning: `torch.cuda.amp.GradScaler(args...)` is deprecated. Please use `torch.amp.GradScaler('cuda', args...)` instead.
  scaler = amp.GradScaler(enabled=self.enable_scaler)
26 Jan 06:54    INFO  epoch 0 training [time: 187.60s, train loss: 4654.4395]
26 Jan 10:51    INFO  epoch 0 evaluating [time: 14224.18s, valid_score: 0.080699]
26 Jan 10:51    INFO  valid result: 
ndcg@10 : 0.0806993938
slurmstepd: error: *** JOB 11047835 ON gpu-node005 CANCELLED AT 2026-01-26T11:56:06 DUE TO TIME LIMIT ***
