[UEDRS] [00:00:11] Mode: ABSOLUTE STRATIFIED_USER
[UEDRS] [00:00:11] Tag:  LENSKIT:ITEM_KNN
[UEDRS] [00:00:11] Tool: LENSKIT
[UEDRS] [00:00:11] Algorithm: ITEM_KNN
[UEDRS] [00:00:11] Datasets: MOVIELENS, NETFLIX, GOODREADS, MUSIC4ALL
[UEDRS] [00:00:11] Sizes: [1000000, 25000000, 50000000, 75000000, 100000000]

[UEDRS] [00:00:11] Current dataset [MOVIELENS]
[UEDRS] [00:00:11] Loading full dataset
[UEDRS] [00:00:21] Loading done
[UEDRS] [00:00:21] Memory Usage: RSS = 1343.30 MB, VMS = 4551.68 MB
[UEDRS] [00:00:09] Elapsed
[UEDRS] [00:00:21] Sampling for [1000000]
[UEDRS] [00:00:28] Sampling done
[UEDRS] [00:00:28] Memory Usage: RSS = 713.25 MB, VMS = 3919.76 MB
[UEDRS] [00:00:06] Elapsed
[UEDRS] [00:00:28] Checking [LENSKIT][ITEM_KNN][MOVIELENS][1m]
[UEDRS] [00:00:28] Starting
[UEDRS] [00:05:08] Finished (0.0001)
[UEDRS] [00:05:08] Memory Usage: RSS = 1224.40 MB, VMS = 6538.08 MB
[UEDRS] [00:04:39] Elapsed

[UEDRS] [00:05:08] Memory Usage: RSS = 1224.40 MB, VMS = 6538.08 MB
[UEDRS] [00:05:08] Releasing dataframe from memory
[UEDRS] [00:05:08] Memory Usage: RSS = 1209.48 MB, VMS = 6523.08 MB
[UEDRS] [00:05:08] Loading full dataset
[UEDRS] [00:05:12] Loading done
[UEDRS] [00:05:12] Memory Usage: RSS = 1942.08 MB, VMS = 7255.64 MB
[UEDRS] [00:00:04] Elapsed
[UEDRS] [00:05:12] Sampling for [25000000]
[UEDRS] [00:05:20] Sampling done
[UEDRS] [00:05:20] Memory Usage: RSS = 1792.33 MB, VMS = 7105.91 MB
[UEDRS] [00:00:07] Elapsed
[UEDRS] [00:05:20] Checking [LENSKIT][ITEM_KNN][MOVIELENS][25m]
[UEDRS] [00:05:20] Starting
[UEDRS] [00:45:42] Finished (0.003)
[UEDRS] [00:45:42] Memory Usage: RSS = 6293.71 MB, VMS = 18896.52 MB
[UEDRS] [00:40:22] Elapsed

[UEDRS] [00:45:42] Memory Usage: RSS = 6293.71 MB, VMS = 18896.52 MB
[UEDRS] [00:45:42] Releasing dataframe from memory
[UEDRS] [00:45:42] Memory Usage: RSS = 5688.59 MB, VMS = 18291.34 MB
[UEDRS] [00:45:42] Loading full dataset
[UEDRS] [00:45:47] Loading done
[UEDRS] [00:45:47] Memory Usage: RSS = 6394.50 MB, VMS = 18997.13 MB
[UEDRS] [00:00:04] Elapsed
[UEDRS] [00:45:47] Sampling for [50000000]
[UEDRS] [00:45:55] Sampling done
[UEDRS] [00:45:55] Memory Usage: RSS = 6391.93 MB, VMS = 18994.65 MB
[UEDRS] [00:00:07] Elapsed
[UEDRS] [00:45:55] Checking [LENSKIT][ITEM_KNN][MOVIELENS][32m]
[UEDRS] [00:45:55] Starting
[UEDRS] [01:41:39] Finished (0.00302)
[UEDRS] [01:41:39] Memory Usage: RSS = 10062.08 MB, VMS = 23354.30 MB
[UEDRS] [00:55:44] Elapsed

[UEDRS] [01:41:39] Memory Usage: RSS = 10062.08 MB, VMS = 23354.30 MB
[UEDRS] [01:41:39] Releasing dataframe from memory
[UEDRS] [01:41:39] Memory Usage: RSS = 9298.76 MB, VMS = 22590.87 MB
[UEDRS] [01:41:39] Loading full dataset
[UEDRS] [01:41:44] Loading done
[UEDRS] [01:41:44] Memory Usage: RSS = 10061.21 MB, VMS = 23353.30 MB
[UEDRS] [00:00:04] Elapsed
[UEDRS] [01:41:44] Sampling for [75000000]
[UEDRS] [01:41:52] Sampling done
[UEDRS] [01:41:52] Memory Usage: RSS = 10058.63 MB, VMS = 23350.81 MB
[UEDRS] [00:00:07] Elapsed
[UEDRS] [01:41:52] Checking [LENSKIT][ITEM_KNN][MOVIELENS][32m]
[UEDRS] [01:41:52] Skipping (0.00302)
[UEDRS] [01:41:52] Memory Usage: RSS = 10058.63 MB, VMS = 23350.81 MB
[UEDRS] [01:41:52] Releasing dataframe from memory
[UEDRS] [01:41:52] Memory Usage: RSS = 9326.20 MB, VMS = 22618.38 MB
[UEDRS] [01:41:52] Loading full dataset
[UEDRS] [01:41:57] Loading done
[UEDRS] [01:41:57] Memory Usage: RSS = 10058.24 MB, VMS = 23350.30 MB
[UEDRS] [00:00:04] Elapsed
[UEDRS] [01:41:57] Sampling for [100000000]
[UEDRS] [01:42:04] Sampling done
[UEDRS] [01:42:04] Memory Usage: RSS = 10088.15 MB, VMS = 23380.33 MB
[UEDRS] [00:00:07] Elapsed
[UEDRS] [01:42:04] Checking [LENSKIT][ITEM_KNN][MOVIELENS][32m]
[UEDRS] [01:42:04] Skipping (0.00302)
[UEDRS] [01:42:04] Memory Usage: RSS = 10088.15 MB, VMS = 23380.33 MB
[UEDRS] [01:42:04] Releasing dataframe from memory
[UEDRS] [01:42:04] Memory Usage: RSS = 9355.72 MB, VMS = 22647.90 MB
[UEDRS] [01:42:04] Current dataset [NETFLIX]
[UEDRS] [01:42:04] Loading full dataset
[UEDRS] [01:42:36] Loading done
[UEDRS] [01:42:36] Memory Usage: RSS = 11664.62 MB, VMS = 24956.68 MB
[UEDRS] [00:00:31] Elapsed
[UEDRS] [01:42:36] Sampling for [1000000]
[UEDRS] [01:43:02] Sampling done
[UEDRS] [01:43:02] Memory Usage: RSS = 9316.46 MB, VMS = 22609.26 MB
[UEDRS] [00:00:26] Elapsed
[UEDRS] [01:43:02] Checking [LENSKIT][ITEM_KNN][NETFLIX][1m]
[UEDRS] [01:43:02] Starting
[UEDRS] [01:50:51] Finished (0.0)
[UEDRS] [01:50:51] Memory Usage: RSS = 9365.00 MB, VMS = 22643.86 MB
[UEDRS] [00:07:48] Elapsed

[UEDRS] [01:50:51] Memory Usage: RSS = 9365.00 MB, VMS = 22643.86 MB
[UEDRS] [01:50:51] Releasing dataframe from memory
[UEDRS] [01:50:51] Memory Usage: RSS = 9336.08 MB, VMS = 22614.86 MB
[UEDRS] [01:50:51] Loading full dataset
[UEDRS] [01:51:07] Loading done
[UEDRS] [01:51:07] Memory Usage: RSS = 11704.91 MB, VMS = 24983.68 MB
[UEDRS] [00:00:15] Elapsed
[UEDRS] [01:51:07] Sampling for [25000000]
[UEDRS] [01:51:36] Sampling done
[UEDRS] [01:51:36] Memory Usage: RSS = 9930.00 MB, VMS = 23208.52 MB
[UEDRS] [00:00:28] Elapsed
[UEDRS] [01:51:36] Checking [LENSKIT][ITEM_KNN][NETFLIX][25m]
[UEDRS] [01:51:36] Starting
[UEDRS] [02:11:19] Finished (0.00397)
[UEDRS] [02:11:19] Memory Usage: RSS = 10653.86 MB, VMS = 23477.72 MB
[UEDRS] [00:19:43] Elapsed

[UEDRS] [02:11:19] Memory Usage: RSS = 10653.86 MB, VMS = 23477.72 MB
[UEDRS] [02:11:19] Releasing dataframe from memory
[UEDRS] [02:11:19] Memory Usage: RSS = 10033.24 MB, VMS = 22855.89 MB
[UEDRS] [02:11:19] Loading full dataset
[UEDRS] [02:11:35] Loading done
[UEDRS] [02:11:35] Memory Usage: RSS = 12357.07 MB, VMS = 25179.71 MB
[UEDRS] [00:00:15] Elapsed
[UEDRS] [02:11:35] Sampling for [50000000]
[UEDRS] [02:12:05] Sampling done
[UEDRS] [02:12:05] Memory Usage: RSS = 11105.99 MB, VMS = 23928.63 MB
[UEDRS] [00:00:29] Elapsed
[UEDRS] [02:12:05] Checking [LENSKIT][ITEM_KNN][NETFLIX][50m]
[UEDRS] [02:12:05] Starting
[UEDRS] [02:40:30] Finished (0.01104)
[UEDRS] [02:40:30] Memory Usage: RSS = 13531.63 MB, VMS = 26411.81 MB
[UEDRS] [00:28:25] Elapsed

[UEDRS] [02:40:30] Memory Usage: RSS = 13531.63 MB, VMS = 26411.81 MB
[UEDRS] [02:40:30] Releasing dataframe from memory
[UEDRS] [02:40:30] Memory Usage: RSS = 12337.27 MB, VMS = 25217.11 MB
[UEDRS] [02:40:30] Loading full dataset
[UEDRS] [02:40:46] Loading done
[UEDRS] [02:40:46] Memory Usage: RSS = 14593.15 MB, VMS = 27472.93 MB
[UEDRS] [00:00:15] Elapsed
[UEDRS] [02:40:46] Sampling for [75000000]
[UEDRS] [02:41:17] Sampling done
[UEDRS] [02:41:17] Memory Usage: RSS = 13931.59 MB, VMS = 26809.16 MB
[UEDRS] [00:00:30] Elapsed
[UEDRS] [02:41:17] Checking [LENSKIT][ITEM_KNN][NETFLIX][75m]
[UEDRS] [02:41:17] Starting
[UEDRS] [03:17:58] Finished (0.02031)
[UEDRS] [03:17:58] Memory Usage: RSS = 17108.88 MB, VMS = 29280.57 MB
[UEDRS] [00:36:40] Elapsed

[UEDRS] [03:17:58] Memory Usage: RSS = 17108.88 MB, VMS = 29280.57 MB
[UEDRS] [03:17:58] Releasing dataframe from memory
[UEDRS] [03:17:58] Memory Usage: RSS = 15342.73 MB, VMS = 27514.02 MB
[UEDRS] [03:17:58] Loading full dataset
[UEDRS] [03:18:13] Loading done
[UEDRS] [03:18:13] Memory Usage: RSS = 17604.09 MB, VMS = 29775.26 MB
[UEDRS] [00:00:15] Elapsed
[UEDRS] [03:18:13] Sampling for [100000000]
[UEDRS] [03:18:53] Sampling done
[UEDRS] [03:18:53] Memory Usage: RSS = 17592.96 MB, VMS = 29763.27 MB
[UEDRS] [00:00:39] Elapsed
[UEDRS] [03:18:53] Checking [LENSKIT][ITEM_KNN][NETFLIX][100m]
[UEDRS] [03:18:53] Starting
[UEDRS] [04:05:03] Finished (0.03249)
[UEDRS] [04:05:03] Memory Usage: RSS = 20471.51 MB, VMS = 32209.31 MB
[UEDRS] [00:46:09] Elapsed

[UEDRS] [04:05:03] Memory Usage: RSS = 20471.51 MB, VMS = 32209.31 MB
[UEDRS] [04:05:03] Releasing dataframe from memory
[UEDRS] [04:05:03] Memory Usage: RSS = 18133.08 MB, VMS = 29870.49 MB
[UEDRS] [04:05:03] Current dataset [GOODREADS]
[UEDRS] [04:05:03] Loading full dataset
[UEDRS] [04:06:08] Loading done
[UEDRS] [04:06:08] Memory Usage: RSS = 23374.54 MB, VMS = 35111.84 MB
[UEDRS] [00:01:04] Elapsed
[UEDRS] [04:06:08] Sampling for [1000000]
[UEDRS] [04:06:48] Sampling done
[UEDRS] [04:06:48] Memory Usage: RSS = 18139.65 MB, VMS = 29877.49 MB
[UEDRS] [00:00:39] Elapsed
[UEDRS] [04:06:48] Checking [LENSKIT][ITEM_KNN][GOODREADS][1m]
[UEDRS] [04:06:48] Starting
[UEDRS] [04:26:48] Finished (0.0)
[UEDRS] [04:26:48] Memory Usage: RSS = 15827.48 MB, VMS = 27632.49 MB
[UEDRS] [00:19:59] Elapsed

[UEDRS] [04:26:48] Memory Usage: RSS = 15827.48 MB, VMS = 27632.49 MB
[UEDRS] [04:26:48] Releasing dataframe from memory
[UEDRS] [04:26:48] Memory Usage: RSS = 15789.76 MB, VMS = 27594.49 MB
[UEDRS] [04:26:48] Loading full dataset
[UEDRS] [04:27:56] Loading done
[UEDRS] [04:27:56] Memory Usage: RSS = 20972.93 MB, VMS = 32777.64 MB
[UEDRS] [00:01:08] Elapsed
[UEDRS] [04:27:56] Sampling for [25000000]
[UEDRS] [04:30:02] Sampling done
[UEDRS] [04:30:02] Memory Usage: RSS = 16311.18 MB, VMS = 28116.30 MB
[UEDRS] [00:02:06] Elapsed
[UEDRS] [04:30:02] Checking [LENSKIT][ITEM_KNN][GOODREADS][25m]
[UEDRS] [04:30:02] Starting
