[UEDRS] [00:00:13] Mode: ABSOLUTE STRATIFIED_USER
[UEDRS] [00:00:13] Tag:  LENSKIT:BIASED_SVD
[UEDRS] [00:00:13] Tool: LENSKIT
[UEDRS] [00:00:13] Algorithm: BIASED_SVD
[UEDRS] [00:00:13] Datasets: MUSIC4ALL, NETFLIX, YAHOO, GOODREADS, LASTFM
[UEDRS] [00:00:13] Sizes: [75000000, 100000000]

[UEDRS] [00:00:13] Desired size: 75000000
[UEDRS] [00:00:13] Dataset: MUSIC4ALL
[UEDRS] [00:00:13] Loading
[UEDRS] [00:00:17] Loading done
[UEDRS] [00:00:17] Memory Usage: RSS = 3254.32 MB, VMS = 10150.33 MB
[UEDRS] [00:00:04] Elapsed
[UEDRS] [00:00:17] Sampling
[UEDRS] [00:00:17] Sampling done, obtained size: 50016042
[UEDRS] [00:00:17] Memory Usage: RSS = 3254.39 MB, VMS = 10150.33 MB
[UEDRS] [00:00:00] Elapsed
[UEDRS] [00:00:17] Checking [LENSKIT][BIASED_SVD][MUSIC4ALL][50m]
[UEDRS] [00:00:17] Skipping (0.00039)
[UEDRS] [00:00:17] Memory Usage: RSS = 3254.39 MB, VMS = 10150.33 MB
[UEDRS] [00:00:17] Releasing dataframe from memory
[UEDRS] [00:00:18] Memory Usage: RSS = 2489.23 MB, VMS = 9385.14 MB
[UEDRS] [00:00:18] Dataset: NETFLIX
[UEDRS] [00:00:18] Loading
[UEDRS] [00:00:19] Loading done
[UEDRS] [00:00:19] Memory Usage: RSS = 3851.41 MB, VMS = 13675.75 MB
[UEDRS] [00:00:01] Elapsed
[UEDRS] [00:00:19] Sampling
[UEDRS] [00:01:02] Sampling done, obtained size: 75000000
[UEDRS] [00:01:02] Memory Usage: RSS = 4337.09 MB, VMS = 14159.97 MB
[UEDRS] [00:00:43] Elapsed
[UEDRS] [00:01:02] Checking [LENSKIT][BIASED_SVD][NETFLIX][75m]
[UEDRS] [00:01:02] Skipping (0.03)
[UEDRS] [00:01:02] Memory Usage: RSS = 4337.09 MB, VMS = 14159.97 MB
[UEDRS] [00:01:02] Releasing dataframe from memory
[UEDRS] [00:01:02] Memory Usage: RSS = 3764.88 MB, VMS = 13587.76 MB
[UEDRS] [00:01:02] Dataset: YAHOO
[UEDRS] [00:01:02] Loading
[UEDRS] [00:01:03] Loading done
[UEDRS] [00:01:03] Memory Usage: RSS = 4385.65 MB, VMS = 14951.76 MB
[UEDRS] [00:00:01] Elapsed
[UEDRS] [00:01:03] Sampling
[UEDRS] [00:02:13] Sampling done, obtained size: 75000000
[UEDRS] [00:02:13] Memory Usage: RSS = 5395.89 MB, VMS = 15961.68 MB
[UEDRS] [00:01:09] Elapsed
[UEDRS] [00:02:13] Checking [LENSKIT][BIASED_SVD][YAHOO][75m]
[UEDRS] [00:02:13] Starting
2026-01-18 16:47:07 [warning  ] loaded pipeline does not match hash
[UEDRS] [02:27:36] Finished (0.0029)
[UEDRS] [02:27:36] Memory Usage: RSS = 9521.95 MB, VMS = 24800.35 MB
[UEDRS] [02:25:23] Elapsed

[UEDRS] [02:27:36] Memory Usage: RSS = 9521.95 MB, VMS = 24800.35 MB
[UEDRS] [02:27:36] Releasing dataframe from memory
[UEDRS] [02:27:36] Memory Usage: RSS = 8891.66 MB, VMS = 24169.14 MB
[UEDRS] [02:27:36] Dataset: GOODREADS
[UEDRS] [02:27:36] Loading
[UEDRS] [02:27:38] Loading done
[UEDRS] [02:27:38] Memory Usage: RSS = 12318.91 MB, VMS = 25000.14 MB
[UEDRS] [00:00:01] Elapsed
[UEDRS] [02:27:38] Sampling
[UEDRS] [02:28:25] Sampling done, obtained size: 75000000
[UEDRS] [02:28:25] Memory Usage: RSS = 12892.84 MB, VMS = 25573.35 MB
[UEDRS] [00:00:46] Elapsed
[UEDRS] [02:28:25] Checking [LENSKIT][BIASED_SVD][GOODREADS][75m]
[UEDRS] [02:28:25] Starting
2026-01-18 17:43:00 [warning  ] loaded pipeline does not match hash
[UEDRS] [04:50:52] Finished (0.005)
[UEDRS] [04:50:52] Memory Usage: RSS = 14022.67 MB, VMS = 25722.91 MB
[UEDRS] [02:22:27] Elapsed

[UEDRS] [04:50:52] Memory Usage: RSS = 14022.67 MB, VMS = 25722.91 MB
[UEDRS] [04:50:52] Releasing dataframe from memory
[UEDRS] [04:50:52] Memory Usage: RSS = 13415.80 MB, VMS = 25115.70 MB
[UEDRS] [04:50:52] Dataset: LASTFM
[UEDRS] [04:50:52] Loading
[UEDRS] [04:52:05] Loading done
[UEDRS] [04:52:05] Memory Usage: RSS = 19513.78 MB, VMS = 29167.70 MB
[UEDRS] [00:01:12] Elapsed
[UEDRS] [04:52:05] Sampling
[UEDRS] [04:52:34] Sampling done, obtained size: 75000000
[UEDRS] [04:52:34] Memory Usage: RSS = 20372.09 MB, VMS = 30026.01 MB
[UEDRS] [00:00:29] Elapsed
[UEDRS] [04:52:34] Checking [LENSKIT][BIASED_SVD][LASTFM][75m]
[UEDRS] [04:52:34] Starting
2026-01-18 19:46:32 [warning  ] loaded pipeline does not match hash
[UEDRS] [09:18:39] Finished (5.9e-06)
[UEDRS] [09:18:39] Memory Usage: RSS = 12500.13 MB, VMS = 26393.01 MB
[UEDRS] [04:26:04] Elapsed

[UEDRS] [09:18:39] Memory Usage: RSS = 12499.15 MB, VMS = 26392.01 MB
[UEDRS] [09:18:39] Releasing dataframe from memory
[UEDRS] [09:18:39] Memory Usage: RSS = 12476.85 MB, VMS = 25510.70 MB
[UEDRS] [09:18:39] Desired size: 100000000
[UEDRS] [09:18:39] Dataset: MUSIC4ALL
[UEDRS] [09:18:39] Loading
[UEDRS] [09:18:47] Loading done
[UEDRS] [09:18:47] Memory Usage: RSS = 12943.19 MB, VMS = 25891.29 MB
[UEDRS] [00:00:07] Elapsed
[UEDRS] [09:18:47] Sampling
[UEDRS] [09:18:51] Sampling done, obtained size: 50016042
[UEDRS] [09:18:51] Memory Usage: RSS = 13020.39 MB, VMS = 25891.29 MB
[UEDRS] [00:00:03] Elapsed
[UEDRS] [09:18:51] Checking [LENSKIT][BIASED_SVD][MUSIC4ALL][50m]
[UEDRS] [09:18:51] Skipping (0.00039)
[UEDRS] [09:18:51] Memory Usage: RSS = 13020.39 MB, VMS = 25891.29 MB
[UEDRS] [09:18:51] Releasing dataframe from memory
[UEDRS] [09:18:51] Memory Usage: RSS = 12638.79 MB, VMS = 25509.70 MB
[UEDRS] [09:18:51] Dataset: NETFLIX
[UEDRS] [09:18:51] Loading
[UEDRS] [09:18:56] Loading done
[UEDRS] [09:18:56] Memory Usage: RSS = 13401.08 MB, VMS = 26276.31 MB
[UEDRS] [00:00:05] Elapsed
[UEDRS] [09:18:56] Sampling
[UEDRS] [09:19:46] Sampling done, obtained size: 100000000
[UEDRS] [09:19:46] Memory Usage: RSS = 13435.24 MB, VMS = 26272.64 MB
[UEDRS] [00:00:49] Elapsed
[UEDRS] [09:19:46] Checking [LENSKIT][BIASED_SVD][NETFLIX][100m]
[UEDRS] [09:19:46] Starting
2026-01-19 00:20:59 [warning  ] loaded pipeline does not match hash
[UEDRS] [09:41:14] Finished (0.057)
[UEDRS] [09:41:14] Memory Usage: RSS = 15619.57 MB, VMS = 26369.71 MB
[UEDRS] [00:21:27] Elapsed

[UEDRS] [09:41:14] Memory Usage: RSS = 15619.57 MB, VMS = 26369.71 MB
[UEDRS] [09:41:14] Releasing dataframe from memory
[UEDRS] [09:41:14] Memory Usage: RSS = 14800.29 MB, VMS = 25549.77 MB
[UEDRS] [09:41:14] Dataset: YAHOO
[UEDRS] [09:41:14] Loading
[UEDRS] [09:41:18] Loading done
[UEDRS] [09:41:18] Memory Usage: RSS = 14880.10 MB, VMS = 25549.77 MB
[UEDRS] [00:00:04] Elapsed
[UEDRS] [09:41:18] Sampling
[UEDRS] [09:42:30] Sampling done, obtained size: 100000000
[UEDRS] [09:42:30] Memory Usage: RSS = 15653.45 MB, VMS = 26312.71 MB
[UEDRS] [00:01:12] Elapsed
[UEDRS] [09:42:30] Checking [LENSKIT][BIASED_SVD][YAHOO][100m]
[UEDRS] [09:42:30] Starting
2026-01-19 02:38:42 [warning  ] loaded pipeline does not match hash
[UEDRS] [12:20:41] Finished (0.0059)
[UEDRS] [12:20:41] Memory Usage: RSS = 16722.76 MB, VMS = 26437.64 MB
[UEDRS] [02:38:10] Elapsed

[UEDRS] [12:20:41] Memory Usage: RSS = 16722.76 MB, VMS = 26437.64 MB
[UEDRS] [12:20:41] Releasing dataframe from memory
[UEDRS] [12:20:41] Memory Usage: RSS = 15894.20 MB, VMS = 25607.70 MB
[UEDRS] [12:20:41] Dataset: GOODREADS
[UEDRS] [12:20:41] Loading
[UEDRS] [12:20:51] Loading done
[UEDRS] [12:20:51] Memory Usage: RSS = 16111.23 MB, VMS = 25606.70 MB
[UEDRS] [00:00:10] Elapsed
[UEDRS] [12:20:51] Sampling
[UEDRS] [12:44:30] Sampling done, obtained size: 100000000
[UEDRS] [12:44:30] Memory Usage: RSS = 16873.64 MB, VMS = 26369.64 MB
[UEDRS] [00:23:38] Elapsed
[UEDRS] [12:44:30] Checking [LENSKIT][BIASED_SVD][GOODREADS][100m]
[UEDRS] [12:44:30] Starting
2026-01-19 04:14:38 [warning  ] loaded pipeline does not match hash
[UEDRS] [16:35:16] Finished (0.0087)
[UEDRS] [16:35:16] Memory Usage: RSS = 16878.70 MB, VMS = 26421.64 MB
[UEDRS] [03:50:46] Elapsed

[UEDRS] [16:35:16] Memory Usage: RSS = 16878.70 MB, VMS = 26421.64 MB
[UEDRS] [16:35:16] Releasing dataframe from memory
[UEDRS] [16:35:16] Memory Usage: RSS = 16076.79 MB, VMS = 25619.70 MB
[UEDRS] [16:35:16] Dataset: LASTFM
[UEDRS] [16:35:16] Loading
[UEDRS] [16:35:44] Loading done
[UEDRS] [16:35:44] Memory Usage: RSS = 20884.31 MB, VMS = 29351.70 MB
[UEDRS] [00:00:28] Elapsed
[UEDRS] [16:35:44] Sampling
[UEDRS] [17:21:23] Sampling done, obtained size: 100000000
[UEDRS] [17:21:23] Memory Usage: RSS = 22027.72 MB, VMS = 30495.11 MB
[UEDRS] [00:45:38] Elapsed
[UEDRS] [17:21:23] Checking [LENSKIT][BIASED_SVD][LASTFM][100m]
[UEDRS] [17:21:23] Starting
2026-01-19 08:33:27 [warning  ] loaded pipeline does not match hash
