[UEDRS] [00:00:19] Mode: ABSOLUTE STRATIFIED_USER
[UEDRS] [00:00:19] Tag:  LENSKIT:POP
[UEDRS] [00:00:19] Tool: LENSKIT
[UEDRS] [00:00:19] Algorithm: POP
[UEDRS] [00:00:19] Datasets: MYANIMELIST, IPINYOU, TMALL, MOVIELENS, MUSIC4ALL, NETFLIX, YAHOO, ALIBABA, GOODREADS, LASTFM
[UEDRS] [00:00:19] Sizes: [100000, 250000, 500000, 750000, 1000000, 25000000, 50000000, 75000000, 100000000]

[UEDRS] [00:00:19] Desired size: 100000
[UEDRS] [00:00:19] Dataset: MYANIMELIST
[UEDRS] [00:00:19] Loading
[UEDRS] [00:00:20] Loading done
[UEDRS] [00:00:20] Memory Usage: RSS = 781.28 MB, VMS = 4990.09 MB
[UEDRS] [00:00:01] Elapsed
[UEDRS] [00:00:20] Sampling
[UEDRS] [00:00:23] Sampling done, obtained size: 100000
[UEDRS] [00:00:23] Memory Usage: RSS = 807.92 MB, VMS = 5015.59 MB
[UEDRS] [00:00:02] Elapsed
[UEDRS] [00:00:23] Checking [LENSKIT][POP][MYANIMELIST][100k]
[UEDRS] [00:00:23] Starting
[UEDRS] [00:01:34] Finished (0.0037)
[UEDRS] [00:01:34] Memory Usage: RSS = 910.51 MB, VMS = 5537.46 MB
[UEDRS] [00:01:10] Elapsed

[UEDRS] [00:01:34] Memory Usage: RSS = 910.51 MB, VMS = 5537.46 MB
[UEDRS] [00:01:34] Releasing dataframe from memory
[UEDRS] [00:01:34] Memory Usage: RSS = 909.51 MB, VMS = 5536.46 MB
[UEDRS] [00:01:34] Dataset: IPINYOU
[UEDRS] [00:01:34] Loading
[UEDRS] [00:01:43] Loading done
[UEDRS] [00:01:43] Memory Usage: RSS = 3911.24 MB, VMS = 11338.28 MB
[UEDRS] [00:00:09] Elapsed
[UEDRS] [00:01:43] Sampling
[UEDRS] [00:10:14] Sampling done, obtained size: 100000
[UEDRS] [00:10:14] Memory Usage: RSS = 5349.43 MB, VMS = 12760.88 MB
[UEDRS] [00:08:30] Elapsed
[UEDRS] [00:10:14] Checking [LENSKIT][POP][IPINYOU][100k]
[UEDRS] [00:10:14] Starting
[UEDRS] [00:28:21] Finished (0)
[UEDRS] [00:28:21] Memory Usage: RSS = 4854.41 MB, VMS = 12824.88 MB
[UEDRS] [00:18:06] Elapsed

[UEDRS] [00:28:21] Memory Usage: RSS = 4854.41 MB, VMS = 12824.88 MB
[UEDRS] [00:28:21] Releasing dataframe from memory
[UEDRS] [00:28:21] Memory Usage: RSS = 3528.48 MB, VMS = 11489.88 MB
[UEDRS] [00:28:21] Dataset: TMALL
[UEDRS] [00:28:21] Loading
[UEDRS] [00:28:23] Loading done
[UEDRS] [00:28:23] Memory Usage: RSS = 3908.30 MB, VMS = 12704.88 MB
[UEDRS] [00:00:01] Elapsed
[UEDRS] [00:28:23] Sampling
[UEDRS] [00:28:45] Sampling done, obtained size: 100000
[UEDRS] [00:28:45] Memory Usage: RSS = 3908.43 MB, VMS = 12704.88 MB
[UEDRS] [00:00:22] Elapsed
[UEDRS] [00:28:45] Checking [LENSKIT][POP][TMALL][100k]
[UEDRS] [00:28:45] Starting
[UEDRS] [00:30:32] Finished (6.1e-05)
[UEDRS] [00:30:32] Memory Usage: RSS = 3731.41 MB, VMS = 12545.88 MB
[UEDRS] [00:01:46] Elapsed

[UEDRS] [00:30:32] Memory Usage: RSS = 3731.41 MB, VMS = 12545.88 MB
[UEDRS] [00:30:32] Releasing dataframe from memory
[UEDRS] [00:30:32] Memory Usage: RSS = 3723.50 MB, VMS = 12537.88 MB
[UEDRS] [00:30:32] Dataset: MOVIELENS
[UEDRS] [00:30:32] Loading
[UEDRS] [00:30:33] Loading done
[UEDRS] [00:30:33] Memory Usage: RSS = 4372.55 MB, VMS = 15088.88 MB
[UEDRS] [00:00:01] Elapsed
[UEDRS] [00:30:33] Sampling
[UEDRS] [00:30:41] Sampling done, obtained size: 100000
[UEDRS] [00:30:41] Memory Usage: RSS = 4370.55 MB, VMS = 15086.88 MB
[UEDRS] [00:00:07] Elapsed
[UEDRS] [00:30:41] Checking [LENSKIT][POP][MOVIELENS][100k]
[UEDRS] [00:30:41] Starting
[UEDRS] [00:32:13] Finished (0.0006)
[UEDRS] [00:32:13] Memory Usage: RSS = 3825.39 MB, VMS = 14603.88 MB
[UEDRS] [00:01:31] Elapsed

[UEDRS] [00:32:13] Memory Usage: RSS = 3825.39 MB, VMS = 14603.88 MB
[UEDRS] [00:32:13] Releasing dataframe from memory
[UEDRS] [00:32:13] Memory Usage: RSS = 3814.46 MB, VMS = 14592.88 MB
[UEDRS] [00:32:13] Dataset: MUSIC4ALL
[UEDRS] [00:32:13] Loading
[UEDRS] [00:32:17] Loading done
[UEDRS] [00:32:17] Memory Usage: RSS = 5301.25 MB, VMS = 17022.48 MB
[UEDRS] [00:00:04] Elapsed
[UEDRS] [00:32:17] Sampling
[UEDRS] [00:32:24] Sampling done, obtained size: 100000
[UEDRS] [00:32:24] Memory Usage: RSS = 4919.65 MB, VMS = 16640.88 MB
[UEDRS] [00:00:07] Elapsed
[UEDRS] [00:32:24] Checking [LENSKIT][POP][MUSIC4ALL][100k]
[UEDRS] [00:32:24] Starting
[UEDRS] [00:36:39] Finished (0.00031)
[UEDRS] [00:36:39] Memory Usage: RSS = 4830.30 MB, VMS = 16673.88 MB
[UEDRS] [00:04:14] Elapsed

[UEDRS] [00:36:39] Memory Usage: RSS = 4830.30 MB, VMS = 16673.88 MB
[UEDRS] [00:36:39] Releasing dataframe from memory
[UEDRS] [00:36:39] Memory Usage: RSS = 4814.82 MB, VMS = 16657.88 MB
[UEDRS] [00:36:39] Dataset: NETFLIX
[UEDRS] [00:36:39] Loading
[UEDRS] [00:36:40] Loading done
[UEDRS] [00:36:40] Memory Usage: RSS = 5680.84 MB, VMS = 17041.19 MB
[UEDRS] [00:00:01] Elapsed
[UEDRS] [00:36:40] Sampling
[UEDRS] [00:37:14] Sampling done, obtained size: 100000
[UEDRS] [00:37:14] Memory Usage: RSS = 5296.55 MB, VMS = 16656.88 MB
[UEDRS] [00:00:33] Elapsed
[UEDRS] [00:37:14] Checking [LENSKIT][POP][NETFLIX][100k]
[UEDRS] [00:37:14] Starting
[UEDRS] [00:39:14] Finished (8e-05)
[UEDRS] [00:39:14] Memory Usage: RSS = 5242.42 MB, VMS = 16692.88 MB
[UEDRS] [00:02:00] Elapsed

[UEDRS] [00:39:14] Memory Usage: RSS = 5242.42 MB, VMS = 16692.88 MB
[UEDRS] [00:39:14] Releasing dataframe from memory
[UEDRS] [00:39:15] Memory Usage: RSS = 5214.61 MB, VMS = 16664.88 MB
[UEDRS] [00:39:15] Dataset: YAHOO
[UEDRS] [00:39:15] Loading
[UEDRS] [00:39:19] Loading done
[UEDRS] [00:39:19] Memory Usage: RSS = 5986.55 MB, VMS = 16792.88 MB
[UEDRS] [00:00:04] Elapsed
[UEDRS] [00:39:19] Sampling
[UEDRS] [00:40:19] Sampling done, obtained size: 100000
[UEDRS] [00:40:19] Memory Usage: RSS = 5986.14 MB, VMS = 16792.88 MB
[UEDRS] [00:01:00] Elapsed
[UEDRS] [00:40:19] Checking [LENSKIT][POP][YAHOO][100k]
[UEDRS] [00:40:19] Starting
[UEDRS] [00:41:56] Finished (7.6e-05)
[UEDRS] [00:41:56] Memory Usage: RSS = 5877.90 MB, VMS = 16809.88 MB
[UEDRS] [00:01:37] Elapsed

[UEDRS] [00:41:56] Memory Usage: RSS = 5877.90 MB, VMS = 16809.88 MB
[UEDRS] [00:41:56] Releasing dataframe from memory
[UEDRS] [00:41:56] Memory Usage: RSS = 5867.95 MB, VMS = 16799.88 MB
[UEDRS] [00:41:56] Dataset: ALIBABA
[UEDRS] [00:41:56] Loading
[UEDRS] [00:42:05] Loading done
[UEDRS] [00:42:05] Memory Usage: RSS = 6808.26 MB, VMS = 17181.88 MB
[UEDRS] [00:00:09] Elapsed
[UEDRS] [00:42:05] Sampling
[UEDRS] [00:43:56] Sampling done, obtained size: 100000
[UEDRS] [00:43:56] Memory Usage: RSS = 6806.74 MB, VMS = 17180.88 MB
[UEDRS] [00:01:51] Elapsed
[UEDRS] [00:43:56] Checking [LENSKIT][POP][ALIBABA][100k]
[UEDRS] [00:43:56] Starting
[UEDRS] [00:45:24] Finished (0)
[UEDRS] [00:45:24] Memory Usage: RSS = 6785.08 MB, VMS = 17206.88 MB
[UEDRS] [00:01:28] Elapsed

[UEDRS] [00:45:24] Memory Usage: RSS = 6785.08 MB, VMS = 17206.88 MB
[UEDRS] [00:45:24] Releasing dataframe from memory
[UEDRS] [00:45:24] Memory Usage: RSS = 6778.13 MB, VMS = 17199.88 MB
[UEDRS] [00:45:24] Dataset: GOODREADS
[UEDRS] [00:45:24] Loading
[UEDRS] [00:45:35] Loading done
[UEDRS] [00:45:35] Memory Usage: RSS = 7614.46 MB, VMS = 17197.88 MB
[UEDRS] [00:00:10] Elapsed
[UEDRS] [00:45:35] Sampling
[UEDRS] [00:46:12] Sampling done, obtained size: 100000
[UEDRS] [00:46:12] Memory Usage: RSS = 7614.47 MB, VMS = 17197.88 MB
[UEDRS] [00:00:36] Elapsed
[UEDRS] [00:46:12] Checking [LENSKIT][POP][GOODREADS][100k]
[UEDRS] [00:46:12] Starting
[UEDRS] [00:47:52] Finished (3e-05)
[UEDRS] [00:47:52] Memory Usage: RSS = 7472.34 MB, VMS = 17210.88 MB
[UEDRS] [00:01:40] Elapsed

[UEDRS] [00:47:52] Memory Usage: RSS = 7472.34 MB, VMS = 17210.88 MB
[UEDRS] [00:47:52] Releasing dataframe from memory
[UEDRS] [00:47:52] Memory Usage: RSS = 7464.39 MB, VMS = 17202.88 MB
[UEDRS] [00:47:52] Dataset: LASTFM
[UEDRS] [00:47:52] Loading
[UEDRS] [00:48:09] Loading done
[UEDRS] [00:48:09] Memory Usage: RSS = 12071.81 MB, VMS = 21766.88 MB
[UEDRS] [00:00:16] Elapsed
[UEDRS] [00:48:09] Sampling
[UEDRS] [00:48:29] Sampling done, obtained size: 100000
[UEDRS] [00:48:29] Memory Usage: RSS = 12071.81 MB, VMS = 21766.88 MB
[UEDRS] [00:00:19] Elapsed
[UEDRS] [00:48:29] Checking [LENSKIT][POP][LASTFM][100k]
[UEDRS] [00:48:29] Starting
[UEDRS] [00:49:46] Finished (2.3e-05)
[UEDRS] [00:49:46] Memory Usage: RSS = 7875.84 MB, VMS = 18089.88 MB
[UEDRS] [00:01:17] Elapsed

[UEDRS] [00:49:46] Memory Usage: RSS = 7875.84 MB, VMS = 18089.88 MB
[UEDRS] [00:49:46] Releasing dataframe from memory
[UEDRS] [00:49:47] Memory Usage: RSS = 7867.26 MB, VMS = 18080.88 MB
[UEDRS] [00:49:47] Desired size: 250000
[UEDRS] [00:49:47] Dataset: MYANIMELIST
[UEDRS] [00:49:47] Loading
[UEDRS] [00:49:47] Loading done
[UEDRS] [00:49:47] Memory Usage: RSS = 7859.71 MB, VMS = 18080.88 MB
[UEDRS] [00:00:00] Elapsed
[UEDRS] [00:49:47] Sampling
[UEDRS] [00:49:49] Sampling done, obtained size: 250000
[UEDRS] [00:49:49] Memory Usage: RSS = 7859.71 MB, VMS = 18080.88 MB
[UEDRS] [00:00:02] Elapsed
[UEDRS] [00:49:49] Checking [LENSKIT][POP][MYANIMELIST][250k]
[UEDRS] [00:49:49] Starting
[UEDRS] [00:51:27] Finished (0.011)
[UEDRS] [00:51:27] Memory Usage: RSS = 4240.42 MB, VMS = 18096.88 MB
[UEDRS] [00:01:37] Elapsed

[UEDRS] [00:51:27] Memory Usage: RSS = 4240.42 MB, VMS = 18096.88 MB
[UEDRS] [00:51:27] Releasing dataframe from memory
[UEDRS] [00:51:27] Memory Usage: RSS = 4234.45 MB, VMS = 18090.88 MB
[UEDRS] [00:51:27] Dataset: IPINYOU
[UEDRS] [00:51:27] Loading
[UEDRS] [00:51:35] Loading done
[UEDRS] [00:51:35] Memory Usage: RSS = 8419.51 MB, VMS = 19703.70 MB
[UEDRS] [00:00:07] Elapsed
[UEDRS] [00:51:35] Sampling
[UEDRS] [01:00:15] Sampling done, obtained size: 250000
[UEDRS] [01:00:15] Memory Usage: RSS = 9198.55 MB, VMS = 20482.12 MB
[UEDRS] [00:08:40] Elapsed
[UEDRS] [01:00:15] Checking [LENSKIT][POP][IPINYOU][250k]
[UEDRS] [01:00:15] Starting
[UEDRS] [02:32:56] Finished (4e-06)
[UEDRS] [02:32:56] Memory Usage: RSS = 9244.99 MB, VMS = 20553.12 MB
[UEDRS] [01:32:40] Elapsed

[UEDRS] [02:32:56] Memory Usage: RSS = 9244.99 MB, VMS = 20553.12 MB
[UEDRS] [02:32:56] Releasing dataframe from memory
[UEDRS] [02:32:56] Memory Usage: RSS = 7998.18 MB, VMS = 19303.12 MB
[UEDRS] [02:32:56] Dataset: TMALL
[UEDRS] [02:32:56] Loading
[UEDRS] [02:32:57] Loading done
[UEDRS] [02:32:57] Memory Usage: RSS = 8080.91 MB, VMS = 19303.12 MB
[UEDRS] [00:00:00] Elapsed
[UEDRS] [02:32:57] Sampling
[UEDRS] [02:33:18] Sampling done, obtained size: 250000
[UEDRS] [02:33:18] Memory Usage: RSS = 8079.91 MB, VMS = 19302.12 MB
[UEDRS] [00:00:20] Elapsed
[UEDRS] [02:33:18] Checking [LENSKIT][POP][TMALL][250k]
[UEDRS] [02:33:18] Starting
[UEDRS] [02:36:41] Finished (0.00015)
[UEDRS] [02:36:41] Memory Usage: RSS = 6927.57 MB, VMS = 18196.48 MB
[UEDRS] [00:03:23] Elapsed

[UEDRS] [02:36:41] Memory Usage: RSS = 6927.57 MB, VMS = 18196.48 MB
[UEDRS] [02:36:41] Releasing dataframe from memory
[UEDRS] [02:36:41] Memory Usage: RSS = 6905.66 MB, VMS = 18174.48 MB
[UEDRS] [02:36:41] Dataset: MOVIELENS
[UEDRS] [02:36:41] Loading
[UEDRS] [02:36:41] Loading done
[UEDRS] [02:36:41] Memory Usage: RSS = 7083.80 MB, VMS = 18174.48 MB
[UEDRS] [00:00:00] Elapsed
[UEDRS] [02:36:41] Sampling
[UEDRS] [02:36:49] Sampling done, obtained size: 250000
[UEDRS] [02:36:49] Memory Usage: RSS = 7083.80 MB, VMS = 18174.48 MB
[UEDRS] [00:00:07] Elapsed
[UEDRS] [02:36:49] Checking [LENSKIT][POP][MOVIELENS][250k]
[UEDRS] [02:36:49] Starting
[UEDRS] [02:39:19] Finished (0.002)
[UEDRS] [02:39:19] Memory Usage: RSS = 7069.05 MB, VMS = 18196.48 MB
[UEDRS] [00:02:29] Elapsed

[UEDRS] [02:39:19] Memory Usage: RSS = 7069.05 MB, VMS = 18196.48 MB
[UEDRS] [02:39:19] Releasing dataframe from memory
[UEDRS] [02:39:19] Memory Usage: RSS = 7057.09 MB, VMS = 18184.48 MB
[UEDRS] [02:39:19] Dataset: MUSIC4ALL
[UEDRS] [02:39:19] Loading
[UEDRS] [02:39:23] Loading done
[UEDRS] [02:39:23] Memory Usage: RSS = 7892.70 MB, VMS = 18566.07 MB
[UEDRS] [00:00:03] Elapsed
[UEDRS] [02:39:23] Sampling
[UEDRS] [02:39:30] Sampling done, obtained size: 250000
[UEDRS] [02:39:30] Memory Usage: RSS = 7510.12 MB, VMS = 18183.48 MB
[UEDRS] [00:00:07] Elapsed
[UEDRS] [02:39:30] Checking [LENSKIT][POP][MUSIC4ALL][250k]
[UEDRS] [02:39:30] Starting
