[UEDRS] [00:00:12] Mode: ABSOLUTE STRATIFIED_USER
[UEDRS] [00:00:12] Tag:  LENSKIT:BIASED_MF
[UEDRS] [00:00:12] Tool: LENSKIT
[UEDRS] [00:00:12] Algorithm: BIASED_MF
[UEDRS] [00:00:12] Datasets: MYANIMELIST, TMALL, MOVIELENS, MUSIC4ALL, NETFLIX, YAHOO, ALIBABA, GOODREADS, LASTFM
[UEDRS] [00:00:12] Sizes: [100000, 250000, 500000, 750000, 1000000, 25000000, 50000000, 75000000, 100000000]

[UEDRS] [00:00:12] Desired size: 100000
[UEDRS] [00:00:12] Dataset: MYANIMELIST
[UEDRS] [00:00:12] Loading
[UEDRS] [00:00:13] Loading done
[UEDRS] [00:00:13] Memory Usage: RSS = 779.76 MB, VMS = 4991.14 MB
[UEDRS] [00:00:00] Elapsed
[UEDRS] [00:00:13] Sampling
[UEDRS] [00:00:15] Sampling done, obtained size: 100000
[UEDRS] [00:00:15] Memory Usage: RSS = 808.75 MB, VMS = 5016.64 MB
[UEDRS] [00:00:02] Elapsed
[UEDRS] [00:00:15] Checking [LENSKIT][BIASED_MF][MYANIMELIST][100k]
[UEDRS] [00:00:15] Starting
[UEDRS] [00:04:29] Finished (0.0015)
[UEDRS] [00:04:29] Memory Usage: RSS = 965.48 MB, VMS = 6355.39 MB
[UEDRS] [00:04:13] Elapsed

[UEDRS] [00:04:29] Memory Usage: RSS = 965.48 MB, VMS = 6355.39 MB
[UEDRS] [00:04:29] Releasing dataframe from memory
[UEDRS] [00:04:29] Memory Usage: RSS = 962.52 MB, VMS = 6352.39 MB
[UEDRS] [00:04:29] Dataset: TMALL
[UEDRS] [00:04:29] Loading
[UEDRS] [00:04:31] Loading done
[UEDRS] [00:04:31] Memory Usage: RSS = 1344.96 MB, VMS = 7568.40 MB
[UEDRS] [00:00:01] Elapsed
[UEDRS] [00:04:31] Sampling
[UEDRS] [00:04:53] Sampling done, obtained size: 100000
[UEDRS] [00:04:53] Memory Usage: RSS = 1338.54 MB, VMS = 7560.77 MB
[UEDRS] [00:00:22] Elapsed
[UEDRS] [00:04:53] Checking [LENSKIT][BIASED_MF][TMALL][100k]
[UEDRS] [00:04:53] Starting
[UEDRS] [00:10:29] Finished (4.6e-06)
[UEDRS] [00:10:29] Memory Usage: RSS = 1242.64 MB, VMS = 7462.43 MB
[UEDRS] [00:05:36] Elapsed

[UEDRS] [00:10:29] Memory Usage: RSS = 1241.65 MB, VMS = 7461.43 MB
[UEDRS] [00:10:29] Releasing dataframe from memory
[UEDRS] [00:10:29] Memory Usage: RSS = 1232.61 MB, VMS = 7451.43 MB
[UEDRS] [00:10:29] Dataset: MOVIELENS
[UEDRS] [00:10:29] Loading
[UEDRS] [00:10:30] Loading done
[UEDRS] [00:10:30] Memory Usage: RSS = 2279.07 MB, VMS = 10246.58 MB
[UEDRS] [00:00:00] Elapsed
[UEDRS] [00:10:30] Sampling
[UEDRS] [00:10:38] Sampling done, obtained size: 100000
[UEDRS] [00:10:38] Memory Usage: RSS = 2061.73 MB, VMS = 10029.23 MB
[UEDRS] [00:00:07] Elapsed
[UEDRS] [00:10:38] Checking [LENSKIT][BIASED_MF][MOVIELENS][100k]
[UEDRS] [00:10:38] Skipping (0.00047)
[UEDRS] [00:10:38] Memory Usage: RSS = 2061.73 MB, VMS = 10029.23 MB
[UEDRS] [00:10:38] Releasing dataframe from memory
[UEDRS] [00:10:38] Memory Usage: RSS = 2059.73 MB, VMS = 10027.23 MB
[UEDRS] [00:10:38] Dataset: MUSIC4ALL
[UEDRS] [00:10:38] Loading
[UEDRS] [00:10:42] Loading done
[UEDRS] [00:10:42] Memory Usage: RSS = 3747.93 MB, VMS = 12630.41 MB
[UEDRS] [00:00:04] Elapsed
[UEDRS] [00:10:42] Sampling
[UEDRS] [00:10:50] Sampling done, obtained size: 100000
[UEDRS] [00:10:50] Memory Usage: RSS = 2984.74 MB, VMS = 11867.23 MB
[UEDRS] [00:00:07] Elapsed
[UEDRS] [00:10:50] Checking [LENSKIT][BIASED_MF][MUSIC4ALL][100k]
[UEDRS] [00:10:50] Skipping (4.1e-05)
[UEDRS] [00:10:50] Memory Usage: RSS = 2984.74 MB, VMS = 11867.23 MB
[UEDRS] [00:10:50] Releasing dataframe from memory
[UEDRS] [00:10:50] Memory Usage: RSS = 2984.74 MB, VMS = 11867.23 MB
[UEDRS] [00:10:50] Dataset: NETFLIX
[UEDRS] [00:10:50] Loading
[UEDRS] [00:10:54] Loading done
[UEDRS] [00:10:54] Memory Usage: RSS = 4068.73 MB, VMS = 17017.84 MB
[UEDRS] [00:00:04] Elapsed
[UEDRS] [00:10:54] Sampling
[UEDRS] [00:11:26] Sampling done, obtained size: 100000
[UEDRS] [00:11:26] Memory Usage: RSS = 3302.88 MB, VMS = 16252.23 MB
[UEDRS] [00:00:31] Elapsed
[UEDRS] [00:11:26] Checking [LENSKIT][BIASED_MF][NETFLIX][100k]
[UEDRS] [00:11:26] Skipping (3.8e-05)
[UEDRS] [00:11:26] Memory Usage: RSS = 3302.88 MB, VMS = 16252.23 MB
[UEDRS] [00:11:26] Releasing dataframe from memory
[UEDRS] [00:11:26] Memory Usage: RSS = 3302.11 MB, VMS = 16251.23 MB
[UEDRS] [00:11:26] Dataset: YAHOO
[UEDRS] [00:11:26] Loading
[UEDRS] [00:11:28] Loading done
[UEDRS] [00:11:28] Memory Usage: RSS = 3404.12 MB, VMS = 15667.23 MB
[UEDRS] [00:00:02] Elapsed
[UEDRS] [00:11:28] Sampling
[UEDRS] [00:12:29] Sampling done, obtained size: 100000
[UEDRS] [00:12:29] Memory Usage: RSS = 3526.82 MB, VMS = 15790.22 MB
[UEDRS] [00:01:00] Elapsed
[UEDRS] [00:12:29] Checking [LENSKIT][BIASED_MF][YAHOO][100k]
[UEDRS] [00:12:29] Starting
[UEDRS] [00:17:22] Finished (1.8e-05)
[UEDRS] [00:17:22] Memory Usage: RSS = 3212.74 MB, VMS = 15821.22 MB
[UEDRS] [00:04:53] Elapsed

[UEDRS] [00:17:22] Memory Usage: RSS = 3212.74 MB, VMS = 15821.22 MB
[UEDRS] [00:17:22] Releasing dataframe from memory
[UEDRS] [00:17:22] Memory Usage: RSS = 3202.66 MB, VMS = 15810.22 MB
[UEDRS] [00:17:22] Dataset: ALIBABA
[UEDRS] [00:17:22] Loading
[UEDRS] [00:17:31] Loading done
[UEDRS] [00:17:31] Memory Usage: RSS = 4921.15 MB, VMS = 16514.22 MB
[UEDRS] [00:00:08] Elapsed
[UEDRS] [00:17:31] Sampling
[UEDRS] [00:19:24] Sampling done, obtained size: 100000
[UEDRS] [00:19:24] Memory Usage: RSS = 5099.92 MB, VMS = 16694.16 MB
[UEDRS] [00:01:52] Elapsed
[UEDRS] [00:19:24] Checking [LENSKIT][BIASED_MF][ALIBABA][100k]
[UEDRS] [00:19:24] Starting
[UEDRS]
[00:20:05]
Exception handled:
'Column rating does not exist in schema'
[UEDRS] [00:20:05] Finished (-1)
[UEDRS] [00:20:05] Memory Usage: RSS = 5109.57 MB, VMS = 16703.16 MB
[UEDRS] [00:00:40] Elapsed

[UEDRS] [00:20:05] Memory Usage: RSS = 5109.57 MB, VMS = 16703.16 MB
[UEDRS] [00:20:05] Releasing dataframe from memory
[UEDRS] [00:20:05] Memory Usage: RSS = 5103.57 MB, VMS = 16697.16 MB
[UEDRS] [00:20:05] Dataset: GOODREADS
[UEDRS] [00:20:05] Loading
[UEDRS] [00:20:16] Loading done
[UEDRS] [00:20:16] Memory Usage: RSS = 6500.66 MB, VMS = 16952.16 MB
[UEDRS] [00:00:10] Elapsed
[UEDRS] [00:20:16] Sampling
[UEDRS] [00:20:53] Sampling done, obtained size: 100000
[UEDRS] [00:20:53] Memory Usage: RSS = 6501.21 MB, VMS = 16952.16 MB
[UEDRS] [00:00:37] Elapsed
[UEDRS] [00:20:53] Checking [LENSKIT][BIASED_MF][GOODREADS][100k]
[UEDRS] [00:20:53] Starting
[UEDRS] [00:26:11] Finished (1.6e-05)
[UEDRS] [00:26:11] Memory Usage: RSS = 6442.09 MB, VMS = 16980.16 MB
[UEDRS] [00:05:18] Elapsed

[UEDRS] [00:26:11] Memory Usage: RSS = 6442.09 MB, VMS = 16980.16 MB
[UEDRS] [00:26:11] Releasing dataframe from memory
[UEDRS] [00:26:11] Memory Usage: RSS = 6427.29 MB, VMS = 16965.16 MB
[UEDRS] [00:26:11] Dataset: LASTFM
[UEDRS] [00:26:11] Loading
[UEDRS] [00:26:22] Loading done
[UEDRS] [00:26:22] Memory Usage: RSS = 10377.57 MB, VMS = 20889.16 MB
[UEDRS] [00:00:10] Elapsed
[UEDRS] [00:26:22] Sampling
[UEDRS] [00:26:42] Sampling done, obtained size: 100000
[UEDRS] [00:26:42] Memory Usage: RSS = 10376.57 MB, VMS = 20888.16 MB
[UEDRS] [00:00:20] Elapsed
[UEDRS] [00:26:42] Checking [LENSKIT][BIASED_MF][LASTFM][100k]
[UEDRS] [00:26:42] Starting
[UEDRS] [00:31:49] Finished (0)
[UEDRS] [00:31:49] Memory Usage: RSS = 6297.85 MB, VMS = 17235.16 MB
[UEDRS] [00:05:07] Elapsed

[UEDRS] [00:31:49] Memory Usage: RSS = 6297.85 MB, VMS = 17235.16 MB
[UEDRS] [00:31:49] Releasing dataframe from memory
[UEDRS] [00:31:50] Memory Usage: RSS = 6284.90 MB, VMS = 17222.16 MB
[UEDRS] [00:31:50] Desired size: 250000
[UEDRS] [00:31:50] Dataset: MYANIMELIST
[UEDRS] [00:31:50] Loading
[UEDRS] [00:31:50] Loading done
[UEDRS] [00:31:50] Memory Usage: RSS = 6289.68 MB, VMS = 17221.16 MB
[UEDRS] [00:00:00] Elapsed
[UEDRS] [00:31:50] Sampling
[UEDRS] [00:31:52] Sampling done, obtained size: 250000
[UEDRS] [00:31:52] Memory Usage: RSS = 6289.68 MB, VMS = 17221.16 MB
[UEDRS] [00:00:02] Elapsed
[UEDRS] [00:31:52] Checking [LENSKIT][BIASED_MF][MYANIMELIST][250k]
[UEDRS] [00:31:52] Starting
[UEDRS] [00:36:15] Finished (0.0049)
[UEDRS] [00:36:15] Memory Usage: RSS = 6147.43 MB, VMS = 17238.16 MB
[UEDRS] [00:04:22] Elapsed

[UEDRS] [00:36:15] Memory Usage: RSS = 6147.43 MB, VMS = 17238.16 MB
[UEDRS] [00:36:15] Releasing dataframe from memory
[UEDRS] [00:36:15] Memory Usage: RSS = 6138.15 MB, VMS = 17228.16 MB
[UEDRS] [00:36:15] Dataset: TMALL
[UEDRS] [00:36:15] Loading
[UEDRS] [00:36:15] Loading done
[UEDRS] [00:36:15] Memory Usage: RSS = 3122.31 MB, VMS = 17227.16 MB
[UEDRS] [00:00:00] Elapsed
[UEDRS] [00:36:15] Sampling
[UEDRS] [00:36:38] Sampling done, obtained size: 250000
[UEDRS] [00:36:38] Memory Usage: RSS = 3121.33 MB, VMS = 17226.16 MB
[UEDRS] [00:00:22] Elapsed
[UEDRS] [00:36:38] Checking [LENSKIT][BIASED_MF][TMALL][250k]
[UEDRS] [00:36:38] Starting
[UEDRS] [00:46:01] Finished (1.8e-05)
[UEDRS] [00:46:01] Memory Usage: RSS = 3154.41 MB, VMS = 17249.16 MB
[UEDRS] [00:09:23] Elapsed

[UEDRS] [00:46:01] Memory Usage: RSS = 3154.41 MB, VMS = 17249.16 MB
[UEDRS] [00:46:01] Releasing dataframe from memory
[UEDRS] [00:46:01] Memory Usage: RSS = 3138.33 MB, VMS = 17232.16 MB
[UEDRS] [00:46:01] Dataset: MOVIELENS
[UEDRS] [00:46:01] Loading
[UEDRS] [00:46:01] Loading done
[UEDRS] [00:46:01] Memory Usage: RSS = 3827.29 MB, VMS = 17476.31 MB
[UEDRS] [00:00:00] Elapsed
[UEDRS] [00:46:01] Sampling
[UEDRS] [00:46:09] Sampling done, obtained size: 250000
[UEDRS] [00:46:09] Memory Usage: RSS = 3582.22 MB, VMS = 17231.16 MB
[UEDRS] [00:00:07] Elapsed
[UEDRS] [00:46:09] Checking [LENSKIT][BIASED_MF][MOVIELENS][250k]
[UEDRS] [00:46:09] Skipping (0.0013)
[UEDRS] [00:46:09] Memory Usage: RSS = 3582.22 MB, VMS = 17231.16 MB
[UEDRS] [00:46:09] Releasing dataframe from memory
[UEDRS] [00:46:09] Memory Usage: RSS = 3581.22 MB, VMS = 17230.16 MB
[UEDRS] [00:46:09] Dataset: MUSIC4ALL
[UEDRS] [00:46:09] Loading
[UEDRS] [00:46:13] Loading done
[UEDRS] [00:46:13] Memory Usage: RSS = 5361.89 MB, VMS = 17993.35 MB
[UEDRS] [00:00:03] Elapsed
[UEDRS] [00:46:13] Sampling
[UEDRS] [00:46:20] Sampling done, obtained size: 250000
[UEDRS] [00:46:20] Memory Usage: RSS = 4598.70 MB, VMS = 17230.16 MB
[UEDRS] [00:00:07] Elapsed
[UEDRS] [00:46:20] Checking [LENSKIT][BIASED_MF][MUSIC4ALL][250k]
[UEDRS] [00:46:20] Skipping (8.3e-05)
[UEDRS] [00:46:20] Memory Usage: RSS = 4598.70 MB, VMS = 17230.16 MB
[UEDRS] [00:46:20] Releasing dataframe from memory
[UEDRS] [00:46:20] Memory Usage: RSS = 4598.70 MB, VMS = 17230.16 MB
[UEDRS] [00:46:20] Dataset: NETFLIX
[UEDRS] [00:46:20] Loading
[UEDRS] [00:46:21] Loading done
[UEDRS] [00:46:21] Memory Usage: RSS = 5766.50 MB, VMS = 17996.77 MB
[UEDRS] [00:00:01] Elapsed
[UEDRS] [00:46:21] Sampling
[UEDRS] [00:46:51] Sampling done, obtained size: 250000
[UEDRS] [00:46:51] Memory Usage: RSS = 4999.91 MB, VMS = 17230.16 MB
[UEDRS] [00:00:29] Elapsed
[UEDRS] [00:46:51] Checking [LENSKIT][BIASED_MF][NETFLIX][250k]
[UEDRS] [00:46:51] Skipping (0.00039)
[UEDRS] [00:46:51] Memory Usage: RSS = 4999.91 MB, VMS = 17230.16 MB
[UEDRS] [00:46:51] Releasing dataframe from memory
[UEDRS] [00:46:51] Memory Usage: RSS = 4999.91 MB, VMS = 17230.16 MB
[UEDRS] [00:46:51] Dataset: YAHOO
[UEDRS] [00:46:51] Loading
[UEDRS] [00:46:53] Loading done
[UEDRS] [00:46:53] Memory Usage: RSS = 5671.44 MB, VMS = 17229.16 MB
[UEDRS] [00:00:01] Elapsed
[UEDRS] [00:46:53] Sampling
[UEDRS] [00:47:53] Sampling done, obtained size: 250000
[UEDRS] [00:47:53] Memory Usage: RSS = 5678.43 MB, VMS = 17230.16 MB
[UEDRS] [00:01:00] Elapsed
[UEDRS] [00:47:53] Checking [LENSKIT][BIASED_MF][YAHOO][250k]
[UEDRS] [00:47:53] Starting
[UEDRS] [00:55:20] Finished (2.7e-05)
[UEDRS] [00:55:20] Memory Usage: RSS = 5680.08 MB, VMS = 17268.16 MB
[UEDRS] [00:07:26] Elapsed

[UEDRS] [00:55:20] Memory Usage: RSS = 5680.08 MB, VMS = 17268.16 MB
[UEDRS] [00:55:20] Releasing dataframe from memory
[UEDRS] [00:55:20] Memory Usage: RSS = 5660.10 MB, VMS = 17248.16 MB
[UEDRS] [00:55:20] Dataset: ALIBABA
[UEDRS] [00:55:20] Loading
[UEDRS] [00:55:21] Loading done
[UEDRS] [00:55:21] Memory Usage: RSS = 6249.55 MB, VMS = 17248.16 MB
[UEDRS] [00:00:01] Elapsed
[UEDRS] [00:55:21] Sampling
[UEDRS] [00:57:22] Sampling done, obtained size: 250000
[UEDRS] [00:57:22] Memory Usage: RSS = 6248.74 MB, VMS = 17248.30 MB
[UEDRS] [00:02:00] Elapsed
[UEDRS] [00:57:22] Checking [LENSKIT][BIASED_MF][ALIBABA][250k]
[UEDRS] [00:57:22] Starting
[UEDRS]
[00:59:51]
Exception handled:
'Column rating does not exist in schema'
[UEDRS] [00:59:52] Finished (-1)
[UEDRS] [00:59:52] Memory Usage: RSS = 6264.18 MB, VMS = 17262.30 MB
[UEDRS] [00:02:29] Elapsed

[UEDRS] [00:59:52] Memory Usage: RSS = 6264.18 MB, VMS = 17262.30 MB
[UEDRS] [00:59:52] Releasing dataframe from memory
[UEDRS] [00:59:52] Memory Usage: RSS = 6256.20 MB, VMS = 17254.30 MB
[UEDRS] [00:59:52] Dataset: GOODREADS
[UEDRS] [00:59:52] Loading
[UEDRS] [00:59:54] Loading done
[UEDRS] [00:59:54] Memory Usage: RSS = 6987.99 MB, VMS = 17253.30 MB
[UEDRS] [00:00:01] Elapsed
[UEDRS] [00:59:54] Sampling
[UEDRS] [01:04:25] Sampling done, obtained size: 250000
[UEDRS] [01:04:25] Memory Usage: RSS = 6987.53 MB, VMS = 17253.30 MB
[UEDRS] [00:04:31] Elapsed
[UEDRS] [01:04:25] Checking [LENSKIT][BIASED_MF][GOODREADS][250k]
[UEDRS] [01:04:25] Starting
[UEDRS] [01:14:14] Finished (7.9e-05)
[UEDRS] [01:14:14] Memory Usage: RSS = 6908.52 MB, VMS = 17273.29 MB
[UEDRS] [00:09:48] Elapsed

[UEDRS] [01:14:14] Memory Usage: RSS = 6908.52 MB, VMS = 17273.29 MB
[UEDRS] [01:14:14] Releasing dataframe from memory
[UEDRS] [01:14:14] Memory Usage: RSS = 6884.60 MB, VMS = 17249.29 MB
[UEDRS] [01:14:14] Dataset: LASTFM
[UEDRS] [01:14:14] Loading
[UEDRS] [01:14:25] Loading done
[UEDRS] [01:14:25] Memory Usage: RSS = 12800.12 MB, VMS = 21300.29 MB
[UEDRS] [00:00:10] Elapsed
[UEDRS] [01:14:25] Sampling
[UEDRS] [01:14:45] Sampling done, obtained size: 250000
[UEDRS] [01:14:45] Memory Usage: RSS = 12799.12 MB, VMS = 21299.29 MB
[UEDRS] [00:00:20] Elapsed
[UEDRS] [01:14:45] Checking [LENSKIT][BIASED_MF][LASTFM][250k]
[UEDRS] [01:14:45] Starting
[UEDRS] [01:21:46] Finished (0)
[UEDRS] [01:21:46] Memory Usage: RSS = 8882.32 MB, VMS = 17642.29 MB
[UEDRS] [00:07:01] Elapsed

[UEDRS] [01:21:46] Memory Usage: RSS = 8882.32 MB, VMS = 17642.29 MB
[UEDRS] [01:21:46] Releasing dataframe from memory
[UEDRS] [01:21:46] Memory Usage: RSS = 8876.37 MB, VMS = 17636.29 MB
[UEDRS] [01:21:46] Desired size: 500000
[UEDRS] [01:21:46] Dataset: MYANIMELIST
[UEDRS] [01:21:46] Loading
[UEDRS] [01:21:46] Loading done
[UEDRS] [01:21:46] Memory Usage: RSS = 8741.46 MB, VMS = 17636.29 MB
[UEDRS] [00:00:00] Elapsed
[UEDRS] [01:21:46] Sampling
[UEDRS] [01:21:49] Sampling done, obtained size: 500000
[UEDRS] [01:21:49] Memory Usage: RSS = 8740.94 MB, VMS = 17635.29 MB
[UEDRS] [00:00:02] Elapsed
[UEDRS] [01:21:49] Checking [LENSKIT][BIASED_MF][MYANIMELIST][500k]
[UEDRS] [01:21:49] Starting
[UEDRS] [01:26:36] Finished (0.0068)
[UEDRS] [01:26:36] Memory Usage: RSS = 8746.21 MB, VMS = 17648.29 MB
[UEDRS] [00:04:46] Elapsed

[UEDRS] [01:26:36] Memory Usage: RSS = 8746.21 MB, VMS = 17648.29 MB
[UEDRS] [01:26:36] Releasing dataframe from memory
[UEDRS] [01:26:36] Memory Usage: RSS = 8741.03 MB, VMS = 17642.29 MB
[UEDRS] [01:26:36] Dataset: TMALL
[UEDRS] [01:26:36] Loading
[UEDRS] [01:26:36] Loading done
[UEDRS] [01:26:36] Memory Usage: RSS = 8812.97 MB, VMS = 17640.29 MB
[UEDRS] [00:00:00] Elapsed
[UEDRS] [01:26:36] Sampling
[UEDRS] [01:26:57] Sampling done, obtained size: 500000
[UEDRS] [01:26:57] Memory Usage: RSS = 8813.00 MB, VMS = 17640.29 MB
[UEDRS] [00:00:21] Elapsed
[UEDRS] [01:26:57] Checking [LENSKIT][BIASED_MF][TMALL][500k]
[UEDRS] [01:26:57] Starting
[UEDRS] [01:43:20] Finished (1.7e-05)
[UEDRS] [01:43:20] Memory Usage: RSS = 8870.36 MB, VMS = 17682.29 MB
[UEDRS] [00:16:23] Elapsed

[UEDRS] [01:43:20] Memory Usage: RSS = 8870.36 MB, VMS = 17682.29 MB
[UEDRS] [01:43:20] Releasing dataframe from memory
[UEDRS] [01:43:21] Memory Usage: RSS = 8839.56 MB, VMS = 17651.29 MB
[UEDRS] [01:43:21] Dataset: MOVIELENS
[UEDRS] [01:43:21] Loading
[UEDRS] [01:43:21] Loading done
[UEDRS] [01:43:21] Memory Usage: RSS = 9137.86 MB, VMS = 17895.44 MB
[UEDRS] [00:00:00] Elapsed
[UEDRS] [01:43:21] Sampling
[UEDRS] [01:43:29] Sampling done, obtained size: 500000
[UEDRS] [01:43:29] Memory Usage: RSS = 8892.71 MB, VMS = 17650.29 MB
[UEDRS] [00:00:08] Elapsed
[UEDRS] [01:43:29] Checking [LENSKIT][BIASED_MF][MOVIELENS][500k]
[UEDRS] [01:43:29] Skipping (0.0026)
[UEDRS] [01:43:29] Memory Usage: RSS = 8892.71 MB, VMS = 17650.29 MB
[UEDRS] [01:43:29] Releasing dataframe from memory
[UEDRS] [01:43:29] Memory Usage: RSS = 8890.71 MB, VMS = 17648.29 MB
[UEDRS] [01:43:29] Dataset: MUSIC4ALL
[UEDRS] [01:43:29] Loading
[UEDRS] [01:43:33] Loading done
[UEDRS] [01:43:33] Memory Usage: RSS = 9589.57 MB, VMS = 18411.48 MB
[UEDRS] [00:00:03] Elapsed
[UEDRS] [01:43:33] Sampling
[UEDRS] [01:43:40] Sampling done, obtained size: 500000
[UEDRS] [01:43:40] Memory Usage: RSS = 8826.40 MB, VMS = 17648.29 MB
[UEDRS] [00:00:07] Elapsed
[UEDRS] [01:43:40] Checking [LENSKIT][BIASED_MF][MUSIC4ALL][500k]
[UEDRS] [01:43:40] Skipping (0.00012)
[UEDRS] [01:43:40] Memory Usage: RSS = 8826.40 MB, VMS = 17648.29 MB
[UEDRS] [01:43:40] Releasing dataframe from memory
[UEDRS] [01:43:41] Memory Usage: RSS = 8826.40 MB, VMS = 17648.29 MB
[UEDRS] [01:43:41] Dataset: NETFLIX
[UEDRS] [01:43:41] Loading
[UEDRS] [01:43:42] Loading done
[UEDRS] [01:43:42] Memory Usage: RSS = 9562.51 MB, VMS = 18414.90 MB
[UEDRS] [00:00:01] Elapsed
[UEDRS] [01:43:42] Sampling
[UEDRS] [01:44:13] Sampling done, obtained size: 500000
[UEDRS] [01:44:13] Memory Usage: RSS = 8795.90 MB, VMS = 17648.29 MB
[UEDRS] [00:00:31] Elapsed
[UEDRS] [01:44:13] Checking [LENSKIT][BIASED_MF][NETFLIX][500k]
[UEDRS] [01:44:13] Skipping (0.00094)
[UEDRS] [01:44:13] Memory Usage: RSS = 8795.90 MB, VMS = 17648.29 MB
[UEDRS] [01:44:13] Releasing dataframe from memory
[UEDRS] [01:44:13] Memory Usage: RSS = 8795.90 MB, VMS = 17648.29 MB
[UEDRS] [01:44:13] Dataset: YAHOO
[UEDRS] [01:44:13] Loading
[UEDRS] [01:44:15] Loading done
[UEDRS] [01:44:15] Memory Usage: RSS = 8826.20 MB, VMS = 17648.29 MB
[UEDRS] [00:00:01] Elapsed
[UEDRS] [01:44:15] Sampling
[UEDRS] [01:45:16] Sampling done, obtained size: 500000
[UEDRS] [01:45:16] Memory Usage: RSS = 8827.16 MB, VMS = 17648.29 MB
[UEDRS] [00:01:01] Elapsed
[UEDRS] [01:45:16] Checking [LENSKIT][BIASED_MF][YAHOO][500k]
[UEDRS] [01:45:16] Starting
[UEDRS] [01:57:35] Finished (2.5e-05)
[UEDRS] [01:57:35] Memory Usage: RSS = 8821.03 MB, VMS = 17740.16 MB
[UEDRS] [00:12:18] Elapsed

[UEDRS] [01:57:35] Memory Usage: RSS = 8821.03 MB, VMS = 17740.16 MB
[UEDRS] [01:57:35] Releasing dataframe from memory
[UEDRS] [01:57:35] Memory Usage: RSS = 8792.84 MB, VMS = 17711.16 MB
[UEDRS] [01:57:35] Dataset: ALIBABA
[UEDRS] [01:57:35] Loading
[UEDRS] [01:57:36] Loading done
[UEDRS] [01:57:36] Memory Usage: RSS = 8898.91 MB, VMS = 17710.16 MB
[UEDRS] [00:00:01] Elapsed
[UEDRS] [01:57:36] Sampling
[UEDRS] [01:59:33] Sampling done, obtained size: 500000
[UEDRS] [01:59:33] Memory Usage: RSS = 8924.57 MB, VMS = 17736.59 MB
[UEDRS] [00:01:56] Elapsed
[UEDRS] [01:59:33] Checking [LENSKIT][BIASED_MF][ALIBABA][500k]
[UEDRS] [01:59:33] Starting
[UEDRS]
[02:07:13]
Exception handled:
'Column rating does not exist in schema'
[UEDRS] [02:07:14] Finished (-1)
[UEDRS] [02:07:14] Memory Usage: RSS = 8838.40 MB, VMS = 17745.59 MB
[UEDRS] [00:07:41] Elapsed

[UEDRS] [02:07:14] Memory Usage: RSS = 8838.40 MB, VMS = 17745.59 MB
[UEDRS] [02:07:14] Releasing dataframe from memory
[UEDRS] [02:07:14] Memory Usage: RSS = 8829.40 MB, VMS = 17736.59 MB
[UEDRS] [02:07:14] Dataset: GOODREADS
[UEDRS] [02:07:14] Loading
[UEDRS] [02:07:16] Loading done
[UEDRS] [02:07:16] Memory Usage: RSS = 8959.82 MB, VMS = 17736.59 MB
[UEDRS] [00:00:01] Elapsed
[UEDRS] [02:07:16] Sampling
[UEDRS] [02:07:53] Sampling done, obtained size: 500000
[UEDRS] [02:07:53] Memory Usage: RSS = 8959.55 MB, VMS = 17735.59 MB
[UEDRS] [00:00:37] Elapsed
[UEDRS] [02:07:53] Checking [LENSKIT][BIASED_MF][GOODREADS][500k]
[UEDRS] [02:07:53] Starting
[UEDRS] [02:23:59] Finished (0.00018)
[UEDRS] [02:23:59] Memory Usage: RSS = 8938.36 MB, VMS = 17772.59 MB
[UEDRS] [00:16:06] Elapsed

[UEDRS] [02:23:59] Memory Usage: RSS = 8938.36 MB, VMS = 17772.59 MB
[UEDRS] [02:23:59] Releasing dataframe from memory
[UEDRS] [02:23:59] Memory Usage: RSS = 8905.84 MB, VMS = 17739.59 MB
[UEDRS] [02:23:59] Dataset: LASTFM
[UEDRS] [02:23:59] Loading
[UEDRS] [02:24:03] Loading done
[UEDRS] [02:24:03] Memory Usage: RSS = 12961.78 MB, VMS = 21407.59 MB
[UEDRS] [00:00:03] Elapsed
[UEDRS] [02:24:03] Sampling
[UEDRS] [02:24:23] Sampling done, obtained size: 500000
[UEDRS] [02:24:23] Memory Usage: RSS = 12961.78 MB, VMS = 21407.59 MB
[UEDRS] [00:00:20] Elapsed
[UEDRS] [02:24:23] Checking [LENSKIT][BIASED_MF][LASTFM][500k]
[UEDRS] [02:24:23] Starting
[UEDRS] [02:35:31] Finished (4.3e-06)
[UEDRS] [02:35:31] Memory Usage: RSS = 9102.64 MB, VMS = 17687.59 MB
[UEDRS] [00:11:07] Elapsed

[UEDRS] [02:35:31] Memory Usage: RSS = 9102.64 MB, VMS = 17687.59 MB
[UEDRS] [02:35:31] Releasing dataframe from memory
[UEDRS] [02:35:31] Memory Usage: RSS = 9091.68 MB, VMS = 17676.59 MB
[UEDRS] [02:35:31] Desired size: 750000
[UEDRS] [02:35:31] Dataset: MYANIMELIST
[UEDRS] [02:35:31] Loading
[UEDRS] [02:35:31] Loading done
[UEDRS] [02:35:31] Memory Usage: RSS = 8979.54 MB, VMS = 17676.59 MB
[UEDRS] [00:00:00] Elapsed
[UEDRS] [02:35:31] Sampling
[UEDRS] [02:35:34] Sampling done, obtained size: 750000
[UEDRS] [02:35:34] Memory Usage: RSS = 8977.54 MB, VMS = 17674.59 MB
[UEDRS] [00:00:02] Elapsed
[UEDRS] [02:35:34] Checking [LENSKIT][BIASED_MF][MYANIMELIST][750k]
[UEDRS] [02:35:34] Starting
[UEDRS] [02:40:20] Finished (0.01)
[UEDRS] [02:40:20] Memory Usage: RSS = 8822.23 MB, VMS = 17666.59 MB
[UEDRS] [00:04:46] Elapsed

[UEDRS] [02:40:20] Memory Usage: RSS = 8822.23 MB, VMS = 17666.59 MB
[UEDRS] [02:40:20] Releasing dataframe from memory
[UEDRS] [02:40:20] Memory Usage: RSS = 8819.25 MB, VMS = 17663.59 MB
[UEDRS] [02:40:20] Dataset: TMALL
[UEDRS] [02:40:20] Loading
[UEDRS] [02:40:21] Loading done
[UEDRS] [02:40:21] Memory Usage: RSS = 8873.84 MB, VMS = 17663.59 MB
[UEDRS] [00:00:00] Elapsed
[UEDRS] [02:40:21] Sampling
[UEDRS] [02:40:42] Sampling done, obtained size: 750000
[UEDRS] [02:40:42] Memory Usage: RSS = 8872.88 MB, VMS = 17662.59 MB
[UEDRS] [00:00:20] Elapsed
[UEDRS] [02:40:42] Checking [LENSKIT][BIASED_MF][TMALL][750k]
[UEDRS] [02:40:42] Starting
[UEDRS] [03:03:48] Finished (2.6e-05)
[UEDRS] [03:03:48] Memory Usage: RSS = 8910.66 MB, VMS = 17779.59 MB
[UEDRS] [00:23:06] Elapsed

[UEDRS] [03:03:48] Memory Usage: RSS = 8910.66 MB, VMS = 17779.59 MB
[UEDRS] [03:03:48] Releasing dataframe from memory
[UEDRS] [03:03:48] Memory Usage: RSS = 8880.27 MB, VMS = 17748.59 MB
[UEDRS] [03:03:48] Dataset: MOVIELENS
[UEDRS] [03:03:48] Loading
[UEDRS] [03:03:48] Loading done
[UEDRS] [03:03:48] Memory Usage: RSS = 9196.79 MB, VMS = 17992.74 MB
[UEDRS] [00:00:00] Elapsed
[UEDRS] [03:03:48] Sampling
[UEDRS] [03:03:56] Sampling done, obtained size: 750000
[UEDRS] [03:03:56] Memory Usage: RSS = 8952.64 MB, VMS = 17748.59 MB
[UEDRS] [00:00:07] Elapsed
[UEDRS] [03:03:56] Checking [LENSKIT][BIASED_MF][MOVIELENS][750k]
[UEDRS] [03:03:56] Skipping (0.0037)
[UEDRS] [03:03:56] Memory Usage: RSS = 8952.64 MB, VMS = 17748.59 MB
[UEDRS] [03:03:56] Releasing dataframe from memory
[UEDRS] [03:03:56] Memory Usage: RSS = 8950.64 MB, VMS = 17746.59 MB
[UEDRS] [03:03:56] Dataset: MUSIC4ALL
[UEDRS] [03:03:56] Loading
[UEDRS] [03:04:00] Loading done
[UEDRS] [03:04:00] Memory Usage: RSS = 9710.20 MB, VMS = 18509.78 MB
[UEDRS] [00:00:03] Elapsed
[UEDRS] [03:04:00] Sampling
[UEDRS] [03:04:07] Sampling done, obtained size: 750000
[UEDRS] [03:04:07] Memory Usage: RSS = 8947.01 MB, VMS = 17746.59 MB
[UEDRS] [00:00:07] Elapsed
[UEDRS] [03:04:07] Checking [LENSKIT][BIASED_MF][MUSIC4ALL][750k]
[UEDRS] [03:04:07] Skipping (8.2e-05)
[UEDRS] [03:04:07] Memory Usage: RSS = 8947.01 MB, VMS = 17746.59 MB
[UEDRS] [03:04:07] Releasing dataframe from memory
[UEDRS] [03:04:07] Memory Usage: RSS = 8947.01 MB, VMS = 17746.59 MB
[UEDRS] [03:04:07] Dataset: NETFLIX
[UEDRS] [03:04:07] Loading
[UEDRS] [03:04:08] Loading done
[UEDRS] [03:04:08] Memory Usage: RSS = 9683.60 MB, VMS = 18513.20 MB
[UEDRS] [00:00:01] Elapsed
[UEDRS] [03:04:08] Sampling
[UEDRS] [03:04:39] Sampling done, obtained size: 750000
[UEDRS] [03:04:39] Memory Usage: RSS = 8917.49 MB, VMS = 17746.59 MB
[UEDRS] [00:00:30] Elapsed
[UEDRS] [03:04:39] Checking [LENSKIT][BIASED_MF][NETFLIX][750k]
[UEDRS] [03:04:39] Skipping (0.0015)
[UEDRS] [03:04:39] Memory Usage: RSS = 8917.49 MB, VMS = 17746.59 MB
[UEDRS] [03:04:39] Releasing dataframe from memory
[UEDRS] [03:04:39] Memory Usage: RSS = 8917.49 MB, VMS = 17746.59 MB
[UEDRS] [03:04:39] Dataset: YAHOO
[UEDRS] [03:04:39] Loading
[UEDRS] [03:04:40] Loading done
[UEDRS] [03:04:40] Memory Usage: RSS = 8934.28 MB, VMS = 17746.59 MB
[UEDRS] [00:00:01] Elapsed
[UEDRS] [03:04:40] Sampling
[UEDRS] [03:05:41] Sampling done, obtained size: 750000
[UEDRS] [03:05:41] Memory Usage: RSS = 8934.21 MB, VMS = 17746.59 MB
[UEDRS] [00:01:00] Elapsed
[UEDRS] [03:05:41] Checking [LENSKIT][BIASED_MF][YAHOO][750k]
[UEDRS] [03:05:41] Starting
[UEDRS] [03:22:52] Finished (1.7e-05)
[UEDRS] [03:22:52] Memory Usage: RSS = 8946.91 MB, VMS = 17822.59 MB
[UEDRS] [00:17:10] Elapsed

[UEDRS] [03:22:52] Memory Usage: RSS = 8946.91 MB, VMS = 17822.59 MB
[UEDRS] [03:22:52] Releasing dataframe from memory
[UEDRS] [03:22:52] Memory Usage: RSS = 8912.80 MB, VMS = 17787.59 MB
[UEDRS] [03:22:52] Dataset: ALIBABA
[UEDRS] [03:22:52] Loading
[UEDRS] [03:22:53] Loading done
[UEDRS] [03:22:53] Memory Usage: RSS = 9078.47 MB, VMS = 17787.59 MB
[UEDRS] [00:00:01] Elapsed
[UEDRS] [03:22:53] Sampling
[UEDRS] [03:24:49] Sampling done, obtained size: 750000
[UEDRS] [03:24:49] Memory Usage: RSS = 9014.57 MB, VMS = 17724.38 MB
[UEDRS] [00:01:55] Elapsed
[UEDRS] [03:24:49] Checking [LENSKIT][BIASED_MF][ALIBABA][750k]
[UEDRS] [03:24:49] Starting
[UEDRS]
[03:40:40]
Exception handled:
'Column rating does not exist in schema'
[UEDRS] [03:40:41] Finished (-1)
[UEDRS] [03:40:41] Memory Usage: RSS = 8939.16 MB, VMS = 17757.34 MB
[UEDRS] [00:15:51] Elapsed

[UEDRS] [03:40:41] Memory Usage: RSS = 8939.16 MB, VMS = 17757.34 MB
[UEDRS] [03:40:41] Releasing dataframe from memory
[UEDRS] [03:40:41] Memory Usage: RSS = 8933.24 MB, VMS = 17751.34 MB
[UEDRS] [03:40:41] Dataset: GOODREADS
[UEDRS] [03:40:41] Loading
[UEDRS] [03:40:43] Loading done
[UEDRS] [03:40:43] Memory Usage: RSS = 9102.89 MB, VMS = 17750.34 MB
[UEDRS] [00:00:01] Elapsed
[UEDRS] [03:40:43] Sampling
[UEDRS] [03:41:21] Sampling done, obtained size: 750000
[UEDRS] [03:41:21] Memory Usage: RSS = 9102.98 MB, VMS = 17750.34 MB
[UEDRS] [00:00:37] Elapsed
[UEDRS] [03:41:21] Checking [LENSKIT][BIASED_MF][GOODREADS][750k]
[UEDRS] [03:41:21] Starting
[UEDRS] [04:04:57] Finished (0.0004)
[UEDRS] [04:04:57] Memory Usage: RSS = 9015.77 MB, VMS = 17849.36 MB
[UEDRS] [00:23:36] Elapsed

[UEDRS] [04:04:57] Memory Usage: RSS = 9014.77 MB, VMS = 17848.36 MB
[UEDRS] [04:04:57] Releasing dataframe from memory
[UEDRS] [04:04:57] Memory Usage: RSS = 8977.42 MB, VMS = 17810.36 MB
[UEDRS] [04:04:57] Dataset: LASTFM
[UEDRS] [04:04:57] Loading
[UEDRS] [04:05:00] Loading done
[UEDRS] [04:05:00] Memory Usage: RSS = 13082.11 MB, VMS = 21404.45 MB
[UEDRS] [00:00:03] Elapsed
[UEDRS] [04:05:00] Sampling
[UEDRS] [04:05:21] Sampling done, obtained size: 750000
[UEDRS] [04:05:21] Memory Usage: RSS = 13082.11 MB, VMS = 21404.45 MB
[UEDRS] [00:00:20] Elapsed
[UEDRS] [04:05:21] Checking [LENSKIT][BIASED_MF][LASTFM][750k]
[UEDRS] [04:05:21] Starting
[UEDRS] [04:18:02] Finished (7.4e-06)
[UEDRS] [04:18:02] Memory Usage: RSS = 9089.05 MB, VMS = 17865.45 MB
[UEDRS] [00:12:41] Elapsed

[UEDRS] [04:18:02] Memory Usage: RSS = 9089.05 MB, VMS = 17865.45 MB
[UEDRS] [04:18:02] Releasing dataframe from memory
[UEDRS] [04:18:02] Memory Usage: RSS = 9084.07 MB, VMS = 17860.45 MB
[UEDRS] [04:18:02] Desired size: 1000000
[UEDRS] [04:18:02] Dataset: MYANIMELIST
[UEDRS] [04:18:02] Loading
[UEDRS] [04:18:02] Loading done
[UEDRS] [04:18:02] Memory Usage: RSS = 8974.94 MB, VMS = 17860.45 MB
[UEDRS] [00:00:00] Elapsed
[UEDRS] [04:18:02] Sampling
[UEDRS] [04:18:05] Sampling done, obtained size: 1000000
[UEDRS] [04:18:05] Memory Usage: RSS = 8973.95 MB, VMS = 17859.45 MB
[UEDRS] [00:00:02] Elapsed
[UEDRS] [04:18:05] Checking [LENSKIT][BIASED_MF][MYANIMELIST][1m]
[UEDRS] [04:18:05] Starting
[UEDRS] [04:22:56] Finished (-1)
[UEDRS] [04:22:56] Memory Usage: RSS = 8821.96 MB, VMS = 17731.45 MB
[UEDRS] [00:04:51] Elapsed

[UEDRS] [04:22:56] Memory Usage: RSS = 8821.96 MB, VMS = 17731.45 MB
[UEDRS] [04:22:56] Releasing dataframe from memory
[UEDRS] [04:22:56] Memory Usage: RSS = 8814.01 MB, VMS = 17723.45 MB
[UEDRS] [04:22:56] Dataset: TMALL
[UEDRS] [04:22:56] Loading
[UEDRS] [04:22:57] Loading done
[UEDRS] [04:22:57] Memory Usage: RSS = 8879.53 MB, VMS = 17721.45 MB
[UEDRS] [00:00:00] Elapsed
[UEDRS] [04:22:57] Sampling
[UEDRS] [04:23:19] Sampling done, obtained size: 1000000
[UEDRS] [04:23:19] Memory Usage: RSS = 8879.53 MB, VMS = 17721.45 MB
[UEDRS] [00:00:22] Elapsed
[UEDRS] [04:23:19] Checking [LENSKIT][BIASED_MF][TMALL][1m]
[UEDRS] [04:23:19] Starting
[UEDRS] [04:52:43] Finished (3.7e-05)
[UEDRS] [04:52:43] Memory Usage: RSS = 8885.04 MB, VMS = 17792.71 MB
[UEDRS] [00:29:23] Elapsed

[UEDRS] [04:52:43] Memory Usage: RSS = 8885.04 MB, VMS = 17792.71 MB
[UEDRS] [04:52:43] Releasing dataframe from memory
[UEDRS] [04:52:43] Memory Usage: RSS = 8852.11 MB, VMS = 17759.71 MB
[UEDRS] [04:52:43] Dataset: MOVIELENS
[UEDRS] [04:52:43] Loading
[UEDRS] [04:52:44] Loading done
[UEDRS] [04:52:44] Memory Usage: RSS = 9197.56 MB, VMS = 18003.86 MB
[UEDRS] [00:00:00] Elapsed
[UEDRS] [04:52:44] Sampling
[UEDRS] [04:52:52] Sampling done, obtained size: 1000000
[UEDRS] [04:52:52] Memory Usage: RSS = 8951.41 MB, VMS = 17757.71 MB
[UEDRS] [00:00:08] Elapsed
[UEDRS] [04:52:52] Checking [LENSKIT][BIASED_MF][MOVIELENS][1m]
[UEDRS] [04:52:52] Skipping (0.0039)
[UEDRS] [04:52:52] Memory Usage: RSS = 8951.41 MB, VMS = 17757.71 MB
[UEDRS] [04:52:52] Releasing dataframe from memory
[UEDRS] [04:52:52] Memory Usage: RSS = 8949.43 MB, VMS = 17755.71 MB
[UEDRS] [04:52:52] Dataset: MUSIC4ALL
[UEDRS] [04:52:52] Loading
[UEDRS] [04:52:56] Loading done
[UEDRS] [04:52:56] Memory Usage: RSS = 9701.90 MB, VMS = 18518.89 MB
[UEDRS] [00:00:03] Elapsed
[UEDRS] [04:52:56] Sampling
[UEDRS] [04:53:04] Sampling done, obtained size: 1000000
[UEDRS] [04:53:04] Memory Usage: RSS = 8938.71 MB, VMS = 17755.71 MB
[UEDRS] [00:00:07] Elapsed
[UEDRS] [04:53:04] Checking [LENSKIT][BIASED_MF][MUSIC4ALL][1m]
[UEDRS] [04:53:04] Skipping (8.6e-05)
[UEDRS] [04:53:04] Memory Usage: RSS = 8938.71 MB, VMS = 17755.71 MB
[UEDRS] [04:53:04] Releasing dataframe from memory
[UEDRS] [04:53:04] Memory Usage: RSS = 8938.71 MB, VMS = 17755.71 MB
[UEDRS] [04:53:04] Dataset: NETFLIX
[UEDRS] [04:53:04] Loading
[UEDRS] [04:53:05] Loading done
[UEDRS] [04:53:05] Memory Usage: RSS = 9675.43 MB, VMS = 18522.32 MB
[UEDRS] [00:00:01] Elapsed
[UEDRS] [04:53:05] Sampling
[UEDRS] [04:53:38] Sampling done, obtained size: 1000000
[UEDRS] [04:53:38] Memory Usage: RSS = 8908.82 MB, VMS = 17755.71 MB
[UEDRS] [00:00:33] Elapsed
[UEDRS] [04:53:38] Checking [LENSKIT][BIASED_MF][NETFLIX][1m]
[UEDRS] [04:53:38] Skipping (0.002)
[UEDRS] [04:53:38] Memory Usage: RSS = 8908.82 MB, VMS = 17755.71 MB
[UEDRS] [04:53:38] Releasing dataframe from memory
[UEDRS] [04:53:38] Memory Usage: RSS = 8908.82 MB, VMS = 17755.71 MB
[UEDRS] [04:53:38] Dataset: YAHOO
[UEDRS] [04:53:38] Loading
[UEDRS] [04:53:39] Loading done
[UEDRS] [04:53:39] Memory Usage: RSS = 8930.83 MB, VMS = 17755.71 MB
[UEDRS] [00:00:01] Elapsed
[UEDRS] [04:53:39] Sampling
[UEDRS] [04:54:41] Sampling done, obtained size: 1000000
[UEDRS] [04:54:41] Memory Usage: RSS = 8930.16 MB, VMS = 17755.71 MB
[UEDRS] [00:01:01] Elapsed
[UEDRS] [04:54:41] Checking [LENSKIT][BIASED_MF][YAHOO][1m]
[UEDRS] [04:54:41] Starting
[UEDRS] [05:17:07] Finished (2.7e-05)
[UEDRS] [05:17:07] Memory Usage: RSS = 9036.09 MB, VMS = 18008.94 MB
[UEDRS] [00:22:26] Elapsed

[UEDRS] [05:17:07] Memory Usage: RSS = 9036.09 MB, VMS = 18008.94 MB
[UEDRS] [05:17:07] Releasing dataframe from memory
[UEDRS] [05:17:08] Memory Usage: RSS = 8999.53 MB, VMS = 17971.94 MB
[UEDRS] [05:17:08] Dataset: ALIBABA
[UEDRS] [05:17:08] Loading
[UEDRS] [05:17:09] Loading done
[UEDRS] [05:17:09] Memory Usage: RSS = 9170.21 MB, VMS = 17970.94 MB
[UEDRS] [00:00:01] Elapsed
[UEDRS] [05:17:09] Sampling
[UEDRS] [05:19:04] Sampling done, obtained size: 1000000
[UEDRS] [05:19:04] Memory Usage: RSS = 9170.21 MB, VMS = 17970.94 MB
[UEDRS] [00:01:55] Elapsed
[UEDRS] [05:19:04] Checking [LENSKIT][BIASED_MF][ALIBABA][1m]
[UEDRS] [05:19:04] Starting
[UEDRS]
[05:45:01]
Exception handled:
'Column rating does not exist in schema'
[UEDRS] [05:45:02] Finished (-1)
[UEDRS] [05:45:02] Memory Usage: RSS = 9184.37 MB, VMS = 18116.90 MB
[UEDRS] [00:25:58] Elapsed

[UEDRS] [05:45:02] Memory Usage: RSS = 9184.37 MB, VMS = 18116.90 MB
[UEDRS] [05:45:02] Releasing dataframe from memory
[UEDRS] [05:45:02] Memory Usage: RSS = 9171.39 MB, VMS = 18103.90 MB
[UEDRS] [05:45:02] Dataset: GOODREADS
[UEDRS] [05:45:02] Loading
[UEDRS] [05:45:04] Loading done
[UEDRS] [05:45:04] Memory Usage: RSS = 9362.30 MB, VMS = 18103.90 MB
[UEDRS] [00:00:01] Elapsed
[UEDRS] [05:45:04] Sampling
[UEDRS] [05:45:42] Sampling done, obtained size: 1000000
[UEDRS] [05:45:42] Memory Usage: RSS = 9360.84 MB, VMS = 18101.90 MB
[UEDRS] [00:00:37] Elapsed
[UEDRS] [05:45:42] Checking [LENSKIT][BIASED_MF][GOODREADS][1m]
[UEDRS] [05:45:42] Starting
[UEDRS] [06:15:28] Finished (0.00056)
[UEDRS] [06:15:28] Memory Usage: RSS = 9305.73 MB, VMS = 18142.39 MB
[UEDRS] [00:29:46] Elapsed

[UEDRS] [06:15:28] Memory Usage: RSS = 9305.73 MB, VMS = 18142.39 MB
[UEDRS] [06:15:28] Releasing dataframe from memory
[UEDRS] [06:15:28] Memory Usage: RSS = 9265.18 MB, VMS = 18101.39 MB
[UEDRS] [06:15:28] Dataset: LASTFM
[UEDRS] [06:15:28] Loading
[UEDRS] [06:15:31] Loading done
[UEDRS] [06:15:31] Memory Usage: RSS = 13425.32 MB, VMS = 21768.39 MB
[UEDRS] [00:00:03] Elapsed
[UEDRS] [06:15:31] Sampling
[UEDRS] [06:15:52] Sampling done, obtained size: 1000000
[UEDRS] [06:15:52] Memory Usage: RSS = 13425.32 MB, VMS = 21768.39 MB
[UEDRS] [00:00:20] Elapsed
[UEDRS] [06:15:52] Checking [LENSKIT][BIASED_MF][LASTFM][1m]
[UEDRS] [06:15:52] Starting
[UEDRS] [06:33:25] Finished (0)
[UEDRS] [06:33:25] Memory Usage: RSS = 6644.84 MB, VMS = 18170.39 MB
[UEDRS] [00:17:33] Elapsed

[UEDRS] [06:33:25] Memory Usage: RSS = 6644.84 MB, VMS = 18170.39 MB
[UEDRS] [06:33:25] Releasing dataframe from memory
[UEDRS] [06:33:26] Memory Usage: RSS = 6638.86 MB, VMS = 18164.39 MB
[UEDRS] [06:33:26] Desired size: 25000000
[UEDRS] [06:33:26] Dataset: MYANIMELIST
[UEDRS] [06:33:26] Loading
[UEDRS] [06:33:26] Loading done
[UEDRS] [06:33:26] Memory Usage: RSS = 6711.36 MB, VMS = 18164.39 MB
[UEDRS] [00:00:00] Elapsed
[UEDRS] [06:33:26] Sampling
[UEDRS] [06:33:26] Sampling done, obtained size: 7813730
[UEDRS] [06:33:26] Memory Usage: RSS = 6711.36 MB, VMS = 18164.39 MB
[UEDRS] [00:00:00] Elapsed
[UEDRS] [06:33:26] Checking [LENSKIT][BIASED_MF][MYANIMELIST][8m]
[UEDRS] [06:33:26] Starting
[UEDRS] [06:38:25] Finished (0.033)
[UEDRS] [06:38:25] Memory Usage: RSS = 6820.42 MB, VMS = 18103.39 MB
[UEDRS] [00:04:59] Elapsed

[UEDRS] [06:38:25] Memory Usage: RSS = 6820.42 MB, VMS = 18103.39 MB
[UEDRS] [06:38:25] Releasing dataframe from memory
[UEDRS] [06:38:25] Memory Usage: RSS = 6812.88 MB, VMS = 18095.39 MB
[UEDRS] [06:38:25] Dataset: TMALL
[UEDRS] [06:38:25] Loading
[UEDRS] [06:38:25] Loading done
[UEDRS] [06:38:25] Memory Usage: RSS = 6889.77 MB, VMS = 18094.39 MB
[UEDRS] [00:00:00] Elapsed
[UEDRS] [06:38:25] Sampling
[UEDRS] [06:38:25] Sampling done, obtained size: 24363557
[UEDRS] [06:38:25] Memory Usage: RSS = 6889.77 MB, VMS = 18094.39 MB
[UEDRS] [00:00:00] Elapsed
[UEDRS] [06:38:25] Checking [LENSKIT][BIASED_MF][TMALL][24m]
[UEDRS] [06:38:25] Starting
[UEDRS] [13:10:54] Finished (3e-06)
[UEDRS] [13:10:54] Memory Usage: RSS = 6606.71 MB, VMS = 18549.18 MB
[UEDRS] [06:32:28] Elapsed

[UEDRS] [13:10:54] Memory Usage: RSS = 6606.71 MB, VMS = 18549.18 MB
[UEDRS] [13:10:54] Releasing dataframe from memory
[UEDRS] [13:10:54] Memory Usage: RSS = 6548.02 MB, VMS = 18490.18 MB
[UEDRS] [13:10:54] Dataset: MOVIELENS
[UEDRS] [13:10:54] Loading
[UEDRS] [13:10:55] Loading done
[UEDRS] [13:10:55] Memory Usage: RSS = 6671.00 MB, VMS = 18490.18 MB
[UEDRS] [00:00:00] Elapsed
[UEDRS] [13:10:55] Sampling
[UEDRS] [13:11:06] Sampling done, obtained size: 25000000
[UEDRS] [13:11:06] Memory Usage: RSS = 7051.51 MB, VMS = 18870.66 MB
[UEDRS] [00:00:11] Elapsed
[UEDRS] [13:11:06] Checking [LENSKIT][BIASED_MF][MOVIELENS][25m]
[UEDRS] [13:11:06] Starting
[UEDRS] [13:21:59] Finished (0.02)
[UEDRS] [13:21:59] Memory Usage: RSS = 8783.40 MB, VMS = 20991.80 MB
[UEDRS] [00:10:52] Elapsed

[UEDRS] [13:21:59] Memory Usage: RSS = 8783.40 MB, VMS = 20991.80 MB
[UEDRS] [13:21:59] Releasing dataframe from memory
[UEDRS] [13:21:59] Memory Usage: RSS = 8376.50 MB, VMS = 20584.33 MB
[UEDRS] [13:21:59] Dataset: MUSIC4ALL
[UEDRS] [13:21:59] Loading
[UEDRS] [13:22:04] Loading done
[UEDRS] [13:22:04] Memory Usage: RSS = 9871.86 MB, VMS = 21346.52 MB
[UEDRS] [00:00:04] Elapsed
[UEDRS] [13:22:04] Sampling
[UEDRS] [13:22:17] Sampling done, obtained size: 25000000
[UEDRS] [13:22:17] Memory Usage: RSS = 9490.14 MB, VMS = 20964.80 MB
[UEDRS] [00:00:13] Elapsed
[UEDRS] [13:22:17] Checking [LENSKIT][BIASED_MF][MUSIC4ALL][25m]
[UEDRS] [13:22:17] Skipping (0.00016)
[UEDRS] [13:22:17] Memory Usage: RSS = 9490.14 MB, VMS = 20964.80 MB
[UEDRS] [13:22:17] Releasing dataframe from memory
[UEDRS] [13:22:18] Memory Usage: RSS = 9107.67 MB, VMS = 20582.33 MB
[UEDRS] [13:22:18] Dataset: NETFLIX
[UEDRS] [13:22:18] Loading
[UEDRS] [13:22:22] Loading done
[UEDRS] [13:22:22] Memory Usage: RSS = 9968.26 MB, VMS = 21348.94 MB
[UEDRS] [00:00:04] Elapsed
[UEDRS] [13:22:22] Sampling
[UEDRS] [13:22:59] Sampling done, obtained size: 25000000
[UEDRS] [13:22:59] Memory Usage: RSS = 9392.41 MB, VMS = 20773.07 MB
[UEDRS] [00:00:37] Elapsed
[UEDRS] [13:22:59] Checking [LENSKIT][BIASED_MF][NETFLIX][25m]
[UEDRS] [13:22:59] Starting
[UEDRS] [13:41:54] Finished (0.0077)
[UEDRS] [13:41:54] Memory Usage: RSS = 9355.30 MB, VMS = 20720.92 MB
[UEDRS] [00:18:54] Elapsed

[UEDRS] [13:41:54] Memory Usage: RSS = 9355.30 MB, VMS = 20720.92 MB
[UEDRS] [13:41:54] Releasing dataframe from memory
[UEDRS] [13:41:54] Memory Usage: RSS = 9128.61 MB, VMS = 20494.18 MB
[UEDRS] [13:41:54] Dataset: YAHOO
[UEDRS] [13:41:54] Loading
[UEDRS] [13:41:57] Loading done
[UEDRS] [13:41:57] Memory Usage: RSS = 9425.46 MB, VMS = 20494.18 MB
[UEDRS] [00:00:02] Elapsed
[UEDRS] [13:41:57] Sampling
[UEDRS] [13:43:01] Sampling done, obtained size: 25000000
[UEDRS] [13:43:01] Memory Usage: RSS = 9614.20 MB, VMS = 20682.92 MB
[UEDRS] [00:01:03] Elapsed
[UEDRS] [13:43:01] Checking [LENSKIT][BIASED_MF][YAHOO][25m]
[UEDRS] [13:43:01] Starting
[UEDRS] [15:38:39] Finished (1.5e-06)
[UEDRS] [15:38:39] Memory Usage: RSS = 10393.01 MB, VMS = 21442.10 MB
[UEDRS] [01:55:38] Elapsed

[UEDRS] [15:38:39] Memory Usage: RSS = 10393.01 MB, VMS = 21442.10 MB
[UEDRS] [15:38:39] Releasing dataframe from memory
[UEDRS] [15:38:39] Memory Usage: RSS = 10164.38 MB, VMS = 21213.36 MB
[UEDRS] [15:38:39] Dataset: ALIBABA
[UEDRS] [15:38:39] Loading
[UEDRS] [15:38:49] Loading done
[UEDRS] [15:38:49] Memory Usage: RSS = 10416.87 MB, VMS = 21212.36 MB
[UEDRS] [00:00:09] Elapsed
[UEDRS] [15:38:49] Sampling
[UEDRS] [15:40:47] Sampling done, obtained size: 25000000
[UEDRS] [15:40:47] Memory Usage: RSS = 10606.64 MB, VMS = 21402.10 MB
[UEDRS] [00:01:58] Elapsed
[UEDRS] [15:40:47] Checking [LENSKIT][BIASED_MF][ALIBABA][25m]
[UEDRS] [15:40:47] Starting
