[UEDRS] [00:00:11] Mode: ABSOLUTE STRATIFIED_USER
[UEDRS] [00:00:11] Tag:  RECBOLE:ITEM_KNN
[UEDRS] [00:00:11] Tool: RECBOLE
[UEDRS] [00:00:11] Algorithm: ITEM_KNN
[UEDRS] [00:00:11] Datasets: MOVIELENS, NETFLIX, GOODREADS, MUSIC4ALL
[UEDRS] [00:00:11] Sizes: [1000000, 25000000, 50000000, 75000000, 100000000]

[UEDRS] [00:00:11] Current dataset [MOVIELENS]
[UEDRS] [00:00:11] Loading full dataset
[UEDRS] [00:00:16] Loading done
[UEDRS] [00:00:16] Memory Usage: RSS = 1346.77 MB, VMS = 9592.25 MB
[UEDRS] [00:00:04] Elapsed
[UEDRS] [00:00:16] Sampling for [1000000]
[UEDRS] [00:00:23] Sampling done
[UEDRS] [00:00:23] Memory Usage: RSS = 716.92 MB, VMS = 8960.31 MB
[UEDRS] [00:00:06] Elapsed
[UEDRS] [00:00:23] Checking [RECBOLE][ITEM_KNN][MOVIELENS][1m]
[UEDRS] [00:00:23] Starting
[UEDRS] [00:06:51] Finished (0.00019)
[UEDRS] [00:06:51] Memory Usage: RSS = 1908.63 MB, VMS = 55502.92 MB
[UEDRS] [00:06:27] Elapsed

[UEDRS] [00:06:51] Memory Usage: RSS = 1908.63 MB, VMS = 55502.92 MB
[UEDRS] [00:06:51] Releasing dataframe from memory
[UEDRS] [00:06:52] Memory Usage: RSS = 1604.52 MB, VMS = 55197.92 MB
[UEDRS] [00:06:52] Loading full dataset
[UEDRS] [00:06:57] Loading done
[UEDRS] [00:06:57] Memory Usage: RSS = 2370.98 MB, VMS = 55964.38 MB
[UEDRS] [00:00:04] Elapsed
[UEDRS] [00:06:57] Sampling for [25000000]
[UEDRS] [00:07:05] Sampling done
[UEDRS] [00:07:05] Memory Usage: RSS = 2210.73 MB, VMS = 55804.13 MB
[UEDRS] [00:00:07] Elapsed
[UEDRS] [00:07:05] Checking [RECBOLE][ITEM_KNN][MOVIELENS][25m]
[UEDRS] [00:07:05] Starting
[UEDRS] [00:31:15] Finished (0.13594)
[UEDRS] [00:31:15] Memory Usage: RSS = 14607.97 MB, VMS = 68279.69 MB
[UEDRS] [00:24:09] Elapsed

[UEDRS] [00:31:15] Memory Usage: RSS = 14607.97 MB, VMS = 68279.69 MB
[UEDRS] [00:31:15] Releasing dataframe from memory
[UEDRS] [00:31:23] Memory Usage: RSS = 11970.59 MB, VMS = 65633.63 MB
[UEDRS] [00:31:23] Loading full dataset
[UEDRS] [00:31:28] Loading done
[UEDRS] [00:31:28] Memory Usage: RSS = 11971.04 MB, VMS = 65633.63 MB
[UEDRS] [00:00:05] Elapsed
[UEDRS] [00:31:28] Sampling for [50000000]
[UEDRS] [00:31:36] Sampling done
[UEDRS] [00:31:36] Memory Usage: RSS = 9620.16 MB, VMS = 63281.85 MB
[UEDRS] [00:00:08] Elapsed
[UEDRS] [00:31:36] Checking [RECBOLE][ITEM_KNN][MOVIELENS][32m]
[UEDRS] [00:31:36] Starting
[UEDRS] [01:00:45] Finished (0.24483)
[UEDRS] [01:00:45] Memory Usage: RSS = 16127.43 MB, VMS = 69878.63 MB
[UEDRS] [00:29:08] Elapsed

[UEDRS] [01:00:45] Memory Usage: RSS = 16127.43 MB, VMS = 69878.63 MB
[UEDRS] [01:00:45] Releasing dataframe from memory
[UEDRS] [01:00:53] Memory Usage: RSS = 14168.14 MB, VMS = 67902.63 MB
[UEDRS] [01:00:53] Loading full dataset
[UEDRS] [01:00:58] Loading done
[UEDRS] [01:00:58] Memory Usage: RSS = 14167.37 MB, VMS = 67901.63 MB
[UEDRS] [00:00:05] Elapsed
[UEDRS] [01:00:58] Sampling for [75000000]
[UEDRS] [01:01:06] Sampling done
[UEDRS] [01:01:06] Memory Usage: RSS = 13570.39 MB, VMS = 67304.18 MB
[UEDRS] [00:00:08] Elapsed
[UEDRS] [01:01:06] Checking [RECBOLE][ITEM_KNN][MOVIELENS][32m]
[UEDRS] [01:01:06] Skipping (0.24483)
[UEDRS] [01:01:06] Memory Usage: RSS = 13570.39 MB, VMS = 67304.18 MB
[UEDRS] [01:01:06] Releasing dataframe from memory
[UEDRS] [01:01:06] Memory Usage: RSS = 13570.39 MB, VMS = 67304.18 MB
[UEDRS] [01:01:06] Loading full dataset
[UEDRS] [01:01:11] Loading done
[UEDRS] [01:01:11] Memory Usage: RSS = 13570.39 MB, VMS = 67304.18 MB
[UEDRS] [00:00:04] Elapsed
[UEDRS] [01:01:11] Sampling for [100000000]
[UEDRS] [01:01:19] Sampling done
[UEDRS] [01:01:19] Memory Usage: RSS = 13570.45 MB, VMS = 67304.18 MB
[UEDRS] [00:00:07] Elapsed
[UEDRS] [01:01:19] Checking [RECBOLE][ITEM_KNN][MOVIELENS][32m]
[UEDRS] [01:01:19] Skipping (0.24483)
[UEDRS] [01:01:19] Memory Usage: RSS = 13570.45 MB, VMS = 67304.18 MB
[UEDRS] [01:01:19] Releasing dataframe from memory
[UEDRS] [01:01:19] Memory Usage: RSS = 13570.45 MB, VMS = 67304.18 MB
[UEDRS] [01:01:19] Current dataset [NETFLIX]
[UEDRS] [01:01:19] Loading full dataset
[UEDRS] [01:01:47] Loading done
[UEDRS] [01:01:47] Memory Usage: RSS = 13570.46 MB, VMS = 67304.18 MB
[UEDRS] [00:00:28] Elapsed
[UEDRS] [01:01:47] Sampling for [1000000]
[UEDRS] [01:02:16] Sampling done
[UEDRS] [01:02:16] Memory Usage: RSS = 12867.81 MB, VMS = 66600.80 MB
[UEDRS] [00:00:28] Elapsed
[UEDRS] [01:02:16] Checking [RECBOLE][ITEM_KNN][NETFLIX][1m]
[UEDRS] [01:02:16] Starting
[UEDRS] [01:11:13] Finished (0.00011)
[UEDRS] [01:11:13] Memory Usage: RSS = 13231.65 MB, VMS = 67040.82 MB
[UEDRS] [00:08:56] Elapsed

[UEDRS] [01:11:13] Memory Usage: RSS = 13231.65 MB, VMS = 67040.82 MB
[UEDRS] [01:11:13] Releasing dataframe from memory
[UEDRS] [01:11:15] Memory Usage: RSS = 12881.21 MB, VMS = 66686.82 MB
[UEDRS] [01:11:15] Loading full dataset
[UEDRS] [01:11:31] Loading done
[UEDRS] [01:11:31] Memory Usage: RSS = 12880.22 MB, VMS = 66685.82 MB
[UEDRS] [00:00:16] Elapsed
[UEDRS] [01:11:31] Sampling for [25000000]
[UEDRS] [01:12:01] Sampling done
[UEDRS] [01:12:01] Memory Usage: RSS = 12880.73 MB, VMS = 66685.82 MB
[UEDRS] [00:00:30] Elapsed
[UEDRS] [01:12:01] Checking [RECBOLE][ITEM_KNN][NETFLIX][25m]
[UEDRS] [01:12:01] Starting
[UEDRS] [01:46:49] Finished (0.03402)
[UEDRS] [01:46:49] Memory Usage: RSS = 18832.32 MB, VMS = 72724.01 MB
[UEDRS] [00:34:47] Elapsed

[UEDRS] [01:46:49] Memory Usage: RSS = 18832.32 MB, VMS = 72724.01 MB
[UEDRS] [01:46:49] Releasing dataframe from memory
[UEDRS] [01:46:57] Memory Usage: RSS = 16776.50 MB, VMS = 70655.01 MB
[UEDRS] [01:46:57] Loading full dataset
[UEDRS] [01:47:24] Loading done
[UEDRS] [01:47:24] Memory Usage: RSS = 19064.48 MB, VMS = 72942.82 MB
[UEDRS] [00:00:27] Elapsed
[UEDRS] [01:47:24] Sampling for [50000000]
[UEDRS] [01:47:56] Sampling done
[UEDRS] [01:47:56] Memory Usage: RSS = 15097.82 MB, VMS = 68976.00 MB
[UEDRS] [00:00:31] Elapsed
[UEDRS] [01:47:56] Checking [RECBOLE][ITEM_KNN][NETFLIX][50m]
[UEDRS] [01:47:56] Starting
[UEDRS] [02:30:39] Finished (0.06239)
[UEDRS] [02:30:39] Memory Usage: RSS = 30898.92 MB, VMS = 85074.21 MB
[UEDRS] [00:42:43] Elapsed

[UEDRS] [02:30:39] Memory Usage: RSS = 30898.92 MB, VMS = 85074.21 MB
[UEDRS] [02:30:39] Releasing dataframe from memory
[UEDRS] [02:30:57] Memory Usage: RSS = 26403.58 MB, VMS = 80557.51 MB
[UEDRS] [02:30:57] Loading full dataset
[UEDRS] [02:31:27] Loading done
[UEDRS] [02:31:27] Memory Usage: RSS = 24278.10 MB, VMS = 78430.01 MB
[UEDRS] [00:00:30] Elapsed
[UEDRS] [02:31:27] Sampling for [75000000]
[UEDRS] [02:32:03] Sampling done
[UEDRS] [02:32:03] Memory Usage: RSS = 23168.94 MB, VMS = 77318.42 MB
[UEDRS] [00:00:36] Elapsed
[UEDRS] [02:32:03] Checking [RECBOLE][ITEM_KNN][NETFLIX][75m]
[UEDRS] [02:32:03] Starting
[UEDRS] [03:22:40] Finished (0.1103)
[UEDRS] [03:22:40] Memory Usage: RSS = 41201.57 MB, VMS = 95462.10 MB
[UEDRS] [00:50:36] Elapsed

[UEDRS] [03:22:40] Memory Usage: RSS = 41201.57 MB, VMS = 95462.10 MB
[UEDRS] [03:22:40] Releasing dataframe from memory
[UEDRS] [03:22:57] Memory Usage: RSS = 34798.68 MB, VMS = 89016.55 MB
[UEDRS] [03:22:57] Loading full dataset
[UEDRS] [03:23:27] Loading done
[UEDRS] [03:23:27] Memory Usage: RSS = 34796.99 MB, VMS = 89014.55 MB
[UEDRS] [00:00:29] Elapsed
[UEDRS] [03:23:27] Sampling for [100000000]
[UEDRS] [03:24:16] Sampling done
[UEDRS] [03:24:16] Memory Usage: RSS = 32959.21 MB, VMS = 87175.89 MB
[UEDRS] [00:00:49] Elapsed
[UEDRS] [03:24:16] Checking [RECBOLE][ITEM_KNN][NETFLIX][100m]
[UEDRS] [03:24:16] Starting
[UEDRS] [04:21:07] Finished (0.22103)
[UEDRS] [04:21:07] Memory Usage: RSS = 50854.88 MB, VMS = 105212.30 MB
[UEDRS] [00:56:50] Elapsed

[UEDRS] [04:21:07] Memory Usage: RSS = 50854.88 MB, VMS = 105212.30 MB
[UEDRS] [04:21:07] Releasing dataframe from memory
[UEDRS] [04:21:35] Memory Usage: RSS = 44836.34 MB, VMS = 99128.30 MB
[UEDRS] [04:21:35] Current dataset [GOODREADS]
[UEDRS] [04:21:35] Loading full dataset
[UEDRS] [04:22:42] Loading done
[UEDRS] [04:22:42] Memory Usage: RSS = 50066.72 MB, VMS = 104358.65 MB
[UEDRS] [00:01:07] Elapsed
[UEDRS] [04:22:42] Sampling for [1000000]
[UEDRS] [04:23:20] Sampling done
[UEDRS] [04:23:20] Memory Usage: RSS = 44832.94 MB, VMS = 99125.30 MB
[UEDRS] [00:00:37] Elapsed
[UEDRS] [04:23:20] Checking [RECBOLE][ITEM_KNN][GOODREADS][1m]
[UEDRS] [04:23:20] Starting
[UEDRS] [04:55:41] Finished (0.00012)
[UEDRS] [04:55:41] Memory Usage: RSS = 45189.43 MB, VMS = 99557.32 MB
[UEDRS] [00:32:20] Elapsed

[UEDRS] [04:55:41] Memory Usage: RSS = 45189.43 MB, VMS = 99557.32 MB
[UEDRS] [04:55:41] Releasing dataframe from memory
[UEDRS] [04:55:42] Memory Usage: RSS = 44841.94 MB, VMS = 99206.32 MB
[UEDRS] [04:55:42] Loading full dataset
[UEDRS] [04:56:44] Loading done
[UEDRS] [04:56:44] Memory Usage: RSS = 44842.25 MB, VMS = 99206.32 MB
[UEDRS] [00:01:01] Elapsed
[UEDRS] [04:56:44] Sampling for [25000000]
[UEDRS] [04:57:18] Sampling done
[UEDRS] [04:57:18] Memory Usage: RSS = 44843.20 MB, VMS = 99206.32 MB
[UEDRS] [00:00:34] Elapsed
[UEDRS] [04:57:18] Checking [RECBOLE][ITEM_KNN][GOODREADS][25m]
[UEDRS] [04:57:18] Starting
