[UEDRS] [00:00:08] Mode: ABSOLUTE STRATIFIED_USER
[UEDRS] [00:00:08] Tag:  LENSKIT:ITEM_KNN
[UEDRS] [00:00:08] Tool: LENSKIT
[UEDRS] [00:00:08] Algorithm: ITEM_KNN
[UEDRS] [00:00:08] Datasets: MOVIELENS, NETFLIX, MUSIC4ALL, GOODREADS, AMAZON, ALIBABA
[UEDRS] [00:00:08] Sizes: [1000000, 25000000, 50000000, 75000000, 100000000]

[UEDRS] [00:00:08] Current dataset [MOVIELENS]
[UEDRS] [00:00:08] Loading full dataset
[UEDRS] [00:00:12] Loading done
[UEDRS] [00:00:12] Memory Usage: RSS = 1356.27 MB, VMS = 4567.94 MB
[UEDRS] [00:00:04] Elapsed
[UEDRS] [00:00:12] Sampling for [1000000]
[UEDRS] [00:00:19] Sampling done
[UEDRS] [00:00:19] Memory Usage: RSS = 702.47 MB, VMS = 3912.13 MB
[UEDRS] [00:00:06] Elapsed
[UEDRS] [00:00:19] Checking [LENSKIT][ITEM_KNN][MOVIELENS][1m]
[UEDRS] [00:00:19] Skipping (0.0001)
[UEDRS] [00:00:19] Memory Usage: RSS = 702.47 MB, VMS = 3912.13 MB
[UEDRS] [00:00:19] Releasing dataframe from memory
[UEDRS] [00:00:19] Memory Usage: RSS = 702.47 MB, VMS = 3912.13 MB
[UEDRS] [00:00:19] Loading full dataset
[UEDRS] [00:00:24] Loading done
[UEDRS] [00:00:24] Memory Usage: RSS = 1481.48 MB, VMS = 4691.02 MB
[UEDRS] [00:00:04] Elapsed
[UEDRS] [00:00:24] Sampling for [25000000]
[UEDRS] [00:00:31] Sampling done
[UEDRS] [00:00:31] Memory Usage: RSS = 1406.43 MB, VMS = 4616.08 MB
[UEDRS] [00:00:07] Elapsed
[UEDRS] [00:00:31] Checking [LENSKIT][ITEM_KNN][MOVIELENS][25m]
[UEDRS] [00:00:31] Skipping (0.003)
[UEDRS] [00:00:31] Memory Usage: RSS = 1406.43 MB, VMS = 4616.08 MB
[UEDRS] [00:00:31] Releasing dataframe from memory
[UEDRS] [00:00:32] Memory Usage: RSS = 834.25 MB, VMS = 4043.90 MB
[UEDRS] [00:00:32] Loading full dataset
[UEDRS] [00:00:36] Loading done
[UEDRS] [00:00:36] Memory Usage: RSS = 1609.74 MB, VMS = 4819.25 MB
[UEDRS] [00:00:04] Elapsed
[UEDRS] [00:00:36] Sampling for [50000000]
[UEDRS] [00:00:44] Sampling done
[UEDRS] [00:00:44] Memory Usage: RSS = 1647.56 MB, VMS = 4857.22 MB
[UEDRS] [00:00:07] Elapsed
[UEDRS] [00:00:44] Checking [LENSKIT][ITEM_KNN][MOVIELENS][32m]
[UEDRS] [00:00:44] Skipping (0.00302)
[UEDRS] [00:00:44] Memory Usage: RSS = 1647.56 MB, VMS = 4857.22 MB
[UEDRS] [00:00:44] Releasing dataframe from memory
[UEDRS] [00:00:44] Memory Usage: RSS = 915.13 MB, VMS = 4124.79 MB
[UEDRS] [00:00:44] Loading full dataset
[UEDRS] [00:00:49] Loading done
[UEDRS] [00:00:49] Memory Usage: RSS = 1665.16 MB, VMS = 4874.69 MB
[UEDRS] [00:00:04] Elapsed
[UEDRS] [00:00:49] Sampling for [75000000]
[UEDRS] [00:00:56] Sampling done
[UEDRS] [00:00:56] Memory Usage: RSS = 1647.56 MB, VMS = 4857.21 MB
[UEDRS] [00:00:07] Elapsed
[UEDRS] [00:00:56] Checking [LENSKIT][ITEM_KNN][MOVIELENS][32m]
[UEDRS] [00:00:56] Skipping (0.00302)
[UEDRS] [00:00:56] Memory Usage: RSS = 1647.56 MB, VMS = 4857.21 MB
[UEDRS] [00:00:56] Releasing dataframe from memory
[UEDRS] [00:00:56] Memory Usage: RSS = 915.13 MB, VMS = 4124.79 MB
[UEDRS] [00:00:56] Loading full dataset
[UEDRS] [00:01:01] Loading done
[UEDRS] [00:01:01] Memory Usage: RSS = 1658.73 MB, VMS = 4868.27 MB
[UEDRS] [00:00:04] Elapsed
[UEDRS] [00:01:01] Sampling for [100000000]
[UEDRS] [00:01:09] Sampling done
[UEDRS] [00:01:09] Memory Usage: RSS = 1647.56 MB, VMS = 4857.22 MB
[UEDRS] [00:00:07] Elapsed
[UEDRS] [00:01:09] Checking [LENSKIT][ITEM_KNN][MOVIELENS][32m]
[UEDRS] [00:01:09] Skipping (0.00302)
[UEDRS] [00:01:09] Memory Usage: RSS = 1647.56 MB, VMS = 4857.22 MB
[UEDRS] [00:01:09] Releasing dataframe from memory
[UEDRS] [00:01:09] Memory Usage: RSS = 915.13 MB, VMS = 4124.79 MB
[UEDRS] [00:01:09] Current dataset [NETFLIX]
[UEDRS] [00:01:09] Loading full dataset
[UEDRS] [00:01:24] Loading done
[UEDRS] [00:01:24] Memory Usage: RSS = 3214.55 MB, VMS = 6424.09 MB
[UEDRS] [00:00:15] Elapsed
[UEDRS] [00:01:24] Sampling for [1000000]
[UEDRS] [00:01:49] Sampling done
[UEDRS] [00:01:49] Memory Usage: RSS = 915.73 MB, VMS = 4125.27 MB
[UEDRS] [00:00:24] Elapsed
[UEDRS] [00:01:49] Checking [LENSKIT][ITEM_KNN][NETFLIX][1m]
[UEDRS] [00:01:49] Skipping (0.0)
[UEDRS] [00:01:49] Memory Usage: RSS = 915.73 MB, VMS = 4125.27 MB
[UEDRS] [00:01:49] Releasing dataframe from memory
[UEDRS] [00:01:49] Memory Usage: RSS = 915.73 MB, VMS = 4125.27 MB
[UEDRS] [00:01:49] Loading full dataset
[UEDRS] [00:02:05] Loading done
[UEDRS] [00:02:05] Memory Usage: RSS = 3215.54 MB, VMS = 6425.09 MB
[UEDRS] [00:00:15] Elapsed
[UEDRS] [00:02:05] Sampling for [25000000]
[UEDRS] [00:02:31] Sampling done
[UEDRS] [00:02:31] Memory Usage: RSS = 1488.55 MB, VMS = 4698.10 MB
[UEDRS] [00:00:25] Elapsed
[UEDRS] [00:02:31] Checking [LENSKIT][ITEM_KNN][NETFLIX][25m]
[UEDRS] [00:02:31] Skipping (0.00397)
[UEDRS] [00:02:31] Memory Usage: RSS = 1488.55 MB, VMS = 4698.10 MB
[UEDRS] [00:02:31] Releasing dataframe from memory
[UEDRS] [00:02:31] Memory Usage: RSS = 915.73 MB, VMS = 4125.27 MB
[UEDRS] [00:02:31] Loading full dataset
[UEDRS] [00:02:46] Loading done
[UEDRS] [00:02:46] Memory Usage: RSS = 3219.52 MB, VMS = 6429.06 MB
[UEDRS] [00:00:15] Elapsed
[UEDRS] [00:02:46] Sampling for [50000000]
[UEDRS] [00:03:13] Sampling done
[UEDRS] [00:03:13] Memory Usage: RSS = 2215.97 MB, VMS = 5425.96 MB
[UEDRS] [00:00:26] Elapsed
[UEDRS] [00:03:13] Checking [LENSKIT][ITEM_KNN][NETFLIX][50m]
[UEDRS] [00:03:13] Skipping (0.01104)
[UEDRS] [00:03:13] Memory Usage: RSS = 2215.97 MB, VMS = 5425.96 MB
[UEDRS] [00:03:13] Releasing dataframe from memory
[UEDRS] [00:03:13] Memory Usage: RSS = 1071.29 MB, VMS = 4281.26 MB
[UEDRS] [00:03:13] Loading full dataset
[UEDRS] [00:03:29] Loading done
[UEDRS] [00:03:29] Memory Usage: RSS = 3364.20 MB, VMS = 6573.74 MB
[UEDRS] [00:00:15] Elapsed
[UEDRS] [00:03:29] Sampling for [75000000]
[UEDRS] [00:03:57] Sampling done
[UEDRS] [00:03:57] Memory Usage: RSS = 2979.85 MB, VMS = 6189.83 MB
[UEDRS] [00:00:27] Elapsed
[UEDRS] [00:03:57] Checking [LENSKIT][ITEM_KNN][NETFLIX][75m]
[UEDRS] [00:03:57] Skipping (0.02031)
[UEDRS] [00:03:57] Memory Usage: RSS = 2979.85 MB, VMS = 6189.83 MB
[UEDRS] [00:03:57] Releasing dataframe from memory
[UEDRS] [00:03:57] Memory Usage: RSS = 1262.32 MB, VMS = 4472.29 MB
[UEDRS] [00:03:57] Loading full dataset
[UEDRS] [00:04:12] Loading done
[UEDRS] [00:04:12] Memory Usage: RSS = 3561.23 MB, VMS = 6770.76 MB
[UEDRS] [00:00:15] Elapsed
[UEDRS] [00:04:12] Sampling for [100000000]
[UEDRS] [00:04:50] Sampling done
[UEDRS] [00:04:50] Memory Usage: RSS = 3743.20 MB, VMS = 6953.18 MB
[UEDRS] [00:00:37] Elapsed
[UEDRS] [00:04:50] Checking [LENSKIT][ITEM_KNN][NETFLIX][100m]
[UEDRS] [00:04:50] Skipping (0.03249)
[UEDRS] [00:04:50] Memory Usage: RSS = 3743.20 MB, VMS = 6953.18 MB
[UEDRS] [00:04:50] Releasing dataframe from memory
[UEDRS] [00:04:50] Memory Usage: RSS = 1453.40 MB, VMS = 4663.36 MB
[UEDRS] [00:04:50] Current dataset [MUSIC4ALL]
[UEDRS] [00:04:50] Loading full dataset
[UEDRS] [00:05:03] Loading done
[UEDRS] [00:05:03] Memory Usage: RSS = 3248.43 MB, VMS = 6467.80 MB
[UEDRS] [00:00:13] Elapsed
[UEDRS] [00:05:03] Sampling for [1000000]
[UEDRS] [00:05:11] Sampling done
[UEDRS] [00:05:11] Memory Usage: RSS = 2104.80 MB, VMS = 5324.02 MB
[UEDRS] [00:00:08] Elapsed
[UEDRS] [00:05:11] Checking [LENSKIT][ITEM_KNN][MUSIC4ALL][1m]
[UEDRS] [00:05:11] Skipping (0.0)
[UEDRS] [00:05:11] Memory Usage: RSS = 2104.80 MB, VMS = 5324.02 MB
[UEDRS] [00:05:11] Releasing dataframe from memory
[UEDRS] [00:05:11] Memory Usage: RSS = 1493.50 MB, VMS = 4703.02 MB
[UEDRS] [00:05:11] Loading full dataset
[UEDRS] [00:05:25] Loading done
[UEDRS] [00:05:25] Memory Usage: RSS = 3210.45 MB, VMS = 6429.79 MB
[UEDRS] [00:00:13] Elapsed
[UEDRS] [00:05:25] Sampling for [25000000]
[UEDRS] [00:05:35] Sampling done
[UEDRS] [00:05:35] Memory Usage: RSS = 2638.49 MB, VMS = 5857.71 MB
[UEDRS] [00:00:10] Elapsed
[UEDRS] [00:05:35] Checking [LENSKIT][ITEM_KNN][MUSIC4ALL][25m]
[UEDRS] [00:05:35] Skipping (0.00027)
[UEDRS] [00:05:35] Memory Usage: RSS = 2638.49 MB, VMS = 5857.71 MB
[UEDRS] [00:05:35] Releasing dataframe from memory
[UEDRS] [00:05:35] Memory Usage: RSS = 1455.50 MB, VMS = 4665.01 MB
[UEDRS] [00:05:35] Loading full dataset
[UEDRS] [00:05:49] Loading done
[UEDRS] [00:05:49] Memory Usage: RSS = 3246.04 MB, VMS = 6465.40 MB
[UEDRS] [00:00:13] Elapsed
[UEDRS] [00:05:49] Sampling for [50000000]
[UEDRS] [00:06:10] Sampling done
[UEDRS] [00:06:10] Memory Usage: RSS = 3246.82 MB, VMS = 6466.04 MB
[UEDRS] [00:00:20] Elapsed
[UEDRS] [00:06:10] Checking [LENSKIT][ITEM_KNN][MUSIC4ALL][50m]
[UEDRS] [00:06:10] Starting
2025-11-26 12:12:56 [warning  ] loaded pipeline does not match hash
[UEDRS] [00:52:23] Finished (0.00115)
[UEDRS] [00:52:23] Memory Usage: RSS = 12890.52 MB, VMS = 30134.82 MB
[UEDRS] [00:46:13] Elapsed

[UEDRS] [00:52:23] Memory Usage: RSS = 12890.52 MB, VMS = 30134.82 MB
[UEDRS] [00:52:23] Releasing dataframe from memory
[UEDRS] [00:52:25] Memory Usage: RSS = 11315.84 MB, VMS = 28553.41 MB
[UEDRS] [00:52:25] Loading full dataset
[UEDRS] [00:52:38] Loading done
[UEDRS] [00:52:38] Memory Usage: RSS = 12835.78 MB, VMS = 30079.19 MB
[UEDRS] [00:00:13] Elapsed
[UEDRS] [00:52:38] Sampling for [75000000]
[UEDRS] [00:52:51] Sampling done
[UEDRS] [00:52:51] Memory Usage: RSS = 12837.69 MB, VMS = 30080.19 MB
[UEDRS] [00:00:12] Elapsed
[UEDRS] [00:52:51] Checking [LENSKIT][ITEM_KNN][MUSIC4ALL][50m]
[UEDRS] [00:52:51] Starting
2025-11-26 12:58:59 [warning  ] loaded pipeline does not match hash
[UEDRS] [01:38:53] Finished (0.00124)
[UEDRS] [01:38:53] Memory Usage: RSS = 17707.63 MB, VMS = 32932.19 MB
[UEDRS] [00:46:01] Elapsed

[UEDRS] [01:38:53] Memory Usage: RSS = 17707.63 MB, VMS = 32932.19 MB
[UEDRS] [01:38:53] Releasing dataframe from memory
[UEDRS] [01:38:54] Memory Usage: RSS = 16169.12 MB, VMS = 31387.41 MB
[UEDRS] [01:38:54] Loading full dataset
[UEDRS] [01:39:09] Loading done
[UEDRS] [01:39:09] Memory Usage: RSS = 17709.48 MB, VMS = 32933.19 MB
[UEDRS] [00:00:14] Elapsed
[UEDRS] [01:39:09] Sampling for [100000000]
[UEDRS] [01:39:23] Sampling done
[UEDRS] [01:39:23] Memory Usage: RSS = 17710.53 MB, VMS = 32934.19 MB
[UEDRS] [00:00:14] Elapsed
[UEDRS] [01:39:23] Checking [LENSKIT][ITEM_KNN][MUSIC4ALL][50m]
[UEDRS] [01:39:23] Skipping (0.00124)
[UEDRS] [01:39:23] Memory Usage: RSS = 17710.53 MB, VMS = 32934.19 MB
[UEDRS] [01:39:23] Releasing dataframe from memory
[UEDRS] [01:39:24] Memory Usage: RSS = 16226.12 MB, VMS = 31444.41 MB
[UEDRS] [01:39:24] Current dataset [GOODREADS]
[UEDRS] [01:39:24] Loading full dataset
[UEDRS] [01:40:26] Loading done
[UEDRS] [01:40:26] Memory Usage: RSS = 21451.47 MB, VMS = 36669.76 MB
[UEDRS] [00:01:01] Elapsed
[UEDRS] [01:40:26] Sampling for [1000000]
[UEDRS] [01:41:03] Sampling done
[UEDRS] [01:41:03] Memory Usage: RSS = 16218.12 MB, VMS = 31436.41 MB
[UEDRS] [00:00:37] Elapsed
[UEDRS] [01:41:03] Checking [LENSKIT][ITEM_KNN][GOODREADS][1m]
[UEDRS] [01:41:03] Starting
2025-11-26 13:51:33 [warning  ] loaded pipeline does not match hash
[UEDRS] [02:00:16] Finished (0.0)
[UEDRS] [02:00:16] Memory Usage: RSS = 16280.57 MB, VMS = 31551.41 MB
[UEDRS] [00:19:12] Elapsed

[UEDRS] [02:00:16] Memory Usage: RSS = 16280.57 MB, VMS = 31551.41 MB
[UEDRS] [02:00:16] Releasing dataframe from memory
[UEDRS] [02:00:16] Memory Usage: RSS = 16249.87 MB, VMS = 31519.41 MB
[UEDRS] [02:00:16] Loading full dataset
[UEDRS] [02:01:16] Loading done
[UEDRS] [02:01:16] Memory Usage: RSS = 21481.25 MB, VMS = 36750.76 MB
[UEDRS] [00:00:59] Elapsed
[UEDRS] [02:01:16] Sampling for [25000000]
[UEDRS] [02:01:54] Sampling done
[UEDRS] [02:01:54] Memory Usage: RSS = 16819.91 MB, VMS = 32089.42 MB
[UEDRS] [00:00:37] Elapsed
[UEDRS] [02:01:54] Checking [LENSKIT][ITEM_KNN][GOODREADS][25m]
[UEDRS] [02:01:54] Starting
2025-11-26 14:27:15 [warning  ] loaded pipeline does not match hash
