[UEDRS] [00:00:19] Mode: ABSOLUTE STRATIFIED_USER
[UEDRS] [00:00:19] Tag:  RECBOLE:ITEM_KNN
[UEDRS] [00:00:19] Tool: RECBOLE
[UEDRS] [00:00:19] Algorithm: ITEM_KNN
[UEDRS] [00:00:19] Datasets: MOVIELENS, MUSIC4ALL, NETFLIX, YAHOO, GOODREADS, LASTFM
[UEDRS] [00:00:19] Sizes: [25000000, 50000000, 75000000, 100000000]

[UEDRS] [00:00:19] Desired size: 25000000
[UEDRS] [00:00:19] Dataset: MOVIELENS
[UEDRS] [00:00:19] Loading
[UEDRS] [00:00:20] Loading done
[UEDRS] [00:00:20] Memory Usage: RSS = 2015.88 MB, VMS = 13331.95 MB
[UEDRS] [00:00:01] Elapsed
[UEDRS] [00:00:20] Sampling
[UEDRS] [00:00:32] Sampling done, obtained size: 25000000
[UEDRS] [00:00:32] Memory Usage: RSS = 2389.30 MB, VMS = 13703.39 MB
[UEDRS] [00:00:11] Elapsed
[UEDRS] [00:00:32] Checking [RECBOLE][ITEM_KNN][MOVIELENS][25m]
[UEDRS] [00:00:32] Starting
[UEDRS] [00:25:26] Finished (0.14)
[UEDRS] [00:25:26] Memory Usage: RSS = 15575.20 MB, VMS = 36114.18 MB
[UEDRS] [00:24:54] Elapsed

[UEDRS] [00:25:26] Memory Usage: RSS = 15575.20 MB, VMS = 36114.18 MB
[UEDRS] [00:25:26] Releasing dataframe from memory
[UEDRS] [00:25:35] Memory Usage: RSS = 13005.05 MB, VMS = 33542.73 MB
[UEDRS] [00:25:35] Dataset: MUSIC4ALL
[UEDRS] [00:25:35] Loading
[UEDRS] [00:25:40] Loading done
[UEDRS] [00:25:40] Memory Usage: RSS = 14237.48 MB, VMS = 35764.34 MB
[UEDRS] [00:00:04] Elapsed
[UEDRS] [00:25:40] Sampling
[UEDRS] [00:25:59] Sampling done, obtained size: 25000000
[UEDRS] [00:25:59] Memory Usage: RSS = 13856.86 MB, VMS = 35382.75 MB
[UEDRS] [00:00:18] Elapsed
[UEDRS] [00:25:59] Checking [RECBOLE][ITEM_KNN][MUSIC4ALL][25m]
[UEDRS] [00:25:59] Starting
[UEDRS] [00:48:05] Finished (0.077)
[UEDRS] [00:48:05] Memory Usage: RSS = 16226.03 MB, VMS = 37908.92 MB
[UEDRS] [00:22:06] Elapsed

[UEDRS] [00:48:05] Memory Usage: RSS = 16226.03 MB, VMS = 37908.92 MB
[UEDRS] [00:48:05] Releasing dataframe from memory
[UEDRS] [00:48:12] Memory Usage: RSS = 14805.84 MB, VMS = 36477.92 MB
[UEDRS] [00:48:12] Dataset: NETFLIX
[UEDRS] [00:48:12] Loading
[UEDRS] [00:48:12] Loading done
[UEDRS] [00:48:12] Memory Usage: RSS = 15305.87 MB, VMS = 39937.92 MB
[UEDRS] [00:00:00] Elapsed
[UEDRS] [00:48:12] Sampling
[UEDRS] [00:48:49] Sampling done, obtained size: 25000000
[UEDRS] [00:48:49] Memory Usage: RSS = 14377.70 MB, VMS = 39007.77 MB
[UEDRS] [00:00:36] Elapsed
[UEDRS] [00:48:49] Checking [RECBOLE][ITEM_KNN][NETFLIX][25m]
[UEDRS] [00:48:49] Starting
[UEDRS] [01:27:08] Finished (0.034)
[UEDRS] [01:27:08] Memory Usage: RSS = 18771.72 MB, VMS = 44938.02 MB
[UEDRS] [00:38:19] Elapsed

[UEDRS] [01:27:08] Memory Usage: RSS = 18771.72 MB, VMS = 44938.02 MB
[UEDRS] [01:27:08] Releasing dataframe from memory
[UEDRS] [01:27:18] Memory Usage: RSS = 16763.42 MB, VMS = 42916.02 MB
[UEDRS] [01:27:18] Dataset: YAHOO
[UEDRS] [01:27:18] Loading
[UEDRS] [01:27:22] Loading done
[UEDRS] [01:27:22] Memory Usage: RSS = 17494.72 MB, VMS = 44280.02 MB
[UEDRS] [00:00:03] Elapsed
[UEDRS] [01:27:22] Sampling
[UEDRS] [01:28:26] Sampling done, obtained size: 25000000
[UEDRS] [01:28:26] Memory Usage: RSS = 16880.88 MB, VMS = 43640.91 MB
[UEDRS] [00:01:04] Elapsed
[UEDRS] [01:28:26] Checking [RECBOLE][ITEM_KNN][YAHOO][25m]
[UEDRS] [01:28:26] Starting
[UEDRS] [03:01:19] Finished (0.063)
[UEDRS] [03:01:19] Memory Usage: RSS = 30425.77 MB, VMS = 65222.70 MB
[UEDRS] [01:32:52] Elapsed

[UEDRS] [03:01:19] Memory Usage: RSS = 30425.77 MB, VMS = 65222.70 MB
[UEDRS] [03:01:19] Releasing dataframe from memory
[UEDRS] [03:01:47] Memory Usage: RSS = 26732.16 MB, VMS = 61309.70 MB
[UEDRS] [03:01:47] Dataset: GOODREADS
[UEDRS] [03:01:47] Loading
[UEDRS] [03:01:56] Loading done
[UEDRS] [03:01:56] Memory Usage: RSS = 28329.95 MB, VMS = 61308.71 MB
[UEDRS] [00:00:09] Elapsed
[UEDRS] [03:01:56] Sampling
[UEDRS] [03:02:40] Sampling done, obtained size: 25000000
[UEDRS] [03:02:40] Memory Usage: RSS = 27796.39 MB, VMS = 60753.65 MB
[UEDRS] [00:00:43] Elapsed
[UEDRS] [03:02:40] Checking [RECBOLE][ITEM_KNN][GOODREADS][25m]
[UEDRS] [03:02:40] Starting
