[UEDRS] [00:00:05] starting
[UEDRS] [00:00:05] cpus: 64
[UEDRS] [00:00:05] env variables:
[UEDRS] [00:00:05] OMP_NUM_THREADS: 64
[UEDRS] [00:00:05] MKL_NUM_THREADS: 64
[UEDRS] [00:00:05] OPENBLAS_NUM_THREADS: 64
[UEDRS] [00:00:05] NUMBA_NUM_THREADS: 64


[UEDRS] [00:00:16] loaded
[UEDRS] [00:00:11] elapsed

[UEDRS] [00:00:16] starting with 1 gpus with 2 workers
[UEDRS] [00:15:59] finished
[UEDRS] [00:15:42] elapsed

[UEDRS] [00:15:59] starting with 1 gpus with 4 workers
[UEDRS] [00:31:31] finished
[UEDRS] [00:15:31] elapsed

[UEDRS] [00:31:31] starting with 1 gpus with 8 workers
[UEDRS] [00:47:38] finished
[UEDRS] [00:16:06] elapsed

[UEDRS] [00:47:38] starting with 1 gpus with 16 workers
[UEDRS] [01:03:59] finished
[UEDRS] [00:16:20] elapsed

[UEDRS] [01:03:59] starting with 1 gpus with 32 workers
[UEDRS] [01:20:38] finished
[UEDRS] [00:16:39] elapsed

