[UEDRS] [00:00:20] Mode: ABSOLUTE STRATIFIED_USER
[UEDRS] [00:00:20] Tag:  RECBOLE:BPR
[UEDRS] [00:00:20] Tool: RECBOLE
[UEDRS] [00:00:20] Algorithm: BPR
[UEDRS] [00:00:20] Datasets: IPINYOU, AMAZON
[UEDRS] [00:00:20] Sizes: [750000, 1000000, 25000000, 50000000, 75000000, 100000000]

[UEDRS] [00:00:20] Desired size: 750000
[UEDRS] [00:00:20] Dataset: IPINYOU
[UEDRS] [00:00:20] Loading
[UEDRS] [00:00:28] Loading done
[UEDRS] [00:00:28] Memory Usage: RSS = 3923.00 MB, VMS = 15583.75 MB
[UEDRS] [00:00:07] Elapsed
[UEDRS] [00:00:28] Sampling
[UEDRS] [00:08:58] Sampling done, obtained size: 750000
[UEDRS] [00:08:58] Memory Usage: RSS = 5435.77 MB, VMS = 17094.09 MB
[UEDRS] [00:08:30] Elapsed
[UEDRS] [00:08:58] Checking [RECBOLE][BPR][IPINYOU][750k]
[UEDRS] [00:08:58] Skipping (0.032)
[UEDRS] [00:08:58] Memory Usage: RSS = 5435.77 MB, VMS = 17094.09 MB
[UEDRS] [00:08:58] Releasing dataframe from memory
[UEDRS] [00:08:58] Memory Usage: RSS = 4026.15 MB, VMS = 15666.09 MB
[UEDRS] [00:08:58] Dataset: AMAZON
[UEDRS] [00:08:58] Loading
[UEDRS] [00:13:00] Loading done
[UEDRS] [00:13:00] Memory Usage: RSS = 66823.29 MB, VMS = 113156.37 MB
[UEDRS] [00:04:01] Elapsed
[UEDRS] [00:13:00] Sampling
[UEDRS] [00:45:57] Sampling done, obtained size: 750000
[UEDRS] [00:45:57] Memory Usage: RSS = 59324.72 MB, VMS = 105615.92 MB
[UEDRS] [00:32:57] Elapsed
[UEDRS] [00:45:57] Checking [RECBOLE][BPR][AMAZON][750k]
[UEDRS] [00:45:57] Starting
[UEDRS] [00:48:34] Finished (0)
[UEDRS] [00:48:34] Memory Usage: RSS = 59621.39 MB, VMS = 115877.36 MB
[UEDRS] [00:02:37] Elapsed

[UEDRS] [00:48:34] Memory Usage: RSS = 59621.39 MB, VMS = 115877.36 MB
[UEDRS] [00:48:34] Releasing dataframe from memory
[UEDRS] [00:48:36] Memory Usage: RSS = 55468.04 MB, VMS = 111679.36 MB
[UEDRS] [00:48:36] Desired size: 1000000
[UEDRS] [00:48:36] Dataset: IPINYOU
[UEDRS] [00:48:36] Loading
[UEDRS] [00:48:44] Loading done
[UEDRS] [00:48:44] Memory Usage: RSS = 55240.88 MB, VMS = 112984.18 MB
[UEDRS] [00:00:08] Elapsed
[UEDRS] [00:48:44] Sampling
[UEDRS] [00:57:28] Sampling done, obtained size: 1000000
[UEDRS] [00:57:28] Memory Usage: RSS = 54910.79 MB, VMS = 112647.36 MB
[UEDRS] [00:08:43] Elapsed
[UEDRS] [00:57:28] Checking [RECBOLE][BPR][IPINYOU][1m]
[UEDRS] [00:57:28] Starting
[UEDRS] [00:57:58] Finished (0.035)
[UEDRS] [00:57:58] Memory Usage: RSS = 55611.34 MB, VMS = 113721.38 MB
[UEDRS] [00:00:30] Elapsed

[UEDRS] [00:57:58] Memory Usage: RSS = 55611.34 MB, VMS = 113721.38 MB
[UEDRS] [00:57:58] Releasing dataframe from memory
[UEDRS] [00:58:00] Memory Usage: RSS = 53926.75 MB, VMS = 112028.38 MB
[UEDRS] [00:58:00] Dataset: AMAZON
[UEDRS] [00:58:00] Loading
[UEDRS] [01:05:34] Loading done
[UEDRS] [01:05:34] Memory Usage: RSS = 83039.29 MB, VMS = 128709.60 MB
[UEDRS] [00:07:34] Elapsed
[UEDRS] [01:05:34] Sampling
[UEDRS] [01:41:50] Sampling done, obtained size: 1000000
[UEDRS] [01:41:50] Memory Usage: RSS = 72851.36 MB, VMS = 118603.83 MB
[UEDRS] [00:36:15] Elapsed
[UEDRS] [01:41:50] Checking [RECBOLE][BPR][AMAZON][1m]
[UEDRS] [01:41:50] Starting
[UEDRS] [01:45:26] Finished (1.4e-05)
[UEDRS] [01:45:26] Memory Usage: RSS = 72857.10 MB, VMS = 119273.84 MB
[UEDRS] [00:03:36] Elapsed

[UEDRS] [01:45:26] Memory Usage: RSS = 72857.10 MB, VMS = 119273.84 MB
[UEDRS] [01:45:26] Releasing dataframe from memory
[UEDRS] [01:45:29] Memory Usage: RSS = 68558.97 MB, VMS = 114924.84 MB
[UEDRS] [01:45:29] Desired size: 25000000
[UEDRS] [01:45:29] Dataset: IPINYOU
[UEDRS] [01:45:29] Loading
[UEDRS] [01:50:51] Loading done
[UEDRS] [01:50:51] Memory Usage: RSS = 71676.13 MB, VMS = 116182.66 MB
[UEDRS] [00:05:22] Elapsed
[UEDRS] [01:50:51] Sampling
[UEDRS] [01:50:51] Sampling done, obtained size: 22269879
[UEDRS] [01:50:51] Memory Usage: RSS = 71336.32 MB, VMS = 115842.84 MB
[UEDRS] [00:00:00] Elapsed
[UEDRS] [01:50:51] Checking [RECBOLE][BPR][IPINYOU][22m]
[UEDRS] [01:50:51] Starting
[UEDRS] [02:02:26] Finished (0.028)
[UEDRS] [02:02:26] Memory Usage: RSS = 93309.71 MB, VMS = 151940.17 MB
[UEDRS] [00:11:34] Elapsed

[UEDRS] [02:02:26] Memory Usage: RSS = 93309.71 MB, VMS = 151940.17 MB
[UEDRS] [02:02:26] Releasing dataframe from memory
[UEDRS] [02:02:54] Memory Usage: RSS = 69965.61 MB, VMS = 128440.86 MB
[UEDRS] [02:02:54] Dataset: AMAZON
[UEDRS] [02:02:54] Loading
[UEDRS] [02:10:16] Loading done
[UEDRS] [02:10:16] Memory Usage: RSS = 92927.35 MB, VMS = 144693.07 MB
[UEDRS] [00:07:21] Elapsed
[UEDRS] [02:10:16] Sampling
[UEDRS] [02:42:34] Sampling done, obtained size: 25000000
[UEDRS] [02:42:34] Memory Usage: RSS = 84341.22 MB, VMS = 136118.55 MB
[UEDRS] [00:32:17] Elapsed
[UEDRS] [02:42:34] Checking [RECBOLE][BPR][AMAZON][25m]
[UEDRS] [02:42:34] Starting
[UEDRS] [11:36:07] Finished (6.8e-07)
[UEDRS] [11:36:07] Memory Usage: RSS = 106369.95 MB, VMS = 155170.21 MB
[UEDRS] [08:53:33] Elapsed

[UEDRS] [11:36:07] Memory Usage: RSS = 106369.95 MB, VMS = 155170.21 MB
[UEDRS] [11:36:07] Releasing dataframe from memory
[UEDRS] [11:36:49] Memory Usage: RSS = 78885.39 MB, VMS = 127450.56 MB
[UEDRS] [11:36:49] Desired size: 50000000
[UEDRS] [11:36:49] Dataset: IPINYOU
[UEDRS] [11:36:49] Loading
[UEDRS] [11:36:56] Loading done
[UEDRS] [11:36:56] Memory Usage: RSS = 78639.99 MB, VMS = 128676.38 MB
[UEDRS] [00:00:06] Elapsed
[UEDRS] [11:36:56] Sampling
[UEDRS] [11:36:57] Sampling done, obtained size: 22269879
[UEDRS] [11:36:57] Memory Usage: RSS = 78300.18 MB, VMS = 128336.56 MB
[UEDRS] [00:00:00] Elapsed
[UEDRS] [11:36:57] Checking [RECBOLE][BPR][IPINYOU][22m]
[UEDRS] [11:36:57] Skipping (0.028)
[UEDRS] [11:36:57] Memory Usage: RSS = 78300.18 MB, VMS = 128336.56 MB
[UEDRS] [11:36:57] Releasing dataframe from memory
[UEDRS] [11:36:57] Memory Usage: RSS = 77421.81 MB, VMS = 127449.56 MB
[UEDRS] [11:36:57] Dataset: AMAZON
[UEDRS] [11:36:57] Loading
[UEDRS] [11:43:40] Loading done
[UEDRS] [11:43:40] Memory Usage: RSS = 97522.23 MB, VMS = 142905.77 MB
[UEDRS] [00:06:42] Elapsed
[UEDRS] [11:43:40] Sampling
[UEDRS] [12:18:36] Sampling done, obtained size: 50000000
[UEDRS] [12:18:36] Memory Usage: RSS = 88842.27 MB, VMS = 134293.56 MB
[UEDRS] [00:34:56] Elapsed
[UEDRS] [12:18:36] Checking [RECBOLE][BPR][AMAZON][50m]
[UEDRS] [12:18:36] Starting
