[UEDRS] [00:00:14] Mode: ABSOLUTE STRATIFIED_USER
[UEDRS] [00:00:14] Tag:  RECBOLE:BPR
[UEDRS] [00:00:14] Tool: RECBOLE
[UEDRS] [00:00:14] Algorithm: BPR
[UEDRS] [00:00:14] Datasets: MOVIELENS, NETFLIX, MUSIC4ALL, GOODREADS, AMAZON, ALIBABA
[UEDRS] [00:00:14] Sizes: [1000000, 25000000, 50000000, 75000000, 100000000]

[UEDRS] [00:00:14] Current dataset [MOVIELENS]
[UEDRS] [00:00:14] Loading full dataset
[UEDRS] [00:00:21] Loading done
[UEDRS] [00:00:21] Memory Usage: RSS = 1349.11 MB, VMS = 8832.25 MB
[UEDRS] [00:00:06] Elapsed
[UEDRS] [00:00:21] Sampling for [1000000]
[UEDRS] [00:00:28] Sampling done
[UEDRS] [00:00:28] Memory Usage: RSS = 709.69 MB, VMS = 8190.83 MB
[UEDRS] [00:00:06] Elapsed
[UEDRS] [00:00:28] Checking [RECBOLE][BPR][MOVIELENS][1m]
[UEDRS] [00:00:28] Skipping (0.00014)
[UEDRS] [00:00:28] Memory Usage: RSS = 709.69 MB, VMS = 8190.83 MB
[UEDRS] [00:00:28] Releasing dataframe from memory
[UEDRS] [00:00:28] Memory Usage: RSS = 709.69 MB, VMS = 8190.83 MB
[UEDRS] [00:00:28] Loading full dataset
[UEDRS] [00:00:33] Loading done
[UEDRS] [00:00:33] Memory Usage: RSS = 1488.71 MB, VMS = 8969.73 MB
[UEDRS] [00:00:04] Elapsed
[UEDRS] [00:00:33] Sampling for [25000000]
[UEDRS] [00:00:40] Sampling done
[UEDRS] [00:00:40] Memory Usage: RSS = 1413.62 MB, VMS = 8894.78 MB
[UEDRS] [00:00:07] Elapsed
[UEDRS] [00:00:40] Checking [RECBOLE][BPR][MOVIELENS][25m]
[UEDRS] [00:00:40] Skipping (0.00019)
[UEDRS] [00:00:40] Memory Usage: RSS = 1413.62 MB, VMS = 8894.78 MB
[UEDRS] [00:00:40] Releasing dataframe from memory
[UEDRS] [00:00:40] Memory Usage: RSS = 841.44 MB, VMS = 8322.60 MB
[UEDRS] [00:00:40] Loading full dataset
[UEDRS] [00:00:45] Loading done
[UEDRS] [00:00:45] Memory Usage: RSS = 1616.93 MB, VMS = 9097.95 MB
[UEDRS] [00:00:04] Elapsed
[UEDRS] [00:00:45] Sampling for [50000000]
[UEDRS] [00:00:52] Sampling done
[UEDRS] [00:00:52] Memory Usage: RSS = 1654.78 MB, VMS = 9135.92 MB
[UEDRS] [00:00:07] Elapsed
[UEDRS] [00:00:52] Checking [RECBOLE][BPR][MOVIELENS][32m]
[UEDRS] [00:00:52] Skipping (0.00022)
[UEDRS] [00:00:52] Memory Usage: RSS = 1654.78 MB, VMS = 9135.92 MB
[UEDRS] [00:00:52] Releasing dataframe from memory
[UEDRS] [00:00:52] Memory Usage: RSS = 922.35 MB, VMS = 8403.49 MB
[UEDRS] [00:00:52] Loading full dataset
[UEDRS] [00:00:57] Loading done
[UEDRS] [00:00:57] Memory Usage: RSS = 1672.38 MB, VMS = 9153.39 MB
[UEDRS] [00:00:04] Elapsed
[UEDRS] [00:00:57] Sampling for [75000000]
[UEDRS] [00:01:05] Sampling done
[UEDRS] [00:01:05] Memory Usage: RSS = 1654.78 MB, VMS = 9135.92 MB
[UEDRS] [00:00:07] Elapsed
[UEDRS] [00:01:05] Checking [RECBOLE][BPR][MOVIELENS][32m]
[UEDRS] [00:01:05] Skipping (0.00022)
[UEDRS] [00:01:05] Memory Usage: RSS = 1654.78 MB, VMS = 9135.92 MB
[UEDRS] [00:01:05] Releasing dataframe from memory
[UEDRS] [00:01:05] Memory Usage: RSS = 922.35 MB, VMS = 8403.49 MB
[UEDRS] [00:01:05] Loading full dataset
[UEDRS] [00:01:10] Loading done
[UEDRS] [00:01:10] Memory Usage: RSS = 1671.57 MB, VMS = 9152.59 MB
[UEDRS] [00:00:04] Elapsed
[UEDRS] [00:01:10] Sampling for [100000000]
[UEDRS] [00:01:17] Sampling done
[UEDRS] [00:01:17] Memory Usage: RSS = 1654.77 MB, VMS = 9135.92 MB
[UEDRS] [00:00:07] Elapsed
[UEDRS] [00:01:17] Checking [RECBOLE][BPR][MOVIELENS][32m]
[UEDRS] [00:01:17] Skipping (0.00022)
[UEDRS] [00:01:17] Memory Usage: RSS = 1654.77 MB, VMS = 9135.92 MB
[UEDRS] [00:01:17] Releasing dataframe from memory
[UEDRS] [00:01:17] Memory Usage: RSS = 922.34 MB, VMS = 8403.49 MB
[UEDRS] [00:01:17] Current dataset [NETFLIX]
[UEDRS] [00:01:17] Loading full dataset
[UEDRS] [00:01:46] Loading done
[UEDRS] [00:01:46] Memory Usage: RSS = 3223.76 MB, VMS = 10704.78 MB
[UEDRS] [00:00:28] Elapsed
[UEDRS] [00:01:46] Sampling for [1000000]
[UEDRS] [00:02:10] Sampling done
[UEDRS] [00:02:10] Memory Usage: RSS = 924.93 MB, VMS = 8405.96 MB
[UEDRS] [00:00:24] Elapsed
[UEDRS] [00:02:10] Checking [RECBOLE][BPR][NETFLIX][1m]
[UEDRS] [00:02:10] Skipping (0.00032)
[UEDRS] [00:02:10] Memory Usage: RSS = 924.93 MB, VMS = 8405.96 MB
[UEDRS] [00:02:10] Releasing dataframe from memory
[UEDRS] [00:02:10] Memory Usage: RSS = 923.94 MB, VMS = 8404.96 MB
[UEDRS] [00:02:10] Loading full dataset
[UEDRS] [00:02:26] Loading done
[UEDRS] [00:02:26] Memory Usage: RSS = 3217.76 MB, VMS = 10698.78 MB
[UEDRS] [00:00:16] Elapsed
[UEDRS] [00:02:26] Sampling for [25000000]
[UEDRS] [00:02:52] Sampling done
[UEDRS] [00:02:52] Memory Usage: RSS = 1512.30 MB, VMS = 8993.45 MB
[UEDRS] [00:00:25] Elapsed
[UEDRS] [00:02:52] Checking [RECBOLE][BPR][NETFLIX][25m]
[UEDRS] [00:02:52] Skipping (0.00044)
[UEDRS] [00:02:52] Memory Usage: RSS = 1512.30 MB, VMS = 8993.45 MB
[UEDRS] [00:02:52] Releasing dataframe from memory
[UEDRS] [00:02:52] Memory Usage: RSS = 939.48 MB, VMS = 8420.61 MB
[UEDRS] [00:02:52] Loading full dataset
[UEDRS] [00:03:08] Loading done
[UEDRS] [00:03:08] Memory Usage: RSS = 3231.75 MB, VMS = 10712.76 MB
[UEDRS] [00:00:16] Elapsed
[UEDRS] [00:03:08] Sampling for [50000000]
[UEDRS] [00:03:35] Sampling done
[UEDRS] [00:03:35] Memory Usage: RSS = 2222.20 MB, VMS = 9703.66 MB
[UEDRS] [00:00:26] Elapsed
[UEDRS] [00:03:35] Checking [RECBOLE][BPR][NETFLIX][50m]
[UEDRS] [00:03:35] Skipping (0.0007)
[UEDRS] [00:03:35] Memory Usage: RSS = 2222.20 MB, VMS = 9703.66 MB
[UEDRS] [00:03:35] Releasing dataframe from memory
[UEDRS] [00:03:35] Memory Usage: RSS = 1077.52 MB, VMS = 8558.96 MB
[UEDRS] [00:03:35] Loading full dataset
[UEDRS] [00:03:51] Loading done
[UEDRS] [00:03:51] Memory Usage: RSS = 3430.44 MB, VMS = 10911.44 MB
[UEDRS] [00:00:16] Elapsed
[UEDRS] [00:03:51] Sampling for [75000000]
[UEDRS] [00:04:18] Sampling done
[UEDRS] [00:04:18] Memory Usage: RSS = 2986.09 MB, VMS = 10467.53 MB
[UEDRS] [00:00:27] Elapsed
[UEDRS] [00:04:18] Checking [RECBOLE][BPR][NETFLIX][75m]
[UEDRS] [00:04:18] Skipping (0.00101)
[UEDRS] [00:04:18] Memory Usage: RSS = 2986.09 MB, VMS = 10467.53 MB
[UEDRS] [00:04:18] Releasing dataframe from memory
[UEDRS] [00:04:18] Memory Usage: RSS = 1268.55 MB, VMS = 8749.98 MB
[UEDRS] [00:04:18] Loading full dataset
[UEDRS] [00:04:34] Loading done
[UEDRS] [00:04:34] Memory Usage: RSS = 3567.46 MB, VMS = 11048.46 MB
[UEDRS] [00:00:16] Elapsed
[UEDRS] [00:04:34] Sampling for [100000000]
[UEDRS] [00:05:12] Sampling done
[UEDRS] [00:05:12] Memory Usage: RSS = 3749.73 MB, VMS = 11230.88 MB
[UEDRS] [00:00:37] Elapsed
[UEDRS] [00:05:12] Checking [RECBOLE][BPR][NETFLIX][100m]
[UEDRS] [00:05:12] Skipping (0.00127)
[UEDRS] [00:05:12] Memory Usage: RSS = 3749.73 MB, VMS = 11230.88 MB
[UEDRS] [00:05:12] Releasing dataframe from memory
[UEDRS] [00:05:12] Memory Usage: RSS = 1459.91 MB, VMS = 8941.06 MB
[UEDRS] [00:05:12] Current dataset [MUSIC4ALL]
[UEDRS] [00:05:12] Loading full dataset
[UEDRS] [00:05:30] Loading done
[UEDRS] [00:05:30] Memory Usage: RSS = 3253.57 MB, VMS = 10744.50 MB
[UEDRS] [00:00:18] Elapsed
[UEDRS] [00:05:30] Sampling for [1000000]
[UEDRS] [00:05:39] Sampling done
[UEDRS] [00:05:39] Memory Usage: RSS = 2110.05 MB, VMS = 9600.72 MB
[UEDRS] [00:00:08] Elapsed
[UEDRS] [00:05:39] Checking [RECBOLE][BPR][MUSIC4ALL][1m]
[UEDRS] [00:05:39] Skipping (6e-05)
[UEDRS] [00:05:39] Memory Usage: RSS = 2110.05 MB, VMS = 9600.72 MB
[UEDRS] [00:05:39] Releasing dataframe from memory
[UEDRS] [00:05:39] Memory Usage: RSS = 1497.75 MB, VMS = 8978.72 MB
[UEDRS] [00:05:39] Loading full dataset
[UEDRS] [00:05:52] Loading done
[UEDRS] [00:05:52] Memory Usage: RSS = 3213.63 MB, VMS = 10704.50 MB
[UEDRS] [00:00:13] Elapsed
[UEDRS] [00:05:52] Sampling for [25000000]
[UEDRS] [00:06:02] Sampling done
[UEDRS] [00:06:02] Memory Usage: RSS = 2641.72 MB, VMS = 10132.41 MB
[UEDRS] [00:00:09] Elapsed
[UEDRS] [00:06:02] Checking [RECBOLE][BPR][MUSIC4ALL][25m]
[UEDRS] [00:06:02] Skipping (0.00041)
[UEDRS] [00:06:02] Memory Usage: RSS = 2641.72 MB, VMS = 10132.41 MB
[UEDRS] [00:06:02] Releasing dataframe from memory
[UEDRS] [00:06:03] Memory Usage: RSS = 1458.73 MB, VMS = 8939.71 MB
[UEDRS] [00:06:03] Loading full dataset
[UEDRS] [00:06:17] Loading done
[UEDRS] [00:06:17] Memory Usage: RSS = 3256.69 MB, VMS = 10747.57 MB
[UEDRS] [00:00:13] Elapsed
[UEDRS] [00:06:17] Sampling for [50000000]
[UEDRS] [00:06:37] Sampling done
[UEDRS] [00:06:37] Memory Usage: RSS = 3257.52 MB, VMS = 10748.20 MB
[UEDRS] [00:00:20] Elapsed
[UEDRS] [00:06:37] Checking [RECBOLE][BPR][MUSIC4ALL][50m]
[UEDRS] [00:06:37] Skipping (0.00079)
[UEDRS] [00:06:37] Memory Usage: RSS = 3257.52 MB, VMS = 10748.20 MB
[UEDRS] [00:06:37] Releasing dataframe from memory
[UEDRS] [00:06:38] Memory Usage: RSS = 1501.80 MB, VMS = 8982.79 MB
[UEDRS] [00:06:38] Loading full dataset
[UEDRS] [00:06:52] Loading done
[UEDRS] [00:06:52] Memory Usage: RSS = 3241.22 MB, VMS = 10732.10 MB
[UEDRS] [00:00:13] Elapsed
[UEDRS] [00:06:52] Sampling for [75000000]
[UEDRS] [00:07:04] Sampling done
[UEDRS] [00:07:04] Memory Usage: RSS = 3242.41 MB, VMS = 10733.10 MB
[UEDRS] [00:00:11] Elapsed
[UEDRS] [00:07:04] Checking [RECBOLE][BPR][MUSIC4ALL][50m]
[UEDRS] [00:07:04] Skipping (0.00079)
[UEDRS] [00:07:04] Memory Usage: RSS = 3242.41 MB, VMS = 10733.10 MB
[UEDRS] [00:07:04] Releasing dataframe from memory
[UEDRS] [00:07:05] Memory Usage: RSS = 1486.34 MB, VMS = 8967.32 MB
[UEDRS] [00:07:05] Loading full dataset
[UEDRS] [00:07:19] Loading done
[UEDRS] [00:07:19] Memory Usage: RSS = 3233.22 MB, VMS = 10724.10 MB
[UEDRS] [00:00:14] Elapsed
[UEDRS] [00:07:19] Sampling for [100000000]
[UEDRS] [00:07:31] Sampling done
[UEDRS] [00:07:31] Memory Usage: RSS = 3234.41 MB, VMS = 10725.10 MB
[UEDRS] [00:00:11] Elapsed
[UEDRS] [00:07:31] Checking [RECBOLE][BPR][MUSIC4ALL][50m]
[UEDRS] [00:07:31] Skipping (0.00079)
[UEDRS] [00:07:31] Memory Usage: RSS = 3234.41 MB, VMS = 10725.10 MB
[UEDRS] [00:07:31] Releasing dataframe from memory
[UEDRS] [00:07:32] Memory Usage: RSS = 1478.34 MB, VMS = 8959.32 MB
[UEDRS] [00:07:32] Current dataset [GOODREADS]
[UEDRS] [00:07:32] Loading full dataset
[UEDRS] [00:08:38] Loading done
[UEDRS] [00:08:38] Memory Usage: RSS = 6717.68 MB, VMS = 14198.67 MB
[UEDRS] [00:01:06] Elapsed
[UEDRS] [00:08:38] Sampling for [1000000]
[UEDRS] [00:09:16] Sampling done
[UEDRS] [00:09:16] Memory Usage: RSS = 1483.37 MB, VMS = 8965.32 MB
[UEDRS] [00:00:37] Elapsed
[UEDRS] [00:09:16] Checking [RECBOLE][BPR][GOODREADS][1m]
[UEDRS] [00:09:16] Skipping (2e-05)
[UEDRS] [00:09:16] Memory Usage: RSS = 1482.38 MB, VMS = 8964.32 MB
[UEDRS] [00:09:16] Releasing dataframe from memory
[UEDRS] [00:09:16] Memory Usage: RSS = 1482.38 MB, VMS = 8964.32 MB
[UEDRS] [00:09:16] Loading full dataset
[UEDRS] [00:10:23] Loading done
[UEDRS] [00:10:23] Memory Usage: RSS = 6731.73 MB, VMS = 14213.67 MB
[UEDRS] [00:01:06] Elapsed
[UEDRS] [00:10:23] Sampling for [25000000]
[UEDRS] [00:10:59] Sampling done
[UEDRS] [00:10:59] Memory Usage: RSS = 2071.36 MB, VMS = 9552.33 MB
[UEDRS] [00:00:36] Elapsed
[UEDRS] [00:10:59] Checking [RECBOLE][BPR][GOODREADS][25m]
[UEDRS] [00:10:59] Starting
[UEDRS] [01:04:04] Finished (0.0)
[UEDRS] [01:04:04] Memory Usage: RSS = 10326.91 MB, VMS = 28790.96 MB
[UEDRS] [00:53:04] Elapsed

[UEDRS] [01:04:04] Memory Usage: RSS = 10326.91 MB, VMS = 28790.96 MB
[UEDRS] [01:04:04] Releasing dataframe from memory
[UEDRS] [01:04:22] Memory Usage: RSS = 6449.68 MB, VMS = 24908.71 MB
[UEDRS] [01:04:22] Loading full dataset
[UEDRS] [01:05:22] Loading done
[UEDRS] [01:05:22] Memory Usage: RSS = 11685.86 MB, VMS = 30144.77 MB
[UEDRS] [00:01:00] Elapsed
[UEDRS] [01:05:22] Sampling for [50000000]
[UEDRS] [01:06:00] Sampling done
[UEDRS] [01:06:00] Memory Usage: RSS = 7596.93 MB, VMS = 26055.56 MB
[UEDRS] [00:00:38] Elapsed
[UEDRS] [01:06:00] Checking [RECBOLE][BPR][GOODREADS][50m]
[UEDRS] [01:06:00] Starting
[UEDRS] [02:09:24] Finished (0.0)
[UEDRS] [02:09:24] Memory Usage: RSS = 17368.18 MB, VMS = 37726.30 MB
[UEDRS] [01:03:23] Elapsed

[UEDRS] [02:09:24] Memory Usage: RSS = 17368.18 MB, VMS = 37726.30 MB
[UEDRS] [02:09:24] Releasing dataframe from memory
[UEDRS] [02:09:43] Memory Usage: RSS = 11468.20 MB, VMS = 31781.26 MB
[UEDRS] [02:09:43] Loading full dataset
[UEDRS] [02:10:43] Loading done
[UEDRS] [02:10:43] Memory Usage: RSS = 16690.72 MB, VMS = 37003.61 MB
[UEDRS] [00:01:00] Elapsed
[UEDRS] [02:10:43] Sampling for [75000000]
[UEDRS] [02:11:27] Sampling done
[UEDRS] [02:11:27] Memory Usage: RSS = 13174.04 MB, VMS = 33486.88 MB
[UEDRS] [00:00:43] Elapsed
[UEDRS] [02:11:27] Checking [RECBOLE][BPR][GOODREADS][75m]
[UEDRS] [02:11:27] Starting
[UEDRS] [03:24:14] Finished (1e-05)
[UEDRS] [03:24:14] Memory Usage: RSS = 23871.35 MB, VMS = 45720.26 MB
[UEDRS] [01:12:47] Elapsed

[UEDRS] [03:24:14] Memory Usage: RSS = 23871.35 MB, VMS = 45720.26 MB
[UEDRS] [03:24:14] Releasing dataframe from memory
[UEDRS] [03:24:48] Memory Usage: RSS = 15784.53 MB, VMS = 37600.79 MB
[UEDRS] [03:24:48] Loading full dataset
[UEDRS] [03:25:27] Loading done
[UEDRS] [03:25:27] Memory Usage: RSS = 21011.97 MB, VMS = 42828.13 MB
[UEDRS] [00:00:38] Elapsed
[UEDRS] [03:25:27] Sampling for [100000000]
[UEDRS] [03:26:03] Sampling done
[UEDRS] [03:26:03] Memory Usage: RSS = 15779.61 MB, VMS = 37594.79 MB
[UEDRS] [00:00:36] Elapsed
[UEDRS] [03:26:03] Checking [RECBOLE][BPR][GOODREADS][100m]
[UEDRS] [03:26:03] Starting
[UEDRS] [04:42:58] Finished (1e-05)
[UEDRS] [04:42:58] Memory Usage: RSS = 30327.59 MB, VMS = 53776.11 MB
[UEDRS] [01:16:54] Elapsed

[UEDRS] [04:42:58] Memory Usage: RSS = 30327.59 MB, VMS = 53776.11 MB
[UEDRS] [04:42:58] Releasing dataframe from memory
[UEDRS] [04:43:38] Memory Usage: RSS = 22483.39 MB, VMS = 45899.84 MB
[UEDRS] [04:43:38] Current dataset [AMAZON]
[UEDRS] [04:43:38] Loading full dataset
[UEDRS] [04:47:20] Loading done
[UEDRS] [04:47:20] Memory Usage: RSS = 35398.81 MB, VMS = 58815.15 MB
[UEDRS] [00:03:41] Elapsed
[UEDRS] [04:47:20] Sampling for [1000000]
[UEDRS] [05:13:34] Sampling done
[UEDRS] [05:13:34] Memory Usage: RSS = 22471.66 MB, VMS = 45892.84 MB
[UEDRS] [00:26:14] Elapsed
[UEDRS] [05:13:34] Checking [RECBOLE][BPR][AMAZON][0m]
[UEDRS] [05:13:34] Starting
[UEDRS] [05:13:48] Finished (0.00011)
[UEDRS] [05:13:48] Memory Usage: RSS = 22471.56 MB, VMS = 45955.85 MB
[UEDRS] [00:00:13] Elapsed

[UEDRS] [05:13:48] Memory Usage: RSS = 22471.56 MB, VMS = 45955.85 MB
[UEDRS] [05:13:48] Releasing dataframe from memory
[UEDRS] [05:13:48] Memory Usage: RSS = 22469.59 MB, VMS = 45953.85 MB
[UEDRS] [05:13:48] Loading full dataset
[UEDRS] [05:17:24] Loading done
[UEDRS] [05:17:24] Memory Usage: RSS = 35393.32 MB, VMS = 58874.17 MB
[UEDRS] [00:03:35] Elapsed
[UEDRS] [05:17:24] Sampling for [25000000]
[UEDRS] [05:43:29] Sampling done
[UEDRS] [05:43:30] Memory Usage: RSS = 22473.22 MB, VMS = 45952.85 MB
[UEDRS] [00:26:05] Elapsed
[UEDRS] [05:43:30] Checking [RECBOLE][BPR][AMAZON][19m]
[UEDRS] [05:43:30] Starting
