[UEDRS] [00:00:15] Mode: ABSOLUTE STRATIFIED_USER
[UEDRS] [00:00:15] Tag:  RECBOLE:POP
[UEDRS] [00:00:15] Tool: RECBOLE
[UEDRS] [00:00:15] Algorithm: POP
[UEDRS] [00:00:15] Datasets: IPINYOU, AMAZON
[UEDRS] [00:00:15] Sizes: [100000, 250000, 500000, 750000, 1000000, 25000000, 50000000, 75000000, 100000000]

[UEDRS] [00:00:15] Desired size: 100000
[UEDRS] [00:00:15] Dataset: IPINYOU
[UEDRS] [00:00:15] Loading
[UEDRS] [00:00:25] Loading done
[UEDRS] [00:00:25] Memory Usage: RSS = 3947.49 MB, VMS = 15583.74 MB
[UEDRS] [00:00:09] Elapsed
[UEDRS] [00:00:25] Sampling
[UEDRS] [00:09:02] Sampling done, obtained size: 100000
[UEDRS] [00:09:02] Memory Usage: RSS = 5430.60 MB, VMS = 17063.98 MB
[UEDRS] [00:08:37] Elapsed
[UEDRS] [00:09:02] Checking [RECBOLE][POP][IPINYOU][100k]
[UEDRS] [00:09:02] Starting
[UEDRS] [00:09:13] Finished (0.048)
[UEDRS] [00:09:13] Memory Usage: RSS = 5632.10 MB, VMS = 24925.42 MB
[UEDRS] [00:00:10] Elapsed

[UEDRS] [00:09:13] Memory Usage: RSS = 5632.10 MB, VMS = 24925.42 MB
[UEDRS] [00:09:13] Releasing dataframe from memory
[UEDRS] [00:09:13] Memory Usage: RSS = 4475.68 MB, VMS = 23754.42 MB
[UEDRS] [00:09:13] Dataset: AMAZON
[UEDRS] [00:09:13] Loading
[UEDRS] [00:13:57] Loading done
[UEDRS] [00:13:57] Memory Usage: RSS = 66875.36 MB, VMS = 120968.68 MB
[UEDRS] [00:04:44] Elapsed
[UEDRS] [00:13:57] Sampling
[UEDRS] [04:20:57] Sampling done, obtained size: 100000
[UEDRS] [04:20:57] Memory Usage: RSS = 52877.19 MB, VMS = 112716.69 MB
[UEDRS] [04:06:59] Elapsed
[UEDRS] [04:20:57] Checking [RECBOLE][POP][AMAZON][100k]
[UEDRS] [04:20:57] Starting
[UEDRS] [04:21:16] Finished (0.00017)
[UEDRS] [04:21:16] Memory Usage: RSS = 52882.06 MB, VMS = 112972.71 MB
[UEDRS] [00:00:19] Elapsed

[UEDRS] [04:21:16] Memory Usage: RSS = 52882.06 MB, VMS = 112972.71 MB
[UEDRS] [04:21:16] Releasing dataframe from memory
[UEDRS] [04:21:17] Memory Usage: RSS = 49469.98 MB, VMS = 109534.71 MB
[UEDRS] [04:21:17] Desired size: 250000
[UEDRS] [04:21:17] Dataset: IPINYOU
[UEDRS] [04:21:17] Loading
[UEDRS] [04:21:27] Loading done
[UEDRS] [04:21:27] Memory Usage: RSS = 48777.66 MB, VMS = 111020.53 MB
[UEDRS] [00:00:10] Elapsed
[UEDRS] [04:21:27] Sampling
[UEDRS] [04:30:14] Sampling done, obtained size: 250000
[UEDRS] [04:30:14] Memory Usage: RSS = 48430.96 MB, VMS = 110671.72 MB
[UEDRS] [00:08:46] Elapsed
[UEDRS] [04:30:14] Checking [RECBOLE][POP][IPINYOU][250k]
[UEDRS] [04:30:14] Starting
[UEDRS] [04:30:25] Finished (0.063)
[UEDRS] [04:30:25] Memory Usage: RSS = 48431.87 MB, VMS = 112719.73 MB
[UEDRS] [00:00:11] Elapsed

[UEDRS] [04:30:25] Memory Usage: RSS = 48431.87 MB, VMS = 112719.73 MB
[UEDRS] [04:30:25] Releasing dataframe from memory
[UEDRS] [04:30:26] Memory Usage: RSS = 47314.24 MB, VMS = 111591.73 MB
[UEDRS] [04:30:26] Dataset: AMAZON
[UEDRS] [04:30:26] Loading
[UEDRS] [04:35:23] Loading done
[UEDRS] [04:35:23] Memory Usage: RSS = 81366.06 MB, VMS = 128707.95 MB
[UEDRS] [00:04:56] Elapsed
[UEDRS] [04:35:23] Sampling
[UEDRS] [05:10:26] Sampling done, obtained size: 250000
[UEDRS] [05:10:26] Memory Usage: RSS = 70602.46 MB, VMS = 117935.66 MB
[UEDRS] [00:35:02] Elapsed
[UEDRS] [05:10:26] Checking [RECBOLE][POP][AMAZON][250k]
[UEDRS] [05:10:26] Starting
[UEDRS] [05:11:11] Finished (0.00028)
[UEDRS] [05:11:11] Memory Usage: RSS = 70480.21 MB, VMS = 117998.68 MB
[UEDRS] [00:00:44] Elapsed

[UEDRS] [05:11:11] Memory Usage: RSS = 70480.21 MB, VMS = 117998.68 MB
[UEDRS] [05:11:11] Releasing dataframe from memory
[UEDRS] [05:11:12] Memory Usage: RSS = 66626.82 MB, VMS = 114105.68 MB
[UEDRS] [05:11:12] Desired size: 500000
[UEDRS] [05:11:12] Dataset: IPINYOU
[UEDRS] [05:11:12] Loading
[UEDRS] [05:11:26] Loading done
[UEDRS] [05:11:26] Memory Usage: RSS = 64991.54 MB, VMS = 115565.49 MB
[UEDRS] [00:00:14] Elapsed
[UEDRS] [05:11:26] Sampling
[UEDRS] [05:20:06] Sampling done, obtained size: 500000
[UEDRS] [05:20:06] Memory Usage: RSS = 64701.17 MB, VMS = 115228.68 MB
[UEDRS] [00:08:40] Elapsed
[UEDRS] [05:20:06] Checking [RECBOLE][POP][IPINYOU][500k]
[UEDRS] [05:20:06] Starting
[UEDRS] [05:20:26] Finished (0.055)
[UEDRS] [05:20:26] Memory Usage: RSS = 65028.80 MB, VMS = 115625.69 MB
[UEDRS] [00:00:19] Elapsed

[UEDRS] [05:20:26] Memory Usage: RSS = 65028.80 MB, VMS = 115625.69 MB
[UEDRS] [05:20:26] Releasing dataframe from memory
[UEDRS] [05:20:27] Memory Usage: RSS = 63599.05 MB, VMS = 114181.69 MB
[UEDRS] [05:20:27] Dataset: AMAZON
[UEDRS] [05:20:27] Loading
[UEDRS] [05:27:09] Loading done
[UEDRS] [05:27:09] Memory Usage: RSS = 87254.77 MB, VMS = 130054.90 MB
[UEDRS] [00:06:42] Elapsed
[UEDRS] [05:27:09] Sampling
[UEDRS] [09:47:52] Sampling done, obtained size: 500000
[UEDRS] [09:47:52] Memory Usage: RSS = 68366.48 MB, VMS = 118415.75 MB
[UEDRS] [04:20:43] Elapsed
[UEDRS] [09:47:52] Checking [RECBOLE][POP][AMAZON][500k]
[UEDRS] [09:47:52] Starting
[UEDRS] [09:49:29] Finished (0.00035)
[UEDRS] [09:49:29] Memory Usage: RSS = 68305.71 MB, VMS = 118478.77 MB
[UEDRS] [00:01:37] Elapsed

[UEDRS] [09:49:29] Memory Usage: RSS = 68305.71 MB, VMS = 118478.77 MB
[UEDRS] [09:49:29] Releasing dataframe from memory
[UEDRS] [09:49:31] Memory Usage: RSS = 64130.03 MB, VMS = 114260.77 MB
[UEDRS] [09:49:31] Desired size: 750000
[UEDRS] [09:49:31] Dataset: IPINYOU
[UEDRS] [09:49:31] Loading
[UEDRS] [10:02:34] Loading done
[UEDRS] [10:02:34] Memory Usage: RSS = 68009.30 MB, VMS = 115695.58 MB
[UEDRS] [00:13:02] Elapsed
[UEDRS] [10:02:34] Sampling
[UEDRS] [10:11:08] Sampling done, obtained size: 750000
[UEDRS] [10:11:08] Memory Usage: RSS = 67672.82 MB, VMS = 115358.77 MB
[UEDRS] [00:08:34] Elapsed
[UEDRS] [10:11:08] Checking [RECBOLE][POP][IPINYOU][750k]
[UEDRS] [10:11:08] Starting
[UEDRS] [10:11:34] Finished (0.059)
[UEDRS] [10:11:34] Memory Usage: RSS = 68221.26 MB, VMS = 115976.79 MB
[UEDRS] [00:00:25] Elapsed

[UEDRS] [10:11:34] Memory Usage: RSS = 68221.26 MB, VMS = 115976.79 MB
[UEDRS] [10:11:34] Releasing dataframe from memory
[UEDRS] [10:11:36] Memory Usage: RSS = 66584.84 MB, VMS = 114325.79 MB
[UEDRS] [10:11:36] Dataset: AMAZON
[UEDRS] [10:11:36] Loading
[UEDRS] [12:14:49] Loading done
[UEDRS] [12:14:49] Memory Usage: RSS = 88155.66 MB, VMS = 129865.00 MB
[UEDRS] [02:03:12] Elapsed
[UEDRS] [12:14:49] Sampling
[UEDRS] [14:48:57] Sampling done, obtained size: 750000
[UEDRS] [14:48:57] Memory Usage: RSS = 76898.08 MB, VMS = 118798.59 MB
[UEDRS] [02:34:07] Elapsed
[UEDRS] [14:48:57] Checking [RECBOLE][POP][AMAZON][750k]
[UEDRS] [14:48:57] Starting
[UEDRS] [14:51:33] Finished (0.00056)
[UEDRS] [14:51:33] Memory Usage: RSS = 76355.55 MB, VMS = 118860.60 MB
[UEDRS] [00:02:36] Elapsed

[UEDRS] [14:51:33] Memory Usage: RSS = 76355.55 MB, VMS = 118860.60 MB
[UEDRS] [14:51:33] Releasing dataframe from memory
[UEDRS] [14:51:35] Memory Usage: RSS = 71972.60 MB, VMS = 114466.60 MB
[UEDRS] [14:51:35] Desired size: 1000000
[UEDRS] [14:51:35] Dataset: IPINYOU
[UEDRS] [14:51:35] Loading
[UEDRS] [14:51:43] Loading done
[UEDRS] [14:51:43] Memory Usage: RSS = 72252.88 MB, VMS = 115889.41 MB
[UEDRS] [00:00:08] Elapsed
[UEDRS] [14:51:43] Sampling
[UEDRS] [15:00:16] Sampling done, obtained size: 1000000
[UEDRS] [15:00:16] Memory Usage: RSS = 71916.24 MB, VMS = 115552.60 MB
[UEDRS] [00:08:33] Elapsed
[UEDRS] [15:00:16] Checking [RECBOLE][POP][IPINYOU][1m]
[UEDRS] [15:00:16] Starting
[UEDRS] [15:00:49] Finished (0.058)
[UEDRS] [15:00:49] Memory Usage: RSS = 72668.34 MB, VMS = 116374.62 MB
[UEDRS] [00:00:33] Elapsed

[UEDRS] [15:00:49] Memory Usage: RSS = 72668.34 MB, VMS = 116374.62 MB
[UEDRS] [15:00:49] Releasing dataframe from memory
[UEDRS] [15:00:52] Memory Usage: RSS = 70843.79 MB, VMS = 114535.62 MB
[UEDRS] [15:00:52] Dataset: AMAZON
[UEDRS] [15:00:52] Loading
[UEDRS] [15:04:06] Loading done
[UEDRS] [15:04:06] Memory Usage: RSS = 90506.43 MB, VMS = 130251.83 MB
[UEDRS] [00:03:14] Elapsed
[UEDRS] [15:04:06] Sampling
[UEDRS] [15:39:11] Sampling done, obtained size: 1000000
[UEDRS] [15:39:11] Memory Usage: RSS = 79355.18 MB, VMS = 119244.71 MB
[UEDRS] [00:35:05] Elapsed
[UEDRS] [15:39:11] Checking [RECBOLE][POP][AMAZON][1m]
[UEDRS] [15:39:11] Starting
[UEDRS] [15:42:56] Finished (0.00061)
[UEDRS] [15:42:56] Memory Usage: RSS = 79368.61 MB, VMS = 119307.73 MB
[UEDRS] [00:03:44] Elapsed

[UEDRS] [15:42:56] Memory Usage: RSS = 79368.61 MB, VMS = 119307.73 MB
[UEDRS] [15:42:56] Releasing dataframe from memory
[UEDRS] [15:42:58] Memory Usage: RSS = 74907.69 MB, VMS = 114802.73 MB
[UEDRS] [15:42:58] Desired size: 25000000
[UEDRS] [15:42:58] Dataset: IPINYOU
[UEDRS] [15:42:58] Loading
[UEDRS] [15:43:05] Loading done
[UEDRS] [15:43:05] Memory Usage: RSS = 76174.37 MB, VMS = 116210.54 MB
[UEDRS] [00:00:07] Elapsed
[UEDRS] [15:43:05] Sampling
[UEDRS] [15:43:06] Sampling done, obtained size: 22269879
[UEDRS] [15:43:06] Memory Usage: RSS = 75834.56 MB, VMS = 115870.73 MB
[UEDRS] [00:00:00] Elapsed
[UEDRS] [15:43:06] Checking [RECBOLE][POP][IPINYOU][22m]
[UEDRS] [15:43:06] Starting
[UEDRS] [15:54:15] Finished (0.13)
[UEDRS] [15:54:15] Memory Usage: RSS = 97981.45 MB, VMS = 155420.00 MB
[UEDRS] [00:11:09] Elapsed

[UEDRS] [15:54:15] Memory Usage: RSS = 97981.45 MB, VMS = 155420.00 MB
[UEDRS] [15:54:15] Releasing dataframe from memory
[UEDRS] [15:54:56] Memory Usage: RSS = 74792.49 MB, VMS = 132061.75 MB
[UEDRS] [15:54:56] Dataset: AMAZON
[UEDRS] [15:54:56] Loading
[UEDRS] [15:58:03] Loading done
[UEDRS] [15:58:03] Memory Usage: RSS = 94164.02 MB, VMS = 147562.96 MB
[UEDRS] [00:03:07] Elapsed
[UEDRS] [15:58:03] Sampling
[UEDRS] [21:04:38] Sampling done, obtained size: 25000000
[UEDRS] [21:04:39] Memory Usage: RSS = 81286.41 MB, VMS = 138981.47 MB
[UEDRS] [05:06:35] Elapsed
[UEDRS] [21:04:39] Checking [RECBOLE][POP][AMAZON][25m]
[UEDRS] [21:04:39] Starting
