[UEDRS] [00:00:14] Mode: ABSOLUTE STRATIFIED_USER
[UEDRS] [00:00:14] Tag:  LENSKIT:BIASED_MF
[UEDRS] [00:00:14] Tool: LENSKIT
[UEDRS] [00:00:14] Algorithm: BIASED_MF
[UEDRS] [00:00:14] Datasets: IPINYOU
[UEDRS] [00:00:14] Sizes: [750000, 1000000, 25000000, 50000000, 75000000, 100000000]

[UEDRS] [00:00:14] Desired size: 750000
[UEDRS] [00:00:14] Dataset: IPINYOU
[UEDRS] [00:00:14] Loading
[UEDRS] [00:00:23] Loading done
[UEDRS] [00:00:23] Memory Usage: RSS = 3799.32 MB, VMS = 10902.84 MB
[UEDRS] [00:00:09] Elapsed
[UEDRS] [00:00:23] Sampling
[UEDRS] [00:08:46] Sampling done, obtained size: 750000
[UEDRS] [00:08:46] Memory Usage: RSS = 5313.25 MB, VMS = 12414.32 MB
[UEDRS] [00:08:22] Elapsed
[UEDRS] [00:08:46] Checking [LENSKIT][BIASED_MF][IPINYOU][750k]
[UEDRS] [00:08:46] Skipping (4.5e-07)
[UEDRS] [00:08:46] Memory Usage: RSS = 5313.25 MB, VMS = 12414.32 MB
[UEDRS] [00:08:46] Releasing dataframe from memory
[UEDRS] [00:08:46] Memory Usage: RSS = 3902.80 MB, VMS = 10985.32 MB
[UEDRS] [00:08:46] Desired size: 1000000
[UEDRS] [00:08:46] Dataset: IPINYOU
[UEDRS] [00:08:46] Loading
[UEDRS] [00:08:53] Loading done
[UEDRS] [00:08:53] Memory Usage: RSS = 6190.59 MB, VMS = 14795.13 MB
[UEDRS] [00:00:07] Elapsed
[UEDRS] [00:08:53] Sampling
[UEDRS] [00:17:09] Sampling done, obtained size: 1000000
[UEDRS] [00:17:09] Memory Usage: RSS = 6849.41 MB, VMS = 15439.02 MB
[UEDRS] [00:08:15] Elapsed
[UEDRS] [00:17:09] Checking [LENSKIT][BIASED_MF][IPINYOU][1m]
[UEDRS] [00:17:09] Starting
[UEDRS] [22:21:36] Finished (1.3e-06)
[UEDRS] [22:21:36] Memory Usage: RSS = 6550.74 MB, VMS = 18051.46 MB
[UEDRS] [22:04:26] Elapsed

[UEDRS] [22:21:36] Memory Usage: RSS = 6550.74 MB, VMS = 18051.46 MB
[UEDRS] [22:21:36] Releasing dataframe from memory
[UEDRS] [22:21:36] Memory Usage: RSS = 5134.89 MB, VMS = 16635.46 MB
[UEDRS] [22:21:36] Desired size: 25000000
[UEDRS] [22:21:36] Dataset: IPINYOU
[UEDRS] [22:21:36] Loading
[UEDRS] [22:21:44] Loading done
[UEDRS] [22:21:44] Memory Usage: RSS = 8875.46 MB, VMS = 20442.28 MB
[UEDRS] [00:00:07] Elapsed
[UEDRS] [22:21:44] Sampling
[UEDRS] [22:21:44] Sampling done, obtained size: 22269879
[UEDRS] [22:21:44] Memory Usage: RSS = 8535.65 MB, VMS = 20102.46 MB
[UEDRS] [00:00:00] Elapsed
[UEDRS] [22:21:44] Checking [LENSKIT][BIASED_MF][IPINYOU][22m]
[UEDRS] [22:21:44] Starting
