[UEDRS] [00:00:09] Mode: ABSOLUTE STRATIFIED_USER
[UEDRS] [00:00:09] Tag:  LENSKIT:BIASED_SVD
[UEDRS] [00:00:09] Tool: LENSKIT
[UEDRS] [00:00:09] Algorithm: BIASED_SVD
[UEDRS] [00:00:09] Datasets: MOVIELENS, NETFLIX, MUSIC4ALL, GOODREADS, AMAZON, ALIBABA
[UEDRS] [00:00:09] Sizes: [1000000, 25000000, 50000000, 75000000, 100000000]

[UEDRS] [00:00:09] Current dataset [MOVIELENS]
[UEDRS] [00:00:09] Loading full dataset
[UEDRS] [00:00:14] Loading done
[UEDRS] [00:00:14] Memory Usage: RSS = 1341.91 MB, VMS = 4551.67 MB
[UEDRS] [00:00:04] Elapsed
[UEDRS] [00:00:14] Sampling for [1000000]
[UEDRS] [00:00:21] Sampling done
[UEDRS] [00:00:21] Memory Usage: RSS = 712.05 MB, VMS = 3919.75 MB
[UEDRS] [00:00:06] Elapsed
[UEDRS] [00:00:21] Checking [LENSKIT][BIASED_SVD][MOVIELENS][1m]
[UEDRS] [00:00:21] Skipping (0.0039)
[UEDRS] [00:00:21] Memory Usage: RSS = 712.05 MB, VMS = 3919.75 MB
[UEDRS] [00:00:21] Releasing dataframe from memory
[UEDRS] [00:00:21] Memory Usage: RSS = 651.01 MB, VMS = 3858.58 MB
[UEDRS] [00:00:21] Loading full dataset
[UEDRS] [00:00:26] Loading done
[UEDRS] [00:00:26] Memory Usage: RSS = 1383.44 MB, VMS = 4591.01 MB
[UEDRS] [00:00:04] Elapsed
[UEDRS] [00:00:26] Sampling for [25000000]
[UEDRS] [00:00:33] Sampling done
[UEDRS] [00:00:33] Memory Usage: RSS = 1408.39 MB, VMS = 4616.07 MB
[UEDRS] [00:00:07] Elapsed
[UEDRS] [00:00:33] Checking [LENSKIT][BIASED_SVD][MOVIELENS][25m]
[UEDRS] [00:00:33] Skipping (0.04919)
[UEDRS] [00:00:33] Memory Usage: RSS = 1408.39 MB, VMS = 4616.07 MB
[UEDRS] [00:00:33] Releasing dataframe from memory
[UEDRS] [00:00:33] Memory Usage: RSS = 836.21 MB, VMS = 4043.89 MB
[UEDRS] [00:00:33] Loading full dataset
[UEDRS] [00:00:38] Loading done
[UEDRS] [00:00:38] Memory Usage: RSS = 1611.71 MB, VMS = 4819.25 MB
[UEDRS] [00:00:04] Elapsed
[UEDRS] [00:00:38] Sampling for [50000000]
[UEDRS] [00:00:45] Sampling done
[UEDRS] [00:00:45] Memory Usage: RSS = 1649.53 MB, VMS = 4857.21 MB
[UEDRS] [00:00:07] Elapsed
[UEDRS] [00:00:45] Checking [LENSKIT][BIASED_SVD][MOVIELENS][32m]
[UEDRS] [00:00:45] Skipping (0.09082)
[UEDRS] [00:00:45] Memory Usage: RSS = 1649.53 MB, VMS = 4857.21 MB
[UEDRS] [00:00:45] Releasing dataframe from memory
[UEDRS] [00:00:45] Memory Usage: RSS = 917.10 MB, VMS = 4124.79 MB
[UEDRS] [00:00:45] Loading full dataset
[UEDRS] [00:00:50] Loading done
[UEDRS] [00:00:50] Memory Usage: RSS = 1671.13 MB, VMS = 4878.69 MB
[UEDRS] [00:00:04] Elapsed
[UEDRS] [00:00:50] Sampling for [75000000]
[UEDRS] [00:00:58] Sampling done
[UEDRS] [00:00:58] Memory Usage: RSS = 1649.53 MB, VMS = 4857.21 MB
[UEDRS] [00:00:07] Elapsed
[UEDRS] [00:00:58] Checking [LENSKIT][BIASED_SVD][MOVIELENS][32m]
[UEDRS] [00:00:58] Skipping (0.09082)
[UEDRS] [00:00:58] Memory Usage: RSS = 1649.53 MB, VMS = 4857.21 MB
[UEDRS] [00:00:58] Releasing dataframe from memory
[UEDRS] [00:00:58] Memory Usage: RSS = 917.10 MB, VMS = 4124.78 MB
[UEDRS] [00:00:58] Loading full dataset
[UEDRS] [00:01:02] Loading done
[UEDRS] [00:01:02] Memory Usage: RSS = 1665.13 MB, VMS = 4872.69 MB
[UEDRS] [00:00:04] Elapsed
[UEDRS] [00:01:02] Sampling for [100000000]
[UEDRS] [00:01:10] Sampling done
[UEDRS] [00:01:10] Memory Usage: RSS = 1649.53 MB, VMS = 4857.21 MB
[UEDRS] [00:00:07] Elapsed
[UEDRS] [00:01:10] Checking [LENSKIT][BIASED_SVD][MOVIELENS][32m]
[UEDRS] [00:01:10] Skipping (0.09082)
[UEDRS] [00:01:10] Memory Usage: RSS = 1649.53 MB, VMS = 4857.21 MB
[UEDRS] [00:01:10] Releasing dataframe from memory
[UEDRS] [00:01:10] Memory Usage: RSS = 917.10 MB, VMS = 4124.79 MB
[UEDRS] [00:01:10] Current dataset [NETFLIX]
[UEDRS] [00:01:10] Loading full dataset
[UEDRS] [00:01:26] Loading done
[UEDRS] [00:01:26] Memory Usage: RSS = 3221.34 MB, VMS = 6428.90 MB
[UEDRS] [00:00:15] Elapsed
[UEDRS] [00:01:26] Sampling for [1000000]
[UEDRS] [00:01:51] Sampling done
[UEDRS] [00:01:51] Memory Usage: RSS = 921.53 MB, VMS = 4129.08 MB
[UEDRS] [00:00:24] Elapsed
[UEDRS] [00:01:51] Checking [LENSKIT][BIASED_SVD][NETFLIX][1m]
[UEDRS] [00:01:51] Skipping (0.00195)
[UEDRS] [00:01:51] Memory Usage: RSS = 921.53 MB, VMS = 4129.08 MB
[UEDRS] [00:01:51] Releasing dataframe from memory
[UEDRS] [00:01:51] Memory Usage: RSS = 921.53 MB, VMS = 4129.08 MB
[UEDRS] [00:01:51] Loading full dataset
[UEDRS] [00:02:06] Loading done
[UEDRS] [00:02:06] Memory Usage: RSS = 3225.34 MB, VMS = 6432.90 MB
[UEDRS] [00:00:15] Elapsed
[UEDRS] [00:02:06] Sampling for [25000000]
[UEDRS] [00:02:32] Sampling done
[UEDRS] [00:02:32] Memory Usage: RSS = 1497.36 MB, VMS = 4704.91 MB
[UEDRS] [00:00:26] Elapsed
[UEDRS] [00:02:32] Checking [LENSKIT][BIASED_SVD][NETFLIX][25m]
[UEDRS] [00:02:32] Skipping (0.00776)
[UEDRS] [00:02:32] Memory Usage: RSS = 1497.36 MB, VMS = 4704.91 MB
[UEDRS] [00:02:32] Releasing dataframe from memory
[UEDRS] [00:02:32] Memory Usage: RSS = 925.53 MB, VMS = 4133.08 MB
[UEDRS] [00:02:32] Loading full dataset
[UEDRS] [00:02:48] Loading done
[UEDRS] [00:02:48] Memory Usage: RSS = 3227.35 MB, VMS = 6434.90 MB
[UEDRS] [00:00:15] Elapsed
[UEDRS] [00:02:48] Sampling for [50000000]
[UEDRS] [00:03:14] Sampling done
[UEDRS] [00:03:14] Memory Usage: RSS = 2215.98 MB, VMS = 5423.95 MB
[UEDRS] [00:00:26] Elapsed
[UEDRS] [00:03:14] Checking [LENSKIT][BIASED_SVD][NETFLIX][50m]
[UEDRS] [00:03:14] Skipping (0.0158)
[UEDRS] [00:03:14] Memory Usage: RSS = 2215.98 MB, VMS = 5423.95 MB
[UEDRS] [00:03:14] Releasing dataframe from memory
[UEDRS] [00:03:15] Memory Usage: RSS = 1072.28 MB, VMS = 4280.25 MB
[UEDRS] [00:03:15] Loading full dataset
[UEDRS] [00:03:30] Loading done
[UEDRS] [00:03:30] Memory Usage: RSS = 3425.19 MB, VMS = 6632.73 MB
[UEDRS] [00:00:15] Elapsed
[UEDRS] [00:03:30] Sampling for [75000000]
[UEDRS] [00:03:58] Sampling done
[UEDRS] [00:03:58] Memory Usage: RSS = 2979.85 MB, VMS = 6187.82 MB
[UEDRS] [00:00:27] Elapsed
[UEDRS] [00:03:58] Checking [LENSKIT][BIASED_SVD][NETFLIX][75m]
[UEDRS] [00:03:58] Skipping (0.03038)
[UEDRS] [00:03:58] Memory Usage: RSS = 2979.85 MB, VMS = 6187.82 MB
[UEDRS] [00:03:58] Releasing dataframe from memory
[UEDRS] [00:03:58] Memory Usage: RSS = 1263.31 MB, VMS = 4471.28 MB
[UEDRS] [00:03:58] Loading full dataset
[UEDRS] [00:04:14] Loading done
[UEDRS] [00:04:14] Memory Usage: RSS = 3562.22 MB, VMS = 6769.76 MB
[UEDRS] [00:00:15] Elapsed
[UEDRS] [00:04:14] Sampling for [100000000]
[UEDRS] [00:04:51] Sampling done
[UEDRS] [00:04:51] Memory Usage: RSS = 3743.20 MB, VMS = 6951.18 MB
[UEDRS] [00:00:37] Elapsed
[UEDRS] [00:04:51] Checking [LENSKIT][BIASED_SVD][NETFLIX][100m]
[UEDRS] [00:04:51] Skipping (0.05725)
[UEDRS] [00:04:51] Memory Usage: RSS = 3743.20 MB, VMS = 6951.18 MB
[UEDRS] [00:04:51] Releasing dataframe from memory
[UEDRS] [00:04:51] Memory Usage: RSS = 1454.38 MB, VMS = 4662.36 MB
[UEDRS] [00:04:51] Current dataset [MUSIC4ALL]
[UEDRS] [00:04:51] Loading full dataset
[UEDRS] [00:05:04] Loading done
[UEDRS] [00:05:04] Memory Usage: RSS = 3250.41 MB, VMS = 6467.80 MB
[UEDRS] [00:00:13] Elapsed
[UEDRS] [00:05:04] Sampling for [1000000]
[UEDRS] [00:05:12] Sampling done
[UEDRS] [00:05:12] Memory Usage: RSS = 2106.79 MB, VMS = 5324.02 MB
[UEDRS] [00:00:08] Elapsed
[UEDRS] [00:05:12] Checking [LENSKIT][BIASED_SVD][MUSIC4ALL][1m]
[UEDRS] [00:05:12] Starting
2025-11-27 00:36:30 [warning  ] loaded pipeline does not match hash
[UEDRS] [00:10:57] Finished (4e-05)
[UEDRS] [00:10:57] Memory Usage: RSS = 2268.13 MB, VMS = 6936.43 MB
[UEDRS] [00:05:44] Elapsed

[UEDRS] [00:10:57] Memory Usage: RSS = 2268.13 MB, VMS = 6936.43 MB
[UEDRS] [00:10:57] Releasing dataframe from memory
[UEDRS] [00:10:57] Memory Usage: RSS = 1659.65 MB, VMS = 6318.43 MB
[UEDRS] [00:10:57] Loading full dataset
[UEDRS] [00:11:11] Loading done
[UEDRS] [00:11:11] Memory Usage: RSS = 3365.32 MB, VMS = 8033.20 MB
[UEDRS] [00:00:13] Elapsed
[UEDRS] [00:11:11] Sampling for [25000000]
[UEDRS] [00:11:22] Sampling done
[UEDRS] [00:11:22] Memory Usage: RSS = 2603.38 MB, VMS = 7271.55 MB
[UEDRS] [00:00:10] Elapsed
[UEDRS] [00:11:22] Checking [LENSKIT][BIASED_SVD][MUSIC4ALL][25m]
[UEDRS] [00:11:22] Starting
2025-11-27 00:43:18 [warning  ] loaded pipeline does not match hash
[UEDRS] [00:18:50] Finished (0.00014)
[UEDRS] [00:18:50] Memory Usage: RSS = 4713.98 MB, VMS = 18715.98 MB
[UEDRS] [00:07:28] Elapsed

[UEDRS] [00:18:50] Memory Usage: RSS = 4713.98 MB, VMS = 18715.98 MB
[UEDRS] [00:18:50] Releasing dataframe from memory
[UEDRS] [00:18:51] Memory Usage: RSS = 3752.06 MB, VMS = 17744.86 MB
[UEDRS] [00:18:51] Loading full dataset
[UEDRS] [00:19:04] Loading done
[UEDRS] [00:19:04] Memory Usage: RSS = 5412.70 MB, VMS = 19414.46 MB
[UEDRS] [00:00:13] Elapsed
[UEDRS] [00:19:04] Sampling for [50000000]
[UEDRS] [00:19:26] Sampling done
[UEDRS] [00:19:26] Memory Usage: RSS = 5413.89 MB, VMS = 19415.10 MB
[UEDRS] [00:00:21] Elapsed
[UEDRS] [00:19:26] Checking [LENSKIT][BIASED_SVD][MUSIC4ALL][50m]
[UEDRS] [00:19:26] Starting
2025-11-27 00:52:21 [warning  ] loaded pipeline does not match hash
[UEDRS] [00:28:15] Finished (0.0005)
[UEDRS] [00:28:15] Memory Usage: RSS = 9859.10 MB, VMS = 23570.10 MB
[UEDRS] [00:08:48] Elapsed

[UEDRS] [00:28:15] Memory Usage: RSS = 9859.10 MB, VMS = 23570.10 MB
[UEDRS] [00:28:15] Releasing dataframe from memory
[UEDRS] [00:28:16] Memory Usage: RSS = 8137.46 MB, VMS = 21839.68 MB
[UEDRS] [00:28:16] Loading full dataset
[UEDRS] [00:28:29] Loading done
[UEDRS] [00:28:29] Memory Usage: RSS = 9795.19 MB, VMS = 23506.46 MB
[UEDRS] [00:00:13] Elapsed
[UEDRS] [00:28:29] Sampling for [75000000]
[UEDRS] [00:28:41] Sampling done
[UEDRS] [00:28:41] Memory Usage: RSS = 9797.01 MB, VMS = 23507.46 MB
[UEDRS] [00:00:12] Elapsed
[UEDRS] [00:28:41] Checking [LENSKIT][BIASED_SVD][MUSIC4ALL][50m]
[UEDRS] [00:28:41] Starting
2025-11-27 01:01:00 [warning  ] loaded pipeline does not match hash
[UEDRS] [00:36:59] Finished (0.00039)
[UEDRS] [00:36:59] Memory Usage: RSS = 10394.75 MB, VMS = 23578.46 MB
[UEDRS] [00:08:17] Elapsed

[UEDRS] [00:36:59] Memory Usage: RSS = 10394.75 MB, VMS = 23578.46 MB
[UEDRS] [00:36:59] Releasing dataframe from memory
[UEDRS] [00:37:00] Memory Usage: RSS = 8677.57 MB, VMS = 21852.68 MB
[UEDRS] [00:37:00] Loading full dataset
[UEDRS] [00:37:15] Loading done
[UEDRS] [00:37:15] Memory Usage: RSS = 10332.47 MB, VMS = 23516.46 MB
[UEDRS] [00:00:14] Elapsed
[UEDRS] [00:37:15] Sampling for [100000000]
[UEDRS] [00:37:27] Sampling done
[UEDRS] [00:37:27] Memory Usage: RSS = 10334.38 MB, VMS = 23517.46 MB
[UEDRS] [00:00:12] Elapsed
[UEDRS] [00:37:27] Checking [LENSKIT][BIASED_SVD][MUSIC4ALL][50m]
[UEDRS] [00:37:27] Skipping (0.00039)
[UEDRS] [00:37:27] Memory Usage: RSS = 10334.38 MB, VMS = 23517.46 MB
[UEDRS] [00:37:27] Releasing dataframe from memory
[UEDRS] [00:37:28] Memory Usage: RSS = 8685.58 MB, VMS = 21860.68 MB
[UEDRS] [00:37:28] Current dataset [GOODREADS]
[UEDRS] [00:37:28] Loading full dataset
[UEDRS] [00:38:22] Loading done
[UEDRS] [00:38:22] Memory Usage: RSS = 13884.24 MB, VMS = 27058.03 MB
[UEDRS] [00:00:53] Elapsed
[UEDRS] [00:38:22] Sampling for [1000000]
[UEDRS] [00:38:57] Sampling done
[UEDRS] [00:38:57] Memory Usage: RSS = 8649.91 MB, VMS = 21823.68 MB
[UEDRS] [00:00:35] Elapsed
[UEDRS] [00:38:57] Checking [LENSKIT][BIASED_SVD][GOODREADS][1m]
[UEDRS] [00:38:57] Starting
2025-11-27 01:15:34 [warning  ] loaded pipeline does not match hash
[UEDRS] [00:59:43] Finished (0.00054)
[UEDRS] [00:59:43] Memory Usage: RSS = 8764.16 MB, VMS = 21932.68 MB
[UEDRS] [00:20:45] Elapsed

[UEDRS] [00:59:43] Memory Usage: RSS = 8763.18 MB, VMS = 21931.68 MB
[UEDRS] [00:59:43] Releasing dataframe from memory
[UEDRS] [00:59:43] Memory Usage: RSS = 8719.64 MB, VMS = 21887.68 MB
[UEDRS] [00:59:43] Loading full dataset
[UEDRS] [01:00:30] Loading done
[UEDRS] [01:00:30] Memory Usage: RSS = 13984.14 MB, VMS = 27152.03 MB
[UEDRS] [00:00:47] Elapsed
[UEDRS] [01:00:30] Sampling for [25000000]
[UEDRS] [01:01:06] Sampling done
[UEDRS] [01:01:06] Memory Usage: RSS = 9321.81 MB, VMS = 22489.69 MB
[UEDRS] [00:00:35] Elapsed
[UEDRS] [01:01:06] Checking [LENSKIT][BIASED_SVD][GOODREADS][25m]
[UEDRS] [01:01:06] Starting
2025-11-27 01:52:09 [warning  ] loaded pipeline does not match hash
[UEDRS] [02:44:12] Finished (0.00216)
[UEDRS] [02:44:12] Memory Usage: RSS = 9864.63 MB, VMS = 22957.50 MB
[UEDRS] [01:43:05] Elapsed

[UEDRS] [02:44:12] Memory Usage: RSS = 9864.63 MB, VMS = 22957.50 MB
[UEDRS] [02:44:12] Releasing dataframe from memory
[UEDRS] [02:44:12] Memory Usage: RSS = 9230.95 MB, VMS = 22323.49 MB
[UEDRS] [02:44:12] Loading full dataset
[UEDRS] [02:44:55] Loading done
[UEDRS] [02:44:55] Memory Usage: RSS = 14422.99 MB, VMS = 27514.75 MB
[UEDRS] [00:00:43] Elapsed
[UEDRS] [02:44:55] Sampling for [50000000]
[UEDRS] [02:45:31] Sampling done
[UEDRS] [02:45:31] Memory Usage: RSS = 10333.04 MB, VMS = 23424.54 MB
[UEDRS] [00:00:35] Elapsed
[UEDRS] [02:45:31] Checking [LENSKIT][BIASED_SVD][GOODREADS][50m]
[UEDRS] [02:45:31] Starting
2025-11-27 03:37:52 [warning  ] loaded pipeline does not match hash
[UEDRS] [04:48:47] Finished (0.00232)
[UEDRS] [04:48:47] Memory Usage: RSS = 10723.91 MB, VMS = 23638.82 MB
[UEDRS] [02:03:15] Elapsed

[UEDRS] [04:48:47] Memory Usage: RSS = 10723.91 MB, VMS = 23638.82 MB
[UEDRS] [04:48:47] Releasing dataframe from memory
[UEDRS] [04:48:47] Memory Usage: RSS = 9519.25 MB, VMS = 22432.68 MB
[UEDRS] [04:48:47] Loading full dataset
[UEDRS] [04:49:30] Loading done
[UEDRS] [04:49:30] Memory Usage: RSS = 14780.30 MB, VMS = 27693.03 MB
[UEDRS] [00:00:43] Elapsed
[UEDRS] [04:49:30] Sampling for [75000000]
[UEDRS] [04:50:13] Sampling done
[UEDRS] [04:50:13] Memory Usage: RSS = 11262.59 MB, VMS = 24175.30 MB
[UEDRS] [00:00:42] Elapsed
[UEDRS] [04:50:13] Checking [LENSKIT][BIASED_SVD][GOODREADS][75m]
[UEDRS] [04:50:13] Starting
2025-11-27 05:45:22 [warning  ] loaded pipeline does not match hash
[UEDRS] [07:14:02] Finished (0.00517)
[UEDRS] [07:14:02] Memory Usage: RSS = 13085.66 MB, VMS = 24422.06 MB
[UEDRS] [02:23:49] Elapsed

[UEDRS] [07:14:02] Memory Usage: RSS = 13085.66 MB, VMS = 24422.06 MB
[UEDRS] [07:14:02] Releasing dataframe from memory
[UEDRS] [07:14:02] Memory Usage: RSS = 11307.28 MB, VMS = 22642.44 MB
[UEDRS] [07:14:02] Loading full dataset
[UEDRS] [07:14:46] Loading done
[UEDRS] [07:14:46] Memory Usage: RSS = 16520.89 MB, VMS = 27856.04 MB
[UEDRS] [00:00:43] Elapsed
[UEDRS] [07:14:46] Sampling for [100000000]
[UEDRS] [07:15:23] Sampling done
[UEDRS] [07:15:23] Memory Usage: RSS = 13396.38 MB, VMS = 24731.53 MB
[UEDRS] [00:00:36] Elapsed
[UEDRS] [07:15:23] Checking [LENSKIT][BIASED_SVD][GOODREADS][100m]
[UEDRS] [07:15:23] Starting
2025-11-27 08:08:43 [warning  ] loaded pipeline does not match hash
[UEDRS] [09:43:09] Finished (0.00691)
[UEDRS] [09:43:09] Memory Usage: RSS = 16591.35 MB, VMS = 27540.95 MB
[UEDRS] [02:27:46] Elapsed

[UEDRS] [09:43:09] Memory Usage: RSS = 16591.35 MB, VMS = 27540.95 MB
[UEDRS] [09:43:09] Releasing dataframe from memory
[UEDRS] [09:43:09] Memory Usage: RSS = 14244.48 MB, VMS = 25192.62 MB
[UEDRS] [09:43:09] Current dataset [AMAZON]
[UEDRS] [09:43:09] Loading full dataset
[UEDRS] [09:46:53] Loading done
[UEDRS] [09:46:53] Memory Usage: RSS = 27165.04 MB, VMS = 38113.18 MB
[UEDRS] [00:03:43] Elapsed
[UEDRS] [09:46:53] Sampling for [1000000]
[UEDRS] [10:12:44] Sampling done
[UEDRS] [10:12:44] Memory Usage: RSS = 17526.00 MB, VMS = 28506.50 MB
[UEDRS] [00:25:51] Elapsed
[UEDRS] [10:12:44] Checking [LENSKIT][BIASED_SVD][AMAZON][0m]
[UEDRS] [10:12:44] Starting
2025-11-27 10:43:31 [warning  ] loaded pipeline does not match hash
[UEDRS] [10:17:18] Finished (0.0)
[UEDRS] [10:17:18] Memory Usage: RSS = 15280.66 MB, VMS = 26245.50 MB
[UEDRS] [00:04:34] Elapsed

[UEDRS] [10:17:18] Memory Usage: RSS = 15280.66 MB, VMS = 26245.50 MB
[UEDRS] [10:17:18] Releasing dataframe from memory
[UEDRS] [10:17:18] Memory Usage: RSS = 15274.75 MB, VMS = 26239.50 MB
[UEDRS] [10:17:18] Loading full dataset
[UEDRS] [10:21:01] Loading done
[UEDRS] [10:21:01] Memory Usage: RSS = 28232.74 MB, VMS = 39197.36 MB
[UEDRS] [00:03:42] Elapsed
[UEDRS] [10:21:01] Sampling for [25000000]
[UEDRS] [10:47:41] Sampling done
[UEDRS] [10:47:41] Memory Usage: RSS = 16952.64 MB, VMS = 27917.64 MB
[UEDRS] [00:26:39] Elapsed
[UEDRS] [10:47:41] Checking [LENSKIT][BIASED_SVD][AMAZON][19m]
[UEDRS] [10:47:41] Starting
