[UEDRS] [00:00:12] Mode: ABSOLUTE STRATIFIED_USER
[UEDRS] [00:00:12] Tag:  RECBOLE:SimpleX
[UEDRS] [00:00:12] Tool: RECBOLE
[UEDRS] [00:00:12] Algorithm: SimpleX
[UEDRS] [00:00:12] Datasets: MYANIMELIST, TMALL, MOVIELENS, MUSIC4ALL, NETFLIX, YAHOO, ALIBABA, GOODREADS, LASTFM
[UEDRS] [00:00:12] Sizes: [100000, 250000, 500000, 750000, 1000000, 25000000, 50000000, 75000000, 100000000]

[UEDRS] [00:00:12] Desired size: 100000
[UEDRS] [00:00:12] Dataset: MYANIMELIST
[UEDRS] [00:00:12] Loading
[UEDRS] [00:00:12] Loading done
[UEDRS] [00:00:12] Memory Usage: RSS = 822.72 MB, VMS = 10607.67 MB
[UEDRS] [00:00:00] Elapsed
[UEDRS] [00:00:12] Sampling
[UEDRS] [00:00:15] Sampling done, obtained size: 100000
[UEDRS] [00:00:15] Memory Usage: RSS = 849.60 MB, VMS = 10632.80 MB
[UEDRS] [00:00:02] Elapsed
[UEDRS] [00:00:15] Checking [RECBOLE][SimpleX][MYANIMELIST][100k]
[UEDRS] [00:00:15] Starting
[UEDRS] [00:01:20] Finished (0.0041)
[UEDRS] [00:01:20] Memory Usage: RSS = 1693.62 MB, VMS = 20705.27 MB
[UEDRS] [00:01:05] Elapsed

[UEDRS] [00:01:20] Memory Usage: RSS = 1693.62 MB, VMS = 20705.27 MB
[UEDRS] [00:01:20] Releasing dataframe from memory
[UEDRS] [00:01:20] Memory Usage: RSS = 1652.11 MB, VMS = 20663.27 MB
[UEDRS] [00:01:20] Dataset: TMALL
[UEDRS] [00:01:20] Loading
[UEDRS] [00:01:22] Loading done
[UEDRS] [00:01:22] Memory Usage: RSS = 2202.45 MB, VMS = 21879.28 MB
[UEDRS] [00:00:01] Elapsed
[UEDRS] [00:01:22] Sampling
[UEDRS] [00:01:44] Sampling done, obtained size: 100000
[UEDRS] [00:01:44] Memory Usage: RSS = 2252.02 MB, VMS = 21929.07 MB
[UEDRS] [00:00:21] Elapsed
[UEDRS] [00:01:44] Checking [RECBOLE][SimpleX][TMALL][100k]
[UEDRS] [00:01:44] Starting
[UEDRS] [00:02:22] Finished (2.4e-05)
[UEDRS] [00:02:22] Memory Usage: RSS = 2369.35 MB, VMS = 22181.25 MB
[UEDRS] [00:00:38] Elapsed

[UEDRS] [00:02:22] Memory Usage: RSS = 2369.35 MB, VMS = 22181.25 MB
[UEDRS] [00:02:22] Releasing dataframe from memory
[UEDRS] [00:02:22] Memory Usage: RSS = 2305.21 MB, VMS = 22116.25 MB
[UEDRS] [00:02:22] Dataset: MOVIELENS
[UEDRS] [00:02:22] Loading
[UEDRS] [00:02:23] Loading done
[UEDRS] [00:02:23] Memory Usage: RSS = 3328.62 MB, VMS = 24720.40 MB
[UEDRS] [00:00:01] Elapsed
[UEDRS] [00:02:23] Sampling
[UEDRS] [00:02:32] Sampling done, obtained size: 100000
[UEDRS] [00:02:32] Memory Usage: RSS = 3056.23 MB, VMS = 24448.00 MB
[UEDRS] [00:00:08] Elapsed
[UEDRS] [00:02:32] Checking [RECBOLE][SimpleX][MOVIELENS][100k]
[UEDRS] [00:02:32] Starting
[UEDRS] [00:03:20] Finished (0.0019)
[UEDRS] [00:03:20] Memory Usage: RSS = 3119.78 MB, VMS = 24583.18 MB
[UEDRS] [00:00:48] Elapsed

[UEDRS] [00:03:20] Memory Usage: RSS = 3119.78 MB, VMS = 24583.18 MB
[UEDRS] [00:03:20] Releasing dataframe from memory
[UEDRS] [00:03:21] Memory Usage: RSS = 3081.38 MB, VMS = 24544.18 MB
[UEDRS] [00:03:21] Dataset: MUSIC4ALL
[UEDRS] [00:03:21] Loading
[UEDRS] [00:03:25] Loading done
[UEDRS] [00:03:25] Memory Usage: RSS = 4512.86 MB, VMS = 27275.36 MB
[UEDRS] [00:00:04] Elapsed
[UEDRS] [00:03:25] Sampling
[UEDRS] [00:03:32] Sampling done, obtained size: 100000
[UEDRS] [00:03:32] Memory Usage: RSS = 3749.76 MB, VMS = 26512.18 MB
[UEDRS] [00:00:07] Elapsed
[UEDRS] [00:03:32] Checking [RECBOLE][SimpleX][MUSIC4ALL][100k]
[UEDRS] [00:03:32] Starting
[UEDRS] [00:04:35] Finished (0.00021)
[UEDRS] [00:04:35] Memory Usage: RSS = 3791.52 MB, VMS = 26625.20 MB
[UEDRS] [00:01:02] Elapsed

[UEDRS] [00:04:35] Memory Usage: RSS = 3791.52 MB, VMS = 26625.20 MB
[UEDRS] [00:04:35] Releasing dataframe from memory
[UEDRS] [00:04:35] Memory Usage: RSS = 3758.04 MB, VMS = 26591.20 MB
[UEDRS] [00:04:35] Dataset: NETFLIX
[UEDRS] [00:04:35] Loading
[UEDRS] [00:04:36] Loading done
[UEDRS] [00:04:36] Memory Usage: RSS = 5055.43 MB, VMS = 31645.80 MB
[UEDRS] [00:00:00] Elapsed
[UEDRS] [00:04:36] Sampling
[UEDRS] [00:05:06] Sampling done, obtained size: 100000
[UEDRS] [00:05:06] Memory Usage: RSS = 4287.83 MB, VMS = 30878.20 MB
[UEDRS] [00:00:30] Elapsed
[UEDRS] [00:05:06] Checking [RECBOLE][SimpleX][NETFLIX][100k]
[UEDRS] [00:05:06] Starting
[UEDRS] [00:05:34] Finished (0.0011)
[UEDRS] [00:05:34] Memory Usage: RSS = 4334.08 MB, VMS = 30997.21 MB
[UEDRS] [00:00:27] Elapsed

[UEDRS] [00:05:34] Memory Usage: RSS = 4334.08 MB, VMS = 30997.21 MB
[UEDRS] [00:05:34] Releasing dataframe from memory
[UEDRS] [00:05:34] Memory Usage: RSS = 4289.78 MB, VMS = 30952.21 MB
[UEDRS] [00:05:34] Dataset: YAHOO
[UEDRS] [00:05:34] Loading
[UEDRS] [00:05:37] Loading done
[UEDRS] [00:05:37] Memory Usage: RSS = 4261.20 MB, VMS = 30464.21 MB
[UEDRS] [00:00:03] Elapsed
[UEDRS] [00:05:37] Sampling
[UEDRS] [00:06:40] Sampling done, obtained size: 100000
[UEDRS] [00:06:40] Memory Usage: RSS = 4408.39 MB, VMS = 30611.84 MB
[UEDRS] [00:01:02] Elapsed
[UEDRS] [00:06:40] Checking [RECBOLE][SimpleX][YAHOO][100k]
[UEDRS] [00:06:40] Starting
[UEDRS] [00:07:11] Finished (0.0017)
[UEDRS] [00:07:11] Memory Usage: RSS = 4449.68 MB, VMS = 30724.86 MB
[UEDRS] [00:00:31] Elapsed

[UEDRS] [00:07:11] Memory Usage: RSS = 4449.68 MB, VMS = 30724.86 MB
[UEDRS] [00:07:11] Releasing dataframe from memory
[UEDRS] [00:07:12] Memory Usage: RSS = 4412.25 MB, VMS = 30686.86 MB
[UEDRS] [00:07:12] Dataset: ALIBABA
[UEDRS] [00:07:12] Loading
[UEDRS] [00:07:21] Loading done
[UEDRS] [00:07:21] Memory Usage: RSS = 5752.94 MB, VMS = 31262.86 MB
[UEDRS] [00:00:09] Elapsed
[UEDRS] [00:07:21] Sampling
[UEDRS] [00:09:18] Sampling done, obtained size: 100000
[UEDRS] [00:09:18] Memory Usage: RSS = 5932.58 MB, VMS = 31443.80 MB
[UEDRS] [00:01:57] Elapsed
[UEDRS] [00:09:18] Checking [RECBOLE][SimpleX][ALIBABA][100k]
[UEDRS] [00:09:18] Starting
[UEDRS] [00:09:28] Finished (0)
[UEDRS] [00:09:28] Memory Usage: RSS = 5970.23 MB, VMS = 31553.82 MB
[UEDRS] [00:00:09] Elapsed

[UEDRS] [00:09:28] Memory Usage: RSS = 5970.23 MB, VMS = 31553.82 MB
[UEDRS] [00:09:28] Releasing dataframe from memory
[UEDRS] [00:09:28] Memory Usage: RSS = 5934.73 MB, VMS = 31517.82 MB
[UEDRS] [00:09:28] Dataset: GOODREADS
[UEDRS] [00:09:28] Loading
[UEDRS] [00:09:29] Loading done
[UEDRS] [00:09:29] Memory Usage: RSS = 7226.81 MB, VMS = 31773.84 MB
[UEDRS] [00:00:00] Elapsed
[UEDRS] [00:09:29] Sampling
[UEDRS] [00:10:20] Sampling done, obtained size: 100000
[UEDRS] [00:10:20] Memory Usage: RSS = 7227.74 MB, VMS = 31773.84 MB
[UEDRS] [00:00:51] Elapsed
[UEDRS] [00:10:20] Checking [RECBOLE][SimpleX][GOODREADS][100k]
[UEDRS] [00:10:20] Starting
[UEDRS] [00:10:53] Finished (0.00019)
[UEDRS] [00:10:53] Memory Usage: RSS = 7269.58 MB, VMS = 32031.86 MB
[UEDRS] [00:00:33] Elapsed

[UEDRS] [00:10:53] Memory Usage: RSS = 7269.58 MB, VMS = 32031.86 MB
[UEDRS] [00:10:53] Releasing dataframe from memory
[UEDRS] [00:10:54] Memory Usage: RSS = 7231.18 MB, VMS = 31992.86 MB
[UEDRS] [00:10:54] Dataset: LASTFM
[UEDRS] [00:10:54] Loading
[UEDRS] [00:10:55] Loading done
[UEDRS] [00:10:55] Memory Usage: RSS = 11624.30 MB, VMS = 36492.88 MB
[UEDRS] [00:00:01] Elapsed
[UEDRS] [00:10:55] Sampling
[UEDRS] [00:11:15] Sampling done, obtained size: 100000
[UEDRS] [00:11:15] Memory Usage: RSS = 11624.30 MB, VMS = 36492.88 MB
[UEDRS] [00:00:19] Elapsed
[UEDRS] [00:11:15] Checking [RECBOLE][SimpleX][LASTFM][100k]
[UEDRS] [00:11:15] Starting
[UEDRS] [00:12:19] Finished (3.4e-05)
[UEDRS] [00:12:19] Memory Usage: RSS = 11656.37 MB, VMS = 36596.89 MB
[UEDRS] [00:01:04] Elapsed

[UEDRS] [00:12:19] Memory Usage: RSS = 11656.37 MB, VMS = 36596.89 MB
[UEDRS] [00:12:19] Releasing dataframe from memory
[UEDRS] [00:12:20] Memory Usage: RSS = 11625.87 MB, VMS = 36565.89 MB
[UEDRS] [00:12:20] Desired size: 250000
[UEDRS] [00:12:20] Dataset: MYANIMELIST
[UEDRS] [00:12:20] Loading
[UEDRS] [00:12:20] Loading done
[UEDRS] [00:12:20] Memory Usage: RSS = 11783.54 MB, VMS = 36565.89 MB
[UEDRS] [00:00:00] Elapsed
[UEDRS] [00:12:20] Sampling
[UEDRS] [00:12:22] Sampling done, obtained size: 250000
[UEDRS] [00:12:22] Memory Usage: RSS = 11783.54 MB, VMS = 36565.89 MB
[UEDRS] [00:00:02] Elapsed
[UEDRS] [00:12:22] Checking [RECBOLE][SimpleX][MYANIMELIST][250k]
[UEDRS] [00:12:22] Starting
[UEDRS] [00:14:27] Finished (0.0076)
[UEDRS] [00:14:27] Memory Usage: RSS = 11788.50 MB, VMS = 36642.91 MB
[UEDRS] [00:02:04] Elapsed

[UEDRS] [00:14:27] Memory Usage: RSS = 11788.50 MB, VMS = 36642.91 MB
[UEDRS] [00:14:27] Releasing dataframe from memory
[UEDRS] [00:14:27] Memory Usage: RSS = 11788.50 MB, VMS = 36642.91 MB
[UEDRS] [00:14:27] Dataset: TMALL
[UEDRS] [00:14:27] Loading
[UEDRS] [00:14:28] Loading done
[UEDRS] [00:14:28] Memory Usage: RSS = 11804.79 MB, VMS = 36642.91 MB
[UEDRS] [00:00:01] Elapsed
[UEDRS] [00:14:28] Sampling
[UEDRS] [00:14:50] Sampling done, obtained size: 250000
[UEDRS] [00:14:50] Memory Usage: RSS = 11804.50 MB, VMS = 36642.91 MB
[UEDRS] [00:00:21] Elapsed
[UEDRS] [00:14:50] Checking [RECBOLE][SimpleX][TMALL][250k]
[UEDRS] [00:14:50] Starting
[UEDRS] [00:17:04] Finished (2.9e-05)
[UEDRS] [00:17:04] Memory Usage: RSS = 11934.91 MB, VMS = 36974.93 MB
[UEDRS] [00:02:13] Elapsed

[UEDRS] [00:17:04] Memory Usage: RSS = 11934.91 MB, VMS = 36974.93 MB
[UEDRS] [00:17:04] Releasing dataframe from memory
[UEDRS] [00:17:04] Memory Usage: RSS = 11808.48 MB, VMS = 36846.93 MB
[UEDRS] [00:17:04] Dataset: MOVIELENS
[UEDRS] [00:17:04] Loading
[UEDRS] [00:17:05] Loading done
[UEDRS] [00:17:05] Memory Usage: RSS = 8195.71 MB, VMS = 33423.08 MB
[UEDRS] [00:00:01] Elapsed
[UEDRS] [00:17:05] Sampling
[UEDRS] [00:17:13] Sampling done, obtained size: 250000
[UEDRS] [00:17:13] Memory Usage: RSS = 7951.61 MB, VMS = 33178.93 MB
[UEDRS] [00:00:07] Elapsed
[UEDRS] [00:17:13] Checking [RECBOLE][SimpleX][MOVIELENS][250k]
[UEDRS] [00:17:13] Starting
[UEDRS] [00:19:25] Finished (0.0027)
[UEDRS] [00:19:25] Memory Usage: RSS = 8030.29 MB, VMS = 33330.95 MB
[UEDRS] [00:02:11] Elapsed

[UEDRS] [00:19:25] Memory Usage: RSS = 8030.29 MB, VMS = 33330.95 MB
[UEDRS] [00:19:25] Releasing dataframe from memory
[UEDRS] [00:19:25] Memory Usage: RSS = 7952.34 MB, VMS = 33251.95 MB
[UEDRS] [00:19:25] Dataset: MUSIC4ALL
[UEDRS] [00:19:25] Loading
[UEDRS] [00:19:29] Loading done
[UEDRS] [00:19:29] Memory Usage: RSS = 7432.29 MB, VMS = 34015.14 MB
[UEDRS] [00:00:04] Elapsed
[UEDRS] [00:19:29] Sampling
[UEDRS] [00:19:37] Sampling done, obtained size: 250000
[UEDRS] [00:19:37] Memory Usage: RSS = 6669.10 MB, VMS = 33251.95 MB
[UEDRS] [00:00:07] Elapsed
[UEDRS] [00:19:37] Checking [RECBOLE][SimpleX][MUSIC4ALL][250k]
[UEDRS] [00:19:37] Starting
[UEDRS] [00:21:59] Finished (0.00029)
[UEDRS] [00:21:59] Memory Usage: RSS = 6733.02 MB, VMS = 33387.97 MB
[UEDRS] [00:02:21] Elapsed

[UEDRS] [00:21:59] Memory Usage: RSS = 6733.02 MB, VMS = 33387.97 MB
[UEDRS] [00:21:59] Releasing dataframe from memory
[UEDRS] [00:21:59] Memory Usage: RSS = 6673.78 MB, VMS = 33327.97 MB
[UEDRS] [00:21:59] Dataset: NETFLIX
[UEDRS] [00:21:59] Loading
[UEDRS] [00:22:00] Loading done
[UEDRS] [00:22:00] Memory Usage: RSS = 7851.12 MB, VMS = 34094.58 MB
[UEDRS] [00:00:00] Elapsed
[UEDRS] [00:22:00] Sampling
[UEDRS] [00:22:30] Sampling done, obtained size: 250000
[UEDRS] [00:22:30] Memory Usage: RSS = 7084.61 MB, VMS = 33327.97 MB
[UEDRS] [00:00:30] Elapsed
[UEDRS] [00:22:30] Checking [RECBOLE][SimpleX][NETFLIX][250k]
[UEDRS] [00:22:30] Starting
[UEDRS] [00:24:37] Finished (0.002)
[UEDRS] [00:24:37] Memory Usage: RSS = 7192.98 MB, VMS = 33509.99 MB
[UEDRS] [00:02:07] Elapsed

[UEDRS] [00:24:37] Memory Usage: RSS = 7192.98 MB, VMS = 33509.99 MB
[UEDRS] [00:24:37] Releasing dataframe from memory
[UEDRS] [00:24:37] Memory Usage: RSS = 7088.31 MB, VMS = 33403.99 MB
[UEDRS] [00:24:37] Dataset: YAHOO
[UEDRS] [00:24:37] Loading
[UEDRS] [00:24:38] Loading done
[UEDRS] [00:24:38] Memory Usage: RSS = 7658.10 MB, VMS = 33403.99 MB
[UEDRS] [00:00:00] Elapsed
[UEDRS] [00:24:38] Sampling
[UEDRS] [00:25:40] Sampling done, obtained size: 250000
[UEDRS] [00:25:40] Memory Usage: RSS = 7657.68 MB, VMS = 33403.99 MB
[UEDRS] [00:01:01] Elapsed
[UEDRS] [00:25:40] Checking [RECBOLE][SimpleX][YAHOO][250k]
[UEDRS] [00:25:40] Starting
[UEDRS] [00:27:03] Finished (0.0021)
[UEDRS] [00:27:03] Memory Usage: RSS = 7772.56 MB, VMS = 33784.01 MB
[UEDRS] [00:01:23] Elapsed

[UEDRS] [00:27:03] Memory Usage: RSS = 7772.56 MB, VMS = 33784.01 MB
[UEDRS] [00:27:03] Releasing dataframe from memory
[UEDRS] [00:27:04] Memory Usage: RSS = 7659.03 MB, VMS = 33669.01 MB
[UEDRS] [00:27:04] Dataset: ALIBABA
[UEDRS] [00:27:04] Loading
[UEDRS] [00:27:04] Loading done
[UEDRS] [00:27:04] Memory Usage: RSS = 8184.81 MB, VMS = 33669.01 MB
[UEDRS] [00:00:00] Elapsed
[UEDRS] [00:27:04] Sampling
[UEDRS] [00:29:03] Sampling done, obtained size: 250000
[UEDRS] [00:29:03] Memory Usage: RSS = 8184.37 MB, VMS = 33669.01 MB
[UEDRS] [00:01:58] Elapsed
[UEDRS] [00:29:03] Checking [RECBOLE][SimpleX][ALIBABA][250k]
[UEDRS] [00:29:03] Starting
[UEDRS] [00:29:27] Finished (0)
[UEDRS] [00:29:27] Memory Usage: RSS = 8354.81 MB, VMS = 33913.03 MB
[UEDRS] [00:00:24] Elapsed

[UEDRS] [00:29:27] Memory Usage: RSS = 8354.81 MB, VMS = 33913.03 MB
[UEDRS] [00:29:27] Releasing dataframe from memory
[UEDRS] [00:29:28] Memory Usage: RSS = 8185.89 MB, VMS = 33742.03 MB
[UEDRS] [00:29:28] Dataset: GOODREADS
[UEDRS] [00:29:28] Loading
[UEDRS] [00:29:28] Loading done
[UEDRS] [00:29:28] Memory Usage: RSS = 8856.34 MB, VMS = 33742.03 MB
[UEDRS] [00:00:00] Elapsed
[UEDRS] [00:29:28] Sampling
[UEDRS] [00:30:06] Sampling done, obtained size: 250000
[UEDRS] [00:30:06] Memory Usage: RSS = 8856.74 MB, VMS = 33742.03 MB
[UEDRS] [00:00:37] Elapsed
[UEDRS] [00:30:06] Checking [RECBOLE][SimpleX][GOODREADS][250k]
[UEDRS] [00:30:06] Starting
[UEDRS] [00:31:48] Finished (0.00014)
[UEDRS] [00:31:48] Memory Usage: RSS = 8972.67 MB, VMS = 33932.05 MB
[UEDRS] [00:01:42] Elapsed

[UEDRS] [00:31:48] Memory Usage: RSS = 8972.67 MB, VMS = 33932.05 MB
[UEDRS] [00:31:48] Releasing dataframe from memory
[UEDRS] [00:31:49] Memory Usage: RSS = 8861.12 MB, VMS = 33819.05 MB
[UEDRS] [00:31:49] Dataset: LASTFM
[UEDRS] [00:31:49] Loading
[UEDRS] [00:31:51] Loading done
[UEDRS] [00:31:51] Memory Usage: RSS = 11616.00 MB, VMS = 37487.05 MB
[UEDRS] [00:00:01] Elapsed
[UEDRS] [00:31:51] Sampling
[UEDRS] [00:32:11] Sampling done, obtained size: 250000
[UEDRS] [00:32:11] Memory Usage: RSS = 11616.00 MB, VMS = 37487.05 MB
[UEDRS] [00:00:20] Elapsed
[UEDRS] [00:32:11] Checking [RECBOLE][SimpleX][LASTFM][250k]
[UEDRS] [00:32:11] Starting
[UEDRS] [00:35:01] Finished (2.5e-05)
[UEDRS] [00:35:01] Memory Usage: RSS = 11689.96 MB, VMS = 37634.07 MB
[UEDRS] [00:02:49] Elapsed

[UEDRS] [00:35:01] Memory Usage: RSS = 11689.96 MB, VMS = 37634.07 MB
[UEDRS] [00:35:01] Releasing dataframe from memory
[UEDRS] [00:35:02] Memory Usage: RSS = 11617.93 MB, VMS = 37561.07 MB
[UEDRS] [00:35:02] Desired size: 500000
[UEDRS] [00:35:02] Dataset: MYANIMELIST
[UEDRS] [00:35:02] Loading
[UEDRS] [00:35:02] Loading done
[UEDRS] [00:35:02] Memory Usage: RSS = 11774.41 MB, VMS = 37561.07 MB
[UEDRS] [00:00:00] Elapsed
[UEDRS] [00:35:02] Sampling
[UEDRS] [00:35:05] Sampling done, obtained size: 500000
[UEDRS] [00:35:05] Memory Usage: RSS = 11774.41 MB, VMS = 37561.07 MB
[UEDRS] [00:00:02] Elapsed
[UEDRS] [00:35:05] Checking [RECBOLE][SimpleX][MYANIMELIST][500k]
[UEDRS] [00:35:05] Starting
[UEDRS] [00:37:56] Finished (0.015)
[UEDRS] [00:37:56] Memory Usage: RSS = 11835.15 MB, VMS = 37693.09 MB
[UEDRS] [00:02:51] Elapsed

[UEDRS] [00:37:56] Memory Usage: RSS = 11835.15 MB, VMS = 37693.09 MB
[UEDRS] [00:37:56] Releasing dataframe from memory
[UEDRS] [00:37:57] Memory Usage: RSS = 11777.85 MB, VMS = 37635.09 MB
[UEDRS] [00:37:57] Dataset: TMALL
[UEDRS] [00:37:57] Loading
[UEDRS] [00:37:58] Loading done
[UEDRS] [00:37:58] Memory Usage: RSS = 11976.98 MB, VMS = 37635.09 MB
[UEDRS] [00:00:00] Elapsed
[UEDRS] [00:37:58] Sampling
[UEDRS] [00:38:19] Sampling done, obtained size: 500000
[UEDRS] [00:38:19] Memory Usage: RSS = 11978.33 MB, VMS = 37635.09 MB
[UEDRS] [00:00:21] Elapsed
[UEDRS] [00:38:19] Checking [RECBOLE][SimpleX][TMALL][500k]
[UEDRS] [00:38:19] Starting
[UEDRS] [00:43:38] Finished (4.7e-05)
[UEDRS] [00:43:38] Memory Usage: RSS = 12208.38 MB, VMS = 38132.11 MB
[UEDRS] [00:05:19] Elapsed

[UEDRS] [00:43:38] Memory Usage: RSS = 12208.38 MB, VMS = 38132.11 MB
[UEDRS] [00:43:38] Releasing dataframe from memory
[UEDRS] [00:43:39] Memory Usage: RSS = 11984.25 MB, VMS = 37905.11 MB
[UEDRS] [00:43:39] Dataset: MOVIELENS
[UEDRS] [00:43:39] Loading
[UEDRS] [00:43:39] Loading done
[UEDRS] [00:43:39] Memory Usage: RSS = 12170.29 MB, VMS = 38149.26 MB
[UEDRS] [00:00:00] Elapsed
[UEDRS] [00:43:39] Sampling
[UEDRS] [00:43:48] Sampling done, obtained size: 500000
[UEDRS] [00:43:48] Memory Usage: RSS = 11926.71 MB, VMS = 37905.11 MB
[UEDRS] [00:00:08] Elapsed
[UEDRS] [00:43:48] Checking [RECBOLE][SimpleX][MOVIELENS][500k]
[UEDRS] [00:43:48] Starting
[UEDRS] [00:47:52] Finished (0.0036)
[UEDRS] [00:47:52] Memory Usage: RSS = 12060.56 MB, VMS = 38113.13 MB
[UEDRS] [00:04:04] Elapsed

[UEDRS] [00:47:52] Memory Usage: RSS = 12060.56 MB, VMS = 38113.13 MB
[UEDRS] [00:47:52] Releasing dataframe from memory
[UEDRS] [00:47:53] Memory Usage: RSS = 11928.31 MB, VMS = 37979.13 MB
[UEDRS] [00:47:53] Dataset: MUSIC4ALL
[UEDRS] [00:47:53] Loading
[UEDRS] [00:47:56] Loading done
[UEDRS] [00:47:56] Memory Usage: RSS = 8076.70 MB, VMS = 35074.32 MB
[UEDRS] [00:00:02] Elapsed
[UEDRS] [00:47:56] Sampling
[UEDRS] [00:48:03] Sampling done, obtained size: 500000
[UEDRS] [00:48:03] Memory Usage: RSS = 7313.51 MB, VMS = 34311.13 MB
[UEDRS] [00:00:07] Elapsed
[UEDRS] [00:48:03] Checking [RECBOLE][SimpleX][MUSIC4ALL][500k]
[UEDRS] [00:48:03] Starting
[UEDRS] [00:51:32] Finished (0.00046)
[UEDRS] [00:51:32] Memory Usage: RSS = 7318.74 MB, VMS = 34388.15 MB
[UEDRS] [00:03:28] Elapsed

[UEDRS] [00:51:32] Memory Usage: RSS = 7318.74 MB, VMS = 34388.15 MB
[UEDRS] [00:51:32] Releasing dataframe from memory
[UEDRS] [00:51:32] Memory Usage: RSS = 7318.74 MB, VMS = 34388.15 MB
[UEDRS] [00:51:32] Dataset: NETFLIX
[UEDRS] [00:51:32] Loading
[UEDRS] [00:51:33] Loading done
[UEDRS] [00:51:33] Memory Usage: RSS = 8052.40 MB, VMS = 35154.76 MB
[UEDRS] [00:00:00] Elapsed
[UEDRS] [00:51:33] Sampling
[UEDRS] [00:52:05] Sampling done, obtained size: 500000
[UEDRS] [00:52:05] Memory Usage: RSS = 7288.10 MB, VMS = 34388.15 MB
[UEDRS] [00:00:32] Elapsed
[UEDRS] [00:52:05] Checking [RECBOLE][SimpleX][NETFLIX][500k]
[UEDRS] [00:52:05] Starting
[UEDRS] [00:57:14] Finished (0.0022)
[UEDRS] [00:57:14] Memory Usage: RSS = 7476.37 MB, VMS = 34843.17 MB
[UEDRS] [00:05:08] Elapsed

[UEDRS] [00:57:14] Memory Usage: RSS = 7476.37 MB, VMS = 34843.17 MB
[UEDRS] [00:57:14] Releasing dataframe from memory
[UEDRS] [00:57:15] Memory Usage: RSS = 7291.87 MB, VMS = 34656.17 MB
[UEDRS] [00:57:15] Dataset: YAHOO
[UEDRS] [00:57:15] Loading
[UEDRS] [00:57:15] Loading done
[UEDRS] [00:57:15] Memory Usage: RSS = 7752.50 MB, VMS = 34656.17 MB
[UEDRS] [00:00:00] Elapsed
[UEDRS] [00:57:15] Sampling
[UEDRS] [00:58:17] Sampling done, obtained size: 500000
[UEDRS] [00:58:17] Memory Usage: RSS = 7751.88 MB, VMS = 34655.17 MB
[UEDRS] [00:01:02] Elapsed
[UEDRS] [00:58:17] Checking [RECBOLE][SimpleX][YAHOO][500k]
[UEDRS] [00:58:17] Starting
[UEDRS] [01:01:25] Finished (0.0026)
[UEDRS] [01:01:25] Memory Usage: RSS = 7751.32 MB, VMS = 35047.19 MB
[UEDRS] [00:03:08] Elapsed

[UEDRS] [01:01:25] Memory Usage: RSS = 7751.32 MB, VMS = 35047.19 MB
[UEDRS] [01:01:25] Releasing dataframe from memory
[UEDRS] [01:01:25] Memory Usage: RSS = 7751.32 MB, VMS = 35047.19 MB
[UEDRS] [01:01:25] Dataset: ALIBABA
[UEDRS] [01:01:25] Loading
[UEDRS] [01:01:26] Loading done
[UEDRS] [01:01:26] Memory Usage: RSS = 8156.20 MB, VMS = 35047.19 MB
[UEDRS] [00:00:00] Elapsed
[UEDRS] [01:01:26] Sampling
[UEDRS] [01:03:24] Sampling done, obtained size: 500000
[UEDRS] [01:03:24] Memory Usage: RSS = 8171.82 MB, VMS = 35059.21 MB
[UEDRS] [00:01:58] Elapsed
[UEDRS] [01:03:24] Checking [RECBOLE][SimpleX][ALIBABA][500k]
[UEDRS] [01:03:24] Starting
[UEDRS] [01:04:24] Finished (2e-05)
[UEDRS] [01:04:24] Memory Usage: RSS = 8536.97 MB, VMS = 35499.23 MB
[UEDRS] [00:00:59] Elapsed

[UEDRS] [01:04:24] Memory Usage: RSS = 8536.97 MB, VMS = 35499.23 MB
[UEDRS] [01:04:24] Releasing dataframe from memory
[UEDRS] [01:04:25] Memory Usage: RSS = 8176.49 MB, VMS = 35135.23 MB
[UEDRS] [01:04:25] Dataset: GOODREADS
[UEDRS] [01:04:25] Loading
[UEDRS] [01:04:26] Loading done
[UEDRS] [01:04:26] Memory Usage: RSS = 8861.54 MB, VMS = 35135.23 MB
[UEDRS] [00:00:00] Elapsed
[UEDRS] [01:04:26] Sampling
[UEDRS] [01:05:03] Sampling done, obtained size: 500000
[UEDRS] [01:05:03] Memory Usage: RSS = 8864.91 MB, VMS = 35135.23 MB
[UEDRS] [00:00:37] Elapsed
[UEDRS] [01:05:03] Checking [RECBOLE][SimpleX][GOODREADS][500k]
[UEDRS] [01:05:03] Starting
[UEDRS] [01:09:16] Finished (0.00012)
[UEDRS] [01:09:16] Memory Usage: RSS = 9087.45 MB, VMS = 35432.25 MB
[UEDRS] [00:04:13] Elapsed

[UEDRS] [01:09:16] Memory Usage: RSS = 9087.45 MB, VMS = 35432.25 MB
[UEDRS] [01:09:16] Releasing dataframe from memory
[UEDRS] [01:09:17] Memory Usage: RSS = 8869.23 MB, VMS = 35211.25 MB
[UEDRS] [01:09:17] Dataset: LASTFM
[UEDRS] [01:09:17] Loading
[UEDRS] [01:09:19] Loading done
[UEDRS] [01:09:19] Memory Usage: RSS = 13626.49 MB, VMS = 38879.25 MB
[UEDRS] [00:00:01] Elapsed
[UEDRS] [01:09:19] Sampling
[UEDRS] [01:09:40] Sampling done, obtained size: 500000
[UEDRS] [01:09:40] Memory Usage: RSS = 13626.94 MB, VMS = 38879.25 MB
[UEDRS] [00:00:20] Elapsed
[UEDRS] [01:09:40] Checking [RECBOLE][SimpleX][LASTFM][500k]
[UEDRS] [01:09:40] Starting
[UEDRS] [01:14:18] Finished (1.3e-05)
[UEDRS] [01:14:18] Memory Usage: RSS = 13756.15 MB, VMS = 39082.27 MB
[UEDRS] [00:04:38] Elapsed

[UEDRS] [01:14:18] Memory Usage: RSS = 13756.15 MB, VMS = 39082.27 MB
[UEDRS] [01:14:18] Releasing dataframe from memory
[UEDRS] [01:14:19] Memory Usage: RSS = 13632.79 MB, VMS = 38957.27 MB
[UEDRS] [01:14:19] Desired size: 750000
[UEDRS] [01:14:19] Dataset: MYANIMELIST
[UEDRS] [01:14:19] Loading
[UEDRS] [01:14:19] Loading done
[UEDRS] [01:14:19] Memory Usage: RSS = 13707.57 MB, VMS = 38957.27 MB
[UEDRS] [00:00:00] Elapsed
[UEDRS] [01:14:19] Sampling
[UEDRS] [01:14:22] Sampling done, obtained size: 750000
[UEDRS] [01:14:22] Memory Usage: RSS = 13707.57 MB, VMS = 38957.27 MB
[UEDRS] [00:00:02] Elapsed
[UEDRS] [01:14:22] Checking [RECBOLE][SimpleX][MYANIMELIST][750k]
[UEDRS] [01:14:22] Starting
[UEDRS] [01:17:37] Finished (0.018)
[UEDRS] [01:17:37] Memory Usage: RSS = 13759.01 MB, VMS = 39081.29 MB
[UEDRS] [00:03:15] Elapsed

[UEDRS] [01:17:37] Memory Usage: RSS = 13759.01 MB, VMS = 39081.29 MB
[UEDRS] [01:17:37] Releasing dataframe from memory
[UEDRS] [01:17:38] Memory Usage: RSS = 13709.59 MB, VMS = 39031.29 MB
[UEDRS] [01:17:38] Dataset: TMALL
[UEDRS] [01:17:38] Loading
[UEDRS] [01:17:38] Loading done
[UEDRS] [01:17:38] Memory Usage: RSS = 13876.02 MB, VMS = 39031.29 MB
[UEDRS] [00:00:00] Elapsed
[UEDRS] [01:17:38] Sampling
[UEDRS] [01:18:00] Sampling done, obtained size: 750000
[UEDRS] [01:18:00] Memory Usage: RSS = 13876.62 MB, VMS = 39031.29 MB
[UEDRS] [00:00:22] Elapsed
[UEDRS] [01:18:00] Checking [RECBOLE][SimpleX][TMALL][750k]
[UEDRS] [01:18:00] Starting
[UEDRS] [01:26:05] Finished (4.2e-05)
[UEDRS] [01:26:05] Memory Usage: RSS = 14176.43 MB, VMS = 39406.31 MB
[UEDRS] [00:08:04] Elapsed

[UEDRS] [01:26:05] Memory Usage: RSS = 14176.43 MB, VMS = 39406.31 MB
[UEDRS] [01:26:05] Releasing dataframe from memory
[UEDRS] [01:26:06] Memory Usage: RSS = 13881.39 MB, VMS = 39108.31 MB
[UEDRS] [01:26:06] Dataset: MOVIELENS
[UEDRS] [01:26:06] Loading
[UEDRS] [01:26:06] Loading done
[UEDRS] [01:26:06] Memory Usage: RSS = 10253.08 MB, VMS = 35684.46 MB
[UEDRS] [00:00:00] Elapsed
[UEDRS] [01:26:06] Sampling
[UEDRS] [01:26:14] Sampling done, obtained size: 750000
[UEDRS] [01:26:14] Memory Usage: RSS = 10010.70 MB, VMS = 35441.39 MB
[UEDRS] [00:00:07] Elapsed
[UEDRS] [01:26:14] Checking [RECBOLE][SimpleX][MOVIELENS][750k]
[UEDRS] [01:26:14] Starting
[UEDRS] [01:31:46] Finished (0.0052)
[UEDRS] [01:31:46] Memory Usage: RSS = 10175.85 MB, VMS = 35680.41 MB
[UEDRS] [00:05:31] Elapsed

[UEDRS] [01:31:46] Memory Usage: RSS = 10175.85 MB, VMS = 35680.41 MB
[UEDRS] [01:31:46] Releasing dataframe from memory
[UEDRS] [01:31:47] Memory Usage: RSS = 10012.94 MB, VMS = 35515.41 MB
[UEDRS] [01:31:47] Dataset: MUSIC4ALL
[UEDRS] [01:31:47] Loading
[UEDRS] [01:31:50] Loading done
[UEDRS] [01:31:50] Memory Usage: RSS = 10178.73 MB, VMS = 36278.60 MB
[UEDRS] [00:00:03] Elapsed
[UEDRS] [01:31:50] Sampling
[UEDRS] [01:31:58] Sampling done, obtained size: 750000
[UEDRS] [01:31:58] Memory Usage: RSS = 9415.54 MB, VMS = 35515.41 MB
[UEDRS] [00:00:07] Elapsed
[UEDRS] [01:31:58] Checking [RECBOLE][SimpleX][MUSIC4ALL][750k]
[UEDRS] [01:31:58] Starting
[UEDRS] [01:36:07] Finished (0.00058)
[UEDRS] [01:36:07] Memory Usage: RSS = 9505.98 MB, VMS = 35679.43 MB
[UEDRS] [00:04:09] Elapsed

[UEDRS] [01:36:07] Memory Usage: RSS = 9505.98 MB, VMS = 35679.43 MB
[UEDRS] [01:36:07] Releasing dataframe from memory
[UEDRS] [01:36:08] Memory Usage: RSS = 9417.17 MB, VMS = 35589.43 MB
[UEDRS] [01:36:08] Dataset: NETFLIX
[UEDRS] [01:36:08] Loading
[UEDRS] [01:36:09] Loading done
[UEDRS] [01:36:09] Memory Usage: RSS = 10411.62 MB, VMS = 36356.04 MB
[UEDRS] [00:00:00] Elapsed
[UEDRS] [01:36:09] Sampling
[UEDRS] [01:36:40] Sampling done, obtained size: 750000
[UEDRS] [01:36:40] Memory Usage: RSS = 9645.01 MB, VMS = 35589.43 MB
[UEDRS] [00:00:31] Elapsed
[UEDRS] [01:36:40] Checking [RECBOLE][SimpleX][NETFLIX][750k]
[UEDRS] [01:36:40] Starting
[UEDRS] [01:44:07] Finished (0.0026)
[UEDRS] [01:44:07] Memory Usage: RSS = 9896.36 MB, VMS = 35915.45 MB
[UEDRS] [00:07:27] Elapsed

[UEDRS] [01:44:07] Memory Usage: RSS = 9896.36 MB, VMS = 35915.45 MB
[UEDRS] [01:44:07] Releasing dataframe from memory
[UEDRS] [01:44:08] Memory Usage: RSS = 9650.15 MB, VMS = 35666.45 MB
[UEDRS] [01:44:08] Dataset: YAHOO
[UEDRS] [01:44:08] Loading
[UEDRS] [01:44:09] Loading done
[UEDRS] [01:44:09] Memory Usage: RSS = 9702.22 MB, VMS = 35666.45 MB
[UEDRS] [00:00:00] Elapsed
[UEDRS] [01:44:09] Sampling
[UEDRS] [01:45:11] Sampling done, obtained size: 750000
[UEDRS] [01:45:11] Memory Usage: RSS = 9702.66 MB, VMS = 35666.45 MB
[UEDRS] [00:01:01] Elapsed
[UEDRS] [01:45:11] Checking [RECBOLE][SimpleX][YAHOO][750k]
[UEDRS] [01:45:11] Starting
[UEDRS] [01:50:17] Finished (0.0028)
[UEDRS] [01:50:17] Memory Usage: RSS = 10050.74 MB, VMS = 36474.47 MB
[UEDRS] [00:05:05] Elapsed

[UEDRS] [01:50:17] Memory Usage: RSS = 10050.74 MB, VMS = 36474.47 MB
[UEDRS] [01:50:17] Releasing dataframe from memory
[UEDRS] [01:50:18] Memory Usage: RSS = 9698.12 MB, VMS = 36118.47 MB
[UEDRS] [01:50:18] Dataset: ALIBABA
[UEDRS] [01:50:18] Loading
[UEDRS] [01:50:19] Loading done
[UEDRS] [01:50:19] Memory Usage: RSS = 9874.89 MB, VMS = 36118.47 MB
[UEDRS] [00:00:00] Elapsed
[UEDRS] [01:50:19] Sampling
[UEDRS] [01:52:23] Sampling done, obtained size: 750000
[UEDRS] [01:52:23] Memory Usage: RSS = 9844.73 MB, VMS = 36087.95 MB
[UEDRS] [00:02:04] Elapsed
[UEDRS] [01:52:23] Checking [RECBOLE][SimpleX][ALIBABA][750k]
[UEDRS] [01:52:23] Starting
[UEDRS] [01:54:06] Finished (3.1e-05)
[UEDRS] [01:54:06] Memory Usage: RSS = 10479.18 MB, VMS = 36797.54 MB
[UEDRS] [00:01:43] Elapsed

[UEDRS] [01:54:06] Memory Usage: RSS = 10479.18 MB, VMS = 36797.54 MB
[UEDRS] [01:54:06] Releasing dataframe from memory
[UEDRS] [01:54:07] Memory Usage: RSS = 9890.45 MB, VMS = 36204.54 MB
[UEDRS] [01:54:07] Dataset: GOODREADS
[UEDRS] [01:54:07] Loading
[UEDRS] [01:54:08] Loading done
[UEDRS] [01:54:08] Memory Usage: RSS = 10018.59 MB, VMS = 36204.54 MB
[UEDRS] [00:00:00] Elapsed
[UEDRS] [01:54:08] Sampling
[UEDRS] [01:54:46] Sampling done, obtained size: 750000
[UEDRS] [01:54:46] Memory Usage: RSS = 10019.41 MB, VMS = 36204.54 MB
[UEDRS] [00:00:37] Elapsed
[UEDRS] [01:54:46] Checking [RECBOLE][SimpleX][GOODREADS][750k]
[UEDRS] [01:54:46] Starting
[UEDRS] [02:01:42] Finished (0.00015)
[UEDRS] [02:01:42] Memory Usage: RSS = 10328.46 MB, VMS = 36588.55 MB
[UEDRS] [00:06:56] Elapsed

[UEDRS] [02:01:42] Memory Usage: RSS = 10328.46 MB, VMS = 36588.55 MB
[UEDRS] [02:01:42] Releasing dataframe from memory
[UEDRS] [02:01:43] Memory Usage: RSS = 10021.61 MB, VMS = 36278.55 MB
[UEDRS] [02:01:43] Dataset: LASTFM
[UEDRS] [02:01:43] Loading
[UEDRS] [02:01:45] Loading done
[UEDRS] [02:01:45] Memory Usage: RSS = 13999.62 MB, VMS = 39946.55 MB
[UEDRS] [00:00:01] Elapsed
[UEDRS] [02:01:45] Sampling
[UEDRS] [02:02:14] Sampling done, obtained size: 750000
[UEDRS] [02:02:14] Memory Usage: RSS = 13999.62 MB, VMS = 39946.55 MB
[UEDRS] [00:00:28] Elapsed
[UEDRS] [02:02:14] Checking [RECBOLE][SimpleX][LASTFM][750k]
[UEDRS] [02:02:14] Starting
[UEDRS] [02:08:14] Finished (8.6e-06)
[UEDRS] [02:08:14] Memory Usage: RSS = 14180.77 MB, VMS = 40202.04 MB
[UEDRS] [00:06:00] Elapsed

[UEDRS] [02:08:14] Memory Usage: RSS = 14180.77 MB, VMS = 40202.04 MB
[UEDRS] [02:08:14] Releasing dataframe from memory
[UEDRS] [02:08:15] Memory Usage: RSS = 14021.77 MB, VMS = 40041.04 MB
[UEDRS] [02:08:15] Desired size: 1000000
[UEDRS] [02:08:15] Dataset: MYANIMELIST
[UEDRS] [02:08:15] Loading
[UEDRS] [02:08:15] Loading done
[UEDRS] [02:08:15] Memory Usage: RSS = 14011.21 MB, VMS = 40041.04 MB
[UEDRS] [00:00:00] Elapsed
[UEDRS] [02:08:15] Sampling
[UEDRS] [02:08:18] Sampling done, obtained size: 1000000
[UEDRS] [02:08:18] Memory Usage: RSS = 14011.21 MB, VMS = 40041.04 MB
[UEDRS] [00:00:02] Elapsed
[UEDRS] [02:08:18] Checking [RECBOLE][SimpleX][MYANIMELIST][1m]
[UEDRS] [02:08:18] Starting
[UEDRS] [02:11:46] Finished (0.022)
[UEDRS] [02:11:46] Memory Usage: RSS = 14063.77 MB, VMS = 40163.06 MB
[UEDRS] [00:03:28] Elapsed

[UEDRS] [02:11:46] Memory Usage: RSS = 14063.77 MB, VMS = 40163.06 MB
[UEDRS] [02:11:46] Releasing dataframe from memory
[UEDRS] [02:11:47] Memory Usage: RSS = 14015.35 MB, VMS = 40114.06 MB
[UEDRS] [02:11:47] Dataset: TMALL
[UEDRS] [02:11:47] Loading
[UEDRS] [02:11:47] Loading done
[UEDRS] [02:11:47] Memory Usage: RSS = 10301.67 MB, VMS = 36446.06 MB
[UEDRS] [00:00:00] Elapsed
[UEDRS] [02:11:47] Sampling
[UEDRS] [02:12:09] Sampling done, obtained size: 1000000
[UEDRS] [02:12:09] Memory Usage: RSS = 10301.75 MB, VMS = 36446.06 MB
[UEDRS] [00:00:21] Elapsed
[UEDRS] [02:12:09] Checking [RECBOLE][SimpleX][TMALL][1m]
[UEDRS] [02:12:09] Starting
[UEDRS] [02:22:55] Finished (6.3e-05)
[UEDRS] [02:22:55] Memory Usage: RSS = 10641.02 MB, VMS = 36860.62 MB
[UEDRS] [00:10:46] Elapsed

[UEDRS] [02:22:55] Memory Usage: RSS = 10641.02 MB, VMS = 36860.62 MB
[UEDRS] [02:22:55] Releasing dataframe from memory
[UEDRS] [02:22:56] Memory Usage: RSS = 10279.74 MB, VMS = 36495.62 MB
[UEDRS] [02:22:56] Dataset: MOVIELENS
[UEDRS] [02:22:56] Loading
[UEDRS] [02:22:57] Loading done
[UEDRS] [02:22:57] Memory Usage: RSS = 10298.07 MB, VMS = 36739.77 MB
[UEDRS] [00:00:00] Elapsed
[UEDRS] [02:22:57] Sampling
[UEDRS] [02:23:05] Sampling done, obtained size: 1000000
[UEDRS] [02:23:05] Memory Usage: RSS = 10096.08 MB, VMS = 36537.91 MB
[UEDRS] [00:00:07] Elapsed
[UEDRS] [02:23:05] Checking [RECBOLE][SimpleX][MOVIELENS][1m]
[UEDRS] [02:23:05] Starting
[UEDRS] [02:29:44] Finished (0.0069)
[UEDRS] [02:29:44] Memory Usage: RSS = 10285.47 MB, VMS = 36799.93 MB
[UEDRS] [00:06:39] Elapsed

[UEDRS] [02:29:44] Memory Usage: RSS = 10285.47 MB, VMS = 36799.93 MB
[UEDRS] [02:29:44] Releasing dataframe from memory
[UEDRS] [02:29:45] Memory Usage: RSS = 10096.59 MB, VMS = 36608.93 MB
[UEDRS] [02:29:45] Dataset: MUSIC4ALL
[UEDRS] [02:29:45] Loading
[UEDRS] [02:29:48] Loading done
[UEDRS] [02:29:48] Memory Usage: RSS = 10484.27 MB, VMS = 37372.12 MB
[UEDRS] [00:00:02] Elapsed
[UEDRS] [02:29:48] Sampling
[UEDRS] [02:29:56] Sampling done, obtained size: 1000000
[UEDRS] [02:29:56] Memory Usage: RSS = 9721.09 MB, VMS = 36608.93 MB
[UEDRS] [00:00:07] Elapsed
[UEDRS] [02:29:56] Checking [RECBOLE][SimpleX][MUSIC4ALL][1m]
[UEDRS] [02:29:56] Starting
[UEDRS] [02:34:30] Finished (0.00075)
[UEDRS] [02:34:30] Memory Usage: RSS = 9820.39 MB, VMS = 36780.95 MB
[UEDRS] [00:04:34] Elapsed

[UEDRS] [02:34:30] Memory Usage: RSS = 9820.39 MB, VMS = 36780.95 MB
[UEDRS] [02:34:31] Releasing dataframe from memory
[UEDRS] [02:34:31] Memory Usage: RSS = 9724.69 MB, VMS = 36683.95 MB
[UEDRS] [02:34:31] Dataset: NETFLIX
[UEDRS] [02:34:31] Loading
[UEDRS] [02:34:34] Loading done
[UEDRS] [02:34:34] Memory Usage: RSS = 10655.21 MB, VMS = 37450.56 MB
[UEDRS] [00:00:02] Elapsed
[UEDRS] [02:34:34] Sampling
[UEDRS] [02:36:33] Sampling done, obtained size: 1000000
[UEDRS] [02:36:33] Memory Usage: RSS = 9888.61 MB, VMS = 36683.95 MB
[UEDRS] [00:01:58] Elapsed
[UEDRS] [02:36:33] Checking [RECBOLE][SimpleX][NETFLIX][1m]
[UEDRS] [02:36:33] Starting
[UEDRS] [02:45:50] Finished (0.0029)
[UEDRS] [02:45:50] Memory Usage: RSS = 10172.10 MB, VMS = 37042.30 MB
[UEDRS] [00:09:16] Elapsed

[UEDRS] [02:45:50] Memory Usage: RSS = 10172.10 MB, VMS = 37042.30 MB
[UEDRS] [02:45:50] Releasing dataframe from memory
[UEDRS] [02:45:51] Memory Usage: RSS = 9864.20 MB, VMS = 36731.30 MB
[UEDRS] [02:45:51] Dataset: YAHOO
[UEDRS] [02:45:51] Loading
[UEDRS] [02:45:55] Loading done
[UEDRS] [02:45:55] Memory Usage: RSS = 9899.35 MB, VMS = 36731.30 MB
[UEDRS] [00:00:03] Elapsed
[UEDRS] [02:45:55] Sampling
[UEDRS] [02:46:56] Sampling done, obtained size: 1000000
[UEDRS] [02:46:56] Memory Usage: RSS = 9914.79 MB, VMS = 36745.97 MB
[UEDRS] [00:01:01] Elapsed
[UEDRS] [02:46:56] Checking [RECBOLE][SimpleX][YAHOO][1m]
[UEDRS] [02:46:56] Starting
[UEDRS] [02:54:09] Finished (0.003)
[UEDRS] [02:54:09] Memory Usage: RSS = 10379.48 MB, VMS = 37734.35 MB
[UEDRS] [00:07:12] Elapsed

[UEDRS] [02:54:09] Memory Usage: RSS = 10379.48 MB, VMS = 37734.35 MB
[UEDRS] [02:54:09] Releasing dataframe from memory
[UEDRS] [02:54:10] Memory Usage: RSS = 9923.63 MB, VMS = 37274.35 MB
[UEDRS] [02:54:10] Dataset: ALIBABA
[UEDRS] [02:54:10] Loading
[UEDRS] [02:54:20] Loading done
[UEDRS] [02:54:20] Memory Usage: RSS = 10048.83 MB, VMS = 37274.35 MB
[UEDRS] [00:00:09] Elapsed
[UEDRS] [02:54:20] Sampling
[UEDRS] [03:01:08] Sampling done, obtained size: 1000000
[UEDRS] [03:01:08] Memory Usage: RSS = 10026.82 MB, VMS = 37252.15 MB
[UEDRS] [00:06:48] Elapsed
[UEDRS] [03:01:08] Checking [RECBOLE][SimpleX][ALIBABA][1m]
[UEDRS] [03:01:08] Starting
[UEDRS] [03:03:48] Finished (6.1e-05)
[UEDRS] [03:03:48] Memory Usage: RSS = 10873.09 MB, VMS = 38174.46 MB
[UEDRS] [00:02:39] Elapsed

[UEDRS] [03:03:48] Memory Usage: RSS = 10873.09 MB, VMS = 38174.46 MB
[UEDRS] [03:03:48] Releasing dataframe from memory
[UEDRS] [03:03:50] Memory Usage: RSS = 10004.11 MB, VMS = 37300.94 MB
[UEDRS] [03:03:50] Dataset: GOODREADS
[UEDRS] [03:03:50] Loading
[UEDRS] [03:03:51] Loading done
[UEDRS] [03:03:51] Memory Usage: RSS = 10148.84 MB, VMS = 37300.94 MB
[UEDRS] [00:00:00] Elapsed
[UEDRS] [03:03:51] Sampling
[UEDRS] [03:07:20] Sampling done, obtained size: 1000000
[UEDRS] [03:07:20] Memory Usage: RSS = 10160.89 MB, VMS = 37300.94 MB
[UEDRS] [00:03:29] Elapsed
[UEDRS] [03:07:20] Checking [RECBOLE][SimpleX][GOODREADS][1m]
[UEDRS] [03:07:20] Starting
[UEDRS] [03:17:08] Finished (0.00017)
[UEDRS] [03:17:08] Memory Usage: RSS = 10590.58 MB, VMS = 37804.23 MB
[UEDRS] [00:09:47] Elapsed

[UEDRS] [03:17:08] Memory Usage: RSS = 10590.58 MB, VMS = 37804.23 MB
[UEDRS] [03:17:08] Releasing dataframe from memory
[UEDRS] [03:17:09] Memory Usage: RSS = 10213.53 MB, VMS = 37423.23 MB
[UEDRS] [03:17:09] Dataset: LASTFM
[UEDRS] [03:17:09] Loading
[UEDRS] [03:17:26] Loading done
[UEDRS] [03:17:26] Memory Usage: RSS = 14075.18 MB, VMS = 41091.23 MB
[UEDRS] [00:00:16] Elapsed
[UEDRS] [03:17:26] Sampling
[UEDRS] [03:21:55] Sampling done, obtained size: 1000000
[UEDRS] [03:21:55] Memory Usage: RSS = 14075.18 MB, VMS = 41091.23 MB
[UEDRS] [00:04:29] Elapsed
[UEDRS] [03:21:55] Checking [RECBOLE][SimpleX][LASTFM][1m]
[UEDRS] [03:21:55] Starting
[UEDRS] [03:28:45] Finished (2.4e-05)
[UEDRS] [03:28:45] Memory Usage: RSS = 14251.24 MB, VMS = 41340.25 MB
[UEDRS] [00:06:50] Elapsed

[UEDRS] [03:28:45] Memory Usage: RSS = 14251.24 MB, VMS = 41340.25 MB
[UEDRS] [03:28:45] Releasing dataframe from memory
[UEDRS] [03:28:47] Memory Usage: RSS = 14080.13 MB, VMS = 41167.25 MB
[UEDRS] [03:28:47] Desired size: 25000000
[UEDRS] [03:28:47] Dataset: MYANIMELIST
[UEDRS] [03:28:47] Loading
[UEDRS] [03:28:47] Loading done
[UEDRS] [03:28:47] Memory Usage: RSS = 14055.71 MB, VMS = 41167.25 MB
[UEDRS] [00:00:00] Elapsed
[UEDRS] [03:28:47] Sampling
[UEDRS] [03:28:47] Sampling done, obtained size: 7813730
[UEDRS] [03:28:47] Memory Usage: RSS = 14115.33 MB, VMS = 41226.86 MB
[UEDRS] [00:00:00] Elapsed
[UEDRS] [03:28:47] Checking [RECBOLE][SimpleX][MYANIMELIST][8m]
[UEDRS] [03:28:47] Starting
[UEDRS] [03:33:54] Finished (0.083)
[UEDRS] [03:33:54] Memory Usage: RSS = 15466.03 MB, VMS = 42655.40 MB
[UEDRS] [00:05:06] Elapsed

[UEDRS] [03:33:54] Memory Usage: RSS = 15466.03 MB, VMS = 42655.40 MB
[UEDRS] [03:33:54] Releasing dataframe from memory
[UEDRS] [03:33:56] Memory Usage: RSS = 14878.30 MB, VMS = 42063.62 MB
[UEDRS] [03:33:56] Dataset: TMALL
[UEDRS] [03:33:56] Loading
[UEDRS] [03:33:57] Loading done
[UEDRS] [03:33:57] Memory Usage: RSS = 11163.76 MB, VMS = 38395.62 MB
[UEDRS] [00:00:01] Elapsed
[UEDRS] [03:33:57] Sampling
[UEDRS] [03:33:57] Sampling done, obtained size: 24363557
[UEDRS] [03:33:57] Memory Usage: RSS = 11163.76 MB, VMS = 38395.62 MB
[UEDRS] [00:00:00] Elapsed
[UEDRS] [03:33:57] Checking [RECBOLE][SimpleX][TMALL][24m]
[UEDRS] [03:33:57] Starting
[UEDRS] [04:48:12] Finished (0.00073)
[UEDRS] [04:48:12] Memory Usage: RSS = 17654.93 MB, VMS = 46330.16 MB
[UEDRS] [01:14:14] Elapsed

[UEDRS] [04:48:12] Memory Usage: RSS = 17654.93 MB, VMS = 46330.16 MB
[UEDRS] [04:48:12] Releasing dataframe from memory
[UEDRS] [04:48:21] Memory Usage: RSS = 14769.26 MB, VMS = 43438.97 MB
[UEDRS] [04:48:21] Dataset: MOVIELENS
[UEDRS] [04:48:21] Loading
[UEDRS] [04:48:22] Loading done
[UEDRS] [04:48:22] Memory Usage: RSS = 14645.02 MB, VMS = 43438.97 MB
[UEDRS] [00:00:01] Elapsed
[UEDRS] [04:48:22] Sampling
[UEDRS] [04:48:35] Sampling done, obtained size: 25000000
[UEDRS] [04:48:35] Memory Usage: RSS = 14645.02 MB, VMS = 43438.97 MB
[UEDRS] [00:00:12] Elapsed
[UEDRS] [04:48:35] Checking [RECBOLE][SimpleX][MOVIELENS][25m]
[UEDRS] [04:48:35] Starting
[UEDRS] [05:04:07] Finished (0.034)
[UEDRS] [05:04:07] Memory Usage: RSS = 16568.68 MB, VMS = 45438.41 MB
[UEDRS] [00:15:32] Elapsed

[UEDRS] [05:04:07] Memory Usage: RSS = 16568.68 MB, VMS = 45438.41 MB
[UEDRS] [05:04:07] Releasing dataframe from memory
[UEDRS] [05:04:16] Memory Usage: RSS = 15069.13 MB, VMS = 43933.41 MB
[UEDRS] [05:04:16] Dataset: MUSIC4ALL
[UEDRS] [05:04:16] Loading
[UEDRS] [05:04:20] Loading done
[UEDRS] [05:04:20] Memory Usage: RSS = 14865.36 MB, VMS = 44314.01 MB
[UEDRS] [00:00:04] Elapsed
[UEDRS] [05:04:20] Sampling
[UEDRS] [05:04:37] Sampling done, obtained size: 25000000
[UEDRS] [05:04:37] Memory Usage: RSS = 14483.77 MB, VMS = 43932.41 MB
[UEDRS] [00:00:16] Elapsed
[UEDRS] [05:04:37] Checking [RECBOLE][SimpleX][MUSIC4ALL][25m]
[UEDRS] [05:04:37] Starting
[UEDRS] [05:14:43] Finished (0.018)
[UEDRS] [05:14:43] Memory Usage: RSS = 15877.05 MB, VMS = 45402.43 MB
[UEDRS] [00:10:05] Elapsed

[UEDRS] [05:14:43] Memory Usage: RSS = 15877.05 MB, VMS = 45402.43 MB
[UEDRS] [05:14:43] Releasing dataframe from memory
[UEDRS] [05:14:49] Memory Usage: RSS = 14491.92 MB, VMS = 44011.43 MB
[UEDRS] [05:14:49] Dataset: NETFLIX
[UEDRS] [05:14:49] Loading
[UEDRS] [05:14:50] Loading done
[UEDRS] [05:14:50] Memory Usage: RSS = 14710.96 MB, VMS = 44011.43 MB
[UEDRS] [00:00:00] Elapsed
[UEDRS] [05:14:50] Sampling
[UEDRS] [05:15:29] Sampling done, obtained size: 25000000
[UEDRS] [05:15:29] Memory Usage: RSS = 14709.97 MB, VMS = 44010.43 MB
[UEDRS] [00:00:39] Elapsed
[UEDRS] [05:15:29] Checking [RECBOLE][SimpleX][NETFLIX][25m]
[UEDRS] [05:15:29] Starting
[UEDRS] [05:46:26] Finished (0.02)
[UEDRS] [05:46:26] Memory Usage: RSS = 16957.50 MB, VMS = 46335.64 MB
[UEDRS] [00:30:56] Elapsed

[UEDRS] [05:46:26] Memory Usage: RSS = 16957.50 MB, VMS = 46335.64 MB
[UEDRS] [05:46:26] Releasing dataframe from memory
[UEDRS] [05:46:38] Memory Usage: RSS = 14970.57 MB, VMS = 44342.64 MB
[UEDRS] [05:46:38] Dataset: YAHOO
[UEDRS] [05:46:38] Loading
[UEDRS] [05:46:42] Loading done
[UEDRS] [05:46:42] Memory Usage: RSS = 15111.03 MB, VMS = 44340.64 MB
[UEDRS] [00:00:03] Elapsed
[UEDRS] [05:46:42] Sampling
[UEDRS] [05:47:48] Sampling done, obtained size: 25000000
[UEDRS] [05:47:48] Memory Usage: RSS = 15111.15 MB, VMS = 44340.64 MB
[UEDRS] [00:01:06] Elapsed
[UEDRS] [05:47:48] Checking [RECBOLE][SimpleX][YAHOO][25m]
[UEDRS] [05:47:48] Starting
[UEDRS] [07:10:32] Finished (0.03)
[UEDRS] [07:10:32] Memory Usage: RSS = 20440.30 MB, VMS = 51028.36 MB
[UEDRS] [01:22:43] Elapsed

[UEDRS] [07:10:32] Memory Usage: RSS = 20440.30 MB, VMS = 51028.36 MB
[UEDRS] [07:10:32] Releasing dataframe from memory
[UEDRS] [07:10:49] Memory Usage: RSS = 16551.62 MB, VMS = 47132.36 MB
[UEDRS] [07:10:49] Dataset: ALIBABA
[UEDRS] [07:10:49] Loading
[UEDRS] [07:10:59] Loading done
[UEDRS] [07:10:59] Memory Usage: RSS = 16496.44 MB, VMS = 46985.30 MB
[UEDRS] [00:00:09] Elapsed
[UEDRS] [07:10:59] Sampling
[UEDRS] [07:14:59] Sampling done, obtained size: 25000000
[UEDRS] [07:14:59] Memory Usage: RSS = 16496.21 MB, VMS = 46985.30 MB
[UEDRS] [00:03:59] Elapsed
[UEDRS] [07:14:59] Checking [RECBOLE][SimpleX][ALIBABA][25m]
[UEDRS] [07:14:59] Starting
[UEDRS] [14:56:51] Finished (8.5e-05)
[UEDRS] [14:56:51] Memory Usage: RSS = 27290.69 MB, VMS = 61060.20 MB
[UEDRS] [07:41:52] Elapsed

[UEDRS] [14:56:51] Memory Usage: RSS = 27290.69 MB, VMS = 61060.20 MB
[UEDRS] [14:56:51] Releasing dataframe from memory
[UEDRS] [14:57:27] Memory Usage: RSS = 19369.30 MB, VMS = 53131.22 MB
[UEDRS] [14:57:27] Dataset: GOODREADS
[UEDRS] [14:57:27] Loading
[UEDRS] [14:57:28] Loading done
[UEDRS] [14:57:28] Memory Usage: RSS = 19466.88 MB, VMS = 53120.22 MB
[UEDRS] [00:00:00] Elapsed
[UEDRS] [14:57:28] Sampling
[UEDRS] [14:58:10] Sampling done, obtained size: 25000000
[UEDRS] [14:58:10] Memory Usage: RSS = 19464.88 MB, VMS = 53118.22 MB
[UEDRS] [00:00:42] Elapsed
[UEDRS] [14:58:10] Checking [RECBOLE][SimpleX][GOODREADS][25m]
[UEDRS] [14:58:10] Starting
[UEDRS] [16:19:24] Finished (0.0029)
[UEDRS] [16:19:24] Memory Usage: RSS = 22161.37 MB, VMS = 55892.24 MB
[UEDRS] [01:21:13] Elapsed

[UEDRS] [16:19:24] Memory Usage: RSS = 22161.37 MB, VMS = 55892.24 MB
[UEDRS] [16:19:24] Releasing dataframe from memory
[UEDRS] [16:19:35] Memory Usage: RSS = 19474.45 MB, VMS = 53198.24 MB
[UEDRS] [16:19:35] Dataset: LASTFM
[UEDRS] [16:19:35] Loading
[UEDRS] [16:19:52] Loading done
[UEDRS] [16:19:52] Memory Usage: RSS = 23342.44 MB, VMS = 56866.24 MB
[UEDRS] [00:00:16] Elapsed
[UEDRS] [16:19:52] Sampling
[UEDRS] [16:20:17] Sampling done, obtained size: 25000000
[UEDRS] [16:20:17] Memory Usage: RSS = 23343.90 MB, VMS = 56866.24 MB
[UEDRS] [00:00:25] Elapsed
[UEDRS] [16:20:17] Checking [RECBOLE][SimpleX][LASTFM][25m]
[UEDRS] [16:20:17] Starting
[UEDRS] [16:58:19] Finished (1.3e-05)
[UEDRS] [16:58:19] Memory Usage: RSS = 28739.65 MB, VMS = 63927.26 MB
[UEDRS] [00:38:01] Elapsed

[UEDRS] [16:58:19] Memory Usage: RSS = 28739.65 MB, VMS = 63927.26 MB
[UEDRS] [16:58:19] Releasing dataframe from memory
[UEDRS] [16:58:26] Memory Usage: RSS = 23352.85 MB, VMS = 58532.26 MB
[UEDRS] [16:58:26] Desired size: 50000000
[UEDRS] [16:58:26] Dataset: MYANIMELIST
[UEDRS] [16:58:26] Loading
[UEDRS] [16:58:26] Loading done
[UEDRS] [16:58:26] Memory Usage: RSS = 23301.58 MB, VMS = 58532.26 MB
[UEDRS] [00:00:00] Elapsed
[UEDRS] [16:58:26] Sampling
[UEDRS] [16:58:26] Sampling done, obtained size: 7813730
[UEDRS] [16:58:26] Memory Usage: RSS = 23301.58 MB, VMS = 58532.26 MB
[UEDRS] [00:00:00] Elapsed
[UEDRS] [16:58:26] Checking [RECBOLE][SimpleX][MYANIMELIST][8m]
[UEDRS] [16:58:26] Skipping (0.083)
[UEDRS] [16:58:26] Memory Usage: RSS = 23301.58 MB, VMS = 58532.26 MB
[UEDRS] [16:58:26] Releasing dataframe from memory
[UEDRS] [16:58:27] Memory Usage: RSS = 23301.58 MB, VMS = 58532.26 MB
[UEDRS] [16:58:27] Dataset: TMALL
[UEDRS] [16:58:27] Loading
[UEDRS] [16:58:28] Loading done
[UEDRS] [16:58:28] Memory Usage: RSS = 19601.59 MB, VMS = 54864.26 MB
[UEDRS] [00:00:01] Elapsed
[UEDRS] [16:58:28] Sampling
[UEDRS] [16:58:28] Sampling done, obtained size: 24363557
[UEDRS] [16:58:28] Memory Usage: RSS = 19601.59 MB, VMS = 54864.26 MB
[UEDRS] [00:00:00] Elapsed
[UEDRS] [16:58:28] Checking [RECBOLE][SimpleX][TMALL][24m]
[UEDRS] [16:58:28] Skipping (0.00073)
[UEDRS] [16:58:28] Memory Usage: RSS = 19601.59 MB, VMS = 54864.26 MB
[UEDRS] [16:58:28] Releasing dataframe from memory
[UEDRS] [16:58:28] Memory Usage: RSS = 19601.59 MB, VMS = 54864.26 MB
[UEDRS] [16:58:28] Dataset: MOVIELENS
[UEDRS] [16:58:28] Loading
[UEDRS] [16:58:30] Loading done
[UEDRS] [16:58:30] Memory Usage: RSS = 19477.07 MB, VMS = 54864.26 MB
[UEDRS] [00:00:01] Elapsed
[UEDRS] [16:58:30] Sampling
[UEDRS] [16:58:30] Sampling done, obtained size: 32000204
[UEDRS] [16:58:30] Memory Usage: RSS = 19477.07 MB, VMS = 54864.26 MB
[UEDRS] [00:00:00] Elapsed
[UEDRS] [16:58:30] Checking [RECBOLE][SimpleX][MOVIELENS][32m]
[UEDRS] [16:58:30] Starting
[UEDRS] [17:14:19] Finished (0.056)
[UEDRS] [17:14:19] Memory Usage: RSS = 21303.30 MB, VMS = 56768.28 MB
[UEDRS] [00:15:49] Elapsed

[UEDRS] [17:14:19] Memory Usage: RSS = 21303.30 MB, VMS = 56768.28 MB
[UEDRS] [17:14:19] Releasing dataframe from memory
[UEDRS] [17:14:28] Memory Usage: RSS = 19480.27 MB, VMS = 54939.28 MB
[UEDRS] [17:14:28] Dataset: MUSIC4ALL
[UEDRS] [17:14:28] Loading
[UEDRS] [17:14:33] Loading done
[UEDRS] [17:14:33] Memory Usage: RSS = 19267.41 MB, VMS = 55320.88 MB
[UEDRS] [00:00:04] Elapsed
[UEDRS] [17:14:33] Sampling
[UEDRS] [17:14:57] Sampling done, obtained size: 50000000
[UEDRS] [17:14:57] Memory Usage: RSS = 18885.83 MB, VMS = 54939.28 MB
[UEDRS] [00:00:23] Elapsed
[UEDRS] [17:14:57] Checking [RECBOLE][SimpleX][MUSIC4ALL][50m]
[UEDRS] [17:14:57] Starting
[UEDRS] [17:28:07] Finished (0.061)
[UEDRS] [17:28:07] Memory Usage: RSS = 21832.93 MB, VMS = 57966.52 MB
[UEDRS] [00:13:09] Elapsed

[UEDRS] [17:28:07] Memory Usage: RSS = 21832.93 MB, VMS = 57966.52 MB
[UEDRS] [17:28:07] Releasing dataframe from memory
[UEDRS] [17:28:17] Memory Usage: RSS = 19112.48 MB, VMS = 55238.52 MB
[UEDRS] [17:28:17] Dataset: NETFLIX
[UEDRS] [17:28:17] Loading
[UEDRS] [17:28:22] Loading done
[UEDRS] [17:28:22] Memory Usage: RSS = 19315.89 MB, VMS = 55237.52 MB
[UEDRS] [00:00:04] Elapsed
[UEDRS] [17:28:22] Sampling
[UEDRS] [17:29:12] Sampling done, obtained size: 50000000
[UEDRS] [17:29:12] Memory Usage: RSS = 19315.89 MB, VMS = 55237.52 MB
[UEDRS] [00:00:50] Elapsed
[UEDRS] [17:29:12] Checking [RECBOLE][SimpleX][NETFLIX][50m]
[UEDRS] [17:29:12] Starting
[UEDRS] [18:04:25] Finished (0.032)
[UEDRS] [18:04:25] Memory Usage: RSS = 23023.80 MB, VMS = 59024.33 MB
[UEDRS] [00:35:12] Elapsed

[UEDRS] [18:04:25] Memory Usage: RSS = 23023.80 MB, VMS = 59024.33 MB
[UEDRS] [18:04:25] Releasing dataframe from memory
[UEDRS] [18:04:42] Memory Usage: RSS = 19745.99 MB, VMS = 55738.33 MB
[UEDRS] [18:04:42] Dataset: YAHOO
[UEDRS] [18:04:42] Loading
[UEDRS] [18:04:47] Loading done
[UEDRS] [18:04:47] Memory Usage: RSS = 19862.82 MB, VMS = 55738.33 MB
[UEDRS] [00:00:04] Elapsed
[UEDRS] [18:04:47] Sampling
[UEDRS] [18:05:57] Sampling done, obtained size: 50000000
[UEDRS] [18:05:57] Memory Usage: RSS = 19863.05 MB, VMS = 55738.33 MB
[UEDRS] [00:01:09] Elapsed
[UEDRS] [18:05:57] Checking [RECBOLE][SimpleX][YAHOO][50m]
[UEDRS] [18:05:57] Starting
[UEDRS] [19:41:58] Finished (0.04)
[UEDRS] [19:41:58] Memory Usage: RSS = 27136.22 MB, VMS = 63093.24 MB
[UEDRS] [01:36:00] Elapsed

[UEDRS] [19:41:58] Memory Usage: RSS = 27136.22 MB, VMS = 63093.24 MB
[UEDRS] [19:41:58] Releasing dataframe from memory
[UEDRS] [19:42:22] Memory Usage: RSS = 21643.80 MB, VMS = 57590.14 MB
[UEDRS] [19:42:22] Dataset: ALIBABA
[UEDRS] [19:42:22] Loading
[UEDRS] [19:42:32] Loading done
[UEDRS] [19:42:32] Memory Usage: RSS = 21644.56 MB, VMS = 57588.14 MB
[UEDRS] [00:00:09] Elapsed
[UEDRS] [19:42:32] Sampling
[UEDRS] [19:44:33] Sampling done, obtained size: 50000000
[UEDRS] [19:44:33] Memory Usage: RSS = 21644.94 MB, VMS = 57588.14 MB
[UEDRS] [00:02:01] Elapsed
[UEDRS] [19:44:33] Checking [RECBOLE][SimpleX][ALIBABA][50m]
[UEDRS] [19:44:34] Starting
