[UEDRS] [00:00:07] Mode: ABSOLUTE STRATIFIED_USER
[UEDRS] [00:00:07] Tag:  RECBOLE:SGL
[UEDRS] [00:00:07] Tool: RECBOLE
[UEDRS] [00:00:07] Algorithm: SGL
[UEDRS] [00:00:07] Datasets: MOVIELENS, NETFLIX, MUSIC4ALL, GOODREADS, AMAZON, ALIBABA
[UEDRS] [00:00:07] Sizes: [1000000, 25000000, 50000000, 75000000, 100000000]

[UEDRS] [00:00:07] Current dataset [MOVIELENS]
[UEDRS] [00:00:07] Loading full dataset
[UEDRS] [00:00:12] Loading done
[UEDRS] [00:00:12] Memory Usage: RSS = 1346.47 MB, VMS = 8830.41 MB
[UEDRS] [00:00:04] Elapsed
[UEDRS] [00:00:12] Sampling for [1000000]
[UEDRS] [00:00:19] Sampling done
[UEDRS] [00:00:19] Memory Usage: RSS = 716.68 MB, VMS = 8198.47 MB
[UEDRS] [00:00:06] Elapsed
[UEDRS] [00:00:19] Checking [RECBOLE][SGL][MOVIELENS][1m]
[UEDRS] [00:00:19] Starting
[UEDRS] [00:06:29] Finished (0.01516)
[UEDRS] [00:06:29] Memory Usage: RSS = 2168.89 MB, VMS = 29180.70 MB
[UEDRS] [00:06:10] Elapsed

[UEDRS] [00:06:29] Memory Usage: RSS = 2168.89 MB, VMS = 29180.70 MB
[UEDRS] [00:06:29] Releasing dataframe from memory
[UEDRS] [00:06:31] Memory Usage: RSS = 1865.91 MB, VMS = 28877.70 MB
[UEDRS] [00:06:31] Loading full dataset
[UEDRS] [00:06:36] Loading done
[UEDRS] [00:06:36] Memory Usage: RSS = 2658.38 MB, VMS = 29670.16 MB
[UEDRS] [00:00:05] Elapsed
[UEDRS] [00:06:36] Sampling for [25000000]
[UEDRS] [00:06:43] Sampling done
[UEDRS] [00:06:43] Memory Usage: RSS = 2499.10 MB, VMS = 29509.91 MB
[UEDRS] [00:00:07] Elapsed
[UEDRS] [00:06:43] Checking [RECBOLE][SGL][MOVIELENS][25m]
[UEDRS] [00:06:43] Starting
