[UEDRS] [00:00:20] Mode: ABSOLUTE STRATIFIED_USER
[UEDRS] [00:00:20] Tag:  LENSKIT:BIASED_SVD
[UEDRS] [00:00:20] Tool: LENSKIT
[UEDRS] [00:00:20] Algorithm: BIASED_SVD
[UEDRS] [00:00:20] Datasets: MYANIMELIST, TMALL, MOVIELENS, MUSIC4ALL, NETFLIX, YAHOO, ALIBABA, GOODREADS, LASTFM
[UEDRS] [00:00:20] Sizes: [25000000, 50000000, 75000000, 100000000]

[UEDRS] [00:00:20] Desired size: 25000000
[UEDRS] [00:00:20] Dataset: MYANIMELIST
[UEDRS] [00:00:20] Loading
[UEDRS] [00:00:21] Loading done
[UEDRS] [00:00:21] Memory Usage: RSS = 1015.93 MB, VMS = 10624.71 MB
[UEDRS] [00:00:00] Elapsed
[UEDRS] [00:00:21] Sampling
[UEDRS] [00:00:21] Sampling done, obtained size: 7813730
[UEDRS] [00:00:21] Memory Usage: RSS = 1046.07 MB, VMS = 10654.53 MB
[UEDRS] [00:00:00] Elapsed
[UEDRS] [00:00:21] Checking [LENSKIT][BIASED_SVD][MYANIMELIST][8m]
[UEDRS] [00:00:21] Skipping (0.066)
[UEDRS] [00:00:21] Memory Usage: RSS = 1046.07 MB, VMS = 10654.53 MB
[UEDRS] [00:00:21] Releasing dataframe from memory
[UEDRS] [00:00:21] Memory Usage: RSS = 926.84 MB, VMS = 10535.29 MB
[UEDRS] [00:00:21] Dataset: TMALL
[UEDRS] [00:00:21] Loading
[UEDRS] [00:00:21] Loading done
[UEDRS] [00:00:21] Memory Usage: RSS = 1793.45 MB, VMS = 12030.12 MB
[UEDRS] [00:00:00] Elapsed
[UEDRS] [00:00:21] Sampling
[UEDRS] [00:00:21] Sampling done, obtained size: 24363557
[UEDRS] [00:00:21] Memory Usage: RSS = 1793.45 MB, VMS = 12030.12 MB
[UEDRS] [00:00:00] Elapsed
[UEDRS] [00:00:21] Checking [LENSKIT][BIASED_SVD][TMALL][24m]
[UEDRS] [00:00:21] Starting
2025-12-31 08:25:18 [warning  ] loaded pipeline does not match hash
[UEDRS] [01:57:12] Finished (3.4e-06)
[UEDRS] [01:57:12] Memory Usage: RSS = 5425.12 MB, VMS = 24492.84 MB
[UEDRS] [01:56:50] Elapsed

[UEDRS] [01:57:12] Memory Usage: RSS = 5425.12 MB, VMS = 24492.84 MB
[UEDRS] [01:57:12] Releasing dataframe from memory
[UEDRS] [01:57:12] Memory Usage: RSS = 5092.16 MB, VMS = 24159.02 MB
[UEDRS] [01:57:12] Dataset: MOVIELENS
[UEDRS] [01:57:12] Loading
[UEDRS] [01:57:12] Loading done
[UEDRS] [01:57:12] Memory Usage: RSS = 6040.38 MB, VMS = 24403.17 MB
[UEDRS] [00:00:00] Elapsed
[UEDRS] [01:57:12] Sampling
[UEDRS] [01:57:24] Sampling done, obtained size: 25000000
[UEDRS] [01:57:24] Memory Usage: RSS = 6177.30 MB, VMS = 24539.50 MB
[UEDRS] [00:00:11] Elapsed
[UEDRS] [01:57:24] Checking [LENSKIT][BIASED_SVD][MOVIELENS][25m]
[UEDRS] [01:57:24] Starting
2025-12-31 10:11:43 [warning  ] loaded pipeline does not match hash
[UEDRS] [02:06:36] Finished (0.051)
[UEDRS] [02:06:36] Memory Usage: RSS = 7506.42 MB, VMS = 26544.78 MB
[UEDRS] [00:09:12] Elapsed

[UEDRS] [02:06:36] Memory Usage: RSS = 7506.42 MB, VMS = 26544.78 MB
[UEDRS] [02:06:36] Releasing dataframe from memory
[UEDRS] [02:06:36] Memory Usage: RSS = 7098.18 MB, VMS = 26136.30 MB
[UEDRS] [02:06:36] Dataset: MUSIC4ALL
[UEDRS] [02:06:36] Loading
[UEDRS] [02:06:39] Loading done
[UEDRS] [02:06:39] Memory Usage: RSS = 9482.22 MB, VMS = 27026.49 MB
[UEDRS] [00:00:02] Elapsed
[UEDRS] [02:06:39] Sampling
[UEDRS] [02:06:53] Sampling done, obtained size: 25000000
[UEDRS] [02:06:53] Memory Usage: RSS = 8910.09 MB, VMS = 26454.04 MB
[UEDRS] [00:00:14] Elapsed
[UEDRS] [02:06:53] Checking [LENSKIT][BIASED_SVD][MUSIC4ALL][25m]
[UEDRS] [02:06:53] Starting
2025-12-31 10:20:17 [warning  ] loaded pipeline does not match hash
[UEDRS] [02:14:22] Finished (0.00016)
[UEDRS] [02:14:22] Memory Usage: RSS = 9202.34 MB, VMS = 26532.11 MB
[UEDRS] [00:07:28] Elapsed

[UEDRS] [02:14:22] Memory Usage: RSS = 9202.34 MB, VMS = 26532.11 MB
[UEDRS] [02:14:22] Releasing dataframe from memory
[UEDRS] [02:14:22] Memory Usage: RSS = 8993.58 MB, VMS = 26322.38 MB
[UEDRS] [02:14:22] Dataset: NETFLIX
[UEDRS] [02:14:22] Loading
[UEDRS] [02:14:22] Loading done
[UEDRS] [02:14:22] Memory Usage: RSS = 10276.47 MB, VMS = 27087.98 MB
[UEDRS] [00:00:00] Elapsed
[UEDRS] [02:14:22] Sampling
[UEDRS] [02:15:00] Sampling done, obtained size: 25000000
[UEDRS] [02:15:00] Memory Usage: RSS = 9699.53 MB, VMS = 26511.11 MB
[UEDRS] [00:00:37] Elapsed
[UEDRS] [02:15:00] Checking [LENSKIT][BIASED_SVD][NETFLIX][25m]
[UEDRS] [02:15:00] Starting
2025-12-31 10:35:33 [warning  ] loaded pipeline does not match hash
[UEDRS] [02:33:09] Finished (0.0078)
[UEDRS] [02:33:09] Memory Usage: RSS = 9644.62 MB, VMS = 26541.89 MB
[UEDRS] [00:18:09] Elapsed

[UEDRS] [02:33:09] Memory Usage: RSS = 9644.62 MB, VMS = 26541.89 MB
[UEDRS] [02:33:09] Releasing dataframe from memory
[UEDRS] [02:33:10] Memory Usage: RSS = 9428.93 MB, VMS = 26326.16 MB
[UEDRS] [02:33:10] Dataset: YAHOO
[UEDRS] [02:33:10] Loading
[UEDRS] [02:33:10] Loading done
[UEDRS] [02:33:10] Memory Usage: RSS = 10683.71 MB, VMS = 27207.96 MB
[UEDRS] [00:00:00] Elapsed
[UEDRS] [02:33:10] Sampling
[UEDRS] [02:34:19] Sampling done, obtained size: 25000000
[UEDRS] [02:34:19] Memory Usage: RSS = 9992.65 MB, VMS = 26516.89 MB
[UEDRS] [00:01:08] Elapsed
[UEDRS] [02:34:19] Checking [LENSKIT][BIASED_SVD][YAHOO][25m]
[UEDRS] [02:34:19] Starting
2025-12-31 12:09:04 [warning  ] loaded pipeline does not match hash
[UEDRS] [04:20:55] Finished (0.0022)
[UEDRS] [04:20:55] Memory Usage: RSS = 10794.66 MB, VMS = 27558.02 MB
[UEDRS] [01:46:35] Elapsed

[UEDRS] [04:20:55] Memory Usage: RSS = 10794.66 MB, VMS = 27558.02 MB
[UEDRS] [04:20:55] Releasing dataframe from memory
[UEDRS] [04:20:55] Memory Usage: RSS = 10544.47 MB, VMS = 27307.28 MB
[UEDRS] [04:20:55] Dataset: ALIBABA
[UEDRS] [04:20:55] Loading
[UEDRS] [04:20:56] Loading done
[UEDRS] [04:20:56] Memory Usage: RSS = 13028.52 MB, VMS = 29276.50 MB
[UEDRS] [00:00:01] Elapsed
[UEDRS] [04:20:56] Sampling
[UEDRS] [04:29:20] Sampling done, obtained size: 25000000
[UEDRS] [04:29:20] Memory Usage: RSS = 11758.70 MB, VMS = 28007.02 MB
[UEDRS] [00:08:23] Elapsed
[UEDRS] [04:29:20] Checking [LENSKIT][BIASED_SVD][ALIBABA][25m]
[UEDRS] [04:29:20] Starting
