[UEDRS] [00:00:13] Mode: ABSOLUTE STRATIFIED_USER
[UEDRS] [00:00:13] Tag:  LENSKIT:BIASED_SVD
[UEDRS] [00:00:13] Tool: LENSKIT
[UEDRS] [00:00:13] Algorithm: BIASED_SVD
[UEDRS] [00:00:13] Datasets: MYANIMELIST, TMALL, MOVIELENS, MUSIC4ALL, NETFLIX, YAHOO, ALIBABA, GOODREADS, LASTFM
[UEDRS] [00:00:13] Sizes: [100000, 250000, 500000, 750000, 1000000, 25000000, 50000000, 75000000, 100000000]

[UEDRS] [00:00:13] Desired size: 100000
[UEDRS] [00:00:13] Dataset: MYANIMELIST
[UEDRS] [00:00:13] Loading
[UEDRS] [00:00:14] Loading done
[UEDRS] [00:00:14] Memory Usage: RSS = 782.96 MB, VMS = 4990.97 MB
[UEDRS] [00:00:00] Elapsed
[UEDRS] [00:00:14] Sampling
[UEDRS] [00:00:16] Sampling done, obtained size: 100000
[UEDRS] [00:00:16] Memory Usage: RSS = 810.11 MB, VMS = 5016.62 MB
[UEDRS] [00:00:02] Elapsed
[UEDRS] [00:00:16] Checking [LENSKIT][BIASED_SVD][MYANIMELIST][100k]
[UEDRS] [00:00:16] Starting
2026-01-15 12:48:06 [warning  ] loaded pipeline does not match hash
[UEDRS] [00:04:42] Finished (0.0016)
[UEDRS] [00:04:42] Memory Usage: RSS = 933.69 MB, VMS = 5587.38 MB
[UEDRS] [00:04:25] Elapsed

[UEDRS] [00:04:42] Memory Usage: RSS = 933.69 MB, VMS = 5587.38 MB
[UEDRS] [00:04:42] Releasing dataframe from memory
[UEDRS] [00:04:42] Memory Usage: RSS = 929.73 MB, VMS = 5583.38 MB
[UEDRS] [00:04:42] Dataset: TMALL
[UEDRS] [00:04:42] Loading
[UEDRS] [00:04:44] Loading done
[UEDRS] [00:04:44] Memory Usage: RSS = 1313.27 MB, VMS = 6799.38 MB
[UEDRS] [00:00:01] Elapsed
[UEDRS] [00:04:44] Sampling
[UEDRS] [00:05:05] Sampling done, obtained size: 100000
[UEDRS] [00:05:05] Memory Usage: RSS = 1387.64 MB, VMS = 6872.85 MB
[UEDRS] [00:00:20] Elapsed
[UEDRS] [00:05:05] Checking [LENSKIT][BIASED_SVD][TMALL][100k]
[UEDRS] [00:05:05] Starting
2026-01-15 12:53:11 [warning  ] loaded pipeline does not match hash
[UEDRS] [00:10:33] Finished (4.1e-06)
[UEDRS] [00:10:33] Memory Usage: RSS = 1335.74 MB, VMS = 6877.44 MB
[UEDRS] [00:05:28] Elapsed

[UEDRS] [00:10:33] Memory Usage: RSS = 1335.74 MB, VMS = 6877.44 MB
[UEDRS] [00:10:33] Releasing dataframe from memory
[UEDRS] [00:10:33] Memory Usage: RSS = 1323.71 MB, VMS = 6864.44 MB
[UEDRS] [00:10:33] Dataset: MOVIELENS
[UEDRS] [00:10:33] Loading
[UEDRS] [00:10:34] Loading done
[UEDRS] [00:10:34] Memory Usage: RSS = 2369.38 MB, VMS = 9658.59 MB
[UEDRS] [00:00:00] Elapsed
[UEDRS] [00:10:34] Sampling
[UEDRS] [00:10:42] Sampling done, obtained size: 100000
[UEDRS] [00:10:42] Memory Usage: RSS = 2139.31 MB, VMS = 9427.62 MB
[UEDRS] [00:00:07] Elapsed
[UEDRS] [00:10:42] Checking [LENSKIT][BIASED_SVD][MOVIELENS][100k]
[UEDRS] [00:10:42] Skipping (0.00047)
[UEDRS] [00:10:42] Memory Usage: RSS = 2139.31 MB, VMS = 9427.62 MB
[UEDRS] [00:10:42] Releasing dataframe from memory
[UEDRS] [00:10:42] Memory Usage: RSS = 2138.31 MB, VMS = 9426.62 MB
[UEDRS] [00:10:42] Dataset: MUSIC4ALL
[UEDRS] [00:10:42] Loading
[UEDRS] [00:10:46] Loading done
[UEDRS] [00:10:46] Memory Usage: RSS = 3825.32 MB, VMS = 12029.81 MB
[UEDRS] [00:00:03] Elapsed
[UEDRS] [00:10:46] Sampling
[UEDRS] [00:10:53] Sampling done, obtained size: 100000
[UEDRS] [00:10:53] Memory Usage: RSS = 3062.13 MB, VMS = 11266.62 MB
[UEDRS] [00:00:07] Elapsed
[UEDRS] [00:10:53] Checking [LENSKIT][BIASED_SVD][MUSIC4ALL][100k]
[UEDRS] [00:10:53] Skipping (4.9e-05)
[UEDRS] [00:10:53] Memory Usage: RSS = 3062.13 MB, VMS = 11266.62 MB
[UEDRS] [00:10:53] Releasing dataframe from memory
[UEDRS] [00:10:53] Memory Usage: RSS = 3062.13 MB, VMS = 11266.62 MB
[UEDRS] [00:10:53] Dataset: NETFLIX
[UEDRS] [00:10:53] Loading
[UEDRS] [00:10:58] Loading done
[UEDRS] [00:10:58] Memory Usage: RSS = 4149.59 MB, VMS = 16417.23 MB
[UEDRS] [00:00:05] Elapsed
[UEDRS] [00:10:58] Sampling
[UEDRS] [00:11:29] Sampling done, obtained size: 100000
[UEDRS] [00:11:29] Memory Usage: RSS = 3383.86 MB, VMS = 15651.62 MB
[UEDRS] [00:00:31] Elapsed
[UEDRS] [00:11:29] Checking [LENSKIT][BIASED_SVD][NETFLIX][100k]
[UEDRS] [00:11:29] Skipping (3.9e-05)
[UEDRS] [00:11:29] Memory Usage: RSS = 3383.86 MB, VMS = 15651.62 MB
[UEDRS] [00:11:29] Releasing dataframe from memory
[UEDRS] [00:11:30] Memory Usage: RSS = 3382.98 MB, VMS = 15650.62 MB
[UEDRS] [00:11:30] Dataset: YAHOO
[UEDRS] [00:11:30] Loading
[UEDRS] [00:11:34] Loading done
[UEDRS] [00:11:34] Memory Usage: RSS = 3483.18 MB, VMS = 15066.62 MB
[UEDRS] [00:00:04] Elapsed
[UEDRS] [00:11:34] Sampling
[UEDRS] [00:12:35] Sampling done, obtained size: 100000
[UEDRS] [00:12:35] Memory Usage: RSS = 3564.07 MB, VMS = 15148.95 MB
[UEDRS] [00:01:01] Elapsed
[UEDRS] [00:12:35] Checking [LENSKIT][BIASED_SVD][YAHOO][100k]
[UEDRS] [00:12:35] Starting
2026-01-15 13:00:43 [warning  ] loaded pipeline does not match hash
[UEDRS] [00:17:47] Finished (5.9e-05)
[UEDRS] [00:17:47] Memory Usage: RSS = 3254.53 MB, VMS = 15183.90 MB
[UEDRS] [00:05:12] Elapsed

[UEDRS] [00:17:47] Memory Usage: RSS = 3254.53 MB, VMS = 15183.90 MB
[UEDRS] [00:17:47] Releasing dataframe from memory
[UEDRS] [00:17:47] Memory Usage: RSS = 3239.42 MB, VMS = 15167.90 MB
[UEDRS] [00:17:47] Dataset: ALIBABA
[UEDRS] [00:17:47] Loading
[UEDRS] [00:17:48] Loading done
[UEDRS] [00:17:48] Memory Usage: RSS = 4957.17 MB, VMS = 15871.90 MB
[UEDRS] [00:00:01] Elapsed
[UEDRS] [00:17:48] Sampling
[UEDRS] [00:19:40] Sampling done, obtained size: 100000
[UEDRS] [00:19:40] Memory Usage: RSS = 5133.85 MB, VMS = 16048.89 MB
[UEDRS] [00:01:52] Elapsed
[UEDRS] [00:19:40] Checking [LENSKIT][BIASED_SVD][ALIBABA][100k]
[UEDRS] [00:19:40] Starting
2026-01-15 13:07:52 [warning  ] loaded pipeline does not match hash
[UEDRS]
[00:20:21]
Exception handled:
'Field "rating" does not exist in schema'
[UEDRS] [00:20:22] Finished (-1)
[UEDRS] [00:20:22] Memory Usage: RSS = 5145.49 MB, VMS = 16059.89 MB
[UEDRS] [00:00:41] Elapsed

[UEDRS] [00:20:22] Memory Usage: RSS = 5145.49 MB, VMS = 16059.89 MB
[UEDRS] [00:20:22] Releasing dataframe from memory
[UEDRS] [00:20:22] Memory Usage: RSS = 5138.49 MB, VMS = 16052.89 MB
[UEDRS] [00:20:22] Dataset: GOODREADS
[UEDRS] [00:20:22] Loading
[UEDRS] [00:20:44] Loading done
[UEDRS] [00:20:44] Memory Usage: RSS = 6537.10 MB, VMS = 16308.89 MB
[UEDRS] [00:00:22] Elapsed
[UEDRS] [00:20:44] Sampling
[UEDRS] [00:21:24] Sampling done, obtained size: 100000
[UEDRS] [00:21:24] Memory Usage: RSS = 6538.45 MB, VMS = 16309.89 MB
[UEDRS] [00:00:39] Elapsed
[UEDRS] [00:21:24] Checking [LENSKIT][BIASED_SVD][GOODREADS][100k]
[UEDRS] [00:21:24] Starting
2026-01-15 13:09:30 [warning  ] loaded pipeline does not match hash
[UEDRS] [00:26:48] Finished (1.9e-05)
[UEDRS] [00:26:48] Memory Usage: RSS = 6484.93 MB, VMS = 16343.89 MB
[UEDRS] [00:05:23] Elapsed

[UEDRS] [00:26:48] Memory Usage: RSS = 6484.93 MB, VMS = 16343.89 MB
[UEDRS] [00:26:48] Releasing dataframe from memory
[UEDRS] [00:26:48] Memory Usage: RSS = 6470.24 MB, VMS = 16328.89 MB
[UEDRS] [00:26:48] Dataset: LASTFM
[UEDRS] [00:26:48] Loading
[UEDRS] [00:26:51] Loading done
[UEDRS] [00:26:51] Memory Usage: RSS = 10420.68 MB, VMS = 20252.89 MB
[UEDRS] [00:00:03] Elapsed
[UEDRS] [00:26:51] Sampling
[UEDRS] [00:27:12] Sampling done, obtained size: 100000
[UEDRS] [00:27:12] Memory Usage: RSS = 10420.68 MB, VMS = 20252.89 MB
[UEDRS] [00:00:20] Elapsed
[UEDRS] [00:27:12] Checking [LENSKIT][BIASED_SVD][LASTFM][100k]
[UEDRS] [00:27:12] Starting
2026-01-15 13:15:07 [warning  ] loaded pipeline does not match hash
[UEDRS] [00:32:10] Finished (0)
[UEDRS] [00:32:10] Memory Usage: RSS = 6362.44 MB, VMS = 16608.89 MB
[UEDRS] [00:04:58] Elapsed

[UEDRS] [00:32:10] Memory Usage: RSS = 6362.44 MB, VMS = 16608.89 MB
[UEDRS] [00:32:10] Releasing dataframe from memory
[UEDRS] [00:32:10] Memory Usage: RSS = 6353.48 MB, VMS = 16599.89 MB
[UEDRS] [00:32:10] Desired size: 250000
[UEDRS] [00:32:10] Dataset: MYANIMELIST
[UEDRS] [00:32:10] Loading
[UEDRS] [00:32:11] Loading done
[UEDRS] [00:32:11] Memory Usage: RSS = 6358.25 MB, VMS = 16598.89 MB
[UEDRS] [00:00:00] Elapsed
[UEDRS] [00:32:11] Sampling
[UEDRS] [00:32:13] Sampling done, obtained size: 250000
[UEDRS] [00:32:13] Memory Usage: RSS = 6357.25 MB, VMS = 16597.89 MB
[UEDRS] [00:00:02] Elapsed
[UEDRS] [00:32:13] Checking [LENSKIT][BIASED_SVD][MYANIMELIST][250k]
[UEDRS] [00:32:13] Starting
2026-01-15 13:20:09 [warning  ] loaded pipeline does not match hash
[UEDRS] [00:36:55] Finished (0.0052)
[UEDRS] [00:36:55] Memory Usage: RSS = 6222.17 MB, VMS = 16613.89 MB
[UEDRS] [00:04:42] Elapsed

[UEDRS] [00:36:55] Memory Usage: RSS = 6222.17 MB, VMS = 16613.89 MB
[UEDRS] [00:36:55] Releasing dataframe from memory
[UEDRS] [00:36:55] Memory Usage: RSS = 6216.59 MB, VMS = 16607.89 MB
[UEDRS] [00:36:55] Dataset: TMALL
[UEDRS] [00:36:55] Loading
[UEDRS] [00:36:56] Loading done
[UEDRS] [00:36:56] Memory Usage: RSS = 3201.73 MB, VMS = 16607.89 MB
[UEDRS] [00:00:00] Elapsed
[UEDRS] [00:36:56] Sampling
[UEDRS] [00:37:17] Sampling done, obtained size: 250000
[UEDRS] [00:37:17] Memory Usage: RSS = 3201.73 MB, VMS = 16607.89 MB
[UEDRS] [00:00:21] Elapsed
[UEDRS] [00:37:17] Checking [LENSKIT][BIASED_SVD][TMALL][250k]
[UEDRS] [00:37:17] Starting
2026-01-15 13:26:16 [warning  ] loaded pipeline does not match hash
[UEDRS] [00:45:24] Finished (1.6e-05)
[UEDRS] [00:45:24] Memory Usage: RSS = 3223.28 MB, VMS = 16645.89 MB
[UEDRS] [00:08:06] Elapsed

[UEDRS] [00:45:24] Memory Usage: RSS = 3223.28 MB, VMS = 16645.89 MB
[UEDRS] [00:45:24] Releasing dataframe from memory
[UEDRS] [00:45:24] Memory Usage: RSS = 3202.40 MB, VMS = 16624.89 MB
[UEDRS] [00:45:24] Dataset: MOVIELENS
[UEDRS] [00:45:24] Loading
[UEDRS] [00:45:24] Loading done
[UEDRS] [00:45:24] Memory Usage: RSS = 3891.38 MB, VMS = 16868.04 MB
[UEDRS] [00:00:00] Elapsed
[UEDRS] [00:45:24] Sampling
[UEDRS] [00:45:32] Sampling done, obtained size: 250000
[UEDRS] [00:45:32] Memory Usage: RSS = 3646.25 MB, VMS = 16622.89 MB
[UEDRS] [00:00:07] Elapsed
[UEDRS] [00:45:32] Checking [LENSKIT][BIASED_SVD][MOVIELENS][250k]
[UEDRS] [00:45:32] Skipping (0.0013)
[UEDRS] [00:45:32] Memory Usage: RSS = 3646.25 MB, VMS = 16622.89 MB
[UEDRS] [00:45:32] Releasing dataframe from memory
[UEDRS] [00:45:32] Memory Usage: RSS = 3645.25 MB, VMS = 16621.89 MB
[UEDRS] [00:45:32] Dataset: MUSIC4ALL
[UEDRS] [00:45:32] Loading
[UEDRS] [00:45:36] Loading done
[UEDRS] [00:45:36] Memory Usage: RSS = 5427.93 MB, VMS = 17385.08 MB
[UEDRS] [00:00:03] Elapsed
[UEDRS] [00:45:36] Sampling
[UEDRS] [00:45:43] Sampling done, obtained size: 250000
[UEDRS] [00:45:43] Memory Usage: RSS = 4664.74 MB, VMS = 16621.89 MB
[UEDRS] [00:00:07] Elapsed
[UEDRS] [00:45:43] Checking [LENSKIT][BIASED_SVD][MUSIC4ALL][250k]
[UEDRS] [00:45:43] Skipping (8.7e-05)
[UEDRS] [00:45:43] Memory Usage: RSS = 4664.74 MB, VMS = 16621.89 MB
[UEDRS] [00:45:43] Releasing dataframe from memory
[UEDRS] [00:45:43] Memory Usage: RSS = 4664.74 MB, VMS = 16621.89 MB
[UEDRS] [00:45:43] Dataset: NETFLIX
[UEDRS] [00:45:43] Loading
[UEDRS] [00:45:44] Loading done
[UEDRS] [00:45:44] Memory Usage: RSS = 5830.54 MB, VMS = 17388.50 MB
[UEDRS] [00:00:01] Elapsed
[UEDRS] [00:45:44] Sampling
[UEDRS] [00:46:14] Sampling done, obtained size: 250000
[UEDRS] [00:46:14] Memory Usage: RSS = 5063.93 MB, VMS = 16621.89 MB
[UEDRS] [00:00:30] Elapsed
[UEDRS] [00:46:14] Checking [LENSKIT][BIASED_SVD][NETFLIX][250k]
[UEDRS] [00:46:14] Skipping (0.00039)
[UEDRS] [00:46:14] Memory Usage: RSS = 5063.93 MB, VMS = 16621.89 MB
[UEDRS] [00:46:14] Releasing dataframe from memory
[UEDRS] [00:46:15] Memory Usage: RSS = 5063.93 MB, VMS = 16621.89 MB
[UEDRS] [00:46:15] Dataset: YAHOO
[UEDRS] [00:46:15] Loading
[UEDRS] [00:46:16] Loading done
[UEDRS] [00:46:16] Memory Usage: RSS = 5735.03 MB, VMS = 16621.89 MB
[UEDRS] [00:00:01] Elapsed
[UEDRS] [00:46:16] Sampling
[UEDRS] [00:47:16] Sampling done, obtained size: 250000
[UEDRS] [00:47:16] Memory Usage: RSS = 5736.71 MB, VMS = 16622.89 MB
[UEDRS] [00:01:00] Elapsed
[UEDRS] [00:47:16] Checking [LENSKIT][BIASED_SVD][YAHOO][250k]
[UEDRS] [00:47:16] Starting
2026-01-15 13:36:40 [warning  ] loaded pipeline does not match hash
[UEDRS] [00:54:48] Finished (2.1e-05)
[UEDRS] [00:54:48] Memory Usage: RSS = 5701.32 MB, VMS = 16651.89 MB
[UEDRS] [00:07:31] Elapsed

[UEDRS] [00:54:48] Memory Usage: RSS = 5701.32 MB, VMS = 16651.89 MB
[UEDRS] [00:54:48] Releasing dataframe from memory
[UEDRS] [00:54:48] Memory Usage: RSS = 5681.45 MB, VMS = 16631.89 MB
[UEDRS] [00:54:48] Dataset: ALIBABA
[UEDRS] [00:54:48] Loading
[UEDRS] [00:54:50] Loading done
[UEDRS] [00:54:50] Memory Usage: RSS = 6281.98 MB, VMS = 16631.89 MB
[UEDRS] [00:00:01] Elapsed
[UEDRS] [00:54:50] Sampling
[UEDRS] [00:56:44] Sampling done, obtained size: 250000
[UEDRS] [00:56:44] Memory Usage: RSS = 6281.54 MB, VMS = 16630.89 MB
[UEDRS] [00:01:54] Elapsed
[UEDRS] [00:56:44] Checking [LENSKIT][BIASED_SVD][ALIBABA][250k]
[UEDRS] [00:56:44] Starting
2026-01-15 13:46:45 [warning  ] loaded pipeline does not match hash
[UEDRS]
[00:59:14]
Exception handled:
'Field "rating" does not exist in schema'
[UEDRS] [00:59:15] Finished (-1)
[UEDRS] [00:59:15] Memory Usage: RSS = 6300.89 MB, VMS = 16640.89 MB
[UEDRS] [00:02:30] Elapsed

[UEDRS] [00:59:15] Memory Usage: RSS = 6300.89 MB, VMS = 16640.89 MB
[UEDRS] [00:59:15] Releasing dataframe from memory
[UEDRS] [00:59:15] Memory Usage: RSS = 6293.90 MB, VMS = 16633.89 MB
[UEDRS] [00:59:15] Dataset: GOODREADS
[UEDRS] [00:59:15] Loading
[UEDRS] [00:59:17] Loading done
[UEDRS] [00:59:17] Memory Usage: RSS = 7023.57 MB, VMS = 16633.89 MB
[UEDRS] [00:00:01] Elapsed
[UEDRS] [00:59:17] Sampling
[UEDRS] [00:59:54] Sampling done, obtained size: 250000
[UEDRS] [00:59:54] Memory Usage: RSS = 7024.16 MB, VMS = 16633.89 MB
[UEDRS] [00:00:37] Elapsed
[UEDRS] [00:59:54] Checking [LENSKIT][BIASED_SVD][GOODREADS][250k]
[UEDRS] [00:59:54] Starting
2026-01-15 13:49:04 [warning  ] loaded pipeline does not match hash
[UEDRS] [01:07:57] Finished (8.6e-05)
[UEDRS] [01:07:57] Memory Usage: RSS = 6936.89 MB, VMS = 16648.41 MB
[UEDRS] [00:08:03] Elapsed

[UEDRS] [01:07:57] Memory Usage: RSS = 6936.89 MB, VMS = 16648.41 MB
[UEDRS] [01:07:57] Releasing dataframe from memory
[UEDRS] [01:07:57] Memory Usage: RSS = 6918.99 MB, VMS = 16630.41 MB
[UEDRS] [01:07:57] Dataset: LASTFM
[UEDRS] [01:07:57] Loading
[UEDRS] [01:08:01] Loading done
[UEDRS] [01:08:01] Memory Usage: RSS = 12831.47 MB, VMS = 20681.41 MB
[UEDRS] [00:00:03] Elapsed
[UEDRS] [01:08:01] Sampling
[UEDRS] [01:11:54] Sampling done, obtained size: 250000
[UEDRS] [01:11:54] Memory Usage: RSS = 12837.52 MB, VMS = 20681.41 MB
[UEDRS] [00:03:53] Elapsed
[UEDRS] [01:11:54] Checking [LENSKIT][BIASED_SVD][LASTFM][250k]
[UEDRS] [01:11:54] Starting
2026-01-15 14:00:03 [warning  ] loaded pipeline does not match hash
[UEDRS] [01:18:08] Finished (0)
[UEDRS] [01:18:08] Memory Usage: RSS = 8900.27 MB, VMS = 17026.41 MB
[UEDRS] [00:06:14] Elapsed

[UEDRS] [01:18:08] Memory Usage: RSS = 8900.27 MB, VMS = 17026.41 MB
[UEDRS] [01:18:08] Releasing dataframe from memory
[UEDRS] [01:18:09] Memory Usage: RSS = 8895.07 MB, VMS = 17020.41 MB
[UEDRS] [01:18:09] Desired size: 500000
[UEDRS] [01:18:09] Dataset: MYANIMELIST
[UEDRS] [01:18:09] Loading
[UEDRS] [01:18:09] Loading done
[UEDRS] [01:18:09] Memory Usage: RSS = 8760.06 MB, VMS = 17020.41 MB
[UEDRS] [00:00:00] Elapsed
[UEDRS] [01:18:09] Sampling
[UEDRS] [01:18:11] Sampling done, obtained size: 500000
[UEDRS] [01:18:11] Memory Usage: RSS = 8760.06 MB, VMS = 17020.41 MB
[UEDRS] [00:00:02] Elapsed
[UEDRS] [01:18:11] Checking [LENSKIT][BIASED_SVD][MYANIMELIST][500k]
[UEDRS] [01:18:11] Starting
2026-01-15 14:06:12 [warning  ] loaded pipeline does not match hash
[UEDRS] [01:23:07] Finished (0.007)
[UEDRS] [01:23:07] Memory Usage: RSS = 8746.84 MB, VMS = 17014.41 MB
[UEDRS] [00:04:55] Elapsed

[UEDRS] [01:23:07] Memory Usage: RSS = 8746.84 MB, VMS = 17014.41 MB
[UEDRS] [01:23:07] Releasing dataframe from memory
[UEDRS] [01:23:07] Memory Usage: RSS = 8739.95 MB, VMS = 17007.41 MB
[UEDRS] [01:23:07] Dataset: TMALL
[UEDRS] [01:23:07] Loading
[UEDRS] [01:23:07] Loading done
[UEDRS] [01:23:07] Memory Usage: RSS = 8814.29 MB, VMS = 17007.41 MB
[UEDRS] [00:00:00] Elapsed
[UEDRS] [01:23:07] Sampling
[UEDRS] [01:23:30] Sampling done, obtained size: 500000
[UEDRS] [01:23:30] Memory Usage: RSS = 8813.29 MB, VMS = 17006.41 MB
[UEDRS] [00:00:22] Elapsed
[UEDRS] [01:23:30] Checking [LENSKIT][BIASED_SVD][TMALL][500k]
[UEDRS] [01:23:30] Starting
2026-01-15 14:13:42 [warning  ] loaded pipeline does not match hash
[UEDRS] [01:36:35] Finished (1.6e-05)
[UEDRS] [01:36:35] Memory Usage: RSS = 8902.04 MB, VMS = 17084.80 MB
[UEDRS] [00:13:04] Elapsed

[UEDRS] [01:36:35] Memory Usage: RSS = 8902.04 MB, VMS = 17084.80 MB
[UEDRS] [01:36:35] Releasing dataframe from memory
[UEDRS] [01:36:35] Memory Usage: RSS = 8874.18 MB, VMS = 17056.80 MB
[UEDRS] [01:36:35] Dataset: MOVIELENS
[UEDRS] [01:36:35] Loading
[UEDRS] [01:36:35] Loading done
[UEDRS] [01:36:35] Memory Usage: RSS = 9171.38 MB, VMS = 17299.95 MB
[UEDRS] [00:00:00] Elapsed
[UEDRS] [01:36:35] Sampling
[UEDRS] [01:36:43] Sampling done, obtained size: 500000
[UEDRS] [01:36:43] Memory Usage: RSS = 8927.34 MB, VMS = 17055.80 MB
[UEDRS] [00:00:07] Elapsed
[UEDRS] [01:36:43] Checking [LENSKIT][BIASED_SVD][MOVIELENS][500k]
[UEDRS] [01:36:43] Skipping (0.0026)
[UEDRS] [01:36:43] Memory Usage: RSS = 8927.34 MB, VMS = 17055.80 MB
[UEDRS] [01:36:43] Releasing dataframe from memory
[UEDRS] [01:36:43] Memory Usage: RSS = 8926.34 MB, VMS = 17054.80 MB
[UEDRS] [01:36:43] Dataset: MUSIC4ALL
[UEDRS] [01:36:43] Loading
[UEDRS] [01:36:49] Loading done
[UEDRS] [01:36:49] Memory Usage: RSS = 9617.66 MB, VMS = 17817.99 MB
[UEDRS] [00:00:05] Elapsed
[UEDRS] [01:36:49] Sampling
[UEDRS] [01:36:56] Sampling done, obtained size: 500000
[UEDRS] [01:36:56] Memory Usage: RSS = 8858.20 MB, VMS = 17054.80 MB
[UEDRS] [00:00:07] Elapsed
[UEDRS] [01:36:56] Checking [LENSKIT][BIASED_SVD][MUSIC4ALL][500k]
[UEDRS] [01:36:56] Skipping (0.00011)
[UEDRS] [01:36:56] Memory Usage: RSS = 8858.20 MB, VMS = 17054.80 MB
[UEDRS] [01:36:56] Releasing dataframe from memory
[UEDRS] [01:36:57] Memory Usage: RSS = 8858.20 MB, VMS = 17054.80 MB
[UEDRS] [01:36:57] Dataset: NETFLIX
[UEDRS] [01:36:57] Loading
[UEDRS] [01:36:58] Loading done
[UEDRS] [01:36:58] Memory Usage: RSS = 9600.18 MB, VMS = 17821.41 MB
[UEDRS] [00:00:01] Elapsed
[UEDRS] [01:36:58] Sampling
[UEDRS] [01:37:31] Sampling done, obtained size: 500000
[UEDRS] [01:37:31] Memory Usage: RSS = 8835.66 MB, VMS = 17054.80 MB
[UEDRS] [00:00:32] Elapsed
[UEDRS] [01:37:31] Checking [LENSKIT][BIASED_SVD][NETFLIX][500k]
[UEDRS] [01:37:31] Skipping (0.00095)
[UEDRS] [01:37:31] Memory Usage: RSS = 8835.66 MB, VMS = 17054.80 MB
[UEDRS] [01:37:31] Releasing dataframe from memory
[UEDRS] [01:37:31] Memory Usage: RSS = 8835.66 MB, VMS = 17054.80 MB
[UEDRS] [01:37:31] Dataset: YAHOO
[UEDRS] [01:37:31] Loading
[UEDRS] [01:37:32] Loading done
[UEDRS] [01:37:32] Memory Usage: RSS = 8865.12 MB, VMS = 17054.80 MB
[UEDRS] [00:00:01] Elapsed
[UEDRS] [01:37:32] Sampling
[UEDRS] [01:38:33] Sampling done, obtained size: 500000
[UEDRS] [01:38:33] Memory Usage: RSS = 8872.67 MB, VMS = 17055.80 MB
[UEDRS] [00:01:01] Elapsed
[UEDRS] [01:38:33] Checking [LENSKIT][BIASED_SVD][YAHOO][500k]
[UEDRS] [01:38:33] Starting
2026-01-15 14:30:49 [warning  ] loaded pipeline does not match hash
[UEDRS] [01:50:43] Finished (6.7e-05)
[UEDRS] [01:50:43] Memory Usage: RSS = 8874.27 MB, VMS = 17173.86 MB
[UEDRS] [00:12:09] Elapsed

[UEDRS] [01:50:43] Memory Usage: RSS = 8874.27 MB, VMS = 17173.86 MB
[UEDRS] [01:50:43] Releasing dataframe from memory
[UEDRS] [01:50:43] Memory Usage: RSS = 8843.75 MB, VMS = 17142.86 MB
[UEDRS] [01:50:43] Dataset: ALIBABA
[UEDRS] [01:50:43] Loading
[UEDRS] [01:50:44] Loading done
[UEDRS] [01:50:44] Memory Usage: RSS = 8951.86 MB, VMS = 17140.86 MB
[UEDRS] [00:00:01] Elapsed
[UEDRS] [01:50:44] Sampling
[UEDRS] [01:52:36] Sampling done, obtained size: 500000
[UEDRS] [01:52:36] Memory Usage: RSS = 8950.15 MB, VMS = 17139.86 MB
[UEDRS] [00:01:51] Elapsed
[UEDRS] [01:52:36] Checking [LENSKIT][BIASED_SVD][ALIBABA][500k]
[UEDRS] [01:52:36] Starting
2026-01-15 14:47:45 [warning  ] loaded pipeline does not match hash
[UEDRS]
[02:00:14]
Exception handled:
'Field "rating" does not exist in schema'
[UEDRS] [02:00:15] Finished (-1)
[UEDRS] [02:00:15] Memory Usage: RSS = 8884.62 MB, VMS = 17169.36 MB
[UEDRS] [00:07:38] Elapsed

[UEDRS] [02:00:15] Memory Usage: RSS = 8884.62 MB, VMS = 17169.36 MB
[UEDRS] [02:00:15] Releasing dataframe from memory
[UEDRS] [02:00:15] Memory Usage: RSS = 8874.66 MB, VMS = 17159.36 MB
[UEDRS] [02:00:15] Dataset: GOODREADS
[UEDRS] [02:00:15] Loading
[UEDRS] [02:00:17] Loading done
[UEDRS] [02:00:17] Memory Usage: RSS = 9004.60 MB, VMS = 17159.36 MB
[UEDRS] [00:00:01] Elapsed
[UEDRS] [02:00:17] Sampling
[UEDRS] [02:00:54] Sampling done, obtained size: 500000
[UEDRS] [02:00:54] Memory Usage: RSS = 9005.05 MB, VMS = 17159.36 MB
[UEDRS] [00:00:37] Elapsed
[UEDRS] [02:00:54] Checking [LENSKIT][BIASED_SVD][GOODREADS][500k]
[UEDRS] [02:00:54] Starting
2026-01-15 14:51:53 [warning  ] loaded pipeline does not match hash
[UEDRS] [02:13:56] Finished (0.0002)
[UEDRS] [02:13:56] Memory Usage: RSS = 8938.93 MB, VMS = 17195.36 MB
[UEDRS] [00:13:01] Elapsed

[UEDRS] [02:13:56] Memory Usage: RSS = 8938.93 MB, VMS = 17195.36 MB
[UEDRS] [02:13:56] Releasing dataframe from memory
[UEDRS] [02:13:56] Memory Usage: RSS = 8906.21 MB, VMS = 17162.36 MB
[UEDRS] [02:13:56] Dataset: LASTFM
[UEDRS] [02:13:56] Loading
[UEDRS] [02:13:59] Loading done
[UEDRS] [02:13:59] Memory Usage: RSS = 12956.64 MB, VMS = 20829.36 MB
[UEDRS] [00:00:03] Elapsed
[UEDRS] [02:13:59] Sampling
[UEDRS] [02:14:25] Sampling done, obtained size: 500000
[UEDRS] [02:14:25] Memory Usage: RSS = 12956.64 MB, VMS = 20829.36 MB
[UEDRS] [00:00:25] Elapsed
[UEDRS] [02:14:25] Checking [LENSKIT][BIASED_SVD][LASTFM][500k]
[UEDRS] [02:14:25] Starting
2026-01-15 15:02:44 [warning  ] loaded pipeline does not match hash
[UEDRS] [02:22:10] Finished (4.2e-06)
[UEDRS] [02:22:10] Memory Usage: RSS = 9103.18 MB, VMS = 17175.36 MB
[UEDRS] [00:07:45] Elapsed

[UEDRS] [02:22:10] Memory Usage: RSS = 9103.18 MB, VMS = 17175.36 MB
[UEDRS] [02:22:10] Releasing dataframe from memory
[UEDRS] [02:22:10] Memory Usage: RSS = 9094.98 MB, VMS = 17166.36 MB
[UEDRS] [02:22:10] Desired size: 750000
[UEDRS] [02:22:10] Dataset: MYANIMELIST
[UEDRS] [02:22:10] Loading
[UEDRS] [02:22:10] Loading done
[UEDRS] [02:22:10] Memory Usage: RSS = 8981.34 MB, VMS = 17165.36 MB
[UEDRS] [00:00:00] Elapsed
[UEDRS] [02:22:10] Sampling
[UEDRS] [02:22:13] Sampling done, obtained size: 750000
[UEDRS] [02:22:13] Memory Usage: RSS = 8980.34 MB, VMS = 17164.36 MB
[UEDRS] [00:00:02] Elapsed
[UEDRS] [02:22:13] Checking [LENSKIT][BIASED_SVD][MYANIMELIST][750k]
[UEDRS] [02:22:13] Starting
2026-01-15 15:10:15 [warning  ] loaded pipeline does not match hash
[UEDRS] [02:27:10] Finished (0.01)
[UEDRS] [02:27:10] Memory Usage: RSS = 8822.50 MB, VMS = 17154.36 MB
[UEDRS] [00:04:56] Elapsed

[UEDRS] [02:27:10] Memory Usage: RSS = 8822.50 MB, VMS = 17154.36 MB
[UEDRS] [02:27:10] Releasing dataframe from memory
[UEDRS] [02:27:10] Memory Usage: RSS = 8819.54 MB, VMS = 17151.36 MB
[UEDRS] [02:27:10] Dataset: TMALL
[UEDRS] [02:27:10] Loading
[UEDRS] [02:27:10] Loading done
[UEDRS] [02:27:10] Memory Usage: RSS = 8874.13 MB, VMS = 17150.36 MB
[UEDRS] [00:00:00] Elapsed
[UEDRS] [02:27:10] Sampling
[UEDRS] [02:27:33] Sampling done, obtained size: 750000
[UEDRS] [02:27:33] Memory Usage: RSS = 8874.14 MB, VMS = 17150.36 MB
[UEDRS] [00:00:22] Elapsed
[UEDRS] [02:27:33] Checking [LENSKIT][BIASED_SVD][TMALL][750k]
[UEDRS] [02:27:33] Starting
2026-01-15 15:18:47 [warning  ] loaded pipeline does not match hash
[UEDRS] [02:44:13] Finished (2.6e-05)
[UEDRS] [02:44:13] Memory Usage: RSS = 8926.53 MB, VMS = 17222.32 MB
[UEDRS] [00:16:40] Elapsed

[UEDRS] [02:44:13] Memory Usage: RSS = 8926.53 MB, VMS = 17222.32 MB
[UEDRS] [02:44:13] Releasing dataframe from memory
[UEDRS] [02:44:14] Memory Usage: RSS = 8899.15 MB, VMS = 17194.32 MB
[UEDRS] [02:44:14] Dataset: MOVIELENS
[UEDRS] [02:44:14] Loading
[UEDRS] [02:44:15] Loading done
[UEDRS] [02:44:15] Memory Usage: RSS = 9216.78 MB, VMS = 17438.47 MB
[UEDRS] [00:00:01] Elapsed
[UEDRS] [02:44:15] Sampling
[UEDRS] [02:44:23] Sampling done, obtained size: 750000
[UEDRS] [02:44:23] Memory Usage: RSS = 8901.79 MB, VMS = 17123.20 MB
[UEDRS] [00:00:08] Elapsed
[UEDRS] [02:44:23] Checking [LENSKIT][BIASED_SVD][MOVIELENS][750k]
[UEDRS] [02:44:23] Skipping (0.0037)
[UEDRS] [02:44:23] Memory Usage: RSS = 8901.79 MB, VMS = 17123.20 MB
[UEDRS] [02:44:23] Releasing dataframe from memory
[UEDRS] [02:44:23] Memory Usage: RSS = 8899.79 MB, VMS = 17121.20 MB
[UEDRS] [02:44:23] Dataset: MUSIC4ALL
[UEDRS] [02:44:23] Loading
[UEDRS] [02:44:27] Loading done
[UEDRS] [02:44:27] Memory Usage: RSS = 9660.41 MB, VMS = 17884.39 MB
[UEDRS] [00:00:03] Elapsed
[UEDRS] [02:44:27] Sampling
[UEDRS] [02:44:34] Sampling done, obtained size: 750000
[UEDRS] [02:44:34] Memory Usage: RSS = 8897.22 MB, VMS = 17121.20 MB
[UEDRS] [00:00:07] Elapsed
[UEDRS] [02:44:34] Checking [LENSKIT][BIASED_SVD][MUSIC4ALL][750k]
[UEDRS] [02:44:34] Skipping (0.00011)
[UEDRS] [02:44:34] Memory Usage: RSS = 8897.22 MB, VMS = 17121.20 MB
[UEDRS] [02:44:34] Releasing dataframe from memory
[UEDRS] [02:44:35] Memory Usage: RSS = 8897.22 MB, VMS = 17121.20 MB
[UEDRS] [02:44:35] Dataset: NETFLIX
[UEDRS] [02:44:35] Loading
[UEDRS] [02:44:36] Loading done
[UEDRS] [02:44:36] Memory Usage: RSS = 9632.61 MB, VMS = 17886.81 MB
[UEDRS] [00:00:01] Elapsed
[UEDRS] [02:44:36] Sampling
[UEDRS] [02:45:08] Sampling done, obtained size: 750000
[UEDRS] [02:45:08] Memory Usage: RSS = 8866.00 MB, VMS = 17120.20 MB
[UEDRS] [00:00:32] Elapsed
[UEDRS] [02:45:08] Checking [LENSKIT][BIASED_SVD][NETFLIX][750k]
[UEDRS] [02:45:08] Skipping (0.0015)
[UEDRS] [02:45:08] Memory Usage: RSS = 8866.00 MB, VMS = 17120.20 MB
[UEDRS] [02:45:08] Releasing dataframe from memory
[UEDRS] [02:45:08] Memory Usage: RSS = 8866.00 MB, VMS = 17120.20 MB
[UEDRS] [02:45:08] Dataset: YAHOO
[UEDRS] [02:45:08] Loading
[UEDRS] [02:45:09] Loading done
[UEDRS] [02:45:09] Memory Usage: RSS = 8869.47 MB, VMS = 17120.20 MB
[UEDRS] [00:00:01] Elapsed
[UEDRS] [02:45:09] Sampling
[UEDRS] [02:46:11] Sampling done, obtained size: 750000
[UEDRS] [02:46:11] Memory Usage: RSS = 8868.81 MB, VMS = 17120.20 MB
[UEDRS] [00:01:01] Elapsed
[UEDRS] [02:46:11] Checking [LENSKIT][BIASED_SVD][YAHOO][750k]
[UEDRS] [02:46:11] Starting
2026-01-15 15:41:51 [warning  ] loaded pipeline does not match hash
[UEDRS] [03:03:04] Finished (6.3e-05)
[UEDRS] [03:03:04] Memory Usage: RSS = 8887.95 MB, VMS = 17224.90 MB
[UEDRS] [00:16:52] Elapsed

[UEDRS] [03:03:04] Memory Usage: RSS = 8887.95 MB, VMS = 17224.90 MB
[UEDRS] [03:03:04] Releasing dataframe from memory
[UEDRS] [03:03:04] Memory Usage: RSS = 8845.62 MB, VMS = 17181.90 MB
[UEDRS] [03:03:04] Dataset: ALIBABA
[UEDRS] [03:03:04] Loading
[UEDRS] [03:03:14] Loading done
[UEDRS] [03:03:14] Memory Usage: RSS = 9014.94 MB, VMS = 17180.90 MB
[UEDRS] [00:00:10] Elapsed
[UEDRS] [03:03:14] Sampling
[UEDRS] [03:05:07] Sampling done, obtained size: 750000
[UEDRS] [03:05:07] Memory Usage: RSS = 9015.77 MB, VMS = 17181.90 MB
[UEDRS] [00:01:53] Elapsed
[UEDRS] [03:05:07] Checking [LENSKIT][BIASED_SVD][ALIBABA][750k]
[UEDRS] [03:05:07] Starting
2026-01-15 16:08:00 [warning  ] loaded pipeline does not match hash
[UEDRS]
[03:20:29]
Exception handled:
'Field "rating" does not exist in schema'
[UEDRS] [03:20:30] Finished (-1)
[UEDRS] [03:20:30] Memory Usage: RSS = 8996.21 MB, VMS = 17306.82 MB
[UEDRS] [00:15:22] Elapsed

[UEDRS] [03:20:30] Memory Usage: RSS = 8996.21 MB, VMS = 17306.82 MB
[UEDRS] [03:20:30] Releasing dataframe from memory
[UEDRS] [03:20:30] Memory Usage: RSS = 8986.30 MB, VMS = 17296.82 MB
[UEDRS] [03:20:30] Dataset: GOODREADS
[UEDRS] [03:20:30] Loading
[UEDRS] [03:20:50] Loading done
[UEDRS] [03:20:50] Memory Usage: RSS = 9191.41 MB, VMS = 17294.82 MB
[UEDRS] [00:00:20] Elapsed
[UEDRS] [03:20:50] Sampling
[UEDRS] [03:21:28] Sampling done, obtained size: 750000
[UEDRS] [03:21:28] Memory Usage: RSS = 9191.60 MB, VMS = 17294.82 MB
[UEDRS] [00:00:37] Elapsed
[UEDRS] [03:21:28] Checking [LENSKIT][BIASED_SVD][GOODREADS][750k]
[UEDRS] [03:21:28] Starting
2026-01-15 16:14:07 [warning  ] loaded pipeline does not match hash
[UEDRS] [03:39:17] Finished (0.00042)
[UEDRS] [03:39:17] Memory Usage: RSS = 9107.70 MB, VMS = 17346.54 MB
[UEDRS] [00:17:49] Elapsed

[UEDRS] [03:39:17] Memory Usage: RSS = 9107.70 MB, VMS = 17346.54 MB
[UEDRS] [03:39:17] Releasing dataframe from memory
[UEDRS] [03:39:17] Memory Usage: RSS = 9072.95 MB, VMS = 17311.54 MB
[UEDRS] [03:39:17] Dataset: LASTFM
[UEDRS] [03:39:17] Loading
[UEDRS] [03:39:35] Loading done
[UEDRS] [03:39:35] Memory Usage: RSS = 13027.24 MB, VMS = 20816.20 MB
[UEDRS] [00:00:18] Elapsed
[UEDRS] [03:39:35] Sampling
[UEDRS] [03:39:55] Sampling done, obtained size: 750000
[UEDRS] [03:39:55] Memory Usage: RSS = 13027.24 MB, VMS = 20816.20 MB
[UEDRS] [00:00:20] Elapsed
[UEDRS] [03:39:55] Checking [LENSKIT][BIASED_SVD][LASTFM][750k]
[UEDRS] [03:39:55] Starting
2026-01-15 16:28:21 [warning  ] loaded pipeline does not match hash
[UEDRS] [03:49:04] Finished (1.1e-05)
[UEDRS] [03:49:04] Memory Usage: RSS = 6202.82 MB, VMS = 17161.20 MB
[UEDRS] [00:09:09] Elapsed

[UEDRS] [03:49:04] Memory Usage: RSS = 6202.82 MB, VMS = 17161.20 MB
[UEDRS] [03:49:04] Releasing dataframe from memory
[UEDRS] [03:49:04] Memory Usage: RSS = 6195.76 MB, VMS = 17153.20 MB
[UEDRS] [03:49:04] Desired size: 1000000
[UEDRS] [03:49:04] Dataset: MYANIMELIST
[UEDRS] [03:49:04] Loading
[UEDRS] [03:49:05] Loading done
[UEDRS] [03:49:05] Memory Usage: RSS = 6256.37 MB, VMS = 17152.20 MB
[UEDRS] [00:00:00] Elapsed
[UEDRS] [03:49:05] Sampling
[UEDRS] [03:49:07] Sampling done, obtained size: 1000000
[UEDRS] [03:49:07] Memory Usage: RSS = 6256.37 MB, VMS = 17152.20 MB
[UEDRS] [00:00:02] Elapsed
[UEDRS] [03:49:07] Checking [LENSKIT][BIASED_SVD][MYANIMELIST][1m]
[UEDRS] [03:49:07] Starting
2026-01-15 16:37:11 [warning  ] loaded pipeline does not match hash
[UEDRS] [03:54:12] Finished (-1)
[UEDRS] [03:54:12] Memory Usage: RSS = 6220.33 MB, VMS = 17162.20 MB
[UEDRS] [00:05:04] Elapsed

[UEDRS] [03:54:12] Memory Usage: RSS = 6220.33 MB, VMS = 17162.20 MB
[UEDRS] [03:54:12] Releasing dataframe from memory
[UEDRS] [03:54:12] Memory Usage: RSS = 6219.34 MB, VMS = 17161.20 MB
[UEDRS] [03:54:12] Dataset: TMALL
[UEDRS] [03:54:12] Loading
[UEDRS] [03:54:12] Loading done
[UEDRS] [03:54:12] Memory Usage: RSS = 6394.55 MB, VMS = 17160.20 MB
[UEDRS] [00:00:00] Elapsed
[UEDRS] [03:54:12] Sampling
[UEDRS] [03:54:34] Sampling done, obtained size: 1000000
[UEDRS] [03:54:34] Memory Usage: RSS = 6394.56 MB, VMS = 17160.20 MB
[UEDRS] [00:00:21] Elapsed
[UEDRS] [03:54:34] Checking [LENSKIT][BIASED_SVD][TMALL][1m]
[UEDRS] [03:54:34] Starting
2026-01-15 16:46:33 [warning  ] loaded pipeline does not match hash
[UEDRS] [04:15:02] Finished (3.8e-05)
[UEDRS] [04:15:02] Memory Usage: RSS = 6373.15 MB, VMS = 17184.69 MB
[UEDRS] [00:20:28] Elapsed

[UEDRS] [04:15:02] Memory Usage: RSS = 6373.15 MB, VMS = 17184.69 MB
[UEDRS] [04:15:02] Releasing dataframe from memory
[UEDRS] [04:15:02] Memory Usage: RSS = 6343.26 MB, VMS = 17154.69 MB
[UEDRS] [04:15:02] Dataset: MOVIELENS
[UEDRS] [04:15:02] Loading
[UEDRS] [04:15:03] Loading done
[UEDRS] [04:15:03] Memory Usage: RSS = 6806.92 MB, VMS = 17398.84 MB
[UEDRS] [00:00:00] Elapsed
[UEDRS] [04:15:03] Sampling
[UEDRS] [04:15:11] Sampling done, obtained size: 1000000
[UEDRS] [04:15:11] Memory Usage: RSS = 6561.77 MB, VMS = 17153.69 MB
[UEDRS] [00:00:08] Elapsed
[UEDRS] [04:15:11] Checking [LENSKIT][BIASED_SVD][MOVIELENS][1m]
[UEDRS] [04:15:11] Skipping (0.0039)
[UEDRS] [04:15:11] Memory Usage: RSS = 6561.77 MB, VMS = 17153.69 MB
[UEDRS] [04:15:11] Releasing dataframe from memory
[UEDRS] [04:15:11] Memory Usage: RSS = 6560.77 MB, VMS = 17152.69 MB
[UEDRS] [04:15:11] Dataset: MUSIC4ALL
[UEDRS] [04:15:11] Loading
[UEDRS] [04:15:15] Loading done
[UEDRS] [04:15:15] Memory Usage: RSS = 7950.34 MB, VMS = 17915.88 MB
[UEDRS] [00:00:03] Elapsed
[UEDRS] [04:15:15] Sampling
[UEDRS] [04:15:22] Sampling done, obtained size: 1000000
[UEDRS] [04:15:22] Memory Usage: RSS = 7187.16 MB, VMS = 17152.69 MB
[UEDRS] [00:00:07] Elapsed
[UEDRS] [04:15:22] Checking [LENSKIT][BIASED_SVD][MUSIC4ALL][1m]
[UEDRS] [04:15:22] Skipping (8.5e-05)
[UEDRS] [04:15:22] Memory Usage: RSS = 7187.16 MB, VMS = 17152.69 MB
[UEDRS] [04:15:22] Releasing dataframe from memory
[UEDRS] [04:15:22] Memory Usage: RSS = 7187.16 MB, VMS = 17152.69 MB
[UEDRS] [04:15:22] Dataset: NETFLIX
[UEDRS] [04:15:22] Loading
[UEDRS] [04:15:23] Loading done
[UEDRS] [04:15:23] Memory Usage: RSS = 8022.48 MB, VMS = 17919.30 MB
[UEDRS] [00:00:01] Elapsed
[UEDRS] [04:15:23] Sampling
[UEDRS] [04:15:53] Sampling done, obtained size: 1000000
[UEDRS] [04:15:53] Memory Usage: RSS = 7255.89 MB, VMS = 17152.69 MB
[UEDRS] [00:00:30] Elapsed
[UEDRS] [04:15:53] Checking [LENSKIT][BIASED_SVD][NETFLIX][1m]
[UEDRS] [04:15:53] Skipping (0.002)
[UEDRS] [04:15:53] Memory Usage: RSS = 7255.89 MB, VMS = 17152.69 MB
[UEDRS] [04:15:53] Releasing dataframe from memory
[UEDRS] [04:15:54] Memory Usage: RSS = 7255.89 MB, VMS = 17152.69 MB
[UEDRS] [04:15:54] Dataset: YAHOO
[UEDRS] [04:15:54] Loading
[UEDRS] [04:15:55] Loading done
[UEDRS] [04:15:55] Memory Usage: RSS = 7463.21 MB, VMS = 17152.69 MB
[UEDRS] [00:00:01] Elapsed
[UEDRS] [04:15:55] Sampling
[UEDRS] [04:16:56] Sampling done, obtained size: 1000000
[UEDRS] [04:16:56] Memory Usage: RSS = 7466.15 MB, VMS = 17152.69 MB
[UEDRS] [00:01:01] Elapsed
[UEDRS] [04:16:56] Checking [LENSKIT][BIASED_SVD][YAHOO][1m]
[UEDRS] [04:16:56] Starting
2026-01-15 17:16:10 [warning  ] loaded pipeline does not match hash
[UEDRS] [04:38:26] Finished (0.00012)
[UEDRS] [04:38:26] Memory Usage: RSS = 7688.36 MB, VMS = 17446.60 MB
[UEDRS] [00:21:29] Elapsed

[UEDRS] [04:38:26] Memory Usage: RSS = 7688.36 MB, VMS = 17446.60 MB
[UEDRS] [04:38:26] Releasing dataframe from memory
[UEDRS] [04:38:26] Memory Usage: RSS = 7634.73 MB, VMS = 17392.60 MB
[UEDRS] [04:38:26] Dataset: ALIBABA
[UEDRS] [04:38:26] Loading
[UEDRS] [04:38:27] Loading done
[UEDRS] [04:38:27] Memory Usage: RSS = 7888.90 MB, VMS = 17391.60 MB
[UEDRS] [00:00:01] Elapsed
[UEDRS] [04:38:27] Sampling
[UEDRS] [04:40:23] Sampling done, obtained size: 1000000
[UEDRS] [04:40:23] Memory Usage: RSS = 7886.92 MB, VMS = 17389.60 MB
[UEDRS] [00:01:55] Elapsed
[UEDRS] [04:40:23] Checking [LENSKIT][BIASED_SVD][ALIBABA][1m]
[UEDRS] [04:40:23] Starting
2026-01-15 17:54:10 [warning  ] loaded pipeline does not match hash
[UEDRS]
[05:06:39]
Exception handled:
'Field "rating" does not exist in schema'
[UEDRS] [05:06:40] Finished (-1)
[UEDRS] [05:06:40] Memory Usage: RSS = 7914.90 MB, VMS = 17554.21 MB
[UEDRS] [00:26:17] Elapsed

[UEDRS] [05:06:40] Memory Usage: RSS = 7914.90 MB, VMS = 17554.21 MB
[UEDRS] [05:06:40] Releasing dataframe from memory
[UEDRS] [05:06:40] Memory Usage: RSS = 7907.93 MB, VMS = 17547.21 MB
[UEDRS] [05:06:40] Dataset: GOODREADS
[UEDRS] [05:06:40] Loading
[UEDRS] [05:06:42] Loading done
[UEDRS] [05:06:42] Memory Usage: RSS = 8322.15 MB, VMS = 17547.21 MB
[UEDRS] [00:00:01] Elapsed
[UEDRS] [05:06:42] Sampling
[UEDRS] [05:07:20] Sampling done, obtained size: 1000000
[UEDRS] [05:07:20] Memory Usage: RSS = 8321.84 MB, VMS = 17546.21 MB
[UEDRS] [00:00:37] Elapsed
[UEDRS] [05:07:20] Checking [LENSKIT][BIASED_SVD][GOODREADS][1m]
[UEDRS] [05:07:20] Starting
2026-01-15 18:01:35 [warning  ] loaded pipeline does not match hash
[UEDRS] [05:30:47] Finished (0.0006)
[UEDRS] [05:30:47] Memory Usage: RSS = 8321.23 MB, VMS = 17601.96 MB
[UEDRS] [00:23:27] Elapsed

[UEDRS] [05:30:47] Memory Usage: RSS = 8321.23 MB, VMS = 17601.96 MB
[UEDRS] [05:30:47] Releasing dataframe from memory
[UEDRS] [05:30:47] Memory Usage: RSS = 8282.56 MB, VMS = 17562.96 MB
[UEDRS] [05:30:47] Dataset: LASTFM
[UEDRS] [05:30:47] Loading
[UEDRS] [05:30:51] Loading done
[UEDRS] [05:30:51] Memory Usage: RSS = 13323.48 MB, VMS = 21230.96 MB
[UEDRS] [00:00:03] Elapsed
[UEDRS] [05:30:51] Sampling
[UEDRS] [05:31:11] Sampling done, obtained size: 1000000
[UEDRS] [05:31:11] Memory Usage: RSS = 13322.48 MB, VMS = 21229.96 MB
[UEDRS] [00:00:20] Elapsed
[UEDRS] [05:31:11] Checking [LENSKIT][BIASED_SVD][LASTFM][1m]
[UEDRS] [05:31:11] Starting
2026-01-15 18:19:37 [warning  ] loaded pipeline does not match hash
[UEDRS] [05:41:13] Finished (0)
[UEDRS] [05:41:13] Memory Usage: RSS = 6490.03 MB, VMS = 17501.96 MB
[UEDRS] [00:10:01] Elapsed

[UEDRS] [05:41:13] Memory Usage: RSS = 6490.03 MB, VMS = 17501.96 MB
[UEDRS] [05:41:13] Releasing dataframe from memory
[UEDRS] [05:41:13] Memory Usage: RSS = 6487.46 MB, VMS = 17498.96 MB
[UEDRS] [05:41:13] Desired size: 25000000
[UEDRS] [05:41:13] Dataset: MYANIMELIST
[UEDRS] [05:41:13] Loading
[UEDRS] [05:41:13] Loading done
[UEDRS] [05:41:13] Memory Usage: RSS = 6554.59 MB, VMS = 17497.96 MB
[UEDRS] [00:00:00] Elapsed
[UEDRS] [05:41:13] Sampling
[UEDRS] [05:41:13] Sampling done, obtained size: 7813730
[UEDRS] [05:41:13] Memory Usage: RSS = 6554.59 MB, VMS = 17497.96 MB
[UEDRS] [00:00:00] Elapsed
[UEDRS] [05:41:13] Checking [LENSKIT][BIASED_SVD][MYANIMELIST][8m]
[UEDRS] [05:41:13] Starting
2026-01-15 18:29:22 [warning  ] loaded pipeline does not match hash
[UEDRS] [05:46:36] Finished (0.066)
[UEDRS] [05:46:36] Memory Usage: RSS = 6710.66 MB, VMS = 17502.96 MB
[UEDRS] [00:05:23] Elapsed

[UEDRS] [05:46:36] Memory Usage: RSS = 6710.66 MB, VMS = 17502.96 MB
[UEDRS] [05:46:36] Releasing dataframe from memory
[UEDRS] [05:46:37] Memory Usage: RSS = 6704.32 MB, VMS = 17495.96 MB
[UEDRS] [05:46:37] Dataset: TMALL
[UEDRS] [05:46:37] Loading
[UEDRS] [05:46:37] Loading done
[UEDRS] [05:46:37] Memory Usage: RSS = 6753.24 MB, VMS = 17495.96 MB
[UEDRS] [00:00:00] Elapsed
[UEDRS] [05:46:37] Sampling
[UEDRS] [05:46:37] Sampling done, obtained size: 24363557
[UEDRS] [05:46:37] Memory Usage: RSS = 6753.24 MB, VMS = 17495.96 MB
[UEDRS] [00:00:00] Elapsed
[UEDRS] [05:46:37] Checking [LENSKIT][BIASED_SVD][TMALL][24m]
[UEDRS] [05:46:37] Starting
2026-01-15 18:47:53 [warning  ] loaded pipeline does not match hash
[UEDRS] [07:34:58] Finished (3.4e-06)
[UEDRS] [07:34:58] Memory Usage: RSS = 7366.27 MB, VMS = 18053.89 MB
[UEDRS] [01:48:21] Elapsed

[UEDRS] [07:34:58] Memory Usage: RSS = 7366.27 MB, VMS = 18053.89 MB
[UEDRS] [07:34:58] Releasing dataframe from memory
[UEDRS] [07:34:58] Memory Usage: RSS = 7308.47 MB, VMS = 17995.89 MB
[UEDRS] [07:34:58] Dataset: MOVIELENS
[UEDRS] [07:34:58] Loading
[UEDRS] [07:34:59] Loading done
[UEDRS] [07:34:59] Memory Usage: RSS = 7474.17 MB, VMS = 18116.96 MB
[UEDRS] [00:00:00] Elapsed
[UEDRS] [07:34:59] Sampling
[UEDRS] [07:35:11] Sampling done, obtained size: 25000000
[UEDRS] [07:35:11] Memory Usage: RSS = 7732.70 MB, VMS = 18375.37 MB
[UEDRS] [00:00:12] Elapsed
[UEDRS] [07:35:11] Checking [LENSKIT][BIASED_SVD][MOVIELENS][25m]
[UEDRS] [07:35:11] Starting
2026-01-15 20:25:30 [warning  ] loaded pipeline does not match hash
[UEDRS] [07:45:13] Finished (0.051)
[UEDRS] [07:45:13] Memory Usage: RSS = 8869.51 MB, VMS = 20458.07 MB
[UEDRS] [00:10:01] Elapsed

[UEDRS] [07:45:13] Memory Usage: RSS = 8869.51 MB, VMS = 20458.07 MB
[UEDRS] [07:45:13] Releasing dataframe from memory
[UEDRS] [07:45:13] Memory Usage: RSS = 8466.56 MB, VMS = 20054.60 MB
[UEDRS] [07:45:13] Dataset: MUSIC4ALL
[UEDRS] [07:45:13] Loading
[UEDRS] [07:45:17] Loading done
[UEDRS] [07:45:17] Memory Usage: RSS = 9939.31 MB, VMS = 20816.79 MB
[UEDRS] [00:00:04] Elapsed
[UEDRS] [07:45:17] Sampling
[UEDRS] [07:45:31] Sampling done, obtained size: 25000000
[UEDRS] [07:45:31] Memory Usage: RSS = 9556.60 MB, VMS = 20434.07 MB
[UEDRS] [00:00:14] Elapsed
[UEDRS] [07:45:31] Checking [LENSKIT][BIASED_SVD][MUSIC4ALL][25m]
[UEDRS] [07:45:31] Starting
2026-01-15 20:34:55 [warning  ] loaded pipeline does not match hash
[UEDRS] [07:53:40] Finished (0.00016)
[UEDRS] [07:53:40] Memory Usage: RSS = 9590.23 MB, VMS = 20357.14 MB
[UEDRS] [00:08:08] Elapsed

[UEDRS] [07:53:40] Memory Usage: RSS = 9590.23 MB, VMS = 20357.14 MB
[UEDRS] [07:53:40] Releasing dataframe from memory
[UEDRS] [07:53:40] Memory Usage: RSS = 9200.32 MB, VMS = 19966.67 MB
[UEDRS] [07:53:40] Dataset: NETFLIX
[UEDRS] [07:53:40] Loading
[UEDRS] [07:53:41] Loading done
[UEDRS] [07:53:41] Memory Usage: RSS = 10125.75 MB, VMS = 20732.28 MB
[UEDRS] [00:00:01] Elapsed
[UEDRS] [07:53:41] Sampling
[UEDRS] [07:54:18] Sampling done, obtained size: 25000000
[UEDRS] [07:54:18] Memory Usage: RSS = 9549.90 MB, VMS = 20156.41 MB
[UEDRS] [00:00:37] Elapsed
[UEDRS] [07:54:18] Checking [LENSKIT][BIASED_SVD][NETFLIX][25m]
[UEDRS] [07:54:18] Starting
2026-01-15 20:50:53 [warning  ] loaded pipeline does not match hash
[UEDRS] [08:12:56] Finished (0.0078)
[UEDRS] [08:12:56] Memory Usage: RSS = 9569.24 MB, VMS = 20258.41 MB
[UEDRS] [00:18:37] Elapsed

[UEDRS] [08:12:56] Memory Usage: RSS = 9569.24 MB, VMS = 20258.41 MB
[UEDRS] [08:12:56] Releasing dataframe from memory
[UEDRS] [08:12:56] Memory Usage: RSS = 9330.00 MB, VMS = 20018.67 MB
[UEDRS] [08:12:56] Dataset: YAHOO
[UEDRS] [08:12:56] Loading
[UEDRS] [08:12:57] Loading done
[UEDRS] [08:12:57] Memory Usage: RSS = 9583.29 MB, VMS = 20017.67 MB
[UEDRS] [00:00:01] Elapsed
[UEDRS] [08:12:57] Sampling
[UEDRS] [08:14:02] Sampling done, obtained size: 25000000
[UEDRS] [08:14:02] Memory Usage: RSS = 9782.36 MB, VMS = 20208.41 MB
[UEDRS] [00:01:04] Elapsed
[UEDRS] [08:14:02] Checking [LENSKIT][BIASED_SVD][YAHOO][25m]
[UEDRS] [08:14:02] Starting
2026-01-15 22:31:53 [warning  ] loaded pipeline does not match hash
[UEDRS] [10:08:50] Finished (0.0022)
[UEDRS] [10:08:50] Memory Usage: RSS = 10385.80 MB, VMS = 20901.89 MB
[UEDRS] [01:54:47] Elapsed

[UEDRS] [10:08:50] Memory Usage: RSS = 10385.80 MB, VMS = 20901.89 MB
[UEDRS] [10:08:50] Releasing dataframe from memory
[UEDRS] [10:08:50] Memory Usage: RSS = 10133.46 MB, VMS = 20649.15 MB
[UEDRS] [10:08:50] Dataset: ALIBABA
[UEDRS] [10:08:50] Loading
[UEDRS] [10:08:51] Loading done
[UEDRS] [10:08:51] Memory Usage: RSS = 10374.93 MB, VMS = 20649.15 MB
[UEDRS] [00:00:01] Elapsed
[UEDRS] [10:08:51] Sampling
[UEDRS] [10:10:48] Sampling done, obtained size: 25000000
[UEDRS] [10:10:48] Memory Usage: RSS = 10564.85 MB, VMS = 20839.89 MB
[UEDRS] [00:01:56] Elapsed
[UEDRS] [10:10:48] Checking [LENSKIT][BIASED_SVD][ALIBABA][25m]
[UEDRS] [10:10:48] Starting
2026-01-16 05:12:04 [warning  ] loaded pipeline does not match hash
[UEDRS]
[16:24:34]
Exception handled:
'Field "rating" does not exist in schema'
[UEDRS] [16:24:37] Finished (-1)
[UEDRS] [16:24:37] Memory Usage: RSS = 11470.52 MB, VMS = 21695.81 MB
[UEDRS] [06:13:48] Elapsed

[UEDRS] [16:24:37] Memory Usage: RSS = 11470.52 MB, VMS = 21695.81 MB
[UEDRS] [16:24:37] Releasing dataframe from memory
[UEDRS] [16:24:37] Memory Usage: RSS = 11267.86 MB, VMS = 21493.07 MB
[UEDRS] [16:24:37] Dataset: GOODREADS
[UEDRS] [16:24:37] Loading
[UEDRS] [16:24:38] Loading done
[UEDRS] [16:24:38] Memory Usage: RSS = 11496.39 MB, VMS = 21492.07 MB
[UEDRS] [00:00:01] Elapsed
[UEDRS] [16:24:38] Sampling
[UEDRS] [16:25:28] Sampling done, obtained size: 25000000
[UEDRS] [16:25:28] Memory Usage: RSS = 11497.57 MB, VMS = 21492.07 MB
[UEDRS] [00:00:49] Elapsed
[UEDRS] [16:25:28] Checking [LENSKIT][BIASED_SVD][GOODREADS][25m]
[UEDRS] [16:25:28] Starting
2026-01-16 05:33:52 [warning  ] loaded pipeline does not match hash
[UEDRS] [18:12:28] Finished (0.0022)
[UEDRS] [18:12:28] Memory Usage: RSS = 11418.77 MB, VMS = 21551.07 MB
[UEDRS] [01:46:59] Elapsed

[UEDRS] [18:12:28] Memory Usage: RSS = 11418.77 MB, VMS = 21551.07 MB
[UEDRS] [18:12:28] Releasing dataframe from memory
[UEDRS] [18:12:28] Memory Usage: RSS = 11359.88 MB, VMS = 21492.07 MB
[UEDRS] [18:12:28] Dataset: LASTFM
[UEDRS] [18:12:28] Loading
[UEDRS] [18:12:31] Loading done
[UEDRS] [18:12:31] Memory Usage: RSS = 16525.56 MB, VMS = 25160.07 MB
[UEDRS] [00:00:03] Elapsed
[UEDRS] [18:12:31] Sampling
[UEDRS] [18:13:23] Sampling done, obtained size: 25000000
[UEDRS] [18:13:23] Memory Usage: RSS = 16523.56 MB, VMS = 25158.07 MB
[UEDRS] [00:00:51] Elapsed
[UEDRS] [18:13:23] Checking [LENSKIT][BIASED_SVD][LASTFM][25m]
[UEDRS] [18:13:23] Starting
2026-01-16 07:02:29 [warning  ] loaded pipeline does not match hash
[UEDRS] [19:23:03] Finished (1.8e-05)
[UEDRS] [19:23:03] Memory Usage: RSS = 12622.93 MB, VMS = 21503.07 MB
[UEDRS] [01:09:39] Elapsed

[UEDRS] [19:23:03] Memory Usage: RSS = 12622.93 MB, VMS = 21503.07 MB
[UEDRS] [19:23:03] Releasing dataframe from memory
[UEDRS] [19:23:03] Memory Usage: RSS = 12612.98 MB, VMS = 21493.07 MB
[UEDRS] [19:23:03] Desired size: 50000000
[UEDRS] [19:23:03] Dataset: MYANIMELIST
[UEDRS] [19:23:03] Loading
[UEDRS] [19:23:03] Loading done
[UEDRS] [19:23:03] Memory Usage: RSS = 12608.00 MB, VMS = 21492.07 MB
[UEDRS] [00:00:00] Elapsed
[UEDRS] [19:23:03] Sampling
[UEDRS] [19:23:03] Sampling done, obtained size: 7813730
[UEDRS] [19:23:03] Memory Usage: RSS = 12608.00 MB, VMS = 21492.07 MB
[UEDRS] [00:00:00] Elapsed
[UEDRS] [19:23:03] Checking [LENSKIT][BIASED_SVD][MYANIMELIST][8m]
[UEDRS] [19:23:03] Skipping (0.066)
[UEDRS] [19:23:03] Memory Usage: RSS = 12608.00 MB, VMS = 21492.07 MB
[UEDRS] [19:23:03] Releasing dataframe from memory
[UEDRS] [19:23:03] Memory Usage: RSS = 12608.00 MB, VMS = 21492.07 MB
[UEDRS] [19:23:03] Dataset: TMALL
[UEDRS] [19:23:03] Loading
[UEDRS] [19:23:05] Loading done
[UEDRS] [19:23:05] Memory Usage: RSS = 12669.27 MB, VMS = 21492.07 MB
[UEDRS] [00:00:01] Elapsed
[UEDRS] [19:23:05] Sampling
[UEDRS] [19:23:05] Sampling done, obtained size: 24363557
[UEDRS] [19:23:05] Memory Usage: RSS = 12669.27 MB, VMS = 21492.07 MB
[UEDRS] [00:00:00] Elapsed
[UEDRS] [19:23:05] Checking [LENSKIT][BIASED_SVD][TMALL][24m]
[UEDRS] [19:23:05] Skipping (3.4e-06)
[UEDRS] [19:23:05] Memory Usage: RSS = 12669.27 MB, VMS = 21492.07 MB
[UEDRS] [19:23:05] Releasing dataframe from memory
[UEDRS] [19:23:05] Memory Usage: RSS = 12669.27 MB, VMS = 21492.07 MB
[UEDRS] [19:23:05] Dataset: MOVIELENS
[UEDRS] [19:23:05] Loading
[UEDRS] [19:23:06] Loading done
[UEDRS] [19:23:06] Memory Usage: RSS = 12680.89 MB, VMS = 21492.07 MB
[UEDRS] [00:00:00] Elapsed
[UEDRS] [19:23:06] Sampling
[UEDRS] [19:23:06] Sampling done, obtained size: 32000204
[UEDRS] [19:23:06] Memory Usage: RSS = 12925.04 MB, VMS = 21736.22 MB
[UEDRS] [00:00:00] Elapsed
[UEDRS] [19:23:06] Checking [LENSKIT][BIASED_SVD][MOVIELENS][32m]
[UEDRS] [19:23:06] Starting
2026-01-16 08:13:00 [warning  ] loaded pipeline does not match hash
[UEDRS] [19:32:44] Finished (0.091)
[UEDRS] [19:32:44] Memory Usage: RSS = 12933.71 MB, VMS = 21810.04 MB
[UEDRS] [00:09:37] Elapsed

[UEDRS] [19:32:44] Memory Usage: RSS = 12933.71 MB, VMS = 21810.04 MB
[UEDRS] [19:32:44] Releasing dataframe from memory
[UEDRS] [19:32:44] Memory Usage: RSS = 12672.66 MB, VMS = 21548.89 MB
[UEDRS] [19:32:44] Dataset: MUSIC4ALL
[UEDRS] [19:32:44] Loading
[UEDRS] [19:32:47] Loading done
[UEDRS] [19:32:47] Memory Usage: RSS = 13036.11 MB, VMS = 21929.49 MB
[UEDRS] [00:00:03] Elapsed
[UEDRS] [19:32:47] Sampling
[UEDRS] [19:33:08] Sampling done, obtained size: 50000000
[UEDRS] [19:33:08] Memory Usage: RSS = 13416.48 MB, VMS = 22309.84 MB
[UEDRS] [00:00:20] Elapsed
[UEDRS] [19:33:08] Checking [LENSKIT][BIASED_SVD][MUSIC4ALL][50m]
[UEDRS] [19:33:08] Starting
2026-01-16 08:23:02 [warning  ] loaded pipeline does not match hash
[UEDRS] [19:42:21] Finished (0.0005)
[UEDRS] [19:42:21] Memory Usage: RSS = 14471.20 MB, VMS = 24385.84 MB
[UEDRS] [00:09:13] Elapsed

[UEDRS] [19:42:21] Memory Usage: RSS = 14471.20 MB, VMS = 24385.84 MB
[UEDRS] [19:42:21] Releasing dataframe from memory
[UEDRS] [19:42:22] Memory Usage: RSS = 13699.02 MB, VMS = 23612.89 MB
[UEDRS] [19:42:22] Dataset: NETFLIX
[UEDRS] [19:42:22] Loading
[UEDRS] [19:42:27] Loading done
[UEDRS] [19:42:27] Memory Usage: RSS = 14121.99 MB, VMS = 23994.20 MB
[UEDRS] [00:00:05] Elapsed
[UEDRS] [19:42:27] Sampling
[UEDRS] [19:43:13] Sampling done, obtained size: 50000000
[UEDRS] [19:43:13] Memory Usage: RSS = 14120.19 MB, VMS = 23992.37 MB
[UEDRS] [00:00:46] Elapsed
[UEDRS] [19:43:13] Checking [LENSKIT][BIASED_SVD][NETFLIX][50m]
[UEDRS] [19:43:13] Starting
2026-01-16 08:40:44 [warning  ] loaded pipeline does not match hash
[UEDRS] [20:03:14] Finished (0.016)
[UEDRS] [20:03:14] Memory Usage: RSS = 13967.58 MB, VMS = 24038.37 MB
[UEDRS] [00:20:00] Elapsed

[UEDRS] [20:03:14] Memory Usage: RSS = 13967.58 MB, VMS = 24038.37 MB
[UEDRS] [20:03:14] Releasing dataframe from memory
[UEDRS] [20:03:14] Memory Usage: RSS = 13534.21 MB, VMS = 23603.89 MB
[UEDRS] [20:03:14] Dataset: YAHOO
[UEDRS] [20:03:14] Loading
[UEDRS] [20:03:18] Loading done
[UEDRS] [20:03:18] Memory Usage: RSS = 13735.76 MB, VMS = 23601.89 MB
[UEDRS] [00:00:04] Elapsed
[UEDRS] [20:03:18] Sampling
[UEDRS] [20:04:27] Sampling done, obtained size: 50000000
[UEDRS] [20:04:27] Memory Usage: RSS = 13732.93 MB, VMS = 23599.89 MB
[UEDRS] [00:01:08] Elapsed
[UEDRS] [20:04:27] Checking [LENSKIT][BIASED_SVD][YAHOO][50m]
[UEDRS] [20:04:27] Starting
2026-01-16 10:32:36 [warning  ] loaded pipeline does not match hash
[UEDRS] [22:12:27] Finished (0.0019)
[UEDRS] [22:12:27] Memory Usage: RSS = 13784.72 MB, VMS = 23759.66 MB
[UEDRS] [02:07:59] Elapsed

[UEDRS] [22:12:27] Memory Usage: RSS = 13784.72 MB, VMS = 23759.66 MB
[UEDRS] [22:12:27] Releasing dataframe from memory
[UEDRS] [22:12:27] Memory Usage: RSS = 13721.38 MB, VMS = 23695.66 MB
[UEDRS] [22:12:27] Dataset: ALIBABA
[UEDRS] [22:12:27] Loading
[UEDRS] [22:12:28] Loading done
[UEDRS] [22:12:28] Memory Usage: RSS = 13855.95 MB, VMS = 23695.66 MB
[UEDRS] [00:00:01] Elapsed
[UEDRS] [22:12:28] Sampling
[UEDRS] [22:14:32] Sampling done, obtained size: 50000000
[UEDRS] [22:14:32] Memory Usage: RSS = 13853.97 MB, VMS = 23693.66 MB
[UEDRS] [00:02:04] Elapsed
[UEDRS] [22:14:32] Checking [LENSKIT][BIASED_SVD][ALIBABA][50m]
[UEDRS] [22:14:32] Starting
