[UEDRS] [00:00:18] Mode: ABSOLUTE STRATIFIED_USER
[UEDRS] [00:00:18] Tag:  LENSKIT:BIASED_SVD
[UEDRS] [00:00:18] Tool: LENSKIT
[UEDRS] [00:00:18] Algorithm: BIASED_SVD
[UEDRS] [00:00:18] Datasets: IPINYOU, ALIBABA, AMAZON
[UEDRS] [00:00:18] Sizes: [100000, 250000, 500000, 750000, 1000000, 25000000, 50000000, 75000000, 100000000]

[UEDRS] [00:00:18] Desired size: 100000
[UEDRS] [00:00:18] Dataset: IPINYOU
[UEDRS] [00:00:18] Loading
[UEDRS] [00:00:26] Loading done
[UEDRS] [00:00:26] Memory Usage: RSS = 3799.23 MB, VMS = 10902.82 MB
[UEDRS] [00:00:08] Elapsed
[UEDRS] [00:00:26] Sampling
[UEDRS] [00:08:50] Sampling done, obtained size: 100000
[UEDRS] [00:08:50] Memory Usage: RSS = 5282.64 MB, VMS = 12384.20 MB
[UEDRS] [00:08:23] Elapsed
[UEDRS] [00:08:50] Checking [LENSKIT][BIASED_SVD][IPINYOU][100k]
[UEDRS] [00:08:50] Starting
2026-02-12 13:44:06 [warning  ] loaded pipeline does not match hash
[UEDRS] [00:26:58] Finished (0)
[UEDRS] [00:26:58] Memory Usage: RSS = 5341.85 MB, VMS = 12817.32 MB
[UEDRS] [00:18:08] Elapsed

[UEDRS] [00:26:58] Memory Usage: RSS = 5341.85 MB, VMS = 12817.32 MB
[UEDRS] [00:26:58] Releasing dataframe from memory
[UEDRS] [00:26:58] Memory Usage: RSS = 4005.30 MB, VMS = 11463.32 MB
[UEDRS] [00:26:58] Dataset: ALIBABA
[UEDRS] [00:26:58] Loading
[UEDRS] [00:27:02] Loading done
[UEDRS] [00:27:02] Memory Usage: RSS = 6639.25 MB, VMS = 13442.32 MB
[UEDRS] [00:00:04] Elapsed
[UEDRS] [00:27:02] Sampling
[UEDRS] [00:28:57] Sampling done, obtained size: 100000
[UEDRS] [00:28:57] Memory Usage: RSS = 6648.54 MB, VMS = 13442.32 MB
[UEDRS] [00:01:54] Elapsed
[UEDRS] [00:28:57] Checking [LENSKIT][BIASED_SVD][ALIBABA][100k]
[UEDRS] [00:28:57] Starting
2026-02-12 13:51:13 [warning  ] loaded pipeline does not match hash
[UEDRS]
[00:29:38]
Exception handled:
'Field "rating" does not exist in schema'
[UEDRS] [00:29:38] Finished (-1)
[UEDRS] [00:29:38] Memory Usage: RSS = 6659.14 MB, VMS = 13458.32 MB
[UEDRS] [00:00:41] Elapsed

[UEDRS] [00:29:38] Memory Usage: RSS = 6659.14 MB, VMS = 13458.32 MB
[UEDRS] [00:29:38] Releasing dataframe from memory
[UEDRS] [00:29:39] Memory Usage: RSS = 6652.25 MB, VMS = 13451.32 MB
[UEDRS] [00:29:39] Dataset: AMAZON
[UEDRS] [00:29:39] Loading
[UEDRS] [01:42:15] Loading done
[UEDRS] [01:42:15] Memory Usage: RSS = 65634.49 MB, VMS = 100878.57 MB
[UEDRS] [01:12:36] Elapsed
[UEDRS] [01:42:15] Sampling
[UEDRS] [02:19:47] Sampling done, obtained size: 100000
[UEDRS] [02:19:47] Memory Usage: RSS = 57531.43 MB, VMS = 92372.88 MB
[UEDRS] [00:37:32] Elapsed
[UEDRS] [02:19:47] Checking [LENSKIT][BIASED_SVD][AMAZON][100k]
[UEDRS] [02:19:47] Starting
2026-02-12 15:53:46 [warning  ] loaded pipeline does not match hash
[UEDRS] [02:37:13] Finished (0)
[UEDRS] [02:37:13] Memory Usage: RSS = 46784.25 MB, VMS = 92629.30 MB
[UEDRS] [00:17:26] Elapsed

[UEDRS] [02:37:13] Memory Usage: RSS = 46784.25 MB, VMS = 92629.30 MB
[UEDRS] [02:37:13] Releasing dataframe from memory
[UEDRS] [02:37:14] Memory Usage: RSS = 43203.42 MB, VMS = 89005.30 MB
[UEDRS] [02:37:14] Desired size: 250000
[UEDRS] [02:37:14] Dataset: IPINYOU
[UEDRS] [02:37:14] Loading
[UEDRS] [02:44:02] Loading done
[UEDRS] [02:44:02] Memory Usage: RSS = 49511.87 MB, VMS = 90684.12 MB
[UEDRS] [00:06:47] Elapsed
[UEDRS] [02:44:02] Sampling
[UEDRS] [02:52:37] Sampling done, obtained size: 250000
[UEDRS] [02:52:37] Memory Usage: RSS = 49171.15 MB, VMS = 90336.30 MB
[UEDRS] [00:08:35] Elapsed
[UEDRS] [02:52:37] Checking [LENSKIT][BIASED_SVD][IPINYOU][250k]
[UEDRS] [02:52:37] Starting
2026-02-12 17:43:15 [warning  ] loaded pipeline does not match hash
[UEDRS] [04:27:51] Finished (0)
[UEDRS] [04:27:51] Memory Usage: RSS = 49213.57 MB, VMS = 90408.30 MB
[UEDRS] [01:35:14] Elapsed

[UEDRS] [04:27:51] Memory Usage: RSS = 49213.57 MB, VMS = 90408.30 MB
[UEDRS] [04:27:51] Releasing dataframe from memory
[UEDRS] [04:27:52] Memory Usage: RSS = 47901.32 MB, VMS = 89082.30 MB
[UEDRS] [04:27:52] Dataset: ALIBABA
[UEDRS] [04:27:52] Loading
[UEDRS] [04:27:55] Loading done
[UEDRS] [04:27:55] Memory Usage: RSS = 48108.14 MB, VMS = 89082.30 MB
[UEDRS] [00:00:02] Elapsed
[UEDRS] [04:27:55] Sampling
[UEDRS] [04:29:47] Sampling done, obtained size: 250000
[UEDRS] [04:29:47] Memory Usage: RSS = 48106.16 MB, VMS = 89080.30 MB
[UEDRS] [00:01:52] Elapsed
[UEDRS] [04:29:47] Checking [LENSKIT][BIASED_SVD][ALIBABA][250k]
[UEDRS] [04:29:47] Starting
2026-02-12 17:53:50 [warning  ] loaded pipeline does not match hash
[UEDRS]
[04:32:16]
Exception handled:
'Field "rating" does not exist in schema'
[UEDRS] [04:32:16] Finished (-1)
[UEDRS] [04:32:16] Memory Usage: RSS = 47999.15 MB, VMS = 89093.30 MB
[UEDRS] [00:02:29] Elapsed

[UEDRS] [04:32:16] Memory Usage: RSS = 47999.15 MB, VMS = 89093.30 MB
[UEDRS] [04:32:16] Releasing dataframe from memory
[UEDRS] [04:32:16] Memory Usage: RSS = 47987.24 MB, VMS = 89081.30 MB
[UEDRS] [04:32:16] Dataset: AMAZON
[UEDRS] [04:32:16] Loading
[UEDRS] [09:02:56] Loading done
[UEDRS] [09:02:56] Memory Usage: RSS = 77715.05 MB, VMS = 105440.52 MB
[UEDRS] [04:30:39] Elapsed
[UEDRS] [09:02:56] Sampling
