[UEDRS] [00:00:22] Mode: ABSOLUTE STRATIFIED_USER
[UEDRS] [00:00:22] Tag:  RECBOLE:ITEM_KNN
[UEDRS] [00:00:22] Tool: RECBOLE
[UEDRS] [00:00:22] Algorithm: ITEM_KNN
[UEDRS] [00:00:22] Datasets: MOVIELENS, MUSIC4ALL, NETFLIX, LASTFM
[UEDRS] [00:00:22] Sizes: [25000000, 50000000, 75000000, 100000000]

[UEDRS] [00:00:22] Desired size: 25000000
[UEDRS] [00:00:22] Dataset: MOVIELENS
[UEDRS] [00:00:22] Loading
[UEDRS] [00:00:24] Loading done
[UEDRS] [00:00:24] Memory Usage: RSS = 2018.57 MB, VMS = 13331.80 MB
[UEDRS] [00:00:02] Elapsed
[UEDRS] [00:00:24] Sampling
[UEDRS] [00:00:35] Sampling done, obtained size: 25000000
[UEDRS] [00:00:35] Memory Usage: RSS = 2390.99 MB, VMS = 13703.39 MB
[UEDRS] [00:00:11] Elapsed
[UEDRS] [00:00:35] Checking [RECBOLE][ITEM_KNN][MOVIELENS][25m]
[UEDRS] [00:00:35] Skipping (0.14)
[UEDRS] [00:00:35] Memory Usage: RSS = 2390.99 MB, VMS = 13703.39 MB
[UEDRS] [00:00:35] Releasing dataframe from memory
[UEDRS] [00:00:36] Memory Usage: RSS = 2009.52 MB, VMS = 13321.92 MB
[UEDRS] [00:00:36] Dataset: MUSIC4ALL
[UEDRS] [00:00:36] Loading
[UEDRS] [00:00:40] Loading done
[UEDRS] [00:00:40] Memory Usage: RSS = 3606.61 MB, VMS = 15927.11 MB
[UEDRS] [00:00:04] Elapsed
[UEDRS] [00:00:40] Sampling
[UEDRS] [00:00:54] Sampling done, obtained size: 25000000
[UEDRS] [00:00:54] Memory Usage: RSS = 3247.14 MB, VMS = 15567.16 MB
[UEDRS] [00:00:14] Elapsed
[UEDRS] [00:00:54] Checking [RECBOLE][ITEM_KNN][MUSIC4ALL][25m]
[UEDRS] [00:00:54] Skipping (0.077)
[UEDRS] [00:00:54] Memory Usage: RSS = 3247.14 MB, VMS = 15567.16 MB
[UEDRS] [00:00:54] Releasing dataframe from memory
[UEDRS] [00:00:54] Memory Usage: RSS = 2862.71 MB, VMS = 15182.68 MB
[UEDRS] [00:00:54] Dataset: NETFLIX
[UEDRS] [00:00:54] Loading
[UEDRS] [00:00:59] Loading done
[UEDRS] [00:00:59] Memory Usage: RSS = 4168.10 MB, VMS = 19409.29 MB
[UEDRS] [00:00:04] Elapsed
[UEDRS] [00:00:59] Sampling
[UEDRS] [00:01:34] Sampling done, obtained size: 25000000
[UEDRS] [00:01:34] Memory Usage: RSS = 3616.73 MB, VMS = 18858.46 MB
[UEDRS] [00:00:34] Elapsed
[UEDRS] [00:01:34] Checking [RECBOLE][ITEM_KNN][NETFLIX][25m]
[UEDRS] [00:01:34] Skipping (0.034)
[UEDRS] [00:01:34] Memory Usage: RSS = 3616.73 MB, VMS = 18858.46 MB
[UEDRS] [00:01:34] Releasing dataframe from memory
[UEDRS] [00:01:34] Memory Usage: RSS = 3425.24 MB, VMS = 18666.72 MB
[UEDRS] [00:01:34] Dataset: LASTFM
[UEDRS] [00:01:34] Loading
[UEDRS] [00:01:52] Loading done
[UEDRS] [00:01:52] Memory Usage: RSS = 10387.18 MB, VMS = 23266.75 MB
[UEDRS] [00:00:18] Elapsed
[UEDRS] [00:01:52] Sampling
[UEDRS] [00:02:15] Sampling done, obtained size: 25000000
[UEDRS] [00:02:15] Memory Usage: RSS = 10673.58 MB, VMS = 23552.86 MB
[UEDRS] [00:00:22] Elapsed
[UEDRS] [00:02:15] Checking [RECBOLE][ITEM_KNN][LASTFM][25m]
[UEDRS] [00:02:15] Starting
