[UEDRS] [00:00:08] Mode: ABSOLUTE STRATIFIED_USER
[UEDRS] [00:00:08] Tag:  RECBOLE:ASYM_KNN
[UEDRS] [00:00:08] Tool: RECBOLE
[UEDRS] [00:00:08] Algorithm: ASYM_KNN
[UEDRS] [00:00:08] Datasets: MOVIELENS, NETFLIX, GOODREADS, MUSIC4ALL
[UEDRS] [00:00:08] Sizes: [1000000, 25000000, 50000000, 75000000, 100000000]

[UEDRS] [00:00:08] Current dataset [MOVIELENS]
[UEDRS] [00:00:08] Loading full dataset
[UEDRS] [00:00:17] Loading done
[UEDRS] [00:00:17] Memory Usage: RSS = 1350.61 MB, VMS = 9592.27 MB
[UEDRS] [00:00:09] Elapsed
[UEDRS] [00:00:17] Sampling for [1000000]
[UEDRS] [00:00:24] Sampling done
[UEDRS] [00:00:24] Memory Usage: RSS = 720.74 MB, VMS = 8960.32 MB
[UEDRS] [00:00:07] Elapsed
[UEDRS] [00:00:24] Checking [RECBOLE][ASYM_KNN][MOVIELENS][1m]
[UEDRS] [00:00:24] Skipping (0.00559)
[UEDRS] [00:00:24] Memory Usage: RSS = 720.74 MB, VMS = 8960.32 MB
[UEDRS] [00:00:24] Releasing dataframe from memory
[UEDRS] [00:00:24] Memory Usage: RSS = 659.70 MB, VMS = 8899.14 MB
[UEDRS] [00:00:24] Loading full dataset
[UEDRS] [00:00:29] Loading done
[UEDRS] [00:00:29] Memory Usage: RSS = 1484.12 MB, VMS = 9731.57 MB
[UEDRS] [00:00:04] Elapsed
[UEDRS] [00:00:29] Sampling for [25000000]
[UEDRS] [00:00:36] Sampling done
[UEDRS] [00:00:36] Memory Usage: RSS = 1417.06 MB, VMS = 9656.63 MB
[UEDRS] [00:00:07] Elapsed
[UEDRS] [00:00:36] Checking [RECBOLE][ASYM_KNN][MOVIELENS][25m]
[UEDRS] [00:00:36] Skipping (0.03751)
[UEDRS] [00:00:36] Memory Usage: RSS = 1417.06 MB, VMS = 9656.63 MB
[UEDRS] [00:00:36] Releasing dataframe from memory
[UEDRS] [00:00:36] Memory Usage: RSS = 844.88 MB, VMS = 9084.45 MB
[UEDRS] [00:00:36] Loading full dataset
[UEDRS] [00:00:41] Loading done
[UEDRS] [00:00:41] Memory Usage: RSS = 1618.37 MB, VMS = 9857.80 MB
[UEDRS] [00:00:04] Elapsed
[UEDRS] [00:00:41] Sampling for [50000000]
[UEDRS] [00:00:49] Sampling done
[UEDRS] [00:00:49] Memory Usage: RSS = 1658.21 MB, VMS = 9897.77 MB
[UEDRS] [00:00:07] Elapsed
[UEDRS] [00:00:49] Checking [RECBOLE][ASYM_KNN][MOVIELENS][32m]
[UEDRS] [00:00:49] Starting
