[UEDRS] [00:00:08] Mode: ABSOLUTE STRATIFIED_USER
[UEDRS] [00:00:08] Tag:  LENSKIT:IMPLICIT_MF
[UEDRS] [00:00:08] Tool: LENSKIT
[UEDRS] [00:00:08] Algorithm: IMPLICIT_MF
[UEDRS] [00:00:08] Datasets: MOVIELENS, NETFLIX, GOODREADS, MUSIC4ALL
[UEDRS] [00:00:08] Sizes: [1000000, 25000000, 50000000, 75000000, 100000000]

[UEDRS] [00:00:08] Current dataset [MOVIELENS]
[UEDRS] [00:00:08] Loading full dataset
[UEDRS] [00:00:17] Loading done
[UEDRS] [00:00:17] Memory Usage: RSS = 1344.17 MB, VMS = 4551.70 MB
[UEDRS] [00:00:08] Elapsed
[UEDRS] [00:00:17] Sampling for [1000000]
[UEDRS] [00:00:24] Sampling done
[UEDRS] [00:00:24] Memory Usage: RSS = 714.27 MB, VMS = 3919.76 MB
[UEDRS] [00:00:06] Elapsed
[UEDRS] [00:00:24] Checking [LENSKIT][IMPLICIT_MF][MOVIELENS][1m]
[UEDRS] [00:00:24] Skipping (0.00406)
[UEDRS] [00:00:24] Memory Usage: RSS = 714.27 MB, VMS = 3919.76 MB
[UEDRS] [00:00:24] Releasing dataframe from memory
[UEDRS] [00:00:24] Memory Usage: RSS = 653.22 MB, VMS = 3858.59 MB
[UEDRS] [00:00:24] Loading full dataset
[UEDRS] [00:00:29] Loading done
[UEDRS] [00:00:29] Memory Usage: RSS = 1385.65 MB, VMS = 4591.02 MB
[UEDRS] [00:00:04] Elapsed
[UEDRS] [00:00:29] Sampling for [25000000]
[UEDRS] [00:00:37] Sampling done
[UEDRS] [00:00:37] Memory Usage: RSS = 1410.61 MB, VMS = 4616.07 MB
[UEDRS] [00:00:07] Elapsed
[UEDRS] [00:00:37] Checking [LENSKIT][IMPLICIT_MF][MOVIELENS][25m]
[UEDRS] [00:00:37] Skipping (0.14225)
[UEDRS] [00:00:37] Memory Usage: RSS = 1410.61 MB, VMS = 4616.07 MB
[UEDRS] [00:00:37] Releasing dataframe from memory
[UEDRS] [00:00:37] Memory Usage: RSS = 838.43 MB, VMS = 4043.89 MB
[UEDRS] [00:00:37] Loading full dataset
[UEDRS] [00:00:41] Loading done
[UEDRS] [00:00:41] Memory Usage: RSS = 1611.91 MB, VMS = 4817.25 MB
[UEDRS] [00:00:04] Elapsed
[UEDRS] [00:00:41] Sampling for [50000000]
[UEDRS] [00:00:49] Sampling done
[UEDRS] [00:00:49] Memory Usage: RSS = 1651.74 MB, VMS = 4857.21 MB
[UEDRS] [00:00:07] Elapsed
[UEDRS] [00:00:49] Checking [LENSKIT][IMPLICIT_MF][MOVIELENS][32m]
[UEDRS] [00:00:49] Skipping (0.22143)
[UEDRS] [00:00:49] Memory Usage: RSS = 1651.74 MB, VMS = 4857.21 MB
[UEDRS] [00:00:49] Releasing dataframe from memory
[UEDRS] [00:00:49] Memory Usage: RSS = 919.31 MB, VMS = 4124.78 MB
[UEDRS] [00:00:49] Loading full dataset
[UEDRS] [00:00:54] Loading done
[UEDRS] [00:00:54] Memory Usage: RSS = 1669.34 MB, VMS = 4874.69 MB
[UEDRS] [00:00:04] Elapsed
[UEDRS] [00:00:54] Sampling for [75000000]
[UEDRS] [00:01:01] Sampling done
[UEDRS] [00:01:01] Memory Usage: RSS = 1651.74 MB, VMS = 4857.21 MB
[UEDRS] [00:00:07] Elapsed
[UEDRS] [00:01:01] Checking [LENSKIT][IMPLICIT_MF][MOVIELENS][32m]
[UEDRS] [00:01:01] Skipping (0.22143)
[UEDRS] [00:01:01] Memory Usage: RSS = 1651.74 MB, VMS = 4857.21 MB
[UEDRS] [00:01:01] Releasing dataframe from memory
[UEDRS] [00:01:01] Memory Usage: RSS = 919.31 MB, VMS = 4124.78 MB
[UEDRS] [00:01:01] Loading full dataset
[UEDRS] [00:01:06] Loading done
[UEDRS] [00:01:06] Memory Usage: RSS = 1667.35 MB, VMS = 4872.70 MB
[UEDRS] [00:00:04] Elapsed
[UEDRS] [00:01:06] Sampling for [100000000]
[UEDRS] [00:01:13] Sampling done
[UEDRS] [00:01:13] Memory Usage: RSS = 1651.74 MB, VMS = 4857.21 MB
[UEDRS] [00:00:07] Elapsed
[UEDRS] [00:01:13] Checking [LENSKIT][IMPLICIT_MF][MOVIELENS][32m]
[UEDRS] [00:01:13] Skipping (0.22143)
[UEDRS] [00:01:13] Memory Usage: RSS = 1651.74 MB, VMS = 4857.21 MB
[UEDRS] [00:01:13] Releasing dataframe from memory
[UEDRS] [00:01:14] Memory Usage: RSS = 919.31 MB, VMS = 4124.78 MB
[UEDRS] [00:01:14] Current dataset [NETFLIX]
[UEDRS] [00:01:14] Loading full dataset
[UEDRS] [00:01:42] Loading done
[UEDRS] [00:01:42] Memory Usage: RSS = 3224.72 MB, VMS = 6430.07 MB
[UEDRS] [00:00:28] Elapsed
[UEDRS] [00:01:42] Sampling for [1000000]
[UEDRS] [00:02:07] Sampling done
[UEDRS] [00:02:07] Memory Usage: RSS = 924.91 MB, VMS = 4130.25 MB
[UEDRS] [00:00:24] Elapsed
[UEDRS] [00:02:07] Checking [LENSKIT][IMPLICIT_MF][NETFLIX][1m]
[UEDRS] [00:02:07] Skipping (0.00229)
[UEDRS] [00:02:07] Memory Usage: RSS = 924.91 MB, VMS = 4130.25 MB
[UEDRS] [00:02:07] Releasing dataframe from memory
[UEDRS] [00:02:07] Memory Usage: RSS = 924.91 MB, VMS = 4130.25 MB
[UEDRS] [00:02:07] Loading full dataset
[UEDRS] [00:02:23] Loading done
[UEDRS] [00:02:23] Memory Usage: RSS = 3220.73 MB, VMS = 6426.07 MB
[UEDRS] [00:00:15] Elapsed
[UEDRS] [00:02:23] Sampling for [25000000]
[UEDRS] [00:02:48] Sampling done
[UEDRS] [00:02:48] Memory Usage: RSS = 1492.75 MB, VMS = 4698.09 MB
[UEDRS] [00:00:25] Elapsed
[UEDRS] [00:02:48] Checking [LENSKIT][IMPLICIT_MF][NETFLIX][25m]
[UEDRS] [00:02:48] Skipping (0.02919)
[UEDRS] [00:02:48] Memory Usage: RSS = 1492.75 MB, VMS = 4698.09 MB
[UEDRS] [00:02:48] Releasing dataframe from memory
[UEDRS] [00:02:49] Memory Usage: RSS = 920.91 MB, VMS = 4126.25 MB
[UEDRS] [00:02:49] Loading full dataset
[UEDRS] [00:03:04] Loading done
[UEDRS] [00:03:04] Memory Usage: RSS = 3232.71 MB, VMS = 6438.05 MB
[UEDRS] [00:00:15] Elapsed
[UEDRS] [00:03:04] Sampling for [50000000]
[UEDRS] [00:03:31] Sampling done
[UEDRS] [00:03:31] Memory Usage: RSS = 2218.18 MB, VMS = 5423.95 MB
[UEDRS] [00:00:26] Elapsed
[UEDRS] [00:03:31] Checking [LENSKIT][IMPLICIT_MF][NETFLIX][50m]
[UEDRS] [00:03:31] Skipping (0.06276)
[UEDRS] [00:03:31] Memory Usage: RSS = 2218.18 MB, VMS = 5423.95 MB
[UEDRS] [00:03:31] Releasing dataframe from memory
[UEDRS] [00:03:31] Memory Usage: RSS = 1074.48 MB, VMS = 4280.25 MB
[UEDRS] [00:03:31] Loading full dataset
[UEDRS] [00:03:46] Loading done
[UEDRS] [00:03:46] Memory Usage: RSS = 3425.39 MB, VMS = 6630.73 MB
[UEDRS] [00:00:15] Elapsed
[UEDRS] [00:03:46] Sampling for [75000000]
[UEDRS] [00:04:14] Sampling done
[UEDRS] [00:04:14] Memory Usage: RSS = 2982.05 MB, VMS = 6187.82 MB
[UEDRS] [00:00:27] Elapsed
[UEDRS] [00:04:14] Checking [LENSKIT][IMPLICIT_MF][NETFLIX][75m]
[UEDRS] [00:04:14] Skipping (0.11013)
[UEDRS] [00:04:14] Memory Usage: RSS = 2982.05 MB, VMS = 6187.82 MB
[UEDRS] [00:04:14] Releasing dataframe from memory
[UEDRS] [00:04:14] Memory Usage: RSS = 1265.50 MB, VMS = 4471.28 MB
[UEDRS] [00:04:14] Loading full dataset
[UEDRS] [00:04:30] Loading done
[UEDRS] [00:04:30] Memory Usage: RSS = 3564.11 MB, VMS = 6769.76 MB
[UEDRS] [00:00:15] Elapsed
[UEDRS] [00:04:30] Sampling for [100000000]
[UEDRS] [00:05:13] Sampling done
[UEDRS] [00:05:13] Memory Usage: RSS = 3745.41 MB, VMS = 6951.18 MB
[UEDRS] [00:00:42] Elapsed
[UEDRS] [00:05:13] Checking [LENSKIT][IMPLICIT_MF][NETFLIX][100m]
[UEDRS] [00:05:13] Skipping (0.18541)
[UEDRS] [00:05:13] Memory Usage: RSS = 3745.41 MB, VMS = 6951.18 MB
[UEDRS] [00:05:13] Releasing dataframe from memory
[UEDRS] [00:05:13] Memory Usage: RSS = 1456.59 MB, VMS = 4662.36 MB
[UEDRS] [00:05:13] Current dataset [GOODREADS]
[UEDRS] [00:05:13] Loading full dataset
[UEDRS] [00:06:15] Loading done
[UEDRS] [00:06:15] Memory Usage: RSS = 6729.02 MB, VMS = 9934.36 MB
[UEDRS] [00:01:01] Elapsed
[UEDRS] [00:06:15] Sampling for [1000000]
[UEDRS] [00:06:55] Sampling done
[UEDRS] [00:06:55] Memory Usage: RSS = 1495.68 MB, VMS = 4701.01 MB
[UEDRS] [00:00:40] Elapsed
[UEDRS] [00:06:55] Checking [LENSKIT][IMPLICIT_MF][GOODREADS][1m]
[UEDRS] [00:06:55] Skipping (0.0003)
[UEDRS] [00:06:55] Memory Usage: RSS = 1495.68 MB, VMS = 4701.01 MB
[UEDRS] [00:06:55] Releasing dataframe from memory
[UEDRS] [00:06:55] Memory Usage: RSS = 1495.68 MB, VMS = 4701.01 MB
[UEDRS] [00:06:55] Loading full dataset
[UEDRS] [00:07:53] Loading done
[UEDRS] [00:07:53] Memory Usage: RSS = 6729.02 MB, VMS = 9934.36 MB
[UEDRS] [00:00:58] Elapsed
[UEDRS] [00:07:53] Sampling for [25000000]
[UEDRS] [00:08:31] Sampling done
[UEDRS] [00:08:31] Memory Usage: RSS = 2067.68 MB, VMS = 5273.02 MB
[UEDRS] [00:00:38] Elapsed
[UEDRS] [00:08:31] Checking [LENSKIT][IMPLICIT_MF][GOODREADS][25m]
[UEDRS] [00:08:31] Skipping (0.0074)
[UEDRS] [00:08:31] Memory Usage: RSS = 2067.68 MB, VMS = 5273.02 MB
[UEDRS] [00:08:31] Releasing dataframe from memory
[UEDRS] [00:08:31] Memory Usage: RSS = 1495.68 MB, VMS = 4701.01 MB
[UEDRS] [00:08:31] Loading full dataset
[UEDRS] [00:09:31] Loading done
[UEDRS] [00:09:31] Memory Usage: RSS = 6681.96 MB, VMS = 9887.29 MB
[UEDRS] [00:01:00] Elapsed
[UEDRS] [00:09:31] Sampling for [50000000]
[UEDRS] [00:10:10] Sampling done
[UEDRS] [00:10:10] Memory Usage: RSS = 2592.75 MB, VMS = 5798.08 MB
[UEDRS] [00:00:38] Elapsed
[UEDRS] [00:10:10] Checking [LENSKIT][IMPLICIT_MF][GOODREADS][50m]
[UEDRS] [00:10:10] Skipping (0.01513)
[UEDRS] [00:10:10] Memory Usage: RSS = 2592.75 MB, VMS = 5798.08 MB
[UEDRS] [00:10:10] Releasing dataframe from memory
[UEDRS] [00:10:10] Memory Usage: RSS = 1448.61 MB, VMS = 4653.94 MB
[UEDRS] [00:10:10] Loading full dataset
[UEDRS] [00:11:11] Loading done
[UEDRS] [00:11:11] Memory Usage: RSS = 6684.78 MB, VMS = 9890.11 MB
[UEDRS] [00:01:00] Elapsed
[UEDRS] [00:11:11] Sampling for [75000000]
[UEDRS] [00:11:56] Sampling done
[UEDRS] [00:11:56] Memory Usage: RSS = 3168.05 MB, VMS = 6373.38 MB
[UEDRS] [00:00:45] Elapsed
[UEDRS] [00:11:56] Checking [LENSKIT][IMPLICIT_MF][GOODREADS][75m]
[UEDRS] [00:11:56] Starting
[UEDRS] [04:03:06] Finished (0.02298)
[UEDRS] [04:03:06] Memory Usage: RSS = 9800.13 MB, VMS = 23327.60 MB
[UEDRS] [03:51:10] Elapsed

[UEDRS] [04:03:06] Memory Usage: RSS = 9800.13 MB, VMS = 23327.60 MB
[UEDRS] [04:03:06] Releasing dataframe from memory
[UEDRS] [04:03:07] Memory Usage: RSS = 8027.72 MB, VMS = 21554.98 MB
[UEDRS] [04:03:07] Loading full dataset
[UEDRS] [04:04:08] Loading done
[UEDRS] [04:04:08] Memory Usage: RSS = 13269.34 MB, VMS = 26796.58 MB
[UEDRS] [00:01:01] Elapsed
[UEDRS] [04:04:08] Sampling for [100000000]
[UEDRS] [04:04:49] Sampling done
[UEDRS] [04:04:49] Memory Usage: RSS = 10325.19 MB, VMS = 23851.56 MB
[UEDRS] [00:00:41] Elapsed
[UEDRS] [04:04:49] Checking [LENSKIT][IMPLICIT_MF][GOODREADS][100m]
[UEDRS] [04:04:49] Starting
[UEDRS] [08:06:45] Finished (0.03427)
[UEDRS] [08:06:45] Memory Usage: RSS = 16385.05 MB, VMS = 28509.32 MB
[UEDRS] [04:01:56] Elapsed

[UEDRS] [08:06:45] Memory Usage: RSS = 16385.05 MB, VMS = 28509.32 MB
[UEDRS] [08:06:45] Releasing dataframe from memory
[UEDRS] [08:06:46] Memory Usage: RSS = 14040.04 MB, VMS = 26163.00 MB
[UEDRS] [08:06:46] Current dataset [MUSIC4ALL]
[UEDRS] [08:06:46] Loading full dataset
[UEDRS] [08:06:59] Loading done
[UEDRS] [08:06:59] Memory Usage: RSS = 15735.09 MB, VMS = 27858.53 MB
[UEDRS] [00:00:13] Elapsed
[UEDRS] [08:06:59] Sampling for [1000000]
[UEDRS] [08:07:08] Sampling done
[UEDRS] [08:07:08] Memory Usage: RSS = 14591.55 MB, VMS = 26714.75 MB
[UEDRS] [00:00:08] Elapsed
[UEDRS] [08:07:08] Checking [LENSKIT][IMPLICIT_MF][MUSIC4ALL][1m]
[UEDRS] [08:07:08] Starting
[UEDRS] [08:13:35] Finished (0.00091)
[UEDRS] [08:13:35] Memory Usage: RSS = 12266.76 MB, VMS = 24407.75 MB
[UEDRS] [00:06:27] Elapsed

[UEDRS] [08:13:35] Memory Usage: RSS = 12266.76 MB, VMS = 24407.75 MB
[UEDRS] [08:13:35] Releasing dataframe from memory
[UEDRS] [08:13:36] Memory Usage: RSS = 11685.27 MB, VMS = 23825.75 MB
[UEDRS] [08:13:36] Loading full dataset
[UEDRS] [08:13:50] Loading done
[UEDRS] [08:13:50] Memory Usage: RSS = 13349.97 MB, VMS = 25491.53 MB
[UEDRS] [00:00:13] Elapsed
[UEDRS] [08:13:50] Sampling for [25000000]
[UEDRS] [08:14:01] Sampling done
[UEDRS] [08:14:01] Memory Usage: RSS = 12588.12 MB, VMS = 24728.88 MB
[UEDRS] [00:00:11] Elapsed
[UEDRS] [08:14:01] Checking [LENSKIT][IMPLICIT_MF][MUSIC4ALL][25m]
[UEDRS] [08:14:01] Starting
[UEDRS] [08:21:53] Finished (0.01274)
[UEDRS] [08:21:53] Memory Usage: RSS = 12505.61 MB, VMS = 24734.88 MB
[UEDRS] [00:07:52] Elapsed

[UEDRS] [08:21:53] Memory Usage: RSS = 12505.61 MB, VMS = 24734.88 MB
[UEDRS] [08:21:53] Releasing dataframe from memory
[UEDRS] [08:21:54] Memory Usage: RSS = 11549.42 MB, VMS = 23777.75 MB
[UEDRS] [08:21:54] Loading full dataset
[UEDRS] [08:22:07] Loading done
[UEDRS] [08:22:07] Memory Usage: RSS = 13192.85 MB, VMS = 25421.53 MB
[UEDRS] [00:00:13] Elapsed
[UEDRS] [08:22:07] Sampling for [50000000]
[UEDRS] [08:22:29] Sampling done
[UEDRS] [08:22:29] Memory Usage: RSS = 13192.55 MB, VMS = 25422.16 MB
[UEDRS] [00:00:22] Elapsed
[UEDRS] [08:22:29] Checking [LENSKIT][IMPLICIT_MF][MUSIC4ALL][50m]
[UEDRS] [08:22:29] Starting
[UEDRS] [08:31:51] Finished (0.03448)
[UEDRS] [08:31:51] Memory Usage: RSS = 13682.37 MB, VMS = 25495.16 MB
[UEDRS] [00:09:21] Elapsed

[UEDRS] [08:31:51] Memory Usage: RSS = 13682.37 MB, VMS = 25495.16 MB
[UEDRS] [08:31:51] Releasing dataframe from memory
[UEDRS] [08:31:52] Memory Usage: RSS = 11973.88 MB, VMS = 23784.75 MB
[UEDRS] [08:31:52] Loading full dataset
[UEDRS] [08:32:06] Loading done
[UEDRS] [08:32:06] Memory Usage: RSS = 13610.08 MB, VMS = 25421.53 MB
[UEDRS] [00:00:13] Elapsed
[UEDRS] [08:32:06] Sampling for [75000000]
[UEDRS] [08:32:19] Sampling done
[UEDRS] [08:32:19] Memory Usage: RSS = 13611.36 MB, VMS = 25422.53 MB
[UEDRS] [00:00:12] Elapsed
[UEDRS] [08:32:19] Checking [LENSKIT][IMPLICIT_MF][MUSIC4ALL][50m]
[UEDRS] [08:32:19] Starting
[UEDRS] [08:40:41] Finished (0.03471)
[UEDRS] [08:40:41] Memory Usage: RSS = 13681.54 MB, VMS = 25493.53 MB
[UEDRS] [00:08:22] Elapsed

[UEDRS] [08:40:41] Memory Usage: RSS = 13681.54 MB, VMS = 25493.53 MB
[UEDRS] [08:40:41] Releasing dataframe from memory
[UEDRS] [08:40:42] Memory Usage: RSS = 11975.71 MB, VMS = 23785.75 MB
[UEDRS] [08:40:42] Loading full dataset
[UEDRS] [08:40:56] Loading done
[UEDRS] [08:40:56] Memory Usage: RSS = 13611.10 MB, VMS = 25421.53 MB
[UEDRS] [00:00:13] Elapsed
[UEDRS] [08:40:56] Sampling for [100000000]
[UEDRS] [08:41:09] Sampling done
[UEDRS] [08:41:09] Memory Usage: RSS = 13611.21 MB, VMS = 25422.53 MB
[UEDRS] [00:00:12] Elapsed
[UEDRS] [08:41:09] Checking [LENSKIT][IMPLICIT_MF][MUSIC4ALL][50m]
[UEDRS] [08:41:09] Skipping (0.03471)
[UEDRS] [08:41:09] Memory Usage: RSS = 13611.21 MB, VMS = 25422.53 MB
[UEDRS] [08:41:09] Releasing dataframe from memory
[UEDRS] [08:41:10] Memory Usage: RSS = 11971.81 MB, VMS = 23782.75 MB
[UEDRS] [08:41:10] Work complete


[UEDRS] [08:41:10] {'META': {'MODE': {'SAMPLING': 'STRATIFIED_USER', 'SIZING': 'ABSOLUTE'}}, 'OUTPUT': {'LENSKIT': {'BIASED_MF': {'ALIBABA': {1000000: None, 25000000: None, 50000000: None, 75000000: None, 100000000: None}, 'AMAZON': {1000000: None, 25000000: None, 50000000: None, 75000000: None, 100000000: None}, 'GOODREADS': {950048: 0.00049, 1000000: None, 24991351: 0.00216, 25000000: None, 50000000: None, 75000000: None, 100000000: None}, 'MOVIELENS': {1000000: 0.00386, 24998693: 0.01753, 25000000: None, 32000204: 0.02554, 50000000: None, 75000000: None, 100000000: None}, 'MUSIC4ALL': {1000000: None, 25000000: None, 50000000: None, 75000000: None, 100000000: None}, 'NETFLIX': {978576: 0.00196, 1000000: None, 24983702: 0.00715, 25000000: None, 49968810: 0.01213, 50000000: None, 74996742: 0.01902, 75000000: None, 100000000: 0.02621}}, 'BIASED_SVD': {'ALIBABA': {1000000: None, 25000000: None, 50000000: None, 75000000: None, 100000000: None}, 'AMAZON': {1000000: None, 25000000: None, 50000000: None, 75000000: None, 100000000: None}, 'GOODREADS': {950048: 0.00054, 1000000: None, 24991351: 0.00216, 25000000: None, 49987954: 0.00237, 50000000: None, 75000000: 0.00503, 99978423: 0.00693, 100000000: None}, 'MOVIELENS': {1000000: 0.0039, 24998693: 0.04919, 25000000: None, 32000204: 0.09082, 50000000: None, 75000000: None, 100000000: None}, 'MUSIC4ALL': {997623: 4e-05, 1000000: None, 24977606: 0.00014, 25000000: None, 50000000: 0.00049, 75000000: None, 100000000: None}, 'NETFLIX': {978576: 0.00195, 1000000: None, 24983702: 0.00776, 25000000: None, 49968810: 0.0158, 50000000: None, 74996742: 0.03038, 75000000: None, 100000000: 0.05725}}, 'IMPLICIT_MF': {'ALIBABA': {1000000: None, 25000000: None, 50000000: None, 75000000: None, 100000000: None}, 'AMAZON': {1000000: None, 25000000: None, 50000000: None, 75000000: None, 100000000: None}, 'GOODREADS': {950048: 0.0003, 1000000: None, 24991351: 0.0074, 25000000: None, 49987954: 0.01513, 50000000: None, 75000000: 0.02298, 100000000: None, 99978423: 0.03427}, 'MOVIELENS': {1000000: 0.00406, 24998693: 0.14225, 25000000: None, 32000204: 0.22143, 50000000: None, 75000000: None, 100000000: None}, 'MUSIC4ALL': {1000000: None, 25000000: None, 50000000: 0.03448, 75000000: None, 100000000: None, 997623: 0.00091, 24977606: 0.01274, 50016042: 0.03471}, 'NETFLIX': {978576: 0.00229, 1000000: None, 24983702: 0.02919, 25000000: None, 49968810: 0.06276, 50000000: None, 74996742: 0.11013, 75000000: None, 100000000: 0.18541}}, 'ITEM_KNN': {'ALIBABA': {1000000: None, 25000000: None, 50000000: None, 75000000: None, 100000000: None}, 'AMAZON': {1000000: None, 25000000: None, 50000000: None, 75000000: None, 100000000: None}, 'GOODREADS': {950048: 0.0, 1000000: None, 24991351: 0.00136, 25000000: None, 50000000: None, 75000000: None, 100000000: None}, 'MOVIELENS': {1000000: 0.0, 24998693: 0.00336, 25000000: None, 32000204: 0.00341, 50000000: None, 75000000: None, 100000000: None}, 'MUSIC4ALL': {1000000: None, 25000000: None, 50000000: None, 75000000: None, 100000000: None}, 'NETFLIX': {978576: 0.0, 1000000: None, 24983702: 0.004, 25000000: None, 49968810: 0.01072, 50000000: None, 74996742: 0.02034, 75000000: None, 100000000: 0.03288}}, 'POP': {'ALIBABA': {392337: 0.0, 1000000: None, 25000000: None, 50000000: None, 75000000: None, 100000000: None}, 'AMAZON': {57590: 0.0, 1000000: None, 25000000: None, 50000000: None, 75000000: None, 100000000: None}, 'GOODREADS': {950048: 0.00062, 1000000: None, 24991351: 0.01621, 25000000: None, 49987954: 0.02329, 50000000: None, 75000000: 0.02949, 99978423: 0.03652, 100000000: None}, 'MOVIELENS': {1000000: 0.00858, 24998693: 0.11333, 25000000: None, 32000204: 0.16701, 50000000: None, 75000000: None, 100000000: None}, 'MUSIC4ALL': {997623: 0.00204, 1000000: None, 24977606: 0.01007, 25000000: None, 50000000: 0.01755, 50016042: 0.01763, 75000000: None, 100000000: None}, 'NETFLIX': {978576: 0.00297, 1000000: None, 24983702: 0.03352, 25000000: None, 49968810: 0.05555, 50000000: None, 74996742: 0.08792, 75000000: None, 100000000: 0.14026}}}, 'RECBOLE': {'ASYM_KNN': {'ALIBABA': {1000000: None, 25000000: None, 50000000: None, 75000000: None, 100000000: None}, 'AMAZON': {1000000: None, 25000000: None, 50000000: None, 75000000: None, 100000000: None}, 'GOODREADS': {1000000: None, 25000000: None, 50000000: None, 75000000: None, 100000000: None}, 'MOVIELENS': {1000000: None, 25000000: None, 50000000: None, 75000000: None, 100000000: None}, 'MUSIC4ALL': {1000000: None, 25000000: None, 50000000: None, 75000000: None, 100000000: None}, 'NETFLIX': {1000000: None, 25000000: None, 50000000: None, 75000000: None, 100000000: None}}, 'BPR': {'ALIBABA': {1000000: None, 25000000: None, 50000000: None, 75000000: None, 100000000: None}, 'AMAZON': {1000000: None, 25000000: None, 50000000: None, 75000000: None, 100000000: None}, 'GOODREADS': {1000000: None, 25000000: None, 50000000: None, 75000000: None, 100000000: None}, 'MOVIELENS': {1000000: None, 25000000: None, 50000000: None, 75000000: None, 100000000: None}, 'MUSIC4ALL': {1000000: None, 25000000: None, 50000000: None, 75000000: None, 100000000: None}, 'NETFLIX': {1000000: None, 25000000: None, 50000000: None, 75000000: None, 100000000: None}}, 'ITEM_KNN': {'ALIBABA': {1000000: None, 25000000: None, 50000000: None, 75000000: None, 100000000: None}, 'AMAZON': {1000000: None, 25000000: None, 50000000: None, 75000000: None, 100000000: None}, 'GOODREADS': {1000000: None, 25000000: None, 50000000: None, 75000000: None, 100000000: None}, 'MOVIELENS': {1000000: None, 25000000: None, 50000000: None, 75000000: None, 100000000: None}, 'MUSIC4ALL': {1000000: None, 25000000: None, 50000000: None, 75000000: None, 100000000: None}, 'NETFLIX': {1000000: None, 25000000: None, 50000000: None, 75000000: None, 100000000: None}}, 'NEU_MF': {'ALIBABA': {1000000: None, 25000000: None, 50000000: None, 75000000: None, 100000000: None}, 'AMAZON': {1000000: None, 25000000: None, 50000000: None, 75000000: None, 100000000: None}, 'GOODREADS': {1000000: None, 25000000: None, 50000000: None, 75000000: None, 100000000: None}, 'MOVIELENS': {1000000: None, 25000000: None, 50000000: None, 75000000: None, 100000000: None}, 'MUSIC4ALL': {1000000: None, 25000000: None, 50000000: None, 75000000: None, 100000000: None}, 'NETFLIX': {1000000: None, 25000000: None, 50000000: None, 75000000: None, 100000000: None}}, 'POP': {'ALIBABA': {1000000: None, 25000000: None, 50000000: None, 75000000: None, 100000000: None}, 'AMAZON': {1000000: None, 25000000: None, 50000000: None, 75000000: None, 100000000: None}, 'GOODREADS': {1000000: None, 25000000: None, 50000000: None, 75000000: None, 100000000: None}, 'MOVIELENS': {1000000: None, 25000000: None, 50000000: None, 75000000: None, 100000000: None}, 'MUSIC4ALL': {1000000: None, 25000000: None, 50000000: None, 75000000: None, 100000000: None}, 'NETFLIX': {1000000: None, 25000000: None, 50000000: None, 75000000: None, 100000000: None}}}}}
