[UEDRS] [00:00:19] File not found:  /mnt/results/latest.yaml
[UEDRS] [00:00:19] Mode: ABSOLUTE STRATIFIED_USER
[UEDRS] [00:00:19] Tag:  RECBOLE:BPR
[UEDRS] [00:00:19] Tool: RECBOLE
[UEDRS] [00:00:19] Algorithm: BPR
[UEDRS] [00:00:19] Datasets: MYANIMELIST, IPINYOU, TMALL, MOVIELENS, MUSIC4ALL, NETFLIX, YAHOO, ALIBABA, GOODREADS, LASTFM, AMAZON
[UEDRS] [00:00:19] Sizes: [100000, 250000, 500000, 750000, 1000000, 25000000, 50000000, 75000000, 100000000]

[UEDRS] [00:00:19] Desired size: 100000
[UEDRS] [00:00:19] Dataset: MYANIMELIST
[UEDRS] [00:00:19] Loading
[UEDRS] [00:00:19] Loading done
[UEDRS] [00:00:19] Memory Usage: RSS = 941.01 MB, VMS = 10623.60 MB
[UEDRS] [00:00:00] Elapsed
[UEDRS] [00:00:22] Sampling done, obtained size: 100000
[UEDRS] [00:00:22] Memory Usage: RSS = 967.26 MB, VMS = 10645.59 MB
[UEDRS] [00:00:02] Elapsed
[UEDRS] [00:00:22] Checking [RECBOLE][BPR][MYANIMELIST][100k]
[UEDRS] [00:00:22] Starting
[UEDRS] [00:01:23] Finished (0.000727)
[UEDRS] [00:01:23] Memory Usage: RSS = 1696.28 MB, VMS = 19991.61 MB
[UEDRS] [00:01:01] Elapsed

[UEDRS] [00:01:23] Memory Usage: RSS = 1696.28 MB, VMS = 19991.61 MB
[UEDRS] [00:01:23] Releasing dataframe from memory
[UEDRS] [00:01:23] Memory Usage: RSS = 1655.77 MB, VMS = 19950.61 MB
[UEDRS] [00:01:23] Dataset: IPINYOU
[UEDRS] [00:01:23] Loading
[UEDRS] [00:01:23] Loading done
[UEDRS] [00:01:23] Memory Usage: RSS = 2043.98 MB, VMS = 21066.62 MB
[UEDRS] [00:00:00] Elapsed
[UEDRS] [00:10:37] Sampling done, obtained size: 100000
[UEDRS] [00:10:37] Memory Usage: RSS = 3840.60 MB, VMS = 22863.25 MB
[UEDRS] [00:09:14] Elapsed
[UEDRS] [00:10:37] Checking [RECBOLE][BPR][IPINYOU][100k]
[UEDRS] [00:10:37] Starting
[UEDRS] [00:10:42] Finished (0.0242)
[UEDRS] [00:10:42] Memory Usage: RSS = 3847.48 MB, VMS = 23229.27 MB
[UEDRS] [00:00:04] Elapsed

[UEDRS] [00:10:42] Memory Usage: RSS = 3847.48 MB, VMS = 23229.27 MB
[UEDRS] [00:10:42] Releasing dataframe from memory
[UEDRS] [00:10:42] Memory Usage: RSS = 3847.48 MB, VMS = 23229.27 MB
[UEDRS] [00:10:42] Dataset: TMALL
[UEDRS] [00:10:42] Loading
[UEDRS] [00:10:44] Loading done
[UEDRS] [00:10:44] Memory Usage: RSS = 4122.60 MB, VMS = 24353.27 MB
[UEDRS] [00:00:01] Elapsed
[UEDRS] [00:11:04] Sampling done, obtained size: 100000
[UEDRS] [00:11:04] Memory Usage: RSS = 4124.58 MB, VMS = 24354.27 MB
[UEDRS] [00:00:20] Elapsed
[UEDRS] [00:11:04] Checking [RECBOLE][BPR][TMALL][100k]
[UEDRS] [00:11:04] Starting
[UEDRS] [00:11:37] Finished (6.85e-05)
[UEDRS] [00:11:37] Memory Usage: RSS = 4189.41 MB, VMS = 24523.29 MB
[UEDRS] [00:00:32] Elapsed

[UEDRS] [00:11:37] Memory Usage: RSS = 4189.41 MB, VMS = 24523.29 MB
[UEDRS] [00:11:37] Releasing dataframe from memory
[UEDRS] [00:11:37] Memory Usage: RSS = 4129.00 MB, VMS = 24462.29 MB
[UEDRS] [00:11:37] Dataset: MOVIELENS
[UEDRS] [00:11:37] Loading
[UEDRS] [00:11:38] Loading done
[UEDRS] [00:11:38] Memory Usage: RSS = 4836.43 MB, VMS = 27014.29 MB
[UEDRS] [00:00:01] Elapsed
[UEDRS] [00:11:46] Sampling done, obtained size: 100000
[UEDRS] [00:11:46] Memory Usage: RSS = 4836.43 MB, VMS = 27014.29 MB
[UEDRS] [00:00:07] Elapsed
[UEDRS] [00:11:46] Checking [RECBOLE][BPR][MOVIELENS][100k]
[UEDRS] [00:11:46] Starting
[UEDRS] [00:12:28] Finished (0.000569)
[UEDRS] [00:12:28] Memory Usage: RSS = 4878.77 MB, VMS = 27128.31 MB
[UEDRS] [00:00:41] Elapsed

[UEDRS] [00:12:28] Memory Usage: RSS = 4878.77 MB, VMS = 27128.31 MB
[UEDRS] [00:12:28] Releasing dataframe from memory
[UEDRS] [00:12:28] Memory Usage: RSS = 4844.09 MB, VMS = 27093.31 MB
[UEDRS] [00:12:28] Dataset: MUSIC4ALL
[UEDRS] [00:12:28] Loading
[UEDRS] [00:12:32] Loading done
[UEDRS] [00:12:32] Memory Usage: RSS = 5673.48 MB, VMS = 29122.90 MB
[UEDRS] [00:00:04] Elapsed
[UEDRS] [00:12:39] Sampling done, obtained size: 100000
[UEDRS] [00:12:39] Memory Usage: RSS = 5291.91 MB, VMS = 28741.31 MB
[UEDRS] [00:00:06] Elapsed
[UEDRS] [00:12:39] Checking [RECBOLE][BPR][MUSIC4ALL][100k]
[UEDRS] [00:12:39] Starting
[UEDRS] [00:13:32] Finished (0.000147)
[UEDRS] [00:13:32] Memory Usage: RSS = 5327.83 MB, VMS = 28849.33 MB
[UEDRS] [00:00:52] Elapsed

[UEDRS] [00:13:32] Memory Usage: RSS = 5327.83 MB, VMS = 28849.33 MB
[UEDRS] [00:13:32] Releasing dataframe from memory
[UEDRS] [00:13:32] Memory Usage: RSS = 5297.12 MB, VMS = 28818.33 MB
[UEDRS] [00:13:32] Dataset: NETFLIX
[UEDRS] [00:13:32] Loading
[UEDRS] [00:13:36] Loading done
[UEDRS] [00:13:36] Memory Usage: RSS = 6023.79 MB, VMS = 32238.33 MB
[UEDRS] [00:00:04] Elapsed
[UEDRS] [00:14:03] Sampling done, obtained size: 100000
[UEDRS] [00:14:03] Memory Usage: RSS = 6024.35 MB, VMS = 32238.33 MB
[UEDRS] [00:00:26] Elapsed
[UEDRS] [00:14:03] Checking [RECBOLE][BPR][NETFLIX][100k]
[UEDRS] [00:14:03] Starting
[UEDRS] [00:14:27] Finished (0.00041)
[UEDRS] [00:14:27] Memory Usage: RSS = 6067.84 MB, VMS = 32418.35 MB
[UEDRS] [00:00:23] Elapsed

[UEDRS] [00:14:27] Memory Usage: RSS = 6067.84 MB, VMS = 32418.35 MB
[UEDRS] [00:14:27] Releasing dataframe from memory
[UEDRS] [00:14:27] Memory Usage: RSS = 6024.29 MB, VMS = 32374.35 MB
[UEDRS] [00:14:27] Dataset: YAHOO
[UEDRS] [00:14:27] Loading
[UEDRS] [00:14:30] Loading done
[UEDRS] [00:14:30] Memory Usage: RSS = 5809.81 MB, VMS = 31986.35 MB
[UEDRS] [00:00:03] Elapsed
[UEDRS] [00:15:31] Sampling done, obtained size: 100000
[UEDRS] [00:15:31] Memory Usage: RSS = 5810.31 MB, VMS = 31986.35 MB
[UEDRS] [00:01:01] Elapsed
[UEDRS] [00:15:31] Checking [RECBOLE][BPR][YAHOO][100k]
[UEDRS] [00:15:31] Starting
[UEDRS] [00:15:59] Finished (0.000657)
[UEDRS] [00:15:59] Memory Usage: RSS = 5850.01 MB, VMS = 32098.37 MB
[UEDRS] [00:00:27] Elapsed

[UEDRS] [00:15:59] Memory Usage: RSS = 5850.01 MB, VMS = 32098.37 MB
[UEDRS] [00:15:59] Releasing dataframe from memory
[UEDRS] [00:15:59] Memory Usage: RSS = 5813.35 MB, VMS = 32061.37 MB
[UEDRS] [00:15:59] Dataset: ALIBABA
[UEDRS] [00:15:59] Loading
[UEDRS] [00:16:00] Loading done
[UEDRS] [00:16:00] Memory Usage: RSS = 7136.72 MB, VMS = 32509.37 MB
[UEDRS] [00:00:00] Elapsed
[UEDRS] [00:18:01] Sampling done, obtained size: 100000
[UEDRS] [00:18:01] Memory Usage: RSS = 7136.71 MB, VMS = 32509.37 MB
[UEDRS] [00:02:01] Elapsed
[UEDRS] [00:18:01] Checking [RECBOLE][BPR][ALIBABA][100k]
[UEDRS] [00:18:01] Starting
[UEDRS] [00:18:10] Finished (0)
[UEDRS] [00:18:10] Memory Usage: RSS = 7173.50 MB, VMS = 32618.39 MB
[UEDRS] [00:00:08] Elapsed

[UEDRS] [00:18:10] Memory Usage: RSS = 7173.50 MB, VMS = 32618.39 MB
[UEDRS] [00:18:10] Releasing dataframe from memory
[UEDRS] [00:18:10] Memory Usage: RSS = 7136.83 MB, VMS = 32581.39 MB
[UEDRS] [00:18:10] Dataset: GOODREADS
[UEDRS] [00:18:10] Loading
[UEDRS] [00:18:11] Loading done
[UEDRS] [00:18:11] Memory Usage: RSS = 8402.15 MB, VMS = 32773.39 MB
[UEDRS] [00:00:00] Elapsed
[UEDRS] [00:18:52] Sampling done, obtained size: 100000
[UEDRS] [00:18:52] Memory Usage: RSS = 8402.18 MB, VMS = 32773.39 MB
[UEDRS] [00:00:41] Elapsed
[UEDRS] [00:18:52] Checking [RECBOLE][BPR][GOODREADS][100k]
[UEDRS] [00:18:52] Starting
[UEDRS] [00:19:21] Finished (0)
[UEDRS] [00:19:21] Memory Usage: RSS = 8443.46 MB, VMS = 32887.41 MB
[UEDRS] [00:00:28] Elapsed

[UEDRS] [00:19:21] Memory Usage: RSS = 8443.46 MB, VMS = 32887.41 MB
[UEDRS] [00:19:21] Releasing dataframe from memory
[UEDRS] [00:19:21] Memory Usage: RSS = 8404.85 MB, VMS = 32848.41 MB
[UEDRS] [00:19:21] Dataset: LASTFM
[UEDRS] [00:19:21] Loading
[UEDRS] [00:19:23] Loading done
[UEDRS] [00:19:23] Memory Usage: RSS = 12889.95 MB, VMS = 36064.41 MB
[UEDRS] [00:00:01] Elapsed
[UEDRS] [00:19:55] Sampling done, obtained size: 100000
[UEDRS] [00:19:55] Memory Usage: RSS = 12889.95 MB, VMS = 36064.41 MB
[UEDRS] [00:00:31] Elapsed
[UEDRS] [00:19:55] Checking [RECBOLE][BPR][LASTFM][100k]
[UEDRS] [00:19:55] Starting
[UEDRS] [00:20:49] Finished (0.000211)
[UEDRS] [00:20:49] Memory Usage: RSS = 12921.47 MB, VMS = 36168.43 MB
[UEDRS] [00:00:54] Elapsed

[UEDRS] [00:20:49] Memory Usage: RSS = 12921.47 MB, VMS = 36168.43 MB
[UEDRS] [00:20:49] Releasing dataframe from memory
[UEDRS] [00:20:49] Memory Usage: RSS = 12891.75 MB, VMS = 36138.43 MB
[UEDRS] [00:20:49] Dataset: AMAZON
[UEDRS] [00:20:49] Loading
[UEDRS] [00:20:52] Loading done
[UEDRS] [00:20:52] Memory Usage: RSS = 17753.27 MB, VMS = 40370.43 MB
[UEDRS] [00:00:02] Elapsed
[UEDRS] [00:49:15] Sampling done, obtained size: 100000
[UEDRS] [00:49:15] Memory Usage: RSS = 21442.70 MB, VMS = 44166.32 MB
[UEDRS] [00:28:22] Elapsed
[UEDRS] [00:49:15] Checking [RECBOLE][BPR][AMAZON][100k]
[UEDRS] [00:49:15] Starting
[UEDRS] [00:49:32] Finished (0)
[UEDRS] [00:49:32] Memory Usage: RSS = 21493.23 MB, VMS = 44481.34 MB
[UEDRS] [00:00:17] Elapsed

[UEDRS] [00:49:32] Memory Usage: RSS = 21493.23 MB, VMS = 44481.34 MB
[UEDRS] [00:49:32] Releasing dataframe from memory
[UEDRS] [00:49:32] Memory Usage: RSS = 21445.77 MB, VMS = 44433.34 MB
[UEDRS] [00:49:32] Desired size: 250000
[UEDRS] [00:49:32] Dataset: MYANIMELIST
[UEDRS] [00:49:32] Loading
[UEDRS] [00:49:32] Loading done
[UEDRS] [00:49:32] Memory Usage: RSS = 17179.52 MB, VMS = 40121.34 MB
[UEDRS] [00:00:00] Elapsed
[UEDRS] [00:49:35] Sampling done, obtained size: 250000
[UEDRS] [00:49:35] Memory Usage: RSS = 17179.52 MB, VMS = 40121.34 MB
[UEDRS] [00:00:02] Elapsed
[UEDRS] [00:49:35] Checking [RECBOLE][BPR][MYANIMELIST][250k]
[UEDRS] [00:49:35] Starting
[UEDRS] [00:51:22] Finished (0.000688)
[UEDRS] [00:51:22] Memory Usage: RSS = 17226.52 MB, VMS = 40240.36 MB
[UEDRS] [00:01:47] Elapsed

[UEDRS] [00:51:22] Memory Usage: RSS = 17226.52 MB, VMS = 40240.36 MB
[UEDRS] [00:51:22] Releasing dataframe from memory
[UEDRS] [00:51:23] Memory Usage: RSS = 17184.97 MB, VMS = 40198.36 MB
[UEDRS] [00:51:23] Dataset: IPINYOU
[UEDRS] [00:51:23] Loading
[UEDRS] [00:51:23] Loading done
[UEDRS] [00:51:23] Memory Usage: RSS = 17231.59 MB, VMS = 40198.36 MB
[UEDRS] [00:00:00] Elapsed
[UEDRS] [01:00:41] Sampling done, obtained size: 250000
[UEDRS] [01:00:41] Memory Usage: RSS = 17236.28 MB, VMS = 40198.36 MB
[UEDRS] [00:09:18] Elapsed
[UEDRS] [01:00:41] Checking [RECBOLE][BPR][IPINYOU][250k]
[UEDRS] [01:00:41] Starting
[UEDRS] [01:00:51] Finished (0.0204)
[UEDRS] [01:00:51] Memory Usage: RSS = 17398.86 MB, VMS = 40499.38 MB
[UEDRS] [00:00:09] Elapsed

[UEDRS] [01:00:51] Memory Usage: RSS = 17398.86 MB, VMS = 40499.38 MB
[UEDRS] [01:00:51] Releasing dataframe from memory
[UEDRS] [01:00:51] Memory Usage: RSS = 17238.66 MB, VMS = 40337.38 MB
[UEDRS] [01:00:51] Dataset: TMALL
[UEDRS] [01:00:51] Loading
[UEDRS] [01:00:51] Loading done
[UEDRS] [01:00:51] Memory Usage: RSS = 13918.56 MB, VMS = 40337.39 MB
[UEDRS] [00:00:00] Elapsed
[UEDRS] [01:01:12] Sampling done, obtained size: 250000
[UEDRS] [01:01:12] Memory Usage: RSS = 13919.36 MB, VMS = 40337.39 MB
[UEDRS] [00:00:20] Elapsed
[UEDRS] [01:01:12] Checking [RECBOLE][BPR][TMALL][250k]
[UEDRS] [01:01:12] Starting
[UEDRS] [01:03:02] Finished (1.51e-05)
[UEDRS] [01:03:02] Memory Usage: RSS = 14043.70 MB, VMS = 40639.42 MB
[UEDRS] [00:01:49] Elapsed

[UEDRS] [01:03:02] Memory Usage: RSS = 14043.70 MB, VMS = 40639.42 MB
[UEDRS] [01:03:02] Releasing dataframe from memory
[UEDRS] [01:03:02] Memory Usage: RSS = 13922.03 MB, VMS = 40516.42 MB
[UEDRS] [01:03:02] Dataset: MOVIELENS
[UEDRS] [01:03:02] Loading
[UEDRS] [01:03:03] Loading done
[UEDRS] [01:03:03] Memory Usage: RSS = 13912.64 MB, VMS = 40516.42 MB
[UEDRS] [00:00:00] Elapsed
[UEDRS] [01:03:10] Sampling done, obtained size: 250000
[UEDRS] [01:03:10] Memory Usage: RSS = 13912.64 MB, VMS = 40516.42 MB
[UEDRS] [00:00:07] Elapsed
[UEDRS] [01:03:10] Checking [RECBOLE][BPR][MOVIELENS][250k]
[UEDRS] [01:03:10] Starting
[UEDRS] [01:05:03] Finished (0.000158)
[UEDRS] [01:05:03] Memory Usage: RSS = 13986.64 MB, VMS = 40663.44 MB
[UEDRS] [00:01:53] Elapsed

[UEDRS] [01:05:03] Memory Usage: RSS = 13986.64 MB, VMS = 40663.44 MB
[UEDRS] [01:05:03] Releasing dataframe from memory
[UEDRS] [01:05:04] Memory Usage: RSS = 13914.43 MB, VMS = 40590.44 MB
[UEDRS] [01:05:04] Dataset: MUSIC4ALL
[UEDRS] [01:05:04] Loading
[UEDRS] [01:05:06] Loading done
[UEDRS] [01:05:06] Memory Usage: RSS = 14550.37 MB, VMS = 40972.03 MB
[UEDRS] [00:00:02] Elapsed
[UEDRS] [01:05:14] Sampling done, obtained size: 250000
[UEDRS] [01:05:14] Memory Usage: RSS = 14168.78 MB, VMS = 40590.44 MB
[UEDRS] [00:00:07] Elapsed
[UEDRS] [01:05:14] Checking [RECBOLE][BPR][MUSIC4ALL][250k]
[UEDRS] [01:05:14] Starting
[UEDRS] [01:07:17] Finished (0.000118)
[UEDRS] [01:07:17] Memory Usage: RSS = 14224.98 MB, VMS = 40719.46 MB
[UEDRS] [00:02:03] Elapsed

[UEDRS] [01:07:17] Memory Usage: RSS = 14224.98 MB, VMS = 40719.46 MB
[UEDRS] [01:07:17] Releasing dataframe from memory
[UEDRS] [01:07:18] Memory Usage: RSS = 14172.59 MB, VMS = 40666.46 MB
[UEDRS] [01:07:18] Dataset: NETFLIX
[UEDRS] [01:07:18] Loading
[UEDRS] [01:07:18] Loading done
[UEDRS] [01:07:18] Memory Usage: RSS = 14362.46 MB, VMS = 40666.46 MB
[UEDRS] [00:00:00] Elapsed
[UEDRS] [01:07:47] Sampling done, obtained size: 250000
[UEDRS] [01:07:47] Memory Usage: RSS = 14363.42 MB, VMS = 40666.46 MB
[UEDRS] [00:00:28] Elapsed
[UEDRS] [01:07:47] Checking [RECBOLE][BPR][NETFLIX][250k]
[UEDRS] [01:07:47] Starting
[UEDRS] [01:09:36] Finished (0.000444)
[UEDRS] [01:09:36] Memory Usage: RSS = 14466.11 MB, VMS = 40842.48 MB
[UEDRS] [00:01:49] Elapsed

[UEDRS] [01:09:36] Memory Usage: RSS = 14466.11 MB, VMS = 40842.48 MB
[UEDRS] [01:09:36] Releasing dataframe from memory
[UEDRS] [01:09:37] Memory Usage: RSS = 14365.19 MB, VMS = 40740.48 MB
[UEDRS] [01:09:37] Dataset: YAHOO
[UEDRS] [01:09:37] Loading
[UEDRS] [01:09:37] Loading done
[UEDRS] [01:09:37] Memory Usage: RSS = 14759.20 MB, VMS = 40740.48 MB
[UEDRS] [00:00:00] Elapsed
[UEDRS] [01:10:39] Sampling done, obtained size: 250000
[UEDRS] [01:10:39] Memory Usage: RSS = 14759.39 MB, VMS = 40740.48 MB
[UEDRS] [00:01:02] Elapsed
[UEDRS] [01:10:39] Checking [RECBOLE][BPR][YAHOO][250k]
[UEDRS] [01:10:39] Starting
[UEDRS] [01:11:53] Finished (0.000498)
[UEDRS] [01:11:53] Memory Usage: RSS = 14869.78 MB, VMS = 40924.50 MB
[UEDRS] [00:01:13] Elapsed

[UEDRS] [01:11:53] Memory Usage: RSS = 14869.78 MB, VMS = 40924.50 MB
[UEDRS] [01:11:53] Releasing dataframe from memory
[UEDRS] [01:11:53] Memory Usage: RSS = 14762.89 MB, VMS = 40816.50 MB
[UEDRS] [01:11:53] Dataset: ALIBABA
[UEDRS] [01:11:53] Loading
[UEDRS] [01:11:54] Loading done
[UEDRS] [01:11:54] Memory Usage: RSS = 15346.83 MB, VMS = 40816.50 MB
[UEDRS] [00:00:00] Elapsed
[UEDRS] [01:13:48] Sampling done, obtained size: 250000
[UEDRS] [01:13:48] Memory Usage: RSS = 15347.07 MB, VMS = 40816.50 MB
[UEDRS] [00:01:53] Elapsed
[UEDRS] [01:13:48] Checking [RECBOLE][BPR][ALIBABA][250k]
[UEDRS] [01:13:48] Starting
[UEDRS] [01:14:11] Finished (0)
[UEDRS] [01:14:11] Memory Usage: RSS = 15510.27 MB, VMS = 41085.52 MB
[UEDRS] [00:00:23] Elapsed

[UEDRS] [01:14:11] Memory Usage: RSS = 15510.27 MB, VMS = 41085.52 MB
[UEDRS] [01:14:11] Releasing dataframe from memory
[UEDRS] [01:14:11] Memory Usage: RSS = 15350.05 MB, VMS = 40923.52 MB
[UEDRS] [01:14:11] Dataset: GOODREADS
[UEDRS] [01:14:11] Loading
[UEDRS] [01:14:12] Loading done
[UEDRS] [01:14:12] Memory Usage: RSS = 16021.00 MB, VMS = 40923.52 MB
[UEDRS] [00:00:00] Elapsed
[UEDRS] [01:14:49] Sampling done, obtained size: 250000
[UEDRS] [01:14:49] Memory Usage: RSS = 16021.46 MB, VMS = 40923.52 MB
[UEDRS] [00:00:36] Elapsed
[UEDRS] [01:14:49] Checking [RECBOLE][BPR][GOODREADS][250k]
[UEDRS] [01:14:49] Starting
[UEDRS] [01:16:16] Finished (2.23e-05)
[UEDRS] [01:16:16] Memory Usage: RSS = 16128.62 MB, VMS = 41104.54 MB
[UEDRS] [00:01:26] Elapsed

[UEDRS] [01:16:16] Memory Usage: RSS = 16128.62 MB, VMS = 41104.54 MB
[UEDRS] [01:16:16] Releasing dataframe from memory
[UEDRS] [01:16:16] Memory Usage: RSS = 16025.73 MB, VMS = 41000.54 MB
[UEDRS] [01:16:16] Dataset: LASTFM
[UEDRS] [01:16:16] Loading
[UEDRS] [01:16:18] Loading done
[UEDRS] [01:16:18] Memory Usage: RSS = 19504.86 MB, VMS = 43448.54 MB
[UEDRS] [00:00:01] Elapsed
[UEDRS] [01:16:40] Sampling done, obtained size: 250000
[UEDRS] [01:16:40] Memory Usage: RSS = 19504.86 MB, VMS = 43448.54 MB
[UEDRS] [00:00:22] Elapsed
[UEDRS] [01:16:40] Checking [RECBOLE][BPR][LASTFM][250k]
[UEDRS] [01:16:40] Starting
[UEDRS] [01:18:56] Finished (1.97e-05)
[UEDRS] [01:18:56] Memory Usage: RSS = 19570.18 MB, VMS = 43650.55 MB
[UEDRS] [00:02:16] Elapsed

[UEDRS] [01:18:56] Memory Usage: RSS = 19570.18 MB, VMS = 43650.55 MB
[UEDRS] [01:18:56] Releasing dataframe from memory
[UEDRS] [01:18:57] Memory Usage: RSS = 19507.89 MB, VMS = 43587.55 MB
[UEDRS] [01:18:57] Dataset: AMAZON
[UEDRS] [01:18:57] Loading
[UEDRS] [01:18:59] Loading done
[UEDRS] [01:18:59] Memory Usage: RSS = 23259.42 MB, VMS = 45835.55 MB
[UEDRS] [00:00:02] Elapsed
[UEDRS] [02:24:38] Sampling done, obtained size: 250000
[UEDRS] [02:24:38] Memory Usage: RSS = 24268.15 MB, VMS = 47202.90 MB
[UEDRS] [01:05:39] Elapsed
[UEDRS] [02:24:38] Checking [RECBOLE][BPR][AMAZON][250k]
[UEDRS] [02:24:38] Starting
[UEDRS] [02:25:19] Finished (0)
[UEDRS] [02:25:19] Memory Usage: RSS = 24422.18 MB, VMS = 47493.92 MB
[UEDRS] [00:00:40] Elapsed

[UEDRS] [02:25:19] Memory Usage: RSS = 24422.18 MB, VMS = 47493.92 MB
[UEDRS] [02:25:19] Releasing dataframe from memory
[UEDRS] [02:25:19] Memory Usage: RSS = 24273.83 MB, VMS = 47343.92 MB
[UEDRS] [02:25:19] Desired size: 500000
[UEDRS] [02:25:19] Dataset: MYANIMELIST
[UEDRS] [02:25:19] Loading
[UEDRS] [02:25:19] Loading done
[UEDRS] [02:25:19] Memory Usage: RSS = 24351.51 MB, VMS = 47343.92 MB
[UEDRS] [00:00:00] Elapsed
[UEDRS] [02:25:22] Sampling done, obtained size: 500000
[UEDRS] [02:25:22] Memory Usage: RSS = 24351.52 MB, VMS = 47343.92 MB
[UEDRS] [00:00:02] Elapsed
[UEDRS] [02:25:22] Checking [RECBOLE][BPR][MYANIMELIST][500k]
[UEDRS] [02:25:22] Starting
[UEDRS] [02:27:47] Finished (0.00057)
[UEDRS] [02:27:47] Memory Usage: RSS = 24398.56 MB, VMS = 47462.94 MB
[UEDRS] [00:02:25] Elapsed

[UEDRS] [02:27:47] Memory Usage: RSS = 24398.56 MB, VMS = 47462.94 MB
[UEDRS] [02:27:47] Releasing dataframe from memory
[UEDRS] [02:27:47] Memory Usage: RSS = 24355.08 MB, VMS = 47418.94 MB
[UEDRS] [02:27:47] Dataset: IPINYOU
[UEDRS] [02:27:47] Loading
[UEDRS] [02:27:48] Loading done
[UEDRS] [02:27:48] Memory Usage: RSS = 17317.16 MB, VMS = 43106.94 MB
[UEDRS] [00:00:00] Elapsed
[UEDRS] [02:36:59] Sampling done, obtained size: 500000
[UEDRS] [02:36:59] Memory Usage: RSS = 17332.94 MB, VMS = 43105.94 MB
[UEDRS] [00:09:11] Elapsed
[UEDRS] [02:36:59] Checking [RECBOLE][BPR][IPINYOU][500k]
[UEDRS] [02:36:59] Starting
[UEDRS] [02:37:16] Finished (0.0254)
[UEDRS] [02:37:16] Memory Usage: RSS = 17675.15 MB, VMS = 43714.96 MB
[UEDRS] [00:00:16] Elapsed

[UEDRS] [02:37:16] Memory Usage: RSS = 17675.15 MB, VMS = 43714.96 MB
[UEDRS] [02:37:16] Releasing dataframe from memory
[UEDRS] [02:37:17] Memory Usage: RSS = 17334.93 MB, VMS = 43371.96 MB
[UEDRS] [02:37:17] Dataset: TMALL
[UEDRS] [02:37:17] Loading
[UEDRS] [02:37:17] Loading done
[UEDRS] [02:37:17] Memory Usage: RSS = 14964.64 MB, VMS = 43371.96 MB
[UEDRS] [00:00:00] Elapsed
[UEDRS] [02:37:39] Sampling done, obtained size: 500000
[UEDRS] [02:37:39] Memory Usage: RSS = 14964.77 MB, VMS = 43371.96 MB
[UEDRS] [00:00:21] Elapsed
[UEDRS] [02:37:39] Checking [RECBOLE][BPR][TMALL][500k]
[UEDRS] [02:37:39] Starting
[UEDRS] [02:41:42] Finished (1.57e-05)
[UEDRS] [02:41:42] Memory Usage: RSS = 15179.85 MB, VMS = 43724.98 MB
[UEDRS] [00:04:03] Elapsed

[UEDRS] [02:41:42] Memory Usage: RSS = 15179.85 MB, VMS = 43724.98 MB
[UEDRS] [02:41:42] Releasing dataframe from memory
[UEDRS] [02:41:43] Memory Usage: RSS = 14970.13 MB, VMS = 43512.98 MB
[UEDRS] [02:41:43] Dataset: MOVIELENS
[UEDRS] [02:41:43] Loading
[UEDRS] [02:41:43] Loading done
[UEDRS] [02:41:43] Memory Usage: RSS = 14863.94 MB, VMS = 43512.98 MB
[UEDRS] [00:00:00] Elapsed
[UEDRS] [02:41:51] Sampling done, obtained size: 500000
[UEDRS] [02:41:51] Memory Usage: RSS = 14863.95 MB, VMS = 43512.98 MB
[UEDRS] [00:00:08] Elapsed
[UEDRS] [02:41:51] Checking [RECBOLE][BPR][MOVIELENS][500k]
[UEDRS] [02:41:51] Starting
[UEDRS] [02:45:26] Finished (0.00021)
[UEDRS] [02:45:26] Memory Usage: RSS = 14984.69 MB, VMS = 43707.00 MB
[UEDRS] [00:03:34] Elapsed

[UEDRS] [02:45:26] Memory Usage: RSS = 14984.69 MB, VMS = 43707.00 MB
[UEDRS] [02:45:26] Releasing dataframe from memory
[UEDRS] [02:45:27] Memory Usage: RSS = 14869.90 MB, VMS = 43591.00 MB
[UEDRS] [02:45:27] Dataset: MUSIC4ALL
[UEDRS] [02:45:27] Loading
[UEDRS] [02:45:29] Loading done
[UEDRS] [02:45:29] Memory Usage: RSS = 15663.47 MB, VMS = 43971.59 MB
[UEDRS] [00:00:02] Elapsed
[UEDRS] [02:45:38] Sampling done, obtained size: 500000
[UEDRS] [02:45:38] Memory Usage: RSS = 15281.89 MB, VMS = 43590.00 MB
[UEDRS] [00:00:08] Elapsed
[UEDRS] [02:45:38] Checking [RECBOLE][BPR][MUSIC4ALL][500k]
[UEDRS] [02:45:38] Starting
[UEDRS] [02:48:37] Finished (9.79e-05)
[UEDRS] [02:48:37] Memory Usage: RSS = 15286.25 MB, VMS = 43666.02 MB
[UEDRS] [00:02:59] Elapsed

[UEDRS] [02:48:37] Memory Usage: RSS = 15286.25 MB, VMS = 43666.02 MB
[UEDRS] [02:48:37] Releasing dataframe from memory
[UEDRS] [02:48:37] Memory Usage: RSS = 15286.25 MB, VMS = 43666.02 MB
[UEDRS] [02:48:37] Dataset: NETFLIX
[UEDRS] [02:48:37] Loading
[UEDRS] [02:48:38] Loading done
[UEDRS] [02:48:38] Memory Usage: RSS = 15594.21 MB, VMS = 43666.02 MB
[UEDRS] [00:00:00] Elapsed
[UEDRS] [02:49:15] Sampling done, obtained size: 500000
[UEDRS] [02:49:15] Memory Usage: RSS = 15593.44 MB, VMS = 43665.02 MB
[UEDRS] [00:00:37] Elapsed
[UEDRS] [02:49:15] Checking [RECBOLE][BPR][NETFLIX][500k]
[UEDRS] [02:49:15] Starting
[UEDRS] [02:53:35] Finished (0.00034)
[UEDRS] [02:53:35] Memory Usage: RSS = 15767.06 MB, VMS = 43913.04 MB
[UEDRS] [00:04:20] Elapsed

[UEDRS] [02:53:35] Memory Usage: RSS = 15767.06 MB, VMS = 43913.04 MB
[UEDRS] [02:53:35] Releasing dataframe from memory
[UEDRS] [02:53:36] Memory Usage: RSS = 15598.01 MB, VMS = 43742.04 MB
[UEDRS] [02:53:36] Dataset: YAHOO
[UEDRS] [02:53:36] Loading
[UEDRS] [02:53:39] Loading done
[UEDRS] [02:53:39] Memory Usage: RSS = 16027.65 MB, VMS = 43742.04 MB
[UEDRS] [00:00:03] Elapsed
[UEDRS] [02:54:41] Sampling done, obtained size: 500000
[UEDRS] [02:54:41] Memory Usage: RSS = 16029.10 MB, VMS = 43743.04 MB
[UEDRS] [00:01:01] Elapsed
[UEDRS] [02:54:41] Checking [RECBOLE][BPR][YAHOO][500k]
[UEDRS] [02:54:41] Starting
[UEDRS] [02:57:22] Finished (0.000354)
[UEDRS] [02:57:22] Memory Usage: RSS = 16031.24 MB, VMS = 43818.05 MB
[UEDRS] [00:02:41] Elapsed

[UEDRS] [02:57:22] Memory Usage: RSS = 16031.24 MB, VMS = 43818.05 MB
[UEDRS] [02:57:22] Releasing dataframe from memory
[UEDRS] [02:57:22] Memory Usage: RSS = 16031.24 MB, VMS = 43818.05 MB
[UEDRS] [02:57:22] Dataset: ALIBABA
[UEDRS] [02:57:22] Loading
[UEDRS] [02:57:30] Loading done
[UEDRS] [02:57:30] Memory Usage: RSS = 16677.59 MB, VMS = 43818.05 MB
[UEDRS] [00:00:08] Elapsed
[UEDRS] [02:59:30] Sampling done, obtained size: 500000
[UEDRS] [02:59:30] Memory Usage: RSS = 16678.45 MB, VMS = 43818.05 MB
[UEDRS] [00:01:59] Elapsed
[UEDRS] [02:59:30] Checking [RECBOLE][BPR][ALIBABA][500k]
[UEDRS] [02:59:30] Starting
[UEDRS] [03:00:20] Finished (2.61e-05)
[UEDRS] [03:00:20] Memory Usage: RSS = 17021.56 MB, VMS = 44237.07 MB
[UEDRS] [00:00:50] Elapsed

[UEDRS] [03:00:20] Memory Usage: RSS = 17021.56 MB, VMS = 44237.07 MB
[UEDRS] [03:00:20] Releasing dataframe from memory
[UEDRS] [03:00:21] Memory Usage: RSS = 16679.96 MB, VMS = 43892.07 MB
[UEDRS] [03:00:21] Dataset: GOODREADS
[UEDRS] [03:00:21] Loading
[UEDRS] [03:00:24] Loading done
[UEDRS] [03:00:24] Memory Usage: RSS = 17387.40 MB, VMS = 43892.07 MB
[UEDRS] [00:00:03] Elapsed
[UEDRS] [03:01:02] Sampling done, obtained size: 500000
[UEDRS] [03:01:02] Memory Usage: RSS = 17388.05 MB, VMS = 43892.07 MB
[UEDRS] [00:00:37] Elapsed
[UEDRS] [03:01:02] Checking [RECBOLE][BPR][GOODREADS][500k]
[UEDRS] [03:01:02] Starting
[UEDRS] [03:04:27] Finished (1.61e-05)
[UEDRS] [03:04:27] Memory Usage: RSS = 17590.41 MB, VMS = 44169.09 MB
[UEDRS] [00:03:25] Elapsed

[UEDRS] [03:04:27] Memory Usage: RSS = 17590.41 MB, VMS = 44169.09 MB
[UEDRS] [03:04:27] Releasing dataframe from memory
[UEDRS] [03:04:28] Memory Usage: RSS = 17390.65 MB, VMS = 43967.09 MB
[UEDRS] [03:04:28] Dataset: LASTFM
[UEDRS] [03:04:28] Loading
[UEDRS] [03:04:29] Loading done
[UEDRS] [03:04:29] Memory Usage: RSS = 20832.77 MB, VMS = 46415.09 MB
[UEDRS] [00:00:01] Elapsed
[UEDRS] [03:04:51] Sampling done, obtained size: 500000
[UEDRS] [03:04:51] Memory Usage: RSS = 20832.78 MB, VMS = 46415.09 MB
[UEDRS] [00:00:21] Elapsed
[UEDRS] [03:04:51] Checking [RECBOLE][BPR][LASTFM][500k]
[UEDRS] [03:04:51] Starting
[UEDRS] [03:08:19] Finished (6.99e-06)
[UEDRS] [03:08:19] Memory Usage: RSS = 20943.46 MB, VMS = 46599.11 MB
[UEDRS] [00:03:28] Elapsed

[UEDRS] [03:08:19] Memory Usage: RSS = 20943.46 MB, VMS = 46599.11 MB
[UEDRS] [03:08:19] Releasing dataframe from memory
[UEDRS] [03:08:20] Memory Usage: RSS = 20836.68 MB, VMS = 46491.11 MB
[UEDRS] [03:08:20] Dataset: AMAZON
[UEDRS] [03:08:20] Loading
[UEDRS] [03:08:22] Loading done
[UEDRS] [03:08:22] Memory Usage: RSS = 24516.66 MB, VMS = 48355.11 MB
[UEDRS] [00:00:02] Elapsed
[UEDRS] [03:37:05] Sampling done, obtained size: 500000
[UEDRS] [03:37:05] Memory Usage: RSS = 24590.82 MB, VMS = 48354.37 MB
[UEDRS] [00:28:43] Elapsed
[UEDRS] [03:37:05] Checking [RECBOLE][BPR][AMAZON][500k]
[UEDRS] [03:37:05] Starting
[UEDRS] [03:38:34] Finished (0)
[UEDRS] [03:38:34] Memory Usage: RSS = 24925.01 MB, VMS = 48827.39 MB
[UEDRS] [00:01:29] Elapsed

[UEDRS] [03:38:34] Memory Usage: RSS = 24925.01 MB, VMS = 48827.39 MB
[UEDRS] [03:38:34] Releasing dataframe from memory
[UEDRS] [03:38:35] Memory Usage: RSS = 24593.33 MB, VMS = 48492.39 MB
[UEDRS] [03:38:35] Desired size: 750000
[UEDRS] [03:38:35] Dataset: MYANIMELIST
[UEDRS] [03:38:35] Loading
[UEDRS] [03:38:36] Loading done
[UEDRS] [03:38:36] Memory Usage: RSS = 24641.62 MB, VMS = 48492.39 MB
[UEDRS] [00:00:00] Elapsed
[UEDRS] [03:38:39] Sampling done, obtained size: 750000
[UEDRS] [03:38:39] Memory Usage: RSS = 24641.63 MB, VMS = 48492.39 MB
[UEDRS] [00:00:02] Elapsed
[UEDRS] [03:38:39] Checking [RECBOLE][BPR][MYANIMELIST][750k]
[UEDRS] [03:38:39] Starting
[UEDRS] [03:41:21] Finished (0.000586)
[UEDRS] [03:41:21] Memory Usage: RSS = 24677.15 MB, VMS = 48600.41 MB
[UEDRS] [00:02:42] Elapsed

[UEDRS] [03:41:21] Memory Usage: RSS = 24677.15 MB, VMS = 48600.41 MB
[UEDRS] [03:41:21] Releasing dataframe from memory
[UEDRS] [03:41:22] Memory Usage: RSS = 24641.52 MB, VMS = 48564.41 MB
[UEDRS] [03:41:22] Dataset: IPINYOU
[UEDRS] [03:41:22] Loading
[UEDRS] [03:41:23] Loading done
[UEDRS] [03:41:23] Memory Usage: RSS = 24569.85 MB, VMS = 48564.41 MB
[UEDRS] [00:00:01] Elapsed
[UEDRS] [03:50:42] Sampling done, obtained size: 750000
[UEDRS] [03:50:42] Memory Usage: RSS = 24570.34 MB, VMS = 48564.41 MB
[UEDRS] [00:09:18] Elapsed
[UEDRS] [03:50:42] Checking [RECBOLE][BPR][IPINYOU][750k]
[UEDRS] [03:50:42] Starting
[UEDRS] [03:51:05] Finished (0.0315)
[UEDRS] [03:51:05] Memory Usage: RSS = 24577.97 MB, VMS = 48833.43 MB
[UEDRS] [00:00:22] Elapsed

[UEDRS] [03:51:05] Memory Usage: RSS = 24577.97 MB, VMS = 48833.43 MB
[UEDRS] [03:51:05] Releasing dataframe from memory
[UEDRS] [03:51:05] Memory Usage: RSS = 24577.97 MB, VMS = 48833.43 MB
[UEDRS] [03:51:05] Dataset: TMALL
[UEDRS] [03:51:05] Loading
[UEDRS] [03:51:06] Loading done
[UEDRS] [03:51:06] Memory Usage: RSS = 20140.81 MB, VMS = 44521.43 MB
[UEDRS] [00:00:01] Elapsed
[UEDRS] [03:51:28] Sampling done, obtained size: 750000
[UEDRS] [03:51:28] Memory Usage: RSS = 20140.97 MB, VMS = 44521.43 MB
[UEDRS] [00:00:22] Elapsed
[UEDRS] [03:51:29] Checking [RECBOLE][BPR][TMALL][750k]
[UEDRS] [03:51:29] Starting
[UEDRS] [03:57:28] Finished (1.82e-05)
[UEDRS] [03:57:28] Memory Usage: RSS = 20421.61 MB, VMS = 44877.45 MB
[UEDRS] [00:05:59] Elapsed

[UEDRS] [03:57:28] Memory Usage: RSS = 20421.61 MB, VMS = 44877.45 MB
[UEDRS] [03:57:28] Releasing dataframe from memory
[UEDRS] [03:57:29] Memory Usage: RSS = 20145.77 MB, VMS = 44598.45 MB
[UEDRS] [03:57:29] Dataset: MOVIELENS
[UEDRS] [03:57:29] Loading
[UEDRS] [03:57:30] Loading done
[UEDRS] [03:57:30] Memory Usage: RSS = 15038.03 MB, VMS = 44598.45 MB
[UEDRS] [00:00:00] Elapsed
[UEDRS] [03:57:38] Sampling done, obtained size: 750000
[UEDRS] [03:57:38] Memory Usage: RSS = 15038.03 MB, VMS = 44598.45 MB
[UEDRS] [00:00:08] Elapsed
[UEDRS] [03:57:38] Checking [RECBOLE][BPR][MOVIELENS][750k]
[UEDRS] [03:57:38] Starting
[UEDRS] [04:02:22] Finished (0.000142)
[UEDRS] [04:02:22] Memory Usage: RSS = 15183.97 MB, VMS = 44818.47 MB
[UEDRS] [00:04:43] Elapsed

[UEDRS] [04:02:22] Memory Usage: RSS = 15183.97 MB, VMS = 44818.47 MB
[UEDRS] [04:02:22] Releasing dataframe from memory
[UEDRS] [04:02:23] Memory Usage: RSS = 15042.65 MB, VMS = 44675.47 MB
[UEDRS] [04:02:23] Dataset: MUSIC4ALL
[UEDRS] [04:02:23] Loading
[UEDRS] [04:02:28] Loading done
[UEDRS] [04:02:28] Memory Usage: RSS = 15843.46 MB, VMS = 45057.06 MB
[UEDRS] [00:00:04] Elapsed
[UEDRS] [04:02:35] Sampling done, obtained size: 750000
[UEDRS] [04:02:35] Memory Usage: RSS = 15461.87 MB, VMS = 44675.47 MB
[UEDRS] [00:00:07] Elapsed
[UEDRS] [04:02:35] Checking [RECBOLE][BPR][MUSIC4ALL][750k]
[UEDRS] [04:02:35] Starting
[UEDRS] [04:06:04] Finished (6.61e-05)
[UEDRS] [04:06:04] Memory Usage: RSS = 15530.98 MB, VMS = 44816.49 MB
[UEDRS] [00:03:28] Elapsed

[UEDRS] [04:06:04] Memory Usage: RSS = 15530.98 MB, VMS = 44816.49 MB
[UEDRS] [04:06:04] Releasing dataframe from memory
[UEDRS] [04:06:05] Memory Usage: RSS = 15465.62 MB, VMS = 44750.49 MB
[UEDRS] [04:06:05] Dataset: NETFLIX
[UEDRS] [04:06:05] Loading
[UEDRS] [04:06:08] Loading done
[UEDRS] [04:06:08] Memory Usage: RSS = 15806.91 MB, VMS = 44750.49 MB
[UEDRS] [00:00:03] Elapsed
[UEDRS] [04:06:39] Sampling done, obtained size: 750000
[UEDRS] [04:06:39] Memory Usage: RSS = 15806.91 MB, VMS = 44750.49 MB
[UEDRS] [00:00:30] Elapsed
[UEDRS] [04:06:39] Checking [RECBOLE][BPR][NETFLIX][750k]
[UEDRS] [04:06:39] Starting
[UEDRS] [04:13:01] Finished (0.000318)
[UEDRS] [04:13:01] Memory Usage: RSS = 16033.84 MB, VMS = 45052.51 MB
[UEDRS] [00:06:21] Elapsed

[UEDRS] [04:13:01] Memory Usage: RSS = 16033.84 MB, VMS = 45052.51 MB
[UEDRS] [04:13:01] Releasing dataframe from memory
[UEDRS] [04:13:02] Memory Usage: RSS = 15811.41 MB, VMS = 44827.51 MB
[UEDRS] [04:13:02] Dataset: YAHOO
[UEDRS] [04:13:02] Loading
[UEDRS] [04:13:02] Loading done
[UEDRS] [04:13:02] Memory Usage: RSS = 15037.43 MB, VMS = 44827.51 MB
[UEDRS] [00:00:00] Elapsed
[UEDRS] [04:14:02] Sampling done, obtained size: 750000
[UEDRS] [04:14:02] Memory Usage: RSS = 15038.09 MB, VMS = 44827.51 MB
[UEDRS] [00:01:00] Elapsed
[UEDRS] [04:14:02] Checking [RECBOLE][BPR][YAHOO][750k]
[UEDRS] [04:14:02] Starting
[UEDRS] [04:18:19] Finished (0.000384)
[UEDRS] [04:18:19] Memory Usage: RSS = 15363.96 MB, VMS = 45229.53 MB
[UEDRS] [00:04:16] Elapsed

[UEDRS] [04:18:19] Memory Usage: RSS = 15363.96 MB, VMS = 45229.53 MB
[UEDRS] [04:18:19] Releasing dataframe from memory
[UEDRS] [04:18:20] Memory Usage: RSS = 15040.58 MB, VMS = 44902.53 MB
[UEDRS] [04:18:20] Dataset: ALIBABA
[UEDRS] [04:18:20] Loading
[UEDRS] [04:18:21] Loading done
[UEDRS] [04:18:21] Memory Usage: RSS = 15934.18 MB, VMS = 44902.53 MB
[UEDRS] [00:00:00] Elapsed
[UEDRS] [04:20:15] Sampling done, obtained size: 750000
[UEDRS] [04:20:15] Memory Usage: RSS = 15934.68 MB, VMS = 44902.53 MB
[UEDRS] [00:01:54] Elapsed
[UEDRS] [04:20:15] Checking [RECBOLE][BPR][ALIBABA][750k]
[UEDRS] [04:20:15] Starting
[UEDRS] [04:21:39] Finished (2.97e-05)
[UEDRS] [04:21:39] Memory Usage: RSS = 16458.91 MB, VMS = 45501.55 MB
[UEDRS] [00:01:23] Elapsed

[UEDRS] [04:21:39] Memory Usage: RSS = 16458.91 MB, VMS = 45501.55 MB
[UEDRS] [04:21:39] Releasing dataframe from memory
[UEDRS] [04:21:40] Memory Usage: RSS = 15937.33 MB, VMS = 44975.55 MB
[UEDRS] [04:21:40] Dataset: GOODREADS
[UEDRS] [04:21:40] Loading
[UEDRS] [04:21:41] Loading done
[UEDRS] [04:21:41] Memory Usage: RSS = 16913.95 MB, VMS = 44975.55 MB
[UEDRS] [00:00:00] Elapsed
[UEDRS] [04:22:18] Sampling done, obtained size: 750000
[UEDRS] [04:22:18] Memory Usage: RSS = 16914.86 MB, VMS = 44975.55 MB
[UEDRS] [00:00:37] Elapsed
[UEDRS] [04:22:18] Checking [RECBOLE][BPR][GOODREADS][750k]
[UEDRS] [04:22:19] Starting
[UEDRS] [04:27:52] Finished (1.04e-05)
[UEDRS] [04:27:52] Memory Usage: RSS = 17196.02 MB, VMS = 45332.57 MB
[UEDRS] [00:05:33] Elapsed

[UEDRS] [04:27:52] Memory Usage: RSS = 17196.02 MB, VMS = 45332.57 MB
[UEDRS] [04:27:52] Releasing dataframe from memory
[UEDRS] [04:27:53] Memory Usage: RSS = 16916.28 MB, VMS = 45049.57 MB
[UEDRS] [04:27:53] Dataset: LASTFM
[UEDRS] [04:27:53] Loading
[UEDRS] [04:27:54] Loading done
[UEDRS] [04:27:54] Memory Usage: RSS = 20717.47 MB, VMS = 47496.57 MB
[UEDRS] [00:00:01] Elapsed
[UEDRS] [04:28:16] Sampling done, obtained size: 750000
[UEDRS] [04:28:16] Memory Usage: RSS = 20719.48 MB, VMS = 47496.57 MB
[UEDRS] [00:00:22] Elapsed
[UEDRS] [04:28:16] Checking [RECBOLE][BPR][LASTFM][750k]
[UEDRS] [04:28:16] Starting
[UEDRS] [04:32:36] Finished (1.22e-05)
[UEDRS] [04:32:36] Memory Usage: RSS = 20854.55 MB, VMS = 47832.59 MB
[UEDRS] [00:04:19] Elapsed

[UEDRS] [04:32:36] Memory Usage: RSS = 20854.55 MB, VMS = 47832.59 MB
[UEDRS] [04:32:36] Releasing dataframe from memory
[UEDRS] [04:32:37] Memory Usage: RSS = 20721.10 MB, VMS = 47697.59 MB
[UEDRS] [04:32:37] Dataset: AMAZON
[UEDRS] [04:32:37] Loading
[UEDRS] [04:32:39] Loading done
[UEDRS] [04:32:39] Memory Usage: RSS = 24572.35 MB, VMS = 49561.59 MB
[UEDRS] [00:00:02] Elapsed
[UEDRS] [05:01:30] Sampling done, obtained size: 750000
[UEDRS] [05:01:30] Memory Usage: RSS = 23746.85 MB, VMS = 49561.97 MB
[UEDRS] [00:28:51] Elapsed
[UEDRS] [05:01:30] Checking [RECBOLE][BPR][AMAZON][750k]
[UEDRS] [05:01:30] Starting
[UEDRS] [05:03:58] Finished (0)
[UEDRS] [05:03:58] Memory Usage: RSS = 24263.15 MB, VMS = 50633.99 MB
[UEDRS] [00:02:27] Elapsed

[UEDRS] [05:03:58] Memory Usage: RSS = 24263.15 MB, VMS = 50633.99 MB
[UEDRS] [05:03:58] Releasing dataframe from memory
[UEDRS] [05:03:59] Memory Usage: RSS = 23752.52 MB, VMS = 50118.99 MB
[UEDRS] [05:03:59] Desired size: 1000000
[UEDRS] [05:03:59] Dataset: MYANIMELIST
[UEDRS] [05:03:59] Loading
[UEDRS] [05:04:01] Loading done
[UEDRS] [05:04:01] Memory Usage: RSS = 22772.84 MB, VMS = 50118.99 MB
[UEDRS] [00:00:01] Elapsed
[UEDRS] [05:04:04] Sampling done, obtained size: 1000000
[UEDRS] [05:04:04] Memory Usage: RSS = 22772.85 MB, VMS = 50118.99 MB
[UEDRS] [00:00:02] Elapsed
[UEDRS] [05:04:04] Checking [RECBOLE][BPR][MYANIMELIST][1m]
[UEDRS] [05:04:04] Starting
[UEDRS] [05:06:59] Finished (0.000481)
[UEDRS] [05:06:59] Memory Usage: RSS = 22795.02 MB, VMS = 50211.01 MB
[UEDRS] [00:02:54] Elapsed

[UEDRS] [05:06:59] Memory Usage: RSS = 22795.02 MB, VMS = 50211.01 MB
[UEDRS] [05:06:59] Releasing dataframe from memory
[UEDRS] [05:06:59] Memory Usage: RSS = 22774.23 MB, VMS = 50190.01 MB
[UEDRS] [05:06:59] Dataset: IPINYOU
[UEDRS] [05:06:59] Loading
[UEDRS] [05:07:00] Loading done
[UEDRS] [05:07:00] Memory Usage: RSS = 21874.17 MB, VMS = 50190.01 MB
[UEDRS] [00:00:00] Elapsed
[UEDRS] [05:16:13] Sampling done, obtained size: 1000000
[UEDRS] [05:16:13] Memory Usage: RSS = 21873.02 MB, VMS = 50189.01 MB
[UEDRS] [00:09:13] Elapsed
[UEDRS] [05:16:13] Checking [RECBOLE][BPR][IPINYOU][1m]
[UEDRS] [05:16:13] Starting
[UEDRS] [05:16:42] Finished (0.0348)
[UEDRS] [05:16:42] Memory Usage: RSS = 22576.37 MB, VMS = 51224.03 MB
[UEDRS] [00:00:28] Elapsed

[UEDRS] [05:16:42] Memory Usage: RSS = 22576.37 MB, VMS = 51224.03 MB
[UEDRS] [05:16:42] Releasing dataframe from memory
[UEDRS] [05:16:43] Memory Usage: RSS = 21883.62 MB, VMS = 50526.03 MB
[UEDRS] [05:16:43] Dataset: TMALL
[UEDRS] [05:16:43] Loading
[UEDRS] [05:16:44] Loading done
[UEDRS] [05:16:44] Memory Usage: RSS = 17058.98 MB, VMS = 46214.03 MB
[UEDRS] [00:00:00] Elapsed
[UEDRS] [05:17:05] Sampling done, obtained size: 1000000
[UEDRS] [05:17:05] Memory Usage: RSS = 17058.98 MB, VMS = 46214.03 MB
[UEDRS] [00:00:20] Elapsed
[UEDRS] [05:17:05] Checking [RECBOLE][BPR][TMALL][1m]
[UEDRS] [05:17:05] Starting
[UEDRS] [05:24:58] Finished (5e-06)
[UEDRS] [05:24:58] Memory Usage: RSS = 17390.03 MB, VMS = 46620.05 MB
[UEDRS] [00:07:53] Elapsed

[UEDRS] [05:24:58] Memory Usage: RSS = 17390.03 MB, VMS = 46620.05 MB
[UEDRS] [05:24:58] Releasing dataframe from memory
[UEDRS] [05:24:59] Memory Usage: RSS = 17063.66 MB, VMS = 46290.05 MB
[UEDRS] [05:24:59] Dataset: MOVIELENS
[UEDRS] [05:24:59] Loading
[UEDRS] [05:25:00] Loading done
[UEDRS] [05:25:00] Memory Usage: RSS = 16939.54 MB, VMS = 46290.05 MB
[UEDRS] [00:00:00] Elapsed
[UEDRS] [05:25:08] Sampling done, obtained size: 1000000
[UEDRS] [05:25:08] Memory Usage: RSS = 16939.55 MB, VMS = 46290.05 MB
[UEDRS] [00:00:08] Elapsed
[UEDRS] [05:25:08] Checking [RECBOLE][BPR][MOVIELENS][1m]
[UEDRS] [05:25:08] Starting
[UEDRS] [05:30:54] Finished (0.00014)
[UEDRS] [05:30:54] Memory Usage: RSS = 17094.45 MB, VMS = 46518.07 MB
[UEDRS] [00:05:46] Elapsed

[UEDRS] [05:30:54] Memory Usage: RSS = 17094.45 MB, VMS = 46518.07 MB
[UEDRS] [05:30:54] Releasing dataframe from memory
[UEDRS] [05:30:56] Memory Usage: RSS = 16944.16 MB, VMS = 46366.07 MB
[UEDRS] [05:30:56] Dataset: MUSIC4ALL
[UEDRS] [05:30:56] Loading
[UEDRS] [05:31:00] Loading done
[UEDRS] [05:31:00] Memory Usage: RSS = 17653.24 MB, VMS = 46746.66 MB
[UEDRS] [00:00:04] Elapsed
[UEDRS] [05:31:07] Sampling done, obtained size: 1000000
[UEDRS] [05:31:07] Memory Usage: RSS = 17271.66 MB, VMS = 46365.07 MB
[UEDRS] [00:00:07] Elapsed
[UEDRS] [05:31:07] Checking [RECBOLE][BPR][MUSIC4ALL][1m]
[UEDRS] [05:31:07] Starting
[UEDRS] [05:35:04] Finished (9.14e-05)
[UEDRS] [05:35:04] Memory Usage: RSS = 17335.86 MB, VMS = 46498.09 MB
[UEDRS] [00:03:56] Elapsed

[UEDRS] [05:35:04] Memory Usage: RSS = 17335.86 MB, VMS = 46498.09 MB
[UEDRS] [05:35:04] Releasing dataframe from memory
[UEDRS] [05:35:05] Memory Usage: RSS = 17277.47 MB, VMS = 46439.09 MB
[UEDRS] [05:35:05] Dataset: NETFLIX
[UEDRS] [05:35:05] Loading
[UEDRS] [05:35:05] Loading done
[UEDRS] [05:35:05] Memory Usage: RSS = 17602.18 MB, VMS = 46439.09 MB
[UEDRS] [00:00:00] Elapsed
[UEDRS] [05:35:36] Sampling done, obtained size: 1000000
[UEDRS] [05:35:36] Memory Usage: RSS = 17603.19 MB, VMS = 46439.09 MB
[UEDRS] [00:00:30] Elapsed
[UEDRS] [05:35:36] Checking [RECBOLE][BPR][NETFLIX][1m]
[UEDRS] [05:35:36] Starting
[UEDRS] [05:43:33] Finished (0.000241)
[UEDRS] [05:43:33] Memory Usage: RSS = 17881.00 MB, VMS = 46789.11 MB
[UEDRS] [00:07:57] Elapsed

[UEDRS] [05:43:33] Memory Usage: RSS = 17881.00 MB, VMS = 46789.11 MB
[UEDRS] [05:43:33] Releasing dataframe from memory
[UEDRS] [05:43:35] Memory Usage: RSS = 17611.02 MB, VMS = 46516.11 MB
[UEDRS] [05:43:35] Dataset: YAHOO
[UEDRS] [05:43:35] Loading
[UEDRS] [05:43:35] Loading done
[UEDRS] [05:43:35] Memory Usage: RSS = 17863.70 MB, VMS = 46516.11 MB
[UEDRS] [00:00:00] Elapsed
[UEDRS] [05:44:36] Sampling done, obtained size: 1000000
[UEDRS] [05:44:36] Memory Usage: RSS = 17865.74 MB, VMS = 46516.11 MB
[UEDRS] [00:01:00] Elapsed
[UEDRS] [05:44:36] Checking [RECBOLE][BPR][YAHOO][1m]
[UEDRS] [05:44:36] Starting
[UEDRS] [05:50:43] Finished (0.000263)
[UEDRS] [05:50:43] Memory Usage: RSS = 18290.09 MB, VMS = 47015.13 MB
[UEDRS] [00:06:06] Elapsed

[UEDRS] [05:50:43] Memory Usage: RSS = 18290.09 MB, VMS = 47015.13 MB
[UEDRS] [05:50:43] Releasing dataframe from memory
[UEDRS] [05:50:44] Memory Usage: RSS = 17870.52 MB, VMS = 46591.13 MB
[UEDRS] [05:50:44] Dataset: ALIBABA
[UEDRS] [05:50:44] Loading
[UEDRS] [05:50:45] Loading done
[UEDRS] [05:50:45] Memory Usage: RSS = 18061.77 MB, VMS = 46591.13 MB
[UEDRS] [00:00:00] Elapsed
[UEDRS] [05:52:47] Sampling done, obtained size: 1000000
[UEDRS] [05:52:47] Memory Usage: RSS = 18062.02 MB, VMS = 46591.13 MB
[UEDRS] [00:02:01] Elapsed
[UEDRS] [05:52:47] Checking [RECBOLE][BPR][ALIBABA][1m]
[UEDRS] [05:52:47] Starting
[UEDRS] [05:54:51] Finished (1.96e-05)
[UEDRS] [05:54:51] Memory Usage: RSS = 18763.09 MB, VMS = 47497.15 MB
[UEDRS] [00:02:04] Elapsed

[UEDRS] [05:54:51] Memory Usage: RSS = 18763.09 MB, VMS = 47497.15 MB
[UEDRS] [05:54:51] Releasing dataframe from memory
[UEDRS] [05:54:53] Memory Usage: RSS = 18061.61 MB, VMS = 46790.15 MB
[UEDRS] [05:54:53] Dataset: GOODREADS
[UEDRS] [05:54:53] Loading
[UEDRS] [05:54:53] Loading done
[UEDRS] [05:54:53] Memory Usage: RSS = 18256.83 MB, VMS = 46790.15 MB
[UEDRS] [00:00:00] Elapsed
[UEDRS] [05:55:30] Sampling done, obtained size: 1000000
[UEDRS] [05:55:30] Memory Usage: RSS = 18257.41 MB, VMS = 46790.15 MB
[UEDRS] [00:00:36] Elapsed
[UEDRS] [05:55:30] Checking [RECBOLE][BPR][GOODREADS][1m]
[UEDRS] [05:55:31] Starting
[UEDRS] [06:03:04] Finished (1.79e-05)
[UEDRS] [06:03:04] Memory Usage: RSS = 18608.94 MB, VMS = 47217.17 MB
[UEDRS] [00:07:33] Elapsed

[UEDRS] [06:03:04] Memory Usage: RSS = 18608.94 MB, VMS = 47217.17 MB
[UEDRS] [06:03:04] Releasing dataframe from memory
[UEDRS] [06:03:06] Memory Usage: RSS = 18263.95 MB, VMS = 46868.17 MB
[UEDRS] [06:03:06] Dataset: LASTFM
[UEDRS] [06:03:06] Loading
[UEDRS] [06:03:08] Loading done
[UEDRS] [06:03:08] Memory Usage: RSS = 21414.84 MB, VMS = 49316.17 MB
[UEDRS] [00:00:02] Elapsed
[UEDRS] [06:03:30] Sampling done, obtained size: 1000000
[UEDRS] [06:03:30] Memory Usage: RSS = 21414.84 MB, VMS = 49316.17 MB
[UEDRS] [00:00:21] Elapsed
[UEDRS] [06:03:30] Checking [RECBOLE][BPR][LASTFM][1m]
[UEDRS] [06:03:30] Starting
[UEDRS] [06:08:18] Finished (0)
[UEDRS] [06:08:18] Memory Usage: RSS = 21558.19 MB, VMS = 49532.19 MB
[UEDRS] [00:04:48] Elapsed

[UEDRS] [06:08:18] Memory Usage: RSS = 21558.19 MB, VMS = 49532.19 MB
[UEDRS] [06:08:18] Releasing dataframe from memory
[UEDRS] [06:08:19] Memory Usage: RSS = 21417.79 MB, VMS = 49390.19 MB
[UEDRS] [06:08:19] Dataset: AMAZON
[UEDRS] [06:08:19] Loading
[UEDRS] [06:08:22] Loading done
[UEDRS] [06:08:22] Memory Usage: RSS = 24540.39 MB, VMS = 51254.19 MB
[UEDRS] [00:00:02] Elapsed
[UEDRS] [06:36:50] Sampling done, obtained size: 1000000
[UEDRS] [06:36:50] Memory Usage: RSS = 24557.12 MB, VMS = 51253.32 MB
[UEDRS] [00:28:28] Elapsed
[UEDRS] [06:36:50] Checking [RECBOLE][BPR][AMAZON][1m]
[UEDRS] [06:36:50] Starting
[UEDRS] [06:40:22] Finished (1.41e-05)
[UEDRS] [06:40:22] Memory Usage: RSS = 25246.77 MB, VMS = 52433.34 MB
[UEDRS] [00:03:31] Elapsed

[UEDRS] [06:40:22] Memory Usage: RSS = 25246.77 MB, VMS = 52433.34 MB
[UEDRS] [06:40:22] Releasing dataframe from memory
[UEDRS] [06:40:23] Memory Usage: RSS = 24567.23 MB, VMS = 51748.34 MB
[UEDRS] [06:40:23] Desired size: 25000000
[UEDRS] [06:40:23] Dataset: MYANIMELIST
[UEDRS] [06:40:23] Loading
[UEDRS] [06:40:24] Loading done
[UEDRS] [06:40:24] Memory Usage: RSS = 24611.53 MB, VMS = 51747.34 MB
[UEDRS] [00:00:00] Elapsed
[UEDRS] [06:40:24] Sampling done, obtained size: 7813730
[UEDRS] [06:40:24] Memory Usage: RSS = 24611.53 MB, VMS = 51747.34 MB
[UEDRS] [00:00:00] Elapsed
[UEDRS] [06:40:24] Checking [RECBOLE][BPR][MYANIMELIST][8m]
[UEDRS] [06:40:24] Starting
[UEDRS] [06:44:50] Finished (0.00109)
[UEDRS] [06:44:50] Memory Usage: RSS = 24965.55 MB, VMS = 52176.36 MB
[UEDRS] [00:04:25] Elapsed

[UEDRS] [06:44:50] Memory Usage: RSS = 24965.55 MB, VMS = 52176.36 MB
[UEDRS] [06:44:50] Releasing dataframe from memory
[UEDRS] [06:44:52] Memory Usage: RSS = 24613.43 MB, VMS = 51820.36 MB
[UEDRS] [06:44:52] Dataset: IPINYOU
[UEDRS] [06:44:52] Loading
[UEDRS] [06:44:52] Loading done
[UEDRS] [06:44:52] Memory Usage: RSS = 24491.08 MB, VMS = 51820.36 MB
[UEDRS] [00:00:00] Elapsed
[UEDRS] [06:44:52] Sampling done, obtained size: 22269879
[UEDRS] [06:44:52] Memory Usage: RSS = 24491.08 MB, VMS = 51820.36 MB
[UEDRS] [00:00:00] Elapsed
[UEDRS] [06:44:52] Checking [RECBOLE][BPR][IPINYOU][22m]
[UEDRS] [06:44:52] Starting
[UEDRS] [06:57:27] Finished (0.0284)
[UEDRS] [06:57:27] Memory Usage: RSS = 42631.07 MB, VMS = 83673.44 MB
[UEDRS] [00:12:34] Elapsed

[UEDRS] [06:57:27] Memory Usage: RSS = 42631.07 MB, VMS = 83673.44 MB
[UEDRS] [06:57:27] Releasing dataframe from memory
[UEDRS] [06:58:06] Memory Usage: RSS = 24494.65 MB, VMS = 65341.38 MB
[UEDRS] [06:58:06] Dataset: TMALL
[UEDRS] [06:58:06] Loading
[UEDRS] [06:58:07] Loading done
[UEDRS] [06:58:07] Memory Usage: RSS = 20033.29 MB, VMS = 61029.38 MB
[UEDRS] [00:00:00] Elapsed
[UEDRS] [06:58:07] Sampling done, obtained size: 24363557
[UEDRS] [06:58:07] Memory Usage: RSS = 20033.29 MB, VMS = 61029.38 MB
[UEDRS] [00:00:00] Elapsed
[UEDRS] [06:58:07] Checking [RECBOLE][BPR][TMALL][24m]
[UEDRS] [06:58:07] Starting
[UEDRS] [07:37:28] Finished (3.1e-06)
[UEDRS] [07:37:28] Memory Usage: RSS = 22446.86 MB, VMS = 63514.39 MB
[UEDRS] [00:39:20] Elapsed

[UEDRS] [07:37:28] Memory Usage: RSS = 22446.86 MB, VMS = 63514.39 MB
[UEDRS] [07:37:28] Releasing dataframe from memory
[UEDRS] [07:37:41] Memory Usage: RSS = 20048.31 MB, VMS = 61109.39 MB
[UEDRS] [07:37:41] Dataset: MOVIELENS
[UEDRS] [07:37:41] Loading
[UEDRS] [07:37:41] Loading done
[UEDRS] [07:37:41] Memory Usage: RSS = 19995.17 MB, VMS = 61109.39 MB
[UEDRS] [00:00:00] Elapsed
[UEDRS] [07:37:54] Sampling done, obtained size: 25000000
[UEDRS] [07:37:54] Memory Usage: RSS = 19995.18 MB, VMS = 61109.39 MB
[UEDRS] [00:00:13] Elapsed
[UEDRS] [07:37:54] Checking [RECBOLE][BPR][MOVIELENS][25m]
[UEDRS] [07:37:54] Starting
[UEDRS] [07:51:21] Finished (0.000178)
[UEDRS] [07:51:21] Memory Usage: RSS = 21460.57 MB, VMS = 62653.41 MB
[UEDRS] [00:13:26] Elapsed

[UEDRS] [07:51:21] Memory Usage: RSS = 21460.57 MB, VMS = 62653.41 MB
[UEDRS] [07:51:21] Releasing dataframe from memory
[UEDRS] [07:51:27] Memory Usage: RSS = 19996.75 MB, VMS = 61182.41 MB
[UEDRS] [07:51:27] Dataset: MUSIC4ALL
[UEDRS] [07:51:27] Loading
[UEDRS] [07:51:30] Loading done
[UEDRS] [07:51:30] Memory Usage: RSS = 20035.57 MB, VMS = 61564.01 MB
[UEDRS] [00:00:02] Elapsed
[UEDRS] [07:51:46] Sampling done, obtained size: 25000000
[UEDRS] [07:51:46] Memory Usage: RSS = 19653.98 MB, VMS = 61182.41 MB
[UEDRS] [00:00:16] Elapsed
[UEDRS] [07:51:46] Checking [RECBOLE][BPR][MUSIC4ALL][25m]
[UEDRS] [07:51:46] Starting
[UEDRS] [08:00:44] Finished (0.000404)
[UEDRS] [08:00:44] Memory Usage: RSS = 21011.39 MB, VMS = 62617.43 MB
[UEDRS] [00:08:58] Elapsed

[UEDRS] [08:00:44] Memory Usage: RSS = 21011.39 MB, VMS = 62617.43 MB
[UEDRS] [08:00:44] Releasing dataframe from memory
[UEDRS] [08:00:51] Memory Usage: RSS = 19660.59 MB, VMS = 61259.43 MB
[UEDRS] [08:00:51] Dataset: NETFLIX
[UEDRS] [08:00:51] Loading
[UEDRS] [08:00:52] Loading done
[UEDRS] [08:00:52] Memory Usage: RSS = 19807.84 MB, VMS = 61259.43 MB
[UEDRS] [00:00:00] Elapsed
[UEDRS] [08:01:27] Sampling done, obtained size: 25000000
[UEDRS] [08:01:27] Memory Usage: RSS = 19807.85 MB, VMS = 61259.43 MB
[UEDRS] [00:00:35] Elapsed
[UEDRS] [08:01:27] Checking [RECBOLE][BPR][NETFLIX][25m]
[UEDRS] [08:01:27] Starting
[UEDRS] [08:27:35] Finished (0.000457)
[UEDRS] [08:27:35] Memory Usage: RSS = 21765.47 MB, VMS = 63296.45 MB
[UEDRS] [00:26:08] Elapsed

[UEDRS] [08:27:36] Memory Usage: RSS = 21765.47 MB, VMS = 63296.45 MB
[UEDRS] [08:27:36] Releasing dataframe from memory
[UEDRS] [08:27:48] Memory Usage: RSS = 19813.64 MB, VMS = 61337.45 MB
[UEDRS] [08:27:48] Dataset: YAHOO
[UEDRS] [08:27:48] Loading
[UEDRS] [08:27:51] Loading done
[UEDRS] [08:27:51] Memory Usage: RSS = 19997.58 MB, VMS = 61336.45 MB
[UEDRS] [00:00:03] Elapsed
[UEDRS] [08:28:56] Sampling done, obtained size: 25000000
[UEDRS] [08:28:56] Memory Usage: RSS = 19997.54 MB, VMS = 61335.45 MB
[UEDRS] [00:01:05] Elapsed
[UEDRS] [08:28:56] Checking [RECBOLE][BPR][YAHOO][25m]
[UEDRS] [08:28:56] Starting
[UEDRS] [09:38:27] Finished (0.000109)
[UEDRS] [09:38:27] Memory Usage: RSS = 23879.30 MB, VMS = 65320.43 MB
[UEDRS] [01:09:31] Elapsed

[UEDRS] [09:38:27] Memory Usage: RSS = 23879.30 MB, VMS = 65320.43 MB
[UEDRS] [09:38:27] Releasing dataframe from memory
[UEDRS] [09:38:47] Memory Usage: RSS = 20021.15 MB, VMS = 61430.43 MB
[UEDRS] [09:38:47] Dataset: ALIBABA
[UEDRS] [09:38:47] Loading
[UEDRS] [09:38:57] Loading done
[UEDRS] [09:38:57] Memory Usage: RSS = 20135.88 MB, VMS = 61430.43 MB
[UEDRS] [00:00:09] Elapsed
[UEDRS] [09:40:54] Sampling done, obtained size: 25000000
[UEDRS] [09:40:54] Memory Usage: RSS = 20135.89 MB, VMS = 61430.43 MB
[UEDRS] [00:01:57] Elapsed
[UEDRS] [09:40:54] Checking [RECBOLE][BPR][ALIBABA][25m]
[UEDRS] [09:40:54] Starting
