[UEDRS] [00:00:11] Mode: ABSOLUTE STRATIFIED_USER
[UEDRS] [00:00:11] Tag:  RECBOLE:ITEM_KNN
[UEDRS] [00:00:11] Tool: RECBOLE
[UEDRS] [00:00:11] Algorithm: ITEM_KNN
[UEDRS] [00:00:11] Datasets: MYANIMELIST, IPINYOU, TMALL, MOVIELENS, MUSIC4ALL, NETFLIX, YAHOO, ALIBABA, GOODREADS, LASTFM, AMAZON
[UEDRS] [00:00:11] Sizes: [100000, 250000, 500000, 750000, 1000000, 25000000, 50000000, 75000000, 100000000]

[UEDRS] [00:00:11] Current dataset [MYANIMELIST]
[UEDRS] [00:00:11] Loading full dataset
[UEDRS] [00:00:12] Loading done
[UEDRS] [00:00:12] Memory Usage: RSS = 924.82 MB, VMS = 10534.79 MB
[UEDRS] [00:00:00] Elapsed
[UEDRS] [00:00:12] Sampling for [100000]
[UEDRS] [00:00:14] Sampling done
[UEDRS] [00:00:14] Memory Usage: RSS = 965.70 MB, VMS = 10574.11 MB
[UEDRS] [00:00:02] Elapsed
[UEDRS] [00:00:14] Checking [RECBOLE][ITEM_KNN][MYANIMELIST][0m]
[UEDRS] [00:00:14] Skipping (0.00051)
[UEDRS] [00:00:14] Memory Usage: RSS = 965.70 MB, VMS = 10574.11 MB
[UEDRS] [00:00:14] Releasing dataframe from memory
[UEDRS] [00:00:15] Memory Usage: RSS = 965.70 MB, VMS = 10574.11 MB
[UEDRS] [00:00:15] Loading full dataset
[UEDRS] [00:00:15] Loading done
[UEDRS] [00:00:15] Memory Usage: RSS = 1220.44 MB, VMS = 10574.11 MB
[UEDRS] [00:00:00] Elapsed
[UEDRS] [00:00:15] Sampling for [250000]
[UEDRS] [00:00:17] Sampling done
[UEDRS] [00:00:17] Memory Usage: RSS = 1208.11 MB, VMS = 10561.66 MB
[UEDRS] [00:00:02] Elapsed
[UEDRS] [00:00:17] Checking [RECBOLE][ITEM_KNN][MYANIMELIST][0m]
[UEDRS] [00:00:17] Skipping (0.00051)
[UEDRS] [00:00:17] Memory Usage: RSS = 1207.13 MB, VMS = 10560.66 MB
[UEDRS] [00:00:17] Releasing dataframe from memory
[UEDRS] [00:00:17] Memory Usage: RSS = 1206.14 MB, VMS = 10559.66 MB
[UEDRS] [00:00:17] Loading full dataset
[UEDRS] [00:00:17] Loading done
[UEDRS] [00:00:17] Memory Usage: RSS = 1440.66 MB, VMS = 10559.66 MB
[UEDRS] [00:00:00] Elapsed
[UEDRS] [00:00:17] Sampling for [500000]
[UEDRS] [00:00:20] Sampling done
[UEDRS] [00:00:20] Memory Usage: RSS = 1442.61 MB, VMS = 10561.65 MB
[UEDRS] [00:00:02] Elapsed
[UEDRS] [00:00:20] Checking [RECBOLE][ITEM_KNN][MYANIMELIST][0m]
[UEDRS] [00:00:20] Skipping (0.00051)
[UEDRS] [00:00:20] Memory Usage: RSS = 1442.61 MB, VMS = 10561.65 MB
[UEDRS] [00:00:20] Releasing dataframe from memory
[UEDRS] [00:00:20] Memory Usage: RSS = 1440.65 MB, VMS = 10559.65 MB
[UEDRS] [00:00:20] Loading full dataset
[UEDRS] [00:00:20] Loading done
[UEDRS] [00:00:20] Memory Usage: RSS = 1679.24 MB, VMS = 11583.65 MB
[UEDRS] [00:00:00] Elapsed
[UEDRS] [00:00:20] Sampling for [750000]
[UEDRS] [00:00:23] Sampling done
[UEDRS] [00:00:23] Memory Usage: RSS = 1739.70 MB, VMS = 11644.27 MB
[UEDRS] [00:00:02] Elapsed
[UEDRS] [00:00:23] Checking [RECBOLE][ITEM_KNN][MYANIMELIST][1m]
[UEDRS] [00:00:23] Skipping (0.01475)
[UEDRS] [00:00:23] Memory Usage: RSS = 1739.70 MB, VMS = 11644.27 MB
[UEDRS] [00:00:23] Releasing dataframe from memory
[UEDRS] [00:00:23] Memory Usage: RSS = 1679.23 MB, VMS = 11583.65 MB
[UEDRS] [00:00:23] Loading full dataset
[UEDRS] [00:00:23] Loading done
[UEDRS] [00:00:23] Memory Usage: RSS = 1768.96 MB, VMS = 11583.65 MB
[UEDRS] [00:00:00] Elapsed
[UEDRS] [00:00:23] Sampling for [1000000]
[UEDRS] [00:00:25] Sampling done
[UEDRS] [00:00:25] Memory Usage: RSS = 1835.50 MB, VMS = 11650.34 MB
[UEDRS] [00:00:02] Elapsed
[UEDRS] [00:00:25] Checking [RECBOLE][ITEM_KNN][MYANIMELIST][1m]
[UEDRS] [00:00:25] Skipping (0.01475)
[UEDRS] [00:00:25] Memory Usage: RSS = 1835.50 MB, VMS = 11650.34 MB
[UEDRS] [00:00:25] Releasing dataframe from memory
[UEDRS] [00:00:26] Memory Usage: RSS = 1768.94 MB, VMS = 11583.64 MB
[UEDRS] [00:00:26] Loading full dataset
[UEDRS] [00:00:26] Loading done
[UEDRS] [00:00:26] Memory Usage: RSS = 1776.45 MB, VMS = 11583.64 MB
[UEDRS] [00:00:00] Elapsed
[UEDRS] [00:00:26] Sampling for [25000000]
[UEDRS] [00:00:28] Sampling done
[UEDRS] [00:00:28] Memory Usage: RSS = 1925.09 MB, VMS = 11732.34 MB
[UEDRS] [00:00:02] Elapsed
[UEDRS] [00:00:28] Checking [RECBOLE][ITEM_KNN][MYANIMELIST][8m]
[UEDRS] [00:00:28] Skipping (0.28044)
[UEDRS] [00:00:28] Memory Usage: RSS = 1925.09 MB, VMS = 11732.34 MB
[UEDRS] [00:00:28] Releasing dataframe from memory
[UEDRS] [00:00:28] Memory Usage: RSS = 1864.50 MB, VMS = 11671.73 MB
[UEDRS] [00:00:28] Loading full dataset
[UEDRS] [00:00:29] Loading done
[UEDRS] [00:00:29] Memory Usage: RSS = 1871.43 MB, VMS = 11671.73 MB
[UEDRS] [00:00:00] Elapsed
[UEDRS] [00:00:29] Sampling for [50000000]
[UEDRS] [00:00:31] Sampling done
[UEDRS] [00:00:31] Memory Usage: RSS = 1946.96 MB, VMS = 11747.25 MB
[UEDRS] [00:00:02] Elapsed
[UEDRS] [00:00:31] Checking [RECBOLE][ITEM_KNN][MYANIMELIST][8m]
[UEDRS] [00:00:31] Skipping (0.28044)
[UEDRS] [00:00:31] Memory Usage: RSS = 1946.96 MB, VMS = 11747.25 MB
[UEDRS] [00:00:31] Releasing dataframe from memory
[UEDRS] [00:00:31] Memory Usage: RSS = 1886.37 MB, VMS = 11686.63 MB
[UEDRS] [00:00:31] Loading full dataset
[UEDRS] [00:00:31] Loading done
[UEDRS] [00:00:31] Memory Usage: RSS = 1906.43 MB, VMS = 11686.63 MB
[UEDRS] [00:00:00] Elapsed
[UEDRS] [00:00:31] Sampling for [75000000]
[UEDRS] [00:00:34] Sampling done
[UEDRS] [00:00:34] Memory Usage: RSS = 1966.98 MB, VMS = 11747.21 MB
[UEDRS] [00:00:02] Elapsed
[UEDRS] [00:00:34] Checking [RECBOLE][ITEM_KNN][MYANIMELIST][8m]
[UEDRS] [00:00:34] Skipping (0.28044)
[UEDRS] [00:00:34] Memory Usage: RSS = 1966.98 MB, VMS = 11747.21 MB
[UEDRS] [00:00:34] Releasing dataframe from memory
[UEDRS] [00:00:34] Memory Usage: RSS = 1906.39 MB, VMS = 11686.59 MB
[UEDRS] [00:00:34] Loading full dataset
[UEDRS] [00:00:34] Loading done
[UEDRS] [00:00:34] Memory Usage: RSS = 1939.10 MB, VMS = 11686.59 MB
[UEDRS] [00:00:00] Elapsed
[UEDRS] [00:00:34] Sampling for [100000000]
[UEDRS] [00:00:37] Sampling done
[UEDRS] [00:00:37] Memory Usage: RSS = 1999.69 MB, VMS = 11747.21 MB
[UEDRS] [00:00:02] Elapsed
[UEDRS] [00:00:37] Checking [RECBOLE][ITEM_KNN][MYANIMELIST][8m]
[UEDRS] [00:00:37] Skipping (0.28044)
[UEDRS] [00:00:37] Memory Usage: RSS = 1999.69 MB, VMS = 11747.21 MB
[UEDRS] [00:00:37] Releasing dataframe from memory
[UEDRS] [00:00:37] Memory Usage: RSS = 1939.10 MB, VMS = 11686.59 MB
[UEDRS] [00:00:37] Current dataset [IPINYOU]
[UEDRS] [00:00:37] Loading full dataset
[UEDRS] [00:00:38] Loading done
[UEDRS] [00:00:38] Memory Usage: RSS = 2060.61 MB, VMS = 12802.60 MB
[UEDRS] [00:00:01] Elapsed
[UEDRS] [00:00:38] Sampling for [100000]
[UEDRS] [00:09:48] Sampling done
[UEDRS] [00:09:49] Memory Usage: RSS = 3747.34 MB, VMS = 14488.49 MB
[UEDRS] [00:09:10] Elapsed
[UEDRS] [00:09:49] Checking [RECBOLE][ITEM_KNN][IPINYOU][0m]
[UEDRS] [00:09:49] Starting
[UEDRS]
[00:09:50]
Exception handled:
Some feat is empty, please check the filtering settings.
[UEDRS] [00:09:51] Finished (-1.0)
[UEDRS] [00:09:51] Memory Usage: RSS = 3749.25 MB, VMS = 19026.69 MB
[UEDRS] [00:00:01] Elapsed

[UEDRS] [00:09:51] Memory Usage: RSS = 3749.25 MB, VMS = 19026.69 MB
[UEDRS] [00:09:51] Releasing dataframe from memory
[UEDRS] [00:09:51] Memory Usage: RSS = 3749.25 MB, VMS = 19026.69 MB
[UEDRS] [00:09:51] Loading full dataset
[UEDRS] [00:09:51] Loading done
[UEDRS] [00:09:51] Memory Usage: RSS = 3709.46 MB, VMS = 20050.69 MB
[UEDRS] [00:00:00] Elapsed
[UEDRS] [00:09:51] Sampling for [250000]
[UEDRS] [00:19:05] Sampling done
[UEDRS] [00:19:05] Memory Usage: RSS = 5050.94 MB, VMS = 21390.85 MB
[UEDRS] [00:09:14] Elapsed
[UEDRS] [00:19:05] Checking [RECBOLE][ITEM_KNN][IPINYOU][0m]
[UEDRS] [00:19:05] Starting
[UEDRS]
[00:19:05]
Exception handled:
Some feat is empty, please check the filtering settings.
[UEDRS] [00:19:05] Finished (-1.0)
[UEDRS] [00:19:05] Memory Usage: RSS = 5050.94 MB, VMS = 21390.85 MB
[UEDRS] [00:00:00] Elapsed

[UEDRS] [00:19:05] Memory Usage: RSS = 5050.94 MB, VMS = 21390.85 MB
[UEDRS] [00:19:05] Releasing dataframe from memory
[UEDRS] [00:19:06] Memory Usage: RSS = 5049.95 MB, VMS = 21389.85 MB
[UEDRS] [00:19:06] Loading full dataset
[UEDRS] [00:19:06] Loading done
[UEDRS] [00:19:06] Memory Usage: RSS = 5107.84 MB, VMS = 22577.87 MB
[UEDRS] [00:00:00] Elapsed
[UEDRS] [00:19:06] Sampling for [500000]
[UEDRS] [00:28:15] Sampling done
[UEDRS] [00:28:15] Memory Usage: RSS = 5285.99 MB, VMS = 22748.82 MB
[UEDRS] [00:09:09] Elapsed
[UEDRS] [00:28:15] Checking [RECBOLE][ITEM_KNN][IPINYOU][0m]
[UEDRS] [00:28:15] Starting
[UEDRS]
[00:28:15]
Exception handled:
Some feat is empty, please check the filtering settings.
[UEDRS] [00:28:15] Finished (-1.0)
[UEDRS] [00:28:15] Memory Usage: RSS = 5285.99 MB, VMS = 22748.82 MB
[UEDRS] [00:00:00] Elapsed

[UEDRS] [00:28:15] Memory Usage: RSS = 5285.99 MB, VMS = 22748.82 MB
[UEDRS] [00:28:15] Releasing dataframe from memory
[UEDRS] [00:28:15] Memory Usage: RSS = 5284.00 MB, VMS = 22746.82 MB
[UEDRS] [00:28:15] Loading full dataset
[UEDRS] [00:28:15] Loading done
[UEDRS] [00:28:15] Memory Usage: RSS = 5265.43 MB, VMS = 23770.82 MB
[UEDRS] [00:00:00] Elapsed
[UEDRS] [00:28:15] Sampling for [750000]
[UEDRS] [00:37:28] Sampling done
[UEDRS] [00:37:28] Memory Usage: RSS = 5288.73 MB, VMS = 23771.82 MB
[UEDRS] [00:09:12] Elapsed
[UEDRS] [00:37:28] Checking [RECBOLE][ITEM_KNN][IPINYOU][0m]
[UEDRS] [00:37:28] Starting
[UEDRS]
[00:37:28]
Exception handled:
Some feat is empty, please check the filtering settings.
[UEDRS] [00:37:28] Finished (-1.0)
[UEDRS] [00:37:28] Memory Usage: RSS = 5288.73 MB, VMS = 23771.82 MB
[UEDRS] [00:00:00] Elapsed

[UEDRS] [00:37:28] Memory Usage: RSS = 5288.73 MB, VMS = 23771.82 MB
[UEDRS] [00:37:28] Releasing dataframe from memory
[UEDRS] [00:37:28] Memory Usage: RSS = 5287.73 MB, VMS = 23770.82 MB
[UEDRS] [00:37:28] Loading full dataset
[UEDRS] [00:37:28] Loading done
[UEDRS] [00:37:28] Memory Usage: RSS = 5393.61 MB, VMS = 24886.82 MB
[UEDRS] [00:00:00] Elapsed
[UEDRS] [00:37:28] Sampling for [1000000]
[UEDRS] [00:46:36] Sampling done
[UEDRS] [00:46:36] Memory Usage: RSS = 5395.55 MB, VMS = 24888.82 MB
[UEDRS] [00:09:08] Elapsed
[UEDRS] [00:46:36] Checking [RECBOLE][ITEM_KNN][IPINYOU][0m]
[UEDRS] [00:46:36] Starting
[UEDRS]
[00:46:36]
Exception handled:
Some feat is empty, please check the filtering settings.
[UEDRS] [00:46:36] Finished (-1.0)
[UEDRS] [00:46:36] Memory Usage: RSS = 5395.55 MB, VMS = 24888.82 MB
[UEDRS] [00:00:00] Elapsed

[UEDRS] [00:46:36] Memory Usage: RSS = 5395.55 MB, VMS = 24888.82 MB
[UEDRS] [00:46:36] Releasing dataframe from memory
[UEDRS] [00:46:36] Memory Usage: RSS = 5394.57 MB, VMS = 24887.82 MB
[UEDRS] [00:46:36] Loading full dataset
[UEDRS] [00:46:37] Loading done
[UEDRS] [00:46:37] Memory Usage: RSS = 5226.86 MB, VMS = 25727.82 MB
[UEDRS] [00:00:00] Elapsed
[UEDRS] [00:46:37] Sampling for [25000000]
[UEDRS] [00:55:48] Sampling done
[UEDRS] [00:55:48] Memory Usage: RSS = 5227.86 MB, VMS = 25728.82 MB
[UEDRS] [00:09:11] Elapsed
[UEDRS] [00:55:48] Checking [RECBOLE][ITEM_KNN][IPINYOU][22m]
[UEDRS] [00:55:48] Starting
[UEDRS] [01:15:03] Finished (0.40705)
[UEDRS] [01:15:03] Memory Usage: RSS = 26133.03 MB, VMS = 68942.89 MB
[UEDRS] [00:19:15] Elapsed

[UEDRS] [01:15:03] Memory Usage: RSS = 26133.03 MB, VMS = 68942.89 MB
[UEDRS] [01:15:03] Releasing dataframe from memory
[UEDRS] [01:15:33] Memory Usage: RSS = 6306.89 MB, VMS = 48969.52 MB
[UEDRS] [01:15:33] Loading full dataset
[UEDRS] [01:15:34] Loading done
[UEDRS] [01:15:34] Memory Usage: RSS = 6438.38 MB, VMS = 51017.52 MB
[UEDRS] [00:00:01] Elapsed
[UEDRS] [01:15:34] Sampling for [50000000]
[UEDRS] [01:24:23] Sampling done
[UEDRS] [01:24:23] Memory Usage: RSS = 6438.87 MB, VMS = 51017.52 MB
[UEDRS] [00:08:49] Elapsed
[UEDRS] [01:24:23] Checking [RECBOLE][ITEM_KNN][IPINYOU][22m]
[UEDRS] [01:24:23] Skipping (0.40705)
[UEDRS] [01:24:23] Memory Usage: RSS = 6438.87 MB, VMS = 51017.52 MB
[UEDRS] [01:24:23] Releasing dataframe from memory
[UEDRS] [01:24:23] Memory Usage: RSS = 6438.87 MB, VMS = 51017.52 MB
[UEDRS] [01:24:23] Loading full dataset
[UEDRS] [01:24:23] Loading done
[UEDRS] [01:24:23] Memory Usage: RSS = 6512.67 MB, VMS = 50925.52 MB
[UEDRS] [00:00:00] Elapsed
[UEDRS] [01:24:23] Sampling for [75000000]
[UEDRS] [01:33:42] Sampling done
[UEDRS] [01:33:42] Memory Usage: RSS = 6512.67 MB, VMS = 50925.52 MB
[UEDRS] [00:09:18] Elapsed
[UEDRS] [01:33:42] Checking [RECBOLE][ITEM_KNN][IPINYOU][22m]
[UEDRS] [01:33:42] Skipping (0.40705)
[UEDRS] [01:33:42] Memory Usage: RSS = 6512.67 MB, VMS = 50925.52 MB
[UEDRS] [01:33:42] Releasing dataframe from memory
[UEDRS] [01:33:42] Memory Usage: RSS = 6512.67 MB, VMS = 50925.52 MB
[UEDRS] [01:33:42] Loading full dataset
[UEDRS] [01:33:42] Loading done
[UEDRS] [01:33:42] Memory Usage: RSS = 6612.78 MB, VMS = 50925.52 MB
[UEDRS] [00:00:00] Elapsed
[UEDRS] [01:33:42] Sampling for [100000000]
[UEDRS] [01:42:55] Sampling done
[UEDRS] [01:42:55] Memory Usage: RSS = 6612.78 MB, VMS = 50925.52 MB
[UEDRS] [00:09:13] Elapsed
[UEDRS] [01:42:55] Checking [RECBOLE][ITEM_KNN][IPINYOU][22m]
[UEDRS] [01:42:55] Skipping (0.40705)
[UEDRS] [01:42:55] Memory Usage: RSS = 6612.78 MB, VMS = 50925.52 MB
[UEDRS] [01:42:55] Releasing dataframe from memory
[UEDRS] [01:42:56] Memory Usage: RSS = 6612.78 MB, VMS = 50925.52 MB
[UEDRS] [01:42:56] Current dataset [TMALL]
[UEDRS] [01:42:56] Loading full dataset
[UEDRS] [01:42:57] Loading done
[UEDRS] [01:42:57] Memory Usage: RSS = 6402.49 MB, VMS = 50925.52 MB
[UEDRS] [00:00:01] Elapsed
[UEDRS] [01:42:57] Sampling for [100000]
[UEDRS] [01:43:18] Sampling done
[UEDRS] [01:43:18] Memory Usage: RSS = 6402.49 MB, VMS = 50925.52 MB
[UEDRS] [00:00:21] Elapsed
[UEDRS] [01:43:18] Checking [RECBOLE][ITEM_KNN][TMALL][0m]
[UEDRS] [01:43:18] Skipping (0.00018)
[UEDRS] [01:43:18] Memory Usage: RSS = 6402.49 MB, VMS = 50925.52 MB
[UEDRS] [01:43:18] Releasing dataframe from memory
[UEDRS] [01:43:18] Memory Usage: RSS = 6402.49 MB, VMS = 50925.52 MB
[UEDRS] [01:43:18] Loading full dataset
[UEDRS] [01:43:18] Loading done
[UEDRS] [01:43:18] Memory Usage: RSS = 6399.49 MB, VMS = 50925.52 MB
[UEDRS] [00:00:00] Elapsed
[UEDRS] [01:43:18] Sampling for [250000]
[UEDRS] [01:43:39] Sampling done
[UEDRS] [01:43:39] Memory Usage: RSS = 6399.49 MB, VMS = 50925.52 MB
[UEDRS] [00:00:21] Elapsed
[UEDRS] [01:43:39] Checking [RECBOLE][ITEM_KNN][TMALL][0m]
[UEDRS] [01:43:39] Skipping (0.00018)
[UEDRS] [01:43:39] Memory Usage: RSS = 6399.49 MB, VMS = 50925.52 MB
[UEDRS] [01:43:39] Releasing dataframe from memory
[UEDRS] [01:43:39] Memory Usage: RSS = 6399.49 MB, VMS = 50925.52 MB
[UEDRS] [01:43:39] Loading full dataset
[UEDRS] [01:43:40] Loading done
[UEDRS] [01:43:40] Memory Usage: RSS = 6546.37 MB, VMS = 50925.52 MB
[UEDRS] [00:00:00] Elapsed
[UEDRS] [01:43:40] Sampling for [500000]
[UEDRS] [01:44:01] Sampling done
[UEDRS] [01:44:01] Memory Usage: RSS = 6546.37 MB, VMS = 50925.52 MB
[UEDRS] [00:00:21] Elapsed
[UEDRS] [01:44:01] Checking [RECBOLE][ITEM_KNN][TMALL][0m]
[UEDRS] [01:44:01] Skipping (0.00018)
[UEDRS] [01:44:01] Memory Usage: RSS = 6546.37 MB, VMS = 50925.52 MB
[UEDRS] [01:44:01] Releasing dataframe from memory
[UEDRS] [01:44:01] Memory Usage: RSS = 6546.37 MB, VMS = 50925.52 MB
[UEDRS] [01:44:01] Loading full dataset
[UEDRS] [01:44:01] Loading done
[UEDRS] [01:44:01] Memory Usage: RSS = 6637.21 MB, VMS = 50925.52 MB
[UEDRS] [00:00:00] Elapsed
[UEDRS] [01:44:01] Sampling for [750000]
[UEDRS] [01:44:22] Sampling done
[UEDRS] [01:44:22] Memory Usage: RSS = 6637.21 MB, VMS = 50925.52 MB
[UEDRS] [00:00:21] Elapsed
[UEDRS] [01:44:22] Checking [RECBOLE][ITEM_KNN][TMALL][1m]
[UEDRS] [01:44:22] Skipping (7e-05)
[UEDRS] [01:44:22] Memory Usage: RSS = 6637.21 MB, VMS = 50925.52 MB
[UEDRS] [01:44:22] Releasing dataframe from memory
[UEDRS] [01:44:22] Memory Usage: RSS = 6637.21 MB, VMS = 50925.52 MB
[UEDRS] [01:44:22] Loading full dataset
[UEDRS] [01:44:23] Loading done
[UEDRS] [01:44:23] Memory Usage: RSS = 6683.95 MB, VMS = 50925.52 MB
[UEDRS] [00:00:00] Elapsed
[UEDRS] [01:44:23] Sampling for [1000000]
[UEDRS] [01:44:44] Sampling done
[UEDRS] [01:44:44] Memory Usage: RSS = 6683.95 MB, VMS = 50925.52 MB
[UEDRS] [00:00:21] Elapsed
[UEDRS] [01:44:44] Checking [RECBOLE][ITEM_KNN][TMALL][1m]
[UEDRS] [01:44:44] Skipping (7e-05)
[UEDRS] [01:44:44] Memory Usage: RSS = 6683.95 MB, VMS = 50925.52 MB
[UEDRS] [01:44:44] Releasing dataframe from memory
[UEDRS] [01:44:44] Memory Usage: RSS = 6683.95 MB, VMS = 50925.52 MB
[UEDRS] [01:44:44] Loading full dataset
[UEDRS] [01:44:44] Loading done
[UEDRS] [01:44:44] Memory Usage: RSS = 6674.65 MB, VMS = 50925.52 MB
[UEDRS] [00:00:00] Elapsed
[UEDRS] [01:44:44] Sampling for [25000000]
[UEDRS] [01:45:07] Sampling done
[UEDRS] [01:45:07] Memory Usage: RSS = 6674.65 MB, VMS = 50925.52 MB
[UEDRS] [00:00:22] Elapsed
[UEDRS] [01:45:07] Checking [RECBOLE][ITEM_KNN][TMALL][24m]
[UEDRS] [01:45:07] Starting
