[UEDRS] [00:00:12] Mode: ABSOLUTE STRATIFIED_USER
[UEDRS] [00:00:12] Tag:  RECBOLE:POP
[UEDRS] [00:00:12] Tool: RECBOLE
[UEDRS] [00:00:12] Algorithm: POP
[UEDRS] [00:00:12] Datasets: MYANIMELIST, IPINYOU, TMALL, MOVIELENS, MUSIC4ALL, NETFLIX, YAHOO, ALIBABA, GOODREADS, LASTFM, AMAZON
[UEDRS] [00:00:12] Sizes: [100000, 250000, 500000, 750000, 1000000, 25000000, 50000000, 75000000, 100000000]

[UEDRS] [00:00:12] Current dataset [MYANIMELIST]
[UEDRS] [00:00:12] Loading full dataset
[UEDRS] [00:00:13] Loading done
[UEDRS] [00:00:13] Memory Usage: RSS = 1047.64 MB, VMS = 11742.64 MB
[UEDRS] [00:00:00] Elapsed
[UEDRS] [00:00:13] Sampling for [100000]
[UEDRS] [00:00:15] Sampling done
[UEDRS] [00:00:15] Memory Usage: RSS = 1085.50 MB, VMS = 11776.78 MB
[UEDRS] [00:00:02] Elapsed
[UEDRS] [00:00:15] Checking [RECBOLE][POP][MYANIMELIST][0m]
[UEDRS] [00:00:15] Starting
[UEDRS] [00:01:14] Finished (0.00468)
[UEDRS] [00:01:14] Memory Usage: RSS = 1601.03 MB, VMS = 20931.53 MB
[UEDRS] [00:00:59] Elapsed

[UEDRS] [00:01:14] Memory Usage: RSS = 1601.03 MB, VMS = 20931.53 MB
[UEDRS] [00:01:14] Releasing dataframe from memory
[UEDRS] [00:01:14] Memory Usage: RSS = 1559.62 MB, VMS = 20889.53 MB
[UEDRS] [00:01:14] Loading full dataset
[UEDRS] [00:01:14] Loading done
[UEDRS] [00:01:14] Memory Usage: RSS = 1976.93 MB, VMS = 22097.53 MB
[UEDRS] [00:00:00] Elapsed
[UEDRS] [00:01:14] Sampling for [250000]
[UEDRS] [00:01:17] Sampling done
[UEDRS] [00:01:17] Memory Usage: RSS = 1995.05 MB, VMS = 22116.20 MB
[UEDRS] [00:00:02] Elapsed
[UEDRS] [00:01:17] Checking [RECBOLE][POP][MYANIMELIST][0m]
[UEDRS] [00:01:17] Starting
[UEDRS] [00:02:10] Finished (0.00468)
[UEDRS] [00:02:10] Memory Usage: RSS = 2036.88 MB, VMS = 22486.22 MB
[UEDRS] [00:00:52] Elapsed

[UEDRS] [00:02:10] Memory Usage: RSS = 2036.88 MB, VMS = 22486.22 MB
[UEDRS] [00:02:10] Releasing dataframe from memory
[UEDRS] [00:02:10] Memory Usage: RSS = 2001.21 MB, VMS = 22450.22 MB
[UEDRS] [00:02:10] Loading full dataset
[UEDRS] [00:02:10] Loading done
[UEDRS] [00:02:10] Memory Usage: RSS = 2401.36 MB, VMS = 23658.22 MB
[UEDRS] [00:00:00] Elapsed
[UEDRS] [00:02:10] Sampling for [500000]
[UEDRS] [00:02:12] Sampling done
[UEDRS] [00:02:12] Memory Usage: RSS = 2404.09 MB, VMS = 23661.68 MB
[UEDRS] [00:00:02] Elapsed
[UEDRS] [00:02:12] Checking [RECBOLE][POP][MYANIMELIST][0m]
[UEDRS] [00:02:12] Starting
[UEDRS] [00:03:05] Finished (0.00468)
[UEDRS] [00:03:05] Memory Usage: RSS = 2441.64 MB, VMS = 23769.70 MB
[UEDRS] [00:00:52] Elapsed

[UEDRS] [00:03:05] Memory Usage: RSS = 2441.64 MB, VMS = 23769.70 MB
[UEDRS] [00:03:05] Releasing dataframe from memory
[UEDRS] [00:03:05] Memory Usage: RSS = 2411.93 MB, VMS = 23739.70 MB
[UEDRS] [00:03:05] Loading full dataset
[UEDRS] [00:03:05] Loading done
[UEDRS] [00:03:05] Memory Usage: RSS = 2801.96 MB, VMS = 24947.70 MB
[UEDRS] [00:00:00] Elapsed
[UEDRS] [00:03:05] Sampling for [750000]
[UEDRS] [00:03:08] Sampling done
[UEDRS] [00:03:08] Memory Usage: RSS = 2819.51 MB, VMS = 24964.84 MB
[UEDRS] [00:00:02] Elapsed
[UEDRS] [00:03:08] Checking [RECBOLE][POP][MYANIMELIST][1m]
[UEDRS] [00:03:08] Starting
[UEDRS] [00:06:02] Finished (0.00831)
[UEDRS] [00:06:02] Memory Usage: RSS = 3088.52 MB, VMS = 25691.42 MB
[UEDRS] [00:02:54] Elapsed

[UEDRS] [00:06:02] Memory Usage: RSS = 3088.52 MB, VMS = 25691.42 MB
[UEDRS] [00:06:02] Releasing dataframe from memory
[UEDRS] [00:06:03] Memory Usage: RSS = 2949.70 MB, VMS = 25551.28 MB
[UEDRS] [00:06:03] Loading full dataset
[UEDRS] [00:06:03] Loading done
[UEDRS] [00:06:03] Memory Usage: RSS = 3337.71 MB, VMS = 26759.28 MB
[UEDRS] [00:00:00] Elapsed
[UEDRS] [00:06:03] Sampling for [1000000]
[UEDRS] [00:06:05] Sampling done
[UEDRS] [00:06:05] Memory Usage: RSS = 3337.71 MB, VMS = 26759.28 MB
[UEDRS] [00:00:02] Elapsed
[UEDRS] [00:06:05] Checking [RECBOLE][POP][MYANIMELIST][1m]
[UEDRS] [00:06:05] Starting
[UEDRS] [00:08:59] Finished (0.00831)
[UEDRS] [00:08:59] Memory Usage: RSS = 3483.22 MB, VMS = 26977.77 MB
[UEDRS] [00:02:53] Elapsed

[UEDRS] [00:08:59] Memory Usage: RSS = 3483.22 MB, VMS = 26977.77 MB
[UEDRS] [00:08:59] Releasing dataframe from memory
[UEDRS] [00:09:00] Memory Usage: RSS = 3368.46 MB, VMS = 26861.77 MB
[UEDRS] [00:09:00] Loading full dataset
[UEDRS] [00:09:00] Loading done
[UEDRS] [00:09:00] Memory Usage: RSS = 3356.42 MB, VMS = 27701.77 MB
[UEDRS] [00:00:00] Elapsed
[UEDRS] [00:09:00] Sampling for [25000000]
[UEDRS] [00:09:02] Sampling done
[UEDRS] [00:09:02] Memory Usage: RSS = 3542.59 MB, VMS = 27888.06 MB
[UEDRS] [00:00:02] Elapsed
[UEDRS] [00:09:02] Checking [RECBOLE][POP][MYANIMELIST][8m]
[UEDRS] [00:09:02] Starting
[UEDRS] [00:13:39] Finished (0.06969)
[UEDRS] [00:13:39] Memory Usage: RSS = 5187.91 MB, VMS = 29610.55 MB
[UEDRS] [00:04:36] Elapsed

[UEDRS] [00:13:39] Memory Usage: RSS = 5187.91 MB, VMS = 29610.55 MB
[UEDRS] [00:13:39] Releasing dataframe from memory
[UEDRS] [00:13:42] Memory Usage: RSS = 4369.12 MB, VMS = 28786.55 MB
[UEDRS] [00:13:42] Loading full dataset
[UEDRS] [00:13:42] Loading done
[UEDRS] [00:13:42] Memory Usage: RSS = 3876.33 MB, VMS = 29258.55 MB
[UEDRS] [00:00:00] Elapsed
[UEDRS] [00:13:42] Sampling for [50000000]
[UEDRS] [00:13:44] Sampling done
[UEDRS] [00:13:44] Memory Usage: RSS = 3876.34 MB, VMS = 29258.55 MB
[UEDRS] [00:00:02] Elapsed
[UEDRS] [00:13:44] Checking [RECBOLE][POP][MYANIMELIST][8m]
[UEDRS] [00:13:44] Skipping (0.06969)
[UEDRS] [00:13:44] Memory Usage: RSS = 3876.34 MB, VMS = 29258.55 MB
[UEDRS] [00:13:44] Releasing dataframe from memory
[UEDRS] [00:13:45] Memory Usage: RSS = 3876.34 MB, VMS = 29258.55 MB
[UEDRS] [00:13:45] Loading full dataset
[UEDRS] [00:13:45] Loading done
[UEDRS] [00:13:45] Memory Usage: RSS = 4048.84 MB, VMS = 31306.55 MB
[UEDRS] [00:00:00] Elapsed
[UEDRS] [00:13:45] Sampling for [75000000]
[UEDRS] [00:13:47] Sampling done
[UEDRS] [00:13:47] Memory Usage: RSS = 4048.84 MB, VMS = 31306.55 MB
[UEDRS] [00:00:02] Elapsed
[UEDRS] [00:13:47] Checking [RECBOLE][POP][MYANIMELIST][8m]
[UEDRS] [00:13:47] Skipping (0.06969)
[UEDRS] [00:13:47] Memory Usage: RSS = 4048.84 MB, VMS = 31306.55 MB
[UEDRS] [00:13:47] Releasing dataframe from memory
[UEDRS] [00:13:47] Memory Usage: RSS = 4048.84 MB, VMS = 31306.55 MB
[UEDRS] [00:13:47] Loading full dataset
[UEDRS] [00:13:47] Loading done
[UEDRS] [00:13:47] Memory Usage: RSS = 4234.84 MB, VMS = 31306.55 MB
[UEDRS] [00:00:00] Elapsed
[UEDRS] [00:13:47] Sampling for [100000000]
[UEDRS] [00:13:49] Sampling done
[UEDRS] [00:13:49] Memory Usage: RSS = 4234.84 MB, VMS = 31306.55 MB
[UEDRS] [00:00:02] Elapsed
[UEDRS] [00:13:49] Checking [RECBOLE][POP][MYANIMELIST][8m]
[UEDRS] [00:13:49] Skipping (0.06969)
[UEDRS] [00:13:49] Memory Usage: RSS = 4234.84 MB, VMS = 31306.55 MB
[UEDRS] [00:13:49] Releasing dataframe from memory
[UEDRS] [00:13:50] Memory Usage: RSS = 4234.84 MB, VMS = 31306.55 MB
[UEDRS] [00:13:50] Current dataset [IPINYOU]
[UEDRS] [00:13:50] Loading full dataset
[UEDRS] [00:13:51] Loading done
[UEDRS] [00:13:51] Memory Usage: RSS = 4834.37 MB, VMS = 31306.55 MB
[UEDRS] [00:00:01] Elapsed
[UEDRS] [00:13:51] Sampling for [100000]
[UEDRS] [00:21:28] Sampling done
[UEDRS] [00:21:28] Memory Usage: RSS = 6193.68 MB, VMS = 32659.28 MB
[UEDRS] [00:07:36] Elapsed
[UEDRS] [00:21:28] Checking [RECBOLE][POP][IPINYOU][0m]
[UEDRS] [00:21:28] Starting
