[UEDRS] [00:00:10] Mode: ABSOLUTE STRATIFIED_USER
[UEDRS] [00:00:10] Tag:  RECBOLE:ITEM_KNN
[UEDRS] [00:00:10] Tool: RECBOLE
[UEDRS] [00:00:10] Algorithm: ITEM_KNN
[UEDRS] [00:00:10] Datasets: MYANIMELIST, TMALL, MOVIELENS, MUSIC4ALL, NETFLIX, YAHOO, GOODREADS, LASTFM
[UEDRS] [00:00:10] Sizes: [100000, 250000, 500000, 750000, 1000000, 25000000, 50000000, 75000000, 100000000]

[UEDRS] [00:00:10] Current dataset [MYANIMELIST]
[UEDRS] [00:00:10] Loading full dataset
[UEDRS] [00:00:10] Loading done
[UEDRS] [00:00:10] Memory Usage: RSS = 1050.82 MB, VMS = 11814.77 MB
[UEDRS] [00:00:00] Elapsed
[UEDRS] [00:00:10] Sampling for [100000]
[UEDRS] [00:00:12] Sampling done
[UEDRS] [00:00:12] Memory Usage: RSS = 1087.37 MB, VMS = 11848.77 MB
[UEDRS] [00:00:02] Elapsed
[UEDRS] [00:00:12] Checking [RECBOLE][ITEM_KNN][MYANIMELIST][0m]
[UEDRS] [00:00:12] Skipping (0.00051)
[UEDRS] [00:00:12] Memory Usage: RSS = 1087.37 MB, VMS = 11848.77 MB
[UEDRS] [00:00:12] Releasing dataframe from memory
[UEDRS] [00:00:12] Memory Usage: RSS = 1086.39 MB, VMS = 11847.77 MB
[UEDRS] [00:00:12] Loading full dataset
[UEDRS] [00:00:12] Loading done
[UEDRS] [00:00:12] Memory Usage: RSS = 1497.93 MB, VMS = 13055.77 MB
[UEDRS] [00:00:00] Elapsed
[UEDRS] [00:00:12] Sampling for [250000]
[UEDRS] [00:00:15] Sampling done
[UEDRS] [00:00:15] Memory Usage: RSS = 1507.43 MB, VMS = 13065.96 MB
[UEDRS] [00:00:02] Elapsed
[UEDRS] [00:00:15] Checking [RECBOLE][ITEM_KNN][MYANIMELIST][0m]
[UEDRS] [00:00:15] Skipping (0.00051)
[UEDRS] [00:00:15] Memory Usage: RSS = 1507.43 MB, VMS = 13065.96 MB
[UEDRS] [00:00:15] Releasing dataframe from memory
[UEDRS] [00:00:15] Memory Usage: RSS = 1506.45 MB, VMS = 13064.96 MB
[UEDRS] [00:00:15] Loading full dataset
[UEDRS] [00:00:15] Loading done
[UEDRS] [00:00:15] Memory Usage: RSS = 1902.51 MB, VMS = 14272.96 MB
[UEDRS] [00:00:00] Elapsed
[UEDRS] [00:00:15] Sampling for [500000]
[UEDRS] [00:00:17] Sampling done
[UEDRS] [00:00:17] Memory Usage: RSS = 1906.94 MB, VMS = 14276.18 MB
[UEDRS] [00:00:02] Elapsed
[UEDRS] [00:00:17] Checking [RECBOLE][ITEM_KNN][MYANIMELIST][0m]
[UEDRS] [00:00:17] Skipping (0.00051)
[UEDRS] [00:00:17] Memory Usage: RSS = 1906.94 MB, VMS = 14276.18 MB
[UEDRS] [00:00:17] Releasing dataframe from memory
[UEDRS] [00:00:17] Memory Usage: RSS = 1871.87 MB, VMS = 14240.96 MB
[UEDRS] [00:00:17] Loading full dataset
[UEDRS] [00:00:17] Loading done
[UEDRS] [00:00:17] Memory Usage: RSS = 2258.02 MB, VMS = 15448.96 MB
[UEDRS] [00:00:00] Elapsed
[UEDRS] [00:00:17] Sampling for [750000]
[UEDRS] [00:00:19] Sampling done
[UEDRS] [00:00:19] Memory Usage: RSS = 2307.38 MB, VMS = 15499.11 MB
[UEDRS] [00:00:02] Elapsed
[UEDRS] [00:00:19] Checking [RECBOLE][ITEM_KNN][MYANIMELIST][1m]
[UEDRS] [00:00:19] Skipping (0.01475)
[UEDRS] [00:00:19] Memory Usage: RSS = 2307.38 MB, VMS = 15499.11 MB
[UEDRS] [00:00:19] Releasing dataframe from memory
[UEDRS] [00:00:19] Memory Usage: RSS = 2289.26 MB, VMS = 15480.96 MB
[UEDRS] [00:00:19] Loading full dataset
[UEDRS] [00:00:19] Loading done
[UEDRS] [00:00:19] Memory Usage: RSS = 2685.52 MB, VMS = 16688.96 MB
[UEDRS] [00:00:00] Elapsed
[UEDRS] [00:00:19] Sampling for [1000000]
[UEDRS] [00:00:22] Sampling done
[UEDRS] [00:00:22] Memory Usage: RSS = 2707.90 MB, VMS = 16710.73 MB
[UEDRS] [00:00:02] Elapsed
[UEDRS] [00:00:22] Checking [RECBOLE][ITEM_KNN][MYANIMELIST][1m]
[UEDRS] [00:00:22] Skipping (0.01475)
[UEDRS] [00:00:22] Memory Usage: RSS = 2707.90 MB, VMS = 16710.73 MB
[UEDRS] [00:00:22] Releasing dataframe from memory
[UEDRS] [00:00:22] Memory Usage: RSS = 2658.16 MB, VMS = 16660.84 MB
[UEDRS] [00:00:22] Loading full dataset
[UEDRS] [00:00:22] Loading done
[UEDRS] [00:00:22] Memory Usage: RSS = 3052.18 MB, VMS = 17868.84 MB
[UEDRS] [00:00:00] Elapsed
[UEDRS] [00:00:22] Sampling for [25000000]
[UEDRS] [00:00:24] Sampling done
[UEDRS] [00:00:24] Memory Usage: RSS = 3308.69 MB, VMS = 18125.50 MB
[UEDRS] [00:00:02] Elapsed
[UEDRS] [00:00:24] Checking [RECBOLE][ITEM_KNN][MYANIMELIST][8m]
[UEDRS] [00:00:24] Skipping (0.28044)
[UEDRS] [00:00:24] Memory Usage: RSS = 3308.69 MB, VMS = 18125.50 MB
[UEDRS] [00:00:24] Releasing dataframe from memory
[UEDRS] [00:00:24] Memory Usage: RSS = 3128.86 MB, VMS = 17945.66 MB
[UEDRS] [00:00:24] Loading full dataset
[UEDRS] [00:00:24] Loading done
[UEDRS] [00:00:24] Memory Usage: RSS = 2673.06 MB, VMS = 18417.66 MB
[UEDRS] [00:00:00] Elapsed
[UEDRS] [00:00:24] Sampling for [50000000]
[UEDRS] [00:00:26] Sampling done
[UEDRS] [00:00:26] Memory Usage: RSS = 2861.73 MB, VMS = 18607.14 MB
[UEDRS] [00:00:02] Elapsed
[UEDRS] [00:00:26] Checking [RECBOLE][ITEM_KNN][MYANIMELIST][8m]
[UEDRS] [00:00:26] Skipping (0.28044)
[UEDRS] [00:00:26] Memory Usage: RSS = 2861.73 MB, VMS = 18607.14 MB
[UEDRS] [00:00:26] Releasing dataframe from memory
[UEDRS] [00:00:27] Memory Usage: RSS = 2681.90 MB, VMS = 18427.30 MB
[UEDRS] [00:00:27] Loading full dataset
[UEDRS] [00:00:27] Loading done
[UEDRS] [00:00:27] Memory Usage: RSS = 2369.62 MB, VMS = 19923.30 MB
[UEDRS] [00:00:00] Elapsed
[UEDRS] [00:00:27] Sampling for [75000000]
[UEDRS] [00:00:29] Sampling done
[UEDRS] [00:00:29] Memory Usage: RSS = 2549.73 MB, VMS = 20103.14 MB
[UEDRS] [00:00:02] Elapsed
[UEDRS] [00:00:29] Checking [RECBOLE][ITEM_KNN][MYANIMELIST][8m]
[UEDRS] [00:00:29] Skipping (0.28044)
[UEDRS] [00:00:29] Memory Usage: RSS = 2549.73 MB, VMS = 20103.14 MB
[UEDRS] [00:00:29] Releasing dataframe from memory
[UEDRS] [00:00:29] Memory Usage: RSS = 2369.91 MB, VMS = 19923.30 MB
[UEDRS] [00:00:29] Loading full dataset
[UEDRS] [00:00:29] Loading done
[UEDRS] [00:00:29] Memory Usage: RSS = 2545.70 MB, VMS = 19923.30 MB
[UEDRS] [00:00:00] Elapsed
[UEDRS] [00:00:29] Sampling for [100000000]
[UEDRS] [00:00:31] Sampling done
[UEDRS] [00:00:31] Memory Usage: RSS = 2726.06 MB, VMS = 20103.14 MB
[UEDRS] [00:00:02] Elapsed
[UEDRS] [00:00:31] Checking [RECBOLE][ITEM_KNN][MYANIMELIST][8m]
[UEDRS] [00:00:31] Skipping (0.28044)
[UEDRS] [00:00:31] Memory Usage: RSS = 2726.06 MB, VMS = 20103.14 MB
[UEDRS] [00:00:31] Releasing dataframe from memory
[UEDRS] [00:00:31] Memory Usage: RSS = 2546.23 MB, VMS = 19923.30 MB
[UEDRS] [00:00:31] Current dataset [TMALL]
[UEDRS] [00:00:31] Loading full dataset
[UEDRS] [00:00:32] Loading done
[UEDRS] [00:00:32] Memory Usage: RSS = 3128.20 MB, VMS = 19923.30 MB
[UEDRS] [00:00:00] Elapsed
[UEDRS] [00:00:32] Sampling for [100000]
[UEDRS] [00:00:49] Sampling done
[UEDRS] [00:00:49] Memory Usage: RSS = 3151.34 MB, VMS = 19946.45 MB
[UEDRS] [00:00:17] Elapsed
[UEDRS] [00:00:49] Checking [RECBOLE][ITEM_KNN][TMALL][0m]
[UEDRS] [00:00:49] Skipping (0.00018)
[UEDRS] [00:00:49] Memory Usage: RSS = 3151.34 MB, VMS = 19946.45 MB
[UEDRS] [00:00:49] Releasing dataframe from memory
[UEDRS] [00:00:49] Memory Usage: RSS = 3150.34 MB, VMS = 19945.45 MB
[UEDRS] [00:00:49] Loading full dataset
[UEDRS] [00:00:50] Loading done
[UEDRS] [00:00:50] Memory Usage: RSS = 3939.08 MB, VMS = 20009.45 MB
[UEDRS] [00:00:00] Elapsed
[UEDRS] [00:00:50] Sampling for [250000]
[UEDRS] [00:01:07] Sampling done
[UEDRS] [00:01:07] Memory Usage: RSS = 3940.09 MB, VMS = 20010.45 MB
[UEDRS] [00:00:17] Elapsed
[UEDRS] [00:01:07] Checking [RECBOLE][ITEM_KNN][TMALL][0m]
[UEDRS] [00:01:07] Skipping (0.00018)
[UEDRS] [00:01:07] Memory Usage: RSS = 3940.09 MB, VMS = 20010.45 MB
[UEDRS] [00:01:07] Releasing dataframe from memory
[UEDRS] [00:01:07] Memory Usage: RSS = 3939.09 MB, VMS = 20009.45 MB
[UEDRS] [00:01:07] Loading full dataset
[UEDRS] [00:01:07] Loading done
[UEDRS] [00:01:07] Memory Usage: RSS = 3869.89 MB, VMS = 20009.45 MB
[UEDRS] [00:00:00] Elapsed
[UEDRS] [00:01:07] Sampling for [500000]
[UEDRS] [00:01:25] Sampling done
[UEDRS] [00:01:25] Memory Usage: RSS = 3870.89 MB, VMS = 20010.45 MB
[UEDRS] [00:00:17] Elapsed
[UEDRS] [00:01:25] Checking [RECBOLE][ITEM_KNN][TMALL][0m]
[UEDRS] [00:01:25] Skipping (0.00018)
[UEDRS] [00:01:25] Memory Usage: RSS = 3870.89 MB, VMS = 20010.45 MB
[UEDRS] [00:01:25] Releasing dataframe from memory
[UEDRS] [00:01:25] Memory Usage: RSS = 3869.89 MB, VMS = 20009.45 MB
[UEDRS] [00:01:25] Loading full dataset
[UEDRS] [00:01:25] Loading done
[UEDRS] [00:01:25] Memory Usage: RSS = 3943.04 MB, VMS = 20009.45 MB
[UEDRS] [00:00:00] Elapsed
[UEDRS] [00:01:25] Sampling for [750000]
[UEDRS] [00:01:43] Sampling done
[UEDRS] [00:01:43] Memory Usage: RSS = 3960.27 MB, VMS = 20026.67 MB
[UEDRS] [00:00:17] Elapsed
[UEDRS] [00:01:43] Checking [RECBOLE][ITEM_KNN][TMALL][1m]
[UEDRS] [00:01:43] Skipping (7e-05)
[UEDRS] [00:01:43] Memory Usage: RSS = 3960.27 MB, VMS = 20026.67 MB
[UEDRS] [00:01:43] Releasing dataframe from memory
[UEDRS] [00:01:43] Memory Usage: RSS = 3889.05 MB, VMS = 19955.34 MB
[UEDRS] [00:01:43] Loading full dataset
[UEDRS] [00:01:43] Loading done
[UEDRS] [00:01:43] Memory Usage: RSS = 3833.55 MB, VMS = 19955.34 MB
[UEDRS] [00:00:00] Elapsed
[UEDRS] [00:01:43] Sampling for [1000000]
[UEDRS] [00:02:01] Sampling done
[UEDRS] [00:02:01] Memory Usage: RSS = 3910.53 MB, VMS = 20032.45 MB
[UEDRS] [00:00:17] Elapsed
[UEDRS] [00:02:01] Checking [RECBOLE][ITEM_KNN][TMALL][1m]
[UEDRS] [00:02:01] Skipping (7e-05)
[UEDRS] [00:02:01] Memory Usage: RSS = 3910.53 MB, VMS = 20032.45 MB
[UEDRS] [00:02:01] Releasing dataframe from memory
[UEDRS] [00:02:01] Memory Usage: RSS = 3833.55 MB, VMS = 19955.34 MB
[UEDRS] [00:02:01] Loading full dataset
[UEDRS] [00:02:01] Loading done
[UEDRS] [00:02:01] Memory Usage: RSS = 3993.92 MB, VMS = 19955.34 MB
[UEDRS] [00:00:00] Elapsed
[UEDRS] [00:02:01] Sampling for [25000000]
[UEDRS] [00:02:20] Sampling done
[UEDRS] [00:02:20] Memory Usage: RSS = 4804.88 MB, VMS = 20766.68 MB
[UEDRS] [00:00:19] Elapsed
[UEDRS] [00:02:20] Checking [RECBOLE][ITEM_KNN][TMALL][24m]
[UEDRS] [00:02:20] Starting
