[UEDRS] [00:00:04] starting
[UEDRS] [00:00:04] cpus: 32
[UEDRS] [00:00:04] env variables:
[UEDRS] [00:00:04] OMP_NUM_THREADS: 2
[UEDRS] [00:00:04] MKL_NUM_THREADS: 2
[UEDRS] [00:00:04] OPENBLAS_NUM_THREADS: 2
[UEDRS] [00:00:04] NUMBA_NUM_THREADS: 2


[UEDRS] [00:00:12] loaded
[UEDRS] [00:00:07] elapsed

[UEDRS] [00:00:12] starting with 1 gpus with 1 workers
[UEDRS] [00:15:54] finished
[UEDRS] [00:15:41] elapsed

[UEDRS] [00:15:54] starting with 1 gpus with 2 workers
[UEDRS] [00:31:34] finished
[UEDRS] [00:15:39] elapsed

[UEDRS] [00:31:34] starting with 1 gpus with 4 workers
[UEDRS] [00:47:15] finished
[UEDRS] [00:15:41] elapsed

[UEDRS] [00:47:15] starting with 1 gpus with 8 workers
[UEDRS] [01:03:32] finished
[UEDRS] [00:16:16] elapsed

