[UEDRS] [00:00:16] Mode: ABSOLUTE STRATIFIED_USER
[UEDRS] [00:00:16] Tag:  LENSKIT:BIASED_MF
[UEDRS] [00:00:16] Tool: LENSKIT
[UEDRS] [00:00:16] Algorithm: BIASED_MF
[UEDRS] [00:00:16] Datasets: IPINYOU, AMAZON
[UEDRS] [00:00:16] Sizes: [750000, 1000000, 25000000, 50000000, 75000000, 100000000]

[UEDRS] [00:00:16] Desired size: 750000
[UEDRS] [00:00:16] Dataset: IPINYOU
[UEDRS] [00:00:16] Loading
[UEDRS] [00:00:25] Loading done
[UEDRS] [00:00:25] Memory Usage: RSS = 3800.95 MB, VMS = 10902.83 MB
[UEDRS] [00:00:09] Elapsed
[UEDRS] [00:00:25] Sampling
[UEDRS] [00:08:50] Sampling done, obtained size: 750000
[UEDRS] [00:08:50] Memory Usage: RSS = 5314.40 MB, VMS = 12414.32 MB
[UEDRS] [00:08:24] Elapsed
[UEDRS] [00:08:50] Checking [LENSKIT][BIASED_MF][IPINYOU][750k]
[UEDRS] [00:08:50] Skipping (4.5e-07)
[UEDRS] [00:08:50] Memory Usage: RSS = 5314.40 MB, VMS = 12414.32 MB
[UEDRS] [00:08:50] Releasing dataframe from memory
[UEDRS] [00:08:50] Memory Usage: RSS = 3903.95 MB, VMS = 10985.32 MB
[UEDRS] [00:08:50] Dataset: AMAZON
[UEDRS] [00:08:50] Loading
[UEDRS] [02:05:44] Loading done
[UEDRS] [02:05:58] Memory Usage: RSS = 65704.47 MB, VMS = 100210.57 MB
[UEDRS] [01:57:07] Elapsed
[UEDRS] [02:05:58] Sampling
[UEDRS] [05:25:14] Sampling done, obtained size: 750000
[UEDRS] [05:25:14] Memory Usage: RSS = 54404.15 MB, VMS = 92690.00 MB
[UEDRS] [03:19:15] Elapsed
[UEDRS] [05:25:14] Checking [LENSKIT][BIASED_MF][AMAZON][750k]
[UEDRS] [05:25:14] Starting
