[UEDRS] [00:00:11] Mode: ABSOLUTE STRATIFIED_USER
[UEDRS] [00:00:11] Tag:  RECBOLE:ITEM_KNN
[UEDRS] [00:00:11] Tool: RECBOLE
[UEDRS] [00:00:11] Algorithm: ITEM_KNN
[UEDRS] [00:00:11] Datasets: MYANIMELIST, IPINYOU, TMALL, MOVIELENS, MUSIC4ALL, NETFLIX, YAHOO, ALIBABA, GOODREADS, LASTFM, AMAZON
[UEDRS] [00:00:11] Sizes: [1000000, 25000000, 50000000, 75000000, 100000000]

[UEDRS] [00:00:11] Desired size: 1000000
[UEDRS] [00:00:11] Dataset: MYANIMELIST
[UEDRS] [00:00:11] Loading
[UEDRS] [00:00:11] Loading done
[UEDRS] [00:00:11] Memory Usage: RSS = 1010.02 MB, VMS = 10624.73 MB
[UEDRS] [00:00:00] Elapsed
[UEDRS] [00:00:11] Sampling
[UEDRS] [00:00:14] Sampling done, obtained size: 1000000
[UEDRS] [00:00:14] Memory Usage: RSS = 1063.05 MB, VMS = 10675.61 MB
[UEDRS] [00:00:02] Elapsed
[UEDRS] [00:00:14] Checking [RECBOLE][ITEM_KNN][MYANIMELIST][1m]
[UEDRS] [00:00:14] Skipping (0.028)
[UEDRS] [00:00:14] Memory Usage: RSS = 1063.05 MB, VMS = 10675.61 MB
[UEDRS] [00:00:14] Releasing dataframe from memory
[UEDRS] [00:00:14] Memory Usage: RSS = 939.14 MB, VMS = 10551.62 MB
[UEDRS] [00:00:14] Dataset: IPINYOU
[UEDRS] [00:00:14] Loading
[UEDRS] [00:00:16] Loading done
[UEDRS] [00:00:16] Memory Usage: RSS = 1401.68 MB, VMS = 11752.58 MB
[UEDRS] [00:00:01] Elapsed
[UEDRS] [00:00:16] Sampling
[UEDRS] [00:09:25] Sampling done, obtained size: 1000000
[UEDRS] [00:09:25] Memory Usage: RSS = 3172.75 MB, VMS = 13523.74 MB
[UEDRS] [00:09:09] Elapsed
[UEDRS] [00:09:25] Checking [RECBOLE][ITEM_KNN][IPINYOU][1m]
[UEDRS] [00:09:25] Skipping (0.06)
[UEDRS] [00:09:25] Memory Usage: RSS = 3172.75 MB, VMS = 13523.74 MB
[UEDRS] [00:09:25] Releasing dataframe from memory
[UEDRS] [00:09:26] Memory Usage: RSS = 3170.78 MB, VMS = 13521.74 MB
[UEDRS] [00:09:26] Dataset: TMALL
[UEDRS] [00:09:26] Loading
[UEDRS] [00:09:27] Loading done
[UEDRS] [00:09:27] Memory Usage: RSS = 3454.46 MB, VMS = 14645.74 MB
[UEDRS] [00:00:01] Elapsed
[UEDRS] [00:09:27] Sampling
[UEDRS] [00:09:49] Sampling done, obtained size: 1000000
[UEDRS] [00:09:49] Memory Usage: RSS = 3456.43 MB, VMS = 14647.74 MB
[UEDRS] [00:00:21] Elapsed
[UEDRS] [00:09:49] Checking [RECBOLE][ITEM_KNN][TMALL][1m]
[UEDRS] [00:09:49] Skipping (6.5e-05)
[UEDRS] [00:09:49] Memory Usage: RSS = 3456.43 MB, VMS = 14647.74 MB
[UEDRS] [00:09:49] Releasing dataframe from memory
[UEDRS] [00:09:49] Memory Usage: RSS = 3454.45 MB, VMS = 14645.74 MB
[UEDRS] [00:09:49] Dataset: MOVIELENS
[UEDRS] [00:09:49] Loading
[UEDRS] [00:09:50] Loading done
[UEDRS] [00:09:50] Memory Usage: RSS = 4072.79 MB, VMS = 17005.74 MB
[UEDRS] [00:00:01] Elapsed
[UEDRS] [00:09:50] Sampling
[UEDRS] [00:09:58] Sampling done, obtained size: 1000000
[UEDRS] [00:09:58] Memory Usage: RSS = 4073.81 MB, VMS = 17006.74 MB
[UEDRS] [00:00:07] Elapsed
[UEDRS] [00:09:58] Checking [RECBOLE][ITEM_KNN][MOVIELENS][1m]
[UEDRS] [00:09:58] Skipping (0.00019)
[UEDRS] [00:09:58] Memory Usage: RSS = 4073.81 MB, VMS = 17006.74 MB
[UEDRS] [00:09:58] Releasing dataframe from memory
[UEDRS] [00:09:58] Memory Usage: RSS = 4073.81 MB, VMS = 17006.74 MB
[UEDRS] [00:09:58] Dataset: MUSIC4ALL
[UEDRS] [00:09:58] Loading
[UEDRS] [00:10:02] Loading done
[UEDRS] [00:10:02] Memory Usage: RSS = 5002.03 MB, VMS = 19230.33 MB
[UEDRS] [00:00:04] Elapsed
[UEDRS] [00:10:02] Sampling
[UEDRS] [00:10:09] Sampling done, obtained size: 1000000
[UEDRS] [00:10:09] Memory Usage: RSS = 4621.91 MB, VMS = 18849.74 MB
[UEDRS] [00:00:07] Elapsed
[UEDRS] [00:10:09] Checking [RECBOLE][ITEM_KNN][MUSIC4ALL][1m]
[UEDRS] [00:10:09] Skipping (0.00015)
[UEDRS] [00:10:09] Memory Usage: RSS = 4621.91 MB, VMS = 18849.74 MB
[UEDRS] [00:10:09] Releasing dataframe from memory
[UEDRS] [00:10:10] Memory Usage: RSS = 4618.94 MB, VMS = 18846.74 MB
[UEDRS] [00:10:10] Dataset: NETFLIX
[UEDRS] [00:10:10] Loading
[UEDRS] [00:10:14] Loading done
[UEDRS] [00:10:14] Memory Usage: RSS = 5363.97 MB, VMS = 22458.04 MB
[UEDRS] [00:00:04] Elapsed
[UEDRS] [00:10:14] Sampling
[UEDRS] [00:10:44] Sampling done, obtained size: 1000000
[UEDRS] [00:10:44] Memory Usage: RSS = 4981.43 MB, VMS = 22075.74 MB
[UEDRS] [00:00:29] Elapsed
[UEDRS] [00:10:44] Checking [RECBOLE][ITEM_KNN][NETFLIX][1m]
[UEDRS] [00:10:44] Skipping (9.5e-05)
[UEDRS] [00:10:44] Memory Usage: RSS = 4981.43 MB, VMS = 22075.74 MB
[UEDRS] [00:10:44] Releasing dataframe from memory
[UEDRS] [00:10:44] Memory Usage: RSS = 4980.68 MB, VMS = 22074.74 MB
[UEDRS] [00:10:44] Dataset: YAHOO
[UEDRS] [00:10:44] Loading
[UEDRS] [00:10:48] Loading done
[UEDRS] [00:10:48] Memory Usage: RSS = 5637.76 MB, VMS = 22319.64 MB
[UEDRS] [00:00:04] Elapsed
[UEDRS] [00:10:48] Sampling
[UEDRS] [00:11:50] Sampling done, obtained size: 1000000
[UEDRS] [00:11:50] Memory Usage: RSS = 5197.83 MB, VMS = 21879.74 MB
[UEDRS] [00:01:02] Elapsed
[UEDRS] [00:11:50] Checking [RECBOLE][ITEM_KNN][YAHOO][1m]
[UEDRS] [00:11:50] Skipping (0.00083)
[UEDRS] [00:11:50] Memory Usage: RSS = 5197.83 MB, VMS = 21879.74 MB
[UEDRS] [00:11:50] Releasing dataframe from memory
[UEDRS] [00:11:50] Memory Usage: RSS = 5196.84 MB, VMS = 21878.74 MB
[UEDRS] [00:11:50] Dataset: ALIBABA
[UEDRS] [00:11:50] Loading
[UEDRS] [00:12:01] Loading done
[UEDRS] [00:12:01] Memory Usage: RSS = 8131.22 MB, VMS = 23786.96 MB
[UEDRS] [00:00:10] Elapsed
[UEDRS] [00:12:01] Sampling
[UEDRS] [00:14:01] Sampling done, obtained size: 1000000
[UEDRS] [00:14:01] Memory Usage: RSS = 6671.98 MB, VMS = 22327.74 MB
[UEDRS] [00:02:00] Elapsed
[UEDRS] [00:14:01] Checking [RECBOLE][ITEM_KNN][ALIBABA][1m]
[UEDRS] [00:14:01] Skipping (2.6e-05)
[UEDRS] [00:14:01] Memory Usage: RSS = 6671.98 MB, VMS = 22327.74 MB
[UEDRS] [00:14:01] Releasing dataframe from memory
[UEDRS] [00:14:01] Memory Usage: RSS = 6670.99 MB, VMS = 22326.74 MB
[UEDRS] [00:14:01] Dataset: GOODREADS
[UEDRS] [00:14:01] Loading
[UEDRS] [00:14:11] Loading done
[UEDRS] [00:14:11] Memory Usage: RSS = 9523.02 MB, VMS = 24407.22 MB
[UEDRS] [00:00:10] Elapsed
[UEDRS] [00:14:11] Sampling
[UEDRS] [00:14:50] Sampling done, obtained size: 1000000
[UEDRS] [00:14:50] Memory Usage: RSS = 7779.58 MB, VMS = 22663.77 MB
[UEDRS] [00:00:38] Elapsed
[UEDRS] [00:14:50] Checking [RECBOLE][ITEM_KNN][GOODREADS][1m]
[UEDRS] [00:14:50] Skipping (9.2e-05)
[UEDRS] [00:14:50] Memory Usage: RSS = 7779.58 MB, VMS = 22663.77 MB
[UEDRS] [00:14:50] Releasing dataframe from memory
[UEDRS] [00:14:50] Memory Usage: RSS = 7778.58 MB, VMS = 22662.77 MB
[UEDRS] [00:14:50] Dataset: LASTFM
[UEDRS] [00:14:50] Loading
[UEDRS] [00:15:10] Loading done
[UEDRS] [00:15:10] Memory Usage: RSS = 15906.73 MB, VMS = 29540.33 MB
[UEDRS] [00:00:19] Elapsed
[UEDRS] [00:15:10] Sampling
[UEDRS] [00:15:33] Sampling done, obtained size: 1000000
[UEDRS] [00:15:33] Memory Usage: RSS = 12244.52 MB, VMS = 25878.77 MB
[UEDRS] [00:00:23] Elapsed
[UEDRS] [00:15:33] Checking [RECBOLE][ITEM_KNN][LASTFM][1m]
[UEDRS] [00:15:33] Skipping (1.6e-05)
[UEDRS] [00:15:33] Memory Usage: RSS = 12244.52 MB, VMS = 25878.77 MB
[UEDRS] [00:15:33] Releasing dataframe from memory
[UEDRS] [00:15:33] Memory Usage: RSS = 12244.52 MB, VMS = 25878.77 MB
[UEDRS] [00:15:33] Dataset: AMAZON
[UEDRS] [00:15:33] Loading
[UEDRS] [00:16:17] Loading done
[UEDRS] [00:16:17] Memory Usage: RSS = 22714.90 MB, VMS = 34417.88 MB
[UEDRS] [00:00:43] Elapsed
[UEDRS] [00:16:17] Sampling
