[UEDRS] [00:00:12] Mode: ABSOLUTE STRATIFIED_USER
[UEDRS] [00:00:12] Tag:  LENSKIT:BIASED_SVD
[UEDRS] [00:00:12] Tool: LENSKIT
[UEDRS] [00:00:12] Algorithm: BIASED_SVD
[UEDRS] [00:00:12] Datasets: MYANIMELIST, IPINYOU, TMALL, MOVIELENS, MUSIC4ALL, NETFLIX, YAHOO, ALIBABA, GOODREADS, LASTFM, AMAZON
[UEDRS] [00:00:12] Sizes: [25000000, 50000000, 75000000, 100000000]

[UEDRS] [00:00:12] Desired size: 25000000
[UEDRS] [00:00:12] Dataset: MYANIMELIST
[UEDRS] [00:00:12] Loading
[UEDRS] [00:00:12] Loading done
[UEDRS] [00:00:12] Memory Usage: RSS = 949.14 MB, VMS = 5080.05 MB
[UEDRS] [00:00:00] Elapsed
[UEDRS] [00:00:12] Sampling
[UEDRS] [00:00:12] Sampling done, obtained size: 7813730
[UEDRS] [00:00:12] Memory Usage: RSS = 979.30 MB, VMS = 5109.86 MB
[UEDRS] [00:00:00] Elapsed
[UEDRS] [00:00:12] Checking [LENSKIT][BIASED_SVD][MYANIMELIST][8m]
[UEDRS] [00:00:12] Skipping (0.066)
[UEDRS] [00:00:12] Memory Usage: RSS = 979.30 MB, VMS = 5109.86 MB
[UEDRS] [00:00:12] Releasing dataframe from memory
[UEDRS] [00:00:13] Memory Usage: RSS = 860.06 MB, VMS = 4990.62 MB
[UEDRS] [00:00:13] Dataset: IPINYOU
[UEDRS] [00:00:13] Loading
[UEDRS] [00:00:14] Loading done
[UEDRS] [00:00:14] Memory Usage: RSS = 1133.19 MB, VMS = 6191.59 MB
[UEDRS] [00:00:01] Elapsed
[UEDRS] [00:00:14] Sampling
[UEDRS] [00:00:14] Sampling done, obtained size: 22269879
[UEDRS] [00:00:14] Memory Usage: RSS = 1175.67 MB, VMS = 6234.06 MB
[UEDRS] [00:00:00] Elapsed
[UEDRS] [00:00:14] Checking [LENSKIT][BIASED_SVD][IPINYOU][22m]
[UEDRS] [00:00:14] Starting
