[UEDRS] [00:00:12] Mode: ABSOLUTE STRATIFIED_USER
[UEDRS] [00:00:12] Tag:  RECBOLE:SimpleX
[UEDRS] [00:00:12] Tool: RECBOLE
[UEDRS] [00:00:12] Algorithm: SimpleX
[UEDRS] [00:00:12] Datasets: IPINYOU, AMAZON
[UEDRS] [00:00:12] Sizes: [25000000, 50000000, 75000000, 100000000]

[UEDRS] [00:00:12] Desired size: 25000000
[UEDRS] [00:00:12] Dataset: IPINYOU
[UEDRS] [00:00:12] Loading
[UEDRS] [00:00:21] Loading done
[UEDRS] [00:00:21] Memory Usage: RSS = 3915.75 MB, VMS = 16469.62 MB
[UEDRS] [00:00:08] Elapsed
[UEDRS] [00:00:21] Sampling
[UEDRS] [00:00:21] Sampling done, obtained size: 22269879
[UEDRS] [00:00:21] Memory Usage: RSS = 3937.00 MB, VMS = 16489.86 MB
[UEDRS] [00:00:00] Elapsed
[UEDRS] [00:00:21] Checking [RECBOLE][SimpleX][IPINYOU][22m]
[UEDRS] [00:00:21] Starting
[UEDRS] [00:13:08] Finished (0.24)
[UEDRS] [00:13:08] Memory Usage: RSS = 30096.92 MB, VMS = 64124.75 MB
[UEDRS] [00:12:46] Elapsed

[UEDRS] [00:13:08] Memory Usage: RSS = 30096.92 MB, VMS = 64124.75 MB
[UEDRS] [00:13:08] Releasing dataframe from memory
[UEDRS] [00:13:51] Memory Usage: RSS = 5719.36 MB, VMS = 39566.33 MB
[UEDRS] [00:13:51] Dataset: AMAZON
[UEDRS] [00:13:51] Loading
[UEDRS] [00:18:00] Loading done
[UEDRS] [00:18:00] Memory Usage: RSS = 68478.57 MB, VMS = 136894.58 MB
[UEDRS] [00:04:09] Elapsed
[UEDRS] [00:18:00] Sampling
[UEDRS] [00:53:12] Sampling done, obtained size: 25000000
[UEDRS] [00:53:12] Memory Usage: RSS = 63305.99 MB, VMS = 132196.09 MB
[UEDRS] [00:35:11] Elapsed
[UEDRS] [00:53:12] Checking [RECBOLE][SimpleX][AMAZON][25m]
[UEDRS] [00:53:12] Starting
