[UEDRS] [00:00:13] Mode: ABSOLUTE STRATIFIED_USER
[UEDRS] [00:00:13] Tag:  RECBOLE:NEU_MF
[UEDRS] [00:00:13] Tool: RECBOLE
[UEDRS] [00:00:13] Algorithm: NEU_MF
[UEDRS] [00:00:13] Datasets: MYANIMELIST, MOVIELENS, MUSIC4ALL, NETFLIX, YAHOO, ALIBABA, GOODREADS, LASTFM
[UEDRS] [00:00:13] Sizes: [25000000, 50000000, 75000000, 100000000]

[UEDRS] [00:00:13] Desired size: 25000000
[UEDRS] [00:00:13] Dataset: MYANIMELIST
[UEDRS] [00:00:13] Loading
[UEDRS] [00:00:13] Loading done
[UEDRS] [00:00:13] Memory Usage: RSS = 824.53 MB, VMS = 9719.96 MB
[UEDRS] [00:00:00] Elapsed
[UEDRS] [00:00:13] Sampling
[UEDRS] [00:00:13] Sampling done, obtained size: 7813730
[UEDRS] [00:00:13] Memory Usage: RSS = 891.87 MB, VMS = 9786.53 MB
[UEDRS] [00:00:00] Elapsed
[UEDRS] [00:00:13] Checking [RECBOLE][NEU_MF][MYANIMELIST][8m]
[UEDRS] [00:00:13] Skipping (0.11)
[UEDRS] [00:00:13] Memory Usage: RSS = 891.87 MB, VMS = 9786.53 MB
[UEDRS] [00:00:13] Releasing dataframe from memory
[UEDRS] [00:00:13] Memory Usage: RSS = 832.48 MB, VMS = 9726.91 MB
[UEDRS] [00:00:13] Dataset: MOVIELENS
[UEDRS] [00:00:13] Loading
[UEDRS] [00:00:13] Loading done
[UEDRS] [00:00:13] Memory Usage: RSS = 2198.07 MB, VMS = 12523.07 MB
[UEDRS] [00:00:00] Elapsed
[UEDRS] [00:00:13] Sampling
[UEDRS] [00:00:25] Sampling done, obtained size: 25000000
[UEDRS] [00:00:25] Memory Usage: RSS = 2565.39 MB, VMS = 12888.55 MB
[UEDRS] [00:00:11] Elapsed
[UEDRS] [00:00:25] Checking [RECBOLE][NEU_MF][MOVIELENS][25m]
[UEDRS] [00:00:25] Starting
[UEDRS] [00:55:02] Finished (0.075)
[UEDRS] [00:55:02] Memory Usage: RSS = 9169.23 MB, VMS = 29261.73 MB
[UEDRS] [00:54:37] Elapsed

[UEDRS] [00:55:02] Memory Usage: RSS = 9169.23 MB, VMS = 29261.73 MB
[UEDRS] [00:55:02] Releasing dataframe from memory
[UEDRS] [00:55:09] Memory Usage: RSS = 6600.92 MB, VMS = 26690.29 MB
[UEDRS] [00:55:09] Dataset: MUSIC4ALL
[UEDRS] [00:55:09] Loading
[UEDRS] [00:55:11] Loading done
[UEDRS] [00:55:11] Memory Usage: RSS = 8051.68 MB, VMS = 29293.47 MB
[UEDRS] [00:00:02] Elapsed
[UEDRS] [00:55:11] Sampling
[UEDRS] [00:55:25] Sampling done, obtained size: 25000000
[UEDRS] [00:55:25] Memory Usage: RSS = 7479.99 MB, VMS = 28721.02 MB
[UEDRS] [00:00:13] Elapsed
[UEDRS] [00:55:25] Checking [RECBOLE][NEU_MF][MUSIC4ALL][25m]
[UEDRS] [00:55:25] Starting
[UEDRS] [01:20:24] Finished (0.011)
[UEDRS] [01:20:24] Memory Usage: RSS = 9694.85 MB, VMS = 31000.16 MB
[UEDRS] [00:24:59] Elapsed

[UEDRS] [01:20:24] Memory Usage: RSS = 9694.85 MB, VMS = 31000.16 MB
[UEDRS] [01:20:24] Releasing dataframe from memory
[UEDRS] [01:20:32] Memory Usage: RSS = 7836.22 MB, VMS = 29132.18 MB
[UEDRS] [01:20:32] Dataset: NETFLIX
[UEDRS] [01:20:32] Loading
[UEDRS] [01:20:33] Loading done
[UEDRS] [01:20:33] Memory Usage: RSS = 9172.54 MB, VMS = 33357.80 MB
[UEDRS] [00:00:00] Elapsed
[UEDRS] [01:20:33] Sampling
[UEDRS] [01:21:11] Sampling done, obtained size: 25000000
[UEDRS] [01:21:11] Memory Usage: RSS = 8594.73 MB, VMS = 32779.93 MB
[UEDRS] [00:00:38] Elapsed
[UEDRS] [01:21:11] Checking [RECBOLE][NEU_MF][NETFLIX][25m]
[UEDRS] [01:21:11] Starting
[UEDRS] [02:13:22] Finished (0.025)
[UEDRS] [02:13:22] Memory Usage: RSS = 11296.17 MB, VMS = 36704.86 MB
[UEDRS] [00:52:10] Elapsed

[UEDRS] [02:13:22] Memory Usage: RSS = 11296.17 MB, VMS = 36704.86 MB
[UEDRS] [02:13:22] Releasing dataframe from memory
[UEDRS] [02:13:31] Memory Usage: RSS = 9002.89 MB, VMS = 34404.12 MB
[UEDRS] [02:13:31] Dataset: YAHOO
[UEDRS] [02:13:31] Loading
[UEDRS] [02:13:32] Loading done
[UEDRS] [02:13:32] Memory Usage: RSS = 9673.95 MB, VMS = 35767.12 MB
[UEDRS] [00:00:00] Elapsed
[UEDRS] [02:13:32] Sampling
[UEDRS] [02:14:36] Sampling done, obtained size: 25000000
[UEDRS] [02:14:36] Memory Usage: RSS = 9864.96 MB, VMS = 35957.86 MB
[UEDRS] [00:01:03] Elapsed
[UEDRS] [02:14:36] Checking [RECBOLE][NEU_MF][YAHOO][25m]
[UEDRS] [02:14:36] Starting
[UEDRS] [06:43:16] Finished (0.042)
[UEDRS] [06:43:16] Memory Usage: RSS = 15309.93 MB, VMS = 49472.19 MB
[UEDRS] [04:28:40] Elapsed

[UEDRS] [06:43:16] Memory Usage: RSS = 15309.93 MB, VMS = 49472.19 MB
[UEDRS] [06:43:16] Releasing dataframe from memory
[UEDRS] [06:43:32] Memory Usage: RSS = 10964.90 MB, VMS = 45121.61 MB
[UEDRS] [06:43:32] Dataset: ALIBABA
[UEDRS] [06:43:32] Loading
[UEDRS] [06:43:33] Loading done
[UEDRS] [06:43:33] Memory Usage: RSS = 11176.89 MB, VMS = 45121.61 MB
[UEDRS] [00:00:00] Elapsed
[UEDRS] [06:43:33] Sampling
[UEDRS] [06:45:31] Sampling done, obtained size: 25000000
[UEDRS] [06:45:31] Memory Usage: RSS = 11177.19 MB, VMS = 45121.61 MB
[UEDRS] [00:01:57] Elapsed
[UEDRS] [06:45:31] Checking [RECBOLE][NEU_MF][ALIBABA][25m]
[UEDRS] [06:45:31] Starting
