[UEDRS] [00:00:14] Mode: ABSOLUTE STRATIFIED_USER
[UEDRS] [00:00:14] Tag:  RECBOLE:NEU_MF
[UEDRS] [00:00:14] Tool: RECBOLE
[UEDRS] [00:00:14] Algorithm: NEU_MF
[UEDRS] [00:00:14] Datasets: MYANIMELIST, MOVIELENS, MUSIC4ALL, NETFLIX, YAHOO, GOODREADS, LASTFM
[UEDRS] [00:00:14] Sizes: [25000000, 50000000, 75000000, 100000000]

[UEDRS] [00:00:14] Desired size: 25000000
[UEDRS] [00:00:14] Dataset: MYANIMELIST
[UEDRS] [00:00:14] Loading
[UEDRS] [00:00:14] Loading done
[UEDRS] [00:00:14] Memory Usage: RSS = 813.24 MB, VMS = 9653.79 MB
[UEDRS] [00:00:00] Elapsed
[UEDRS] [00:00:14] Sampling
[UEDRS] [00:00:14] Sampling done, obtained size: 7813730
[UEDRS] [00:00:14] Memory Usage: RSS = 881.01 MB, VMS = 9720.00 MB
[UEDRS] [00:00:00] Elapsed
[UEDRS] [00:00:14] Checking [RECBOLE][NEU_MF][MYANIMELIST][8m]
[UEDRS] [00:00:14] Skipping (0.11)
[UEDRS] [00:00:14] Memory Usage: RSS = 881.01 MB, VMS = 9720.00 MB
[UEDRS] [00:00:14] Releasing dataframe from memory
[UEDRS] [00:00:14] Memory Usage: RSS = 821.52 MB, VMS = 9660.38 MB
[UEDRS] [00:00:14] Dataset: MOVIELENS
[UEDRS] [00:00:14] Loading
[UEDRS] [00:00:15] Loading done
[UEDRS] [00:00:15] Memory Usage: RSS = 2183.18 MB, VMS = 12522.55 MB
[UEDRS] [00:00:00] Elapsed
[UEDRS] [00:00:15] Sampling
[UEDRS] [00:00:26] Sampling done, obtained size: 25000000
[UEDRS] [00:00:26] Memory Usage: RSS = 2550.11 MB, VMS = 12887.55 MB
[UEDRS] [00:00:11] Elapsed
[UEDRS] [00:00:26] Checking [RECBOLE][NEU_MF][MOVIELENS][25m]
[UEDRS] [00:00:26] Skipping (0.075)
[UEDRS] [00:00:26] Memory Usage: RSS = 2550.11 MB, VMS = 12887.55 MB
[UEDRS] [00:00:26] Releasing dataframe from memory
[UEDRS] [00:00:26] Memory Usage: RSS = 2168.63 MB, VMS = 12506.08 MB
[UEDRS] [00:00:26] Dataset: MUSIC4ALL
[UEDRS] [00:00:26] Loading
[UEDRS] [00:00:29] Loading done
[UEDRS] [00:00:29] Memory Usage: RSS = 3693.14 MB, VMS = 15177.28 MB
[UEDRS] [00:00:02] Elapsed
[UEDRS] [00:00:29] Sampling
[UEDRS] [00:00:42] Sampling done, obtained size: 25000000
[UEDRS] [00:00:42] Memory Usage: RSS = 3333.76 MB, VMS = 14817.32 MB
[UEDRS] [00:00:13] Elapsed
[UEDRS] [00:00:42] Checking [RECBOLE][NEU_MF][MUSIC4ALL][25m]
[UEDRS] [00:00:42] Skipping (0.011)
[UEDRS] [00:00:42] Memory Usage: RSS = 3333.76 MB, VMS = 14817.32 MB
[UEDRS] [00:00:42] Releasing dataframe from memory
[UEDRS] [00:00:43] Memory Usage: RSS = 2949.32 MB, VMS = 14432.84 MB
[UEDRS] [00:00:43] Dataset: NETFLIX
[UEDRS] [00:00:43] Loading
[UEDRS] [00:00:43] Loading done
[UEDRS] [00:00:43] Memory Usage: RSS = 4199.47 MB, VMS = 18659.45 MB
[UEDRS] [00:00:00] Elapsed
[UEDRS] [00:00:43] Sampling
[UEDRS] [00:01:17] Sampling done, obtained size: 25000000
[UEDRS] [00:01:17] Memory Usage: RSS = 3648.10 MB, VMS = 18108.63 MB
[UEDRS] [00:00:33] Elapsed
[UEDRS] [00:01:17] Checking [RECBOLE][NEU_MF][NETFLIX][25m]
[UEDRS] [00:01:17] Skipping (0.025)
[UEDRS] [00:01:17] Memory Usage: RSS = 3648.10 MB, VMS = 18108.63 MB
[UEDRS] [00:01:17] Releasing dataframe from memory
[UEDRS] [00:01:17] Memory Usage: RSS = 3456.62 MB, VMS = 17916.89 MB
[UEDRS] [00:01:17] Dataset: YAHOO
[UEDRS] [00:01:17] Loading
[UEDRS] [00:01:17] Loading done
[UEDRS] [00:01:17] Memory Usage: RSS = 4093.67 MB, VMS = 19280.89 MB
[UEDRS] [00:00:00] Elapsed
[UEDRS] [00:01:17] Sampling
[UEDRS] [00:02:20] Sampling done, obtained size: 25000000
[UEDRS] [00:02:20] Memory Usage: RSS = 4460.42 MB, VMS = 19648.80 MB
[UEDRS] [00:01:02] Elapsed
[UEDRS] [00:02:20] Checking [RECBOLE][NEU_MF][YAHOO][25m]
[UEDRS] [00:02:20] Skipping (0.042)
[UEDRS] [00:02:20] Memory Usage: RSS = 4460.42 MB, VMS = 19648.80 MB
[UEDRS] [00:02:20] Releasing dataframe from memory
[UEDRS] [00:02:20] Memory Usage: RSS = 4268.68 MB, VMS = 19457.07 MB
[UEDRS] [00:02:20] Dataset: GOODREADS
[UEDRS] [00:02:20] Loading
[UEDRS] [00:02:30] Loading done
[UEDRS] [00:02:30] Memory Usage: RSS = 5481.88 MB, VMS = 19410.95 MB
[UEDRS] [00:00:09] Elapsed
[UEDRS] [00:02:30] Sampling
[UEDRS] [00:03:10] Sampling done, obtained size: 25000000
[UEDRS] [00:03:10] Memory Usage: RSS = 5673.58 MB, VMS = 19602.69 MB
[UEDRS] [00:00:39] Elapsed
[UEDRS] [00:03:10] Checking [RECBOLE][NEU_MF][GOODREADS][25m]
[UEDRS] [00:03:10] Starting
