[UEDRS] [00:00:13] Mode: ABSOLUTE STRATIFIED_USER
[UEDRS] [00:00:13] Tag:  LENSKIT:BIASED_SVD
[UEDRS] [00:00:13] Tool: LENSKIT
[UEDRS] [00:00:13] Algorithm: BIASED_SVD
[UEDRS] [00:00:13] Datasets: MYANIMELIST, TMALL, MOVIELENS, MUSIC4ALL, NETFLIX, YAHOO, ALIBABA, GOODREADS, LASTFM
[UEDRS] [00:00:13] Sizes: [25000000, 50000000, 75000000, 100000000]

[UEDRS] [00:00:13] Desired size: 25000000
[UEDRS] [00:00:13] Dataset: MYANIMELIST
[UEDRS] [00:00:13] Loading
[UEDRS] [00:00:14] Loading done
[UEDRS] [00:00:14] Memory Usage: RSS = 949.94 MB, VMS = 5080.06 MB
[UEDRS] [00:00:00] Elapsed
[UEDRS] [00:00:14] Sampling
[UEDRS] [00:00:14] Sampling done, obtained size: 7813730
[UEDRS] [00:00:14] Memory Usage: RSS = 980.09 MB, VMS = 5109.87 MB
[UEDRS] [00:00:00] Elapsed
[UEDRS] [00:00:14] Checking [LENSKIT][BIASED_SVD][MYANIMELIST][8m]
[UEDRS] [00:00:14] Skipping (0.066)
[UEDRS] [00:00:14] Memory Usage: RSS = 980.09 MB, VMS = 5109.87 MB
[UEDRS] [00:00:14] Releasing dataframe from memory
[UEDRS] [00:00:14] Memory Usage: RSS = 860.86 MB, VMS = 4990.63 MB
[UEDRS] [00:00:14] Dataset: TMALL
[UEDRS] [00:00:14] Loading
[UEDRS] [00:00:16] Loading done
[UEDRS] [00:00:16] Memory Usage: RSS = 1464.75 MB, VMS = 6485.46 MB
[UEDRS] [00:00:01] Elapsed
[UEDRS] [00:00:16] Sampling
[UEDRS] [00:00:16] Sampling done, obtained size: 24363557
[UEDRS] [00:00:16] Memory Usage: RSS = 1464.75 MB, VMS = 6485.46 MB
[UEDRS] [00:00:00] Elapsed
[UEDRS] [00:00:16] Checking [LENSKIT][BIASED_SVD][TMALL][24m]
[UEDRS] [00:00:16] Starting
2025-12-31 08:29:56 [warning  ] loaded pipeline does not match hash
[UEDRS] [01:52:16] Finished (3.4e-06)
[UEDRS] [01:52:16] Memory Usage: RSS = 3504.23 MB, VMS = 15983.34 MB
[UEDRS] [01:51:59] Elapsed

[UEDRS] [01:52:16] Memory Usage: RSS = 3504.23 MB, VMS = 15983.34 MB
[UEDRS] [01:52:16] Releasing dataframe from memory
[UEDRS] [01:52:16] Memory Usage: RSS = 3173.24 MB, VMS = 15651.52 MB
[UEDRS] [01:52:16] Dataset: MOVIELENS
[UEDRS] [01:52:16] Loading
[UEDRS] [01:52:18] Loading done
[UEDRS] [01:52:18] Memory Usage: RSS = 3703.13 MB, VMS = 15895.67 MB
[UEDRS] [00:00:01] Elapsed
[UEDRS] [01:52:18] Sampling
[UEDRS] [01:52:29] Sampling done, obtained size: 25000000
[UEDRS] [01:52:29] Memory Usage: RSS = 3839.45 MB, VMS = 16032.00 MB
[UEDRS] [00:00:11] Elapsed
[UEDRS] [01:52:29] Checking [LENSKIT][BIASED_SVD][MOVIELENS][25m]
[UEDRS] [01:52:29] Starting
2025-12-31 10:11:31 [warning  ] loaded pipeline does not match hash
[UEDRS] [02:02:17] Finished (0.051)
[UEDRS] [02:02:17] Memory Usage: RSS = 3285.36 MB, VMS = 18164.70 MB
[UEDRS] [00:09:47] Elapsed

[UEDRS] [02:02:17] Memory Usage: RSS = 3285.36 MB, VMS = 18164.70 MB
[UEDRS] [02:02:17] Releasing dataframe from memory
[UEDRS] [02:02:17] Memory Usage: RSS = 2880.74 MB, VMS = 17759.22 MB
[UEDRS] [02:02:17] Dataset: MUSIC4ALL
[UEDRS] [02:02:17] Loading
[UEDRS] [02:02:22] Loading done
[UEDRS] [02:02:22] Memory Usage: RSS = 4512.72 MB, VMS = 18522.41 MB
[UEDRS] [00:00:05] Elapsed
[UEDRS] [02:02:22] Sampling
[UEDRS] [02:02:36] Sampling done, obtained size: 25000000
[UEDRS] [02:02:36] Memory Usage: RSS = 4131.11 MB, VMS = 18140.70 MB
[UEDRS] [00:00:13] Elapsed
[UEDRS] [02:02:36] Checking [LENSKIT][BIASED_SVD][MUSIC4ALL][25m]
[UEDRS] [02:02:36] Starting
2025-12-31 10:20:39 [warning  ] loaded pipeline does not match hash
[UEDRS] [02:10:29] Finished (0.00016)
[UEDRS] [02:10:29] Memory Usage: RSS = 3946.52 MB, VMS = 18208.77 MB
[UEDRS] [00:07:53] Elapsed

[UEDRS] [02:10:29] Memory Usage: RSS = 3946.52 MB, VMS = 18208.77 MB
[UEDRS] [02:10:29] Releasing dataframe from memory
[UEDRS] [02:10:30] Memory Usage: RSS = 3549.69 MB, VMS = 17811.29 MB
[UEDRS] [02:10:30] Dataset: NETFLIX
[UEDRS] [02:10:30] Loading
[UEDRS] [02:10:35] Loading done
[UEDRS] [02:10:35] Memory Usage: RSS = 4855.22 MB, VMS = 18577.90 MB
[UEDRS] [00:00:05] Elapsed
[UEDRS] [02:10:35] Sampling
[UEDRS] [02:11:09] Sampling done, obtained size: 25000000
[UEDRS] [02:11:09] Memory Usage: RSS = 4278.86 MB, VMS = 18002.03 MB
[UEDRS] [00:00:34] Elapsed
[UEDRS] [02:11:09] Checking [LENSKIT][BIASED_SVD][NETFLIX][25m]
[UEDRS] [02:11:09] Starting
2025-12-31 10:36:25 [warning  ] loaded pipeline does not match hash
[UEDRS] [02:29:31] Finished (0.0078)
[UEDRS] [02:29:31] Memory Usage: RSS = 4923.29 MB, VMS = 18053.81 MB
[UEDRS] [00:18:21] Elapsed

[UEDRS] [02:29:31] Memory Usage: RSS = 4923.29 MB, VMS = 18053.81 MB
[UEDRS] [02:29:31] Releasing dataframe from memory
[UEDRS] [02:29:31] Memory Usage: RSS = 4681.16 MB, VMS = 17811.07 MB
[UEDRS] [02:29:31] Dataset: YAHOO
[UEDRS] [02:29:31] Loading
[UEDRS] [02:29:35] Loading done
[UEDRS] [02:29:35] Memory Usage: RSS = 5029.74 MB, VMS = 18692.88 MB
[UEDRS] [00:00:04] Elapsed
[UEDRS] [02:29:35] Sampling
[UEDRS] [02:30:42] Sampling done, obtained size: 25000000
[UEDRS] [02:30:42] Memory Usage: RSS = 4345.77 MB, VMS = 18001.81 MB
[UEDRS] [00:01:06] Elapsed
[UEDRS] [02:30:42] Checking [LENSKIT][BIASED_SVD][YAHOO][25m]
[UEDRS] [02:30:42] Starting
2025-12-31 12:17:07 [warning  ] loaded pipeline does not match hash
[UEDRS] [04:25:04] Finished (0.0022)
[UEDRS] [04:25:04] Memory Usage: RSS = 6769.04 MB, VMS = 19045.96 MB
[UEDRS] [01:54:21] Elapsed

[UEDRS] [04:25:04] Memory Usage: RSS = 6769.04 MB, VMS = 19045.96 MB
[UEDRS] [04:25:04] Releasing dataframe from memory
[UEDRS] [04:25:04] Memory Usage: RSS = 6521.88 MB, VMS = 18798.22 MB
[UEDRS] [04:25:04] Dataset: ALIBABA
[UEDRS] [04:25:04] Loading
[UEDRS] [04:25:14] Loading done
[UEDRS] [04:25:14] Memory Usage: RSS = 9030.55 MB, VMS = 20896.45 MB
[UEDRS] [00:00:10] Elapsed
[UEDRS] [04:25:14] Sampling
[UEDRS] [04:27:18] Sampling done, obtained size: 25000000
[UEDRS] [04:27:18] Memory Usage: RSS = 7761.09 MB, VMS = 19626.96 MB
[UEDRS] [00:02:03] Elapsed
[UEDRS] [04:27:18] Checking [LENSKIT][BIASED_SVD][ALIBABA][25m]
[UEDRS] [04:27:18] Starting
