[UEDRS] [00:00:22] Mode: ABSOLUTE STRATIFIED_USER
[UEDRS] [00:00:22] Tag:  LENSKIT:IMPLICIT_MF
[UEDRS] [00:00:22] Tool: LENSKIT
[UEDRS] [00:00:22] Algorithm: IMPLICIT_MF
[UEDRS] [00:00:22] Datasets: IPINYOU, ALIBABA, LASTFM, AMAZON
[UEDRS] [00:00:22] Sizes: [750000, 1000000, 25000000, 50000000, 75000000, 100000000]

[UEDRS] [00:00:22] Desired size: 750000
[UEDRS] [00:00:22] Dataset: IPINYOU
[UEDRS] [00:00:22] Loading
[UEDRS] [00:00:30] Loading done
[UEDRS] [00:00:30] Memory Usage: RSS = 3801.07 MB, VMS = 10902.95 MB
[UEDRS] [00:00:07] Elapsed
[UEDRS] [00:00:30] Sampling
[UEDRS] [00:08:53] Sampling done, obtained size: 750000
[UEDRS] [00:08:53] Memory Usage: RSS = 5315.29 MB, VMS = 12414.31 MB
[UEDRS] [00:08:23] Elapsed
[UEDRS] [00:08:53] Checking [LENSKIT][IMPLICIT_MF][IPINYOU][750k]
[UEDRS] [00:08:53] Skipping (3.6e-06)
[UEDRS] [00:08:53] Memory Usage: RSS = 5315.29 MB, VMS = 12414.31 MB
[UEDRS] [00:08:53] Releasing dataframe from memory
[UEDRS] [00:08:53] Memory Usage: RSS = 3904.84 MB, VMS = 10985.31 MB
[UEDRS] [00:08:53] Dataset: ALIBABA
[UEDRS] [00:08:53] Loading
[UEDRS] [00:08:55] Loading done
[UEDRS] [00:08:55] Memory Usage: RSS = 6560.84 MB, VMS = 12965.31 MB
[UEDRS] [00:00:01] Elapsed
[UEDRS] [00:08:55] Sampling
[UEDRS] [00:51:37] Sampling done, obtained size: 750000
[UEDRS] [00:51:37] Memory Usage: RSS = 6560.00 MB, VMS = 12966.31 MB
[UEDRS] [00:42:42] Elapsed
[UEDRS] [00:51:37] Checking [LENSKIT][IMPLICIT_MF][ALIBABA][750k]
[UEDRS] [00:51:37] Skipping (6.2e-06)
[UEDRS] [00:51:37] Memory Usage: RSS = 6560.00 MB, VMS = 12966.31 MB
[UEDRS] [00:51:37] Releasing dataframe from memory
[UEDRS] [00:51:37] Memory Usage: RSS = 6559.01 MB, VMS = 12965.31 MB
[UEDRS] [00:51:37] Dataset: LASTFM
[UEDRS] [00:51:37] Loading
[UEDRS] [00:51:40] Loading done
[UEDRS] [00:51:40] Memory Usage: RSS = 11964.65 MB, VMS = 16125.31 MB
[UEDRS] [00:00:03] Elapsed
[UEDRS] [00:51:40] Sampling
[UEDRS] [03:31:34] Sampling done, obtained size: 750000
[UEDRS] [03:31:34] Memory Usage: RSS = 11979.21 MB, VMS = 16125.31 MB
[UEDRS] [02:39:53] Elapsed
[UEDRS] [03:31:34] Checking [LENSKIT][IMPLICIT_MF][LASTFM][750k]
[UEDRS] [03:31:34] Skipping (7.6e-05)
[UEDRS] [03:31:34] Memory Usage: RSS = 11979.21 MB, VMS = 16125.31 MB
[UEDRS] [03:31:34] Releasing dataframe from memory
[UEDRS] [03:31:34] Memory Usage: RSS = 11979.21 MB, VMS = 16125.31 MB
[UEDRS] [03:31:34] Dataset: AMAZON
[UEDRS] [03:31:34] Loading
[UEDRS] [03:34:47] Loading done
[UEDRS] [03:34:47] Memory Usage: RSS = 66782.01 MB, VMS = 101238.56 MB
[UEDRS] [00:03:12] Elapsed
[UEDRS] [03:34:47] Sampling
[UEDRS] [07:50:43] Sampling done, obtained size: 750000
[UEDRS] [07:50:43] Memory Usage: RSS = 52254.30 MB, VMS = 94111.07 MB
[UEDRS] [04:15:56] Elapsed
[UEDRS] [07:50:43] Checking [LENSKIT][IMPLICIT_MF][AMAZON][750k]
[UEDRS] [07:50:43] Starting
