[UEDRS] [00:00:09] Mode: ABSOLUTE STRATIFIED_USER
[UEDRS] [00:00:09] Tag:  RECBOLE:ASYM_KNN
[UEDRS] [00:00:09] Tool: RECBOLE
[UEDRS] [00:00:09] Algorithm: ASYM_KNN
[UEDRS] [00:00:09] Datasets: MOVIELENS, NETFLIX, GOODREADS, MUSIC4ALL
[UEDRS] [00:00:09] Sizes: [1000000, 25000000, 50000000, 75000000, 100000000]

[UEDRS] [00:00:09] Current dataset [MOVIELENS]
[UEDRS] [00:00:09] Loading full dataset
[UEDRS] [00:00:14] Loading done
[UEDRS] [00:00:14] Memory Usage: RSS = 1347.08 MB, VMS = 9592.50 MB
[UEDRS] [00:00:04] Elapsed
[UEDRS] [00:00:14] Sampling for [1000000]
[UEDRS] [00:00:21] Sampling done
[UEDRS] [00:00:21] Memory Usage: RSS = 716.83 MB, VMS = 8960.30 MB
[UEDRS] [00:00:06] Elapsed
[UEDRS] [00:00:21] Checking [RECBOLE][ASYM_KNN][MOVIELENS][1m]
[UEDRS] [00:00:21] Skipping (0.00559)
[UEDRS] [00:00:21] Memory Usage: RSS = 716.83 MB, VMS = 8960.30 MB
[UEDRS] [00:00:21] Releasing dataframe from memory
[UEDRS] [00:00:21] Memory Usage: RSS = 655.79 MB, VMS = 8899.14 MB
[UEDRS] [00:00:21] Loading full dataset
[UEDRS] [00:00:26] Loading done
[UEDRS] [00:00:26] Memory Usage: RSS = 1388.22 MB, VMS = 9631.57 MB
[UEDRS] [00:00:04] Elapsed
[UEDRS] [00:00:26] Sampling for [25000000]
[UEDRS] [00:00:33] Sampling done
[UEDRS] [00:00:33] Memory Usage: RSS = 1413.16 MB, VMS = 9656.63 MB
[UEDRS] [00:00:07] Elapsed
[UEDRS] [00:00:33] Checking [RECBOLE][ASYM_KNN][MOVIELENS][25m]
[UEDRS] [00:00:33] Skipping (0.03751)
[UEDRS] [00:00:33] Memory Usage: RSS = 1413.16 MB, VMS = 9656.63 MB
[UEDRS] [00:00:33] Releasing dataframe from memory
[UEDRS] [00:00:33] Memory Usage: RSS = 840.98 MB, VMS = 9084.45 MB
[UEDRS] [00:00:33] Loading full dataset
[UEDRS] [00:00:38] Loading done
[UEDRS] [00:00:38] Memory Usage: RSS = 1612.47 MB, VMS = 9855.80 MB
[UEDRS] [00:00:04] Elapsed
[UEDRS] [00:00:38] Sampling for [50000000]
[UEDRS] [00:00:46] Sampling done
[UEDRS] [00:00:46] Memory Usage: RSS = 1654.31 MB, VMS = 9897.77 MB
[UEDRS] [00:00:07] Elapsed
[UEDRS] [00:00:46] Checking [RECBOLE][ASYM_KNN][MOVIELENS][32m]
[UEDRS] [00:00:46] Starting
