[UEDRS] [00:00:19] Mode: ABSOLUTE STRATIFIED_USER
[UEDRS] [00:00:19] Tag:  LENSKIT:BIASED_MF
[UEDRS] [00:00:19] Tool: LENSKIT
[UEDRS] [00:00:19] Algorithm: BIASED_MF
[UEDRS] [00:00:19] Datasets: IPINYOU, AMAZON
[UEDRS] [00:00:19] Sizes: [100000, 250000, 500000, 750000, 1000000, 25000000, 50000000, 75000000, 100000000]

[UEDRS] [00:00:19] Desired size: 100000
[UEDRS] [00:00:19] Dataset: IPINYOU
[UEDRS] [00:00:19] Loading
[UEDRS] [00:00:27] Loading done
[UEDRS] [00:00:27] Memory Usage: RSS = 3798.45 MB, VMS = 10903.46 MB
[UEDRS] [00:00:07] Elapsed
[UEDRS] [00:00:27] Sampling
[UEDRS] [00:09:03] Sampling done, obtained size: 100000
[UEDRS] [00:09:03] Memory Usage: RSS = 5281.94 MB, VMS = 12384.20 MB
[UEDRS] [00:08:36] Elapsed
[UEDRS] [00:09:03] Checking [LENSKIT][BIASED_MF][IPINYOU][100k]
[UEDRS] [00:09:03] Starting
[UEDRS] [00:27:12] Finished (0)
[UEDRS] [00:27:12] Memory Usage: RSS = 5373.93 MB, VMS = 13495.33 MB
[UEDRS] [00:18:09] Elapsed

[UEDRS] [00:27:12] Memory Usage: RSS = 5373.93 MB, VMS = 13495.33 MB
[UEDRS] [00:27:12] Releasing dataframe from memory
[UEDRS] [00:27:13] Memory Usage: RSS = 4042.31 MB, VMS = 12146.33 MB
[UEDRS] [00:27:13] Dataset: AMAZON
[UEDRS] [00:27:13] Loading
[UEDRS] [04:39:20] Loading done
[UEDRS] [04:39:20] Memory Usage: RSS = 65703.02 MB, VMS = 100726.58 MB
[UEDRS] [04:12:07] Elapsed
[UEDRS] [04:39:20] Sampling
[UEDRS] [05:14:58] Sampling done, obtained size: 100000
[UEDRS] [05:14:58] Memory Usage: RSS = 57225.32 MB, VMS = 92209.79 MB
[UEDRS] [00:35:37] Elapsed
[UEDRS] [05:14:58] Checking [LENSKIT][BIASED_MF][AMAZON][100k]
[UEDRS] [05:14:58] Starting
[UEDRS] [05:33:17] Finished (0)
[UEDRS] [05:33:17] Memory Usage: RSS = 57261.74 MB, VMS = 92337.79 MB
[UEDRS] [00:18:18] Elapsed

[UEDRS] [05:33:17] Memory Usage: RSS = 57261.74 MB, VMS = 92337.79 MB
[UEDRS] [05:33:17] Releasing dataframe from memory
[UEDRS] [05:33:17] Memory Usage: RSS = 53690.86 MB, VMS = 88731.79 MB
[UEDRS] [05:33:17] Desired size: 250000
[UEDRS] [05:33:17] Dataset: IPINYOU
[UEDRS] [05:33:17] Loading
[UEDRS] [05:33:27] Loading done
[UEDRS] [05:33:27] Memory Usage: RSS = 49530.78 MB, VMS = 90403.60 MB
[UEDRS] [00:00:09] Elapsed
[UEDRS] [05:33:27] Sampling
[UEDRS] [05:42:07] Sampling done, obtained size: 250000
[UEDRS] [05:42:07] Memory Usage: RSS = 49182.21 MB, VMS = 90054.79 MB
[UEDRS] [00:08:40] Elapsed
[UEDRS] [05:42:07] Checking [LENSKIT][BIASED_MF][IPINYOU][250k]
[UEDRS] [05:42:07] Starting
[UEDRS] [07:13:41] Finished (0)
[UEDRS] [07:13:41] Memory Usage: RSS = 49306.14 MB, VMS = 90126.79 MB
[UEDRS] [01:31:34] Elapsed

[UEDRS] [07:13:41] Memory Usage: RSS = 49306.14 MB, VMS = 90126.79 MB
[UEDRS] [07:13:41] Releasing dataframe from memory
[UEDRS] [07:13:41] Memory Usage: RSS = 47987.97 MB, VMS = 88795.79 MB
[UEDRS] [07:13:41] Dataset: AMAZON
[UEDRS] [07:13:41] Loading
[UEDRS] [07:28:59] Loading done
[UEDRS] [07:28:59] Memory Usage: RSS = 78721.04 MB, VMS = 106293.00 MB
[UEDRS] [00:15:18] Elapsed
[UEDRS] [07:28:59] Sampling
[UEDRS] [08:05:08] Sampling done, obtained size: 250000
[UEDRS] [08:05:08] Memory Usage: RSS = 67493.45 MB, VMS = 94650.57 MB
[UEDRS] [00:36:08] Elapsed
[UEDRS] [08:05:08] Checking [LENSKIT][BIASED_MF][AMAZON][250k]
[UEDRS] [08:05:08] Starting
[UEDRS] [10:05:19] Finished (2.8e-06)
[UEDRS] [10:05:19] Memory Usage: RSS = 62838.81 MB, VMS = 94649.57 MB
[UEDRS] [02:00:11] Elapsed

[UEDRS] [10:05:19] Memory Usage: RSS = 62838.81 MB, VMS = 94649.57 MB
[UEDRS] [10:05:19] Releasing dataframe from memory
[UEDRS] [10:05:20] Memory Usage: RSS = 58806.90 MB, VMS = 90603.57 MB
[UEDRS] [10:05:20] Desired size: 500000
[UEDRS] [10:05:20] Dataset: IPINYOU
[UEDRS] [10:05:20] Loading
[UEDRS] [10:05:29] Loading done
[UEDRS] [10:05:29] Memory Usage: RSS = 61075.56 MB, VMS = 92265.38 MB
[UEDRS] [00:00:08] Elapsed
[UEDRS] [10:05:29] Sampling
[UEDRS] [10:14:11] Sampling done, obtained size: 500000
[UEDRS] [10:14:11] Memory Usage: RSS = 60738.92 MB, VMS = 91928.57 MB
[UEDRS] [00:08:42] Elapsed
[UEDRS] [10:14:11] Checking [LENSKIT][BIASED_MF][IPINYOU][500k]
[UEDRS] [10:14:11] Starting
[UEDRS] [16:10:33] Finished (0)
[UEDRS] [16:10:33] Memory Usage: RSS = 60921.94 MB, VMS = 92054.57 MB
[UEDRS] [05:56:21] Elapsed

[UEDRS] [16:10:33] Memory Usage: RSS = 60921.94 MB, VMS = 92054.57 MB
[UEDRS] [16:10:33] Releasing dataframe from memory
[UEDRS] [16:10:33] Memory Usage: RSS = 59586.71 MB, VMS = 90706.57 MB
[UEDRS] [16:10:33] Dataset: AMAZON
[UEDRS] [16:10:33] Loading
[UEDRS] [21:23:03] Loading done
[UEDRS] [21:23:03] Memory Usage: RSS = 81879.84 MB, VMS = 106932.78 MB
[UEDRS] [05:12:29] Elapsed
[UEDRS] [21:23:03] Sampling
[UEDRS] [21:58:58] Sampling done, obtained size: 500000
[UEDRS] [21:58:58] Memory Usage: RSS = 70436.03 MB, VMS = 95649.65 MB
[UEDRS] [00:35:55] Elapsed
[UEDRS] [21:58:58] Checking [LENSKIT][BIASED_MF][AMAZON][500k]
[UEDRS] [21:58:58] Starting
