[UEDRS] [00:00:12] Mode: ABSOLUTE STRATIFIED_USER
[UEDRS] [00:00:12] Tag:  LENSKIT:POP
[UEDRS] [00:00:12] Tool: LENSKIT
[UEDRS] [00:00:12] Algorithm: POP
[UEDRS] [00:00:12] Datasets: MYANIMELIST, TMALL, MOVIELENS, MUSIC4ALL, NETFLIX, YAHOO, ALIBABA, GOODREADS, LASTFM
[UEDRS] [00:00:12] Sizes: [250000, 500000, 750000, 1000000, 25000000, 50000000, 75000000, 100000000]

[UEDRS] [00:00:12] Desired size: 250000
[UEDRS] [00:00:12] Dataset: MYANIMELIST
[UEDRS] [00:00:12] Loading
[UEDRS] [00:00:12] Loading done
[UEDRS] [00:00:12] Memory Usage: RSS = 781.18 MB, VMS = 4991.15 MB
[UEDRS] [00:00:00] Elapsed
[UEDRS] [00:00:12] Sampling
[UEDRS] [00:00:15] Sampling done, obtained size: 250000
[UEDRS] [00:00:15] Memory Usage: RSS = 811.29 MB, VMS = 5016.92 MB
[UEDRS] [00:00:02] Elapsed
[UEDRS] [00:00:15] Checking [LENSKIT][POP][MYANIMELIST][250k]
[UEDRS] [00:00:15] Skipping (0.011)
[UEDRS] [00:00:15] Memory Usage: RSS = 811.29 MB, VMS = 5016.92 MB
[UEDRS] [00:00:15] Releasing dataframe from memory
[UEDRS] [00:00:15] Memory Usage: RSS = 811.29 MB, VMS = 5016.92 MB
[UEDRS] [00:00:15] Dataset: TMALL
[UEDRS] [00:00:15] Loading
[UEDRS] [00:00:15] Loading done
[UEDRS] [00:00:15] Memory Usage: RSS = 1183.95 MB, VMS = 6232.93 MB
[UEDRS] [00:00:00] Elapsed
[UEDRS] [00:00:15] Sampling
[UEDRS] [00:00:37] Sampling done, obtained size: 250000
[UEDRS] [00:00:37] Memory Usage: RSS = 1269.41 MB, VMS = 6318.65 MB
[UEDRS] [00:00:21] Elapsed
[UEDRS] [00:00:37] Checking [LENSKIT][POP][TMALL][250k]
[UEDRS] [00:00:37] Skipping (0.00015)
[UEDRS] [00:00:37] Memory Usage: RSS = 1269.41 MB, VMS = 6318.65 MB
[UEDRS] [00:00:37] Releasing dataframe from memory
[UEDRS] [00:00:37] Memory Usage: RSS = 1268.42 MB, VMS = 6317.65 MB
[UEDRS] [00:00:37] Dataset: MOVIELENS
[UEDRS] [00:00:37] Loading
[UEDRS] [00:00:37] Loading done
[UEDRS] [00:00:37] Memory Usage: RSS = 2108.15 MB, VMS = 8921.80 MB
[UEDRS] [00:00:00] Elapsed
[UEDRS] [00:00:37] Sampling
[UEDRS] [00:00:45] Sampling done, obtained size: 250000
[UEDRS] [00:00:45] Memory Usage: RSS = 1878.14 MB, VMS = 8691.54 MB
[UEDRS] [00:00:07] Elapsed
[UEDRS] [00:00:45] Checking [LENSKIT][POP][MOVIELENS][250k]
[UEDRS] [00:00:45] Skipping (0.002)
[UEDRS] [00:00:45] Memory Usage: RSS = 1878.14 MB, VMS = 8691.54 MB
[UEDRS] [00:00:45] Releasing dataframe from memory
[UEDRS] [00:00:45] Memory Usage: RSS = 1878.14 MB, VMS = 8691.54 MB
[UEDRS] [00:00:45] Dataset: MUSIC4ALL
[UEDRS] [00:00:45] Loading
[UEDRS] [00:00:49] Loading done
[UEDRS] [00:00:49] Memory Usage: RSS = 3577.16 MB, VMS = 11296.73 MB
[UEDRS] [00:00:03] Elapsed
[UEDRS] [00:00:49] Sampling
[UEDRS] [00:00:56] Sampling done, obtained size: 250000
[UEDRS] [00:00:56] Memory Usage: RSS = 2815.65 MB, VMS = 10534.54 MB
[UEDRS] [00:00:07] Elapsed
[UEDRS] [00:00:56] Checking [LENSKIT][POP][MUSIC4ALL][250k]
[UEDRS] [00:00:56] Starting
2026-01-02 23:48:46 [warning  ] loaded pipeline does not match hash
[UEDRS] [00:06:03] Finished (0.00083)
[UEDRS] [00:06:03] Memory Usage: RSS = 2351.55 MB, VMS = 10726.60 MB
[UEDRS] [00:05:06] Elapsed

[UEDRS] [00:06:03] Memory Usage: RSS = 2351.55 MB, VMS = 10726.60 MB
[UEDRS] [00:06:03] Releasing dataframe from memory
[UEDRS] [00:06:03] Memory Usage: RSS = 2343.55 MB, VMS = 10718.60 MB
[UEDRS] [00:06:03] Dataset: NETFLIX
[UEDRS] [00:06:03] Loading
[UEDRS] [00:06:04] Loading done
[UEDRS] [00:06:04] Memory Usage: RSS = 3989.81 MB, VMS = 16165.21 MB
[UEDRS] [00:00:01] Elapsed
[UEDRS] [00:06:04] Sampling
[UEDRS] [00:06:35] Sampling done, obtained size: 250000
[UEDRS] [00:06:35] Memory Usage: RSS = 3226.16 MB, VMS = 15400.87 MB
[UEDRS] [00:00:30] Elapsed
[UEDRS] [00:06:35] Checking [LENSKIT][POP][NETFLIX][250k]
[UEDRS] [00:06:35] Starting
2026-01-02 23:55:27 [warning  ] loaded pipeline does not match hash
[UEDRS] [00:10:15] Finished (0.00052)
[UEDRS] [00:10:15] Memory Usage: RSS = 1868.12 MB, VMS = 14947.08 MB
[UEDRS] [00:03:40] Elapsed

[UEDRS] [00:10:15] Memory Usage: RSS = 1868.12 MB, VMS = 14947.08 MB
[UEDRS] [00:10:15] Releasing dataframe from memory
[UEDRS] [00:10:16] Memory Usage: RSS = 1853.14 MB, VMS = 14932.08 MB
[UEDRS] [00:10:16] Dataset: YAHOO
[UEDRS] [00:10:16] Loading
[UEDRS] [00:10:17] Loading done
[UEDRS] [00:10:17] Memory Usage: RSS = 3445.45 MB, VMS = 14931.08 MB
[UEDRS] [00:00:01] Elapsed
[UEDRS] [00:10:17] Sampling
[UEDRS] [00:11:18] Sampling done, obtained size: 250000
[UEDRS] [00:11:18] Memory Usage: RSS = 3520.55 MB, VMS = 15006.68 MB
[UEDRS] [00:01:00] Elapsed
[UEDRS] [00:11:18] Checking [LENSKIT][POP][YAHOO][250k]
[UEDRS] [00:11:18] Starting
2026-01-03 00:00:25 [warning  ] loaded pipeline does not match hash
[UEDRS] [00:15:39] Finished (0.00018)
[UEDRS] [00:15:39] Memory Usage: RSS = 3421.06 MB, VMS = 15036.68 MB
[UEDRS] [00:04:21] Elapsed

[UEDRS] [00:15:39] Memory Usage: RSS = 3421.06 MB, VMS = 15036.68 MB
[UEDRS] [00:15:39] Releasing dataframe from memory
[UEDRS] [00:15:39] Memory Usage: RSS = 3403.11 MB, VMS = 15018.68 MB
[UEDRS] [00:15:39] Dataset: ALIBABA
[UEDRS] [00:15:39] Loading
[UEDRS] [00:15:40] Loading done
[UEDRS] [00:15:40] Memory Usage: RSS = 4931.01 MB, VMS = 15722.68 MB
[UEDRS] [00:00:01] Elapsed
[UEDRS] [00:15:40] Sampling
[UEDRS] [00:17:32] Sampling done, obtained size: 250000
[UEDRS] [00:17:32] Memory Usage: RSS = 5111.50 MB, VMS = 15902.50 MB
[UEDRS] [00:01:51] Elapsed
[UEDRS] [00:17:32] Checking [LENSKIT][POP][ALIBABA][250k]
[UEDRS] [00:17:32] Starting
2026-01-03 00:07:15 [warning  ] loaded pipeline does not match hash
[UEDRS] [00:21:48] Finished (8.3e-06)
[UEDRS] [00:21:48] Memory Usage: RSS = 5076.09 MB, VMS = 15935.50 MB
[UEDRS] [00:04:16] Elapsed

[UEDRS] [00:21:48] Memory Usage: RSS = 5076.09 MB, VMS = 15935.50 MB
[UEDRS] [00:21:48] Releasing dataframe from memory
[UEDRS] [00:21:48] Memory Usage: RSS = 5070.12 MB, VMS = 15929.50 MB
[UEDRS] [00:21:48] Dataset: GOODREADS
[UEDRS] [00:21:48] Loading
[UEDRS] [00:21:50] Loading done
[UEDRS] [00:21:50] Memory Usage: RSS = 6542.23 MB, VMS = 16182.50 MB
[UEDRS] [00:00:01] Elapsed
[UEDRS] [00:21:50] Sampling
[UEDRS] [00:22:37] Sampling done, obtained size: 250000
[UEDRS] [00:22:37] Memory Usage: RSS = 6540.29 MB, VMS = 16180.50 MB
[UEDRS] [00:00:47] Elapsed
[UEDRS] [00:22:37] Checking [LENSKIT][POP][GOODREADS][250k]
[UEDRS] [00:22:37] Starting
2026-01-03 00:11:31 [warning  ] loaded pipeline does not match hash
[UEDRS] [00:26:16] Finished (9.3e-05)
[UEDRS] [00:26:16] Memory Usage: RSS = 6446.77 MB, VMS = 16207.50 MB
[UEDRS] [00:03:38] Elapsed

[UEDRS] [00:26:16] Memory Usage: RSS = 6446.77 MB, VMS = 16207.50 MB
[UEDRS] [00:26:16] Releasing dataframe from memory
[UEDRS] [00:26:16] Memory Usage: RSS = 6430.80 MB, VMS = 16191.50 MB
[UEDRS] [00:26:16] Dataset: LASTFM
[UEDRS] [00:26:16] Loading
[UEDRS] [00:26:35] Loading done
[UEDRS] [00:26:35] Memory Usage: RSS = 10405.81 MB, VMS = 20115.50 MB
[UEDRS] [00:00:18] Elapsed
[UEDRS] [00:26:35] Sampling
[UEDRS] [00:26:58] Sampling done, obtained size: 250000
[UEDRS] [00:26:58] Memory Usage: RSS = 10405.50 MB, VMS = 20114.50 MB
[UEDRS] [00:00:23] Elapsed
[UEDRS] [00:26:58] Checking [LENSKIT][POP][LASTFM][250k]
[UEDRS] [00:26:58] Starting
2026-01-03 00:14:50 [warning  ] loaded pipeline does not match hash
[UEDRS] [00:28:57] Finished (8e-05)
[UEDRS] [00:28:57] Memory Usage: RSS = 6310.55 MB, VMS = 16460.50 MB
[UEDRS] [00:01:58] Elapsed

[UEDRS] [00:28:57] Memory Usage: RSS = 6310.55 MB, VMS = 16460.50 MB
[UEDRS] [00:28:57] Releasing dataframe from memory
[UEDRS] [00:28:57] Memory Usage: RSS = 6304.16 MB, VMS = 16453.50 MB
[UEDRS] [00:28:57] Desired size: 500000
[UEDRS] [00:28:57] Dataset: MYANIMELIST
[UEDRS] [00:28:57] Loading
[UEDRS] [00:28:57] Loading done
[UEDRS] [00:28:57] Memory Usage: RSS = 6311.41 MB, VMS = 16453.50 MB
[UEDRS] [00:00:00] Elapsed
[UEDRS] [00:28:57] Sampling
[UEDRS] [00:29:00] Sampling done, obtained size: 500000
[UEDRS] [00:29:00] Memory Usage: RSS = 6309.43 MB, VMS = 16451.50 MB
[UEDRS] [00:00:02] Elapsed
[UEDRS] [00:29:00] Checking [LENSKIT][POP][MYANIMELIST][500k]
[UEDRS] [00:29:00] Starting
2026-01-03 00:16:44 [warning  ] loaded pipeline does not match hash
[UEDRS] [00:30:44] Finished (-1)
[UEDRS] [00:30:44] Memory Usage: RSS = 6303.48 MB, VMS = 16470.50 MB
[UEDRS] [00:01:44] Elapsed

[UEDRS] [00:30:44] Memory Usage: RSS = 6303.48 MB, VMS = 16470.50 MB
[UEDRS] [00:30:44] Releasing dataframe from memory
[UEDRS] [00:30:44] Memory Usage: RSS = 6297.57 MB, VMS = 16464.50 MB
[UEDRS] [00:30:44] Dataset: TMALL
[UEDRS] [00:30:44] Loading
[UEDRS] [00:30:46] Loading done
[UEDRS] [00:30:46] Memory Usage: RSS = 6516.83 MB, VMS = 16462.50 MB
[UEDRS] [00:00:01] Elapsed
[UEDRS] [00:30:46] Sampling
[UEDRS] [00:31:07] Sampling done, obtained size: 500000
[UEDRS] [00:31:07] Memory Usage: RSS = 6515.82 MB, VMS = 16461.50 MB
[UEDRS] [00:00:21] Elapsed
[UEDRS] [00:31:07] Checking [LENSKIT][POP][TMALL][500k]
[UEDRS] [00:31:07] Starting
2026-01-03 00:21:00 [warning  ] loaded pipeline does not match hash
[UEDRS] [00:36:59] Finished (0.00029)
[UEDRS] [00:36:59] Memory Usage: RSS = 3087.07 MB, VMS = 16506.50 MB
[UEDRS] [00:05:52] Elapsed

[UEDRS] [00:36:59] Memory Usage: RSS = 3087.07 MB, VMS = 16506.50 MB
[UEDRS] [00:36:59] Releasing dataframe from memory
[UEDRS] [00:36:59] Memory Usage: RSS = 3063.10 MB, VMS = 16482.50 MB
[UEDRS] [00:36:59] Dataset: MOVIELENS
[UEDRS] [00:36:59] Loading
[UEDRS] [00:37:01] Loading done
[UEDRS] [00:37:01] Memory Usage: RSS = 3853.48 MB, VMS = 16726.65 MB
[UEDRS] [00:00:01] Elapsed
[UEDRS] [00:37:01] Sampling
[UEDRS] [00:37:09] Sampling done, obtained size: 500000
[UEDRS] [00:37:09] Memory Usage: RSS = 3608.33 MB, VMS = 16481.50 MB
[UEDRS] [00:00:07] Elapsed
[UEDRS] [00:37:09] Checking [LENSKIT][POP][MOVIELENS][500k]
[UEDRS] [00:37:09] Starting
2026-01-03 00:26:00 [warning  ] loaded pipeline does not match hash
[UEDRS] [00:40:53] Finished (0.0042)
[UEDRS] [00:40:53] Memory Usage: RSS = 3611.87 MB, VMS = 16515.50 MB
[UEDRS] [00:03:44] Elapsed

[UEDRS] [00:40:53] Memory Usage: RSS = 3611.87 MB, VMS = 16515.50 MB
[UEDRS] [00:40:53] Releasing dataframe from memory
[UEDRS] [00:40:53] Memory Usage: RSS = 3591.95 MB, VMS = 16495.50 MB
[UEDRS] [00:40:53] Dataset: MUSIC4ALL
[UEDRS] [00:40:53] Loading
[UEDRS] [00:40:59] Loading done
[UEDRS] [00:40:59] Memory Usage: RSS = 5424.91 MB, VMS = 17255.69 MB
[UEDRS] [00:00:05] Elapsed
[UEDRS] [00:40:59] Sampling
[UEDRS] [00:41:06] Sampling done, obtained size: 500000
[UEDRS] [00:41:06] Memory Usage: RSS = 4660.72 MB, VMS = 16491.50 MB
[UEDRS] [00:00:07] Elapsed
[UEDRS] [00:41:06] Checking [LENSKIT][POP][MUSIC4ALL][500k]
[UEDRS] [00:41:06] Starting
2026-01-03 00:29:07 [warning  ] loaded pipeline does not match hash
[UEDRS] [00:46:35] Finished (0.0014)
[UEDRS] [00:46:35] Memory Usage: RSS = 4616.54 MB, VMS = 16514.50 MB
[UEDRS] [00:05:28] Elapsed

[UEDRS] [00:46:35] Memory Usage: RSS = 4616.54 MB, VMS = 16514.50 MB
[UEDRS] [00:46:35] Releasing dataframe from memory
[UEDRS] [00:46:35] Memory Usage: RSS = 4603.17 MB, VMS = 16500.50 MB
[UEDRS] [00:46:35] Dataset: NETFLIX
[UEDRS] [00:46:35] Loading
[UEDRS] [00:46:40] Loading done
[UEDRS] [00:46:40] Memory Usage: RSS = 5736.52 MB, VMS = 17266.11 MB
[UEDRS] [00:00:05] Elapsed
[UEDRS] [00:46:40] Sampling
[UEDRS] [00:47:12] Sampling done, obtained size: 500000
[UEDRS] [00:47:12] Memory Usage: RSS = 4968.91 MB, VMS = 16498.50 MB
[UEDRS] [00:00:32] Elapsed
[UEDRS] [00:47:12] Checking [LENSKIT][POP][NETFLIX][500k]
[UEDRS] [00:47:12] Starting
2026-01-03 00:37:18 [warning  ] loaded pipeline does not match hash
[UEDRS] [00:52:48] Finished (0.0015)
[UEDRS] [00:52:48] Memory Usage: RSS = 4930.58 MB, VMS = 16537.50 MB
[UEDRS] [00:05:36] Elapsed

[UEDRS] [00:52:48] Memory Usage: RSS = 4930.58 MB, VMS = 16537.50 MB
[UEDRS] [00:52:48] Releasing dataframe from memory
[UEDRS] [00:52:49] Memory Usage: RSS = 4905.58 MB, VMS = 16512.50 MB
[UEDRS] [00:52:49] Dataset: YAHOO
[UEDRS] [00:52:49] Loading
[UEDRS] [00:52:53] Loading done
[UEDRS] [00:52:53] Memory Usage: RSS = 5561.36 MB, VMS = 16509.50 MB
[UEDRS] [00:00:04] Elapsed
[UEDRS] [00:52:53] Sampling
[UEDRS] [00:53:54] Sampling done, obtained size: 500000
[UEDRS] [00:53:54] Memory Usage: RSS = 5561.47 MB, VMS = 16510.50 MB
[UEDRS] [00:01:00] Elapsed
[UEDRS] [00:53:54] Checking [LENSKIT][POP][YAHOO][500k]
[UEDRS] [00:53:54] Starting
2026-01-03 00:45:50 [warning  ] loaded pipeline does not match hash
[UEDRS] [01:02:14] Finished (0.00037)
[UEDRS] [01:02:14] Memory Usage: RSS = 4143.08 MB, VMS = 16629.50 MB
[UEDRS] [00:08:20] Elapsed

[UEDRS] [01:02:14] Memory Usage: RSS = 4143.08 MB, VMS = 16629.50 MB
[UEDRS] [01:02:14] Releasing dataframe from memory
[UEDRS] [01:02:14] Memory Usage: RSS = 4105.08 MB, VMS = 16591.50 MB
[UEDRS] [01:02:14] Dataset: ALIBABA
[UEDRS] [01:02:14] Loading
[UEDRS] [01:02:24] Loading done
[UEDRS] [01:02:24] Memory Usage: RSS = 5782.15 MB, VMS = 16590.50 MB
[UEDRS] [00:00:09] Elapsed
[UEDRS] [01:02:24] Sampling
[UEDRS] [01:04:19] Sampling done, obtained size: 500000
[UEDRS] [01:04:19] Memory Usage: RSS = 5779.05 MB, VMS = 16587.50 MB
[UEDRS] [00:01:55] Elapsed
[UEDRS] [01:04:19] Checking [LENSKIT][POP][ALIBABA][500k]
[UEDRS] [01:04:19] Starting
2026-01-03 00:59:10 [warning  ] loaded pipeline does not match hash
[UEDRS] [01:15:17] Finished (2.2e-06)
[UEDRS] [01:15:17] Memory Usage: RSS = 5976.30 MB, VMS = 16716.73 MB
[UEDRS] [00:10:58] Elapsed

[UEDRS] [01:15:17] Memory Usage: RSS = 5976.30 MB, VMS = 16716.73 MB
[UEDRS] [01:15:17] Releasing dataframe from memory
[UEDRS] [01:15:17] Memory Usage: RSS = 5966.32 MB, VMS = 16706.73 MB
[UEDRS] [01:15:17] Dataset: GOODREADS
[UEDRS] [01:15:17] Loading
[UEDRS] [01:15:24] Loading done
[UEDRS] [01:15:24] Memory Usage: RSS = 6945.94 MB, VMS = 16575.13 MB
[UEDRS] [00:00:06] Elapsed
[UEDRS] [01:15:24] Sampling
[UEDRS] [01:16:09] Sampling done, obtained size: 500000
[UEDRS] [01:16:09] Memory Usage: RSS = 6944.94 MB, VMS = 16574.13 MB
[UEDRS] [00:00:45] Elapsed
[UEDRS] [01:16:09] Checking [LENSKIT][POP][GOODREADS][500k]
[UEDRS] [01:16:09] Starting
2026-01-03 01:06:53 [warning  ] loaded pipeline does not match hash
[UEDRS] [01:22:56] Finished (0.00023)
[UEDRS] [01:22:56] Memory Usage: RSS = 6852.79 MB, VMS = 16611.13 MB
[UEDRS] [00:06:47] Elapsed

[UEDRS] [01:22:56] Memory Usage: RSS = 6852.79 MB, VMS = 16611.13 MB
[UEDRS] [01:22:56] Releasing dataframe from memory
[UEDRS] [01:22:56] Memory Usage: RSS = 6823.79 MB, VMS = 16582.13 MB
[UEDRS] [01:22:56] Dataset: LASTFM
[UEDRS] [01:22:56] Loading
[UEDRS] [01:23:15] Loading done
[UEDRS] [01:23:15] Memory Usage: RSS = 12793.06 MB, VMS = 20633.13 MB
[UEDRS] [00:00:18] Elapsed
[UEDRS] [01:23:15] Sampling
[UEDRS] [01:23:46] Sampling done, obtained size: 500000
[UEDRS] [01:23:46] Memory Usage: RSS = 12794.70 MB, VMS = 20633.13 MB
[UEDRS] [00:00:31] Elapsed
[UEDRS] [01:23:46] Checking [LENSKIT][POP][LASTFM][500k]
[UEDRS] [01:23:46] Starting
2026-01-03 01:11:49 [warning  ] loaded pipeline does not match hash
[UEDRS] [01:26:15] Finished (0.00017)
[UEDRS] [01:26:15] Memory Usage: RSS = 8917.77 MB, VMS = 16980.13 MB
[UEDRS] [00:02:28] Elapsed

[UEDRS] [01:26:15] Memory Usage: RSS = 8917.77 MB, VMS = 16980.13 MB
[UEDRS] [01:26:15] Releasing dataframe from memory
[UEDRS] [01:26:15] Memory Usage: RSS = 8907.07 MB, VMS = 16969.13 MB
[UEDRS] [01:26:15] Desired size: 750000
[UEDRS] [01:26:15] Dataset: MYANIMELIST
[UEDRS] [01:26:15] Loading
[UEDRS] [01:26:15] Loading done
[UEDRS] [01:26:15] Memory Usage: RSS = 8931.95 MB, VMS = 16969.13 MB
[UEDRS] [00:00:00] Elapsed
[UEDRS] [01:26:15] Sampling
[UEDRS] [01:26:18] Sampling done, obtained size: 750000
[UEDRS] [01:26:18] Memory Usage: RSS = 8931.95 MB, VMS = 16969.13 MB
[UEDRS] [00:00:02] Elapsed
[UEDRS] [01:26:18] Checking [LENSKIT][POP][MYANIMELIST][750k]
[UEDRS] [01:26:18] Starting
2026-01-03 01:14:05 [warning  ] loaded pipeline does not match hash
[UEDRS] [01:27:56] Finished (-1)
[UEDRS] [01:27:56] Memory Usage: RSS = 8889.67 MB, VMS = 16961.13 MB
[UEDRS] [00:01:37] Elapsed

[UEDRS] [01:27:56] Memory Usage: RSS = 8889.67 MB, VMS = 16961.13 MB
[UEDRS] [01:27:56] Releasing dataframe from memory
[UEDRS] [01:27:56] Memory Usage: RSS = 8887.67 MB, VMS = 16959.13 MB
[UEDRS] [01:27:56] Dataset: TMALL
[UEDRS] [01:27:56] Loading
[UEDRS] [01:27:57] Loading done
[UEDRS] [01:27:57] Memory Usage: RSS = 8944.54 MB, VMS = 16958.13 MB
[UEDRS] [00:00:01] Elapsed
[UEDRS] [01:27:57] Sampling
[UEDRS] [01:28:19] Sampling done, obtained size: 750000
[UEDRS] [01:28:19] Memory Usage: RSS = 8943.55 MB, VMS = 16957.13 MB
[UEDRS] [00:00:22] Elapsed
[UEDRS] [01:28:19] Checking [LENSKIT][POP][TMALL][750k]
[UEDRS] [01:28:19] Starting
2026-01-03 01:19:14 [warning  ] loaded pipeline does not match hash
[UEDRS] [01:36:06] Finished (0.00047)
[UEDRS] [01:36:06] Memory Usage: RSS = 8968.80 MB, VMS = 17001.13 MB
[UEDRS] [00:07:46] Elapsed

[UEDRS] [01:36:06] Memory Usage: RSS = 8968.80 MB, VMS = 17001.13 MB
[UEDRS] [01:36:06] Releasing dataframe from memory
[UEDRS] [01:36:06] Memory Usage: RSS = 8943.80 MB, VMS = 16976.13 MB
[UEDRS] [01:36:06] Dataset: MOVIELENS
[UEDRS] [01:36:06] Loading
[UEDRS] [01:36:07] Loading done
[UEDRS] [01:36:07] Memory Usage: RSS = 9239.60 MB, VMS = 17220.28 MB
[UEDRS] [00:00:01] Elapsed
[UEDRS] [01:36:07] Sampling
[UEDRS] [01:36:15] Sampling done, obtained size: 750000
[UEDRS] [01:36:15] Memory Usage: RSS = 8994.45 MB, VMS = 16975.13 MB
[UEDRS] [00:00:07] Elapsed
[UEDRS] [01:36:15] Checking [LENSKIT][POP][MOVIELENS][750k]
[UEDRS] [01:36:15] Starting
2026-01-03 01:25:31 [warning  ] loaded pipeline does not match hash
[UEDRS] [01:40:35] Finished (0.0062)
[UEDRS] [01:40:35] Memory Usage: RSS = 8959.98 MB, VMS = 17015.13 MB
[UEDRS] [00:04:20] Elapsed

[UEDRS] [01:40:35] Memory Usage: RSS = 8959.98 MB, VMS = 17015.13 MB
[UEDRS] [01:40:35] Releasing dataframe from memory
[UEDRS] [01:40:36] Memory Usage: RSS = 8939.09 MB, VMS = 16994.13 MB
[UEDRS] [01:40:36] Dataset: MUSIC4ALL
[UEDRS] [01:40:36] Loading
[UEDRS] [01:40:41] Loading done
[UEDRS] [01:40:41] Memory Usage: RSS = 9755.11 MB, VMS = 17756.32 MB
[UEDRS] [00:00:05] Elapsed
[UEDRS] [01:40:41] Sampling
[UEDRS] [01:40:49] Sampling done, obtained size: 750000
[UEDRS] [01:40:49] Memory Usage: RSS = 8992.36 MB, VMS = 16993.13 MB
[UEDRS] [00:00:07] Elapsed
[UEDRS] [01:40:49] Checking [LENSKIT][POP][MUSIC4ALL][750k]
[UEDRS] [01:40:49] Starting
2026-01-03 01:28:54 [warning  ] loaded pipeline does not match hash
[UEDRS] [01:46:30] Finished (0.002)
[UEDRS] [01:46:30] Memory Usage: RSS = 8878.96 MB, VMS = 17011.13 MB
[UEDRS] [00:05:41] Elapsed

[UEDRS] [01:46:30] Memory Usage: RSS = 8878.96 MB, VMS = 17011.13 MB
[UEDRS] [01:46:30] Releasing dataframe from memory
[UEDRS] [01:46:30] Memory Usage: RSS = 8863.13 MB, VMS = 16995.13 MB
[UEDRS] [01:46:30] Dataset: NETFLIX
[UEDRS] [01:46:30] Loading
[UEDRS] [01:46:35] Loading done
[UEDRS] [01:46:35] Memory Usage: RSS = 9735.67 MB, VMS = 17760.74 MB
[UEDRS] [00:00:04] Elapsed
[UEDRS] [01:46:35] Sampling
[UEDRS] [01:47:07] Sampling done, obtained size: 750000
[UEDRS] [01:47:07] Memory Usage: RSS = 8969.49 MB, VMS = 16993.13 MB
[UEDRS] [00:00:32] Elapsed
[UEDRS] [01:47:07] Checking [LENSKIT][POP][NETFLIX][750k]
[UEDRS] [01:47:07] Starting
2026-01-03 01:38:07 [warning  ] loaded pipeline does not match hash
[UEDRS] [01:54:14] Finished (0.0025)
[UEDRS] [01:54:14] Memory Usage: RSS = 8895.74 MB, VMS = 17038.13 MB
[UEDRS] [00:07:07] Elapsed

[UEDRS] [01:54:14] Memory Usage: RSS = 8895.74 MB, VMS = 17038.13 MB
[UEDRS] [01:54:14] Releasing dataframe from memory
[UEDRS] [01:54:14] Memory Usage: RSS = 8864.75 MB, VMS = 17007.13 MB
[UEDRS] [01:54:14] Dataset: YAHOO
[UEDRS] [01:54:14] Loading
[UEDRS] [01:54:18] Loading done
[UEDRS] [01:54:18] Memory Usage: RSS = 8997.98 MB, VMS = 17007.13 MB
[UEDRS] [00:00:04] Elapsed
[UEDRS] [01:54:18] Sampling
[UEDRS] [01:55:19] Sampling done, obtained size: 750000
[UEDRS] [01:55:19] Memory Usage: RSS = 8997.57 MB, VMS = 17007.13 MB
[UEDRS] [00:01:00] Elapsed
[UEDRS] [01:55:19] Checking [LENSKIT][POP][YAHOO][750k]
[UEDRS] [01:55:19] Starting
2026-01-03 01:50:37 [warning  ] loaded pipeline does not match hash
[UEDRS] [02:08:30] Finished (0.00069)
[UEDRS] [02:08:30] Memory Usage: RSS = 8900.79 MB, VMS = 17053.64 MB
[UEDRS] [00:13:11] Elapsed

[UEDRS] [02:08:30] Memory Usage: RSS = 8900.79 MB, VMS = 17053.64 MB
[UEDRS] [02:08:30] Releasing dataframe from memory
[UEDRS] [02:08:30] Memory Usage: RSS = 8853.79 MB, VMS = 17006.64 MB
[UEDRS] [02:08:30] Dataset: ALIBABA
[UEDRS] [02:08:30] Loading
[UEDRS] [02:08:40] Loading done
[UEDRS] [02:08:40] Memory Usage: RSS = 9053.28 MB, VMS = 17005.64 MB
[UEDRS] [00:00:09] Elapsed
[UEDRS] [02:08:40] Sampling
[UEDRS] [02:10:35] Sampling done, obtained size: 750000
[UEDRS] [02:10:35] Memory Usage: RSS = 9049.36 MB, VMS = 17002.64 MB
[UEDRS] [00:01:54] Elapsed
[UEDRS] [02:10:35] Checking [LENSKIT][POP][ALIBABA][750k]
[UEDRS] [02:10:35] Starting
2026-01-03 02:13:19 [warning  ] loaded pipeline does not match hash
[UEDRS] [02:31:44] Finished (4.3e-06)
[UEDRS] [02:31:44] Memory Usage: RSS = 9351.19 MB, VMS = 17400.35 MB
[UEDRS] [00:21:09] Elapsed

[UEDRS] [02:31:44] Memory Usage: RSS = 9351.19 MB, VMS = 17400.35 MB
[UEDRS] [02:31:44] Releasing dataframe from memory
[UEDRS] [02:31:44] Memory Usage: RSS = 9342.80 MB, VMS = 17391.35 MB
[UEDRS] [02:31:44] Dataset: GOODREADS
[UEDRS] [02:31:44] Loading
[UEDRS] [02:31:51] Loading done
[UEDRS] [02:31:51] Memory Usage: RSS = 9503.81 MB, VMS = 17389.35 MB
[UEDRS] [00:00:07] Elapsed
[UEDRS] [02:31:51] Sampling
[UEDRS] [02:32:30] Sampling done, obtained size: 750000
[UEDRS] [02:32:30] Memory Usage: RSS = 9503.81 MB, VMS = 17389.35 MB
[UEDRS] [00:00:38] Elapsed
[UEDRS] [02:32:30] Checking [LENSKIT][POP][GOODREADS][750k]
[UEDRS] [02:32:30] Starting
2026-01-03 02:24:52 [warning  ] loaded pipeline does not match hash
[UEDRS] [02:42:04] Finished (0.00045)
[UEDRS] [02:42:04] Memory Usage: RSS = 9033.73 MB, VMS = 17138.58 MB
[UEDRS] [00:09:34] Elapsed

[UEDRS] [02:42:04] Memory Usage: RSS = 9033.73 MB, VMS = 17138.58 MB
[UEDRS] [02:42:04] Releasing dataframe from memory
[UEDRS] [02:42:04] Memory Usage: RSS = 9000.74 MB, VMS = 17105.58 MB
[UEDRS] [02:42:04] Dataset: LASTFM
[UEDRS] [02:42:04] Loading
[UEDRS] [02:42:08] Loading done
[UEDRS] [02:42:08] Memory Usage: RSS = 12983.37 MB, VMS = 20772.58 MB
[UEDRS] [00:00:03] Elapsed
[UEDRS] [02:42:08] Sampling
[UEDRS] [03:14:16] Sampling done, obtained size: 750000
[UEDRS] [03:14:16] Memory Usage: RSS = 12982.87 MB, VMS = 20771.58 MB
[UEDRS] [00:32:08] Elapsed
[UEDRS] [03:14:16] Checking [LENSKIT][POP][LASTFM][750k]
[UEDRS] [03:14:16] Starting
2026-01-03 03:02:23 [warning  ] loaded pipeline does not match hash
[UEDRS] [03:17:17] Finished (0.00021)
[UEDRS] [03:17:17] Memory Usage: RSS = 8961.07 MB, VMS = 17107.58 MB
[UEDRS] [00:03:00] Elapsed

[UEDRS] [03:17:17] Memory Usage: RSS = 8961.07 MB, VMS = 17107.58 MB
[UEDRS] [03:17:17] Releasing dataframe from memory
[UEDRS] [03:17:17] Memory Usage: RSS = 8957.08 MB, VMS = 17103.58 MB
[UEDRS] [03:17:17] Desired size: 1000000
[UEDRS] [03:17:17] Dataset: MYANIMELIST
[UEDRS] [03:17:17] Loading
[UEDRS] [03:17:17] Loading done
[UEDRS] [03:17:17] Memory Usage: RSS = 8973.10 MB, VMS = 17102.58 MB
[UEDRS] [00:00:00] Elapsed
[UEDRS] [03:17:17] Sampling
[UEDRS] [03:17:20] Sampling done, obtained size: 1000000
[UEDRS] [03:17:20] Memory Usage: RSS = 8972.12 MB, VMS = 17101.58 MB
[UEDRS] [00:00:02] Elapsed
[UEDRS] [03:17:20] Checking [LENSKIT][POP][MYANIMELIST][1m]
[UEDRS] [03:17:20] Starting
2026-01-03 03:05:08 [warning  ] loaded pipeline does not match hash
[UEDRS] [03:19:04] Finished (0.03)
[UEDRS] [03:19:04] Memory Usage: RSS = 8750.16 MB, VMS = 17027.58 MB
[UEDRS] [00:01:44] Elapsed

[UEDRS] [03:19:04] Memory Usage: RSS = 8750.16 MB, VMS = 17027.58 MB
[UEDRS] [03:19:04] Releasing dataframe from memory
[UEDRS] [03:19:04] Memory Usage: RSS = 8742.16 MB, VMS = 17019.58 MB
[UEDRS] [03:19:04] Dataset: TMALL
[UEDRS] [03:19:04] Loading
[UEDRS] [03:19:05] Loading done
[UEDRS] [03:19:05] Memory Usage: RSS = 8787.19 MB, VMS = 17018.58 MB
[UEDRS] [00:00:00] Elapsed
[UEDRS] [03:19:05] Sampling
[UEDRS] [03:19:26] Sampling done, obtained size: 1000000
[UEDRS] [03:19:26] Memory Usage: RSS = 8787.20 MB, VMS = 17018.58 MB
[UEDRS] [00:00:21] Elapsed
[UEDRS] [03:19:26] Checking [LENSKIT][POP][TMALL][1m]
[UEDRS] [03:19:26] Starting
2026-01-03 03:11:06 [warning  ] loaded pipeline does not match hash
[UEDRS] [03:28:28] Finished (0.00057)
[UEDRS] [03:28:28] Memory Usage: RSS = 8753.40 MB, VMS = 17075.61 MB
[UEDRS] [00:09:01] Elapsed

[UEDRS] [03:28:28] Memory Usage: RSS = 8753.40 MB, VMS = 17075.61 MB
[UEDRS] [03:28:28] Releasing dataframe from memory
[UEDRS] [03:28:28] Memory Usage: RSS = 8727.43 MB, VMS = 17049.61 MB
[UEDRS] [03:28:28] Dataset: MOVIELENS
[UEDRS] [03:28:28] Loading
[UEDRS] [03:28:28] Loading done
[UEDRS] [03:28:28] Memory Usage: RSS = 9128.30 MB, VMS = 17292.76 MB
[UEDRS] [00:00:00] Elapsed
[UEDRS] [03:28:28] Sampling
[UEDRS] [03:28:36] Sampling done, obtained size: 1000000
[UEDRS] [03:28:36] Memory Usage: RSS = 8882.15 MB, VMS = 17046.61 MB
[UEDRS] [00:00:07] Elapsed
[UEDRS] [03:28:36] Checking [LENSKIT][POP][MOVIELENS][1m]
[UEDRS] [03:28:36] Starting
2026-01-03 03:18:00 [warning  ] loaded pipeline does not match hash
[UEDRS] [03:33:16] Finished (0.0086)
[UEDRS] [03:33:16] Memory Usage: RSS = 8753.70 MB, VMS = 17080.61 MB
[UEDRS] [00:04:39] Elapsed

[UEDRS] [03:33:16] Memory Usage: RSS = 8753.70 MB, VMS = 17080.61 MB
[UEDRS] [03:33:16] Releasing dataframe from memory
[UEDRS] [03:33:16] Memory Usage: RSS = 8734.72 MB, VMS = 17061.61 MB
[UEDRS] [03:33:16] Dataset: MUSIC4ALL
[UEDRS] [03:33:16] Loading
[UEDRS] [03:33:20] Loading done
[UEDRS] [03:33:20] Memory Usage: RSS = 9615.83 MB, VMS = 17824.80 MB
[UEDRS] [00:00:03] Elapsed
[UEDRS] [03:33:20] Sampling
[UEDRS] [03:33:28] Sampling done, obtained size: 1000000
[UEDRS] [03:33:28] Memory Usage: RSS = 8852.64 MB, VMS = 17061.61 MB
[UEDRS] [00:00:07] Elapsed
[UEDRS] [03:33:28] Checking [LENSKIT][POP][MUSIC4ALL][1m]
[UEDRS] [03:33:28] Starting
2026-01-03 03:21:37 [warning  ] loaded pipeline does not match hash
[UEDRS] [03:39:17] Finished (0.0022)
[UEDRS] [03:39:17] Memory Usage: RSS = 8720.94 MB, VMS = 17068.61 MB
[UEDRS] [00:05:49] Elapsed

[UEDRS] [03:39:17] Memory Usage: RSS = 8720.94 MB, VMS = 17068.61 MB
[UEDRS] [03:39:17] Releasing dataframe from memory
[UEDRS] [03:39:17] Memory Usage: RSS = 8706.36 MB, VMS = 17053.61 MB
[UEDRS] [03:39:17] Dataset: NETFLIX
[UEDRS] [03:39:17] Loading
[UEDRS] [03:39:18] Loading done
[UEDRS] [03:39:18] Memory Usage: RSS = 9357.07 MB, VMS = 17820.22 MB
[UEDRS] [00:00:01] Elapsed
[UEDRS] [03:39:18] Sampling
[UEDRS] [03:39:51] Sampling done, obtained size: 1000000
[UEDRS] [03:39:51] Memory Usage: RSS = 8589.46 MB, VMS = 17052.61 MB
[UEDRS] [00:00:32] Elapsed
[UEDRS] [03:39:51] Checking [LENSKIT][POP][NETFLIX][1m]
[UEDRS] [03:39:51] Starting
2026-01-03 03:31:39 [warning  ] loaded pipeline does not match hash
[UEDRS] [03:47:58] Finished (0.0031)
[UEDRS] [03:47:58] Memory Usage: RSS = 8426.35 MB, VMS = 17106.61 MB
[UEDRS] [00:08:07] Elapsed

[UEDRS] [03:47:58] Memory Usage: RSS = 8426.35 MB, VMS = 17106.61 MB
[UEDRS] [03:47:58] Releasing dataframe from memory
[UEDRS] [03:47:59] Memory Usage: RSS = 8391.35 MB, VMS = 17071.61 MB
[UEDRS] [03:47:59] Dataset: YAHOO
[UEDRS] [03:47:59] Loading
[UEDRS] [03:48:00] Loading done
[UEDRS] [03:48:00] Memory Usage: RSS = 8623.01 MB, VMS = 17071.61 MB
[UEDRS] [00:00:01] Elapsed
[UEDRS] [03:48:00] Sampling
[UEDRS] [03:49:01] Sampling done, obtained size: 1000000
[UEDRS] [03:49:01] Memory Usage: RSS = 8621.32 MB, VMS = 17070.61 MB
[UEDRS] [00:01:00] Elapsed
[UEDRS] [03:49:01] Checking [LENSKIT][POP][YAHOO][1m]
[UEDRS] [03:49:01] Starting
2026-01-03 03:48:01 [warning  ] loaded pipeline does not match hash
[UEDRS] [04:07:19] Finished (0.00087)
[UEDRS] [04:07:19] Memory Usage: RSS = 8834.32 MB, VMS = 17506.87 MB
[UEDRS] [00:18:18] Elapsed

[UEDRS] [04:07:19] Memory Usage: RSS = 8834.32 MB, VMS = 17506.87 MB
[UEDRS] [04:07:19] Releasing dataframe from memory
[UEDRS] [04:07:19] Memory Usage: RSS = 8780.40 MB, VMS = 17452.87 MB
[UEDRS] [04:07:19] Dataset: ALIBABA
[UEDRS] [04:07:19] Loading
[UEDRS] [04:07:20] Loading done
[UEDRS] [04:07:20] Memory Usage: RSS = 9032.31 MB, VMS = 17452.87 MB
[UEDRS] [00:00:01] Elapsed
[UEDRS] [04:07:20] Sampling
[UEDRS] [04:11:37] Sampling done, obtained size: 1000000
[UEDRS] [04:11:37] Memory Usage: RSS = 8789.84 MB, VMS = 17210.84 MB
[UEDRS] [00:04:16] Elapsed
[UEDRS] [04:11:37] Checking [LENSKIT][POP][ALIBABA][1m]
[UEDRS] [04:11:37] Starting
2026-01-03 04:26:10 [warning  ] loaded pipeline does not match hash
[UEDRS] [04:47:36] Finished (7.8e-06)
[UEDRS] [04:47:36] Memory Usage: RSS = 8906.19 MB, VMS = 17440.14 MB
[UEDRS] [00:35:59] Elapsed

[UEDRS] [04:47:36] Memory Usage: RSS = 8906.19 MB, VMS = 17440.14 MB
[UEDRS] [04:47:36] Releasing dataframe from memory
[UEDRS] [04:47:36] Memory Usage: RSS = 8898.22 MB, VMS = 17432.14 MB
[UEDRS] [04:47:36] Dataset: GOODREADS
[UEDRS] [04:47:36] Loading
[UEDRS] [04:47:38] Loading done
[UEDRS] [04:47:38] Memory Usage: RSS = 9154.46 MB, VMS = 17431.14 MB
[UEDRS] [00:00:02] Elapsed
[UEDRS] [04:47:38] Sampling
[UEDRS] [04:56:44] Sampling done, obtained size: 1000000
[UEDRS] [04:56:44] Memory Usage: RSS = 9162.34 MB, VMS = 17429.14 MB
[UEDRS] [00:09:05] Elapsed
[UEDRS] [04:56:44] Checking [LENSKIT][POP][GOODREADS][1m]
[UEDRS] [04:56:44] Starting
2026-01-03 04:50:40 [warning  ] loaded pipeline does not match hash
[UEDRS] [05:08:58] Finished (0.00065)
[UEDRS] [05:08:58] Memory Usage: RSS = 9090.11 MB, VMS = 17505.55 MB
[UEDRS] [00:12:13] Elapsed

[UEDRS] [05:08:58] Memory Usage: RSS = 9090.11 MB, VMS = 17505.55 MB
[UEDRS] [05:08:58] Releasing dataframe from memory
[UEDRS] [05:08:58] Memory Usage: RSS = 9049.16 MB, VMS = 17464.55 MB
[UEDRS] [05:08:58] Dataset: LASTFM
[UEDRS] [05:08:58] Loading
[UEDRS] [05:09:01] Loading done
[UEDRS] [05:09:01] Memory Usage: RSS = 13314.96 MB, VMS = 21132.55 MB
[UEDRS] [00:00:03] Elapsed
[UEDRS] [05:09:01] Sampling
[UEDRS] [05:09:21] Sampling done, obtained size: 1000000
[UEDRS] [05:09:21] Memory Usage: RSS = 13315.12 MB, VMS = 21132.55 MB
[UEDRS] [00:00:20] Elapsed
[UEDRS] [05:09:21] Checking [LENSKIT][POP][LASTFM][1m]
[UEDRS] [05:09:21] Starting
2026-01-03 04:57:31 [warning  ] loaded pipeline does not match hash
[UEDRS] [05:12:30] Finished (0.0003)
[UEDRS] [05:12:30] Memory Usage: RSS = 9232.32 MB, VMS = 17450.55 MB
[UEDRS] [00:03:08] Elapsed

[UEDRS] [05:12:30] Memory Usage: RSS = 9232.32 MB, VMS = 17450.55 MB
[UEDRS] [05:12:30] Releasing dataframe from memory
[UEDRS] [05:12:30] Memory Usage: RSS = 9228.77 MB, VMS = 17446.55 MB
[UEDRS] [05:12:30] Desired size: 25000000
[UEDRS] [05:12:30] Dataset: MYANIMELIST
[UEDRS] [05:12:30] Loading
[UEDRS] [05:12:30] Loading done
[UEDRS] [05:12:30] Memory Usage: RSS = 9216.16 MB, VMS = 17446.55 MB
[UEDRS] [00:00:00] Elapsed
[UEDRS] [05:12:30] Sampling
[UEDRS] [05:12:30] Sampling done, obtained size: 7813730
[UEDRS] [05:12:30] Memory Usage: RSS = 9216.16 MB, VMS = 17446.55 MB
[UEDRS] [00:00:00] Elapsed
[UEDRS] [05:12:30] Checking [LENSKIT][POP][MYANIMELIST][8m]
[UEDRS] [05:12:30] Starting
2026-01-03 05:00:24 [warning  ] loaded pipeline does not match hash
[UEDRS] [05:14:21] Finished (0.14)
[UEDRS] [05:14:21] Memory Usage: RSS = 9121.22 MB, VMS = 17445.55 MB
[UEDRS] [00:01:50] Elapsed

[UEDRS] [05:14:21] Memory Usage: RSS = 9121.22 MB, VMS = 17445.55 MB
[UEDRS] [05:14:21] Releasing dataframe from memory
[UEDRS] [05:14:21] Memory Usage: RSS = 9117.22 MB, VMS = 17441.55 MB
[UEDRS] [05:14:21] Dataset: TMALL
[UEDRS] [05:14:21] Loading
[UEDRS] [05:14:21] Loading done
[UEDRS] [05:14:22] Memory Usage: RSS = 9188.91 MB, VMS = 17441.55 MB
[UEDRS] [00:00:00] Elapsed
[UEDRS] [05:14:22] Sampling
[UEDRS] [05:14:22] Sampling done, obtained size: 24363557
[UEDRS] [05:14:22] Memory Usage: RSS = 9235.21 MB, VMS = 17488.02 MB
[UEDRS] [00:00:00] Elapsed
[UEDRS] [05:14:22] Checking [LENSKIT][POP][TMALL][24m]
[UEDRS] [05:14:22] Starting
2026-01-03 05:15:27 [warning  ] loaded pipeline does not match hash
[UEDRS] [05:55:44] Finished (0.0064)
[UEDRS] [05:55:44] Memory Usage: RSS = 9781.57 MB, VMS = 20058.57 MB
[UEDRS] [00:41:22] Elapsed

[UEDRS] [05:55:44] Memory Usage: RSS = 9781.57 MB, VMS = 20058.57 MB
[UEDRS] [05:55:44] Releasing dataframe from memory
[UEDRS] [05:55:44] Memory Usage: RSS = 9677.32 MB, VMS = 19954.09 MB
[UEDRS] [05:55:44] Dataset: MOVIELENS
[UEDRS] [05:55:44] Loading
[UEDRS] [05:55:45] Loading done
[UEDRS] [05:55:45] Memory Usage: RSS = 9716.76 MB, VMS = 19954.09 MB
[UEDRS] [00:00:00] Elapsed
[UEDRS] [05:55:45] Sampling
[UEDRS] [05:55:56] Sampling done, obtained size: 25000000
[UEDRS] [05:55:56] Memory Usage: RSS = 10096.23 MB, VMS = 20333.57 MB
[UEDRS] [00:00:11] Elapsed
[UEDRS] [05:55:56] Checking [LENSKIT][POP][MOVIELENS][25m]
[UEDRS] [05:55:56] Starting
2026-01-03 05:45:56 [warning  ] loaded pipeline does not match hash
[UEDRS] [06:01:32] Finished (0.11)
[UEDRS] [06:01:32] Memory Usage: RSS = 11882.41 MB, VMS = 22412.57 MB
[UEDRS] [00:05:35] Elapsed

[UEDRS] [06:01:32] Memory Usage: RSS = 11882.41 MB, VMS = 22412.57 MB
[UEDRS] [06:01:32] Releasing dataframe from memory
[UEDRS] [06:01:32] Memory Usage: RSS = 11483.00 MB, VMS = 22013.09 MB
[UEDRS] [06:01:32] Dataset: MUSIC4ALL
[UEDRS] [06:01:32] Loading
[UEDRS] [06:01:36] Loading done
[UEDRS] [06:01:36] Memory Usage: RSS = 12093.52 MB, VMS = 22585.48 MB
[UEDRS] [00:00:03] Elapsed
[UEDRS] [06:01:36] Sampling
[UEDRS] [06:01:50] Sampling done, obtained size: 25000000
[UEDRS] [06:01:50] Memory Usage: RSS = 11902.86 MB, VMS = 22394.57 MB
[UEDRS] [00:00:14] Elapsed
[UEDRS] [06:01:50] Checking [LENSKIT][POP][MUSIC4ALL][25m]
[UEDRS] [06:01:50] Starting
2026-01-03 05:50:53 [warning  ] loaded pipeline does not match hash
[UEDRS] [06:08:59] Finished (0.01)
[UEDRS] [06:08:59] Memory Usage: RSS = 11950.86 MB, VMS = 22426.57 MB
[UEDRS] [00:07:09] Elapsed

[UEDRS] [06:08:59] Memory Usage: RSS = 11950.86 MB, VMS = 22426.57 MB
[UEDRS] [06:08:59] Releasing dataframe from memory
[UEDRS] [06:08:59] Memory Usage: RSS = 11553.93 MB, VMS = 22029.09 MB
[UEDRS] [06:08:59] Dataset: NETFLIX
[UEDRS] [06:08:59] Loading
[UEDRS] [06:09:00] Loading done
[UEDRS] [06:09:00] Memory Usage: RSS = 12387.23 MB, VMS = 22794.70 MB
[UEDRS] [00:00:01] Elapsed
[UEDRS] [06:09:00] Sampling
[UEDRS] [06:09:39] Sampling done, obtained size: 25000000
[UEDRS] [06:09:39] Memory Usage: RSS = 11811.38 MB, VMS = 22218.83 MB
[UEDRS] [00:00:38] Elapsed
[UEDRS] [06:09:39] Checking [LENSKIT][POP][NETFLIX][25m]
[UEDRS] [06:09:39] Starting
2026-01-03 06:05:54 [warning  ] loaded pipeline does not match hash
[UEDRS] [06:24:22] Finished (0.034)
[UEDRS] [06:24:22] Memory Usage: RSS = 11830.78 MB, VMS = 22295.89 MB
[UEDRS] [00:14:43] Elapsed

[UEDRS] [06:24:22] Memory Usage: RSS = 11830.78 MB, VMS = 22295.89 MB
[UEDRS] [06:24:22] Releasing dataframe from memory
[UEDRS] [06:24:23] Memory Usage: RSS = 11589.20 MB, VMS = 22054.15 MB
[UEDRS] [06:24:23] Dataset: YAHOO
[UEDRS] [06:24:23] Loading
[UEDRS] [06:24:24] Loading done
[UEDRS] [06:24:24] Memory Usage: RSS = 11707.02 MB, VMS = 22052.15 MB
[UEDRS] [00:00:01] Elapsed
[UEDRS] [06:24:24] Sampling
[UEDRS] [06:25:28] Sampling done, obtained size: 25000000
[UEDRS] [06:25:28] Memory Usage: RSS = 11704.39 MB, VMS = 22050.15 MB
[UEDRS] [00:01:03] Elapsed
[UEDRS] [06:25:28] Checking [LENSKIT][POP][YAHOO][25m]
[UEDRS] [06:25:28] Starting
2026-01-03 07:42:35 [warning  ] loaded pipeline does not match hash
[UEDRS] [08:13:15] Finished (0.037)
[UEDRS] [08:13:15] Memory Usage: RSS = 12286.66 MB, VMS = 22787.40 MB
[UEDRS] [01:47:47] Elapsed

[UEDRS] [08:13:15] Memory Usage: RSS = 12286.66 MB, VMS = 22787.40 MB
[UEDRS] [08:13:15] Releasing dataframe from memory
[UEDRS] [08:13:15] Memory Usage: RSS = 12251.71 MB, VMS = 22752.40 MB
[UEDRS] [08:13:15] Dataset: ALIBABA
[UEDRS] [08:13:15] Loading
[UEDRS] [08:13:17] Loading done
[UEDRS] [08:13:17] Memory Usage: RSS = 12480.20 MB, VMS = 22752.40 MB
[UEDRS] [00:00:01] Elapsed
[UEDRS] [08:13:17] Sampling
[UEDRS] [08:15:25] Sampling done, obtained size: 25000000
[UEDRS] [08:15:25] Memory Usage: RSS = 12479.14 MB, VMS = 22751.40 MB
[UEDRS] [00:02:07] Elapsed
[UEDRS] [08:15:25] Checking [LENSKIT][POP][ALIBABA][25m]
[UEDRS] [08:15:25] Starting
2026-01-03 14:16:56 [warning  ] loaded pipeline does not match hash
[UEDRS] [16:53:29] Finished (0.00083)
[UEDRS] [16:53:29] Memory Usage: RSS = 14966.50 MB, VMS = 25400.21 MB
[UEDRS] [08:38:03] Elapsed

[UEDRS] [16:53:29] Memory Usage: RSS = 14966.50 MB, VMS = 25400.21 MB
[UEDRS] [16:53:29] Releasing dataframe from memory
[UEDRS] [16:53:29] Memory Usage: RSS = 14954.52 MB, VMS = 25388.21 MB
[UEDRS] [16:53:29] Dataset: GOODREADS
[UEDRS] [16:53:29] Loading
[UEDRS] [16:53:36] Loading done
[UEDRS] [16:53:36] Memory Usage: RSS = 15210.66 MB, VMS = 25388.21 MB
[UEDRS] [00:00:07] Elapsed
[UEDRS] [16:53:36] Sampling
[UEDRS] [16:54:18] Sampling done, obtained size: 25000000
[UEDRS] [16:54:18] Memory Usage: RSS = 13862.27 MB, VMS = 24039.82 MB
[UEDRS] [00:00:41] Elapsed
[UEDRS] [16:54:18] Checking [LENSKIT][POP][GOODREADS][25m]
[UEDRS] [16:54:18] Starting
2026-01-03 17:03:21 [warning  ] loaded pipeline does not match hash
[UEDRS] [17:39:52] Finished (0.016)
[UEDRS] [17:39:52] Memory Usage: RSS = 13252.87 MB, VMS = 23720.82 MB
[UEDRS] [00:45:34] Elapsed

[UEDRS] [17:39:52] Memory Usage: RSS = 13252.87 MB, VMS = 23720.82 MB
[UEDRS] [17:39:52] Releasing dataframe from memory
[UEDRS] [17:39:52] Memory Usage: RSS = 13194.03 MB, VMS = 23661.82 MB
[UEDRS] [17:39:52] Dataset: LASTFM
[UEDRS] [17:39:52] Loading
[UEDRS] [17:40:10] Loading done
[UEDRS] [17:40:10] Memory Usage: RSS = 17105.42 MB, VMS = 26899.98 MB
[UEDRS] [00:00:18] Elapsed
[UEDRS] [17:40:10] Sampling
[UEDRS] [17:40:34] Sampling done, obtained size: 25000000
[UEDRS] [17:40:34] Memory Usage: RSS = 17104.55 MB, VMS = 26898.98 MB
[UEDRS] [00:00:23] Elapsed
[UEDRS] [17:40:34] Checking [LENSKIT][POP][LASTFM][25m]
[UEDRS] [17:40:34] Starting
2026-01-03 17:29:25 [warning  ] loaded pipeline does not match hash
[UEDRS] [17:54:54] Finished (0.0018)
[UEDRS] [17:54:54] Memory Usage: RSS = 12866.84 MB, VMS = 23156.98 MB
[UEDRS] [00:14:20] Elapsed

[UEDRS] [17:54:54] Memory Usage: RSS = 12866.84 MB, VMS = 23156.98 MB
[UEDRS] [17:54:54] Releasing dataframe from memory
[UEDRS] [17:54:55] Memory Usage: RSS = 12861.70 MB, VMS = 23150.98 MB
[UEDRS] [17:54:55] Desired size: 50000000
[UEDRS] [17:54:55] Dataset: MYANIMELIST
[UEDRS] [17:54:55] Loading
[UEDRS] [17:54:55] Loading done
[UEDRS] [17:54:55] Memory Usage: RSS = 12874.00 MB, VMS = 23150.98 MB
[UEDRS] [00:00:00] Elapsed
[UEDRS] [17:54:55] Sampling
[UEDRS] [17:54:55] Sampling done, obtained size: 7813730
[UEDRS] [17:54:55] Memory Usage: RSS = 12874.00 MB, VMS = 23150.98 MB
[UEDRS] [00:00:00] Elapsed
[UEDRS] [17:54:55] Checking [LENSKIT][POP][MYANIMELIST][8m]
[UEDRS] [17:54:55] Skipping (0.14)
[UEDRS] [17:54:55] Memory Usage: RSS = 12874.00 MB, VMS = 23150.98 MB
[UEDRS] [17:54:55] Releasing dataframe from memory
[UEDRS] [17:54:55] Memory Usage: RSS = 12874.00 MB, VMS = 23150.98 MB
[UEDRS] [17:54:55] Dataset: TMALL
[UEDRS] [17:54:55] Loading
[UEDRS] [17:54:57] Loading done
[UEDRS] [17:54:57] Memory Usage: RSS = 12783.64 MB, VMS = 23150.98 MB
[UEDRS] [00:00:01] Elapsed
[UEDRS] [17:54:57] Sampling
[UEDRS] [17:54:57] Sampling done, obtained size: 24363557
[UEDRS] [17:54:57] Memory Usage: RSS = 12783.64 MB, VMS = 23150.98 MB
[UEDRS] [00:00:00] Elapsed
[UEDRS] [17:54:57] Checking [LENSKIT][POP][TMALL][24m]
[UEDRS] [17:54:57] Skipping (0.0064)
[UEDRS] [17:54:57] Memory Usage: RSS = 12783.64 MB, VMS = 23150.98 MB
[UEDRS] [17:54:57] Releasing dataframe from memory
[UEDRS] [17:54:57] Memory Usage: RSS = 12783.64 MB, VMS = 23150.98 MB
[UEDRS] [17:54:57] Dataset: MOVIELENS
[UEDRS] [17:54:57] Loading
[UEDRS] [17:54:58] Loading done
[UEDRS] [17:54:58] Memory Usage: RSS = 12791.79 MB, VMS = 23150.98 MB
[UEDRS] [00:00:01] Elapsed
[UEDRS] [17:54:58] Sampling
[UEDRS] [17:54:58] Sampling done, obtained size: 32000204
[UEDRS] [17:54:58] Memory Usage: RSS = 13035.94 MB, VMS = 23395.12 MB
[UEDRS] [00:00:00] Elapsed
[UEDRS] [17:54:58] Checking [LENSKIT][POP][MOVIELENS][32m]
[UEDRS] [17:54:58] Starting
2026-01-03 17:44:43 [warning  ] loaded pipeline does not match hash
[UEDRS] [18:00:19] Finished (0.17)
[UEDRS] [18:00:19] Memory Usage: RSS = 13144.59 MB, VMS = 23477.95 MB
[UEDRS] [00:05:20] Elapsed

[UEDRS] [18:00:19] Memory Usage: RSS = 13144.59 MB, VMS = 23477.95 MB
[UEDRS] [18:00:19] Releasing dataframe from memory
[UEDRS] [18:00:19] Memory Usage: RSS = 12882.49 MB, VMS = 23215.80 MB
[UEDRS] [18:00:19] Dataset: MUSIC4ALL
[UEDRS] [18:00:19] Loading
[UEDRS] [18:00:24] Loading done
[UEDRS] [18:00:24] Memory Usage: RSS = 13275.04 MB, VMS = 23597.39 MB
[UEDRS] [00:00:05] Elapsed
[UEDRS] [18:00:24] Sampling
[UEDRS] [18:00:43] Sampling done, obtained size: 50000000
[UEDRS] [18:00:43] Memory Usage: RSS = 13656.39 MB, VMS = 23978.75 MB
[UEDRS] [00:00:18] Elapsed
[UEDRS] [18:00:43] Checking [LENSKIT][POP][MUSIC4ALL][50m]
[UEDRS] [18:00:43] Starting
2026-01-03 17:50:40 [warning  ] loaded pipeline does not match hash
[UEDRS] [18:08:49] Finished (0.018)
[UEDRS] [18:08:49] Memory Usage: RSS = 14246.84 MB, VMS = 23933.75 MB
[UEDRS] [00:08:05] Elapsed

[UEDRS] [18:08:49] Memory Usage: RSS = 14246.84 MB, VMS = 23933.75 MB
[UEDRS] [18:08:49] Releasing dataframe from memory
[UEDRS] [18:08:49] Memory Usage: RSS = 13474.54 MB, VMS = 23160.80 MB
[UEDRS] [18:08:49] Dataset: NETFLIX
[UEDRS] [18:08:49] Loading
[UEDRS] [18:08:54] Loading done
[UEDRS] [18:08:54] Memory Usage: RSS = 14317.25 MB, VMS = 23926.41 MB
[UEDRS] [00:00:05] Elapsed
[UEDRS] [18:08:54] Sampling
[UEDRS] [18:09:37] Sampling done, obtained size: 50000000
[UEDRS] [18:09:37] Memory Usage: RSS = 13932.14 MB, VMS = 23541.27 MB
[UEDRS] [00:00:42] Elapsed
[UEDRS] [18:09:37] Checking [LENSKIT][POP][NETFLIX][50m]
[UEDRS] [18:09:37] Starting
2026-01-03 18:06:25 [warning  ] loaded pipeline does not match hash
[UEDRS] [18:24:59] Finished (0.056)
[UEDRS] [18:24:59] Memory Usage: RSS = 14171.25 MB, VMS = 23580.27 MB
[UEDRS] [00:15:22] Elapsed

[UEDRS] [18:24:59] Memory Usage: RSS = 14171.25 MB, VMS = 23580.27 MB
[UEDRS] [18:24:59] Releasing dataframe from memory
[UEDRS] [18:24:59] Memory Usage: RSS = 13756.92 MB, VMS = 23165.80 MB
[UEDRS] [18:24:59] Dataset: YAHOO
[UEDRS] [18:24:59] Loading
[UEDRS] [18:25:03] Loading done
[UEDRS] [18:25:03] Memory Usage: RSS = 13941.52 MB, VMS = 23163.80 MB
[UEDRS] [00:00:04] Elapsed
[UEDRS] [18:25:03] Sampling
[UEDRS] [18:26:10] Sampling done, obtained size: 50000000
[UEDRS] [18:26:10] Memory Usage: RSS = 13940.33 MB, VMS = 23162.80 MB
[UEDRS] [00:01:06] Elapsed
[UEDRS] [18:26:10] Checking [LENSKIT][POP][YAHOO][50m]
[UEDRS] [18:26:10] Starting
2026-01-03 19:59:23 [warning  ] loaded pipeline does not match hash
[UEDRS] [20:30:52] Finished (0.054)
[UEDRS] [20:30:52] Memory Usage: RSS = 14205.14 MB, VMS = 23566.33 MB
[UEDRS] [02:04:41] Elapsed

[UEDRS] [20:30:52] Memory Usage: RSS = 14205.14 MB, VMS = 23566.33 MB
[UEDRS] [20:30:52] Releasing dataframe from memory
[UEDRS] [20:30:52] Memory Usage: RSS = 14140.46 MB, VMS = 23501.33 MB
[UEDRS] [20:30:52] Dataset: ALIBABA
[UEDRS] [20:30:52] Loading
[UEDRS] [20:31:02] Loading done
[UEDRS] [20:31:02] Memory Usage: RSS = 14320.27 MB, VMS = 23498.33 MB
[UEDRS] [00:00:10] Elapsed
[UEDRS] [20:31:02] Sampling
[UEDRS] [20:33:01] Sampling done, obtained size: 50000000
[UEDRS] [20:33:01] Memory Usage: RSS = 14319.35 MB, VMS = 23498.33 MB
[UEDRS] [00:01:58] Elapsed
[UEDRS] [20:33:01] Checking [LENSKIT][POP][ALIBABA][50m]
[UEDRS] [20:33:01] Starting
