/home/g064474/.local/lib/python3.11/site-packages/lenskit/splitting/users.py:197: DataWarning: item list collection has empty lists, they will be dropped
  test_tbl = test.to_df()[["user_id", "item_id"]]
/home/g064474/.local/lib/python3.11/site-packages/lenskit/pipeline/_impl.py:233: PipelineWarning: loaded pipeline config does not match hash
  builder = PipelineBuilder.from_config(config)
/home/g064474/.local/lib/python3.11/site-packages/lenskit/als/_explicit.py:58: UserWarning: Sparse CSR tensor support is in beta state. If you miss a functionality in the sparse tensor support, please submit a feature request to https://github.com/pytorch/pytorch/issues. (Triggered internally at ../aten/src/ATen/SparseCsrTensorImpl.cpp:53.)
  rmat = rmat.to_sparse_csr()
/home/g064474/.local/lib/python3.11/site-packages/lenskit/metrics/ranking/_dcg.py:97: RuntimeWarning: invalid value encountered in scalar divide
  return realized / ideal
/home/g064474/.local/lib/python3.11/site-packages/lenskit/splitting/users.py:197: DataWarning: item list collection has empty lists, they will be dropped
  test_tbl = test.to_df()[["user_id", "item_id"]]
/home/g064474/.local/lib/python3.11/site-packages/lenskit/pipeline/_impl.py:233: PipelineWarning: loaded pipeline config does not match hash
  builder = PipelineBuilder.from_config(config)
/home/g064474/.local/lib/python3.11/site-packages/lenskit/metrics/ranking/_dcg.py:97: RuntimeWarning: invalid value encountered in scalar divide
  return realized / ideal
/home/g064474/.local/lib/python3.11/site-packages/lenskit/splitting/users.py:197: DataWarning: item list collection has empty lists, they will be dropped
  test_tbl = test.to_df()[["user_id", "item_id"]]
/home/g064474/.local/lib/python3.11/site-packages/lenskit/pipeline/_impl.py:233: PipelineWarning: loaded pipeline config does not match hash
  builder = PipelineBuilder.from_config(config)
/home/g064474/.local/lib/python3.11/site-packages/lenskit/splitting/users.py:197: DataWarning: item list collection has empty lists, they will be dropped
  test_tbl = test.to_df()[["user_id", "item_id"]]
/home/g064474/.local/lib/python3.11/site-packages/lenskit/pipeline/_impl.py:233: PipelineWarning: loaded pipeline config does not match hash
  builder = PipelineBuilder.from_config(config)
/home/g064474/.local/lib/python3.11/site-packages/lenskit/metrics/ranking/_dcg.py:97: RuntimeWarning: invalid value encountered in scalar divide
  return realized / ideal
/home/g064474/.local/lib/python3.11/site-packages/lenskit/splitting/users.py:197: DataWarning: item list collection has empty lists, they will be dropped
  test_tbl = test.to_df()[["user_id", "item_id"]]
/home/g064474/.local/lib/python3.11/site-packages/lenskit/pipeline/_impl.py:233: PipelineWarning: loaded pipeline config does not match hash
  builder = PipelineBuilder.from_config(config)
/home/g064474/.local/lib/python3.11/site-packages/lenskit/splitting/users.py:197: DataWarning: item list collection has empty lists, they will be dropped
  test_tbl = test.to_df()[["user_id", "item_id"]]
/home/g064474/.local/lib/python3.11/site-packages/lenskit/pipeline/_impl.py:233: PipelineWarning: loaded pipeline config does not match hash
  builder = PipelineBuilder.from_config(config)
/home/g064474/.local/lib/python3.11/site-packages/lenskit/metrics/ranking/_dcg.py:97: RuntimeWarning: invalid value encountered in scalar divide
  return realized / ideal
/home/g064474/.local/lib/python3.11/site-packages/lenskit/splitting/users.py:197: DataWarning: item list collection has empty lists, they will be dropped
  test_tbl = test.to_df()[["user_id", "item_id"]]
/home/g064474/.local/lib/python3.11/site-packages/lenskit/pipeline/_impl.py:233: PipelineWarning: loaded pipeline config does not match hash
  builder = PipelineBuilder.from_config(config)
/home/g064474/.local/lib/python3.11/site-packages/lenskit/metrics/ranking/_dcg.py:97: RuntimeWarning: invalid value encountered in scalar divide
  return realized / ideal
/home/g064474/.local/lib/python3.11/site-packages/lenskit/splitting/users.py:197: DataWarning: item list collection has empty lists, they will be dropped
  test_tbl = test.to_df()[["user_id", "item_id"]]
/home/g064474/.local/lib/python3.11/site-packages/lenskit/pipeline/_impl.py:233: PipelineWarning: loaded pipeline config does not match hash
  builder = PipelineBuilder.from_config(config)
/home/g064474/.local/lib/python3.11/site-packages/lenskit/splitting/users.py:197: DataWarning: item list collection has empty lists, they will be dropped
  test_tbl = test.to_df()[["user_id", "item_id"]]
/home/g064474/.local/lib/python3.11/site-packages/lenskit/pipeline/_impl.py:233: PipelineWarning: loaded pipeline config does not match hash
  builder = PipelineBuilder.from_config(config)
/home/g064474/.local/lib/python3.11/site-packages/lenskit/metrics/ranking/_dcg.py:97: RuntimeWarning: invalid value encountered in scalar divide
  return realized / ideal
/home/g064474/.local/lib/python3.11/site-packages/lenskit/splitting/users.py:197: DataWarning: item list collection has empty lists, they will be dropped
  test_tbl = test.to_df()[["user_id", "item_id"]]
/home/g064474/.local/lib/python3.11/site-packages/lenskit/pipeline/_impl.py:233: PipelineWarning: loaded pipeline config does not match hash
  builder = PipelineBuilder.from_config(config)
/home/g064474/.local/lib/python3.11/site-packages/lenskit/splitting/users.py:197: DataWarning: item list collection has empty lists, they will be dropped
  test_tbl = test.to_df()[["user_id", "item_id"]]
/home/g064474/.local/lib/python3.11/site-packages/lenskit/pipeline/_impl.py:233: PipelineWarning: loaded pipeline config does not match hash
  builder = PipelineBuilder.from_config(config)
/home/g064474/.local/lib/python3.11/site-packages/lenskit/metrics/ranking/_dcg.py:97: RuntimeWarning: invalid value encountered in scalar divide
  return realized / ideal
/home/g064474/.local/lib/python3.11/site-packages/lenskit/splitting/users.py:197: DataWarning: item list collection has empty lists, they will be dropped
  test_tbl = test.to_df()[["user_id", "item_id"]]
/home/g064474/.local/lib/python3.11/site-packages/lenskit/pipeline/_impl.py:233: PipelineWarning: loaded pipeline config does not match hash
  builder = PipelineBuilder.from_config(config)
/home/g064474/.local/lib/python3.11/site-packages/lenskit/metrics/ranking/_dcg.py:97: RuntimeWarning: invalid value encountered in scalar divide
  return realized / ideal
/home/g064474/.local/lib/python3.11/site-packages/lenskit/splitting/users.py:197: DataWarning: item list collection has empty lists, they will be dropped
  test_tbl = test.to_df()[["user_id", "item_id"]]
/home/g064474/.local/lib/python3.11/site-packages/lenskit/pipeline/_impl.py:233: PipelineWarning: loaded pipeline config does not match hash
  builder = PipelineBuilder.from_config(config)
/home/g064474/.local/lib/python3.11/site-packages/lenskit/metrics/ranking/_dcg.py:97: RuntimeWarning: invalid value encountered in scalar divide
  return realized / ideal
/home/g064474/.local/lib/python3.11/site-packages/lenskit/splitting/users.py:197: DataWarning: item list collection has empty lists, they will be dropped
  test_tbl = test.to_df()[["user_id", "item_id"]]
/home/g064474/.local/lib/python3.11/site-packages/lenskit/pipeline/_impl.py:233: PipelineWarning: loaded pipeline config does not match hash
  builder = PipelineBuilder.from_config(config)
/home/g064474/.local/lib/python3.11/site-packages/lenskit/splitting/users.py:197: DataWarning: item list collection has empty lists, they will be dropped
  test_tbl = test.to_df()[["user_id", "item_id"]]
/home/g064474/.local/lib/python3.11/site-packages/lenskit/pipeline/_impl.py:233: PipelineWarning: loaded pipeline config does not match hash
  builder = PipelineBuilder.from_config(config)
/home/g064474/.local/lib/python3.11/site-packages/lenskit/metrics/ranking/_dcg.py:97: RuntimeWarning: invalid value encountered in scalar divide
  return realized / ideal
/home/g064474/.local/lib/python3.11/site-packages/lenskit/splitting/users.py:197: DataWarning: item list collection has empty lists, they will be dropped
  test_tbl = test.to_df()[["user_id", "item_id"]]
/home/g064474/.local/lib/python3.11/site-packages/lenskit/pipeline/_impl.py:233: PipelineWarning: loaded pipeline config does not match hash
  builder = PipelineBuilder.from_config(config)
/home/g064474/.local/lib/python3.11/site-packages/lenskit/splitting/users.py:197: DataWarning: item list collection has empty lists, they will be dropped
  test_tbl = test.to_df()[["user_id", "item_id"]]
/home/g064474/.local/lib/python3.11/site-packages/lenskit/pipeline/_impl.py:233: PipelineWarning: loaded pipeline config does not match hash
  builder = PipelineBuilder.from_config(config)
/home/g064474/.local/lib/python3.11/site-packages/lenskit/metrics/ranking/_dcg.py:97: RuntimeWarning: invalid value encountered in scalar divide
  return realized / ideal
/home/g064474/.local/lib/python3.11/site-packages/lenskit/splitting/users.py:197: DataWarning: item list collection has empty lists, they will be dropped
  test_tbl = test.to_df()[["user_id", "item_id"]]
/home/g064474/.local/lib/python3.11/site-packages/lenskit/pipeline/_impl.py:233: PipelineWarning: loaded pipeline config does not match hash
  builder = PipelineBuilder.from_config(config)
/home/g064474/.local/lib/python3.11/site-packages/lenskit/metrics/ranking/_dcg.py:97: RuntimeWarning: invalid value encountered in scalar divide
  return realized / ideal
/home/g064474/.local/lib/python3.11/site-packages/lenskit/splitting/users.py:197: DataWarning: item list collection has empty lists, they will be dropped
  test_tbl = test.to_df()[["user_id", "item_id"]]
/home/g064474/.local/lib/python3.11/site-packages/lenskit/pipeline/_impl.py:233: PipelineWarning: loaded pipeline config does not match hash
  builder = PipelineBuilder.from_config(config)
/home/g064474/.local/lib/python3.11/site-packages/lenskit/splitting/users.py:197: DataWarning: item list collection has empty lists, they will be dropped
  test_tbl = test.to_df()[["user_id", "item_id"]]
/home/g064474/.local/lib/python3.11/site-packages/lenskit/pipeline/_impl.py:233: PipelineWarning: loaded pipeline config does not match hash
  builder = PipelineBuilder.from_config(config)
/home/g064474/.local/lib/python3.11/site-packages/lenskit/metrics/ranking/_dcg.py:97: RuntimeWarning: invalid value encountered in scalar divide
  return realized / ideal
/home/g064474/.local/lib/python3.11/site-packages/lenskit/splitting/users.py:197: DataWarning: item list collection has empty lists, they will be dropped
  test_tbl = test.to_df()[["user_id", "item_id"]]
/home/g064474/.local/lib/python3.11/site-packages/lenskit/pipeline/_impl.py:233: PipelineWarning: loaded pipeline config does not match hash
  builder = PipelineBuilder.from_config(config)
/home/g064474/.local/lib/python3.11/site-packages/lenskit/splitting/users.py:197: DataWarning: item list collection has empty lists, they will be dropped
  test_tbl = test.to_df()[["user_id", "item_id"]]
/home/g064474/.local/lib/python3.11/site-packages/lenskit/pipeline/_impl.py:233: PipelineWarning: loaded pipeline config does not match hash
  builder = PipelineBuilder.from_config(config)
/home/g064474/.local/lib/python3.11/site-packages/lenskit/metrics/ranking/_dcg.py:97: RuntimeWarning: invalid value encountered in scalar divide
  return realized / ideal
/home/g064474/.local/lib/python3.11/site-packages/lenskit/splitting/users.py:197: DataWarning: item list collection has empty lists, they will be dropped
  test_tbl = test.to_df()[["user_id", "item_id"]]
/home/g064474/.local/lib/python3.11/site-packages/lenskit/pipeline/_impl.py:233: PipelineWarning: loaded pipeline config does not match hash
  builder = PipelineBuilder.from_config(config)
/home/g064474/.local/lib/python3.11/site-packages/lenskit/metrics/ranking/_dcg.py:97: RuntimeWarning: invalid value encountered in scalar divide
  return realized / ideal
/home/g064474/.local/lib/python3.11/site-packages/lenskit/splitting/users.py:197: DataWarning: item list collection has empty lists, they will be dropped
  test_tbl = test.to_df()[["user_id", "item_id"]]
/home/g064474/.local/lib/python3.11/site-packages/lenskit/pipeline/_impl.py:233: PipelineWarning: loaded pipeline config does not match hash
  builder = PipelineBuilder.from_config(config)
/home/g064474/.local/lib/python3.11/site-packages/lenskit/metrics/ranking/_dcg.py:97: RuntimeWarning: invalid value encountered in scalar divide
  return realized / ideal
/home/g064474/.local/lib/python3.11/site-packages/lenskit/splitting/users.py:197: DataWarning: item list collection has empty lists, they will be dropped
  test_tbl = test.to_df()[["user_id", "item_id"]]
/home/g064474/.local/lib/python3.11/site-packages/lenskit/pipeline/_impl.py:233: PipelineWarning: loaded pipeline config does not match hash
  builder = PipelineBuilder.from_config(config)
/home/g064474/.local/lib/python3.11/site-packages/lenskit/splitting/users.py:197: DataWarning: item list collection has empty lists, they will be dropped
  test_tbl = test.to_df()[["user_id", "item_id"]]
/home/g064474/.local/lib/python3.11/site-packages/lenskit/pipeline/_impl.py:233: PipelineWarning: loaded pipeline config does not match hash
  builder = PipelineBuilder.from_config(config)
/home/g064474/.local/lib/python3.11/site-packages/lenskit/metrics/ranking/_dcg.py:97: RuntimeWarning: invalid value encountered in scalar divide
  return realized / ideal
/home/g064474/.local/lib/python3.11/site-packages/lenskit/splitting/users.py:197: DataWarning: item list collection has empty lists, they will be dropped
  test_tbl = test.to_df()[["user_id", "item_id"]]
/home/g064474/.local/lib/python3.11/site-packages/lenskit/pipeline/_impl.py:233: PipelineWarning: loaded pipeline config does not match hash
  builder = PipelineBuilder.from_config(config)
/home/g064474/.local/lib/python3.11/site-packages/lenskit/splitting/users.py:197: DataWarning: item list collection has empty lists, they will be dropped
  test_tbl = test.to_df()[["user_id", "item_id"]]
/home/g064474/.local/lib/python3.11/site-packages/lenskit/pipeline/_impl.py:233: PipelineWarning: loaded pipeline config does not match hash
  builder = PipelineBuilder.from_config(config)
/home/g064474/.local/lib/python3.11/site-packages/lenskit/metrics/ranking/_dcg.py:97: RuntimeWarning: invalid value encountered in scalar divide
  return realized / ideal
/home/g064474/.local/lib/python3.11/site-packages/lenskit/splitting/users.py:197: DataWarning: item list collection has empty lists, they will be dropped
  test_tbl = test.to_df()[["user_id", "item_id"]]
/home/g064474/.local/lib/python3.11/site-packages/lenskit/pipeline/_impl.py:233: PipelineWarning: loaded pipeline config does not match hash
  builder = PipelineBuilder.from_config(config)
/home/g064474/.local/lib/python3.11/site-packages/lenskit/metrics/ranking/_dcg.py:97: RuntimeWarning: invalid value encountered in scalar divide
  return realized / ideal
/home/g064474/.local/lib/python3.11/site-packages/lenskit/splitting/users.py:197: DataWarning: item list collection has empty lists, they will be dropped
  test_tbl = test.to_df()[["user_id", "item_id"]]
/home/g064474/.local/lib/python3.11/site-packages/lenskit/pipeline/_impl.py:233: PipelineWarning: loaded pipeline config does not match hash
  builder = PipelineBuilder.from_config(config)
/home/g064474/.local/lib/python3.11/site-packages/lenskit/splitting/users.py:197: DataWarning: item list collection has empty lists, they will be dropped
  test_tbl = test.to_df()[["user_id", "item_id"]]
/home/g064474/.local/lib/python3.11/site-packages/lenskit/pipeline/_impl.py:233: PipelineWarning: loaded pipeline config does not match hash
  builder = PipelineBuilder.from_config(config)
/home/g064474/.local/lib/python3.11/site-packages/lenskit/metrics/ranking/_dcg.py:97: RuntimeWarning: invalid value encountered in scalar divide
  return realized / ideal
/home/g064474/.local/lib/python3.11/site-packages/lenskit/splitting/users.py:197: DataWarning: item list collection has empty lists, they will be dropped
  test_tbl = test.to_df()[["user_id", "item_id"]]
/home/g064474/.local/lib/python3.11/site-packages/lenskit/pipeline/_impl.py:233: PipelineWarning: loaded pipeline config does not match hash
  builder = PipelineBuilder.from_config(config)
/home/g064474/.local/lib/python3.11/site-packages/lenskit/splitting/users.py:197: DataWarning: item list collection has empty lists, they will be dropped
  test_tbl = test.to_df()[["user_id", "item_id"]]
/home/g064474/.local/lib/python3.11/site-packages/lenskit/pipeline/_impl.py:233: PipelineWarning: loaded pipeline config does not match hash
  builder = PipelineBuilder.from_config(config)
/home/g064474/.local/lib/python3.11/site-packages/lenskit/metrics/ranking/_dcg.py:97: RuntimeWarning: invalid value encountered in scalar divide
  return realized / ideal
/home/g064474/.local/lib/python3.11/site-packages/lenskit/splitting/users.py:197: DataWarning: item list collection has empty lists, they will be dropped
  test_tbl = test.to_df()[["user_id", "item_id"]]
/home/g064474/.local/lib/python3.11/site-packages/lenskit/pipeline/_impl.py:233: PipelineWarning: loaded pipeline config does not match hash
  builder = PipelineBuilder.from_config(config)
/home/g064474/.local/lib/python3.11/site-packages/lenskit/metrics/ranking/_dcg.py:97: RuntimeWarning: invalid value encountered in scalar divide
  return realized / ideal
/home/g064474/.local/lib/python3.11/site-packages/lenskit/splitting/users.py:197: DataWarning: item list collection has empty lists, they will be dropped
  test_tbl = test.to_df()[["user_id", "item_id"]]
/home/g064474/.local/lib/python3.11/site-packages/lenskit/pipeline/_impl.py:233: PipelineWarning: loaded pipeline config does not match hash
  builder = PipelineBuilder.from_config(config)
/home/g064474/.local/lib/python3.11/site-packages/lenskit/metrics/ranking/_dcg.py:97: RuntimeWarning: invalid value encountered in scalar divide
  return realized / ideal
/home/g064474/.local/lib/python3.11/site-packages/lenskit/splitting/users.py:197: DataWarning: item list collection has empty lists, they will be dropped
  test_tbl = test.to_df()[["user_id", "item_id"]]
/home/g064474/.local/lib/python3.11/site-packages/lenskit/pipeline/_impl.py:233: PipelineWarning: loaded pipeline config does not match hash
  builder = PipelineBuilder.from_config(config)
/home/g064474/.local/lib/python3.11/site-packages/lenskit/splitting/users.py:197: DataWarning: item list collection has empty lists, they will be dropped
  test_tbl = test.to_df()[["user_id", "item_id"]]
/home/g064474/.local/lib/python3.11/site-packages/lenskit/pipeline/_impl.py:233: PipelineWarning: loaded pipeline config does not match hash
  builder = PipelineBuilder.from_config(config)
/home/g064474/.local/lib/python3.11/site-packages/lenskit/metrics/ranking/_dcg.py:97: RuntimeWarning: invalid value encountered in scalar divide
  return realized / ideal
/home/g064474/.local/lib/python3.11/site-packages/lenskit/splitting/users.py:197: DataWarning: item list collection has empty lists, they will be dropped
  test_tbl = test.to_df()[["user_id", "item_id"]]
/home/g064474/.local/lib/python3.11/site-packages/lenskit/pipeline/_impl.py:233: PipelineWarning: loaded pipeline config does not match hash
  builder = PipelineBuilder.from_config(config)
/home/g064474/.local/lib/python3.11/site-packages/lenskit/splitting/users.py:197: DataWarning: item list collection has empty lists, they will be dropped
  test_tbl = test.to_df()[["user_id", "item_id"]]
/home/g064474/.local/lib/python3.11/site-packages/lenskit/pipeline/_impl.py:233: PipelineWarning: loaded pipeline config does not match hash
  builder = PipelineBuilder.from_config(config)
/home/g064474/.local/lib/python3.11/site-packages/lenskit/metrics/ranking/_dcg.py:97: RuntimeWarning: invalid value encountered in scalar divide
  return realized / ideal
/home/g064474/.local/lib/python3.11/site-packages/lenskit/splitting/users.py:197: DataWarning: item list collection has empty lists, they will be dropped
  test_tbl = test.to_df()[["user_id", "item_id"]]
/home/g064474/.local/lib/python3.11/site-packages/lenskit/pipeline/_impl.py:233: PipelineWarning: loaded pipeline config does not match hash
  builder = PipelineBuilder.from_config(config)
/home/g064474/.local/lib/python3.11/site-packages/lenskit/metrics/ranking/_dcg.py:97: RuntimeWarning: invalid value encountered in scalar divide
  return realized / ideal
/home/g064474/.local/lib/python3.11/site-packages/lenskit/splitting/users.py:197: DataWarning: item list collection has empty lists, they will be dropped
  test_tbl = test.to_df()[["user_id", "item_id"]]
/home/g064474/.local/lib/python3.11/site-packages/lenskit/pipeline/_impl.py:233: PipelineWarning: loaded pipeline config does not match hash
  builder = PipelineBuilder.from_config(config)
/home/g064474/.local/lib/python3.11/site-packages/lenskit/splitting/users.py:197: DataWarning: item list collection has empty lists, they will be dropped
  test_tbl = test.to_df()[["user_id", "item_id"]]
/home/g064474/.local/lib/python3.11/site-packages/lenskit/pipeline/_impl.py:233: PipelineWarning: loaded pipeline config does not match hash
  builder = PipelineBuilder.from_config(config)
/home/g064474/.local/lib/python3.11/site-packages/lenskit/metrics/ranking/_dcg.py:97: RuntimeWarning: invalid value encountered in scalar divide
  return realized / ideal
/home/g064474/.local/lib/python3.11/site-packages/lenskit/splitting/users.py:197: DataWarning: item list collection has empty lists, they will be dropped
  test_tbl = test.to_df()[["user_id", "item_id"]]
/home/g064474/.local/lib/python3.11/site-packages/lenskit/pipeline/_impl.py:233: PipelineWarning: loaded pipeline config does not match hash
  builder = PipelineBuilder.from_config(config)
/home/g064474/.local/lib/python3.11/site-packages/lenskit/splitting/users.py:197: DataWarning: item list collection has empty lists, they will be dropped
  test_tbl = test.to_df()[["user_id", "item_id"]]
/home/g064474/.local/lib/python3.11/site-packages/lenskit/pipeline/_impl.py:233: PipelineWarning: loaded pipeline config does not match hash
  builder = PipelineBuilder.from_config(config)
/home/g064474/.local/lib/python3.11/site-packages/lenskit/metrics/ranking/_dcg.py:97: RuntimeWarning: invalid value encountered in scalar divide
  return realized / ideal
/home/g064474/.local/lib/python3.11/site-packages/lenskit/splitting/users.py:197: DataWarning: item list collection has empty lists, they will be dropped
  test_tbl = test.to_df()[["user_id", "item_id"]]
/home/g064474/.local/lib/python3.11/site-packages/lenskit/pipeline/_impl.py:233: PipelineWarning: loaded pipeline config does not match hash
  builder = PipelineBuilder.from_config(config)
/home/g064474/.local/lib/python3.11/site-packages/lenskit/metrics/ranking/_dcg.py:97: RuntimeWarning: invalid value encountered in scalar divide
  return realized / ideal
/home/g064474/.local/lib/python3.11/site-packages/lenskit/metrics/ranking/_dcg.py:97: RuntimeWarning: divide by zero encountered in scalar divide
  return realized / ideal
/home/g064474/.local/lib/python3.11/site-packages/pandas/core/nanops.py:1016: RuntimeWarning: invalid value encountered in subtract
  sqr = _ensure_numeric((avg - values) ** 2)
Traceback (most recent call last):
  File "<frozen runpy>", line 198, in _run_module_as_main
  File "<frozen runpy>", line 88, in _run_code
  File "/mnt/source/run.py", line 144, in <module>
    main()
  File "/mnt/source/run.py", line 100, in main
    result = round_significant(result)
             ^^^^^^^^^^^^^^^^^^^^^^^^^
  File "/mnt/source/utilities.py", line 299, in round_significant
    return round(x, figures - 1 - int(math.floor(math.log10(abs(x)))))
                                      ^^^^^^^^^^^^^^^^^^^^^^^^^^^^^^
OverflowError: cannot convert float infinity to integer
