[UEDRS] [00:00:13] Mode: ABSOLUTE STRATIFIED_USER
[UEDRS] [00:00:13] Tag:  LENSKIT:BIASED_SVD
[UEDRS] [00:00:13] Tool: LENSKIT
[UEDRS] [00:00:13] Algorithm: BIASED_SVD
[UEDRS] [00:00:13] Datasets: MOVIELENS, NETFLIX, GOODREADS, MUSIC4ALL
[UEDRS] [00:00:13] Excluded datasets: ALIBABA, AMAZON
[UEDRS] [00:00:13] Sizes: [1000000, 25000000, 50000000, 75000000, 100000000]

[UEDRS] [00:00:13] Current dataset [MOVIELENS]
[UEDRS] [00:00:13] Memory Usage: RSS = 611.25 MB, VMS = 3819.62 MB
[UEDRS] [00:00:13] Loading full dataset
[UEDRS] [00:00:17] Loading done
[UEDRS] [00:00:17] Memory Usage: RSS = 1344.06 MB, VMS = 4551.70 MB
[UEDRS] [00:00:04] Elapsed
[UEDRS] [00:00:17] Sampling for [1000000]
[UEDRS] [00:00:24] Sampling done
[UEDRS] [00:00:24] Memory Usage: RSS = 714.15 MB, VMS = 3919.76 MB
[UEDRS] [00:00:06] Elapsed
[UEDRS] [00:00:24] Checking [LENSKIT][BIASED_SVD][MOVIELENS][1m]
[UEDRS] [00:00:24] Starting
2025-11-16 20:08:32 [warning  ] loaded pipeline does not match hash
[UEDRS] [00:08:04] Finished (0.0039)
[UEDRS] [00:08:04] Memory Usage: RSS = 1155.18 MB, VMS = 5685.66 MB
[UEDRS] [00:07:40] Elapsed

[UEDRS] [00:08:04] Memory Usage: RSS = 1155.18 MB, VMS = 5685.66 MB
[UEDRS] [00:08:04] Releasing dataframe from memory
[UEDRS] [00:08:05] Memory Usage: RSS = 1140.26 MB, VMS = 5670.66 MB
[UEDRS] [00:08:05] Memory Usage: RSS = 1140.26 MB, VMS = 5670.66 MB
[UEDRS] [00:08:05] Loading full dataset
[UEDRS] [00:08:09] Loading done
[UEDRS] [00:08:09] Memory Usage: RSS = 1913.94 MB, VMS = 6444.21 MB
[UEDRS] [00:00:04] Elapsed
[UEDRS] [00:08:09] Sampling for [25000000]
[UEDRS] [00:08:17] Sampling done
[UEDRS] [00:08:17] Memory Usage: RSS = 1753.73 MB, VMS = 6283.96 MB
[UEDRS] [00:00:07] Elapsed
[UEDRS] [00:08:17] Checking [LENSKIT][BIASED_SVD][MOVIELENS][25m]
[UEDRS] [00:08:17] Starting
2025-11-16 20:16:38 [warning  ] loaded pipeline does not match hash
[UEDRS] [00:17:17] Finished (0.04919)
[UEDRS] [00:17:17] Memory Usage: RSS = 3921.70 MB, VMS = 15652.04 MB
[UEDRS] [00:08:59] Elapsed

[UEDRS] [00:17:17] Memory Usage: RSS = 3921.70 MB, VMS = 15652.04 MB
[UEDRS] [00:17:17] Releasing dataframe from memory
[UEDRS] [00:17:17] Memory Usage: RSS = 3323.01 MB, VMS = 15052.86 MB
[UEDRS] [00:17:17] Memory Usage: RSS = 3323.01 MB, VMS = 15052.86 MB
[UEDRS] [00:17:17] Loading full dataset
[UEDRS] [00:17:22] Loading done
[UEDRS] [00:17:22] Memory Usage: RSS = 4084.40 MB, VMS = 15814.22 MB
[UEDRS] [00:00:04] Elapsed
[UEDRS] [00:17:22] Sampling for [50000000]
[UEDRS] [00:17:29] Sampling done
[UEDRS] [00:17:29] Memory Usage: RSS = 4048.66 MB, VMS = 15778.22 MB
[UEDRS] [00:00:07] Elapsed
[UEDRS] [00:17:29] Checking [LENSKIT][BIASED_SVD][MOVIELENS][32m]
[UEDRS] [00:17:29] Starting
2025-11-16 20:25:55 [warning  ] loaded pipeline does not match hash
[UEDRS] [00:26:31] Finished (0.09082)
[UEDRS] [00:26:31] Memory Usage: RSS = 5753.40 MB, VMS = 17979.74 MB
[UEDRS] [00:09:01] Elapsed

[UEDRS] [00:26:31] Memory Usage: RSS = 5753.40 MB, VMS = 17979.74 MB
[UEDRS] [00:26:31] Releasing dataframe from memory
[UEDRS] [00:26:31] Memory Usage: RSS = 4992.85 MB, VMS = 17218.31 MB
[UEDRS] [00:26:31] Memory Usage: RSS = 4992.85 MB, VMS = 17218.31 MB
[UEDRS] [00:26:31] Loading full dataset
[UEDRS] [00:26:36] Loading done
[UEDRS] [00:26:36] Memory Usage: RSS = 5708.77 MB, VMS = 17934.11 MB
[UEDRS] [00:00:04] Elapsed
[UEDRS] [00:26:36] Sampling for [75000000]
[UEDRS] [00:26:43] Sampling done
[UEDRS] [00:26:43] Memory Usage: RSS = 5624.57 MB, VMS = 17849.91 MB
[UEDRS] [00:00:07] Elapsed
[UEDRS] [00:26:43] Checking [LENSKIT][BIASED_SVD][MOVIELENS][32m]
[UEDRS] [00:26:43] Skipping (0.09082)
[UEDRS] [00:26:43] Memory Usage: RSS = 5624.57 MB, VMS = 17849.91 MB
[UEDRS] [00:26:43] Releasing dataframe from memory
[UEDRS] [00:26:43] Memory Usage: RSS = 4892.14 MB, VMS = 17117.48 MB
[UEDRS] [00:26:43] Memory Usage: RSS = 4892.14 MB, VMS = 17117.48 MB
[UEDRS] [00:26:43] Loading full dataset
[UEDRS] [00:26:48] Loading done
[UEDRS] [00:26:48] Memory Usage: RSS = 5634.57 MB, VMS = 17859.91 MB
[UEDRS] [00:00:04] Elapsed
[UEDRS] [00:26:48] Sampling for [100000000]
[UEDRS] [00:26:55] Sampling done
[UEDRS] [00:26:55] Memory Usage: RSS = 5624.57 MB, VMS = 17849.91 MB
[UEDRS] [00:00:07] Elapsed
[UEDRS] [00:26:55] Checking [LENSKIT][BIASED_SVD][MOVIELENS][32m]
[UEDRS] [00:26:55] Skipping (0.09082)
[UEDRS] [00:26:55] Memory Usage: RSS = 5624.57 MB, VMS = 17849.91 MB
[UEDRS] [00:26:55] Releasing dataframe from memory
[UEDRS] [00:26:55] Memory Usage: RSS = 4892.14 MB, VMS = 17117.48 MB
[UEDRS] [00:26:55] Current dataset [NETFLIX]
[UEDRS] [00:26:55] Memory Usage: RSS = 4892.14 MB, VMS = 17117.48 MB
[UEDRS] [00:26:55] Loading full dataset
[UEDRS] [00:27:11] Loading done
[UEDRS] [00:27:11] Memory Usage: RSS = 7241.96 MB, VMS = 19467.30 MB
[UEDRS] [00:00:15] Elapsed
[UEDRS] [00:27:11] Sampling for [1000000]
[UEDRS] [00:27:38] Sampling done
[UEDRS] [00:27:38] Memory Usage: RSS = 4941.52 MB, VMS = 17167.48 MB
[UEDRS] [00:00:26] Elapsed
[UEDRS] [00:27:38] Checking [LENSKIT][BIASED_SVD][NETFLIX][1m]
[UEDRS] [00:27:38] Starting
2025-11-16 20:37:56 [warning  ] loaded pipeline does not match hash
[UEDRS] [00:38:41] Finished (0.00195)
[UEDRS] [00:38:41] Memory Usage: RSS = 5045.75 MB, VMS = 17301.06 MB
[UEDRS] [00:11:03] Elapsed

[UEDRS] [00:38:41] Memory Usage: RSS = 5045.75 MB, VMS = 17301.06 MB
[UEDRS] [00:38:41] Releasing dataframe from memory
[UEDRS] [00:38:41] Memory Usage: RSS = 4947.47 MB, VMS = 17201.83 MB
[UEDRS] [00:38:41] Memory Usage: RSS = 4947.47 MB, VMS = 17201.83 MB
[UEDRS] [00:38:41] Loading full dataset
[UEDRS] [00:38:57] Loading done
[UEDRS] [00:38:57] Memory Usage: RSS = 7298.30 MB, VMS = 19552.65 MB
[UEDRS] [00:00:15] Elapsed
[UEDRS] [00:38:57] Sampling for [25000000]
[UEDRS] [00:39:25] Sampling done
[UEDRS] [00:39:25] Memory Usage: RSS = 5570.32 MB, VMS = 17824.66 MB
[UEDRS] [00:00:28] Elapsed
[UEDRS] [00:39:25] Checking [LENSKIT][BIASED_SVD][NETFLIX][25m]
[UEDRS] [00:39:25] Starting
2025-11-16 20:53:39 [warning  ] loaded pipeline does not match hash
[UEDRS] [00:56:28] Finished (0.00776)
[UEDRS] [00:56:28] Memory Usage: RSS = 6236.57 MB, VMS = 18056.50 MB
[UEDRS] [00:17:03] Elapsed

[UEDRS] [00:56:28] Memory Usage: RSS = 6236.57 MB, VMS = 18056.50 MB
[UEDRS] [00:56:28] Releasing dataframe from memory
[UEDRS] [00:56:29] Memory Usage: RSS = 5615.94 MB, VMS = 17434.67 MB
[UEDRS] [00:56:29] Memory Usage: RSS = 5615.94 MB, VMS = 17434.67 MB
[UEDRS] [00:56:29] Loading full dataset
[UEDRS] [00:56:44] Loading done
[UEDRS] [00:56:44] Memory Usage: RSS = 7931.77 MB, VMS = 19750.48 MB
[UEDRS] [00:00:15] Elapsed
[UEDRS] [00:56:44] Sampling for [50000000]
[UEDRS] [00:57:13] Sampling done
[UEDRS] [00:57:13] Memory Usage: RSS = 6698.32 MB, VMS = 18517.05 MB
[UEDRS] [00:00:28] Elapsed
[UEDRS] [00:57:13] Checking [LENSKIT][BIASED_SVD][NETFLIX][50m]
[UEDRS] [00:57:13] Starting
2025-11-16 21:11:43 [warning  ] loaded pipeline does not match hash
[UEDRS] [01:15:03] Finished (0.0158)
[UEDRS] [01:15:03] Memory Usage: RSS = 9092.52 MB, VMS = 20965.60 MB
[UEDRS] [00:17:50] Elapsed

[UEDRS] [01:15:03] Memory Usage: RSS = 9092.52 MB, VMS = 20965.60 MB
[UEDRS] [01:15:03] Releasing dataframe from memory
[UEDRS] [01:15:03] Memory Usage: RSS = 7912.65 MB, VMS = 19784.90 MB
[UEDRS] [01:15:03] Memory Usage: RSS = 7912.65 MB, VMS = 19784.90 MB
[UEDRS] [01:15:03] Loading full dataset
[UEDRS] [01:15:19] Loading done
[UEDRS] [01:15:19] Memory Usage: RSS = 10193.60 MB, VMS = 22065.71 MB
[UEDRS] [00:00:15] Elapsed
[UEDRS] [01:15:19] Sampling for [75000000]
[UEDRS] [01:15:47] Sampling done
[UEDRS] [01:15:47] Memory Usage: RSS = 9469.86 MB, VMS = 21341.96 MB
[UEDRS] [00:00:28] Elapsed
[UEDRS] [01:15:47] Checking [LENSKIT][BIASED_SVD][NETFLIX][75m]
[UEDRS] [01:15:47] Starting
2025-11-16 21:30:34 [warning  ] loaded pipeline does not match hash
[UEDRS] [01:34:17] Finished (0.03038)
[UEDRS] [01:34:17] Memory Usage: RSS = 12619.57 MB, VMS = 23863.41 MB
[UEDRS] [00:18:29] Elapsed

[UEDRS] [01:34:17] Memory Usage: RSS = 12619.57 MB, VMS = 23863.41 MB
[UEDRS] [01:34:17] Releasing dataframe from memory
[UEDRS] [01:34:17] Memory Usage: RSS = 10873.19 MB, VMS = 22116.87 MB
[UEDRS] [01:34:17] Memory Usage: RSS = 10873.19 MB, VMS = 22116.87 MB
[UEDRS] [01:34:17] Loading full dataset
[UEDRS] [01:34:33] Loading done
[UEDRS] [01:34:33] Memory Usage: RSS = 13148.52 MB, VMS = 24392.06 MB
[UEDRS] [00:00:15] Elapsed
[UEDRS] [01:34:33] Sampling for [100000000]
[UEDRS] [01:35:13] Sampling done
[UEDRS] [01:35:13] Memory Usage: RSS = 13138.31 MB, VMS = 24381.07 MB
[UEDRS] [00:00:40] Elapsed
[UEDRS] [01:35:13] Checking [LENSKIT][BIASED_SVD][NETFLIX][100m]
[UEDRS] [01:35:13] Starting
2025-11-16 21:51:59 [warning  ] loaded pipeline does not match hash
[UEDRS] [01:55:59] Finished (0.05725)
[UEDRS] [01:55:59] Memory Usage: RSS = 16035.02 MB, VMS = 26786.65 MB
[UEDRS] [00:20:45] Elapsed

[UEDRS] [01:55:59] Memory Usage: RSS = 16035.02 MB, VMS = 26786.65 MB
[UEDRS] [01:55:59] Releasing dataframe from memory
[UEDRS] [01:55:59] Memory Usage: RSS = 13714.50 MB, VMS = 24465.83 MB
[UEDRS] [01:55:59] Current dataset [GOODREADS]
[UEDRS] [01:55:59] Memory Usage: RSS = 13714.50 MB, VMS = 24465.83 MB
[UEDRS] [01:55:59] Loading full dataset
[UEDRS] [01:57:06] Loading done
[UEDRS] [01:57:06] Memory Usage: RSS = 18940.97 MB, VMS = 29692.18 MB
[UEDRS] [00:01:06] Elapsed
[UEDRS] [01:57:06] Sampling for [1000000]
[UEDRS] [01:57:50] Sampling done
[UEDRS] [01:57:50] Memory Usage: RSS = 13706.84 MB, VMS = 24458.83 MB
[UEDRS] [00:00:44] Elapsed
[UEDRS] [01:57:50] Checking [LENSKIT][BIASED_SVD][GOODREADS][1m]
[UEDRS] [01:57:50] Starting
2025-11-16 22:09:54 [warning  ] loaded pipeline does not match hash
[UEDRS] [02:18:09] Finished (0.00054)
[UEDRS] [02:18:09] Memory Usage: RSS = 11434.07 MB, VMS = 22209.83 MB
[UEDRS] [00:20:18] Elapsed

[UEDRS] [02:18:09] Memory Usage: RSS = 11434.07 MB, VMS = 22209.83 MB
[UEDRS] [02:18:09] Releasing dataframe from memory
[UEDRS] [02:18:09] Memory Usage: RSS = 11396.43 MB, VMS = 22171.83 MB
[UEDRS] [02:18:09] Memory Usage: RSS = 11396.43 MB, VMS = 22171.83 MB
[UEDRS] [02:18:09] Loading full dataset
[UEDRS] [02:19:13] Loading done
[UEDRS] [02:19:13] Memory Usage: RSS = 16602.57 MB, VMS = 27377.98 MB
[UEDRS] [00:01:03] Elapsed
[UEDRS] [02:19:13] Sampling for [25000000]
[UEDRS] [02:19:56] Sampling done
[UEDRS] [02:19:56] Memory Usage: RSS = 11940.55 MB, VMS = 22716.64 MB
[UEDRS] [00:00:43] Elapsed
[UEDRS] [02:19:56] Checking [LENSKIT][BIASED_SVD][GOODREADS][25m]
[UEDRS] [02:19:56] Starting
2025-11-16 22:46:17 [warning  ] loaded pipeline does not match hash
[UEDRS] [04:03:22] Finished (0.00216)
[UEDRS] [04:03:22] Memory Usage: RSS = 12046.48 MB, VMS = 22840.14 MB
[UEDRS] [01:43:25] Elapsed

[UEDRS] [04:03:22] Memory Usage: RSS = 12046.48 MB, VMS = 22840.14 MB
[UEDRS] [04:03:22] Releasing dataframe from memory
[UEDRS] [04:03:22] Memory Usage: RSS = 11413.91 MB, VMS = 22207.13 MB
[UEDRS] [04:03:22] Memory Usage: RSS = 11413.91 MB, VMS = 22207.13 MB
[UEDRS] [04:03:22] Loading full dataset
[UEDRS] [04:04:14] Loading done
[UEDRS] [04:04:14] Memory Usage: RSS = 16682.26 MB, VMS = 27475.48 MB
[UEDRS] [00:00:52] Elapsed
[UEDRS] [04:04:14] Sampling for [50000000]
[UEDRS] [04:04:51] Sampling done
[UEDRS] [04:04:51] Memory Usage: RSS = 12592.04 MB, VMS = 23385.27 MB
[UEDRS] [00:00:36] Elapsed
[UEDRS] [04:04:51] Checking [LENSKIT][BIASED_SVD][GOODREADS][50m]
[UEDRS] [04:04:51] Starting
2025-11-17 00:32:37 [warning  ] loaded pipeline does not match hash
[UEDRS] [06:20:26] Finished (0.00237)
[UEDRS] [06:20:26] Memory Usage: RSS = 12732.35 MB, VMS = 23465.07 MB
[UEDRS] [02:15:35] Elapsed

[UEDRS] [06:20:26] Memory Usage: RSS = 12732.35 MB, VMS = 23465.07 MB
[UEDRS] [06:20:26] Releasing dataframe from memory
[UEDRS] [06:20:26] Memory Usage: RSS = 11524.75 MB, VMS = 22256.93 MB
[UEDRS] [06:20:26] Memory Usage: RSS = 11524.75 MB, VMS = 22256.93 MB
[UEDRS] [06:20:26] Loading full dataset
[UEDRS] [06:21:11] Loading done
[UEDRS] [06:21:11] Memory Usage: RSS = 16786.09 MB, VMS = 27518.28 MB
[UEDRS] [00:00:45] Elapsed
[UEDRS] [06:21:11] Sampling for [75000000]
[UEDRS] [06:30:26] Sampling done
[UEDRS] [06:30:26] Memory Usage: RSS = 13194.26 MB, VMS = 23925.75 MB
[UEDRS] [00:09:14] Elapsed
[UEDRS] [06:30:26] Checking [LENSKIT][BIASED_SVD][GOODREADS][75m]
[UEDRS] [06:30:26] Starting
2025-11-17 03:00:13 [warning  ] loaded pipeline does not match hash
[UEDRS] [08:52:25] Finished (0.00503)
[UEDRS] [08:52:25] Memory Usage: RSS = 13547.07 MB, VMS = 24312.59 MB
[UEDRS] [02:21:59] Elapsed

[UEDRS] [08:52:25] Memory Usage: RSS = 13547.07 MB, VMS = 24312.59 MB
[UEDRS] [08:52:25] Releasing dataframe from memory
[UEDRS] [08:52:26] Memory Usage: RSS = 11771.29 MB, VMS = 22535.97 MB
[UEDRS] [08:52:26] Memory Usage: RSS = 11771.29 MB, VMS = 22535.97 MB
[UEDRS] [08:52:26] Loading full dataset
[UEDRS] [08:53:11] Loading done
[UEDRS] [08:53:11] Memory Usage: RSS = 16990.15 MB, VMS = 27754.82 MB
[UEDRS] [00:00:45] Elapsed
[UEDRS] [08:53:11] Sampling for [100000000]
[UEDRS] [08:53:52] Sampling done
[UEDRS] [08:53:52] Memory Usage: RSS = 13857.85 MB, VMS = 24622.96 MB
[UEDRS] [00:00:41] Elapsed
[UEDRS] [08:53:52] Checking [LENSKIT][BIASED_SVD][GOODREADS][100m]
[UEDRS] [08:53:52] Starting
2025-11-17 05:22:55 [warning  ] loaded pipeline does not match hash
[UEDRS] [11:29:26] Finished (0.00693)
[UEDRS] [11:29:26] Memory Usage: RSS = 16708.25 MB, VMS = 27429.50 MB
[UEDRS] [02:35:33] Elapsed

[UEDRS] [11:29:26] Memory Usage: RSS = 16708.25 MB, VMS = 27429.50 MB
[UEDRS] [11:29:26] Releasing dataframe from memory
[UEDRS] [11:29:26] Memory Usage: RSS = 14357.73 MB, VMS = 25078.18 MB
[UEDRS] [11:29:26] Current dataset [MUSIC4ALL]
[UEDRS] [11:29:26] Memory Usage: RSS = 14357.73 MB, VMS = 25078.18 MB
[UEDRS] [11:29:26] Loading full dataset
[UEDRS] [11:29:49] Loading done
[UEDRS] [11:29:49] Memory Usage: RSS = 15960.24 MB, VMS = 26681.46 MB
[UEDRS] [00:00:23] Elapsed
[UEDRS] [11:29:49] Sampling for [1000000]
[UEDRS] [11:29:58] Sampling done
[UEDRS] [11:29:58] Memory Usage: RSS = 14817.00 MB, VMS = 25537.68 MB
[UEDRS] [00:00:08] Elapsed
[UEDRS] [11:29:58] Checking [LENSKIT][BIASED_SVD][MUSIC4ALL][1m]
[UEDRS] [11:29:58] Starting
2025-11-17 07:36:50 [warning  ] loaded pipeline does not match hash
[UEDRS] [11:35:30] Finished (4e-05)
[UEDRS] [11:35:30] Memory Usage: RSS = 12375.14 MB, VMS = 23161.68 MB
[UEDRS] [00:05:31] Elapsed

[UEDRS] [11:35:30] Memory Usage: RSS = 12375.14 MB, VMS = 23161.68 MB
[UEDRS] [11:35:30] Releasing dataframe from memory
[UEDRS] [11:35:30] Memory Usage: RSS = 11898.11 MB, VMS = 22683.68 MB
[UEDRS] [11:35:30] Memory Usage: RSS = 11898.11 MB, VMS = 22683.68 MB
[UEDRS] [11:35:30] Loading full dataset
[UEDRS] [11:35:44] Loading done
[UEDRS] [11:35:44] Memory Usage: RSS = 13441.28 MB, VMS = 24227.46 MB
[UEDRS] [00:00:13] Elapsed
[UEDRS] [11:35:44] Sampling for [25000000]
[UEDRS] [11:35:54] Sampling done
[UEDRS] [11:35:54] Memory Usage: RSS = 12659.02 MB, VMS = 23444.88 MB
[UEDRS] [00:00:10] Elapsed
[UEDRS] [11:35:54] Checking [LENSKIT][BIASED_SVD][MUSIC4ALL][25m]
[UEDRS] [11:35:54] Starting
2025-11-17 07:43:22 [warning  ] loaded pipeline does not match hash
[UEDRS] [11:42:54] Finished (0.00014)
[UEDRS] [11:42:54] Memory Usage: RSS = 12650.51 MB, VMS = 23438.88 MB
[UEDRS] [00:07:00] Elapsed

[UEDRS] [11:42:54] Memory Usage: RSS = 12650.51 MB, VMS = 23438.88 MB
[UEDRS] [11:42:54] Releasing dataframe from memory
[UEDRS] [11:42:55] Memory Usage: RSS = 11608.55 MB, VMS = 22395.19 MB
[UEDRS] [11:42:55] Memory Usage: RSS = 11608.55 MB, VMS = 22395.19 MB
[UEDRS] [11:42:55] Loading full dataset
[UEDRS] [11:43:09] Loading done
[UEDRS] [11:43:09] Memory Usage: RSS = 13178.98 MB, VMS = 23965.97 MB
[UEDRS] [00:00:13] Elapsed
[UEDRS] [11:43:09] Sampling for [50000000]
[UEDRS] [11:43:30] Sampling done
[UEDRS] [11:43:30] Memory Usage: RSS = 13179.67 MB, VMS = 23966.60 MB
[UEDRS] [00:00:21] Elapsed
[UEDRS] [11:43:30] Checking [LENSKIT][BIASED_SVD][MUSIC4ALL][50m]
[UEDRS] [11:43:30] Starting
2025-11-17 07:52:17 [warning  ] loaded pipeline does not match hash
[UEDRS] [11:52:28] Finished (0.00049)
[UEDRS] [11:52:28] Memory Usage: RSS = 13233.01 MB, VMS = 24030.60 MB
[UEDRS] [00:08:57] Elapsed

[UEDRS] [11:52:28] Memory Usage: RSS = 13233.01 MB, VMS = 24030.60 MB
[UEDRS] [11:52:28] Releasing dataframe from memory
[UEDRS] [11:52:29] Memory Usage: RSS = 11624.33 MB, VMS = 22420.19 MB
[UEDRS] [11:52:29] Memory Usage: RSS = 11624.33 MB, VMS = 22420.19 MB
[UEDRS] [11:52:29] Loading full dataset
[UEDRS] [11:52:43] Loading done
[UEDRS] [11:52:43] Memory Usage: RSS = 13171.97 MB, VMS = 23968.97 MB
[UEDRS] [00:00:13] Elapsed
[UEDRS] [11:52:43] Sampling for [75000000]
[UEDRS] [11:52:55] Sampling done
[UEDRS] [11:52:55] Memory Usage: RSS = 13173.86 MB, VMS = 23969.97 MB
[UEDRS] [00:00:12] Elapsed
[UEDRS] [11:52:55] Checking [LENSKIT][BIASED_SVD][MUSIC4ALL][50m]
[UEDRS] [11:52:55] Starting
2025-11-17 08:00:47 [warning  ] loaded pipeline does not match hash
