[UEDRS] [00:00:16] Mode: ABSOLUTE STRATIFIED_USER
[UEDRS] [00:00:16] Tag:  RECBOLE:BPR
[UEDRS] [00:00:16] Tool: RECBOLE
[UEDRS] [00:00:16] Algorithm: BPR
[UEDRS] [00:00:16] Datasets: MYANIMELIST, IPINYOU, TMALL, MOVIELENS, MUSIC4ALL, NETFLIX, YAHOO, ALIBABA, GOODREADS, LASTFM, AMAZON
[UEDRS] [00:00:16] Sizes: [100000, 250000, 500000, 750000, 1000000, 25000000, 50000000, 75000000, 100000000]

[UEDRS] [00:00:16] Desired size: 100000
[UEDRS] [00:00:16] Dataset: MYANIMELIST
[UEDRS] [00:00:16] Loading
[UEDRS] [00:00:17] Loading done
[UEDRS] [00:00:17] Memory Usage: RSS = 957.18 MB, VMS = 10580.03 MB
[UEDRS] [00:00:00] Elapsed
[UEDRS] [00:00:17] Sampling
[UEDRS] [00:00:20] Sampling done, obtained size: 100000
[UEDRS] [00:00:20] Memory Usage: RSS = 1013.90 MB, VMS = 10634.75 MB
[UEDRS] [00:00:02] Elapsed
[UEDRS] [00:00:20] Checking [RECBOLE][BPR][MYANIMELIST][100k]
[UEDRS] [00:00:20] Skipping (0.00073)
[UEDRS] [00:00:20] Memory Usage: RSS = 1013.90 MB, VMS = 10634.75 MB
[UEDRS] [00:00:20] Releasing dataframe from memory
[UEDRS] [00:00:20] Memory Usage: RSS = 1012.92 MB, VMS = 10633.75 MB
[UEDRS] [00:00:20] Dataset: IPINYOU
[UEDRS] [00:00:20] Loading
[UEDRS] [00:00:21] Loading done
[UEDRS] [00:00:21] Memory Usage: RSS = 1404.37 MB, VMS = 11749.76 MB
[UEDRS] [00:00:01] Elapsed
[UEDRS] [00:00:21] Sampling
[UEDRS] [00:09:36] Sampling done, obtained size: 100000
[UEDRS] [00:09:36] Memory Usage: RSS = 3123.12 MB, VMS = 13467.80 MB
[UEDRS] [00:09:14] Elapsed
[UEDRS] [00:09:36] Checking [RECBOLE][BPR][IPINYOU][100k]
[UEDRS] [00:09:36] Skipping (0.024)
[UEDRS] [00:09:36] Memory Usage: RSS = 3123.12 MB, VMS = 13467.80 MB
[UEDRS] [00:09:36] Releasing dataframe from memory
[UEDRS] [00:09:36] Memory Usage: RSS = 3121.13 MB, VMS = 13465.80 MB
[UEDRS] [00:09:36] Dataset: TMALL
[UEDRS] [00:09:36] Loading
[UEDRS] [00:09:37] Loading done
[UEDRS] [00:09:37] Memory Usage: RSS = 3398.32 MB, VMS = 14589.80 MB
[UEDRS] [00:00:01] Elapsed
[UEDRS] [00:09:37] Sampling
[UEDRS] [00:09:58] Sampling done, obtained size: 100000
[UEDRS] [00:09:58] Memory Usage: RSS = 3400.45 MB, VMS = 14591.80 MB
[UEDRS] [00:00:20] Elapsed
[UEDRS] [00:09:58] Checking [RECBOLE][BPR][TMALL][100k]
[UEDRS] [00:09:58] Skipping (6.8e-05)
[UEDRS] [00:09:58] Memory Usage: RSS = 3400.45 MB, VMS = 14591.80 MB
[UEDRS] [00:09:58] Releasing dataframe from memory
[UEDRS] [00:09:58] Memory Usage: RSS = 3398.46 MB, VMS = 14589.80 MB
[UEDRS] [00:09:58] Dataset: MOVIELENS
[UEDRS] [00:09:58] Loading
[UEDRS] [00:09:59] Loading done
[UEDRS] [00:09:59] Memory Usage: RSS = 4022.78 MB, VMS = 16949.80 MB
[UEDRS] [00:00:00] Elapsed
[UEDRS] [00:09:59] Sampling
[UEDRS] [00:10:06] Sampling done, obtained size: 100000
[UEDRS] [00:10:06] Memory Usage: RSS = 4023.80 MB, VMS = 16950.80 MB
[UEDRS] [00:00:07] Elapsed
[UEDRS] [00:10:06] Checking [RECBOLE][BPR][MOVIELENS][100k]
[UEDRS] [00:10:06] Skipping (0.00057)
[UEDRS] [00:10:06] Memory Usage: RSS = 4023.80 MB, VMS = 16950.80 MB
[UEDRS] [00:10:06] Releasing dataframe from memory
[UEDRS] [00:10:06] Memory Usage: RSS = 4022.83 MB, VMS = 16949.80 MB
[UEDRS] [00:10:06] Dataset: MUSIC4ALL
[UEDRS] [00:10:06] Loading
[UEDRS] [00:10:09] Loading done
[UEDRS] [00:10:09] Memory Usage: RSS = 4946.39 MB, VMS = 19174.39 MB
[UEDRS] [00:00:02] Elapsed
[UEDRS] [00:10:09] Sampling
[UEDRS] [00:10:15] Sampling done, obtained size: 100000
[UEDRS] [00:10:15] Memory Usage: RSS = 4568.89 MB, VMS = 18794.80 MB
[UEDRS] [00:00:06] Elapsed
[UEDRS] [00:10:15] Checking [RECBOLE][BPR][MUSIC4ALL][100k]
[UEDRS] [00:10:15] Skipping (0.00015)
[UEDRS] [00:10:15] Memory Usage: RSS = 4568.89 MB, VMS = 18794.80 MB
[UEDRS] [00:10:15] Releasing dataframe from memory
[UEDRS] [00:10:15] Memory Usage: RSS = 4563.96 MB, VMS = 18789.80 MB
[UEDRS] [00:10:15] Dataset: NETFLIX
[UEDRS] [00:10:15] Loading
[UEDRS] [00:10:16] Loading done
[UEDRS] [00:10:16] Memory Usage: RSS = 5282.35 MB, VMS = 21921.80 MB
[UEDRS] [00:00:00] Elapsed
[UEDRS] [00:10:16] Sampling
[UEDRS] [00:10:43] Sampling done, obtained size: 100000
[UEDRS] [00:10:43] Memory Usage: RSS = 5288.61 MB, VMS = 21923.80 MB
[UEDRS] [00:00:27] Elapsed
[UEDRS] [00:10:43] Checking [RECBOLE][BPR][NETFLIX][100k]
[UEDRS] [00:10:43] Skipping (0.00041)
[UEDRS] [00:10:43] Memory Usage: RSS = 5288.61 MB, VMS = 21923.80 MB
[UEDRS] [00:10:43] Releasing dataframe from memory
[UEDRS] [00:10:44] Memory Usage: RSS = 5286.87 MB, VMS = 21921.80 MB
[UEDRS] [00:10:44] Dataset: YAHOO
[UEDRS] [00:10:44] Loading
[UEDRS] [00:10:44] Loading done
[UEDRS] [00:10:44] Memory Usage: RSS = 5070.73 MB, VMS = 21821.80 MB
[UEDRS] [00:00:00] Elapsed
[UEDRS] [00:10:44] Sampling
[UEDRS] [00:11:45] Sampling done, obtained size: 100000
[UEDRS] [00:11:45] Memory Usage: RSS = 5077.35 MB, VMS = 21823.80 MB
[UEDRS] [00:01:00] Elapsed
[UEDRS] [00:11:45] Checking [RECBOLE][BPR][YAHOO][100k]
[UEDRS] [00:11:45] Skipping (0.00066)
[UEDRS] [00:11:45] Memory Usage: RSS = 5077.35 MB, VMS = 21823.80 MB
[UEDRS] [00:11:45] Releasing dataframe from memory
[UEDRS] [00:11:45] Memory Usage: RSS = 5075.39 MB, VMS = 21821.80 MB
[UEDRS] [00:11:45] Dataset: ALIBABA
[UEDRS] [00:11:45] Loading
[UEDRS] [00:11:46] Loading done
[UEDRS] [00:11:46] Memory Usage: RSS = 6522.55 MB, VMS = 22269.80 MB
[UEDRS] [00:00:00] Elapsed
[UEDRS] [00:11:46] Sampling
[UEDRS] [00:13:39] Sampling done, obtained size: 100000
[UEDRS] [00:13:39] Memory Usage: RSS = 6529.19 MB, VMS = 22271.80 MB
[UEDRS] [00:01:53] Elapsed
[UEDRS] [00:13:39] Checking [RECBOLE][BPR][ALIBABA][100k]
[UEDRS] [00:13:39] Skipping (0)
[UEDRS] [00:13:39] Memory Usage: RSS = 6529.19 MB, VMS = 22271.80 MB
[UEDRS] [00:13:39] Releasing dataframe from memory
[UEDRS] [00:13:39] Memory Usage: RSS = 6527.20 MB, VMS = 22269.80 MB
[UEDRS] [00:13:39] Dataset: GOODREADS
[UEDRS] [00:13:39] Loading
[UEDRS] [00:13:40] Loading done
[UEDRS] [00:13:40] Memory Usage: RSS = 7731.31 MB, VMS = 22533.81 MB
[UEDRS] [00:00:00] Elapsed
[UEDRS] [00:13:40] Sampling
[UEDRS] [00:14:41] Sampling done, obtained size: 100000
[UEDRS] [00:14:41] Memory Usage: RSS = 7735.80 MB, VMS = 22535.81 MB
[UEDRS] [00:01:00] Elapsed
[UEDRS] [00:14:41] Checking [RECBOLE][BPR][GOODREADS][100k]
[UEDRS] [00:14:41] Skipping (0)
[UEDRS] [00:14:41] Memory Usage: RSS = 7735.80 MB, VMS = 22535.81 MB
[UEDRS] [00:14:41] Releasing dataframe from memory
[UEDRS] [00:14:41] Memory Usage: RSS = 7733.83 MB, VMS = 22533.81 MB
[UEDRS] [00:14:41] Dataset: LASTFM
[UEDRS] [00:14:41] Loading
[UEDRS] [00:14:43] Loading done
[UEDRS] [00:14:43] Memory Usage: RSS = 13385.67 MB, VMS = 26970.33 MB
[UEDRS] [00:00:01] Elapsed
[UEDRS] [00:14:43] Sampling
[UEDRS] [00:17:05] Sampling done, obtained size: 100000
[UEDRS] [00:17:05] Memory Usage: RSS = 12172.41 MB, VMS = 25750.81 MB
[UEDRS] [00:02:22] Elapsed
[UEDRS] [00:17:05] Checking [RECBOLE][BPR][LASTFM][100k]
[UEDRS] [00:17:05] Skipping (0.00021)
[UEDRS] [00:17:05] Memory Usage: RSS = 12172.41 MB, VMS = 25750.81 MB
[UEDRS] [00:17:05] Releasing dataframe from memory
[UEDRS] [00:17:05] Memory Usage: RSS = 12171.44 MB, VMS = 25749.81 MB
[UEDRS] [00:17:05] Dataset: AMAZON
[UEDRS] [00:17:05] Loading
[UEDRS] [00:17:08] Loading done
[UEDRS] [00:17:08] Memory Usage: RSS = 16931.27 MB, VMS = 29981.81 MB
[UEDRS] [00:00:02] Elapsed
[UEDRS] [00:17:08] Sampling
[UEDRS] [00:45:51] Sampling done, obtained size: 100000
[UEDRS] [00:45:51] Memory Usage: RSS = 21176.73 MB, VMS = 34221.21 MB
[UEDRS] [00:28:43] Elapsed
[UEDRS] [00:45:51] Checking [RECBOLE][BPR][AMAZON][100k]
[UEDRS] [00:45:51] Skipping (0)
[UEDRS] [00:45:51] Memory Usage: RSS = 21176.73 MB, VMS = 34221.21 MB
[UEDRS] [00:45:51] Releasing dataframe from memory
[UEDRS] [00:45:51] Memory Usage: RSS = 21174.75 MB, VMS = 34219.21 MB
[UEDRS] [00:45:51] Desired size: 250000
[UEDRS] [00:45:51] Dataset: MYANIMELIST
[UEDRS] [00:45:51] Loading
[UEDRS] [00:45:51] Loading done
[UEDRS] [00:45:51] Memory Usage: RSS = 21252.22 MB, VMS = 34219.21 MB
[UEDRS] [00:00:00] Elapsed
[UEDRS] [00:45:51] Sampling
[UEDRS] [00:45:54] Sampling done, obtained size: 250000
[UEDRS] [00:45:54] Memory Usage: RSS = 21253.20 MB, VMS = 34220.21 MB
[UEDRS] [00:00:02] Elapsed
[UEDRS] [00:45:54] Checking [RECBOLE][BPR][MYANIMELIST][250k]
[UEDRS] [00:45:54] Skipping (0.00069)
[UEDRS] [00:45:54] Memory Usage: RSS = 21253.20 MB, VMS = 34220.21 MB
[UEDRS] [00:45:54] Releasing dataframe from memory
[UEDRS] [00:45:54] Memory Usage: RSS = 21253.20 MB, VMS = 34220.21 MB
[UEDRS] [00:45:54] Dataset: IPINYOU
[UEDRS] [00:45:54] Loading
[UEDRS] [00:45:55] Loading done
[UEDRS] [00:45:55] Memory Usage: RSS = 19211.98 MB, VMS = 34220.21 MB
[UEDRS] [00:00:01] Elapsed
[UEDRS] [00:45:55] Sampling
[UEDRS] [00:55:09] Sampling done, obtained size: 250000
[UEDRS] [00:55:09] Memory Usage: RSS = 19213.00 MB, VMS = 34221.21 MB
[UEDRS] [00:09:13] Elapsed
[UEDRS] [00:55:09] Checking [RECBOLE][BPR][IPINYOU][250k]
[UEDRS] [00:55:09] Skipping (0.02)
[UEDRS] [00:55:09] Memory Usage: RSS = 19213.00 MB, VMS = 34221.21 MB
[UEDRS] [00:55:09] Releasing dataframe from memory
[UEDRS] [00:55:09] Memory Usage: RSS = 19211.02 MB, VMS = 34219.21 MB
[UEDRS] [00:55:09] Dataset: TMALL
[UEDRS] [00:55:09] Loading
[UEDRS] [00:55:09] Loading done
[UEDRS] [00:55:09] Memory Usage: RSS = 13956.26 MB, VMS = 29907.21 MB
[UEDRS] [00:00:00] Elapsed
[UEDRS] [00:55:09] Sampling
[UEDRS] [00:55:31] Sampling done, obtained size: 250000
[UEDRS] [00:55:31] Memory Usage: RSS = 13958.25 MB, VMS = 29909.21 MB
[UEDRS] [00:00:21] Elapsed
[UEDRS] [00:55:31] Checking [RECBOLE][BPR][TMALL][250k]
[UEDRS] [00:55:31] Skipping (1.5e-05)
[UEDRS] [00:55:31] Memory Usage: RSS = 13958.25 MB, VMS = 29909.21 MB
[UEDRS] [00:55:31] Releasing dataframe from memory
[UEDRS] [00:55:31] Memory Usage: RSS = 13956.26 MB, VMS = 29907.21 MB
[UEDRS] [00:55:31] Dataset: MOVIELENS
[UEDRS] [00:55:31] Loading
[UEDRS] [00:55:31] Loading done
[UEDRS] [00:55:31] Memory Usage: RSS = 14249.00 MB, VMS = 29907.21 MB
[UEDRS] [00:00:00] Elapsed
[UEDRS] [00:55:31] Sampling
[UEDRS] [00:55:39] Sampling done, obtained size: 250000
[UEDRS] [00:55:39] Memory Usage: RSS = 14249.98 MB, VMS = 29908.21 MB
[UEDRS] [00:00:07] Elapsed
[UEDRS] [00:55:39] Checking [RECBOLE][BPR][MOVIELENS][250k]
[UEDRS] [00:55:39] Skipping (0.00016)
[UEDRS] [00:55:39] Memory Usage: RSS = 14249.98 MB, VMS = 29908.21 MB
[UEDRS] [00:55:39] Releasing dataframe from memory
[UEDRS] [00:55:39] Memory Usage: RSS = 14249.00 MB, VMS = 29907.21 MB
[UEDRS] [00:55:39] Dataset: MUSIC4ALL
[UEDRS] [00:55:39] Loading
[UEDRS] [00:55:41] Loading done
[UEDRS] [00:55:41] Memory Usage: RSS = 14774.75 MB, VMS = 30291.81 MB
[UEDRS] [00:00:02] Elapsed
[UEDRS] [00:55:41] Sampling
[UEDRS] [00:55:48] Sampling done, obtained size: 250000
[UEDRS] [00:55:48] Memory Usage: RSS = 14395.59 MB, VMS = 29912.21 MB
[UEDRS] [00:00:07] Elapsed
[UEDRS] [00:55:48] Checking [RECBOLE][BPR][MUSIC4ALL][250k]
[UEDRS] [00:55:48] Skipping (0.00012)
[UEDRS] [00:55:48] Memory Usage: RSS = 14395.59 MB, VMS = 29912.21 MB
[UEDRS] [00:55:48] Releasing dataframe from memory
[UEDRS] [00:55:49] Memory Usage: RSS = 14390.65 MB, VMS = 29907.21 MB
[UEDRS] [00:55:49] Dataset: NETFLIX
[UEDRS] [00:55:49] Loading
[UEDRS] [00:55:49] Loading done
[UEDRS] [00:55:49] Memory Usage: RSS = 14814.45 MB, VMS = 29907.21 MB
[UEDRS] [00:00:00] Elapsed
[UEDRS] [00:55:49] Sampling
[UEDRS] [00:56:20] Sampling done, obtained size: 250000
[UEDRS] [00:56:20] Memory Usage: RSS = 14816.07 MB, VMS = 29909.21 MB
[UEDRS] [00:00:30] Elapsed
[UEDRS] [00:56:20] Checking [RECBOLE][BPR][NETFLIX][250k]
[UEDRS] [00:56:20] Skipping (0.00044)
[UEDRS] [00:56:20] Memory Usage: RSS = 14816.07 MB, VMS = 29909.21 MB
[UEDRS] [00:56:20] Releasing dataframe from memory
[UEDRS] [00:56:20] Memory Usage: RSS = 14814.45 MB, VMS = 29907.21 MB
[UEDRS] [00:56:20] Dataset: YAHOO
[UEDRS] [00:56:20] Loading
[UEDRS] [00:56:20] Loading done
[UEDRS] [00:56:20] Memory Usage: RSS = 15230.24 MB, VMS = 29907.21 MB
[UEDRS] [00:00:00] Elapsed
[UEDRS] [00:56:20] Sampling
[UEDRS] [00:57:22] Sampling done, obtained size: 250000
[UEDRS] [00:57:22] Memory Usage: RSS = 15232.23 MB, VMS = 29909.21 MB
[UEDRS] [00:01:01] Elapsed
[UEDRS] [00:57:22] Checking [RECBOLE][BPR][YAHOO][250k]
[UEDRS] [00:57:22] Skipping (0.0005)
[UEDRS] [00:57:22] Memory Usage: RSS = 15232.23 MB, VMS = 29909.21 MB
[UEDRS] [00:57:22] Releasing dataframe from memory
[UEDRS] [00:57:22] Memory Usage: RSS = 15230.24 MB, VMS = 29907.21 MB
[UEDRS] [00:57:22] Dataset: ALIBABA
[UEDRS] [00:57:22] Loading
[UEDRS] [00:57:23] Loading done
[UEDRS] [00:57:23] Memory Usage: RSS = 15905.30 MB, VMS = 29907.21 MB
[UEDRS] [00:00:00] Elapsed
[UEDRS] [00:57:23] Sampling
[UEDRS] [00:59:20] Sampling done, obtained size: 250000
[UEDRS] [00:59:20] Memory Usage: RSS = 15906.29 MB, VMS = 29909.21 MB
[UEDRS] [00:01:56] Elapsed
[UEDRS] [00:59:20] Checking [RECBOLE][BPR][ALIBABA][250k]
[UEDRS] [00:59:20] Skipping (0)
[UEDRS] [00:59:20] Memory Usage: RSS = 15906.29 MB, VMS = 29909.21 MB
[UEDRS] [00:59:20] Releasing dataframe from memory
[UEDRS] [00:59:20] Memory Usage: RSS = 15904.30 MB, VMS = 29907.21 MB
[UEDRS] [00:59:20] Dataset: GOODREADS
[UEDRS] [00:59:20] Loading
[UEDRS] [00:59:21] Loading done
[UEDRS] [00:59:21] Memory Usage: RSS = 16546.80 MB, VMS = 29907.21 MB
[UEDRS] [00:00:00] Elapsed
[UEDRS] [00:59:21] Sampling
[UEDRS] [00:59:59] Sampling done, obtained size: 250000
[UEDRS] [00:59:59] Memory Usage: RSS = 16549.79 MB, VMS = 29909.21 MB
[UEDRS] [00:00:38] Elapsed
[UEDRS] [00:59:59] Checking [RECBOLE][BPR][GOODREADS][250k]
[UEDRS] [00:59:59] Skipping (2.2e-05)
[UEDRS] [00:59:59] Memory Usage: RSS = 16549.79 MB, VMS = 29909.21 MB
[UEDRS] [00:59:59] Releasing dataframe from memory
[UEDRS] [00:59:59] Memory Usage: RSS = 16547.80 MB, VMS = 29907.21 MB
[UEDRS] [00:59:59] Dataset: LASTFM
[UEDRS] [00:59:59] Loading
[UEDRS] [01:00:01] Loading done
[UEDRS] [01:00:01] Memory Usage: RSS = 20840.63 MB, VMS = 33575.73 MB
[UEDRS] [00:00:01] Elapsed
[UEDRS] [01:00:01] Sampling
[UEDRS] [01:00:22] Sampling done, obtained size: 250000
[UEDRS] [01:00:22] Memory Usage: RSS = 19621.09 MB, VMS = 32356.21 MB
[UEDRS] [00:00:21] Elapsed
[UEDRS] [01:00:22] Checking [RECBOLE][BPR][LASTFM][250k]
[UEDRS] [01:00:22] Skipping (2e-05)
[UEDRS] [01:00:22] Memory Usage: RSS = 19621.09 MB, VMS = 32356.21 MB
[UEDRS] [01:00:22] Releasing dataframe from memory
[UEDRS] [01:00:23] Memory Usage: RSS = 19620.11 MB, VMS = 32355.21 MB
[UEDRS] [01:00:23] Dataset: AMAZON
[UEDRS] [01:00:23] Loading
[UEDRS] [01:00:25] Loading done
[UEDRS] [01:00:25] Memory Usage: RSS = 22964.62 MB, VMS = 34603.21 MB
[UEDRS] [00:00:02] Elapsed
[UEDRS] [01:00:25] Sampling
[UEDRS] [01:29:22] Sampling done, obtained size: 250000
[UEDRS] [01:29:22] Memory Usage: RSS = 23980.04 MB, VMS = 35558.52 MB
[UEDRS] [00:28:56] Elapsed
[UEDRS] [01:29:22] Checking [RECBOLE][BPR][AMAZON][250k]
[UEDRS] [01:29:22] Skipping (0)
[UEDRS] [01:29:22] Memory Usage: RSS = 23980.04 MB, VMS = 35558.52 MB
[UEDRS] [01:29:22] Releasing dataframe from memory
[UEDRS] [01:29:22] Memory Usage: RSS = 23978.06 MB, VMS = 35556.52 MB
[UEDRS] [01:29:22] Desired size: 500000
[UEDRS] [01:29:22] Dataset: MYANIMELIST
[UEDRS] [01:29:22] Loading
[UEDRS] [01:29:22] Loading done
[UEDRS] [01:29:22] Memory Usage: RSS = 24147.71 MB, VMS = 35556.52 MB
[UEDRS] [00:00:00] Elapsed
[UEDRS] [01:29:22] Sampling
[UEDRS] [01:29:25] Sampling done, obtained size: 500000
[UEDRS] [01:29:25] Memory Usage: RSS = 24148.67 MB, VMS = 35557.52 MB
[UEDRS] [00:00:02] Elapsed
[UEDRS] [01:29:25] Checking [RECBOLE][BPR][MYANIMELIST][500k]
[UEDRS] [01:29:25] Skipping (0.00057)
[UEDRS] [01:29:25] Memory Usage: RSS = 24148.67 MB, VMS = 35557.52 MB
[UEDRS] [01:29:25] Releasing dataframe from memory
[UEDRS] [01:29:25] Memory Usage: RSS = 24148.67 MB, VMS = 35557.52 MB
[UEDRS] [01:29:25] Dataset: IPINYOU
[UEDRS] [01:29:25] Loading
[UEDRS] [01:29:25] Loading done
[UEDRS] [01:29:25] Memory Usage: RSS = 19632.36 MB, VMS = 31245.52 MB
[UEDRS] [00:00:00] Elapsed
[UEDRS] [01:29:25] Sampling
[UEDRS] [01:38:41] Sampling done, obtained size: 500000
[UEDRS] [01:38:41] Memory Usage: RSS = 19669.14 MB, VMS = 31246.52 MB
[UEDRS] [00:09:15] Elapsed
[UEDRS] [01:38:41] Checking [RECBOLE][BPR][IPINYOU][500k]
[UEDRS] [01:38:41] Skipping (0.025)
[UEDRS] [01:38:41] Memory Usage: RSS = 19669.14 MB, VMS = 31246.52 MB
[UEDRS] [01:38:41] Releasing dataframe from memory
[UEDRS] [01:38:41] Memory Usage: RSS = 19667.16 MB, VMS = 31244.52 MB
[UEDRS] [01:38:41] Dataset: TMALL
[UEDRS] [01:38:41] Loading
[UEDRS] [01:38:41] Loading done
[UEDRS] [01:38:41] Memory Usage: RSS = 14578.48 MB, VMS = 31244.52 MB
[UEDRS] [00:00:00] Elapsed
[UEDRS] [01:38:41] Sampling
[UEDRS] [01:39:02] Sampling done, obtained size: 500000
[UEDRS] [01:39:02] Memory Usage: RSS = 14580.47 MB, VMS = 31246.52 MB
[UEDRS] [00:00:21] Elapsed
[UEDRS] [01:39:02] Checking [RECBOLE][BPR][TMALL][500k]
[UEDRS] [01:39:02] Skipping (1.6e-05)
[UEDRS] [01:39:02] Memory Usage: RSS = 14580.47 MB, VMS = 31246.52 MB
[UEDRS] [01:39:02] Releasing dataframe from memory
[UEDRS] [01:39:03] Memory Usage: RSS = 14578.48 MB, VMS = 31244.52 MB
[UEDRS] [01:39:03] Dataset: MOVIELENS
[UEDRS] [01:39:03] Loading
[UEDRS] [01:39:03] Loading done
[UEDRS] [01:39:03] Memory Usage: RSS = 13787.55 MB, VMS = 31244.52 MB
[UEDRS] [00:00:00] Elapsed
[UEDRS] [01:39:03] Sampling
[UEDRS] [01:39:10] Sampling done, obtained size: 500000
[UEDRS] [01:39:10] Memory Usage: RSS = 13788.54 MB, VMS = 31245.52 MB
[UEDRS] [00:00:07] Elapsed
[UEDRS] [01:39:10] Checking [RECBOLE][BPR][MOVIELENS][500k]
[UEDRS] [01:39:10] Skipping (0.00021)
[UEDRS] [01:39:10] Memory Usage: RSS = 13788.54 MB, VMS = 31245.52 MB
[UEDRS] [01:39:10] Releasing dataframe from memory
[UEDRS] [01:39:10] Memory Usage: RSS = 13787.55 MB, VMS = 31244.52 MB
[UEDRS] [01:39:10] Dataset: MUSIC4ALL
[UEDRS] [01:39:10] Loading
[UEDRS] [01:39:13] Loading done
[UEDRS] [01:39:13] Memory Usage: RSS = 14791.29 MB, VMS = 31629.11 MB
[UEDRS] [00:00:02] Elapsed
[UEDRS] [01:39:13] Sampling
[UEDRS] [01:39:20] Sampling done, obtained size: 500000
[UEDRS] [01:39:20] Memory Usage: RSS = 14412.13 MB, VMS = 31249.52 MB
[UEDRS] [00:00:06] Elapsed
[UEDRS] [01:39:20] Checking [RECBOLE][BPR][MUSIC4ALL][500k]
[UEDRS] [01:39:20] Skipping (9.8e-05)
[UEDRS] [01:39:20] Memory Usage: RSS = 14412.13 MB, VMS = 31249.52 MB
[UEDRS] [01:39:20] Releasing dataframe from memory
[UEDRS] [01:39:20] Memory Usage: RSS = 14407.20 MB, VMS = 31244.52 MB
[UEDRS] [01:39:20] Dataset: NETFLIX
[UEDRS] [01:39:20] Loading
[UEDRS] [01:39:20] Loading done
[UEDRS] [01:39:20] Memory Usage: RSS = 14696.18 MB, VMS = 31244.52 MB
[UEDRS] [00:00:00] Elapsed
[UEDRS] [01:39:20] Sampling
[UEDRS] [01:39:51] Sampling done, obtained size: 500000
[UEDRS] [01:39:51] Memory Usage: RSS = 14697.80 MB, VMS = 31246.52 MB
[UEDRS] [00:00:31] Elapsed
[UEDRS] [01:39:51] Checking [RECBOLE][BPR][NETFLIX][500k]
[UEDRS] [01:39:51] Skipping (0.00034)
[UEDRS] [01:39:51] Memory Usage: RSS = 14697.80 MB, VMS = 31246.52 MB
[UEDRS] [01:39:51] Releasing dataframe from memory
[UEDRS] [01:39:51] Memory Usage: RSS = 14696.18 MB, VMS = 31244.52 MB
[UEDRS] [01:39:51] Dataset: YAHOO
[UEDRS] [01:39:51] Loading
[UEDRS] [01:39:52] Loading done
[UEDRS] [01:39:52] Memory Usage: RSS = 15100.41 MB, VMS = 31244.52 MB
[UEDRS] [00:00:00] Elapsed
[UEDRS] [01:39:52] Sampling
[UEDRS] [01:40:53] Sampling done, obtained size: 500000
[UEDRS] [01:40:53] Memory Usage: RSS = 15102.36 MB, VMS = 31246.52 MB
[UEDRS] [00:01:01] Elapsed
[UEDRS] [01:40:53] Checking [RECBOLE][BPR][YAHOO][500k]
[UEDRS] [01:40:53] Skipping (0.00035)
[UEDRS] [01:40:53] Memory Usage: RSS = 15102.36 MB, VMS = 31246.52 MB
[UEDRS] [01:40:53] Releasing dataframe from memory
[UEDRS] [01:40:53] Memory Usage: RSS = 15100.39 MB, VMS = 31244.52 MB
[UEDRS] [01:40:53] Dataset: ALIBABA
[UEDRS] [01:40:53] Loading
[UEDRS] [01:40:54] Loading done
[UEDRS] [01:40:54] Memory Usage: RSS = 15701.22 MB, VMS = 31244.52 MB
[UEDRS] [00:00:00] Elapsed
[UEDRS] [01:40:54] Sampling
[UEDRS] [01:42:50] Sampling done, obtained size: 500000
[UEDRS] [01:42:50] Memory Usage: RSS = 15703.18 MB, VMS = 31246.52 MB
[UEDRS] [00:01:56] Elapsed
[UEDRS] [01:42:50] Checking [RECBOLE][BPR][ALIBABA][500k]
[UEDRS] [01:42:50] Skipping (2.6e-05)
[UEDRS] [01:42:50] Memory Usage: RSS = 15703.18 MB, VMS = 31246.52 MB
[UEDRS] [01:42:50] Releasing dataframe from memory
[UEDRS] [01:42:51] Memory Usage: RSS = 15701.22 MB, VMS = 31244.52 MB
[UEDRS] [01:42:51] Dataset: GOODREADS
[UEDRS] [01:42:51] Loading
[UEDRS] [01:42:51] Loading done
[UEDRS] [01:42:51] Memory Usage: RSS = 16465.00 MB, VMS = 31244.52 MB
[UEDRS] [00:00:00] Elapsed
[UEDRS] [01:42:51] Sampling
[UEDRS] [01:51:30] Sampling done, obtained size: 500000
[UEDRS] [01:51:30] Memory Usage: RSS = 16467.01 MB, VMS = 31246.52 MB
[UEDRS] [00:08:38] Elapsed
[UEDRS] [01:51:30] Checking [RECBOLE][BPR][GOODREADS][500k]
[UEDRS] [01:51:30] Skipping (1.6e-05)
[UEDRS] [01:51:30] Memory Usage: RSS = 16467.01 MB, VMS = 31246.52 MB
[UEDRS] [01:51:30] Releasing dataframe from memory
[UEDRS] [01:51:30] Memory Usage: RSS = 16465.02 MB, VMS = 31244.52 MB
[UEDRS] [01:51:30] Dataset: LASTFM
[UEDRS] [01:51:30] Loading
[UEDRS] [01:51:47] Loading done
[UEDRS] [01:51:47] Memory Usage: RSS = 21189.62 MB, VMS = 34913.04 MB
[UEDRS] [00:00:16] Elapsed
[UEDRS] [01:51:47] Sampling
[UEDRS] [02:12:14] Sampling done, obtained size: 500000
[UEDRS] [02:12:14] Memory Usage: RSS = 19970.07 MB, VMS = 33693.52 MB
[UEDRS] [00:20:27] Elapsed
[UEDRS] [02:12:14] Checking [RECBOLE][BPR][LASTFM][500k]
[UEDRS] [02:12:14] Skipping (7e-06)
[UEDRS] [02:12:14] Memory Usage: RSS = 19970.07 MB, VMS = 33693.52 MB
[UEDRS] [02:12:14] Releasing dataframe from memory
[UEDRS] [02:12:14] Memory Usage: RSS = 19969.10 MB, VMS = 33692.52 MB
[UEDRS] [02:12:14] Dataset: AMAZON
[UEDRS] [02:12:14] Loading
[UEDRS] [02:12:57] Loading done
[UEDRS] [02:12:57] Memory Usage: RSS = 23826.48 MB, VMS = 35556.52 MB
[UEDRS] [00:00:42] Elapsed
[UEDRS] [02:12:57] Sampling
[UEDRS] [03:58:49] Sampling done, obtained size: 500000
[UEDRS] [03:58:49] Memory Usage: RSS = 23973.43 MB, VMS = 35558.65 MB
[UEDRS] [01:45:52] Elapsed
[UEDRS] [03:58:49] Checking [RECBOLE][BPR][AMAZON][500k]
[UEDRS] [03:58:49] Skipping (0)
[UEDRS] [03:58:49] Memory Usage: RSS = 23973.43 MB, VMS = 35558.65 MB
[UEDRS] [03:58:49] Releasing dataframe from memory
[UEDRS] [03:58:50] Memory Usage: RSS = 23971.44 MB, VMS = 35556.65 MB
[UEDRS] [03:58:50] Desired size: 750000
[UEDRS] [03:58:50] Dataset: MYANIMELIST
[UEDRS] [03:58:50] Loading
[UEDRS] [03:58:50] Loading done
[UEDRS] [03:58:50] Memory Usage: RSS = 23940.56 MB, VMS = 35556.65 MB
[UEDRS] [00:00:00] Elapsed
[UEDRS] [03:58:50] Sampling
[UEDRS] [03:58:53] Sampling done, obtained size: 750000
[UEDRS] [03:58:53] Memory Usage: RSS = 23941.54 MB, VMS = 35557.65 MB
[UEDRS] [00:00:02] Elapsed
[UEDRS] [03:58:53] Checking [RECBOLE][BPR][MYANIMELIST][750k]
[UEDRS] [03:58:53] Skipping (0.00059)
[UEDRS] [03:58:53] Memory Usage: RSS = 23941.54 MB, VMS = 35557.65 MB
[UEDRS] [03:58:53] Releasing dataframe from memory
[UEDRS] [03:58:53] Memory Usage: RSS = 23941.54 MB, VMS = 35557.65 MB
[UEDRS] [03:58:53] Dataset: IPINYOU
[UEDRS] [03:58:53] Loading
[UEDRS] [03:58:53] Loading done
[UEDRS] [03:58:53] Memory Usage: RSS = 23901.23 MB, VMS = 35557.65 MB
[UEDRS] [00:00:00] Elapsed
[UEDRS] [03:58:53] Sampling
[UEDRS] [04:08:02] Sampling done, obtained size: 750000
[UEDRS] [04:08:02] Memory Usage: RSS = 23902.25 MB, VMS = 35558.65 MB
[UEDRS] [00:09:08] Elapsed
[UEDRS] [04:08:02] Checking [RECBOLE][BPR][IPINYOU][750k]
[UEDRS] [04:08:02] Skipping (0.032)
[UEDRS] [04:08:02] Memory Usage: RSS = 23902.25 MB, VMS = 35558.65 MB
[UEDRS] [04:08:02] Releasing dataframe from memory
[UEDRS] [04:08:02] Memory Usage: RSS = 23900.27 MB, VMS = 35556.65 MB
[UEDRS] [04:08:02] Dataset: TMALL
[UEDRS] [04:08:02] Loading
[UEDRS] [04:08:03] Loading done
[UEDRS] [04:08:03] Memory Usage: RSS = 19236.00 MB, VMS = 31244.65 MB
[UEDRS] [00:00:01] Elapsed
[UEDRS] [04:08:03] Sampling
[UEDRS] [04:08:24] Sampling done, obtained size: 750000
[UEDRS] [04:08:24] Memory Usage: RSS = 19238.00 MB, VMS = 31246.65 MB
[UEDRS] [00:00:21] Elapsed
[UEDRS] [04:08:24] Checking [RECBOLE][BPR][TMALL][750k]
[UEDRS] [04:08:24] Skipping (1.8e-05)
[UEDRS] [04:08:24] Memory Usage: RSS = 19238.00 MB, VMS = 31246.65 MB
[UEDRS] [04:08:24] Releasing dataframe from memory
[UEDRS] [04:08:24] Memory Usage: RSS = 19236.00 MB, VMS = 31244.65 MB
[UEDRS] [04:08:24] Dataset: MOVIELENS
[UEDRS] [04:08:24] Loading
[UEDRS] [04:08:25] Loading done
[UEDRS] [04:08:25] Memory Usage: RSS = 19197.16 MB, VMS = 31244.65 MB
[UEDRS] [00:00:00] Elapsed
[UEDRS] [04:08:25] Sampling
[UEDRS] [04:08:33] Sampling done, obtained size: 750000
[UEDRS] [04:08:33] Memory Usage: RSS = 19198.15 MB, VMS = 31245.65 MB
[UEDRS] [00:00:07] Elapsed
[UEDRS] [04:08:33] Checking [RECBOLE][BPR][MOVIELENS][750k]
[UEDRS] [04:08:33] Skipping (0.00014)
[UEDRS] [04:08:33] Memory Usage: RSS = 19198.15 MB, VMS = 31245.65 MB
[UEDRS] [04:08:33] Releasing dataframe from memory
[UEDRS] [04:08:33] Memory Usage: RSS = 19197.16 MB, VMS = 31244.65 MB
[UEDRS] [04:08:33] Dataset: MUSIC4ALL
[UEDRS] [04:08:33] Loading
[UEDRS] [04:08:35] Loading done
[UEDRS] [04:08:35] Memory Usage: RSS = 19416.99 MB, VMS = 31629.24 MB
[UEDRS] [00:00:02] Elapsed
[UEDRS] [04:08:35] Sampling
[UEDRS] [04:08:43] Sampling done, obtained size: 750000
[UEDRS] [04:08:43] Memory Usage: RSS = 19037.82 MB, VMS = 31249.65 MB
[UEDRS] [00:00:07] Elapsed
[UEDRS] [04:08:43] Checking [RECBOLE][BPR][MUSIC4ALL][750k]
[UEDRS] [04:08:43] Skipping (6.6e-05)
[UEDRS] [04:08:43] Memory Usage: RSS = 19037.82 MB, VMS = 31249.65 MB
[UEDRS] [04:08:43] Releasing dataframe from memory
[UEDRS] [04:08:43] Memory Usage: RSS = 19033.89 MB, VMS = 31245.65 MB
[UEDRS] [04:08:43] Dataset: NETFLIX
[UEDRS] [04:08:43] Loading
[UEDRS] [04:08:43] Loading done
[UEDRS] [04:08:43] Memory Usage: RSS = 19160.69 MB, VMS = 31245.65 MB
[UEDRS] [00:00:00] Elapsed
[UEDRS] [04:08:43] Sampling
[UEDRS] [04:09:13] Sampling done, obtained size: 750000
[UEDRS] [04:09:13] Memory Usage: RSS = 19162.31 MB, VMS = 31247.65 MB
[UEDRS] [00:00:29] Elapsed
[UEDRS] [04:09:13] Checking [RECBOLE][BPR][NETFLIX][750k]
[UEDRS] [04:09:13] Skipping (0.00032)
[UEDRS] [04:09:13] Memory Usage: RSS = 19162.31 MB, VMS = 31247.65 MB
[UEDRS] [04:09:13] Releasing dataframe from memory
[UEDRS] [04:09:13] Memory Usage: RSS = 19159.69 MB, VMS = 31244.65 MB
[UEDRS] [04:09:13] Dataset: YAHOO
[UEDRS] [04:09:13] Loading
[UEDRS] [04:09:13] Loading done
[UEDRS] [04:09:13] Memory Usage: RSS = 19259.98 MB, VMS = 31244.65 MB
[UEDRS] [00:00:00] Elapsed
[UEDRS] [04:09:13] Sampling
[UEDRS] [04:10:14] Sampling done, obtained size: 750000
[UEDRS] [04:10:14] Memory Usage: RSS = 19261.97 MB, VMS = 31246.65 MB
[UEDRS] [00:01:00] Elapsed
[UEDRS] [04:10:14] Checking [RECBOLE][BPR][YAHOO][750k]
[UEDRS] [04:10:14] Skipping (0.00038)
[UEDRS] [04:10:14] Memory Usage: RSS = 19261.97 MB, VMS = 31246.65 MB
[UEDRS] [04:10:14] Releasing dataframe from memory
[UEDRS] [04:10:14] Memory Usage: RSS = 19259.98 MB, VMS = 31244.65 MB
[UEDRS] [04:10:14] Dataset: ALIBABA
[UEDRS] [04:10:14] Loading
[UEDRS] [04:10:15] Loading done
[UEDRS] [04:10:15] Memory Usage: RSS = 19386.07 MB, VMS = 31244.65 MB
[UEDRS] [00:00:00] Elapsed
[UEDRS] [04:10:15] Sampling
[UEDRS] [04:12:09] Sampling done, obtained size: 750000
[UEDRS] [04:12:09] Memory Usage: RSS = 19387.07 MB, VMS = 31246.65 MB
[UEDRS] [00:01:54] Elapsed
[UEDRS] [04:12:09] Checking [RECBOLE][BPR][ALIBABA][750k]
[UEDRS] [04:12:09] Skipping (3e-05)
[UEDRS] [04:12:09] Memory Usage: RSS = 19387.07 MB, VMS = 31246.65 MB
[UEDRS] [04:12:09] Releasing dataframe from memory
[UEDRS] [04:12:09] Memory Usage: RSS = 19385.07 MB, VMS = 31244.65 MB
[UEDRS] [04:12:09] Dataset: GOODREADS
[UEDRS] [04:12:09] Loading
[UEDRS] [04:12:19] Loading done
[UEDRS] [04:12:19] Memory Usage: RSS = 19400.57 MB, VMS = 31244.65 MB
[UEDRS] [00:00:09] Elapsed
[UEDRS] [04:12:19] Sampling
[UEDRS] [04:12:57] Sampling done, obtained size: 750000
[UEDRS] [04:12:57] Memory Usage: RSS = 19403.55 MB, VMS = 31246.65 MB
[UEDRS] [00:00:37] Elapsed
[UEDRS] [04:12:57] Checking [RECBOLE][BPR][GOODREADS][750k]
[UEDRS] [04:12:57] Skipping (1e-05)
[UEDRS] [04:12:57] Memory Usage: RSS = 19403.55 MB, VMS = 31246.65 MB
[UEDRS] [04:12:57] Releasing dataframe from memory
[UEDRS] [04:12:57] Memory Usage: RSS = 19401.57 MB, VMS = 31244.65 MB
[UEDRS] [04:12:57] Dataset: LASTFM
[UEDRS] [04:12:57] Loading
[UEDRS] [04:12:59] Loading done
[UEDRS] [04:12:59] Memory Usage: RSS = 23162.89 MB, VMS = 34913.17 MB
[UEDRS] [00:00:01] Elapsed
[UEDRS] [04:12:59] Sampling
[UEDRS] [04:13:20] Sampling done, obtained size: 750000
[UEDRS] [04:13:20] Memory Usage: RSS = 21943.34 MB, VMS = 33693.65 MB
[UEDRS] [00:00:21] Elapsed
[UEDRS] [04:13:20] Checking [RECBOLE][BPR][LASTFM][750k]
[UEDRS] [04:13:20] Skipping (1.2e-05)
[UEDRS] [04:13:20] Memory Usage: RSS = 21943.34 MB, VMS = 33693.65 MB
[UEDRS] [04:13:20] Releasing dataframe from memory
[UEDRS] [04:13:20] Memory Usage: RSS = 21942.37 MB, VMS = 33692.65 MB
[UEDRS] [04:13:20] Dataset: AMAZON
[UEDRS] [04:13:20] Loading
[UEDRS] [04:13:22] Loading done
[UEDRS] [04:13:22] Memory Usage: RSS = 24026.80 MB, VMS = 35556.65 MB
[UEDRS] [00:00:02] Elapsed
[UEDRS] [04:13:22] Sampling
[UEDRS] [04:42:09] Sampling done, obtained size: 750000
[UEDRS] [04:42:09] Memory Usage: RSS = 24028.95 MB, VMS = 35558.91 MB
[UEDRS] [00:28:46] Elapsed
[UEDRS] [04:42:09] Checking [RECBOLE][BPR][AMAZON][750k]
[UEDRS] [04:42:09] Skipping (0)
[UEDRS] [04:42:09] Memory Usage: RSS = 24028.95 MB, VMS = 35558.91 MB
[UEDRS] [04:42:09] Releasing dataframe from memory
[UEDRS] [04:42:10] Memory Usage: RSS = 24026.98 MB, VMS = 35556.91 MB
[UEDRS] [04:42:10] Desired size: 1000000
[UEDRS] [04:42:10] Dataset: MYANIMELIST
[UEDRS] [04:42:10] Loading
[UEDRS] [04:42:10] Loading done
[UEDRS] [04:42:10] Memory Usage: RSS = 24058.91 MB, VMS = 35628.91 MB
[UEDRS] [00:00:00] Elapsed
[UEDRS] [04:42:10] Sampling
[UEDRS] [04:42:12] Sampling done, obtained size: 1000000
[UEDRS] [04:42:12] Memory Usage: RSS = 24059.89 MB, VMS = 35629.91 MB
[UEDRS] [00:00:02] Elapsed
[UEDRS] [04:42:12] Checking [RECBOLE][BPR][MYANIMELIST][1m]
[UEDRS] [04:42:12] Skipping (0.00048)
[UEDRS] [04:42:12] Memory Usage: RSS = 24059.89 MB, VMS = 35629.91 MB
[UEDRS] [04:42:12] Releasing dataframe from memory
[UEDRS] [04:42:12] Memory Usage: RSS = 24058.91 MB, VMS = 35628.91 MB
[UEDRS] [04:42:12] Dataset: IPINYOU
[UEDRS] [04:42:12] Loading
[UEDRS] [04:42:12] Loading done
[UEDRS] [04:42:12] Memory Usage: RSS = 23854.94 MB, VMS = 35628.92 MB
[UEDRS] [00:00:00] Elapsed
[UEDRS] [04:42:12] Sampling
[UEDRS] [04:51:25] Sampling done, obtained size: 1000000
[UEDRS] [04:51:25] Memory Usage: RSS = 23868.93 MB, VMS = 35630.92 MB
[UEDRS] [00:09:12] Elapsed
[UEDRS] [04:51:25] Checking [RECBOLE][BPR][IPINYOU][1m]
[UEDRS] [04:51:25] Skipping (0.035)
[UEDRS] [04:51:25] Memory Usage: RSS = 23868.93 MB, VMS = 35630.92 MB
[UEDRS] [04:51:25] Releasing dataframe from memory
[UEDRS] [04:51:25] Memory Usage: RSS = 23866.93 MB, VMS = 35628.92 MB
[UEDRS] [04:51:25] Dataset: TMALL
[UEDRS] [04:51:25] Loading
[UEDRS] [04:51:25] Loading done
[UEDRS] [04:51:25] Memory Usage: RSS = 19337.11 MB, VMS = 31316.92 MB
[UEDRS] [00:00:00] Elapsed
[UEDRS] [04:51:25] Sampling
[UEDRS] [04:51:46] Sampling done, obtained size: 1000000
[UEDRS] [04:51:46] Memory Usage: RSS = 19339.10 MB, VMS = 31318.92 MB
[UEDRS] [00:00:21] Elapsed
[UEDRS] [04:51:46] Checking [RECBOLE][BPR][TMALL][1m]
[UEDRS] [04:51:46] Skipping (5e-06)
[UEDRS] [04:51:46] Memory Usage: RSS = 19339.10 MB, VMS = 31318.92 MB
[UEDRS] [04:51:46] Releasing dataframe from memory
[UEDRS] [04:51:46] Memory Usage: RSS = 19337.11 MB, VMS = 31316.92 MB
[UEDRS] [04:51:46] Dataset: MOVIELENS
[UEDRS] [04:51:46] Loading
[UEDRS] [04:51:46] Loading done
[UEDRS] [04:51:46] Memory Usage: RSS = 19331.79 MB, VMS = 31316.92 MB
[UEDRS] [00:00:00] Elapsed
[UEDRS] [04:51:46] Sampling
[UEDRS] [04:51:54] Sampling done, obtained size: 1000000
[UEDRS] [04:51:54] Memory Usage: RSS = 19332.78 MB, VMS = 31317.92 MB
[UEDRS] [00:00:07] Elapsed
[UEDRS] [04:51:54] Checking [RECBOLE][BPR][MOVIELENS][1m]
[UEDRS] [04:51:54] Skipping (0.00014)
[UEDRS] [04:51:54] Memory Usage: RSS = 19332.78 MB, VMS = 31317.92 MB
[UEDRS] [04:51:54] Releasing dataframe from memory
[UEDRS] [04:51:54] Memory Usage: RSS = 19331.79 MB, VMS = 31316.92 MB
[UEDRS] [04:51:54] Dataset: MUSIC4ALL
[UEDRS] [04:51:54] Loading
[UEDRS] [04:51:57] Loading done
[UEDRS] [04:51:57] Memory Usage: RSS = 19244.18 MB, VMS = 31701.52 MB
[UEDRS] [00:00:02] Elapsed
[UEDRS] [04:51:57] Sampling
[UEDRS] [04:52:04] Sampling done, obtained size: 1000000
[UEDRS] [04:52:04] Memory Usage: RSS = 18865.03 MB, VMS = 31321.92 MB
[UEDRS] [00:00:07] Elapsed
[UEDRS] [04:52:04] Checking [RECBOLE][BPR][MUSIC4ALL][1m]
[UEDRS] [04:52:04] Skipping (9.1e-05)
[UEDRS] [04:52:04] Memory Usage: RSS = 18865.03 MB, VMS = 31321.92 MB
[UEDRS] [04:52:04] Releasing dataframe from memory
[UEDRS] [04:52:04] Memory Usage: RSS = 18861.08 MB, VMS = 31317.92 MB
[UEDRS] [04:52:04] Dataset: NETFLIX
[UEDRS] [04:52:04] Loading
[UEDRS] [04:52:05] Loading done
[UEDRS] [04:52:05] Memory Usage: RSS = 19138.59 MB, VMS = 31317.92 MB
[UEDRS] [00:00:00] Elapsed
[UEDRS] [04:52:05] Sampling
[UEDRS] [04:52:35] Sampling done, obtained size: 1000000
[UEDRS] [04:52:35] Memory Usage: RSS = 19140.08 MB, VMS = 31319.92 MB
[UEDRS] [00:00:29] Elapsed
[UEDRS] [04:52:35] Checking [RECBOLE][BPR][NETFLIX][1m]
[UEDRS] [04:52:35] Skipping (0.00024)
[UEDRS] [04:52:35] Memory Usage: RSS = 19139.08 MB, VMS = 31318.92 MB
[UEDRS] [04:52:35] Releasing dataframe from memory
[UEDRS] [04:52:35] Memory Usage: RSS = 19137.59 MB, VMS = 31316.92 MB
[UEDRS] [04:52:35] Dataset: YAHOO
[UEDRS] [04:52:35] Loading
[UEDRS] [04:52:35] Loading done
[UEDRS] [04:52:35] Memory Usage: RSS = 19265.78 MB, VMS = 31316.92 MB
[UEDRS] [00:00:00] Elapsed
[UEDRS] [04:52:35] Sampling
[UEDRS] [04:53:36] Sampling done, obtained size: 1000000
[UEDRS] [04:53:36] Memory Usage: RSS = 19267.74 MB, VMS = 31318.92 MB
[UEDRS] [00:01:01] Elapsed
[UEDRS] [04:53:36] Checking [RECBOLE][BPR][YAHOO][1m]
[UEDRS] [04:53:36] Skipping (0.00026)
[UEDRS] [04:53:36] Memory Usage: RSS = 19267.74 MB, VMS = 31318.92 MB
[UEDRS] [04:53:36] Releasing dataframe from memory
[UEDRS] [04:53:36] Memory Usage: RSS = 19265.77 MB, VMS = 31316.92 MB
[UEDRS] [04:53:36] Dataset: ALIBABA
[UEDRS] [04:53:36] Loading
[UEDRS] [04:53:37] Loading done
[UEDRS] [04:53:37] Memory Usage: RSS = 19410.18 MB, VMS = 31316.92 MB
[UEDRS] [00:00:00] Elapsed
[UEDRS] [04:53:37] Sampling
[UEDRS] [04:55:33] Sampling done, obtained size: 1000000
[UEDRS] [04:55:33] Memory Usage: RSS = 19412.14 MB, VMS = 31318.92 MB
[UEDRS] [00:01:55] Elapsed
[UEDRS] [04:55:33] Checking [RECBOLE][BPR][ALIBABA][1m]
[UEDRS] [04:55:33] Skipping (2e-05)
[UEDRS] [04:55:33] Memory Usage: RSS = 19412.14 MB, VMS = 31318.92 MB
[UEDRS] [04:55:33] Releasing dataframe from memory
[UEDRS] [04:55:33] Memory Usage: RSS = 19410.18 MB, VMS = 31316.92 MB
[UEDRS] [04:55:33] Dataset: GOODREADS
[UEDRS] [04:55:33] Loading
[UEDRS] [04:55:33] Loading done
[UEDRS] [04:55:33] Memory Usage: RSS = 19432.46 MB, VMS = 31316.92 MB
[UEDRS] [00:00:00] Elapsed
[UEDRS] [04:55:33] Sampling
[UEDRS] [04:56:11] Sampling done, obtained size: 1000000
[UEDRS] [04:56:11] Memory Usage: RSS = 19434.46 MB, VMS = 31318.92 MB
[UEDRS] [00:00:37] Elapsed
[UEDRS] [04:56:11] Checking [RECBOLE][BPR][GOODREADS][1m]
[UEDRS] [04:56:11] Skipping (1.8e-05)
[UEDRS] [04:56:11] Memory Usage: RSS = 19434.46 MB, VMS = 31318.92 MB
[UEDRS] [04:56:11] Releasing dataframe from memory
[UEDRS] [04:56:11] Memory Usage: RSS = 19432.47 MB, VMS = 31316.92 MB
[UEDRS] [04:56:11] Dataset: LASTFM
[UEDRS] [04:56:11] Loading
[UEDRS] [04:56:13] Loading done
[UEDRS] [04:56:13] Memory Usage: RSS = 23152.41 MB, VMS = 34985.44 MB
[UEDRS] [00:00:01] Elapsed
[UEDRS] [04:56:13] Sampling
[UEDRS] [04:56:35] Sampling done, obtained size: 1000000
[UEDRS] [04:56:35] Memory Usage: RSS = 21932.87 MB, VMS = 33765.92 MB
[UEDRS] [00:00:21] Elapsed
[UEDRS] [04:56:35] Checking [RECBOLE][BPR][LASTFM][1m]
[UEDRS] [04:56:35] Skipping (0)
[UEDRS] [04:56:35] Memory Usage: RSS = 21932.87 MB, VMS = 33765.92 MB
[UEDRS] [04:56:35] Releasing dataframe from memory
[UEDRS] [04:56:35] Memory Usage: RSS = 21931.89 MB, VMS = 33764.92 MB
[UEDRS] [04:56:35] Dataset: AMAZON
[UEDRS] [04:56:35] Loading
[UEDRS] [04:56:37] Loading done
[UEDRS] [04:56:37] Memory Usage: RSS = 24036.80 MB, VMS = 35628.92 MB
[UEDRS] [00:00:02] Elapsed
[UEDRS] [04:56:37] Sampling
[UEDRS] [05:25:20] Sampling done, obtained size: 1000000
[UEDRS] [05:25:20] Memory Usage: RSS = 24038.89 MB, VMS = 35631.05 MB
[UEDRS] [00:28:42] Elapsed
[UEDRS] [05:25:20] Checking [RECBOLE][BPR][AMAZON][1m]
[UEDRS] [05:25:20] Skipping (1.4e-05)
[UEDRS] [05:25:20] Memory Usage: RSS = 24038.89 MB, VMS = 35631.05 MB
[UEDRS] [05:25:20] Releasing dataframe from memory
[UEDRS] [05:25:20] Memory Usage: RSS = 24036.93 MB, VMS = 35629.05 MB
[UEDRS] [05:25:20] Desired size: 25000000
[UEDRS] [05:25:20] Dataset: MYANIMELIST
[UEDRS] [05:25:20] Loading
[UEDRS] [05:25:20] Loading done
[UEDRS] [05:25:20] Memory Usage: RSS = 24050.16 MB, VMS = 35629.05 MB
[UEDRS] [00:00:00] Elapsed
[UEDRS] [05:25:20] Sampling
[UEDRS] [05:25:20] Sampling done, obtained size: 7813730
[UEDRS] [05:25:20] Memory Usage: RSS = 24050.16 MB, VMS = 35629.05 MB
[UEDRS] [00:00:00] Elapsed
[UEDRS] [05:25:20] Checking [RECBOLE][BPR][MYANIMELIST][8m]
[UEDRS] [05:25:20] Skipping (0.0011)
[UEDRS] [05:25:20] Memory Usage: RSS = 24050.16 MB, VMS = 35629.05 MB
[UEDRS] [05:25:20] Releasing dataframe from memory
[UEDRS] [05:25:20] Memory Usage: RSS = 24050.16 MB, VMS = 35629.05 MB
[UEDRS] [05:25:20] Dataset: IPINYOU
[UEDRS] [05:25:20] Loading
[UEDRS] [05:25:20] Loading done
[UEDRS] [05:25:20] Memory Usage: RSS = 19526.38 MB, VMS = 31317.05 MB
[UEDRS] [00:00:00] Elapsed
[UEDRS] [05:25:20] Sampling
[UEDRS] [05:25:20] Sampling done, obtained size: 22269879
[UEDRS] [05:25:20] Memory Usage: RSS = 19526.38 MB, VMS = 31317.05 MB
[UEDRS] [00:00:00] Elapsed
[UEDRS] [05:25:20] Checking [RECBOLE][BPR][IPINYOU][22m]
[UEDRS] [05:25:20] Skipping (0.028)
[UEDRS] [05:25:20] Memory Usage: RSS = 19526.38 MB, VMS = 31317.05 MB
[UEDRS] [05:25:20] Releasing dataframe from memory
[UEDRS] [05:25:20] Memory Usage: RSS = 19526.38 MB, VMS = 31317.05 MB
[UEDRS] [05:25:20] Dataset: TMALL
[UEDRS] [05:25:20] Loading
[UEDRS] [05:25:20] Loading done
[UEDRS] [05:25:20] Memory Usage: RSS = 19385.54 MB, VMS = 31317.05 MB
[UEDRS] [00:00:00] Elapsed
[UEDRS] [05:25:20] Sampling
[UEDRS] [05:25:21] Sampling done, obtained size: 24363557
[UEDRS] [05:25:21] Memory Usage: RSS = 19385.54 MB, VMS = 31317.05 MB
[UEDRS] [00:00:00] Elapsed
[UEDRS] [05:25:21] Checking [RECBOLE][BPR][TMALL][24m]
[UEDRS] [05:25:21] Skipping (3.1e-06)
[UEDRS] [05:25:21] Memory Usage: RSS = 19385.54 MB, VMS = 31317.05 MB
[UEDRS] [05:25:21] Releasing dataframe from memory
[UEDRS] [05:25:21] Memory Usage: RSS = 19385.54 MB, VMS = 31317.05 MB
[UEDRS] [05:25:21] Dataset: MOVIELENS
[UEDRS] [05:25:21] Loading
[UEDRS] [05:25:21] Loading done
[UEDRS] [05:25:21] Memory Usage: RSS = 19326.21 MB, VMS = 31317.05 MB
[UEDRS] [00:00:00] Elapsed
[UEDRS] [05:25:21] Sampling
[UEDRS] [05:25:32] Sampling done, obtained size: 25000000
[UEDRS] [05:25:32] Memory Usage: RSS = 19327.22 MB, VMS = 31318.05 MB
[UEDRS] [00:00:11] Elapsed
[UEDRS] [05:25:32] Checking [RECBOLE][BPR][MOVIELENS][25m]
[UEDRS] [05:25:32] Skipping (0.00018)
[UEDRS] [05:25:32] Memory Usage: RSS = 19327.22 MB, VMS = 31318.05 MB
[UEDRS] [05:25:32] Releasing dataframe from memory
[UEDRS] [05:25:32] Memory Usage: RSS = 19326.23 MB, VMS = 31317.05 MB
[UEDRS] [05:25:32] Dataset: MUSIC4ALL
[UEDRS] [05:25:32] Loading
[UEDRS] [05:25:35] Loading done
[UEDRS] [05:25:35] Memory Usage: RSS = 19271.86 MB, VMS = 31701.64 MB
[UEDRS] [00:00:02] Elapsed
[UEDRS] [05:25:35] Sampling
[UEDRS] [05:25:51] Sampling done, obtained size: 25000000
[UEDRS] [05:25:51] Memory Usage: RSS = 18892.71 MB, VMS = 31322.05 MB
[UEDRS] [00:00:16] Elapsed
[UEDRS] [05:25:51] Checking [RECBOLE][BPR][MUSIC4ALL][25m]
[UEDRS] [05:25:51] Skipping (0.0004)
[UEDRS] [05:25:51] Memory Usage: RSS = 18892.71 MB, VMS = 31322.05 MB
[UEDRS] [05:25:51] Releasing dataframe from memory
[UEDRS] [05:25:52] Memory Usage: RSS = 18887.77 MB, VMS = 31317.05 MB
[UEDRS] [05:25:52] Dataset: NETFLIX
[UEDRS] [05:25:52] Loading
[UEDRS] [05:25:52] Loading done
[UEDRS] [05:25:52] Memory Usage: RSS = 19127.75 MB, VMS = 31317.05 MB
[UEDRS] [00:00:00] Elapsed
[UEDRS] [05:25:52] Sampling
[UEDRS] [05:26:26] Sampling done, obtained size: 25000000
[UEDRS] [05:26:26] Memory Usage: RSS = 19129.24 MB, VMS = 31319.05 MB
[UEDRS] [00:00:34] Elapsed
[UEDRS] [05:26:26] Checking [RECBOLE][BPR][NETFLIX][25m]
[UEDRS] [05:26:26] Skipping (0.00046)
[UEDRS] [05:26:26] Memory Usage: RSS = 19129.24 MB, VMS = 31319.05 MB
[UEDRS] [05:26:26] Releasing dataframe from memory
[UEDRS] [05:26:26] Memory Usage: RSS = 19127.75 MB, VMS = 31317.05 MB
[UEDRS] [05:26:26] Dataset: YAHOO
[UEDRS] [05:26:26] Loading
[UEDRS] [05:26:27] Loading done
[UEDRS] [05:26:27] Memory Usage: RSS = 19333.31 MB, VMS = 31317.05 MB
[UEDRS] [00:00:00] Elapsed
[UEDRS] [05:26:27] Sampling
[UEDRS] [05:27:32] Sampling done, obtained size: 25000000
[UEDRS] [05:27:32] Memory Usage: RSS = 19335.27 MB, VMS = 31319.05 MB
[UEDRS] [00:01:04] Elapsed
[UEDRS] [05:27:32] Checking [RECBOLE][BPR][YAHOO][25m]
[UEDRS] [05:27:32] Skipping (0.00011)
[UEDRS] [05:27:32] Memory Usage: RSS = 19335.27 MB, VMS = 31319.05 MB
[UEDRS] [05:27:32] Releasing dataframe from memory
[UEDRS] [05:27:32] Memory Usage: RSS = 19333.30 MB, VMS = 31317.05 MB
[UEDRS] [05:27:32] Dataset: ALIBABA
[UEDRS] [05:27:32] Loading
[UEDRS] [05:27:33] Loading done
[UEDRS] [05:27:33] Memory Usage: RSS = 19428.27 MB, VMS = 31317.05 MB
[UEDRS] [00:00:00] Elapsed
[UEDRS] [05:27:33] Sampling
[UEDRS] [05:29:32] Sampling done, obtained size: 25000000
[UEDRS] [05:29:32] Memory Usage: RSS = 19430.23 MB, VMS = 31319.05 MB
[UEDRS] [00:01:59] Elapsed
[UEDRS] [05:29:32] Checking [RECBOLE][BPR][ALIBABA][25m]
[UEDRS] [05:29:32] Skipping (1.7e-06)
[UEDRS] [05:29:32] Memory Usage: RSS = 19430.23 MB, VMS = 31319.05 MB
[UEDRS] [05:29:32] Releasing dataframe from memory
[UEDRS] [05:29:32] Memory Usage: RSS = 19428.27 MB, VMS = 31317.05 MB
[UEDRS] [05:29:32] Dataset: GOODREADS
[UEDRS] [05:29:32] Loading
[UEDRS] [05:29:33] Loading done
[UEDRS] [05:29:33] Memory Usage: RSS = 19417.55 MB, VMS = 31317.05 MB
[UEDRS] [00:00:00] Elapsed
[UEDRS] [05:29:33] Sampling
[UEDRS] [05:30:14] Sampling done, obtained size: 25000000
[UEDRS] [05:30:14] Memory Usage: RSS = 19419.55 MB, VMS = 31319.05 MB
[UEDRS] [00:00:41] Elapsed
[UEDRS] [05:30:14] Checking [RECBOLE][BPR][GOODREADS][25m]
[UEDRS] [05:30:14] Skipping (5.8e-06)
[UEDRS] [05:30:14] Memory Usage: RSS = 19419.55 MB, VMS = 31319.05 MB
[UEDRS] [05:30:14] Releasing dataframe from memory
[UEDRS] [05:30:14] Memory Usage: RSS = 19417.56 MB, VMS = 31317.05 MB
[UEDRS] [05:30:14] Dataset: LASTFM
[UEDRS] [05:30:14] Loading
[UEDRS] [05:30:16] Loading done
[UEDRS] [05:30:16] Memory Usage: RSS = 23124.18 MB, VMS = 34985.57 MB
[UEDRS] [00:00:01] Elapsed
[UEDRS] [05:30:16] Sampling
[UEDRS] [05:30:42] Sampling done, obtained size: 25000000
[UEDRS] [05:30:42] Memory Usage: RSS = 21904.63 MB, VMS = 33766.05 MB
[UEDRS] [00:00:26] Elapsed
[UEDRS] [05:30:42] Checking [RECBOLE][BPR][LASTFM][25m]
[UEDRS] [05:30:42] Skipping (5.3e-06)
[UEDRS] [05:30:42] Memory Usage: RSS = 21904.63 MB, VMS = 33766.05 MB
[UEDRS] [05:30:42] Releasing dataframe from memory
[UEDRS] [05:30:42] Memory Usage: RSS = 21903.66 MB, VMS = 33765.05 MB
[UEDRS] [05:30:42] Dataset: AMAZON
[UEDRS] [05:30:42] Loading
[UEDRS] [05:30:45] Loading done
[UEDRS] [05:30:45] Memory Usage: RSS = 23980.77 MB, VMS = 35629.05 MB
[UEDRS] [00:00:02] Elapsed
[UEDRS] [05:30:45] Sampling
[UEDRS] [05:59:37] Sampling done, obtained size: 25000000
[UEDRS] [05:59:37] Memory Usage: RSS = 24093.56 MB, VMS = 35631.05 MB
[UEDRS] [00:28:52] Elapsed
[UEDRS] [05:59:37] Checking [RECBOLE][BPR][AMAZON][25m]
[UEDRS] [05:59:37] Skipping (6.8e-07)
[UEDRS] [05:59:37] Memory Usage: RSS = 24093.56 MB, VMS = 35631.05 MB
[UEDRS] [05:59:37] Releasing dataframe from memory
[UEDRS] [05:59:37] Memory Usage: RSS = 24091.59 MB, VMS = 35629.05 MB
[UEDRS] [05:59:37] Desired size: 50000000
[UEDRS] [05:59:37] Dataset: MYANIMELIST
[UEDRS] [05:59:37] Loading
[UEDRS] [05:59:38] Loading done
[UEDRS] [05:59:38] Memory Usage: RSS = 24047.60 MB, VMS = 35629.05 MB
[UEDRS] [00:00:00] Elapsed
[UEDRS] [05:59:38] Sampling
[UEDRS] [05:59:38] Sampling done, obtained size: 7813730
[UEDRS] [05:59:38] Memory Usage: RSS = 24047.60 MB, VMS = 35629.05 MB
[UEDRS] [00:00:00] Elapsed
[UEDRS] [05:59:38] Checking [RECBOLE][BPR][MYANIMELIST][8m]
[UEDRS] [05:59:38] Skipping (0.0011)
[UEDRS] [05:59:38] Memory Usage: RSS = 24047.60 MB, VMS = 35629.05 MB
[UEDRS] [05:59:38] Releasing dataframe from memory
[UEDRS] [05:59:38] Memory Usage: RSS = 24047.60 MB, VMS = 35629.05 MB
[UEDRS] [05:59:38] Dataset: IPINYOU
[UEDRS] [05:59:38] Loading
[UEDRS] [05:59:38] Loading done
[UEDRS] [05:59:38] Memory Usage: RSS = 19657.04 MB, VMS = 31317.05 MB
[UEDRS] [00:00:00] Elapsed
[UEDRS] [05:59:38] Sampling
[UEDRS] [05:59:38] Sampling done, obtained size: 22269879
[UEDRS] [05:59:38] Memory Usage: RSS = 19657.04 MB, VMS = 31317.05 MB
[UEDRS] [00:00:00] Elapsed
[UEDRS] [05:59:38] Checking [RECBOLE][BPR][IPINYOU][22m]
[UEDRS] [05:59:38] Skipping (0.028)
[UEDRS] [05:59:38] Memory Usage: RSS = 19657.04 MB, VMS = 31317.05 MB
[UEDRS] [05:59:38] Releasing dataframe from memory
[UEDRS] [05:59:38] Memory Usage: RSS = 19658.98 MB, VMS = 31317.05 MB
[UEDRS] [05:59:38] Dataset: TMALL
[UEDRS] [05:59:38] Loading
[UEDRS] [05:59:38] Loading done
[UEDRS] [05:59:38] Memory Usage: RSS = 19584.99 MB, VMS = 31317.05 MB
[UEDRS] [00:00:00] Elapsed
[UEDRS] [05:59:38] Sampling
[UEDRS] [05:59:38] Sampling done, obtained size: 24363557
[UEDRS] [05:59:38] Memory Usage: RSS = 19584.99 MB, VMS = 31317.05 MB
[UEDRS] [00:00:00] Elapsed
[UEDRS] [05:59:38] Checking [RECBOLE][BPR][TMALL][24m]
[UEDRS] [05:59:38] Skipping (3.1e-06)
[UEDRS] [05:59:38] Memory Usage: RSS = 19584.99 MB, VMS = 31317.05 MB
[UEDRS] [05:59:38] Releasing dataframe from memory
[UEDRS] [05:59:39] Memory Usage: RSS = 19584.99 MB, VMS = 31317.05 MB
[UEDRS] [05:59:39] Dataset: MOVIELENS
[UEDRS] [05:59:39] Loading
[UEDRS] [05:59:39] Loading done
[UEDRS] [05:59:39] Memory Usage: RSS = 19489.03 MB, VMS = 31317.05 MB
[UEDRS] [00:00:00] Elapsed
[UEDRS] [05:59:39] Sampling
[UEDRS] [05:59:39] Sampling done, obtained size: 32000204
[UEDRS] [05:59:39] Memory Usage: RSS = 19489.03 MB, VMS = 31317.05 MB
[UEDRS] [00:00:00] Elapsed
[UEDRS] [05:59:39] Checking [RECBOLE][BPR][MOVIELENS][32m]
[UEDRS] [05:59:39] Skipping (0.0002)
[UEDRS] [05:59:39] Memory Usage: RSS = 19489.03 MB, VMS = 31317.05 MB
[UEDRS] [05:59:39] Releasing dataframe from memory
[UEDRS] [05:59:39] Memory Usage: RSS = 19489.03 MB, VMS = 31317.05 MB
[UEDRS] [05:59:39] Dataset: MUSIC4ALL
[UEDRS] [05:59:39] Loading
[UEDRS] [05:59:42] Loading done
[UEDRS] [05:59:42] Memory Usage: RSS = 19546.05 MB, VMS = 31701.64 MB
[UEDRS] [00:00:02] Elapsed
[UEDRS] [05:59:42] Sampling
[UEDRS] [06:00:00] Sampling done, obtained size: 50000000
[UEDRS] [06:00:00] Memory Usage: RSS = 19550.29 MB, VMS = 31703.52 MB
[UEDRS] [00:00:18] Elapsed
[UEDRS] [06:00:00] Checking [RECBOLE][BPR][MUSIC4ALL][50m]
[UEDRS] [06:00:00] Skipping (0.00078)
[UEDRS] [06:00:00] Memory Usage: RSS = 19550.29 MB, VMS = 31703.52 MB
[UEDRS] [06:00:00] Releasing dataframe from memory
[UEDRS] [06:00:00] Memory Usage: RSS = 19163.89 MB, VMS = 31317.05 MB
[UEDRS] [06:00:00] Dataset: NETFLIX
[UEDRS] [06:00:00] Loading
[UEDRS] [06:00:00] Loading done
[UEDRS] [06:00:00] Memory Usage: RSS = 19343.16 MB, VMS = 31317.05 MB
[UEDRS] [00:00:00] Elapsed
[UEDRS] [06:00:00] Sampling
[UEDRS] [06:00:38] Sampling done, obtained size: 50000000
[UEDRS] [06:00:38] Memory Usage: RSS = 19347.09 MB, VMS = 31319.05 MB
[UEDRS] [00:00:38] Elapsed
[UEDRS] [06:00:38] Checking [RECBOLE][BPR][NETFLIX][50m]
[UEDRS] [06:00:38] Skipping (0.0007)
[UEDRS] [06:00:38] Memory Usage: RSS = 19347.09 MB, VMS = 31319.05 MB
[UEDRS] [06:00:38] Releasing dataframe from memory
[UEDRS] [06:00:39] Memory Usage: RSS = 19345.60 MB, VMS = 31317.05 MB
[UEDRS] [06:00:39] Dataset: YAHOO
[UEDRS] [06:00:39] Loading
[UEDRS] [06:00:39] Loading done
[UEDRS] [06:00:39] Memory Usage: RSS = 19465.44 MB, VMS = 31317.05 MB
[UEDRS] [00:00:00] Elapsed
[UEDRS] [06:00:39] Sampling
[UEDRS] [06:01:47] Sampling done, obtained size: 50000000
[UEDRS] [06:01:47] Memory Usage: RSS = 19474.78 MB, VMS = 31319.05 MB
[UEDRS] [00:01:07] Elapsed
[UEDRS] [06:01:47] Checking [RECBOLE][BPR][YAHOO][50m]
[UEDRS] [06:01:47] Skipping (8e-05)
[UEDRS] [06:01:47] Memory Usage: RSS = 19474.78 MB, VMS = 31319.05 MB
[UEDRS] [06:01:47] Releasing dataframe from memory
[UEDRS] [06:01:47] Memory Usage: RSS = 19472.80 MB, VMS = 31317.05 MB
[UEDRS] [06:01:47] Dataset: ALIBABA
[UEDRS] [06:01:47] Loading
[UEDRS] [06:01:47] Loading done
[UEDRS] [06:01:47] Memory Usage: RSS = 19609.98 MB, VMS = 31317.05 MB
[UEDRS] [00:00:00] Elapsed
[UEDRS] [06:01:47] Sampling
[UEDRS] [06:03:50] Sampling done, obtained size: 50000000
[UEDRS] [06:03:50] Memory Usage: RSS = 19611.95 MB, VMS = 31319.05 MB
[UEDRS] [00:02:02] Elapsed
[UEDRS] [06:03:50] Checking [RECBOLE][BPR][ALIBABA][50m]
[UEDRS] [06:03:50] Skipping (1.7e-06)
[UEDRS] [06:03:50] Memory Usage: RSS = 19611.95 MB, VMS = 31319.05 MB
[UEDRS] [06:03:50] Releasing dataframe from memory
[UEDRS] [06:03:50] Memory Usage: RSS = 19609.98 MB, VMS = 31317.05 MB
[UEDRS] [06:03:50] Dataset: GOODREADS
[UEDRS] [06:03:50] Loading
[UEDRS] [06:03:50] Loading done
[UEDRS] [06:03:50] Memory Usage: RSS = 19639.15 MB, VMS = 31317.05 MB
[UEDRS] [00:00:00] Elapsed
[UEDRS] [06:03:50] Sampling
[UEDRS] [06:04:35] Sampling done, obtained size: 50000000
[UEDRS] [06:04:35] Memory Usage: RSS = 19641.15 MB, VMS = 31319.05 MB
[UEDRS] [00:00:44] Elapsed
[UEDRS] [06:04:35] Checking [RECBOLE][BPR][GOODREADS][50m]
[UEDRS] [06:04:35] Starting
[UEDRS] [07:00:37] Finished (3.7e-06)
[UEDRS] [07:00:37] Memory Usage: RSS = 28647.88 MB, VMS = 51597.44 MB
[UEDRS] [00:56:01] Elapsed

[UEDRS] [07:00:37] Memory Usage: RSS = 28647.88 MB, VMS = 51597.44 MB
[UEDRS] [07:00:37] Releasing dataframe from memory
[UEDRS] [07:00:54] Memory Usage: RSS = 23956.30 MB, VMS = 46901.57 MB
[UEDRS] [07:00:54] Dataset: LASTFM
[UEDRS] [07:00:54] Loading
[UEDRS] [07:00:56] Loading done
[UEDRS] [07:00:56] Memory Usage: RSS = 27646.56 MB, VMS = 50570.09 MB
[UEDRS] [00:00:01] Elapsed
[UEDRS] [07:00:56] Sampling
[UEDRS] [07:01:25] Sampling done, obtained size: 50000000
[UEDRS] [07:01:25] Memory Usage: RSS = 26427.05 MB, VMS = 49349.57 MB
[UEDRS] [00:00:29] Elapsed
[UEDRS] [07:01:25] Checking [RECBOLE][BPR][LASTFM][50m]
[UEDRS] [07:01:25] Starting
[UEDRS] [07:26:52] Finished (3.3e-06)
[UEDRS] [07:26:52] Memory Usage: RSS = 36334.20 MB, VMS = 63067.59 MB
[UEDRS] [00:25:26] Elapsed

[UEDRS] [07:26:52] Memory Usage: RSS = 36334.20 MB, VMS = 63067.59 MB
[UEDRS] [07:26:52] Releasing dataframe from memory
[UEDRS] [07:27:04] Memory Usage: RSS = 26461.35 MB, VMS = 53177.59 MB
[UEDRS] [07:27:04] Dataset: AMAZON
[UEDRS] [07:27:04] Loading
[UEDRS] [07:27:07] Loading done
[UEDRS] [07:27:07] Memory Usage: RSS = 28366.10 MB, VMS = 55041.59 MB
[UEDRS] [00:00:02] Elapsed
[UEDRS] [07:27:07] Sampling
[UEDRS] [07:56:27] Sampling done, obtained size: 50000000
[UEDRS] [07:56:27] Memory Usage: RSS = 28231.93 MB, VMS = 55042.59 MB
[UEDRS] [00:29:19] Elapsed
[UEDRS] [07:56:27] Checking [RECBOLE][BPR][AMAZON][50m]
[UEDRS] [07:56:27] Starting
