Traceback (most recent call last):
  File "<frozen runpy>", line 198, in _run_module_as_main
  File "<frozen runpy>", line 88, in _run_code
  File "/mnt/source/run.py", line 140, in <module>
    main()
  File "/mnt/source/run.py", line 95, in main
    result = safe_run(lambda: use_lenskit(dataframe, dataset, scorer))
             ^^^^^^^^^^^^^^^^^^^^^^^^^^^^^^^^^^^^^^^^^^^^^^^^^^^^^^^^^
  File "/mnt/source/utilities.py", line 90, in safe_run
    raise exception
  File "/mnt/source/utilities.py", line 82, in safe_run
    return function()
           ^^^^^^^^^^
  File "/mnt/source/run.py", line 95, in <lambda>
    result = safe_run(lambda: use_lenskit(dataframe, dataset, scorer))
                              ^^^^^^^^^^^^^^^^^^^^^^^^^^^^^^^^^^^^^^^
  File "/mnt/source/use_lenskit.py", line 32, in use_lenskit
    data = from_interactions_df(
           ^^^^^^^^^^^^^^^^^^^^^
  File "/home/g064474/.local/lib/python3.11/site-packages/lenskit/data/adapt.py", line 164, in from_interactions_df
    dsb.add_interactions(
  File "/home/g064474/.local/lib/python3.11/site-packages/lenskit/data/builder.py", line 495, in add_interactions
    self.add_relationships(
  File "/home/g064474/.local/lib/python3.11/site-packages/lenskit/data/builder.py", line 405, in add_relationships
    assert missing == "filter"
           ^^^^^^^^^^^^^^^^^^^
AssertionError
