[UEDRS] [00:00:28] Mode: ABSOLUTE STRATIFIED_USER
[UEDRS] [00:00:28] Tag:  RECBOLE:ITEM_KNN
[UEDRS] [00:00:28] Tool: RECBOLE
[UEDRS] [00:00:28] Algorithm: ITEM_KNN
[UEDRS] [00:00:28] Datasets: MOVIELENS, MUSIC4ALL, NETFLIX, YAHOO, LASTFM
[UEDRS] [00:00:28] Sizes: [25000000, 50000000, 75000000, 100000000]

[UEDRS] [00:00:28] Desired size: 25000000
[UEDRS] [00:00:28] Dataset: MOVIELENS
[UEDRS] [00:00:28] Loading
[UEDRS] [00:00:30] Loading done
[UEDRS] [00:00:30] Memory Usage: RSS = 2083.47 MB, VMS = 13835.89 MB
[UEDRS] [00:00:01] Elapsed
[UEDRS] [00:00:30] Sampling
[UEDRS] [00:00:41] Sampling done, obtained size: 25000000
[UEDRS] [00:00:41] Memory Usage: RSS = 2455.93 MB, VMS = 14207.50 MB
[UEDRS] [00:00:11] Elapsed
[UEDRS] [00:00:41] Checking [RECBOLE][ITEM_KNN][MOVIELENS][25m]
[UEDRS] [00:00:41] Skipping (0.14)
[UEDRS] [00:00:41] Memory Usage: RSS = 2455.93 MB, VMS = 14207.50 MB
[UEDRS] [00:00:41] Releasing dataframe from memory
[UEDRS] [00:00:41] Memory Usage: RSS = 2074.45 MB, VMS = 13826.03 MB
[UEDRS] [00:00:41] Dataset: MUSIC4ALL
[UEDRS] [00:00:41] Loading
[UEDRS] [00:00:46] Loading done
[UEDRS] [00:00:46] Memory Usage: RSS = 4082.82 MB, VMS = 16683.21 MB
[UEDRS] [00:00:04] Elapsed
[UEDRS] [00:00:46] Sampling
[UEDRS] [00:00:59] Sampling done, obtained size: 25000000
[UEDRS] [00:00:59] Memory Usage: RSS = 3723.32 MB, VMS = 16323.27 MB
[UEDRS] [00:00:13] Elapsed
[UEDRS] [00:00:59] Checking [RECBOLE][ITEM_KNN][MUSIC4ALL][25m]
[UEDRS] [00:00:59] Skipping (0.077)
[UEDRS] [00:00:59] Memory Usage: RSS = 3723.32 MB, VMS = 16323.27 MB
[UEDRS] [00:00:59] Releasing dataframe from memory
[UEDRS] [00:00:59] Memory Usage: RSS = 3338.89 MB, VMS = 15938.79 MB
[UEDRS] [00:00:59] Dataset: NETFLIX
[UEDRS] [00:00:59] Loading
[UEDRS] [00:01:00] Loading done
[UEDRS] [00:01:00] Memory Usage: RSS = 4497.89 MB, VMS = 19913.40 MB
[UEDRS] [00:00:00] Elapsed
[UEDRS] [00:01:00] Sampling
[UEDRS] [00:01:35] Sampling done, obtained size: 25000000
[UEDRS] [00:01:35] Memory Usage: RSS = 3945.78 MB, VMS = 19361.57 MB
[UEDRS] [00:00:34] Elapsed
[UEDRS] [00:01:35] Checking [RECBOLE][ITEM_KNN][NETFLIX][25m]
[UEDRS] [00:01:35] Skipping (0.034)
[UEDRS] [00:01:35] Memory Usage: RSS = 3945.78 MB, VMS = 19361.57 MB
[UEDRS] [00:01:35] Releasing dataframe from memory
[UEDRS] [00:01:35] Memory Usage: RSS = 3755.04 MB, VMS = 19170.83 MB
[UEDRS] [00:01:35] Dataset: YAHOO
[UEDRS] [00:01:35] Loading
[UEDRS] [00:01:38] Loading done
[UEDRS] [00:01:38] Memory Usage: RSS = 4287.88 MB, VMS = 20534.83 MB
[UEDRS] [00:00:03] Elapsed
[UEDRS] [00:01:38] Sampling
[UEDRS] [00:02:42] Sampling done, obtained size: 25000000
[UEDRS] [00:02:42] Memory Usage: RSS = 4654.73 MB, VMS = 20902.87 MB
[UEDRS] [00:01:04] Elapsed
[UEDRS] [00:02:42] Checking [RECBOLE][ITEM_KNN][YAHOO][25m]
[UEDRS] [00:02:42] Skipping (0.063)
[UEDRS] [00:02:42] Memory Usage: RSS = 4654.73 MB, VMS = 20902.87 MB
[UEDRS] [00:02:42] Releasing dataframe from memory
[UEDRS] [00:02:42] Memory Usage: RSS = 4463.01 MB, VMS = 20711.13 MB
[UEDRS] [00:02:42] Dataset: LASTFM
[UEDRS] [00:02:42] Loading
[UEDRS] [00:02:58] Loading done
[UEDRS] [00:02:58] Memory Usage: RSS = 10264.49 MB, VMS = 24333.01 MB
[UEDRS] [00:00:15] Elapsed
[UEDRS] [00:02:58] Sampling
[UEDRS] [00:03:21] Sampling done, obtained size: 25000000
[UEDRS] [00:03:21] Memory Usage: RSS = 10550.60 MB, VMS = 24619.12 MB
[UEDRS] [00:00:23] Elapsed
[UEDRS] [00:03:21] Checking [RECBOLE][ITEM_KNN][LASTFM][25m]
[UEDRS] [00:03:21] Starting
